<?xml version="1.0" encoding="UTF-8"?>
<TestRun id="a301ac75-4ccc-4d8a-be2a-99dc3b8da29b" name="gblock@GBLOCK-3-17 2011-04-14 00:54:05" runUser="REDMOND\gblock" xmlns="http://microsoft.com/schemas/VisualStudio/TeamTest/2010">
  <TestSettings name="Local" id="aa463f0c-5cc1-4186-80f2-433e2d2f26ea">
    <Description>These are default test settings for a local test run.</Description>
    <Deployment enabled="false" runDeploymentRoot="gblock_GBLOCK-3-17 2011-04-14 00_54_05" />
    <Execution>
      <TestTypeSpecific />
      <AgentRule name="Execution Agents">
      </AgentRule>
    </Execution>
  </TestSettings>
  <Times creation="2011-04-14T00:54:05.2831300-07:00" queuing="2011-04-14T00:54:17.7683784-07:00" start="2011-04-14T00:54:17.9934009-07:00" finish="2011-04-14T00:56:04.6510656-07:00" />
  <ResultSummary outcome="Failed">
    <Counters total="1015" executed="1015" passed="993" error="0" failed="22" timeout="0" aborted="0" inconclusive="0" passedButRunAborted="0" notRunnable="0" notExecuted="0" disconnected="0" warning="0" completed="0" inProgress="0" pending="0" />
  </ResultSummary>
  <TestDefinitions>
    <UnitTest name="HandleCallsOnHandleOfGeneric13" storage="f:\advisorsrepo\wcfhttp\http\test\microsoft.applicationserver.http\unit\bin\release\microsoft.applicationserver.http.cit.unit.dll" id="49d36747-672f-43b4-dab6-b685da44267c">
      <Description>Handle(object[]) calls OnHandle for the generic HttpOperationHandlerOfT.</Description>
      <Execution timeOut="30000" id="069426f4-5e8d-47ae-9746-f25549ad2778" />
      <Owners>
        <Owner name="dravva" />
      </Owners>
      <TestCategory>
        <TestCategoryItem TestCategory="CIT" />
      </TestCategory>
      <TestMethod codeBase="F:/advisorsrepo/wcfhttp/Http/Test/Microsoft.ApplicationServer.Http/Unit/bin/Release/Microsoft.ApplicationServer.Http.CIT.Unit.DLL" adapterTypeName="Microsoft.VisualStudio.TestTools.TestTypes.Unit.UnitTestAdapter, Microsoft.VisualStudio.QualityTools.Tips.UnitTest.Adapter, Version=10.0.0.0, Culture=neutral, PublicKeyToken=b03f5f7f11d50a3a" className="Microsoft.ApplicationServer.Http.Dispatcher.HttpOperationHandlerOfTTests, Microsoft.ApplicationServer.Http.CIT.Unit, Version=0.0.0.0, Culture=neutral, PublicKeyToken=null" name="HandleCallsOnHandleOfGeneric13" />
    </UnitTest>
    <UnitTest name="AddQueryStringMapping1ThrowsWithNullThis" storage="f:\advisorsrepo\wcfhttp\http\test\microsoft.applicationserver.http\unit\bin\release\microsoft.applicationserver.http.cit.unit.dll" id="60cf16ea-563e-7ce1-9d88-adfcd5488f6e">
      <Description>MediaTypeFormatterExtensionMethods.AddQueryStringMapping(string, string, string) throws for null 'this'.</Description>
      <Execution timeOut="30000" id="ab6926c0-9ab6-4cf1-8c27-78fb345b530f" />
      <Owners>
        <Owner name="dravva" />
      </Owners>
      <TestCategory>
        <TestCategoryItem TestCategory="CIT" />
      </TestCategory>
      <TestMethod codeBase="F:/advisorsrepo/wcfhttp/Http/Test/Microsoft.ApplicationServer.Http/Unit/bin/Release/Microsoft.ApplicationServer.Http.CIT.Unit.DLL" adapterTypeName="Microsoft.VisualStudio.TestTools.TestTypes.Unit.UnitTestAdapter, Microsoft.VisualStudio.QualityTools.Tips.UnitTest.Adapter, Version=10.0.0.0, Culture=neutral, PublicKeyToken=b03f5f7f11d50a3a" className="Microsoft.ApplicationServer.Http.MediaTypeFormatterExtensionMethodsTests, Microsoft.ApplicationServer.Http.CIT.Unit, Version=0.0.0.0, Culture=neutral, PublicKeyToken=null" name="AddQueryStringMapping1ThrowsWithNullThis" />
    </UnitTest>
    <UnitTest name="Reply_Ignores_HttpResponseMessageProperty_When_Response_Is_Not_HttpMessage" storage="f:\advisorsrepo\wcfhttp\http\test\microsoft.applicationserver.http\unit\bin\release\microsoft.applicationserver.http.cit.unit.dll" id="aceaf437-c8f3-0752-e3f9-ed7b57b59ea2">
      <Description>HttpMessageEncodingRequestContext.Reply ignores the HttpResponseMessageProperty and always returns status code 500 when the response is not an HttpMessage.</Description>
      <Execution timeOut="30000" id="428363d5-e0dd-42ef-881a-ca7226a1ad37" />
      <Owners>
        <Owner name="derik" />
      </Owners>
      <TestCategory>
        <TestCategoryItem TestCategory="CIT" />
      </TestCategory>
      <TestMethod codeBase="F:/advisorsrepo/wcfhttp/Http/Test/Microsoft.ApplicationServer.Http/Unit/bin/Release/Microsoft.ApplicationServer.Http.CIT.Unit.DLL" adapterTypeName="Microsoft.VisualStudio.TestTools.TestTypes.Unit.UnitTestAdapter, Microsoft.VisualStudio.QualityTools.Tips.UnitTest.Adapter, Version=10.0.0.0, Culture=neutral, PublicKeyToken=b03f5f7f11d50a3a" className="Microsoft.ApplicationServer.Http.Channels.HttpMessageEncodingRequestContextTests, Microsoft.ApplicationServer.Http.CIT.Unit, Version=0.0.0.0, Culture=neutral, PublicKeyToken=null" name="Reply_Ignores_HttpResponseMessageProperty_When_Response_Is_Not_HttpMessage" />
    </UnitTest>
    <UnitTest name="Close_Calls_The_Inner_Listener_With_Timeout" storage="f:\advisorsrepo\wcfhttp\http\test\microsoft.applicationserver.http\unit\bin\release\microsoft.applicationserver.http.cit.unit.dll" id="fe68425e-350e-1696-1f06-2e0234d04a07">
      <Description>HttpMessageEncodingChannelListener.Close calls Close on the inner listener with the given timeout value.</Description>
      <Execution timeOut="30000" id="22ead9ff-b0b6-481a-9cfc-01071fd25594" />
      <Owners>
        <Owner name="derik" />
      </Owners>
      <TestCategory>
        <TestCategoryItem TestCategory="CIT" />
      </TestCategory>
      <TestMethod codeBase="F:/advisorsrepo/wcfhttp/Http/Test/Microsoft.ApplicationServer.Http/Unit/bin/Release/Microsoft.ApplicationServer.Http.CIT.Unit.DLL" adapterTypeName="Microsoft.VisualStudio.TestTools.TestTypes.Unit.UnitTestAdapter, Microsoft.VisualStudio.QualityTools.Tips.UnitTest.Adapter, Version=10.0.0.0, Culture=neutral, PublicKeyToken=b03f5f7f11d50a3a" className="Microsoft.ApplicationServer.Http.Channels.HttpMessageEncodingChannelListenerTests, Microsoft.ApplicationServer.Http.CIT.Unit, Version=0.0.0.0, Culture=neutral, PublicKeyToken=null" name="Close_Calls_The_Inner_Listener_With_Timeout" />
    </UnitTest>
    <UnitTest name="Constructor" storage="f:\advisorsrepo\wcfhttp\http\test\microsoft.applicationserver.http\unit\bin\release\microsoft.applicationserver.http.cit.unit.dll" id="6d2f50d7-d5f2-6a96-007e-e45d1bd5507f">
      <Description>OperationHandlerFormatter() initializes using empty pipeline.</Description>
      <Execution timeOut="30000" id="725ad009-ccae-447c-9ffe-35576dabe642" />
      <Owners>
        <Owner name="dravva" />
      </Owners>
      <TestCategory>
        <TestCategoryItem TestCategory="CIT" />
      </TestCategory>
      <TestMethod codeBase="F:/advisorsrepo/wcfhttp/Http/Test/Microsoft.ApplicationServer.Http/Unit/bin/Release/Microsoft.ApplicationServer.Http.CIT.Unit.DLL" adapterTypeName="Microsoft.VisualStudio.TestTools.TestTypes.Unit.UnitTestAdapter, Microsoft.VisualStudio.QualityTools.Tips.UnitTest.Adapter, Version=10.0.0.0, Culture=neutral, PublicKeyToken=b03f5f7f11d50a3a" className="Microsoft.ApplicationServer.Http.Dispatcher.OperationHandlerFormatterTests, Microsoft.ApplicationServer.Http.CIT.Unit, Version=0.0.0.0, Culture=neutral, PublicKeyToken=null" name="Constructor" />
    </UnitTest>
    <UnitTest name="RequestMessage_Uri_Determined_By_To_Header" storage="f:\advisorsrepo\wcfhttp\http\test\microsoft.applicationserver.http\unit\bin\release\microsoft.applicationserver.http.cit.unit.dll" id="2e748961-ed6b-931f-fd83-ddd29e7c0ef5">
      <Description>HttpMessageEncodingRequestContext.RequestMessage returns an HttpMessage with the Uri determined by the 'To' header of the inner RequestContext's request message.</Description>
      <Execution timeOut="30000" id="eba4d60c-2c92-4295-bb30-40d406835c2d" />
      <Owners>
        <Owner name="derik" />
      </Owners>
      <TestCategory>
        <TestCategoryItem TestCategory="CIT" />
      </TestCategory>
      <TestMethod codeBase="F:/advisorsrepo/wcfhttp/Http/Test/Microsoft.ApplicationServer.Http/Unit/bin/Release/Microsoft.ApplicationServer.Http.CIT.Unit.DLL" adapterTypeName="Microsoft.VisualStudio.TestTools.TestTypes.Unit.UnitTestAdapter, Microsoft.VisualStudio.QualityTools.Tips.UnitTest.Adapter, Version=10.0.0.0, Culture=neutral, PublicKeyToken=b03f5f7f11d50a3a" className="Microsoft.ApplicationServer.Http.Channels.HttpMessageEncodingRequestContextTests, Microsoft.ApplicationServer.Http.CIT.Unit, Version=0.0.0.0, Culture=neutral, PublicKeyToken=null" name="RequestMessage_Uri_Determined_By_To_Header" />
    </UnitTest>
    <UnitTest name="TypeIsCorrect" storage="f:\advisorsrepo\wcfhttp\http\test\microsoft.applicationserver.http\unit\bin\release\microsoft.applicationserver.http.cit.unit.dll" id="6da08855-b87c-d6c7-7f6b-f2fa06ffed09">
      <Description>JsonMediaTypeFormatter is public, concrete, and unsealed.</Description>
      <Execution timeOut="30000" id="3a5951d0-a9ec-4ecd-8078-2433cd90bc87" />
      <Owners>
        <Owner name="dravva" />
      </Owners>
      <TestCategory>
        <TestCategoryItem TestCategory="CIT" />
      </TestCategory>
      <TestMethod codeBase="F:/advisorsrepo/wcfhttp/Http/Test/Microsoft.ApplicationServer.Http/Unit/bin/Release/Microsoft.ApplicationServer.Http.CIT.Unit.DLL" adapterTypeName="Microsoft.VisualStudio.TestTools.TestTypes.Unit.UnitTestAdapter, Microsoft.VisualStudio.QualityTools.Tips.UnitTest.Adapter, Version=10.0.0.0, Culture=neutral, PublicKeyToken=b03f5f7f11d50a3a" className="Microsoft.ApplicationServer.Http.JsonMediaTypeFormatterTests, Microsoft.ApplicationServer.Http.CIT.Unit, Version=0.0.0.0, Culture=neutral, PublicKeyToken=null" name="TypeIsCorrect" />
    </UnitTest>
    <UnitTest name="OutputParametersClonesParametersFromOnGetInputParameters" storage="f:\advisorsrepo\wcfhttp\http\test\microsoft.applicationserver.http\unit\bin\release\microsoft.applicationserver.http.cit.unit.dll" id="1e1cc752-6293-8fc1-6803-c2c0e6376e2a">
      <Description>OutputParameters clones the parameters given by OnGetOutputParameters.</Description>
      <Execution timeOut="30000" id="5752f7d5-1489-4a9d-a052-17d9c2f1d87b" />
      <Owners>
        <Owner name="vinelap" />
      </Owners>
      <TestCategory>
        <TestCategoryItem TestCategory="CIT" />
      </TestCategory>
      <TestMethod codeBase="F:/advisorsrepo/wcfhttp/Http/Test/Microsoft.ApplicationServer.Http/Unit/bin/Release/Microsoft.ApplicationServer.Http.CIT.Unit.DLL" adapterTypeName="Microsoft.VisualStudio.TestTools.TestTypes.Unit.UnitTestAdapter, Microsoft.VisualStudio.QualityTools.Tips.UnitTest.Adapter, Version=10.0.0.0, Culture=neutral, PublicKeyToken=b03f5f7f11d50a3a" className="Microsoft.ApplicationServer.Http.Dispatcher.HttpOperationHandlerTests, Microsoft.ApplicationServer.Http.CIT.Unit, Version=0.0.0.0, Culture=neutral, PublicKeyToken=null" name="OutputParametersClonesParametersFromOnGetInputParameters" />
    </UnitTest>
    <UnitTest name="SupportsMediaTypeReturnsFalseWithQueryStringParameterNameNotInUri" storage="f:\advisorsrepo\wcfhttp\http\test\microsoft.applicationserver.http\unit\bin\release\microsoft.applicationserver.http.cit.unit.dll" id="9c046774-1ada-1e71-9721-aa18effee99a">
      <Description>SupportsMediaType(HttpRequestMessage) returns false when the QueryStringParameterName is not in the Uri.</Description>
      <Execution timeOut="30000" id="4cc69a48-28a6-43aa-9987-1390b7f7e992" />
      <Owners>
        <Owner name="dravva" />
      </Owners>
      <TestCategory>
        <TestCategoryItem TestCategory="CIT" />
      </TestCategory>
      <TestMethod codeBase="F:/advisorsrepo/wcfhttp/Http/Test/Microsoft.ApplicationServer.Http/Unit/bin/Release/Microsoft.ApplicationServer.Http.CIT.Unit.DLL" adapterTypeName="Microsoft.VisualStudio.TestTools.TestTypes.Unit.UnitTestAdapter, Microsoft.VisualStudio.QualityTools.Tips.UnitTest.Adapter, Version=10.0.0.0, Culture=neutral, PublicKeyToken=b03f5f7f11d50a3a" className="Microsoft.ApplicationServer.Http.QueryStringMappingTests, Microsoft.ApplicationServer.Http.CIT.Unit, Version=0.0.0.0, Culture=neutral, PublicKeyToken=null" name="SupportsMediaTypeReturnsFalseWithQueryStringParameterNameNotInUri" />
    </UnitTest>
    <UnitTest name="ReadMessage_Returns_HttpMessage_With_HttpContent_Null_Content_Type" storage="f:\advisorsrepo\wcfhttp\http\test\microsoft.applicationserver.http\unit\bin\release\microsoft.applicationserver.http.cit.unit.dll" id="b95d4fbb-c2e9-c991-03aa-0266e56659f1">
      <Description>HttpMessageEncoder.ReadMessage returns an HttpMessage with HttpContent a null content-type if the contentType parameter is null.</Description>
      <Execution timeOut="30000" id="3e3fdfb3-5ebd-423d-8bdd-67fd36e98df5" />
      <Owners>
        <Owner name="derik" />
      </Owners>
      <TestCategory>
        <TestCategoryItem TestCategory="CIT" />
      </TestCategory>
      <TestMethod codeBase="F:/advisorsrepo/wcfhttp/Http/Test/Microsoft.ApplicationServer.Http/Unit/bin/Release/Microsoft.ApplicationServer.Http.CIT.Unit.DLL" adapterTypeName="Microsoft.VisualStudio.TestTools.TestTypes.Unit.UnitTestAdapter, Microsoft.VisualStudio.QualityTools.Tips.UnitTest.Adapter, Version=10.0.0.0, Culture=neutral, PublicKeyToken=b03f5f7f11d50a3a" className="Microsoft.ApplicationServer.Http.Channels.HttpMessageEncoderTests, Microsoft.ApplicationServer.Http.CIT.Unit, Version=0.0.0.0, Culture=neutral, PublicKeyToken=null" name="ReadMessage_Returns_HttpMessage_With_HttpContent_Null_Content_Type" />
    </UnitTest>
    <UnitTest name="SubType_Returns_Just_The_Sub_Type" storage="f:\advisorsrepo\wcfhttp\http\test\microsoft.applicationserver.http\unit\bin\release\microsoft.applicationserver.http.cit.unit.dll" id="2ce0c6a5-043c-d3d5-9d55-2205f4dd8547">
      <Description>ParsedMediaTypeHeadeValue.SubType returns the media sub-type.</Description>
      <Execution timeOut="30000" id="e95568f0-765d-4d40-909f-e01166c5303d" />
      <Owners>
        <Owner name="vinelap" />
      </Owners>
      <TestCategory>
        <TestCategoryItem TestCategory="CIT" />
      </TestCategory>
      <TestMethod codeBase="F:/advisorsrepo/wcfhttp/Http/Test/Microsoft.ApplicationServer.Http/Unit/bin/Release/Microsoft.ApplicationServer.Http.CIT.Unit.DLL" adapterTypeName="Microsoft.VisualStudio.TestTools.TestTypes.Unit.UnitTestAdapter, Microsoft.VisualStudio.QualityTools.Tips.UnitTest.Adapter, Version=10.0.0.0, Culture=neutral, PublicKeyToken=b03f5f7f11d50a3a" className="Microsoft.ApplicationServer.Http.ParsedMediaTypeHeadeValueTests, Microsoft.ApplicationServer.Http.CIT.Unit, Version=0.0.0.0, Culture=neutral, PublicKeyToken=null" name="SubType_Returns_Just_The_Sub_Type" />
    </UnitTest>
    <UnitTest name="DefaultHttpMessagePluginFactory_Constructor3" storage="f:\advisorsrepo\wcfhttp\http\test\microsoft.applicationserver.http\unit\bin\release\microsoft.applicationserver.http.cit.unit.dll" id="8e5664b1-9a86-05a5-4e1a-29b91949cdd8">
      <Execution timeOut="30000" id="1103566d-27fb-4f7c-b34f-f7e8077ddff5" />
      <Owners>
        <Owner name="derik" />
      </Owners>
      <TestCategory>
        <TestCategoryItem TestCategory="ADP_Basics" />
        <TestCategoryItem TestCategory="CIT" />
      </TestCategory>
      <TestMethod codeBase="F:/advisorsrepo/wcfhttp/Http/Test/Microsoft.ApplicationServer.Http/Unit/bin/Release/Microsoft.ApplicationServer.Http.CIT.Unit.DLL" adapterTypeName="Microsoft.VisualStudio.TestTools.TestTypes.Unit.UnitTestAdapter, Microsoft.VisualStudio.QualityTools.Tips.UnitTest.Adapter, Version=10.0.0.0, Culture=neutral, PublicKeyToken=b03f5f7f11d50a3a" className="Microsoft.ApplicationServer.Http.Channels.HttpMessageHandlerChannelFactoryTests, Microsoft.ApplicationServer.Http.CIT.Unit, Version=0.0.0.0, Culture=neutral, PublicKeyToken=null" name="DefaultHttpMessagePluginFactory_Constructor3" />
    </UnitTest>
    <UnitTest name="ConstructorThrowsIfAServiceOperationInputHasMultipleTypeOnlyBindings" storage="f:\advisorsrepo\wcfhttp\http\test\microsoft.applicationserver.http\unit\bin\release\microsoft.applicationserver.http.cit.unit.dll" id="85779a38-ca8f-819b-207b-ec5e44ff5811">
      <Description>OperationHandlerPipelineInfo(IEnumerable&lt;HttpOperationHandler&gt;, IEnumerable&lt;HttpOperationHandler&gt;, HttpOperationDescription) throws if a service operation input parameter can not be bound because there are multiple type-only matches.</Description>
      <Execution timeOut="30000" id="45ff54be-6def-4c8b-a513-a25504cc3703" />
      <Owners>
        <Owner name="dravva" />
      </Owners>
      <TestCategory>
        <TestCategoryItem TestCategory="CIT" />
      </TestCategory>
      <TestMethod codeBase="F:/advisorsrepo/wcfhttp/Http/Test/Microsoft.ApplicationServer.Http/Unit/bin/Release/Microsoft.ApplicationServer.Http.CIT.Unit.DLL" adapterTypeName="Microsoft.VisualStudio.TestTools.TestTypes.Unit.UnitTestAdapter, Microsoft.VisualStudio.QualityTools.Tips.UnitTest.Adapter, Version=10.0.0.0, Culture=neutral, PublicKeyToken=b03f5f7f11d50a3a" className="Microsoft.ApplicationServer.Http.Dispatcher.OperationHandlerPipelineInfoTests, Microsoft.ApplicationServer.Http.CIT.Unit, Version=0.0.0.0, Culture=neutral, PublicKeyToken=null" name="ConstructorThrowsIfAServiceOperationInputHasMultipleTypeOnlyBindings" />
    </UnitTest>
    <UnitTest name="Properties_Has_Only_AllowOutputBatching_MessageProperty" storage="f:\advisorsrepo\wcfhttp\http\test\microsoft.applicationserver.http\unit\bin\release\microsoft.applicationserver.http.cit.unit.dll" id="914640f3-d39f-d44c-b0a4-b0781eeabfaf">
      <Description>HttpMessage.Properties always has a single 'AllowOutputBatching' property with a value of 'false'.</Description>
      <Execution timeOut="30000" id="2ae049f4-acb6-427e-a4b2-2154b26b3950" />
      <Owners>
        <Owner name="derik" />
      </Owners>
      <TestCategory>
        <TestCategoryItem TestCategory="CIT" />
      </TestCategory>
      <TestMethod codeBase="F:/advisorsrepo/wcfhttp/Http/Test/Microsoft.ApplicationServer.Http/Unit/bin/Release/Microsoft.ApplicationServer.Http.CIT.Unit.DLL" adapterTypeName="Microsoft.VisualStudio.TestTools.TestTypes.Unit.UnitTestAdapter, Microsoft.VisualStudio.QualityTools.Tips.UnitTest.Adapter, Version=10.0.0.0, Culture=neutral, PublicKeyToken=b03f5f7f11d50a3a" className="Microsoft.ApplicationServer.Http.Channels.HttpMessageTests, Microsoft.ApplicationServer.Http.CIT.Unit, Version=0.0.0.0, Culture=neutral, PublicKeyToken=null" name="Properties_Has_Only_AllowOutputBatching_MessageProperty" />
    </UnitTest>
    <UnitTest name="Compare_Returns_0_For_MediaTypeHeaderValues_Differing_Only_By_Case" storage="f:\advisorsrepo\wcfhttp\http\test\microsoft.applicationserver.http\unit\bin\release\microsoft.applicationserver.http.cit.unit.dll" id="e59e5101-237c-4555-644b-64602650536f">
      <Description>MediaTypeHeadeValueComparer.Compare returns 0 for MediaTypeHeaderValue instances that differ only by case.</Description>
      <Execution timeOut="30000" id="20c759df-740f-43bf-a83c-d32bae4522b3" />
      <Owners>
        <Owner name="vinelap" />
      </Owners>
      <TestCategory>
        <TestCategoryItem TestCategory="CIT" />
      </TestCategory>
      <TestMethod codeBase="F:/advisorsrepo/wcfhttp/Http/Test/Microsoft.ApplicationServer.Http/Unit/bin/Release/Microsoft.ApplicationServer.Http.CIT.Unit.DLL" adapterTypeName="Microsoft.VisualStudio.TestTools.TestTypes.Unit.UnitTestAdapter, Microsoft.VisualStudio.QualityTools.Tips.UnitTest.Adapter, Version=10.0.0.0, Culture=neutral, PublicKeyToken=b03f5f7f11d50a3a" className="Microsoft.ApplicationServer.Http.MediaTypeHeadeValueComparerTests, Microsoft.ApplicationServer.Http.CIT.Unit, Version=0.0.0.0, Culture=neutral, PublicKeyToken=null" name="Compare_Returns_0_For_MediaTypeHeaderValues_Differing_Only_By_Case" />
    </UnitTest>
    <UnitTest name="GetReaderAtBodyContents_Throws" storage="f:\advisorsrepo\wcfhttp\http\test\microsoft.applicationserver.http\unit\bin\release\microsoft.applicationserver.http.cit.unit.dll" id="4d33b853-9410-bbb0-e766-800836b432fe">
      <Description>HttpMessage.GetReaderAtBodyContents always throws.</Description>
      <Execution timeOut="30000" id="24f50a17-a4b3-4705-82df-ef4bb9967da8" />
      <Owners>
        <Owner name="derik" />
      </Owners>
      <TestCategory>
        <TestCategoryItem TestCategory="CIT" />
      </TestCategory>
      <TestMethod codeBase="F:/advisorsrepo/wcfhttp/Http/Test/Microsoft.ApplicationServer.Http/Unit/bin/Release/Microsoft.ApplicationServer.Http.CIT.Unit.DLL" adapterTypeName="Microsoft.VisualStudio.TestTools.TestTypes.Unit.UnitTestAdapter, Microsoft.VisualStudio.QualityTools.Tips.UnitTest.Adapter, Version=10.0.0.0, Culture=neutral, PublicKeyToken=b03f5f7f11d50a3a" className="Microsoft.ApplicationServer.Http.Channels.HttpMessageTests, Microsoft.ApplicationServer.Http.CIT.Unit, Version=0.0.0.0, Culture=neutral, PublicKeyToken=null" name="GetReaderAtBodyContents_Throws" />
    </UnitTest>
    <UnitTest name="CopyTo_Calls_The_ActionOfStream" storage="f:\advisorsrepo\wcfhttp\http\test\microsoft.applicationserver.http\unit\bin\release\microsoft.applicationserver.http.cit.unit.dll" id="a434f00f-7d4c-5d8f-1153-babc085dc851">
      <Description>ActionOfStreamContent.CopyTo calls the inner action of stream.</Description>
      <Execution timeOut="30000" id="a1dafe91-4ca6-48c7-84b8-807ea552e403" />
      <Owners>
        <Owner name="vinelap" />
      </Owners>
      <TestCategory>
        <TestCategoryItem TestCategory="CIT" />
      </TestCategory>
      <TestMethod codeBase="F:/advisorsrepo/wcfhttp/Http/Test/Microsoft.ApplicationServer.Http/Unit/bin/Release/Microsoft.ApplicationServer.Http.CIT.Unit.DLL" adapterTypeName="Microsoft.VisualStudio.TestTools.TestTypes.Unit.UnitTestAdapter, Microsoft.VisualStudio.QualityTools.Tips.UnitTest.Adapter, Version=10.0.0.0, Culture=neutral, PublicKeyToken=b03f5f7f11d50a3a" className="Microsoft.ApplicationServer.Http.ActionOfStreamContentTests, Microsoft.ApplicationServer.Http.CIT.Unit, Version=0.0.0.0, Culture=neutral, PublicKeyToken=null" name="CopyTo_Calls_The_ActionOfStream" />
    </UnitTest>
    <UnitTest name="IsContentParameterIsMutable" storage="f:\advisorsrepo\wcfhttp\http\test\microsoft.applicationserver.http\unit\bin\release\microsoft.applicationserver.http.cit.unit.dll" id="824b647a-192a-3237-8ba0-89ac4a10b7f5">
      <Description>IsContentParameter is mutable.</Description>
      <Execution timeOut="30000" id="b192b311-66f5-494c-8bc3-4050d4e2837b" />
      <Owners>
        <Owner name="maying" />
      </Owners>
      <TestCategory>
        <TestCategoryItem TestCategory="CIT" />
      </TestCategory>
      <TestMethod codeBase="F:/advisorsrepo/wcfhttp/Http/Test/Microsoft.ApplicationServer.Http/Unit/bin/Release/Microsoft.ApplicationServer.Http.CIT.Unit.DLL" adapterTypeName="Microsoft.VisualStudio.TestTools.TestTypes.Unit.UnitTestAdapter, Microsoft.VisualStudio.QualityTools.Tips.UnitTest.Adapter, Version=10.0.0.0, Culture=neutral, PublicKeyToken=b03f5f7f11d50a3a" className="Microsoft.ApplicationServer.Http.Description.HttpParameterTests, Microsoft.ApplicationServer.Http.CIT.Unit, Version=0.0.0.0, Culture=neutral, PublicKeyToken=null" name="IsContentParameterIsMutable" />
    </UnitTest>
    <UnitTest name="ConstructorThrowsWithObjectNotAssignableToType" storage="f:\advisorsrepo\wcfhttp\http\test\microsoft.applicationserver.http\unit\bin\release\microsoft.applicationserver.http.cit.unit.dll" id="56ed91f1-bfaf-e214-0725-91f0e0cb32ff">
      <Description>ObjectContent(Type, object) throws if object is not assignable to Type.</Description>
      <Execution timeOut="30000" id="6b5d14cf-9213-4806-b5dd-d0d39ce460c9" />
      <Owners>
        <Owner name="dravva" />
      </Owners>
      <TestCategory>
        <TestCategoryItem TestCategory="CIT" />
      </TestCategory>
      <TestMethod codeBase="F:/advisorsrepo/wcfhttp/Http/Test/Microsoft.ApplicationServer.Http/Unit/bin/Release/Microsoft.ApplicationServer.Http.CIT.Unit.DLL" adapterTypeName="Microsoft.VisualStudio.TestTools.TestTypes.Unit.UnitTestAdapter, Microsoft.VisualStudio.QualityTools.Tips.UnitTest.Adapter, Version=10.0.0.0, Culture=neutral, PublicKeyToken=b03f5f7f11d50a3a" className="Microsoft.ApplicationServer.Http.ObjectContentTests, Microsoft.ApplicationServer.Http.CIT.Unit, Version=0.0.0.0, Culture=neutral, PublicKeyToken=null" name="ConstructorThrowsWithObjectNotAssignableToType" />
    </UnitTest>
    <UnitTest name="CanConvertFromTypeReturnsFalseForTtoHttpRequestMessageOfT" storage="f:\advisorsrepo\wcfhttp\http\test\microsoft.applicationserver.http\unit\bin\release\microsoft.applicationserver.http.cit.unit.dll" id="c7339da0-3a17-d3ef-e555-dbe2a004e946">
      <Description>CanConvertFromType(Type) returns false for T to HttpRequestMessage&lt;T&gt;.</Description>
      <Execution timeOut="30000" id="8848b619-7294-4c1f-9825-fd9bc040bf36" />
      <Owners>
        <Owner name="dravva" />
      </Owners>
      <TestCategory>
        <TestCategoryItem TestCategory="CIT" />
      </TestCategory>
      <TestMethod codeBase="F:/advisorsrepo/wcfhttp/Http/Test/Microsoft.ApplicationServer.Http/Unit/bin/Release/Microsoft.ApplicationServer.Http.CIT.Unit.DLL" adapterTypeName="Microsoft.VisualStudio.TestTools.TestTypes.Unit.UnitTestAdapter, Microsoft.VisualStudio.QualityTools.Tips.UnitTest.Adapter, Version=10.0.0.0, Culture=neutral, PublicKeyToken=b03f5f7f11d50a3a" className="Microsoft.ApplicationServer.Http.Description.HttpParameterValueConverterTests, Microsoft.ApplicationServer.Http.CIT.Unit, Version=0.0.0.0, Culture=neutral, PublicKeyToken=null" name="CanConvertFromTypeReturnsFalseForTtoHttpRequestMessageOfT" />
    </UnitTest>
    <UnitTest name="Constructor2ThrowsWithNullValueTypeObject" storage="f:\advisorsrepo\wcfhttp\http\test\microsoft.applicationserver.http\unit\bin\release\microsoft.applicationserver.http.cit.unit.dll" id="659732af-8ae0-5870-7ee8-93959a065ffe">
      <Description>ObjectContent(Type, object, MediaTypeHeaderValue) throws for a null value type.</Description>
      <Execution timeOut="30000" id="17a5c87e-b86c-4c14-90da-37902ae85915" />
      <Owners>
        <Owner name="dravva" />
      </Owners>
      <TestCategory>
        <TestCategoryItem TestCategory="CIT" />
      </TestCategory>
      <TestMethod codeBase="F:/advisorsrepo/wcfhttp/Http/Test/Microsoft.ApplicationServer.Http/Unit/bin/Release/Microsoft.ApplicationServer.Http.CIT.Unit.DLL" adapterTypeName="Microsoft.VisualStudio.TestTools.TestTypes.Unit.UnitTestAdapter, Microsoft.VisualStudio.QualityTools.Tips.UnitTest.Adapter, Version=10.0.0.0, Culture=neutral, PublicKeyToken=b03f5f7f11d50a3a" className="Microsoft.ApplicationServer.Http.ObjectContentTests, Microsoft.ApplicationServer.Http.CIT.Unit, Version=0.0.0.0, Culture=neutral, PublicKeyToken=null" name="Constructor2ThrowsWithNullValueTypeObject" />
    </UnitTest>
    <UnitTest name="ToHttpRequestMessage_Returns_The_Original_HttpRequestMessage" storage="f:\advisorsrepo\wcfhttp\http\test\microsoft.applicationserver.http\unit\bin\release\microsoft.applicationserver.http.cit.unit.dll" id="82b882ee-39b6-d07f-755a-8e3455c94309">
      <Description>Message.ToHttpRequestMessage returns the original HttpRequestMessage instance with which the HttpMessage was created.</Description>
      <Execution timeOut="30000" id="d3f0ba4f-5745-43de-a699-1924157fbf3c" />
      <Owners>
        <Owner name="derik" />
      </Owners>
      <TestCategory>
        <TestCategoryItem TestCategory="CIT" />
      </TestCategory>
      <TestMethod codeBase="F:/advisorsrepo/wcfhttp/Http/Test/Microsoft.ApplicationServer.Http/Unit/bin/Release/Microsoft.ApplicationServer.Http.CIT.Unit.DLL" adapterTypeName="Microsoft.VisualStudio.TestTools.TestTypes.Unit.UnitTestAdapter, Microsoft.VisualStudio.QualityTools.Tips.UnitTest.Adapter, Version=10.0.0.0, Culture=neutral, PublicKeyToken=b03f5f7f11d50a3a" className="Microsoft.ApplicationServer.Http.Channels.HttpMessageExtensionMethodsTests, Microsoft.ApplicationServer.Http.CIT.Unit, Version=0.0.0.0, Culture=neutral, PublicKeyToken=null" name="ToHttpRequestMessage_Returns_The_Original_HttpRequestMessage" />
    </UnitTest>
    <UnitTest name="Create_Throww_With_Null_Parameter" storage="f:\advisorsrepo\wcfhttp\http\test\microsoft.applicationserver.http\unit\bin\release\microsoft.applicationserver.http.cit.unit.dll" id="acd996e7-9745-650a-0806-9e7dc762663b">
      <Description>HttpMessageHandlerFactory.Create throws with a null parameter.</Description>
      <Execution timeOut="30000" id="6bd69b17-6892-4102-88c6-a555b00a1483" />
      <Owners>
        <Owner name="derik" />
      </Owners>
      <TestCategory>
        <TestCategoryItem TestCategory="CIT" />
        <TestCategoryItem TestCategory="ADP_Basics" />
      </TestCategory>
      <TestMethod codeBase="F:/advisorsrepo/wcfhttp/Http/Test/Microsoft.ApplicationServer.Http/Unit/bin/Release/Microsoft.ApplicationServer.Http.CIT.Unit.DLL" adapterTypeName="Microsoft.VisualStudio.TestTools.TestTypes.Unit.UnitTestAdapter, Microsoft.VisualStudio.QualityTools.Tips.UnitTest.Adapter, Version=10.0.0.0, Culture=neutral, PublicKeyToken=b03f5f7f11d50a3a" className="Microsoft.ApplicationServer.Http.Channels.HttpMessageHandlerFactoryTests, Microsoft.ApplicationServer.Http.CIT.Unit, Version=0.0.0.0, Culture=neutral, PublicKeyToken=null" name="Create_Throww_With_Null_Parameter" />
    </UnitTest>
    <UnitTest name="HttpParameterCollection_Synchronized_Remove" storage="f:\advisorsrepo\wcfhttp\http\test\microsoft.applicationserver.http\unit\bin\release\microsoft.applicationserver.http.cit.unit.dll" id="f6716144-d961-088d-96f1-131590211231">
      <Description>HttpParameterCollection created from MessagePartDescriptionCollection implements Remove correctly</Description>
      <Execution timeOut="30000" id="9d6a9f62-e386-4834-89cd-c7b487122bb6" />
      <Owners>
        <Owner name="derik" />
      </Owners>
      <TestCategory>
        <TestCategoryItem TestCategory="CIT" />
      </TestCategory>
      <TestMethod codeBase="F:/advisorsrepo/wcfhttp/Http/Test/Microsoft.ApplicationServer.Http/Unit/bin/Release/Microsoft.ApplicationServer.Http.CIT.Unit.DLL" adapterTypeName="Microsoft.VisualStudio.TestTools.TestTypes.Unit.UnitTestAdapter, Microsoft.VisualStudio.QualityTools.Tips.UnitTest.Adapter, Version=10.0.0.0, Culture=neutral, PublicKeyToken=b03f5f7f11d50a3a" className="Microsoft.ApplicationServer.Http.Description.HttpParameterCollectionTests, Microsoft.ApplicationServer.Http.CIT.Unit, Version=0.0.0.0, Culture=neutral, PublicKeyToken=null" name="HttpParameterCollection_Synchronized_Remove" />
    </UnitTest>
    <UnitTest name="ToHttpResponseMessage_Returns_Null" storage="f:\advisorsrepo\wcfhttp\http\test\microsoft.applicationserver.http\unit\bin\release\microsoft.applicationserver.http.cit.unit.dll" id="b45028f9-489a-8ac2-6341-1ca433b45b70">
      <Description>Message.ToHttpResponseMessage returns null for non-HttpMessage instances</Description>
      <Execution timeOut="30000" id="fd0f8340-bc9d-4342-b024-3577f9e99b35" />
      <Owners>
        <Owner name="derik" />
      </Owners>
      <TestCategory>
        <TestCategoryItem TestCategory="CIT" />
      </TestCategory>
      <TestMethod codeBase="F:/advisorsrepo/wcfhttp/Http/Test/Microsoft.ApplicationServer.Http/Unit/bin/Release/Microsoft.ApplicationServer.Http.CIT.Unit.DLL" adapterTypeName="Microsoft.VisualStudio.TestTools.TestTypes.Unit.UnitTestAdapter, Microsoft.VisualStudio.QualityTools.Tips.UnitTest.Adapter, Version=10.0.0.0, Culture=neutral, PublicKeyToken=b03f5f7f11d50a3a" className="Microsoft.ApplicationServer.Http.Channels.HttpMessageExtensionMethodsTests, Microsoft.ApplicationServer.Http.CIT.Unit, Version=0.0.0.0, Culture=neutral, PublicKeyToken=null" name="ToHttpResponseMessage_Returns_Null" />
    </UnitTest>
    <UnitTest name="Comparer_Returns_MediaTypeHeadeValueComparer" storage="f:\advisorsrepo\wcfhttp\http\test\microsoft.applicationserver.http\unit\bin\release\microsoft.applicationserver.http.cit.unit.dll" id="34eff23b-677b-173e-005a-b6f1c509710a">
      <Description>MediaTypeHeadeValueComparer.Comparer returns same MediaTypeHeadeValueComparer instance each time.</Description>
      <Execution timeOut="30000" id="8a65a051-6007-4b7c-bdb8-407a372e25eb" />
      <Owners>
        <Owner name="vinelap" />
      </Owners>
      <TestCategory>
        <TestCategoryItem TestCategory="CIT" />
      </TestCategory>
      <TestMethod codeBase="F:/advisorsrepo/wcfhttp/Http/Test/Microsoft.ApplicationServer.Http/Unit/bin/Release/Microsoft.ApplicationServer.Http.CIT.Unit.DLL" adapterTypeName="Microsoft.VisualStudio.TestTools.TestTypes.Unit.UnitTestAdapter, Microsoft.VisualStudio.QualityTools.Tips.UnitTest.Adapter, Version=10.0.0.0, Culture=neutral, PublicKeyToken=b03f5f7f11d50a3a" className="Microsoft.ApplicationServer.Http.MediaTypeHeadeValueComparerTests, Microsoft.ApplicationServer.Http.CIT.Unit, Version=0.0.0.0, Culture=neutral, PublicKeyToken=null" name="Comparer_Returns_MediaTypeHeadeValueComparer" />
    </UnitTest>
    <UnitTest name="HttpMessageHandlerFactory_Constructor_Throws_With_Null_Parameter" storage="f:\advisorsrepo\wcfhttp\http\test\microsoft.applicationserver.http\unit\bin\release\microsoft.applicationserver.http.cit.unit.dll" id="c23b02e2-0af5-ea0b-b423-5810a4c2012a">
      <Description>HttpMessageHandlerFactory constructor throws with null parameter.</Description>
      <Execution timeOut="30000" id="02962150-ebbe-4cad-aa07-035bcadf2363" />
      <Owners>
        <Owner name="derik" />
      </Owners>
      <TestCategory>
        <TestCategoryItem TestCategory="ADP_Basics" />
        <TestCategoryItem TestCategory="CIT" />
      </TestCategory>
      <TestMethod codeBase="F:/advisorsrepo/wcfhttp/Http/Test/Microsoft.ApplicationServer.Http/Unit/bin/Release/Microsoft.ApplicationServer.Http.CIT.Unit.DLL" adapterTypeName="Microsoft.VisualStudio.TestTools.TestTypes.Unit.UnitTestAdapter, Microsoft.VisualStudio.QualityTools.Tips.UnitTest.Adapter, Version=10.0.0.0, Culture=neutral, PublicKeyToken=b03f5f7f11d50a3a" className="Microsoft.ApplicationServer.Http.Channels.HttpMessageHandlerFactoryTests, Microsoft.ApplicationServer.Http.CIT.Unit, Version=0.0.0.0, Culture=neutral, PublicKeyToken=null" name="HttpMessageHandlerFactory_Constructor_Throws_With_Null_Parameter" />
    </UnitTest>
    <UnitTest name="SupportsMediaType1ThrowsWithNullHttpResponseMessage" storage="f:\advisorsrepo\wcfhttp\http\test\microsoft.applicationserver.http\unit\bin\release\microsoft.applicationserver.http.cit.unit.dll" id="fc331cbc-efe0-7bd7-bfe1-75b31927b50e">
      <Description>SupportsMediaType(HttpResponseMessage) throws with null HttpResponseMessage.</Description>
      <Execution timeOut="30000" id="fcc942d0-e1aa-4e1b-abbb-347da0bc4029" />
      <Owners>
        <Owner name="dravva" />
      </Owners>
      <TestCategory>
        <TestCategoryItem TestCategory="CIT" />
      </TestCategory>
      <TestMethod codeBase="F:/advisorsrepo/wcfhttp/Http/Test/Microsoft.ApplicationServer.Http/Unit/bin/Release/Microsoft.ApplicationServer.Http.CIT.Unit.DLL" adapterTypeName="Microsoft.VisualStudio.TestTools.TestTypes.Unit.UnitTestAdapter, Microsoft.VisualStudio.QualityTools.Tips.UnitTest.Adapter, Version=10.0.0.0, Culture=neutral, PublicKeyToken=b03f5f7f11d50a3a" className="Microsoft.ApplicationServer.Http.MediaRangeMappingTests, Microsoft.ApplicationServer.Http.CIT.Unit, Version=0.0.0.0, Culture=neutral, PublicKeyToken=null" name="SupportsMediaType1ThrowsWithNullHttpResponseMessage" />
    </UnitTest>
    <UnitTest name="ConstructorThrowsIfARequestHandlerInputCanNotBeBoundAndItCanBeConvertedToFromAString" storage="f:\advisorsrepo\wcfhttp\http\test\microsoft.applicationserver.http\unit\bin\release\microsoft.applicationserver.http.cit.unit.dll" id="a9745b5f-1f7e-f341-61a9-ac82af374848">
      <Description>OperationHandlerPipelineInfo(IEnumerable&lt;HttpOperationHandler&gt;, IEnumerable&lt;HttpOperationHandler&gt;, HttpOperationDescription) throws if a request HttpOperationHandler input parameter can not bound and it can be conveted to from a string.</Description>
      <Execution timeOut="30000" id="18bc4ab2-4911-4648-b251-17b7ca2b1d2e" />
      <Owners>
        <Owner name="dravva" />
      </Owners>
      <TestCategory>
        <TestCategoryItem TestCategory="CIT" />
      </TestCategory>
      <TestMethod codeBase="F:/advisorsrepo/wcfhttp/Http/Test/Microsoft.ApplicationServer.Http/Unit/bin/Release/Microsoft.ApplicationServer.Http.CIT.Unit.DLL" adapterTypeName="Microsoft.VisualStudio.TestTools.TestTypes.Unit.UnitTestAdapter, Microsoft.VisualStudio.QualityTools.Tips.UnitTest.Adapter, Version=10.0.0.0, Culture=neutral, PublicKeyToken=b03f5f7f11d50a3a" className="Microsoft.ApplicationServer.Http.Dispatcher.OperationHandlerPipelineInfoTests, Microsoft.ApplicationServer.Http.CIT.Unit, Version=0.0.0.0, Culture=neutral, PublicKeyToken=null" name="ConstructorThrowsIfARequestHandlerInputCanNotBeBoundAndItCanBeConvertedToFromAString" />
    </UnitTest>
    <UnitTest name="InputParametersCallsOnGetInputParmeters" storage="f:\advisorsrepo\wcfhttp\http\test\microsoft.applicationserver.http\unit\bin\release\microsoft.applicationserver.http.cit.unit.dll" id="23812c71-6a7e-ed8c-17f0-9db4a3618fbb">
      <Description>InputParameters invokes virtual OnGetInputParmeters.</Description>
      <Execution timeOut="30000" id="fb504b71-6237-4d7b-9bb6-c59fb68ee827" />
      <Owners>
        <Owner name="vinelap" />
      </Owners>
      <TestCategory>
        <TestCategoryItem TestCategory="CIT" />
      </TestCategory>
      <TestMethod codeBase="F:/advisorsrepo/wcfhttp/Http/Test/Microsoft.ApplicationServer.Http/Unit/bin/Release/Microsoft.ApplicationServer.Http.CIT.Unit.DLL" adapterTypeName="Microsoft.VisualStudio.TestTools.TestTypes.Unit.UnitTestAdapter, Microsoft.VisualStudio.QualityTools.Tips.UnitTest.Adapter, Version=10.0.0.0, Culture=neutral, PublicKeyToken=b03f5f7f11d50a3a" className="Microsoft.ApplicationServer.Http.Dispatcher.HttpOperationHandlerTests, Microsoft.ApplicationServer.Http.CIT.Unit, Version=0.0.0.0, Culture=neutral, PublicKeyToken=null" name="InputParametersCallsOnGetInputParmeters" />
    </UnitTest>
    <UnitTest name="UriTemplateHttpOperationHandler_Constructor_Throws_With_Null_UriTemplate_Parameter" storage="f:\advisorsrepo\wcfhttp\http\test\microsoft.applicationserver.http\unit\bin\release\microsoft.applicationserver.http.cit.unit.dll" id="b62cddbd-946d-c456-ad19-9543d8db24d1">
      <Description>UriTemplateHttpOperationHandler constructor throws if the 'uriTemplate' parameter is null.</Description>
      <Execution timeOut="30000" id="d73dd75a-cb7b-4e23-adb2-afddd806074e" />
      <Owners>
        <Owner name="vinelap" />
      </Owners>
      <TestCategory>
        <TestCategoryItem TestCategory="CIT" />
      </TestCategory>
      <TestMethod codeBase="F:/advisorsrepo/wcfhttp/Http/Test/Microsoft.ApplicationServer.Http/Unit/bin/Release/Microsoft.ApplicationServer.Http.CIT.Unit.DLL" adapterTypeName="Microsoft.VisualStudio.TestTools.TestTypes.Unit.UnitTestAdapter, Microsoft.VisualStudio.QualityTools.Tips.UnitTest.Adapter, Version=10.0.0.0, Culture=neutral, PublicKeyToken=b03f5f7f11d50a3a" className="Microsoft.ApplicationServer.Http.Dispatcher.UriTemplateHandlerTests, Microsoft.ApplicationServer.Http.CIT.Unit, Version=0.0.0.0, Culture=neutral, PublicKeyToken=null" name="UriTemplateHttpOperationHandler_Constructor_Throws_With_Null_UriTemplate_Parameter" />
    </UnitTest>
    <UnitTest name="SelectOperation_Non_Http_Message_Throws" storage="f:\advisorsrepo\wcfhttp\http\test\microsoft.applicationserver.http\unit\bin\release\microsoft.applicationserver.http.cit.unit.dll" id="0f879ae0-5300-4ec6-0e80-5fdb2cf0b174">
      <Description>HttpOperationSelector.SelectOperation throws InvalidOperationException for non-http message</Description>
      <Execution timeOut="30000" id="76928386-f9d1-4b6a-9d05-f89e359c650f" />
      <Owners>
        <Owner name="maying" />
      </Owners>
      <TestCategory>
        <TestCategoryItem TestCategory="CIT" />
      </TestCategory>
      <TestMethod codeBase="F:/advisorsrepo/wcfhttp/Http/Test/Microsoft.ApplicationServer.Http/Unit/bin/Release/Microsoft.ApplicationServer.Http.CIT.Unit.DLL" adapterTypeName="Microsoft.VisualStudio.TestTools.TestTypes.Unit.UnitTestAdapter, Microsoft.VisualStudio.QualityTools.Tips.UnitTest.Adapter, Version=10.0.0.0, Culture=neutral, PublicKeyToken=b03f5f7f11d50a3a" className="Microsoft.ApplicationServer.Http.Dispatcher.HttpOperationSelectorTests, Microsoft.ApplicationServer.Http.CIT.Unit, Version=0.0.0.0, Culture=neutral, PublicKeyToken=null" name="SelectOperation_Non_Http_Message_Throws" />
    </UnitTest>
    <UnitTest name="ConstructorThrowsWithNullHttpParameter" storage="f:\advisorsrepo\wcfhttp\http\test\microsoft.applicationserver.http\unit\bin\release\microsoft.applicationserver.http.cit.unit.dll" id="5a8a2b66-7da6-49d7-3b65-d5f83c0b12e8">
      <Description>RequestContentHandler() constructor throws for null HttpParameter.</Description>
      <Execution timeOut="30000" id="fe3ad109-7b02-4015-8c01-a7b09fbca3fb" />
      <Owners>
        <Owner name="dravva" />
      </Owners>
      <TestCategory>
        <TestCategoryItem TestCategory="CIT" />
      </TestCategory>
      <TestMethod codeBase="F:/advisorsrepo/wcfhttp/Http/Test/Microsoft.ApplicationServer.Http/Unit/bin/Release/Microsoft.ApplicationServer.Http.CIT.Unit.DLL" adapterTypeName="Microsoft.VisualStudio.TestTools.TestTypes.Unit.UnitTestAdapter, Microsoft.VisualStudio.QualityTools.Tips.UnitTest.Adapter, Version=10.0.0.0, Culture=neutral, PublicKeyToken=b03f5f7f11d50a3a" className="Microsoft.ApplicationServer.Http.Dispatcher.RequestContentHandlerTests, Microsoft.ApplicationServer.Http.CIT.Unit, Version=0.0.0.0, Culture=neutral, PublicKeyToken=null" name="ConstructorThrowsWithNullHttpParameter" />
    </UnitTest>
    <UnitTest name="BeginOpen_Calls_The_Inner_Listener" storage="f:\advisorsrepo\wcfhttp\http\test\microsoft.applicationserver.http\unit\bin\release\microsoft.applicationserver.http.cit.unit.dll" id="f28cc5fc-7ff3-7887-9bb6-96f820ae6519">
      <Description>HttpMessageEncodingChannelListener.BeginOpen calls BeginOpen on the inner listener with the given parameters.</Description>
      <Execution timeOut="30000" id="c55e45c9-2c9d-4740-8571-33d052f319f3" />
      <Owners>
        <Owner name="derik" />
      </Owners>
      <TestCategory>
        <TestCategoryItem TestCategory="CIT" />
      </TestCategory>
      <TestMethod codeBase="F:/advisorsrepo/wcfhttp/Http/Test/Microsoft.ApplicationServer.Http/Unit/bin/Release/Microsoft.ApplicationServer.Http.CIT.Unit.DLL" adapterTypeName="Microsoft.VisualStudio.TestTools.TestTypes.Unit.UnitTestAdapter, Microsoft.VisualStudio.QualityTools.Tips.UnitTest.Adapter, Version=10.0.0.0, Culture=neutral, PublicKeyToken=b03f5f7f11d50a3a" className="Microsoft.ApplicationServer.Http.Channels.HttpMessageEncodingChannelListenerTests, Microsoft.ApplicationServer.Http.CIT.Unit, Version=0.0.0.0, Culture=neutral, PublicKeyToken=null" name="BeginOpen_Calls_The_Inner_Listener" />
    </UnitTest>
    <UnitTest name="BeginReply_With_TimeOut_Calls_Inner_RequestContext" storage="f:\advisorsrepo\wcfhttp\http\test\microsoft.applicationserver.http\unit\bin\release\microsoft.applicationserver.http.cit.unit.dll" id="fb9fe67c-e878-ebca-f969-7561efea8bac">
      <Description>HttpMessageEncodingRequestContext.BeginReply calls BeginReply on the inner RequestContext and passes along the timeout parameter.</Description>
      <Execution timeOut="30000" id="be32acf6-9155-452d-8c81-9ad169ba71a7" />
      <Owners>
        <Owner name="derik" />
      </Owners>
      <TestCategory>
        <TestCategoryItem TestCategory="CIT" />
      </TestCategory>
      <TestMethod codeBase="F:/advisorsrepo/wcfhttp/Http/Test/Microsoft.ApplicationServer.Http/Unit/bin/Release/Microsoft.ApplicationServer.Http.CIT.Unit.DLL" adapterTypeName="Microsoft.VisualStudio.TestTools.TestTypes.Unit.UnitTestAdapter, Microsoft.VisualStudio.QualityTools.Tips.UnitTest.Adapter, Version=10.0.0.0, Culture=neutral, PublicKeyToken=b03f5f7f11d50a3a" className="Microsoft.ApplicationServer.Http.Channels.HttpMessageEncodingRequestContextTests, Microsoft.ApplicationServer.Http.CIT.Unit, Version=0.0.0.0, Culture=neutral, PublicKeyToken=null" name="BeginReply_With_TimeOut_Calls_Inner_RequestContext" />
    </UnitTest>
    <UnitTest name="Constructor" storage="f:\advisorsrepo\wcfhttp\http\test\microsoft.applicationserver.http\unit\bin\release\microsoft.applicationserver.http.cit.unit.dll" id="8bc3e283-dd9f-5740-928d-d1a137b6b875">
      <Description>UriPathExtensionMapping(string, string) sets UriPathExtension and MediaType.</Description>
      <Execution timeOut="30000" id="bd2b1d4f-fa72-4004-aca4-bbfd64a1cf4b" />
      <Owners>
        <Owner name="dravva" />
      </Owners>
      <TestCategory>
        <TestCategoryItem TestCategory="CIT" />
      </TestCategory>
      <TestMethod codeBase="F:/advisorsrepo/wcfhttp/Http/Test/Microsoft.ApplicationServer.Http/Unit/bin/Release/Microsoft.ApplicationServer.Http.CIT.Unit.DLL" adapterTypeName="Microsoft.VisualStudio.TestTools.TestTypes.Unit.UnitTestAdapter, Microsoft.VisualStudio.QualityTools.Tips.UnitTest.Adapter, Version=10.0.0.0, Culture=neutral, PublicKeyToken=b03f5f7f11d50a3a" className="Microsoft.ApplicationServer.Http.UriPathExtensionMappingTests, Microsoft.ApplicationServer.Http.CIT.Unit, Version=0.0.0.0, Culture=neutral, PublicKeyToken=null" name="Constructor" />
    </UnitTest>
    <UnitTest name="Constructor6ThrowsWithNullMediaType" storage="f:\advisorsrepo\wcfhttp\http\test\microsoft.applicationserver.http\unit\bin\release\microsoft.applicationserver.http.cit.unit.dll" id="5c84f039-34e8-11de-6e13-6a1977fd30c2">
      <Description>ObjectContent&lt;T&gt;(T, MediaTypeHeaderValue, IEnumerable&lt;MediaTypeFormatter&gt;) throws for a null media type.</Description>
      <Execution timeOut="30000" id="111bf4be-ef90-46ae-b06b-8ade3e295d3a" />
      <Owners>
        <Owner name="dravva" />
      </Owners>
      <TestCategory>
        <TestCategoryItem TestCategory="CIT" />
      </TestCategory>
      <TestMethod codeBase="F:/advisorsrepo/wcfhttp/Http/Test/Microsoft.ApplicationServer.Http/Unit/bin/Release/Microsoft.ApplicationServer.Http.CIT.Unit.DLL" adapterTypeName="Microsoft.VisualStudio.TestTools.TestTypes.Unit.UnitTestAdapter, Microsoft.VisualStudio.QualityTools.Tips.UnitTest.Adapter, Version=10.0.0.0, Culture=neutral, PublicKeyToken=b03f5f7f11d50a3a" className="Microsoft.ApplicationServer.Http.ObjectContentOfTTests, Microsoft.ApplicationServer.Http.CIT.Unit, Version=0.0.0.0, Culture=neutral, PublicKeyToken=null" name="Constructor6ThrowsWithNullMediaType" />
    </UnitTest>
    <UnitTest name="SupportsMediaType1ReturnsTrueWithExtensionInUri" storage="f:\advisorsrepo\wcfhttp\http\test\microsoft.applicationserver.http\unit\bin\release\microsoft.applicationserver.http.cit.unit.dll" id="f4ba4fd6-ca81-108a-3df4-286c533f7aa3">
      <Description>SupportsMediaType(HttpResponseMessage) returns true when the extension is in the Uri.</Description>
      <Execution timeOut="30000" id="5195337f-51a2-40c8-8783-ea5998a5dc8f" />
      <Owners>
        <Owner name="dravva" />
      </Owners>
      <TestCategory>
        <TestCategoryItem TestCategory="CIT" />
      </TestCategory>
      <TestMethod codeBase="F:/advisorsrepo/wcfhttp/Http/Test/Microsoft.ApplicationServer.Http/Unit/bin/Release/Microsoft.ApplicationServer.Http.CIT.Unit.DLL" adapterTypeName="Microsoft.VisualStudio.TestTools.TestTypes.Unit.UnitTestAdapter, Microsoft.VisualStudio.QualityTools.Tips.UnitTest.Adapter, Version=10.0.0.0, Culture=neutral, PublicKeyToken=b03f5f7f11d50a3a" className="Microsoft.ApplicationServer.Http.UriPathExtensionMappingTests, Microsoft.ApplicationServer.Http.CIT.Unit, Version=0.0.0.0, Culture=neutral, PublicKeyToken=null" name="SupportsMediaType1ReturnsTrueWithExtensionInUri" />
    </UnitTest>
    <UnitTest name="HttpOperationDescription_Update_InputParameters_From_OperationDescription" storage="f:\advisorsrepo\wcfhttp\http\test\microsoft.applicationserver.http\unit\bin\release\microsoft.applicationserver.http.cit.unit.dll" id="ba073220-a0c8-a2b0-074f-39089dd868cc">
      <Description>HttpOperationDescription updating input parameters through OperationDescription updates in HttpOperationDescription</Description>
      <Execution timeOut="30000" id="fcce967b-8a7c-47a2-b42f-a4400d23ac3f" />
      <Owners>
        <Owner name="maying" />
      </Owners>
      <TestCategory>
        <TestCategoryItem TestCategory="CIT" />
      </TestCategory>
      <TestMethod codeBase="F:/advisorsrepo/wcfhttp/Http/Test/Microsoft.ApplicationServer.Http/Unit/bin/Release/Microsoft.ApplicationServer.Http.CIT.Unit.DLL" adapterTypeName="Microsoft.VisualStudio.TestTools.TestTypes.Unit.UnitTestAdapter, Microsoft.VisualStudio.QualityTools.Tips.UnitTest.Adapter, Version=10.0.0.0, Culture=neutral, PublicKeyToken=b03f5f7f11d50a3a" className="Microsoft.ApplicationServer.Http.Description.HttpOperationDescriptionTests, Microsoft.ApplicationServer.Http.CIT.Unit, Version=0.0.0.0, Culture=neutral, PublicKeyToken=null" name="HttpOperationDescription_Update_InputParameters_From_OperationDescription" />
    </UnitTest>
    <UnitTest name="HandleThrowsOnFailedUriTemplateMatch" storage="f:\advisorsrepo\wcfhttp\http\test\microsoft.applicationserver.http\unit\bin\release\microsoft.applicationserver.http.cit.unit.dll" id="2e5db011-38d1-7b21-d128-072b48809442">
      <Description>UriTemplateHttpOperationHandler.Handle(object[]) throws if the Uri does not match the UriTemplate provided in the constructor.</Description>
      <Execution timeOut="30000" id="5e39a0e9-6243-4ac7-a161-218ee4ff8e6a" />
      <Owners>
        <Owner name="vinelap" />
      </Owners>
      <TestCategory>
        <TestCategoryItem TestCategory="CIT" />
      </TestCategory>
      <TestMethod codeBase="F:/advisorsrepo/wcfhttp/Http/Test/Microsoft.ApplicationServer.Http/Unit/bin/Release/Microsoft.ApplicationServer.Http.CIT.Unit.DLL" adapterTypeName="Microsoft.VisualStudio.TestTools.TestTypes.Unit.UnitTestAdapter, Microsoft.VisualStudio.QualityTools.Tips.UnitTest.Adapter, Version=10.0.0.0, Culture=neutral, PublicKeyToken=b03f5f7f11d50a3a" className="Microsoft.ApplicationServer.Http.Dispatcher.UriTemplateHandlerTests, Microsoft.ApplicationServer.Http.CIT.Unit, Version=0.0.0.0, Culture=neutral, PublicKeyToken=null" name="HandleThrowsOnFailedUriTemplateMatch" />
    </UnitTest>
    <UnitTest name="HttpParameterCollection_Ctor_From_Output_MessagePartDescriptionCollection" storage="f:\advisorsrepo\wcfhttp\http\test\microsoft.applicationserver.http\unit\bin\release\microsoft.applicationserver.http.cit.unit.dll" id="b75b822e-2322-8dd0-c43a-3c10ab57be28">
      <Description>HttpParameterCollection can be constructed from output MessagePartDescriptionCollection</Description>
      <Execution timeOut="30000" id="cafc9715-00e0-41f1-82db-360a68687db1" />
      <Owners>
        <Owner name="derik" />
      </Owners>
      <TestCategory>
        <TestCategoryItem TestCategory="CIT" />
      </TestCategory>
      <TestMethod codeBase="F:/advisorsrepo/wcfhttp/Http/Test/Microsoft.ApplicationServer.Http/Unit/bin/Release/Microsoft.ApplicationServer.Http.CIT.Unit.DLL" adapterTypeName="Microsoft.VisualStudio.TestTools.TestTypes.Unit.UnitTestAdapter, Microsoft.VisualStudio.QualityTools.Tips.UnitTest.Adapter, Version=10.0.0.0, Culture=neutral, PublicKeyToken=b03f5f7f11d50a3a" className="Microsoft.ApplicationServer.Http.Description.HttpParameterCollectionTests, Microsoft.ApplicationServer.Http.CIT.Unit, Version=0.0.0.0, Culture=neutral, PublicKeyToken=null" name="HttpParameterCollection_Ctor_From_Output_MessagePartDescriptionCollection" />
    </UnitTest>
    <UnitTest name="IsEmpty_Is_True_When_HttpContent_Is_Null" storage="f:\advisorsrepo\wcfhttp\http\test\microsoft.applicationserver.http\unit\bin\release\microsoft.applicationserver.http.cit.unit.dll" id="d1113782-b08f-d31c-95cd-342a64f91636">
      <Description>HttpMessage.IsEmpty is true if the HttpContent is null.</Description>
      <Execution timeOut="30000" id="37a1f6a8-3889-480d-9288-2e6413497c95" />
      <Owners>
        <Owner name="derik" />
      </Owners>
      <TestCategory>
        <TestCategoryItem TestCategory="CIT" />
      </TestCategory>
      <TestMethod codeBase="F:/advisorsrepo/wcfhttp/Http/Test/Microsoft.ApplicationServer.Http/Unit/bin/Release/Microsoft.ApplicationServer.Http.CIT.Unit.DLL" adapterTypeName="Microsoft.VisualStudio.TestTools.TestTypes.Unit.UnitTestAdapter, Microsoft.VisualStudio.QualityTools.Tips.UnitTest.Adapter, Version=10.0.0.0, Culture=neutral, PublicKeyToken=b03f5f7f11d50a3a" className="Microsoft.ApplicationServer.Http.Channels.HttpMessageTests, Microsoft.ApplicationServer.Http.CIT.Unit, Version=0.0.0.0, Culture=neutral, PublicKeyToken=null" name="IsEmpty_Is_True_When_HttpContent_Is_Null" />
    </UnitTest>
    <UnitTest name="Constructor5ThrowsWithIllegalMediaType" storage="f:\advisorsrepo\wcfhttp\http\test\microsoft.applicationserver.http\unit\bin\release\microsoft.applicationserver.http.cit.unit.dll" id="a2e0fa48-1a88-57b1-8058-eff842256fc9">
      <Description>ObjectContent(Type, object, string,  IEnumerable&lt;MediaTypeFormatter&gt;) throws for an illegal media type.</Description>
      <Execution timeOut="30000" id="e4e3b5e9-1919-4fbf-852c-4876218a07cb" />
      <Owners>
        <Owner name="dravva" />
      </Owners>
      <TestCategory>
        <TestCategoryItem TestCategory="CIT" />
      </TestCategory>
      <TestMethod codeBase="F:/advisorsrepo/wcfhttp/Http/Test/Microsoft.ApplicationServer.Http/Unit/bin/Release/Microsoft.ApplicationServer.Http.CIT.Unit.DLL" adapterTypeName="Microsoft.VisualStudio.TestTools.TestTypes.Unit.UnitTestAdapter, Microsoft.VisualStudio.QualityTools.Tips.UnitTest.Adapter, Version=10.0.0.0, Culture=neutral, PublicKeyToken=b03f5f7f11d50a3a" className="Microsoft.ApplicationServer.Http.ObjectContentTests, Microsoft.ApplicationServer.Http.CIT.Unit, Version=0.0.0.0, Culture=neutral, PublicKeyToken=null" name="Constructor5ThrowsWithIllegalMediaType" />
    </UnitTest>
    <UnitTest name="ReadAsGetsObject" storage="f:\advisorsrepo\wcfhttp\http\test\microsoft.applicationserver.http\unit\bin\release\microsoft.applicationserver.http.cit.unit.dll" id="8be0433d-81aa-4113-2dd0-6a9ca555363e">
      <Description>ReadAs() gets the object instance provided to the constructor for all value and reference types.</Description>
      <Execution timeOut="30000" id="d50fdd73-2550-4788-8e55-1bfa139d554f" />
      <Owners>
        <Owner name="dravva" />
      </Owners>
      <TestCategory>
        <TestCategoryItem TestCategory="CIT" />
      </TestCategory>
      <TestMethod codeBase="F:/advisorsrepo/wcfhttp/Http/Test/Microsoft.ApplicationServer.Http/Unit/bin/Release/Microsoft.ApplicationServer.Http.CIT.Unit.DLL" adapterTypeName="Microsoft.VisualStudio.TestTools.TestTypes.Unit.UnitTestAdapter, Microsoft.VisualStudio.QualityTools.Tips.UnitTest.Adapter, Version=10.0.0.0, Culture=neutral, PublicKeyToken=b03f5f7f11d50a3a" className="Microsoft.ApplicationServer.Http.ObjectContentTests, Microsoft.ApplicationServer.Http.CIT.Unit, Version=0.0.0.0, Culture=neutral, PublicKeyToken=null" name="ReadAsGetsObject" />
    </UnitTest>
    <UnitTest name="Constructor" storage="f:\advisorsrepo\wcfhttp\http\test\microsoft.applicationserver.http\unit\bin\release\microsoft.applicationserver.http.cit.unit.dll" id="49da9259-b20f-5d25-c5fa-5b15aceef488">
      <Description>XmlMediaTypeFormatter() constructor sets standard Xml media types in SupportedMediaTypes.</Description>
      <Execution timeOut="30000" id="c3ed1060-6f82-4c8a-84d8-e913716faa20" />
      <Owners>
        <Owner name="dravva" />
      </Owners>
      <TestCategory>
        <TestCategoryItem TestCategory="CIT" />
      </TestCategory>
      <TestMethod codeBase="F:/advisorsrepo/wcfhttp/Http/Test/Microsoft.ApplicationServer.Http/Unit/bin/Release/Microsoft.ApplicationServer.Http.CIT.Unit.DLL" adapterTypeName="Microsoft.VisualStudio.TestTools.TestTypes.Unit.UnitTestAdapter, Microsoft.VisualStudio.QualityTools.Tips.UnitTest.Adapter, Version=10.0.0.0, Culture=neutral, PublicKeyToken=b03f5f7f11d50a3a" className="Microsoft.ApplicationServer.Http.XmlMediaTypeFormatterTests, Microsoft.ApplicationServer.Http.CIT.Unit, Version=0.0.0.0, Culture=neutral, PublicKeyToken=null" name="Constructor" />
    </UnitTest>
    <UnitTest name="Constructor4ThrowsWithHttpContentAsT" storage="f:\advisorsrepo\wcfhttp\http\test\microsoft.applicationserver.http\unit\bin\release\microsoft.applicationserver.http.cit.unit.dll" id="81a94f9b-ab2f-6ec6-f3a7-86580010cef1">
      <Description>ObjectContent&lt;T&gt;(T, IEnumerable&lt;MediaTypeFormatter&gt;) throws with HttpContent as T.</Description>
      <Execution timeOut="30000" id="fcc911bf-8f52-4d6d-a515-57ba328dd710" />
      <Owners>
        <Owner name="dravva" />
      </Owners>
      <TestCategory>
        <TestCategoryItem TestCategory="CIT" />
      </TestCategory>
      <TestMethod codeBase="F:/advisorsrepo/wcfhttp/Http/Test/Microsoft.ApplicationServer.Http/Unit/bin/Release/Microsoft.ApplicationServer.Http.CIT.Unit.DLL" adapterTypeName="Microsoft.VisualStudio.TestTools.TestTypes.Unit.UnitTestAdapter, Microsoft.VisualStudio.QualityTools.Tips.UnitTest.Adapter, Version=10.0.0.0, Culture=neutral, PublicKeyToken=b03f5f7f11d50a3a" className="Microsoft.ApplicationServer.Http.ObjectContentOfTTests, Microsoft.ApplicationServer.Http.CIT.Unit, Version=0.0.0.0, Culture=neutral, PublicKeyToken=null" name="Constructor4ThrowsWithHttpContentAsT" />
    </UnitTest>
    <UnitTest name="BackCompatSerializedAsDataContractInXml" storage="f:\advisorsrepo\wcfhttp\http\test\microsoft.applicationserver.http\unit\bin\release\microsoft.applicationserver.http.cit.unit.dll" id="ad155e11-52e0-0fb3-d63c-833f4003c4aa">
      <Description>HttpBehavior is backwards compatible when serializing types using the DataContractSerializer for XML.</Description>
      <Execution timeOut="30000" id="c0460885-71c5-46fd-953d-fe3bd4efe908" />
      <Owners>
        <Owner name="vinelap" />
      </Owners>
      <TestCategory>
        <TestCategoryItem TestCategory="CIT" />
      </TestCategory>
      <TestMethod codeBase="F:/advisorsrepo/wcfhttp/Http/Test/Microsoft.ApplicationServer.Http/Unit/bin/Release/Microsoft.ApplicationServer.Http.CIT.Unit.DLL" adapterTypeName="Microsoft.VisualStudio.TestTools.TestTypes.Unit.UnitTestAdapter, Microsoft.VisualStudio.QualityTools.Tips.UnitTest.Adapter, Version=10.0.0.0, Culture=neutral, PublicKeyToken=b03f5f7f11d50a3a" className="Microsoft.ApplicationServer.Http.Description.HttpBehaviorTests, Microsoft.ApplicationServer.Http.CIT.Unit, Version=0.0.0.0, Culture=neutral, PublicKeyToken=null" name="BackCompatSerializedAsDataContractInXml" />
    </UnitTest>
    <UnitTest name="BeforeSendReply_Null_HttpResponseMessage_Throws" storage="f:\advisorsrepo\wcfhttp\http\test\microsoft.applicationserver.http\unit\bin\release\microsoft.applicationserver.http.cit.unit.dll" id="3e13a575-a2bd-f629-c2f7-ba4b40ea8b10">
      <Description>IDispatchMessageInspector.BeforeSendReplythrows InvalidOperationException for null HttpResponseMessage argument</Description>
      <Execution timeOut="30000" id="b9ecfcc2-eccc-44d5-9720-3d9a9582ec12" />
      <Owners>
        <Owner name="maying" />
      </Owners>
      <TestCategory>
        <TestCategoryItem TestCategory="CIT" />
      </TestCategory>
      <TestMethod codeBase="F:/advisorsrepo/wcfhttp/Http/Test/Microsoft.ApplicationServer.Http/Unit/bin/Release/Microsoft.ApplicationServer.Http.CIT.Unit.DLL" adapterTypeName="Microsoft.VisualStudio.TestTools.TestTypes.Unit.UnitTestAdapter, Microsoft.VisualStudio.QualityTools.Tips.UnitTest.Adapter, Version=10.0.0.0, Culture=neutral, PublicKeyToken=b03f5f7f11d50a3a" className="Microsoft.ApplicationServer.Http.Dispatcher.HttpMessageInspectorTests, Microsoft.ApplicationServer.Http.CIT.Unit, Version=0.0.0.0, Culture=neutral, PublicKeyToken=null" name="BeforeSendReply_Null_HttpResponseMessage_Throws" />
    </UnitTest>
    <UnitTest name="ReadAsOrDefaultAsyncGetsTaskOfObject" storage="f:\advisorsrepo\wcfhttp\http\test\microsoft.applicationserver.http\unit\bin\release\microsoft.applicationserver.http.cit.unit.dll" id="bcf252c8-4567-0e29-ce2f-80ef04bd15cb">
      <Description>ReadAsOrDefaultAsync() gets a Task&lt;object&gt; returning object instance provided to the constructor for all value and reference types.</Description>
      <Execution timeOut="30000" id="13c741df-e569-4919-8681-3362106f8f89" />
      <Owners>
        <Owner name="dravva" />
      </Owners>
      <TestCategory>
        <TestCategoryItem TestCategory="CIT" />
      </TestCategory>
      <TestMethod codeBase="F:/advisorsrepo/wcfhttp/Http/Test/Microsoft.ApplicationServer.Http/Unit/bin/Release/Microsoft.ApplicationServer.Http.CIT.Unit.DLL" adapterTypeName="Microsoft.VisualStudio.TestTools.TestTypes.Unit.UnitTestAdapter, Microsoft.VisualStudio.QualityTools.Tips.UnitTest.Adapter, Version=10.0.0.0, Culture=neutral, PublicKeyToken=b03f5f7f11d50a3a" className="Microsoft.ApplicationServer.Http.ObjectContentOfTTests, Microsoft.ApplicationServer.Http.CIT.Unit, Version=0.0.0.0, Culture=neutral, PublicKeyToken=null" name="ReadAsOrDefaultAsyncGetsTaskOfObject" />
    </UnitTest>
    <UnitTest name="TypeIsCorrect" storage="f:\advisorsrepo\wcfhttp\http\test\microsoft.applicationserver.http\unit\bin\release\microsoft.applicationserver.http.cit.unit.dll" id="ee0a9bf9-ecfd-94e2-0637-e2e0eaa6ddcb">
      <Description>UriAndMethodOperationSelector is public, and concrete.</Description>
      <Execution timeOut="30000" id="36b06b6e-c9a8-4459-81ab-7378bd5c9247" />
      <Owners>
        <Owner name="dravva" />
      </Owners>
      <TestCategory>
        <TestCategoryItem TestCategory="CIT" />
      </TestCategory>
      <TestMethod codeBase="F:/advisorsrepo/wcfhttp/Http/Test/Microsoft.ApplicationServer.Http/Unit/bin/Release/Microsoft.ApplicationServer.Http.CIT.Unit.DLL" adapterTypeName="Microsoft.VisualStudio.TestTools.TestTypes.Unit.UnitTestAdapter, Microsoft.VisualStudio.QualityTools.Tips.UnitTest.Adapter, Version=10.0.0.0, Culture=neutral, PublicKeyToken=b03f5f7f11d50a3a" className="Microsoft.ApplicationServer.Http.Dispatcher.UriAndMethodOperationSelectorTests, Microsoft.ApplicationServer.Http.CIT.Unit, Version=0.0.0.0, Culture=neutral, PublicKeyToken=null" name="TypeIsCorrect" />
    </UnitTest>
    <UnitTest name="RequestMessage_Method_Determined_By_HttpRequestMessageProperty" storage="f:\advisorsrepo\wcfhttp\http\test\microsoft.applicationserver.http\unit\bin\release\microsoft.applicationserver.http.cit.unit.dll" id="189174a6-1728-040a-7ec9-afecbf0ff0af">
      <Description>HttpMessageEncodingRequestContext.RequestMessage returns an HttpMessage with the Method determined by the HttpRequestMessageProperty of the inner RequestContext's request message.</Description>
      <Execution timeOut="30000" id="2e09c0c9-2627-4bb8-9181-0a6fcd90d29b" />
      <Owners>
        <Owner name="derik" />
      </Owners>
      <TestCategory>
        <TestCategoryItem TestCategory="CIT" />
      </TestCategory>
      <TestMethod codeBase="F:/advisorsrepo/wcfhttp/Http/Test/Microsoft.ApplicationServer.Http/Unit/bin/Release/Microsoft.ApplicationServer.Http.CIT.Unit.DLL" adapterTypeName="Microsoft.VisualStudio.TestTools.TestTypes.Unit.UnitTestAdapter, Microsoft.VisualStudio.QualityTools.Tips.UnitTest.Adapter, Version=10.0.0.0, Culture=neutral, PublicKeyToken=b03f5f7f11d50a3a" className="Microsoft.ApplicationServer.Http.Channels.HttpMessageEncodingRequestContextTests, Microsoft.ApplicationServer.Http.CIT.Unit, Version=0.0.0.0, Culture=neutral, PublicKeyToken=null" name="RequestMessage_Method_Determined_By_HttpRequestMessageProperty" />
    </UnitTest>
    <UnitTest name="UnitTestClassIsCorrect" storage="f:\advisorsrepo\wcfhttp\http\test\microsoft.applicationserver.http\unit\bin\release\microsoft.applicationserver.http.cit.unit.dll" id="5fa23aa9-996f-f7ef-bdd9-3baf3a686605">
      <Execution timeOut="1800000" id="f4365b17-3e45-4137-a917-d153ddbf8226" />
      <TestMethod codeBase="F:/advisorsrepo/wcfhttp/Http/Test/Microsoft.ApplicationServer.Http/Unit/bin/Release/Microsoft.ApplicationServer.Http.CIT.Unit.DLL" adapterTypeName="Microsoft.VisualStudio.TestTools.TestTypes.Unit.UnitTestAdapter, Microsoft.VisualStudio.QualityTools.Tips.UnitTest.Adapter, Version=10.0.0.0, Culture=neutral, PublicKeyToken=b03f5f7f11d50a3a" className="Microsoft.ApplicationServer.Http.MediaTypeFormatterCollectionTests, Microsoft.ApplicationServer.Http.CIT.Unit, Version=0.0.0.0, Culture=neutral, PublicKeyToken=null" name="UnitTestClassIsCorrect" />
    </UnitTest>
    <UnitTest name="ConvertStringToHttpResponseMessageOfTThrows" storage="f:\advisorsrepo\wcfhttp\http\test\microsoft.applicationserver.http\unit\bin\release\microsoft.applicationserver.http.cit.unit.dll" id="bba1810e-7b2d-4fb1-a64c-c613fd577adb">
      <Description>Convert(string) to HttpResponseMessage&lt;T&gt; throws.</Description>
      <Execution timeOut="30000" id="4583846b-d298-468b-8e37-2a5d438d5ec6" />
      <Owners>
        <Owner name="dravva" />
      </Owners>
      <TestCategory>
        <TestCategoryItem TestCategory="CIT" />
      </TestCategory>
      <TestMethod codeBase="F:/advisorsrepo/wcfhttp/Http/Test/Microsoft.ApplicationServer.Http/Unit/bin/Release/Microsoft.ApplicationServer.Http.CIT.Unit.DLL" adapterTypeName="Microsoft.VisualStudio.TestTools.TestTypes.Unit.UnitTestAdapter, Microsoft.VisualStudio.QualityTools.Tips.UnitTest.Adapter, Version=10.0.0.0, Culture=neutral, PublicKeyToken=b03f5f7f11d50a3a" className="Microsoft.ApplicationServer.Http.Description.HttpParameterValueConverterTests, Microsoft.ApplicationServer.Http.CIT.Unit, Version=0.0.0.0, Culture=neutral, PublicKeyToken=null" name="ConvertStringToHttpResponseMessageOfTThrows" />
    </UnitTest>
    <UnitTest name="HttpOperationDescription_Can_Be_Created_From_Simple_Types" storage="f:\advisorsrepo\wcfhttp\http\test\microsoft.applicationserver.http\unit\bin\release\microsoft.applicationserver.http.cit.unit.dll" id="ac80ed78-92e6-31af-46b9-dc7bad94ea62">
      <Description>HttpOperationDescription can be created from simple types</Description>
      <Execution timeOut="30000" id="6f28545c-6ece-4681-96b9-6cdc233e3a3f" />
      <Owners>
        <Owner name="maying" />
      </Owners>
      <TestCategory>
        <TestCategoryItem TestCategory="CIT" />
      </TestCategory>
      <TestMethod codeBase="F:/advisorsrepo/wcfhttp/Http/Test/Microsoft.ApplicationServer.Http/Unit/bin/Release/Microsoft.ApplicationServer.Http.CIT.Unit.DLL" adapterTypeName="Microsoft.VisualStudio.TestTools.TestTypes.Unit.UnitTestAdapter, Microsoft.VisualStudio.QualityTools.Tips.UnitTest.Adapter, Version=10.0.0.0, Culture=neutral, PublicKeyToken=b03f5f7f11d50a3a" className="Microsoft.ApplicationServer.Http.Description.HttpOperationDescriptionTests, Microsoft.ApplicationServer.Http.CIT.Unit, Version=0.0.0.0, Culture=neutral, PublicKeyToken=null" name="HttpOperationDescription_Can_Be_Created_From_Simple_Types" />
    </UnitTest>
    <UnitTest name="IsAssignableFromParameterReturnsTrueForAllHttpResponseMessageOfTTypes" storage="f:\advisorsrepo\wcfhttp\http\test\microsoft.applicationserver.http\unit\bin\release\microsoft.applicationserver.http.cit.unit.dll" id="f52f2d02-fcd1-67b0-e7b0-123c650353f3">
      <Description>IsAssignableFromParameter(Type) returns true for all HttpResponseMessage&lt;T&gt; types.</Description>
      <Execution timeOut="30000" id="2476771d-6583-46c3-a196-ace57908b799" />
      <Owners>
        <Owner name="dravva" />
      </Owners>
      <TestCategory>
        <TestCategoryItem TestCategory="CIT" />
      </TestCategory>
      <TestMethod codeBase="F:/advisorsrepo/wcfhttp/Http/Test/Microsoft.ApplicationServer.Http/Unit/bin/Release/Microsoft.ApplicationServer.Http.CIT.Unit.DLL" adapterTypeName="Microsoft.VisualStudio.TestTools.TestTypes.Unit.UnitTestAdapter, Microsoft.VisualStudio.QualityTools.Tips.UnitTest.Adapter, Version=10.0.0.0, Culture=neutral, PublicKeyToken=b03f5f7f11d50a3a" className="Microsoft.ApplicationServer.Http.Description.HttpParameterTests, Microsoft.ApplicationServer.Http.CIT.Unit, Version=0.0.0.0, Culture=neutral, PublicKeyToken=null" name="IsAssignableFromParameterReturnsTrueForAllHttpResponseMessageOfTTypes" />
    </UnitTest>
    <UnitTest name="ToMessage_Throws_When_This_Is_Null_For_HttpResponseMessage" storage="f:\advisorsrepo\wcfhttp\http\test\microsoft.applicationserver.http\unit\bin\release\microsoft.applicationserver.http.cit.unit.dll" id="98f3b086-7f11-f16c-f530-ab9c440e4287">
      <Description>HttpRequestMessage.ToMessage throws ArgumentNullException when the HttpResponseMessage is null.</Description>
      <Execution timeOut="30000" id="518cb2f2-7cf1-4cdf-8ab2-e38139040e84" />
      <Owners>
        <Owner name="derik" />
      </Owners>
      <TestCategory>
        <TestCategoryItem TestCategory="CIT" />
      </TestCategory>
      <TestMethod codeBase="F:/advisorsrepo/wcfhttp/Http/Test/Microsoft.ApplicationServer.Http/Unit/bin/Release/Microsoft.ApplicationServer.Http.CIT.Unit.DLL" adapterTypeName="Microsoft.VisualStudio.TestTools.TestTypes.Unit.UnitTestAdapter, Microsoft.VisualStudio.QualityTools.Tips.UnitTest.Adapter, Version=10.0.0.0, Culture=neutral, PublicKeyToken=b03f5f7f11d50a3a" className="Microsoft.ApplicationServer.Http.Channels.HttpMessageExtensionMethodsTests, Microsoft.ApplicationServer.Http.CIT.Unit, Version=0.0.0.0, Culture=neutral, PublicKeyToken=null" name="ToMessage_Throws_When_This_Is_Null_For_HttpResponseMessage" />
    </UnitTest>
    <UnitTest name="HttpParameterCollection_Ctor_Throws_Null_Descriptions" storage="f:\advisorsrepo\wcfhttp\http\test\microsoft.applicationserver.http\unit\bin\release\microsoft.applicationserver.http.cit.unit.dll" id="34228ec8-2abe-e7fe-dfc2-ceec41b7c657">
      <Description>HttpParameterCollection throws for null ctor descriptions parameter</Description>
      <Execution timeOut="30000" id="ddee0245-1e97-4a40-b6c6-afdda79a2141" />
      <Owners>
        <Owner name="derik" />
      </Owners>
      <TestCategory>
        <TestCategoryItem TestCategory="CIT" />
      </TestCategory>
      <TestMethod codeBase="F:/advisorsrepo/wcfhttp/Http/Test/Microsoft.ApplicationServer.Http/Unit/bin/Release/Microsoft.ApplicationServer.Http.CIT.Unit.DLL" adapterTypeName="Microsoft.VisualStudio.TestTools.TestTypes.Unit.UnitTestAdapter, Microsoft.VisualStudio.QualityTools.Tips.UnitTest.Adapter, Version=10.0.0.0, Culture=neutral, PublicKeyToken=b03f5f7f11d50a3a" className="Microsoft.ApplicationServer.Http.Description.HttpParameterCollectionTests, Microsoft.ApplicationServer.Http.CIT.Unit, Version=0.0.0.0, Culture=neutral, PublicKeyToken=null" name="HttpParameterCollection_Ctor_Throws_Null_Descriptions" />
    </UnitTest>
    <UnitTest name="Compare_Returns_0_For_Same_MediaTypeHeaderValue" storage="f:\advisorsrepo\wcfhttp\http\test\microsoft.applicationserver.http\unit\bin\release\microsoft.applicationserver.http.cit.unit.dll" id="1e5a149b-b7ab-ef42-1cfd-14a42711753b">
      <Description>MediaTypeHeadeValueComparer.Compare returns 0 for same MediaTypeHeaderValue instance.</Description>
      <Execution timeOut="30000" id="e2d4ae89-025d-4b97-80fc-e23d25a5f622" />
      <Owners>
        <Owner name="vinelap" />
      </Owners>
      <TestCategory>
        <TestCategoryItem TestCategory="CIT" />
      </TestCategory>
      <TestMethod codeBase="F:/advisorsrepo/wcfhttp/Http/Test/Microsoft.ApplicationServer.Http/Unit/bin/Release/Microsoft.ApplicationServer.Http.CIT.Unit.DLL" adapterTypeName="Microsoft.VisualStudio.TestTools.TestTypes.Unit.UnitTestAdapter, Microsoft.VisualStudio.QualityTools.Tips.UnitTest.Adapter, Version=10.0.0.0, Culture=neutral, PublicKeyToken=b03f5f7f11d50a3a" className="Microsoft.ApplicationServer.Http.MediaTypeHeadeValueComparerTests, Microsoft.ApplicationServer.Http.CIT.Unit, Version=0.0.0.0, Culture=neutral, PublicKeyToken=null" name="Compare_Returns_0_For_Same_MediaTypeHeaderValue" />
    </UnitTest>
    <UnitTest name="SetSerializerThrowsWithNullType" storage="f:\advisorsrepo\wcfhttp\http\test\microsoft.applicationserver.http\unit\bin\release\microsoft.applicationserver.http.cit.unit.dll" id="93ac5e19-fc4b-4418-1995-c625d750d655">
      <Description>JsonMediaTypeFormatter.SetSerializer throws with null type.</Description>
      <Execution timeOut="30000" id="31dd18b7-ae42-4aae-b401-c9ca92a90934" />
      <Owners>
        <Owner name="dravva" />
      </Owners>
      <TestCategory>
        <TestCategoryItem TestCategory="CIT" />
      </TestCategory>
      <TestMethod codeBase="F:/advisorsrepo/wcfhttp/Http/Test/Microsoft.ApplicationServer.Http/Unit/bin/Release/Microsoft.ApplicationServer.Http.CIT.Unit.DLL" adapterTypeName="Microsoft.VisualStudio.TestTools.TestTypes.Unit.UnitTestAdapter, Microsoft.VisualStudio.QualityTools.Tips.UnitTest.Adapter, Version=10.0.0.0, Culture=neutral, PublicKeyToken=b03f5f7f11d50a3a" className="Microsoft.ApplicationServer.Http.JsonMediaTypeFormatterTests, Microsoft.ApplicationServer.Http.CIT.Unit, Version=0.0.0.0, Culture=neutral, PublicKeyToken=null" name="SetSerializerThrowsWithNullType" />
    </UnitTest>
    <UnitTest name="SupportsMediaTypeReturnsTrueWithExtensionInUri" storage="f:\advisorsrepo\wcfhttp\http\test\microsoft.applicationserver.http\unit\bin\release\microsoft.applicationserver.http.cit.unit.dll" id="dc8ce518-e475-92f1-3c44-f5b3129a9802">
      <Description>SupportsMediaType(HttpRequestMessage) returns true when the extension is in the Uri.</Description>
      <Execution timeOut="30000" id="3257d172-ed26-42df-a252-08a7f62c30a1" />
      <Owners>
        <Owner name="dravva" />
      </Owners>
      <TestCategory>
        <TestCategoryItem TestCategory="CIT" />
      </TestCategory>
      <TestMethod codeBase="F:/advisorsrepo/wcfhttp/Http/Test/Microsoft.ApplicationServer.Http/Unit/bin/Release/Microsoft.ApplicationServer.Http.CIT.Unit.DLL" adapterTypeName="Microsoft.VisualStudio.TestTools.TestTypes.Unit.UnitTestAdapter, Microsoft.VisualStudio.QualityTools.Tips.UnitTest.Adapter, Version=10.0.0.0, Culture=neutral, PublicKeyToken=b03f5f7f11d50a3a" className="Microsoft.ApplicationServer.Http.UriPathExtensionMappingTests, Microsoft.ApplicationServer.Http.CIT.Unit, Version=0.0.0.0, Culture=neutral, PublicKeyToken=null" name="SupportsMediaTypeReturnsTrueWithExtensionInUri" />
    </UnitTest>
    <UnitTest name="BackCompatDeserializedAsXmlSerializable" storage="f:\advisorsrepo\wcfhttp\http\test\microsoft.applicationserver.http\unit\bin\release\microsoft.applicationserver.http.cit.unit.dll" id="71ee6ddf-f8ee-970e-3543-17150041201b">
      <Description>HttpBehavior is backwards compatible when deserializing types using the XmlSerializer.</Description>
      <Execution timeOut="240000" id="8c613c74-83f5-4cae-b7b7-e940aaedbb0d" />
      <Owners>
        <Owner name="vinelap" />
      </Owners>
      <TestCategory>
        <TestCategoryItem TestCategory="CIT" />
      </TestCategory>
      <TestMethod codeBase="F:/advisorsrepo/wcfhttp/Http/Test/Microsoft.ApplicationServer.Http/Unit/bin/Release/Microsoft.ApplicationServer.Http.CIT.Unit.DLL" adapterTypeName="Microsoft.VisualStudio.TestTools.TestTypes.Unit.UnitTestAdapter, Microsoft.VisualStudio.QualityTools.Tips.UnitTest.Adapter, Version=10.0.0.0, Culture=neutral, PublicKeyToken=b03f5f7f11d50a3a" className="Microsoft.ApplicationServer.Http.Description.HttpBehaviorTests, Microsoft.ApplicationServer.Http.CIT.Unit, Version=0.0.0.0, Culture=neutral, PublicKeyToken=null" name="BackCompatDeserializedAsXmlSerializable" />
    </UnitTest>
    <UnitTest name="HttpParameterCollection_Synchronized_OneWay_CopyTo" storage="f:\advisorsrepo\wcfhttp\http\test\microsoft.applicationserver.http\unit\bin\release\microsoft.applicationserver.http.cit.unit.dll" id="12b44917-701f-481f-c1f5-b7bfe48628cc">
      <Description>HttpParameterCollection created from MessagePartDescriptionCollection implements CopyTo correctly for one-way operations</Description>
      <Execution timeOut="30000" id="a73e3f09-d4b9-40b9-aa7e-da7db384a4f9" />
      <Owners>
        <Owner name="derik" />
      </Owners>
      <TestCategory>
        <TestCategoryItem TestCategory="CIT" />
      </TestCategory>
      <TestMethod codeBase="F:/advisorsrepo/wcfhttp/Http/Test/Microsoft.ApplicationServer.Http/Unit/bin/Release/Microsoft.ApplicationServer.Http.CIT.Unit.DLL" adapterTypeName="Microsoft.VisualStudio.TestTools.TestTypes.Unit.UnitTestAdapter, Microsoft.VisualStudio.QualityTools.Tips.UnitTest.Adapter, Version=10.0.0.0, Culture=neutral, PublicKeyToken=b03f5f7f11d50a3a" className="Microsoft.ApplicationServer.Http.Description.HttpParameterCollectionTests, Microsoft.ApplicationServer.Http.CIT.Unit, Version=0.0.0.0, Culture=neutral, PublicKeyToken=null" name="HttpParameterCollection_Synchronized_OneWay_CopyTo" />
    </UnitTest>
    <UnitTest name="WebGet_With_Default_UriTemplate_And_HttpRequest_As_Parameter_Test" storage="f:\advisorsrepo\wcfhttp\http\test\microsoft.applicationserver.http\unit\bin\release\microsoft.applicationserver.http.cit.unit.dll" id="ab27b025-f1d3-cddd-f6d5-f21c737000d3">
      <Description>When HttpRequestMessage is an in parameter in a WebGet operation, it should not be in the input parameter list of the generated OperationDescription.</Description>
      <Execution timeOut="30000" id="731bae4d-f1fd-4e37-b3ac-be139f522aba" />
      <Owners>
        <Owner name="vinelap" />
      </Owners>
      <TestCategory>
        <TestCategoryItem TestCategory="CIT" />
      </TestCategory>
      <TestMethod codeBase="F:/advisorsrepo/wcfhttp/Http/Test/Microsoft.ApplicationServer.Http/Unit/bin/Release/Microsoft.ApplicationServer.Http.CIT.Unit.DLL" adapterTypeName="Microsoft.VisualStudio.TestTools.TestTypes.Unit.UnitTestAdapter, Microsoft.VisualStudio.QualityTools.Tips.UnitTest.Adapter, Version=10.0.0.0, Culture=neutral, PublicKeyToken=b03f5f7f11d50a3a" className="Microsoft.ApplicationServer.Http.Dispatcher.HelpPageTests, Microsoft.ApplicationServer.Http.CIT.Unit, Version=0.0.0.0, Culture=neutral, PublicKeyToken=null" name="WebGet_With_Default_UriTemplate_And_HttpRequest_As_Parameter_Test" />
    </UnitTest>
    <UnitTest name="HandleCallsOnHandleOfGeneric14" storage="f:\advisorsrepo\wcfhttp\http\test\microsoft.applicationserver.http\unit\bin\release\microsoft.applicationserver.http.cit.unit.dll" id="fd0b409c-1523-d706-b3f7-3dd891255108">
      <Description>Handle(object[]) calls OnHandle for the generic HttpOperationHandlerOfT.</Description>
      <Execution timeOut="30000" id="d17695af-8304-4b83-adc9-8ad7e29ae4e3" />
      <Owners>
        <Owner name="dravva" />
      </Owners>
      <TestCategory>
        <TestCategoryItem TestCategory="CIT" />
      </TestCategory>
      <TestMethod codeBase="F:/advisorsrepo/wcfhttp/Http/Test/Microsoft.ApplicationServer.Http/Unit/bin/Release/Microsoft.ApplicationServer.Http.CIT.Unit.DLL" adapterTypeName="Microsoft.VisualStudio.TestTools.TestTypes.Unit.UnitTestAdapter, Microsoft.VisualStudio.QualityTools.Tips.UnitTest.Adapter, Version=10.0.0.0, Culture=neutral, PublicKeyToken=b03f5f7f11d50a3a" className="Microsoft.ApplicationServer.Http.Dispatcher.HttpOperationHandlerOfTTests, Microsoft.ApplicationServer.Http.CIT.Unit, Version=0.0.0.0, Culture=neutral, PublicKeyToken=null" name="HandleCallsOnHandleOfGeneric14" />
    </UnitTest>
    <UnitTest name="Constructor4ThrowsWithNullFormatters" storage="f:\advisorsrepo\wcfhttp\http\test\microsoft.applicationserver.http\unit\bin\release\microsoft.applicationserver.http.cit.unit.dll" id="5b0f1f73-e141-ce6a-f8c4-9df78e783452">
      <Description>HttpResponseMessage&lt;T&gt;(T, HttpStatusCode, IEnumerable&lt;MediaTypeFormatter&gt;) throws with null formatters parameter.</Description>
      <Execution timeOut="30000" id="686dcf23-82f8-4233-a0b2-d5ebce6f8786" />
      <Owners>
        <Owner name="dravva" />
      </Owners>
      <TestCategory>
        <TestCategoryItem TestCategory="CIT" />
      </TestCategory>
      <TestMethod codeBase="F:/advisorsrepo/wcfhttp/Http/Test/Microsoft.ApplicationServer.Http/Unit/bin/Release/Microsoft.ApplicationServer.Http.CIT.Unit.DLL" adapterTypeName="Microsoft.VisualStudio.TestTools.TestTypes.Unit.UnitTestAdapter, Microsoft.VisualStudio.QualityTools.Tips.UnitTest.Adapter, Version=10.0.0.0, Culture=neutral, PublicKeyToken=b03f5f7f11d50a3a" className="Microsoft.ApplicationServer.Http.HttpResponseMessageOfTTests, Microsoft.ApplicationServer.Http.CIT.Unit, Version=0.0.0.0, Culture=neutral, PublicKeyToken=null" name="Constructor4ThrowsWithNullFormatters" />
    </UnitTest>
    <UnitTest name="AcceptChannel_Returns_HttpMessageEncodingReplyChannel" storage="f:\advisorsrepo\wcfhttp\http\test\microsoft.applicationserver.http\unit\bin\release\microsoft.applicationserver.http.cit.unit.dll" id="f5e7769a-ffb4-cd4c-f596-1ece8eb2e27c">
      <Description>HttpMessageEncodingChannelListener.AcceptChannel returns an HttpMessageEncodingReplyChannel.</Description>
      <Execution timeOut="30000" id="83c31a23-d3a7-48db-8d6e-731276eedb66" />
      <Owners>
        <Owner name="derik" />
      </Owners>
      <TestCategory>
        <TestCategoryItem TestCategory="CIT" />
      </TestCategory>
      <TestMethod codeBase="F:/advisorsrepo/wcfhttp/Http/Test/Microsoft.ApplicationServer.Http/Unit/bin/Release/Microsoft.ApplicationServer.Http.CIT.Unit.DLL" adapterTypeName="Microsoft.VisualStudio.TestTools.TestTypes.Unit.UnitTestAdapter, Microsoft.VisualStudio.QualityTools.Tips.UnitTest.Adapter, Version=10.0.0.0, Culture=neutral, PublicKeyToken=b03f5f7f11d50a3a" className="Microsoft.ApplicationServer.Http.Channels.HttpMessageEncodingChannelListenerTests, Microsoft.ApplicationServer.Http.CIT.Unit, Version=0.0.0.0, Culture=neutral, PublicKeyToken=null" name="AcceptChannel_Returns_HttpMessageEncodingReplyChannel" />
    </UnitTest>
    <UnitTest name="HandleCallsOnHandleOfGeneric10" storage="f:\advisorsrepo\wcfhttp\http\test\microsoft.applicationserver.http\unit\bin\release\microsoft.applicationserver.http.cit.unit.dll" id="7f778112-3a2b-b55e-3573-2466114a2a8e">
      <Description>Handle(object[]) calls OnHandle for the generic HttpOperationHandlerOfT.</Description>
      <Execution timeOut="30000" id="e6639ff4-51ae-4984-b8e8-c4b380b17a7c" />
      <Owners>
        <Owner name="dravva" />
      </Owners>
      <TestCategory>
        <TestCategoryItem TestCategory="CIT" />
      </TestCategory>
      <TestMethod codeBase="F:/advisorsrepo/wcfhttp/Http/Test/Microsoft.ApplicationServer.Http/Unit/bin/Release/Microsoft.ApplicationServer.Http.CIT.Unit.DLL" adapterTypeName="Microsoft.VisualStudio.TestTools.TestTypes.Unit.UnitTestAdapter, Microsoft.VisualStudio.QualityTools.Tips.UnitTest.Adapter, Version=10.0.0.0, Culture=neutral, PublicKeyToken=b03f5f7f11d50a3a" className="Microsoft.ApplicationServer.Http.Dispatcher.HttpOperationHandlerOfTTests, Microsoft.ApplicationServer.Http.CIT.Unit, Version=0.0.0.0, Culture=neutral, PublicKeyToken=null" name="HandleCallsOnHandleOfGeneric10" />
    </UnitTest>
    <UnitTest name="RequestContentReturnsHttpContentHttpParameter" storage="f:\advisorsrepo\wcfhttp\http\test\microsoft.applicationserver.http\unit\bin\release\microsoft.applicationserver.http.cit.unit.dll" id="6895f33b-f4dd-253e-0f2a-71860df4cbf7">
      <Description>RequestHeaders returns HttpContent HttpParameter.</Description>
      <Execution timeOut="30000" id="07ebd98a-a650-4145-beb6-40c5225f3200" />
      <Owners>
        <Owner name="maying" />
      </Owners>
      <TestCategory>
        <TestCategoryItem TestCategory="CIT" />
      </TestCategory>
      <TestMethod codeBase="F:/advisorsrepo/wcfhttp/Http/Test/Microsoft.ApplicationServer.Http/Unit/bin/Release/Microsoft.ApplicationServer.Http.CIT.Unit.DLL" adapterTypeName="Microsoft.VisualStudio.TestTools.TestTypes.Unit.UnitTestAdapter, Microsoft.VisualStudio.QualityTools.Tips.UnitTest.Adapter, Version=10.0.0.0, Culture=neutral, PublicKeyToken=b03f5f7f11d50a3a" className="Microsoft.ApplicationServer.Http.Description.HttpParameterTests, Microsoft.ApplicationServer.Http.CIT.Unit, Version=0.0.0.0, Culture=neutral, PublicKeyToken=null" name="RequestContentReturnsHttpContentHttpParameter" />
    </UnitTest>
    <UnitTest name="AcceptChannel_Calls_The_Inner_Listener_With_Timeout" storage="f:\advisorsrepo\wcfhttp\http\test\microsoft.applicationserver.http\unit\bin\release\microsoft.applicationserver.http.cit.unit.dll" id="ed725def-81ad-1b86-a4e5-da005ce3bf22">
      <Description>HttpMessageEncodingChannelListener.AcceptChannel calls AcceptChannel on the inner listener with the given timeout value.</Description>
      <Execution timeOut="30000" id="a3fc44d5-087a-4522-8827-1eaee46c987a" />
      <Owners>
        <Owner name="derik" />
      </Owners>
      <TestCategory>
        <TestCategoryItem TestCategory="CIT" />
      </TestCategory>
      <TestMethod codeBase="F:/advisorsrepo/wcfhttp/Http/Test/Microsoft.ApplicationServer.Http/Unit/bin/Release/Microsoft.ApplicationServer.Http.CIT.Unit.DLL" adapterTypeName="Microsoft.VisualStudio.TestTools.TestTypes.Unit.UnitTestAdapter, Microsoft.VisualStudio.QualityTools.Tips.UnitTest.Adapter, Version=10.0.0.0, Culture=neutral, PublicKeyToken=b03f5f7f11d50a3a" className="Microsoft.ApplicationServer.Http.Channels.HttpMessageEncodingChannelListenerTests, Microsoft.ApplicationServer.Http.CIT.Unit, Version=0.0.0.0, Culture=neutral, PublicKeyToken=null" name="AcceptChannel_Calls_The_Inner_Listener_With_Timeout" />
    </UnitTest>
    <UnitTest name="FormattersHaveStandardFormatters" storage="f:\advisorsrepo\wcfhttp\http\test\microsoft.applicationserver.http\unit\bin\release\microsoft.applicationserver.http.cit.unit.dll" id="0256b450-4548-f0fc-56fb-3a2e6068ac9c">
      <Description>Formatters are initialized to the standard formatters if none are supplied.</Description>
      <Execution timeOut="30000" id="eac014e6-afae-48f4-9bc8-6f8901661297" />
      <Owners>
        <Owner name="dravva" />
      </Owners>
      <TestCategory>
        <TestCategoryItem TestCategory="CIT" />
      </TestCategory>
      <TestMethod codeBase="F:/advisorsrepo/wcfhttp/Http/Test/Microsoft.ApplicationServer.Http/Unit/bin/Release/Microsoft.ApplicationServer.Http.CIT.Unit.DLL" adapterTypeName="Microsoft.VisualStudio.TestTools.TestTypes.Unit.UnitTestAdapter, Microsoft.VisualStudio.QualityTools.Tips.UnitTest.Adapter, Version=10.0.0.0, Culture=neutral, PublicKeyToken=b03f5f7f11d50a3a" className="Microsoft.ApplicationServer.Http.Dispatcher.ResponseContentHandlerTests, Microsoft.ApplicationServer.Http.CIT.Unit, Version=0.0.0.0, Culture=neutral, PublicKeyToken=null" name="FormattersHaveStandardFormatters" />
    </UnitTest>
    <UnitTest name="Abort_Calls_Inner_RequestContext" storage="f:\advisorsrepo\wcfhttp\http\test\microsoft.applicationserver.http\unit\bin\release\microsoft.applicationserver.http.cit.unit.dll" id="309f3e74-f1a6-c9ee-8ce6-3caa4cfd8e64">
      <Description>HttpMessageEncodingRequestContext.Abort calls Abort on the inner RequestContext.</Description>
      <Execution timeOut="30000" id="f01b1842-495c-4273-8278-26b5f9d9f776" />
      <Owners>
        <Owner name="derik" />
      </Owners>
      <TestCategory>
        <TestCategoryItem TestCategory="CIT" />
      </TestCategory>
      <TestMethod codeBase="F:/advisorsrepo/wcfhttp/Http/Test/Microsoft.ApplicationServer.Http/Unit/bin/Release/Microsoft.ApplicationServer.Http.CIT.Unit.DLL" adapterTypeName="Microsoft.VisualStudio.TestTools.TestTypes.Unit.UnitTestAdapter, Microsoft.VisualStudio.QualityTools.Tips.UnitTest.Adapter, Version=10.0.0.0, Culture=neutral, PublicKeyToken=b03f5f7f11d50a3a" className="Microsoft.ApplicationServer.Http.Channels.HttpMessageEncodingRequestContextTests, Microsoft.ApplicationServer.Http.CIT.Unit, Version=0.0.0.0, Culture=neutral, PublicKeyToken=null" name="Abort_Calls_Inner_RequestContext" />
    </UnitTest>
    <UnitTest name="AcceptChannel_Returns_Null_If_Inner_Listener_Returns_Null" storage="f:\advisorsrepo\wcfhttp\http\test\microsoft.applicationserver.http\unit\bin\release\microsoft.applicationserver.http.cit.unit.dll" id="5e87330d-c731-6037-209e-1776f13be14e">
      <Description>HttpMessageEncodingChannelListener.AcceptChannel returns null if the inner listener returns null.</Description>
      <Execution timeOut="30000" id="c616c781-9606-4e17-a18f-af4180958a51" />
      <Owners>
        <Owner name="derik" />
      </Owners>
      <TestCategory>
        <TestCategoryItem TestCategory="CIT" />
      </TestCategory>
      <TestMethod codeBase="F:/advisorsrepo/wcfhttp/Http/Test/Microsoft.ApplicationServer.Http/Unit/bin/Release/Microsoft.ApplicationServer.Http.CIT.Unit.DLL" adapterTypeName="Microsoft.VisualStudio.TestTools.TestTypes.Unit.UnitTestAdapter, Microsoft.VisualStudio.QualityTools.Tips.UnitTest.Adapter, Version=10.0.0.0, Culture=neutral, PublicKeyToken=b03f5f7f11d50a3a" className="Microsoft.ApplicationServer.Http.Channels.HttpMessageEncodingChannelListenerTests, Microsoft.ApplicationServer.Http.CIT.Unit, Version=0.0.0.0, Culture=neutral, PublicKeyToken=null" name="AcceptChannel_Returns_Null_If_Inner_Listener_Returns_Null" />
    </UnitTest>
    <UnitTest name="ConstructorThrowsIfAResponseHandlerInputCanNotBeBoundAndItCanBeConvertedToFromAString" storage="f:\advisorsrepo\wcfhttp\http\test\microsoft.applicationserver.http\unit\bin\release\microsoft.applicationserver.http.cit.unit.dll" id="c77887d7-659d-9176-f4fa-e4cea04c1c21">
      <Description>OperationHandlerPipelineInfo(IEnumerable&lt;HttpOperationHandler&gt;, IEnumerable&lt;HttpOperationHandler&gt;, HttpOperationDescription) throws if a response HttpOperationHandler input parameter can not bound and it can be conveted to from a string.</Description>
      <Execution timeOut="30000" id="196b0fa6-51c3-4cc1-9bd6-4bd6b71cfccd" />
      <Owners>
        <Owner name="dravva" />
      </Owners>
      <TestCategory>
        <TestCategoryItem TestCategory="CIT" />
      </TestCategory>
      <TestMethod codeBase="F:/advisorsrepo/wcfhttp/Http/Test/Microsoft.ApplicationServer.Http/Unit/bin/Release/Microsoft.ApplicationServer.Http.CIT.Unit.DLL" adapterTypeName="Microsoft.VisualStudio.TestTools.TestTypes.Unit.UnitTestAdapter, Microsoft.VisualStudio.QualityTools.Tips.UnitTest.Adapter, Version=10.0.0.0, Culture=neutral, PublicKeyToken=b03f5f7f11d50a3a" className="Microsoft.ApplicationServer.Http.Dispatcher.OperationHandlerPipelineInfoTests, Microsoft.ApplicationServer.Http.CIT.Unit, Version=0.0.0.0, Culture=neutral, PublicKeyToken=null" name="ConstructorThrowsIfAResponseHandlerInputCanNotBeBoundAndItCanBeConvertedToFromAString" />
    </UnitTest>
    <UnitTest name="ConstructorThrowsWithEmptyName" storage="f:\advisorsrepo\wcfhttp\http\test\microsoft.applicationserver.http\unit\bin\release\microsoft.applicationserver.http.cit.unit.dll" id="6fd793ea-543c-99c0-f109-b34c2d96e9f0">
      <Description>HttpParameter(string, Type) throws for empty name.</Description>
      <Execution timeOut="30000" id="d7c03dfb-ee65-4c62-9b99-56068de5072d" />
      <Owners>
        <Owner name="maying" />
      </Owners>
      <TestCategory>
        <TestCategoryItem TestCategory="CIT" />
      </TestCategory>
      <TestMethod codeBase="F:/advisorsrepo/wcfhttp/Http/Test/Microsoft.ApplicationServer.Http/Unit/bin/Release/Microsoft.ApplicationServer.Http.CIT.Unit.DLL" adapterTypeName="Microsoft.VisualStudio.TestTools.TestTypes.Unit.UnitTestAdapter, Microsoft.VisualStudio.QualityTools.Tips.UnitTest.Adapter, Version=10.0.0.0, Culture=neutral, PublicKeyToken=b03f5f7f11d50a3a" className="Microsoft.ApplicationServer.Http.Description.HttpParameterTests, Microsoft.ApplicationServer.Http.CIT.Unit, Version=0.0.0.0, Culture=neutral, PublicKeyToken=null" name="ConstructorThrowsWithEmptyName" />
    </UnitTest>
    <UnitTest name="Constructor2ThrowsWithNullFormatters" storage="f:\advisorsrepo\wcfhttp\http\test\microsoft.applicationserver.http\unit\bin\release\microsoft.applicationserver.http.cit.unit.dll" id="80e37262-ef46-b1de-409a-fe3b316cff54">
      <Description>HttpRequestMessage&lt;T&gt;(T, IEnumerable&lt;MediaTypeFormatter&gt;) throws with null formatters parameter.</Description>
      <Execution timeOut="30000" id="72aeb324-e0d5-44fd-a1bf-7639441c8666" />
      <Owners>
        <Owner name="dravva" />
      </Owners>
      <TestCategory>
        <TestCategoryItem TestCategory="CIT" />
      </TestCategory>
      <TestMethod codeBase="F:/advisorsrepo/wcfhttp/Http/Test/Microsoft.ApplicationServer.Http/Unit/bin/Release/Microsoft.ApplicationServer.Http.CIT.Unit.DLL" adapterTypeName="Microsoft.VisualStudio.TestTools.TestTypes.Unit.UnitTestAdapter, Microsoft.VisualStudio.QualityTools.Tips.UnitTest.Adapter, Version=10.0.0.0, Culture=neutral, PublicKeyToken=b03f5f7f11d50a3a" className="Microsoft.ApplicationServer.Http.HttpRequestMessageOfTTests, Microsoft.ApplicationServer.Http.CIT.Unit, Version=0.0.0.0, Culture=neutral, PublicKeyToken=null" name="Constructor2ThrowsWithNullFormatters" />
    </UnitTest>
    <UnitTest name="Constructor5ThrowsWithNullType" storage="f:\advisorsrepo\wcfhttp\http\test\microsoft.applicationserver.http\unit\bin\release\microsoft.applicationserver.http.cit.unit.dll" id="77a9b352-1b49-753f-a09d-374a05905bbc">
      <Description>ObjectContent(Type, object, string, IEnumerable&lt;MediaTypeFormatter&gt;) throws for a null Type parameter.</Description>
      <Execution timeOut="30000" id="ab7c2bbe-9b02-45a3-acbe-5f5cab206587" />
      <Owners>
        <Owner name="dravva" />
      </Owners>
      <TestCategory>
        <TestCategoryItem TestCategory="CIT" />
      </TestCategory>
      <TestMethod codeBase="F:/advisorsrepo/wcfhttp/Http/Test/Microsoft.ApplicationServer.Http/Unit/bin/Release/Microsoft.ApplicationServer.Http.CIT.Unit.DLL" adapterTypeName="Microsoft.VisualStudio.TestTools.TestTypes.Unit.UnitTestAdapter, Microsoft.VisualStudio.QualityTools.Tips.UnitTest.Adapter, Version=10.0.0.0, Culture=neutral, PublicKeyToken=b03f5f7f11d50a3a" className="Microsoft.ApplicationServer.Http.ObjectContentTests, Microsoft.ApplicationServer.Http.CIT.Unit, Version=0.0.0.0, Culture=neutral, PublicKeyToken=null" name="Constructor5ThrowsWithNullType" />
    </UnitTest>
    <UnitTest name="TypeIsCorrect" storage="f:\advisorsrepo\wcfhttp\http\test\microsoft.applicationserver.http\unit\bin\release\microsoft.applicationserver.http.cit.unit.dll" id="9477fca3-38e3-3c2e-1416-56dfff34abd0">
      <Description>HttpParameter is public, concrete and not sealed.</Description>
      <Execution timeOut="30000" id="1c4c76e1-26b7-4755-82f7-4a8392c98a46" />
      <Owners>
        <Owner name="dravva" />
      </Owners>
      <TestCategory>
        <TestCategoryItem TestCategory="CIT" />
      </TestCategory>
      <TestMethod codeBase="F:/advisorsrepo/wcfhttp/Http/Test/Microsoft.ApplicationServer.Http/Unit/bin/Release/Microsoft.ApplicationServer.Http.CIT.Unit.DLL" adapterTypeName="Microsoft.VisualStudio.TestTools.TestTypes.Unit.UnitTestAdapter, Microsoft.VisualStudio.QualityTools.Tips.UnitTest.Adapter, Version=10.0.0.0, Culture=neutral, PublicKeyToken=b03f5f7f11d50a3a" className="Microsoft.ApplicationServer.Http.Description.HttpParameterTests, Microsoft.ApplicationServer.Http.CIT.Unit, Version=0.0.0.0, Culture=neutral, PublicKeyToken=null" name="TypeIsCorrect" />
    </UnitTest>
    <UnitTest name="Constructor1" storage="f:\advisorsrepo\wcfhttp\http\test\microsoft.applicationserver.http\unit\bin\release\microsoft.applicationserver.http.cit.unit.dll" id="39ba0709-c411-1db1-3a9a-e4af8c41669e">
      <Description>MediaTypeFormatterCollection(IEnumerable&lt;MediaTypeFormatter&gt;) sets XmlFormatter and JsonFormatter for all known collections of formatters.</Description>
      <Execution timeOut="30000" id="a34806b3-a71d-407c-89a8-85943925ab13" />
      <Owners>
        <Owner name="dravva" />
      </Owners>
      <TestCategory>
        <TestCategoryItem TestCategory="CIT" />
      </TestCategory>
      <TestMethod codeBase="F:/advisorsrepo/wcfhttp/Http/Test/Microsoft.ApplicationServer.Http/Unit/bin/Release/Microsoft.ApplicationServer.Http.CIT.Unit.DLL" adapterTypeName="Microsoft.VisualStudio.TestTools.TestTypes.Unit.UnitTestAdapter, Microsoft.VisualStudio.QualityTools.Tips.UnitTest.Adapter, Version=10.0.0.0, Culture=neutral, PublicKeyToken=b03f5f7f11d50a3a" className="Microsoft.ApplicationServer.Http.MediaTypeFormatterCollectionTests, Microsoft.ApplicationServer.Http.CIT.Unit, Version=0.0.0.0, Culture=neutral, PublicKeyToken=null" name="Constructor1" />
    </UnitTest>
    <UnitTest name="Constructor7ThrowsWithNullFormatters" storage="f:\advisorsrepo\wcfhttp\http\test\microsoft.applicationserver.http\unit\bin\release\microsoft.applicationserver.http.cit.unit.dll" id="fa530a06-809a-d621-8b5e-a50a7e56965b">
      <Description>ObjectContent(Type, HttpContent, IEnumerable&lt;MediaTypeFormatter&gt;) throws for a null formatters.</Description>
      <Execution timeOut="30000" id="1aa31a18-b219-4a24-9b90-4014ba1bfe32" />
      <Owners>
        <Owner name="dravva" />
      </Owners>
      <TestCategory>
        <TestCategoryItem TestCategory="CIT" />
      </TestCategory>
      <TestMethod codeBase="F:/advisorsrepo/wcfhttp/Http/Test/Microsoft.ApplicationServer.Http/Unit/bin/Release/Microsoft.ApplicationServer.Http.CIT.Unit.DLL" adapterTypeName="Microsoft.VisualStudio.TestTools.TestTypes.Unit.UnitTestAdapter, Microsoft.VisualStudio.QualityTools.Tips.UnitTest.Adapter, Version=10.0.0.0, Culture=neutral, PublicKeyToken=b03f5f7f11d50a3a" className="Microsoft.ApplicationServer.Http.ObjectContentTests, Microsoft.ApplicationServer.Http.CIT.Unit, Version=0.0.0.0, Culture=neutral, PublicKeyToken=null" name="Constructor7ThrowsWithNullFormatters" />
    </UnitTest>
    <UnitTest name="WaitForRequest_Calls_WaitForRequest_On_The_Inner_Channel" storage="f:\advisorsrepo\wcfhttp\http\test\microsoft.applicationserver.http\unit\bin\release\microsoft.applicationserver.http.cit.unit.dll" id="89b8c559-6a87-9043-ceaa-ae314ad70764">
      <Description>HttpMessageEncodingReplyChannel.WaitForRequest calls WaitForRequest on the inner channel.</Description>
      <Execution timeOut="30000" id="f214f6bb-2894-4125-bad2-c9a652639a14" />
      <Owners>
        <Owner name="derik" />
      </Owners>
      <TestCategory>
        <TestCategoryItem TestCategory="CIT" />
      </TestCategory>
      <TestMethod codeBase="F:/advisorsrepo/wcfhttp/Http/Test/Microsoft.ApplicationServer.Http/Unit/bin/Release/Microsoft.ApplicationServer.Http.CIT.Unit.DLL" adapterTypeName="Microsoft.VisualStudio.TestTools.TestTypes.Unit.UnitTestAdapter, Microsoft.VisualStudio.QualityTools.Tips.UnitTest.Adapter, Version=10.0.0.0, Culture=neutral, PublicKeyToken=b03f5f7f11d50a3a" className="Microsoft.ApplicationServer.Http.Channels.HttpMessageEncodingReplyChannelTests, Microsoft.ApplicationServer.Http.CIT.Unit, Version=0.0.0.0, Culture=neutral, PublicKeyToken=null" name="WaitForRequest_Calls_WaitForRequest_On_The_Inner_Channel" />
    </UnitTest>
    <UnitTest name="Variables_Different_In_CaseTest" storage="f:\advisorsrepo\wcfhttp\http\test\microsoft.applicationserver.http\unit\bin\release\microsoft.applicationserver.http.cit.unit.dll" id="0183d181-5917-8ed7-2cde-61a9b6dffc24">
      <Description>Generated OperationDescription will show the input variable when UriTemplate variable is differing in case</Description>
      <Execution timeOut="30000" id="8ce20883-dab3-4003-a4df-f2c9b30d15d1" />
      <Owners>
        <Owner name="vinelap" />
      </Owners>
      <TestCategory>
        <TestCategoryItem TestCategory="CIT" />
      </TestCategory>
      <TestMethod codeBase="F:/advisorsrepo/wcfhttp/Http/Test/Microsoft.ApplicationServer.Http/Unit/bin/Release/Microsoft.ApplicationServer.Http.CIT.Unit.DLL" adapterTypeName="Microsoft.VisualStudio.TestTools.TestTypes.Unit.UnitTestAdapter, Microsoft.VisualStudio.QualityTools.Tips.UnitTest.Adapter, Version=10.0.0.0, Culture=neutral, PublicKeyToken=b03f5f7f11d50a3a" className="Microsoft.ApplicationServer.Http.Dispatcher.HelpPageTests, Microsoft.ApplicationServer.Http.CIT.Unit, Version=0.0.0.0, Culture=neutral, PublicKeyToken=null" name="Variables_Different_In_CaseTest" />
    </UnitTest>
    <UnitTest name="Constructor1ThrowsWithNullValueTypeObject" storage="f:\advisorsrepo\wcfhttp\http\test\microsoft.applicationserver.http\unit\bin\release\microsoft.applicationserver.http.cit.unit.dll" id="97dead80-4597-b960-9506-a6e0cc567d77">
      <Description>ObjectContent(Type, object, string) throws for a null value type.</Description>
      <Execution timeOut="30000" id="97d22af0-acff-44bd-a03a-6ed6e3307279" />
      <Owners>
        <Owner name="dravva" />
      </Owners>
      <TestCategory>
        <TestCategoryItem TestCategory="CIT" />
      </TestCategory>
      <TestMethod codeBase="F:/advisorsrepo/wcfhttp/Http/Test/Microsoft.ApplicationServer.Http/Unit/bin/Release/Microsoft.ApplicationServer.Http.CIT.Unit.DLL" adapterTypeName="Microsoft.VisualStudio.TestTools.TestTypes.Unit.UnitTestAdapter, Microsoft.VisualStudio.QualityTools.Tips.UnitTest.Adapter, Version=10.0.0.0, Culture=neutral, PublicKeyToken=b03f5f7f11d50a3a" className="Microsoft.ApplicationServer.Http.ObjectContentTests, Microsoft.ApplicationServer.Http.CIT.Unit, Version=0.0.0.0, Culture=neutral, PublicKeyToken=null" name="Constructor1ThrowsWithNullValueTypeObject" />
    </UnitTest>
    <UnitTest name="Accept_Header_Text_Xml_Overrides_Operation_Response_Format" storage="f:\advisorsrepo\wcfhttp\http\test\microsoft.applicationserver.http\unit\bin\release\microsoft.applicationserver.http.cit.unit.dll" id="af3df460-b2e4-6173-9aaa-a1e61ab94144">
      <Description>HttpBehavior back compat test that the accept header text/xml overrides the operation ResponseFormat.</Description>
      <Execution timeOut="30000" id="31da9c04-5761-4712-9e93-7e5f07d2cee3" />
      <Owners>
        <Owner name="vinelap" />
      </Owners>
      <TestCategory>
        <TestCategoryItem TestCategory="CIT" />
      </TestCategory>
      <TestMethod codeBase="F:/advisorsrepo/wcfhttp/Http/Test/Microsoft.ApplicationServer.Http/Unit/bin/Release/Microsoft.ApplicationServer.Http.CIT.Unit.DLL" adapterTypeName="Microsoft.VisualStudio.TestTools.TestTypes.Unit.UnitTestAdapter, Microsoft.VisualStudio.QualityTools.Tips.UnitTest.Adapter, Version=10.0.0.0, Culture=neutral, PublicKeyToken=b03f5f7f11d50a3a" className="Microsoft.ApplicationServer.Http.Description.HttpBehaviorTests, Microsoft.ApplicationServer.Http.CIT.Unit, Version=0.0.0.0, Culture=neutral, PublicKeyToken=null" name="Accept_Header_Text_Xml_Overrides_Operation_Response_Format" />
    </UnitTest>
    <UnitTest name="ValueConverterReturnsConverterForAllHttpResponseMessageOfTTypes" storage="f:\advisorsrepo\wcfhttp\http\test\microsoft.applicationserver.http\unit\bin\release\microsoft.applicationserver.http.cit.unit.dll" id="41d7546c-ae2e-6066-2154-01f3ff63165f">
      <Description>ValueConverter returns a converter for all HttpResponseMessage&lt;T&gt; types.</Description>
      <Execution timeOut="30000" id="9b3c18f7-ba88-40b6-9333-854bf344d8a1" />
      <Owners>
        <Owner name="dravva" />
      </Owners>
      <TestCategory>
        <TestCategoryItem TestCategory="CIT" />
      </TestCategory>
      <TestMethod codeBase="F:/advisorsrepo/wcfhttp/Http/Test/Microsoft.ApplicationServer.Http/Unit/bin/Release/Microsoft.ApplicationServer.Http.CIT.Unit.DLL" adapterTypeName="Microsoft.VisualStudio.TestTools.TestTypes.Unit.UnitTestAdapter, Microsoft.VisualStudio.QualityTools.Tips.UnitTest.Adapter, Version=10.0.0.0, Culture=neutral, PublicKeyToken=b03f5f7f11d50a3a" className="Microsoft.ApplicationServer.Http.Description.HttpParameterTests, Microsoft.ApplicationServer.Http.CIT.Unit, Version=0.0.0.0, Culture=neutral, PublicKeyToken=null" name="ValueConverterReturnsConverterForAllHttpResponseMessageOfTTypes" />
    </UnitTest>
    <UnitTest name="HttpParameterCollection_Synchronized_Incomplete_Insert" storage="f:\advisorsrepo\wcfhttp\http\test\microsoft.applicationserver.http\unit\bin\release\microsoft.applicationserver.http.cit.unit.dll" id="03139a0a-5102-ae2a-40a6-145d1fe3dcc2">
      <Description>HttpParameterCollection created from incomplete MessagePartDescriptionCollection implements Insert correctly</Description>
      <Execution timeOut="30000" id="5fccd38d-a69b-4666-8e4e-4b403b046b06" />
      <Owners>
        <Owner name="derik" />
      </Owners>
      <TestCategory>
        <TestCategoryItem TestCategory="CIT" />
      </TestCategory>
      <TestMethod codeBase="F:/advisorsrepo/wcfhttp/Http/Test/Microsoft.ApplicationServer.Http/Unit/bin/Release/Microsoft.ApplicationServer.Http.CIT.Unit.DLL" adapterTypeName="Microsoft.VisualStudio.TestTools.TestTypes.Unit.UnitTestAdapter, Microsoft.VisualStudio.QualityTools.Tips.UnitTest.Adapter, Version=10.0.0.0, Culture=neutral, PublicKeyToken=b03f5f7f11d50a3a" className="Microsoft.ApplicationServer.Http.Description.HttpParameterCollectionTests, Microsoft.ApplicationServer.Http.CIT.Unit, Version=0.0.0.0, Culture=neutral, PublicKeyToken=null" name="HttpParameterCollection_Synchronized_Incomplete_Insert" />
    </UnitTest>
    <UnitTest name="WriteMessage_Returns_Empty_ArraySegment_If_HttpMessage_Content_Is_Null" storage="f:\advisorsrepo\wcfhttp\http\test\microsoft.applicationserver.http\unit\bin\release\microsoft.applicationserver.http.cit.unit.dll" id="a1c89445-cd5b-3067-89c1-07308b126e1b">
      <Description>HttpMessageEncoder.WriteMessage returns an empty ArraySegment if the HttpContent from the HttpResponseMessage of the HttpMessage is null.</Description>
      <Execution timeOut="30000" id="f80399f7-c031-412d-9c54-b8407ab3e7ae" />
      <Owners>
        <Owner name="derik" />
      </Owners>
      <TestCategory>
        <TestCategoryItem TestCategory="CIT" />
      </TestCategory>
      <TestMethod codeBase="F:/advisorsrepo/wcfhttp/Http/Test/Microsoft.ApplicationServer.Http/Unit/bin/Release/Microsoft.ApplicationServer.Http.CIT.Unit.DLL" adapterTypeName="Microsoft.VisualStudio.TestTools.TestTypes.Unit.UnitTestAdapter, Microsoft.VisualStudio.QualityTools.Tips.UnitTest.Adapter, Version=10.0.0.0, Culture=neutral, PublicKeyToken=b03f5f7f11d50a3a" className="Microsoft.ApplicationServer.Http.Channels.HttpMessageEncoderTests, Microsoft.ApplicationServer.Http.CIT.Unit, Version=0.0.0.0, Culture=neutral, PublicKeyToken=null" name="WriteMessage_Returns_Empty_ArraySegment_If_HttpMessage_Content_Is_Null" />
    </UnitTest>
    <UnitTest name="HttpTransportSecurity_ConfigureTransportAuthentication_Https" storage="f:\advisorsrepo\wcfhttp\http\test\microsoft.applicationserver.http\unit\bin\release\microsoft.applicationserver.http.cit.unit.dll" id="4cf8cc15-eccc-d3ac-a35f-e6879875f4f2">
      <Description>HttpTransportSecurity.ConfigureTransportAuthentication sets HttpsTransportBindingElement</Description>
      <Execution timeOut="30000" id="3a261ff1-e993-4891-8777-404f00828be8" />
      <Owners>
        <Owner name="derik" />
      </Owners>
      <TestCategory>
        <TestCategoryItem TestCategory="CIT" />
      </TestCategory>
      <TestMethod codeBase="F:/advisorsrepo/wcfhttp/Http/Test/Microsoft.ApplicationServer.Http/Unit/bin/Release/Microsoft.ApplicationServer.Http.CIT.Unit.DLL" adapterTypeName="Microsoft.VisualStudio.TestTools.TestTypes.Unit.UnitTestAdapter, Microsoft.VisualStudio.QualityTools.Tips.UnitTest.Adapter, Version=10.0.0.0, Culture=neutral, PublicKeyToken=b03f5f7f11d50a3a" className="Microsoft.ApplicationServer.Http.Configuration.HttpTransportSecurityTests, Microsoft.ApplicationServer.Http.CIT.Unit, Version=0.0.0.0, Culture=neutral, PublicKeyToken=null" name="HttpTransportSecurity_ConfigureTransportAuthentication_Https" />
    </UnitTest>
    <UnitTest name="Constructor2ThrowsWithNullType" storage="f:\advisorsrepo\wcfhttp\http\test\microsoft.applicationserver.http\unit\bin\release\microsoft.applicationserver.http.cit.unit.dll" id="577deaa8-e64c-c11e-46b3-4b39ef82d0fc">
      <Description>ObjectContent(Type, object, MediaTypeHeaderValue) throws for a null Type parameter.</Description>
      <Execution timeOut="30000" id="b9946aab-ef7d-45d6-9085-5cf96b116e5f" />
      <Owners>
        <Owner name="dravva" />
      </Owners>
      <TestCategory>
        <TestCategoryItem TestCategory="CIT" />
      </TestCategory>
      <TestMethod codeBase="F:/advisorsrepo/wcfhttp/Http/Test/Microsoft.ApplicationServer.Http/Unit/bin/Release/Microsoft.ApplicationServer.Http.CIT.Unit.DLL" adapterTypeName="Microsoft.VisualStudio.TestTools.TestTypes.Unit.UnitTestAdapter, Microsoft.VisualStudio.QualityTools.Tips.UnitTest.Adapter, Version=10.0.0.0, Culture=neutral, PublicKeyToken=b03f5f7f11d50a3a" className="Microsoft.ApplicationServer.Http.ObjectContentTests, Microsoft.ApplicationServer.Http.CIT.Unit, Version=0.0.0.0, Culture=neutral, PublicKeyToken=null" name="Constructor2ThrowsWithNullType" />
    </UnitTest>
    <UnitTest name="SetSerializer2ThrowsWithNullType" storage="f:\advisorsrepo\wcfhttp\http\test\microsoft.applicationserver.http\unit\bin\release\microsoft.applicationserver.http.cit.unit.dll" id="a5d7f672-ff51-ccc7-aaa4-61173d8ecaf1">
      <Description>XmlMediaTypeFormatter.SetSerializer(Type, XmlObjectSerializer) throws with null type.</Description>
      <Execution timeOut="30000" id="ed51956d-fd99-490f-9519-3ed60ea7d7f6" />
      <Owners>
        <Owner name="dravva" />
      </Owners>
      <TestCategory>
        <TestCategoryItem TestCategory="CIT" />
      </TestCategory>
      <TestMethod codeBase="F:/advisorsrepo/wcfhttp/Http/Test/Microsoft.ApplicationServer.Http/Unit/bin/Release/Microsoft.ApplicationServer.Http.CIT.Unit.DLL" adapterTypeName="Microsoft.VisualStudio.TestTools.TestTypes.Unit.UnitTestAdapter, Microsoft.VisualStudio.QualityTools.Tips.UnitTest.Adapter, Version=10.0.0.0, Culture=neutral, PublicKeyToken=b03f5f7f11d50a3a" className="Microsoft.ApplicationServer.Http.XmlMediaTypeFormatterTests, Microsoft.ApplicationServer.Http.CIT.Unit, Version=0.0.0.0, Culture=neutral, PublicKeyToken=null" name="SetSerializer2ThrowsWithNullType" />
    </UnitTest>
    <UnitTest name="ReadAsOrDefault1ThrowsWithNullType" storage="f:\advisorsrepo\wcfhttp\http\test\microsoft.applicationserver.http\unit\bin\release\microsoft.applicationserver.http.cit.unit.dll" id="d8742b48-7ed1-a295-010c-b51f537390b2">
      <Description>HttpContentExtensionMethods.ReadAsOrDefault(HttpContent, Type, IEnumerable&lt;MediaTypeFormatter&gt;) throws with null Type.</Description>
      <Execution timeOut="30000" id="2b4fbd51-415b-4428-b766-3231268e1ed3" />
      <Owners>
        <Owner name="vinelap" />
      </Owners>
      <TestCategory>
        <TestCategoryItem TestCategory="CIT" />
      </TestCategory>
      <TestMethod codeBase="F:/advisorsrepo/wcfhttp/Http/Test/Microsoft.ApplicationServer.Http/Unit/bin/Release/Microsoft.ApplicationServer.Http.CIT.Unit.DLL" adapterTypeName="Microsoft.VisualStudio.TestTools.TestTypes.Unit.UnitTestAdapter, Microsoft.VisualStudio.QualityTools.Tips.UnitTest.Adapter, Version=10.0.0.0, Culture=neutral, PublicKeyToken=b03f5f7f11d50a3a" className="Microsoft.ApplicationServer.Http.HttpContentExtensionMethodsTests, Microsoft.ApplicationServer.Http.CIT.Unit, Version=0.0.0.0, Culture=neutral, PublicKeyToken=null" name="ReadAsOrDefault1ThrowsWithNullType" />
    </UnitTest>
    <UnitTest name="ServiceHost_Explicit_Add_Endpoint_Without_Behavior" storage="f:\advisorsrepo\wcfhttp\http\test\microsoft.applicationserver.http\unit\bin\release\microsoft.applicationserver.http.cit.unit.dll" id="7a4c32cc-619d-76f4-9f2e-a1e65f36f6c0">
      <Description>HttpServiceHost OnOpening adds behaviors to endpoints that don't have them</Description>
      <Execution timeOut="30000" id="df2627e1-c1bf-4ff0-828f-4ada88b0632d" />
      <Owners>
        <Owner name="vinelap" />
      </Owners>
      <TestCategory>
        <TestCategoryItem TestCategory="CIT" />
      </TestCategory>
      <TestMethod codeBase="F:/advisorsrepo/wcfhttp/Http/Test/Microsoft.ApplicationServer.Http/Unit/bin/Release/Microsoft.ApplicationServer.Http.CIT.Unit.DLL" adapterTypeName="Microsoft.VisualStudio.TestTools.TestTypes.Unit.UnitTestAdapter, Microsoft.VisualStudio.QualityTools.Tips.UnitTest.Adapter, Version=10.0.0.0, Culture=neutral, PublicKeyToken=b03f5f7f11d50a3a" className="Microsoft.ApplicationServer.Http.HttpServiceHostTests, Microsoft.ApplicationServer.Http.CIT.Unit, Version=0.0.0.0, Culture=neutral, PublicKeyToken=null" name="ServiceHost_Explicit_Add_Endpoint_Without_Behavior" />
    </UnitTest>
    <UnitTest name="IsRequest_Is_True_If_HttpRequestMessage_Constructor_Was_Used" storage="f:\advisorsrepo\wcfhttp\http\test\microsoft.applicationserver.http\unit\bin\release\microsoft.applicationserver.http.cit.unit.dll" id="7e8b2995-dc95-4c49-f0b8-3f4492305ec3">
      <Description>HttpMessage.IsRequest will be 'true' if the HttpRequestMethod constructor overload was used.</Description>
      <Execution timeOut="30000" id="76d20f37-7085-4f0a-b2eb-e8671a9b3f52" />
      <Owners>
        <Owner name="derik" />
      </Owners>
      <TestCategory>
        <TestCategoryItem TestCategory="CIT" />
      </TestCategory>
      <TestMethod codeBase="F:/advisorsrepo/wcfhttp/Http/Test/Microsoft.ApplicationServer.Http/Unit/bin/Release/Microsoft.ApplicationServer.Http.CIT.Unit.DLL" adapterTypeName="Microsoft.VisualStudio.TestTools.TestTypes.Unit.UnitTestAdapter, Microsoft.VisualStudio.QualityTools.Tips.UnitTest.Adapter, Version=10.0.0.0, Culture=neutral, PublicKeyToken=b03f5f7f11d50a3a" className="Microsoft.ApplicationServer.Http.Channels.HttpMessageTests, Microsoft.ApplicationServer.Http.CIT.Unit, Version=0.0.0.0, Culture=neutral, PublicKeyToken=null" name="IsRequest_Is_True_If_HttpRequestMessage_Constructor_Was_Used" />
    </UnitTest>
    <UnitTest name="CanConvertFromTypeReturnsFalseForTtoObjectContentOfT" storage="f:\advisorsrepo\wcfhttp\http\test\microsoft.applicationserver.http\unit\bin\release\microsoft.applicationserver.http.cit.unit.dll" id="6ed95532-f444-337e-3d9d-064790be8f4c">
      <Description>CanConvertFromType(Type) returns false for T to ObjectContent&lt;T&gt;.</Description>
      <Execution timeOut="30000" id="327b6372-ab5b-4cff-aa1e-273fafec1c03" />
      <Owners>
        <Owner name="dravva" />
      </Owners>
      <TestCategory>
        <TestCategoryItem TestCategory="CIT" />
      </TestCategory>
      <TestMethod codeBase="F:/advisorsrepo/wcfhttp/Http/Test/Microsoft.ApplicationServer.Http/Unit/bin/Release/Microsoft.ApplicationServer.Http.CIT.Unit.DLL" adapterTypeName="Microsoft.VisualStudio.TestTools.TestTypes.Unit.UnitTestAdapter, Microsoft.VisualStudio.QualityTools.Tips.UnitTest.Adapter, Version=10.0.0.0, Culture=neutral, PublicKeyToken=b03f5f7f11d50a3a" className="Microsoft.ApplicationServer.Http.Description.HttpParameterValueConverterTests, Microsoft.ApplicationServer.Http.CIT.Unit, Version=0.0.0.0, Culture=neutral, PublicKeyToken=null" name="CanConvertFromTypeReturnsFalseForTtoObjectContentOfT" />
    </UnitTest>
    <UnitTest name="BeginReply_Throws_If_Message_Is_Closed" storage="f:\advisorsrepo\wcfhttp\http\test\microsoft.applicationserver.http\unit\bin\release\microsoft.applicationserver.http.cit.unit.dll" id="945a7979-df80-0300-62e6-d4c77d61be74">
      <Description>HttpMessageEncodingRequestContext.BeginReply throws if the message is closed.</Description>
      <Execution timeOut="30000" id="3eacdf98-0897-4f85-b428-63071d8d6402" />
      <Owners>
        <Owner name="derik" />
      </Owners>
      <TestCategory>
        <TestCategoryItem TestCategory="CIT" />
      </TestCategory>
      <TestMethod codeBase="F:/advisorsrepo/wcfhttp/Http/Test/Microsoft.ApplicationServer.Http/Unit/bin/Release/Microsoft.ApplicationServer.Http.CIT.Unit.DLL" adapterTypeName="Microsoft.VisualStudio.TestTools.TestTypes.Unit.UnitTestAdapter, Microsoft.VisualStudio.QualityTools.Tips.UnitTest.Adapter, Version=10.0.0.0, Culture=neutral, PublicKeyToken=b03f5f7f11d50a3a" className="Microsoft.ApplicationServer.Http.Channels.HttpMessageEncodingRequestContextTests, Microsoft.ApplicationServer.Http.CIT.Unit, Version=0.0.0.0, Culture=neutral, PublicKeyToken=null" name="BeginReply_Throws_If_Message_Is_Closed" />
    </UnitTest>
    <UnitTest name="SupportsMediaType1ThrowsWithNullRequestInHttpResponseMessage" storage="f:\advisorsrepo\wcfhttp\http\test\microsoft.applicationserver.http\unit\bin\release\microsoft.applicationserver.http.cit.unit.dll" id="1abd5974-21f0-4db3-4aad-9c65176d60b0">
      <Description>SupportsMediaType(HttpResponseMessage) throws if the HttpRequestMessage in the HttpResponseMessage is null.</Description>
      <Execution timeOut="30000" id="028ec5e4-15db-4efa-ac42-eea1f5987247" />
      <Owners>
        <Owner name="dravva" />
      </Owners>
      <TestCategory>
        <TestCategoryItem TestCategory="CIT" />
      </TestCategory>
      <TestMethod codeBase="F:/advisorsrepo/wcfhttp/Http/Test/Microsoft.ApplicationServer.Http/Unit/bin/Release/Microsoft.ApplicationServer.Http.CIT.Unit.DLL" adapterTypeName="Microsoft.VisualStudio.TestTools.TestTypes.Unit.UnitTestAdapter, Microsoft.VisualStudio.QualityTools.Tips.UnitTest.Adapter, Version=10.0.0.0, Culture=neutral, PublicKeyToken=b03f5f7f11d50a3a" className="Microsoft.ApplicationServer.Http.UriPathExtensionMappingTests, Microsoft.ApplicationServer.Http.CIT.Unit, Version=0.0.0.0, Culture=neutral, PublicKeyToken=null" name="SupportsMediaType1ThrowsWithNullRequestInHttpResponseMessage" />
    </UnitTest>
    <UnitTest name="HandleThrowsWithTooLargeInput" storage="f:\advisorsrepo\wcfhttp\http\test\microsoft.applicationserver.http\unit\bin\release\microsoft.applicationserver.http.cit.unit.dll" id="faf17de9-cd58-7ce5-9c1f-a6dc48d32b40">
      <Description>Handle(object[]) throws with Input longer than expected.</Description>
      <Execution timeOut="30000" id="9e9b1480-c38d-4839-a266-e8df116cbbbd" />
      <Owners>
        <Owner name="vinelap" />
      </Owners>
      <TestCategory>
        <TestCategoryItem TestCategory="CIT" />
      </TestCategory>
      <TestMethod codeBase="F:/advisorsrepo/wcfhttp/Http/Test/Microsoft.ApplicationServer.Http/Unit/bin/Release/Microsoft.ApplicationServer.Http.CIT.Unit.DLL" adapterTypeName="Microsoft.VisualStudio.TestTools.TestTypes.Unit.UnitTestAdapter, Microsoft.VisualStudio.QualityTools.Tips.UnitTest.Adapter, Version=10.0.0.0, Culture=neutral, PublicKeyToken=b03f5f7f11d50a3a" className="Microsoft.ApplicationServer.Http.Dispatcher.HttpOperationHandlerTests, Microsoft.ApplicationServer.Http.CIT.Unit, Version=0.0.0.0, Culture=neutral, PublicKeyToken=null" name="HandleThrowsWithTooLargeInput" />
    </UnitTest>
    <UnitTest name="Constructor7" storage="f:\advisorsrepo\wcfhttp\http\test\microsoft.applicationserver.http\unit\bin\release\microsoft.applicationserver.http.cit.unit.dll" id="a6885aa2-560a-7c2e-1294-1a2dce741fc2">
      <Description>ObjectContent&lt;T&gt;(HttpContent, IEnumerable&lt;MediaTypeFormatter&gt;) sets HttpContent and Formatter properties for all known value and reference types and all standard HttpContent types.</Description>
      <Execution timeOut="30000" id="25491a30-4a66-4e41-8aa6-3cfa05d12f61" />
      <Owners>
        <Owner name="dravva" />
      </Owners>
      <TestCategory>
        <TestCategoryItem TestCategory="CIT" />
      </TestCategory>
      <TestMethod codeBase="F:/advisorsrepo/wcfhttp/Http/Test/Microsoft.ApplicationServer.Http/Unit/bin/Release/Microsoft.ApplicationServer.Http.CIT.Unit.DLL" adapterTypeName="Microsoft.VisualStudio.TestTools.TestTypes.Unit.UnitTestAdapter, Microsoft.VisualStudio.QualityTools.Tips.UnitTest.Adapter, Version=10.0.0.0, Culture=neutral, PublicKeyToken=b03f5f7f11d50a3a" className="Microsoft.ApplicationServer.Http.ObjectContentOfTTests, Microsoft.ApplicationServer.Http.CIT.Unit, Version=0.0.0.0, Culture=neutral, PublicKeyToken=null" name="Constructor7" />
    </UnitTest>
    <UnitTest name="ConstructorThrowsWithDuplicateMethodAndUriTemplate" storage="f:\advisorsrepo\wcfhttp\http\test\microsoft.applicationserver.http\unit\bin\release\microsoft.applicationserver.http.cit.unit.dll" id="db63d9d5-d584-7e38-bb95-d18a710b52d5">
      <Description>UriAndMethodOperationSelector(Uri, IEnumerable&lt;HttpOperationDescription&gt;) throws if there are duplicate entries with the same UriTemplate and method.</Description>
      <Execution timeOut="30000" id="fc018751-dfa5-4072-9381-6c01b347ac5e" />
      <Owners>
        <Owner name="dravva" />
      </Owners>
      <TestCategory>
        <TestCategoryItem TestCategory="CIT" />
      </TestCategory>
      <TestMethod codeBase="F:/advisorsrepo/wcfhttp/Http/Test/Microsoft.ApplicationServer.Http/Unit/bin/Release/Microsoft.ApplicationServer.Http.CIT.Unit.DLL" adapterTypeName="Microsoft.VisualStudio.TestTools.TestTypes.Unit.UnitTestAdapter, Microsoft.VisualStudio.QualityTools.Tips.UnitTest.Adapter, Version=10.0.0.0, Culture=neutral, PublicKeyToken=b03f5f7f11d50a3a" className="Microsoft.ApplicationServer.Http.Dispatcher.UriAndMethodOperationSelectorTests, Microsoft.ApplicationServer.Http.CIT.Unit, Version=0.0.0.0, Culture=neutral, PublicKeyToken=null" name="ConstructorThrowsWithDuplicateMethodAndUriTemplate" />
    </UnitTest>
    <UnitTest name="TypeIsCorrect" storage="f:\advisorsrepo\wcfhttp\http\test\microsoft.applicationserver.http\unit\bin\release\microsoft.applicationserver.http.cit.unit.dll" id="b6681547-eefb-825c-4730-4bea598c4bac">
      <Description>HttpParameverValueConverter is internal, and abstract.</Description>
      <Execution timeOut="30000" id="61d12d91-1476-4e36-8396-32d0d2d7baba" />
      <Owners>
        <Owner name="dravva" />
      </Owners>
      <TestCategory>
        <TestCategoryItem TestCategory="CIT" />
      </TestCategory>
      <TestMethod codeBase="F:/advisorsrepo/wcfhttp/Http/Test/Microsoft.ApplicationServer.Http/Unit/bin/Release/Microsoft.ApplicationServer.Http.CIT.Unit.DLL" adapterTypeName="Microsoft.VisualStudio.TestTools.TestTypes.Unit.UnitTestAdapter, Microsoft.VisualStudio.QualityTools.Tips.UnitTest.Adapter, Version=10.0.0.0, Culture=neutral, PublicKeyToken=b03f5f7f11d50a3a" className="Microsoft.ApplicationServer.Http.Description.HttpParameterValueConverterTests, Microsoft.ApplicationServer.Http.CIT.Unit, Version=0.0.0.0, Culture=neutral, PublicKeyToken=null" name="TypeIsCorrect" />
    </UnitTest>
    <UnitTest name="HttpOperationDescription_Extension_Method_Returns_HttpOperationDescription" storage="f:\advisorsrepo\wcfhttp\http\test\microsoft.applicationserver.http\unit\bin\release\microsoft.applicationserver.http.cit.unit.dll" id="cbff3cb2-4ddc-93a4-97e9-a5295dcb7407">
      <Description>HttpOperationDescription extension method returns an HttpOperationDescription from a normal OperationDescription</Description>
      <Execution timeOut="30000" id="8ec4cf2e-f715-4b75-a77c-b0235c53356b" />
      <Owners>
        <Owner name="maying" />
      </Owners>
      <TestCategory>
        <TestCategoryItem TestCategory="CIT" />
      </TestCategory>
      <TestMethod codeBase="F:/advisorsrepo/wcfhttp/Http/Test/Microsoft.ApplicationServer.Http/Unit/bin/Release/Microsoft.ApplicationServer.Http.CIT.Unit.DLL" adapterTypeName="Microsoft.VisualStudio.TestTools.TestTypes.Unit.UnitTestAdapter, Microsoft.VisualStudio.QualityTools.Tips.UnitTest.Adapter, Version=10.0.0.0, Culture=neutral, PublicKeyToken=b03f5f7f11d50a3a" className="Microsoft.ApplicationServer.Http.Description.HttpOperationDescriptionTests, Microsoft.ApplicationServer.Http.CIT.Unit, Version=0.0.0.0, Culture=neutral, PublicKeyToken=null" name="HttpOperationDescription_Extension_Method_Returns_HttpOperationDescription" />
    </UnitTest>
    <UnitTest name="UnitTestClassIsCorrect" storage="f:\advisorsrepo\wcfhttp\http\test\microsoft.applicationserver.http\unit\bin\release\microsoft.applicationserver.http.cit.unit.dll" id="48e81a6e-22d5-bb11-1f8d-7d67a9a0fdd6">
      <Execution timeOut="1800000" id="077d0ab1-1c89-4730-9838-8aa9c7421487" />
      <TestMethod codeBase="F:/advisorsrepo/wcfhttp/Http/Test/Microsoft.ApplicationServer.Http/Unit/bin/Release/Microsoft.ApplicationServer.Http.CIT.Unit.DLL" adapterTypeName="Microsoft.VisualStudio.TestTools.TestTypes.Unit.UnitTestAdapter, Microsoft.VisualStudio.QualityTools.Tips.UnitTest.Adapter, Version=10.0.0.0, Culture=neutral, PublicKeyToken=b03f5f7f11d50a3a" className="Microsoft.ApplicationServer.Http.Dispatcher.UriAndMethodOperationSelectorTests, Microsoft.ApplicationServer.Http.CIT.Unit, Version=0.0.0.0, Culture=neutral, PublicKeyToken=null" name="UnitTestClassIsCorrect" />
    </UnitTest>
    <UnitTest name="BeforeSendReply_Receives_HttpResponseMessage" storage="f:\advisorsrepo\wcfhttp\http\test\microsoft.applicationserver.http\unit\bin\release\microsoft.applicationserver.http.cit.unit.dll" id="16a21422-dfe0-f249-e5a9-04b17dc27661">
      <Description>IDispatchMessageInspector.BeforeSendReply receives HttpResponseMessage from WCF Message.</Description>
      <Execution timeOut="30000" id="ceb9bbef-760e-49a4-ad67-37b137b4ff08" />
      <Owners>
        <Owner name="maying" />
      </Owners>
      <TestCategory>
        <TestCategoryItem TestCategory="CIT" />
      </TestCategory>
      <TestMethod codeBase="F:/advisorsrepo/wcfhttp/Http/Test/Microsoft.ApplicationServer.Http/Unit/bin/Release/Microsoft.ApplicationServer.Http.CIT.Unit.DLL" adapterTypeName="Microsoft.VisualStudio.TestTools.TestTypes.Unit.UnitTestAdapter, Microsoft.VisualStudio.QualityTools.Tips.UnitTest.Adapter, Version=10.0.0.0, Culture=neutral, PublicKeyToken=b03f5f7f11d50a3a" className="Microsoft.ApplicationServer.Http.Dispatcher.HttpMessageInspectorTests, Microsoft.ApplicationServer.Http.CIT.Unit, Version=0.0.0.0, Culture=neutral, PublicKeyToken=null" name="BeforeSendReply_Receives_HttpResponseMessage" />
    </UnitTest>
    <UnitTest name="HttpBindingSecurity_Is_A_Public_Non_Abstract_Class" storage="f:\advisorsrepo\wcfhttp\http\test\microsoft.applicationserver.http\unit\bin\release\microsoft.applicationserver.http.cit.unit.dll" id="681cb830-7020-c93b-96d9-0dc8b9138fcf">
      <Description>HttpBindingSecurity is a public, non-abstract class.</Description>
      <Execution timeOut="30000" id="d8211513-e41c-40b7-bacd-318d25515434" />
      <Owners>
        <Owner name="derik" />
      </Owners>
      <TestCategory>
        <TestCategoryItem TestCategory="CIT" />
      </TestCategory>
      <TestMethod codeBase="F:/advisorsrepo/wcfhttp/Http/Test/Microsoft.ApplicationServer.Http/Unit/bin/Release/Microsoft.ApplicationServer.Http.CIT.Unit.DLL" adapterTypeName="Microsoft.VisualStudio.TestTools.TestTypes.Unit.UnitTestAdapter, Microsoft.VisualStudio.QualityTools.Tips.UnitTest.Adapter, Version=10.0.0.0, Culture=neutral, PublicKeyToken=b03f5f7f11d50a3a" className="Microsoft.ApplicationServer.Http.HttpBindingSecurityTests, Microsoft.ApplicationServer.Http.CIT.Unit, Version=0.0.0.0, Culture=neutral, PublicKeyToken=null" name="HttpBindingSecurity_Is_A_Public_Non_Abstract_Class" />
    </UnitTest>
    <UnitTest name="HttpMessageEncodingReplyChannel_Is_An_Internal_Non_Abstract_Class" storage="f:\advisorsrepo\wcfhttp\http\test\microsoft.applicationserver.http\unit\bin\release\microsoft.applicationserver.http.cit.unit.dll" id="6e72071e-45c0-e2bd-80c8-b6f6c362ac3e">
      <Description>HttpMessageEncodingReplyChannel is an internal, non-abstract class.</Description>
      <Execution timeOut="30000" id="b675d0b7-c207-4a46-9606-734445443252" />
      <Owners>
        <Owner name="derik" />
      </Owners>
      <TestCategory>
        <TestCategoryItem TestCategory="CIT" />
      </TestCategory>
      <TestMethod codeBase="F:/advisorsrepo/wcfhttp/Http/Test/Microsoft.ApplicationServer.Http/Unit/bin/Release/Microsoft.ApplicationServer.Http.CIT.Unit.DLL" adapterTypeName="Microsoft.VisualStudio.TestTools.TestTypes.Unit.UnitTestAdapter, Microsoft.VisualStudio.QualityTools.Tips.UnitTest.Adapter, Version=10.0.0.0, Culture=neutral, PublicKeyToken=b03f5f7f11d50a3a" className="Microsoft.ApplicationServer.Http.Channels.HttpMessageEncodingReplyChannelTests, Microsoft.ApplicationServer.Http.CIT.Unit, Version=0.0.0.0, Culture=neutral, PublicKeyToken=null" name="HttpMessageEncodingReplyChannel_Is_An_Internal_Non_Abstract_Class" />
    </UnitTest>
    <UnitTest name="Behavior_Configured_Behavior_From_Host" storage="f:\advisorsrepo\wcfhttp\http\test\microsoft.applicationserver.http\unit\bin\release\microsoft.applicationserver.http.cit.unit.dll" id="3e4bdbbe-bf31-93e9-f40e-5dc5e43a1565">
      <Description>A config file with single configured HttpBehavior loads correctly</Description>
      <Execution timeOut="30000" id="51e83083-258a-4aa4-a8da-cb6de9774d67" />
      <Owners>
        <Owner name="vinelap" />
      </Owners>
      <TestCategory>
        <TestCategoryItem TestCategory="CIT" />
      </TestCategory>
      <DeploymentItems>
        <DeploymentItem filename="ConfigFiles\Microsoft.ApplicationServer.Http.CIT.Unit.ConfiguredHttpBehaviorWithServiceTest.config" />
      </DeploymentItems>
      <TestMethod codeBase="F:/advisorsrepo/wcfhttp/Http/Test/Microsoft.ApplicationServer.Http/Unit/bin/Release/Microsoft.ApplicationServer.Http.CIT.Unit.DLL" adapterTypeName="Microsoft.VisualStudio.TestTools.TestTypes.Unit.UnitTestAdapter, Microsoft.VisualStudio.QualityTools.Tips.UnitTest.Adapter, Version=10.0.0.0, Culture=neutral, PublicKeyToken=b03f5f7f11d50a3a" className="Microsoft.ApplicationServer.Http.Configuration.HttpBehaviorElementTests, Microsoft.ApplicationServer.Http.CIT.Unit, Version=0.0.0.0, Culture=neutral, PublicKeyToken=null" name="Behavior_Configured_Behavior_From_Host" />
    </UnitTest>
    <UnitTest name="SupportedMediaTypesInsertThrowsWithMediaRange" storage="f:\advisorsrepo\wcfhttp\http\test\microsoft.applicationserver.http\unit\bin\release\microsoft.applicationserver.http.cit.unit.dll" id="75aead32-e99b-0c02-df8e-1e7d383226a2">
      <Description>SupportedMediaTypes.Insert throws with a media range.</Description>
      <Execution timeOut="30000" id="a5eaf304-a9a8-4931-8afa-a38edfa911df" />
      <Owners>
        <Owner name="dravva" />
      </Owners>
      <TestCategory>
        <TestCategoryItem TestCategory="CIT" />
      </TestCategory>
      <TestMethod codeBase="F:/advisorsrepo/wcfhttp/Http/Test/Microsoft.ApplicationServer.Http/Unit/bin/Release/Microsoft.ApplicationServer.Http.CIT.Unit.DLL" adapterTypeName="Microsoft.VisualStudio.TestTools.TestTypes.Unit.UnitTestAdapter, Microsoft.VisualStudio.QualityTools.Tips.UnitTest.Adapter, Version=10.0.0.0, Culture=neutral, PublicKeyToken=b03f5f7f11d50a3a" className="Microsoft.ApplicationServer.Http.MediaTypeFormatterTests, Microsoft.ApplicationServer.Http.CIT.Unit, Version=0.0.0.0, Culture=neutral, PublicKeyToken=null" name="SupportedMediaTypesInsertThrowsWithMediaRange" />
    </UnitTest>
    <UnitTest name="BeforeSendReply_Receives_Custom_CorrelationState" storage="f:\advisorsrepo\wcfhttp\http\test\microsoft.applicationserver.http\unit\bin\release\microsoft.applicationserver.http.cit.unit.dll" id="06cf2008-1175-9667-e522-b5c121059f4e">
      <Description>IDispatchMessageInspector.BeforeSendReply receives custom correlation state</Description>
      <Execution timeOut="30000" id="b1025dc7-36d5-4cd9-9f6c-c28112fda810" />
      <Owners>
        <Owner name="maying" />
      </Owners>
      <TestCategory>
        <TestCategoryItem TestCategory="CIT" />
      </TestCategory>
      <TestMethod codeBase="F:/advisorsrepo/wcfhttp/Http/Test/Microsoft.ApplicationServer.Http/Unit/bin/Release/Microsoft.ApplicationServer.Http.CIT.Unit.DLL" adapterTypeName="Microsoft.VisualStudio.TestTools.TestTypes.Unit.UnitTestAdapter, Microsoft.VisualStudio.QualityTools.Tips.UnitTest.Adapter, Version=10.0.0.0, Culture=neutral, PublicKeyToken=b03f5f7f11d50a3a" className="Microsoft.ApplicationServer.Http.Dispatcher.HttpMessageInspectorTests, Microsoft.ApplicationServer.Http.CIT.Unit, Version=0.0.0.0, Culture=neutral, PublicKeyToken=null" name="BeforeSendReply_Receives_Custom_CorrelationState" />
    </UnitTest>
    <UnitTest name="HttpBinding_Correctly_Configured_With_Empty_Name_Configuration" storage="f:\advisorsrepo\wcfhttp\http\test\microsoft.applicationserver.http\unit\bin\release\microsoft.applicationserver.http.cit.unit.dll" id="b68548a5-be45-f748-a799-dad14887e347">
      <Description>The HttpBinding constructor is correctly configured when the binding configuration exists but has an empty string name.</Description>
      <Execution timeOut="30000" id="2268d891-48e2-4326-80fc-7742540c03ce" />
      <Owners>
        <Owner name="derik" />
      </Owners>
      <TestCategory>
        <TestCategoryItem TestCategory="CIT" />
      </TestCategory>
      <DeploymentItems>
        <DeploymentItem filename="ConfigFiles\Microsoft.ApplicationServer.Http.CIT.Unit.ConfiguredHttpBindingTest.config" />
      </DeploymentItems>
      <TestMethod codeBase="F:/advisorsrepo/wcfhttp/Http/Test/Microsoft.ApplicationServer.Http/Unit/bin/Release/Microsoft.ApplicationServer.Http.CIT.Unit.DLL" adapterTypeName="Microsoft.VisualStudio.TestTools.TestTypes.Unit.UnitTestAdapter, Microsoft.VisualStudio.QualityTools.Tips.UnitTest.Adapter, Version=10.0.0.0, Culture=neutral, PublicKeyToken=b03f5f7f11d50a3a" className="Microsoft.ApplicationServer.Http.Configuration.HttpBindingElementTests, Microsoft.ApplicationServer.Http.CIT.Unit, Version=0.0.0.0, Culture=neutral, PublicKeyToken=null" name="HttpBinding_Correctly_Configured_With_Empty_Name_Configuration" />
    </UnitTest>
    <UnitTest name="SelectOperationThrowsWithNoOperations" storage="f:\advisorsrepo\wcfhttp\http\test\microsoft.applicationserver.http\unit\bin\release\microsoft.applicationserver.http.cit.unit.dll" id="d6cdfc40-8954-f2e2-4519-15abe61bf284">
      <Description>SelectOperation(HttpRequestMessage) throws HttpResponseException (Not Found) if list of operations provided with the constructor is empty.</Description>
      <Execution timeOut="30000" id="0bbd8d16-fed4-4b69-b2f0-875e88cc4905" />
      <Owners>
        <Owner name="dravva" />
      </Owners>
      <TestCategory>
        <TestCategoryItem TestCategory="CIT" />
      </TestCategory>
      <TestMethod codeBase="F:/advisorsrepo/wcfhttp/Http/Test/Microsoft.ApplicationServer.Http/Unit/bin/Release/Microsoft.ApplicationServer.Http.CIT.Unit.DLL" adapterTypeName="Microsoft.VisualStudio.TestTools.TestTypes.Unit.UnitTestAdapter, Microsoft.VisualStudio.QualityTools.Tips.UnitTest.Adapter, Version=10.0.0.0, Culture=neutral, PublicKeyToken=b03f5f7f11d50a3a" className="Microsoft.ApplicationServer.Http.Dispatcher.UriAndMethodOperationSelectorTests, Microsoft.ApplicationServer.Http.CIT.Unit, Version=0.0.0.0, Culture=neutral, PublicKeyToken=null" name="SelectOperationThrowsWithNoOperations" />
    </UnitTest>
    <UnitTest name="Constructor6ThrowsWithNullValueTypeObject" storage="f:\advisorsrepo\wcfhttp\http\test\microsoft.applicationserver.http\unit\bin\release\microsoft.applicationserver.http.cit.unit.dll" id="f004821b-121c-e076-18de-81c546f599de">
      <Description>ObjectContent(Type, object, MediaTypeHeaderValue, IEnumerable&lt;MediaTypeFormatter&gt;) throws for a null value type object.</Description>
      <Execution timeOut="30000" id="fc3d363f-9080-4d76-ab15-f307b8617cbc" />
      <Owners>
        <Owner name="dravva" />
      </Owners>
      <TestCategory>
        <TestCategoryItem TestCategory="CIT" />
      </TestCategory>
      <TestMethod codeBase="F:/advisorsrepo/wcfhttp/Http/Test/Microsoft.ApplicationServer.Http/Unit/bin/Release/Microsoft.ApplicationServer.Http.CIT.Unit.DLL" adapterTypeName="Microsoft.VisualStudio.TestTools.TestTypes.Unit.UnitTestAdapter, Microsoft.VisualStudio.QualityTools.Tips.UnitTest.Adapter, Version=10.0.0.0, Culture=neutral, PublicKeyToken=b03f5f7f11d50a3a" className="Microsoft.ApplicationServer.Http.ObjectContentTests, Microsoft.ApplicationServer.Http.CIT.Unit, Version=0.0.0.0, Culture=neutral, PublicKeyToken=null" name="Constructor6ThrowsWithNullValueTypeObject" />
    </UnitTest>
    <UnitTest name="CanWriteAs2ThrowsWithNullContent" storage="f:\advisorsrepo\wcfhttp\http\test\microsoft.applicationserver.http\unit\bin\release\microsoft.applicationserver.http.cit.unit.dll" id="a28593e9-8eb7-2b33-d503-ff774ef4ab24">
      <Description>CanWriteAs(Type, HttpResponseMessage, out MediaTypeHeaderValue) throws with null type.</Description>
      <Execution timeOut="30000" id="230697b2-daf3-4329-a1e3-4bf432202e79" />
      <Owners>
        <Owner name="dravva" />
      </Owners>
      <TestCategory>
        <TestCategoryItem TestCategory="CIT" />
      </TestCategory>
      <TestMethod codeBase="F:/advisorsrepo/wcfhttp/Http/Test/Microsoft.ApplicationServer.Http/Unit/bin/Release/Microsoft.ApplicationServer.Http.CIT.Unit.DLL" adapterTypeName="Microsoft.VisualStudio.TestTools.TestTypes.Unit.UnitTestAdapter, Microsoft.VisualStudio.QualityTools.Tips.UnitTest.Adapter, Version=10.0.0.0, Culture=neutral, PublicKeyToken=b03f5f7f11d50a3a" className="Microsoft.ApplicationServer.Http.MediaTypeFormatterTests, Microsoft.ApplicationServer.Http.CIT.Unit, Version=0.0.0.0, Culture=neutral, PublicKeyToken=null" name="CanWriteAs2ThrowsWithNullContent" />
    </UnitTest>
    <UnitTest name="InputParameterAreCreatedAllValueAndReferenceTypes" storage="f:\advisorsrepo\wcfhttp\http\test\microsoft.applicationserver.http\unit\bin\release\microsoft.applicationserver.http.cit.unit.dll" id="26b8d371-64b1-a574-1529-a5e83201d4b9">
      <Description>InputParameters are created for a content parameter for all legal types for content.</Description>
      <Execution timeOut="30000" id="0dd15915-8398-4711-87a7-ea0159c7268b" />
      <Owners>
        <Owner name="dravva" />
      </Owners>
      <TestCategory>
        <TestCategoryItem TestCategory="CIT" />
      </TestCategory>
      <TestMethod codeBase="F:/advisorsrepo/wcfhttp/Http/Test/Microsoft.ApplicationServer.Http/Unit/bin/Release/Microsoft.ApplicationServer.Http.CIT.Unit.DLL" adapterTypeName="Microsoft.VisualStudio.TestTools.TestTypes.Unit.UnitTestAdapter, Microsoft.VisualStudio.QualityTools.Tips.UnitTest.Adapter, Version=10.0.0.0, Culture=neutral, PublicKeyToken=b03f5f7f11d50a3a" className="Microsoft.ApplicationServer.Http.Dispatcher.RequestContentHandlerTests, Microsoft.ApplicationServer.Http.CIT.Unit, Version=0.0.0.0, Culture=neutral, PublicKeyToken=null" name="InputParameterAreCreatedAllValueAndReferenceTypes" />
    </UnitTest>
    <UnitTest name="HandleThrowsWitUnconvertableInput" storage="f:\advisorsrepo\wcfhttp\http\test\microsoft.applicationserver.http\unit\bin\release\microsoft.applicationserver.http.cit.unit.dll" id="724da28d-84b6-96b3-483c-5e62833deda3">
      <Description>Handle(object[]) throws with Input that cannot be converted to expected types.</Description>
      <Execution timeOut="30000" id="29082e03-46da-4f56-9ae7-7656b8ff7bef" />
      <Owners>
        <Owner name="vinelap" />
      </Owners>
      <TestCategory>
        <TestCategoryItem TestCategory="CIT" />
      </TestCategory>
      <TestMethod codeBase="F:/advisorsrepo/wcfhttp/Http/Test/Microsoft.ApplicationServer.Http/Unit/bin/Release/Microsoft.ApplicationServer.Http.CIT.Unit.DLL" adapterTypeName="Microsoft.VisualStudio.TestTools.TestTypes.Unit.UnitTestAdapter, Microsoft.VisualStudio.QualityTools.Tips.UnitTest.Adapter, Version=10.0.0.0, Culture=neutral, PublicKeyToken=b03f5f7f11d50a3a" className="Microsoft.ApplicationServer.Http.Dispatcher.HttpOperationHandlerTests, Microsoft.ApplicationServer.Http.CIT.Unit, Version=0.0.0.0, Culture=neutral, PublicKeyToken=null" name="HandleThrowsWitUnconvertableInput" />
    </UnitTest>
    <UnitTest name="HttpOperationDescription_Data_Driven_Parameter_Signatures" storage="f:\advisorsrepo\wcfhttp\http\test\microsoft.applicationserver.http\unit\bin\release\microsoft.applicationserver.http.cit.unit.dll" id="5ebdd638-e1a5-38c3-a546-10872fb7da96">
      <Description>HttpOperationDescription data driven test validates multiple parameter signatures</Description>
      <Execution timeOut="30000" id="ae185284-93e9-49de-bfc0-46a43999b9b7" />
      <Owners>
        <Owner name="maying" />
      </Owners>
      <TestCategory>
        <TestCategoryItem TestCategory="CIT" />
      </TestCategory>
      <TestMethod codeBase="F:/advisorsrepo/wcfhttp/Http/Test/Microsoft.ApplicationServer.Http/Unit/bin/Release/Microsoft.ApplicationServer.Http.CIT.Unit.DLL" adapterTypeName="Microsoft.VisualStudio.TestTools.TestTypes.Unit.UnitTestAdapter, Microsoft.VisualStudio.QualityTools.Tips.UnitTest.Adapter, Version=10.0.0.0, Culture=neutral, PublicKeyToken=b03f5f7f11d50a3a" className="Microsoft.ApplicationServer.Http.Description.HttpOperationDescriptionTests, Microsoft.ApplicationServer.Http.CIT.Unit, Version=0.0.0.0, Culture=neutral, PublicKeyToken=null" name="HttpOperationDescription_Data_Driven_Parameter_Signatures" />
    </UnitTest>
    <UnitTest name="UnitTestClassIsCorrect" storage="f:\advisorsrepo\wcfhttp\http\test\microsoft.applicationserver.http\unit\bin\release\microsoft.applicationserver.http.cit.unit.dll" id="ea7ade92-61b8-cdde-0e10-3b279dc2a7a7">
      <Execution timeOut="1800000" id="a6f324b9-1286-4cb4-ba76-2beb0cb1db67" />
      <TestMethod codeBase="F:/advisorsrepo/wcfhttp/Http/Test/Microsoft.ApplicationServer.Http/Unit/bin/Release/Microsoft.ApplicationServer.Http.CIT.Unit.DLL" adapterTypeName="Microsoft.VisualStudio.TestTools.TestTypes.Unit.UnitTestAdapter, Microsoft.VisualStudio.QualityTools.Tips.UnitTest.Adapter, Version=10.0.0.0, Culture=neutral, PublicKeyToken=b03f5f7f11d50a3a" className="Microsoft.ApplicationServer.Http.Description.HttpParameterTests, Microsoft.ApplicationServer.Http.CIT.Unit, Version=0.0.0.0, Culture=neutral, PublicKeyToken=null" name="UnitTestClassIsCorrect" />
    </UnitTest>
    <UnitTest name="IsEmpty_Is_False_When_HttpContent_Length_Is_Unknown" storage="f:\advisorsrepo\wcfhttp\http\test\microsoft.applicationserver.http\unit\bin\release\microsoft.applicationserver.http.cit.unit.dll" id="0dc4cecb-3bbd-7abb-e148-184e39ff8546">
      <Description>HttpMessage.IsEmpty is false if the HttpContent length is unknown.</Description>
      <Execution timeOut="30000" id="d85e1ed4-2183-4f6c-92e2-036f65f7a4e3" />
      <Owners>
        <Owner name="derik" />
      </Owners>
      <TestCategory>
        <TestCategoryItem TestCategory="CIT" />
      </TestCategory>
      <TestMethod codeBase="F:/advisorsrepo/wcfhttp/Http/Test/Microsoft.ApplicationServer.Http/Unit/bin/Release/Microsoft.ApplicationServer.Http.CIT.Unit.DLL" adapterTypeName="Microsoft.VisualStudio.TestTools.TestTypes.Unit.UnitTestAdapter, Microsoft.VisualStudio.QualityTools.Tips.UnitTest.Adapter, Version=10.0.0.0, Culture=neutral, PublicKeyToken=b03f5f7f11d50a3a" className="Microsoft.ApplicationServer.Http.Channels.HttpMessageTests, Microsoft.ApplicationServer.Http.CIT.Unit, Version=0.0.0.0, Culture=neutral, PublicKeyToken=null" name="IsEmpty_Is_False_When_HttpContent_Length_Is_Unknown" />
    </UnitTest>
    <UnitTest name="ConstructorThrowsWithNullOperations" storage="f:\advisorsrepo\wcfhttp\http\test\microsoft.applicationserver.http\unit\bin\release\microsoft.applicationserver.http.cit.unit.dll" id="920bd50c-e812-438b-19f3-d92d98207fea">
      <Description>UriAndMethodOperationSelector(Uri, IEnumerable&lt;HttpOperationDescription&gt;) throws if the operations parameter is null.</Description>
      <Execution timeOut="30000" id="7ef480b5-bea8-4bce-a26b-7f43da276293" />
      <Owners>
        <Owner name="dravva" />
      </Owners>
      <TestCategory>
        <TestCategoryItem TestCategory="CIT" />
      </TestCategory>
      <TestMethod codeBase="F:/advisorsrepo/wcfhttp/Http/Test/Microsoft.ApplicationServer.Http/Unit/bin/Release/Microsoft.ApplicationServer.Http.CIT.Unit.DLL" adapterTypeName="Microsoft.VisualStudio.TestTools.TestTypes.Unit.UnitTestAdapter, Microsoft.VisualStudio.QualityTools.Tips.UnitTest.Adapter, Version=10.0.0.0, Culture=neutral, PublicKeyToken=b03f5f7f11d50a3a" className="Microsoft.ApplicationServer.Http.Dispatcher.UriAndMethodOperationSelectorTests, Microsoft.ApplicationServer.Http.CIT.Unit, Version=0.0.0.0, Culture=neutral, PublicKeyToken=null" name="ConstructorThrowsWithNullOperations" />
    </UnitTest>
    <UnitTest name="ConvertObjectContentOfNullableOfTtoT" storage="f:\advisorsrepo\wcfhttp\http\test\microsoft.applicationserver.http\unit\bin\release\microsoft.applicationserver.http.cit.unit.dll" id="33237398-6792-b43d-cf64-10faf723360b">
      <Description>Convert(object) ObjectContent&lt;Nullable&lt;T&gt;&gt; to T.</Description>
      <Execution timeOut="30000" id="c091af75-5cf9-4a03-88d6-094d934d9b4a" />
      <Owners>
        <Owner name="dravva" />
      </Owners>
      <TestCategory>
        <TestCategoryItem TestCategory="CIT" />
      </TestCategory>
      <TestMethod codeBase="F:/advisorsrepo/wcfhttp/Http/Test/Microsoft.ApplicationServer.Http/Unit/bin/Release/Microsoft.ApplicationServer.Http.CIT.Unit.DLL" adapterTypeName="Microsoft.VisualStudio.TestTools.TestTypes.Unit.UnitTestAdapter, Microsoft.VisualStudio.QualityTools.Tips.UnitTest.Adapter, Version=10.0.0.0, Culture=neutral, PublicKeyToken=b03f5f7f11d50a3a" className="Microsoft.ApplicationServer.Http.Description.HttpParameterValueConverterTests, Microsoft.ApplicationServer.Http.CIT.Unit, Version=0.0.0.0, Culture=neutral, PublicKeyToken=null" name="ConvertObjectContentOfNullableOfTtoT" />
    </UnitTest>
    <UnitTest name="Unknown_Uri_Is_Handled_With_Machine_Name" storage="f:\advisorsrepo\wcfhttp\http\test\microsoft.applicationserver.http\unit\bin\release\microsoft.applicationserver.http.cit.unit.dll" id="a82035ff-0520-9d63-a5e0-b7ff15e539f0">
      <Description>HttpBehavior back compat test for unknown endpoint when the request uses the machine name and not 'localhost'.</Description>
      <Execution timeOut="30000" id="7033f92f-81c1-4741-8a79-7017c52c55e0" />
      <Owners>
        <Owner name="vinelap" />
      </Owners>
      <TestCategory>
        <TestCategoryItem TestCategory="CIT" />
      </TestCategory>
      <TestMethod codeBase="F:/advisorsrepo/wcfhttp/Http/Test/Microsoft.ApplicationServer.Http/Unit/bin/Release/Microsoft.ApplicationServer.Http.CIT.Unit.DLL" adapterTypeName="Microsoft.VisualStudio.TestTools.TestTypes.Unit.UnitTestAdapter, Microsoft.VisualStudio.QualityTools.Tips.UnitTest.Adapter, Version=10.0.0.0, Culture=neutral, PublicKeyToken=b03f5f7f11d50a3a" className="Microsoft.ApplicationServer.Http.Description.HttpBehaviorTests, Microsoft.ApplicationServer.Http.CIT.Unit, Version=0.0.0.0, Culture=neutral, PublicKeyToken=null" name="Unknown_Uri_Is_Handled_With_Machine_Name" />
    </UnitTest>
    <UnitTest name="Validate_Throws_If_Any_Operation_Has_Typed_Message_Response" storage="f:\advisorsrepo\wcfhttp\http\test\microsoft.applicationserver.http\unit\bin\release\microsoft.applicationserver.http.cit.unit.dll" id="8e28722e-4206-27d4-19fe-25f4c9bdece6">
      <Description>HttpBehavior.Validate throws if any operation has a response with a typed message.</Description>
      <Execution timeOut="30000" id="7485cbb4-bf79-4ce1-82f8-880af08f8af9" />
      <Owners>
        <Owner name="vinelap" />
      </Owners>
      <TestCategory>
        <TestCategoryItem TestCategory="CIT" />
      </TestCategory>
      <TestMethod codeBase="F:/advisorsrepo/wcfhttp/Http/Test/Microsoft.ApplicationServer.Http/Unit/bin/Release/Microsoft.ApplicationServer.Http.CIT.Unit.DLL" adapterTypeName="Microsoft.VisualStudio.TestTools.TestTypes.Unit.UnitTestAdapter, Microsoft.VisualStudio.QualityTools.Tips.UnitTest.Adapter, Version=10.0.0.0, Culture=neutral, PublicKeyToken=b03f5f7f11d50a3a" className="Microsoft.ApplicationServer.Http.Description.HttpBehaviorTests, Microsoft.ApplicationServer.Http.CIT.Unit, Version=0.0.0.0, Culture=neutral, PublicKeyToken=null" name="Validate_Throws_If_Any_Operation_Has_Typed_Message_Response" />
    </UnitTest>
    <UnitTest name="HttpParameterCollection_Synchronized_Implements_Contains" storage="f:\advisorsrepo\wcfhttp\http\test\microsoft.applicationserver.http\unit\bin\release\microsoft.applicationserver.http.cit.unit.dll" id="66e7e9cd-9f8a-647c-6eb0-39e4ddab81e8">
      <Description>HttpParameterCollection created from MessagePartDescriptionCollection implements Contains correctly</Description>
      <Execution timeOut="30000" id="04761876-b006-49c0-90ae-a94a62a452ce" />
      <Owners>
        <Owner name="derik" />
      </Owners>
      <TestCategory>
        <TestCategoryItem TestCategory="CIT" />
      </TestCategory>
      <TestMethod codeBase="F:/advisorsrepo/wcfhttp/Http/Test/Microsoft.ApplicationServer.Http/Unit/bin/Release/Microsoft.ApplicationServer.Http.CIT.Unit.DLL" adapterTypeName="Microsoft.VisualStudio.TestTools.TestTypes.Unit.UnitTestAdapter, Microsoft.VisualStudio.QualityTools.Tips.UnitTest.Adapter, Version=10.0.0.0, Culture=neutral, PublicKeyToken=b03f5f7f11d50a3a" className="Microsoft.ApplicationServer.Http.Description.HttpParameterCollectionTests, Microsoft.ApplicationServer.Http.CIT.Unit, Version=0.0.0.0, Culture=neutral, PublicKeyToken=null" name="HttpParameterCollection_Synchronized_Implements_Contains" />
    </UnitTest>
    <UnitTest name="CanReadAs2ReturnsTrue" storage="f:\advisorsrepo\wcfhttp\http\test\microsoft.applicationserver.http\unit\bin\release\microsoft.applicationserver.http.cit.unit.dll" id="abf26b52-c8c8-00a7-753b-c16c739c1804">
      <Description>CanReadAs(Type, HttpResponseMessage) returns true for all standard media types.</Description>
      <Execution timeOut="30000" id="1d79e8a2-7429-49fa-89b0-247fe95f60b5" />
      <Owners>
        <Owner name="dravva" />
      </Owners>
      <TestCategory>
        <TestCategoryItem TestCategory="CIT" />
      </TestCategory>
      <TestMethod codeBase="F:/advisorsrepo/wcfhttp/Http/Test/Microsoft.ApplicationServer.Http/Unit/bin/Release/Microsoft.ApplicationServer.Http.CIT.Unit.DLL" adapterTypeName="Microsoft.VisualStudio.TestTools.TestTypes.Unit.UnitTestAdapter, Microsoft.VisualStudio.QualityTools.Tips.UnitTest.Adapter, Version=10.0.0.0, Culture=neutral, PublicKeyToken=b03f5f7f11d50a3a" className="Microsoft.ApplicationServer.Http.MediaTypeFormatterTests, Microsoft.ApplicationServer.Http.CIT.Unit, Version=0.0.0.0, Culture=neutral, PublicKeyToken=null" name="CanReadAs2ReturnsTrue" />
    </UnitTest>
    <UnitTest name="GetInputValuesForHandlerReturnsInputsForAGivenHandler" storage="f:\advisorsrepo\wcfhttp\http\test\microsoft.applicationserver.http\unit\bin\release\microsoft.applicationserver.http.cit.unit.dll" id="938c64e0-e96a-2bf4-48c5-93b808451374">
      <Description>GetInputValuesForHandler(int, object[]) returns an object array with references to the instances in the input array that correspond to the handler's inputs.</Description>
      <Execution timeOut="30000" id="b7d86429-81de-4d8f-bd84-265ecfd2dd14" />
      <Owners>
        <Owner name="dravva" />
      </Owners>
      <TestCategory>
        <TestCategoryItem TestCategory="CIT" />
      </TestCategory>
      <TestMethod codeBase="F:/advisorsrepo/wcfhttp/Http/Test/Microsoft.ApplicationServer.Http/Unit/bin/Release/Microsoft.ApplicationServer.Http.CIT.Unit.DLL" adapterTypeName="Microsoft.VisualStudio.TestTools.TestTypes.Unit.UnitTestAdapter, Microsoft.VisualStudio.QualityTools.Tips.UnitTest.Adapter, Version=10.0.0.0, Culture=neutral, PublicKeyToken=b03f5f7f11d50a3a" className="Microsoft.ApplicationServer.Http.Dispatcher.OperationHandlerPipelineInfoTests, Microsoft.ApplicationServer.Http.CIT.Unit, Version=0.0.0.0, Culture=neutral, PublicKeyToken=null" name="GetInputValuesForHandlerReturnsInputsForAGivenHandler" />
    </UnitTest>
    <UnitTest name="HttpTransportSecurity_ConfigureTransportAuthentication" storage="f:\advisorsrepo\wcfhttp\http\test\microsoft.applicationserver.http\unit\bin\release\microsoft.applicationserver.http.cit.unit.dll" id="9488f653-be28-3f7a-8f4a-8d3bba0d78f0">
      <Description>HttpTransportSecurity.ConfigureTransportAuthentication sets HttpTransportBindingElement</Description>
      <Execution timeOut="30000" id="9858fa63-1209-4f28-b837-6134cedfaf5a" />
      <Owners>
        <Owner name="derik" />
      </Owners>
      <TestCategory>
        <TestCategoryItem TestCategory="CIT" />
      </TestCategory>
      <TestMethod codeBase="F:/advisorsrepo/wcfhttp/Http/Test/Microsoft.ApplicationServer.Http/Unit/bin/Release/Microsoft.ApplicationServer.Http.CIT.Unit.DLL" adapterTypeName="Microsoft.VisualStudio.TestTools.TestTypes.Unit.UnitTestAdapter, Microsoft.VisualStudio.QualityTools.Tips.UnitTest.Adapter, Version=10.0.0.0, Culture=neutral, PublicKeyToken=b03f5f7f11d50a3a" className="Microsoft.ApplicationServer.Http.Configuration.HttpTransportSecurityTests, Microsoft.ApplicationServer.Http.CIT.Unit, Version=0.0.0.0, Culture=neutral, PublicKeyToken=null" name="HttpTransportSecurity_ConfigureTransportAuthentication" />
    </UnitTest>
    <UnitTest name="SupportsMediaType1ReturnsFalseWithMediaRangeNotInAcceptHeader" storage="f:\advisorsrepo\wcfhttp\http\test\microsoft.applicationserver.http\unit\bin\release\microsoft.applicationserver.http.cit.unit.dll" id="4d50205b-99db-fdf4-23f0-92338d45e6fa">
      <Description>SupportsMediaType(HttpResponseMessage) returns false when the MediaRange is not in the accept headers.</Description>
      <Execution timeOut="30000" id="88b166bc-d221-4332-8247-bf3d4e53c836" />
      <Owners>
        <Owner name="dravva" />
      </Owners>
      <TestCategory>
        <TestCategoryItem TestCategory="CIT" />
      </TestCategory>
      <TestMethod codeBase="F:/advisorsrepo/wcfhttp/Http/Test/Microsoft.ApplicationServer.Http/Unit/bin/Release/Microsoft.ApplicationServer.Http.CIT.Unit.DLL" adapterTypeName="Microsoft.VisualStudio.TestTools.TestTypes.Unit.UnitTestAdapter, Microsoft.VisualStudio.QualityTools.Tips.UnitTest.Adapter, Version=10.0.0.0, Culture=neutral, PublicKeyToken=b03f5f7f11d50a3a" className="Microsoft.ApplicationServer.Http.MediaRangeMappingTests, Microsoft.ApplicationServer.Http.CIT.Unit, Version=0.0.0.0, Culture=neutral, PublicKeyToken=null" name="SupportsMediaType1ReturnsFalseWithMediaRangeNotInAcceptHeader" />
    </UnitTest>
    <UnitTest name="ToHttpResponseMessage_Extracts_The_Original_HttpResponseMessage" storage="f:\advisorsrepo\wcfhttp\http\test\microsoft.applicationserver.http\unit\bin\release\microsoft.applicationserver.http.cit.unit.dll" id="d456bd0b-4fa4-d80d-74c3-c9cb4832bd76">
      <Description>Message.ToHttpResponseMessage extracts the original HttpResponseMessage instance with which the HttpMessage was created.</Description>
      <Execution timeOut="30000" id="d3e91fc7-a8e5-4fcb-9012-4a906dbd1ffe" />
      <Owners>
        <Owner name="derik" />
      </Owners>
      <TestCategory>
        <TestCategoryItem TestCategory="CIT" />
      </TestCategory>
      <TestMethod codeBase="F:/advisorsrepo/wcfhttp/Http/Test/Microsoft.ApplicationServer.Http/Unit/bin/Release/Microsoft.ApplicationServer.Http.CIT.Unit.DLL" adapterTypeName="Microsoft.VisualStudio.TestTools.TestTypes.Unit.UnitTestAdapter, Microsoft.VisualStudio.QualityTools.Tips.UnitTest.Adapter, Version=10.0.0.0, Culture=neutral, PublicKeyToken=b03f5f7f11d50a3a" className="Microsoft.ApplicationServer.Http.Channels.HttpMessageExtensionMethodsTests, Microsoft.ApplicationServer.Http.CIT.Unit, Version=0.0.0.0, Culture=neutral, PublicKeyToken=null" name="ToHttpResponseMessage_Extracts_The_Original_HttpResponseMessage" />
    </UnitTest>
    <UnitTest name="Name" storage="f:\advisorsrepo\wcfhttp\http\test\microsoft.applicationserver.http\unit\bin\release\microsoft.applicationserver.http.cit.unit.dll" id="179bb5cb-2da2-4b26-fb7e-ffde5e4f502c">
      <Description>Name returns value from constructor.</Description>
      <Execution timeOut="30000" id="33367f4c-5b24-40a5-9582-fa2eeb90a86c" />
      <Owners>
        <Owner name="maying" />
      </Owners>
      <TestCategory>
        <TestCategoryItem TestCategory="CIT" />
      </TestCategory>
      <TestMethod codeBase="F:/advisorsrepo/wcfhttp/Http/Test/Microsoft.ApplicationServer.Http/Unit/bin/Release/Microsoft.ApplicationServer.Http.CIT.Unit.DLL" adapterTypeName="Microsoft.VisualStudio.TestTools.TestTypes.Unit.UnitTestAdapter, Microsoft.VisualStudio.QualityTools.Tips.UnitTest.Adapter, Version=10.0.0.0, Culture=neutral, PublicKeyToken=b03f5f7f11d50a3a" className="Microsoft.ApplicationServer.Http.Description.HttpParameterTests, Microsoft.ApplicationServer.Http.CIT.Unit, Version=0.0.0.0, Culture=neutral, PublicKeyToken=null" name="Name" />
    </UnitTest>
    <UnitTest name="ToHttpResponseMessage_Throws_When_This_Is_Null" storage="f:\advisorsrepo\wcfhttp\http\test\microsoft.applicationserver.http\unit\bin\release\microsoft.applicationserver.http.cit.unit.dll" id="91679418-a4b1-ee6f-f6f5-5f43ca983664">
      <Description>Message.ToHttpResponseMessage throws ArgumentNullException when the message is null.</Description>
      <Execution timeOut="30000" id="4c95a73d-5324-46df-8124-81c3f401e500" />
      <Owners>
        <Owner name="derik" />
      </Owners>
      <TestCategory>
        <TestCategoryItem TestCategory="CIT" />
      </TestCategory>
      <TestMethod codeBase="F:/advisorsrepo/wcfhttp/Http/Test/Microsoft.ApplicationServer.Http/Unit/bin/Release/Microsoft.ApplicationServer.Http.CIT.Unit.DLL" adapterTypeName="Microsoft.VisualStudio.TestTools.TestTypes.Unit.UnitTestAdapter, Microsoft.VisualStudio.QualityTools.Tips.UnitTest.Adapter, Version=10.0.0.0, Culture=neutral, PublicKeyToken=b03f5f7f11d50a3a" className="Microsoft.ApplicationServer.Http.Channels.HttpMessageExtensionMethodsTests, Microsoft.ApplicationServer.Http.CIT.Unit, Version=0.0.0.0, Culture=neutral, PublicKeyToken=null" name="ToHttpResponseMessage_Throws_When_This_Is_Null" />
    </UnitTest>
    <UnitTest name="Closing_Disposes_Of_The_HttpResponseMessage" storage="f:\advisorsrepo\wcfhttp\http\test\microsoft.applicationserver.http\unit\bin\release\microsoft.applicationserver.http.cit.unit.dll" id="02994c15-cf2d-d656-ddaa-990bcb987ab0">
      <Description>HttpMessage.Close disposes of the HttpResponseMessage.</Description>
      <Execution timeOut="30000" id="b973297f-5ff8-460d-8bb4-1b78ced4641e" />
      <Owners>
        <Owner name="derik" />
      </Owners>
      <TestCategory>
        <TestCategoryItem TestCategory="CIT" />
      </TestCategory>
      <TestMethod codeBase="F:/advisorsrepo/wcfhttp/Http/Test/Microsoft.ApplicationServer.Http/Unit/bin/Release/Microsoft.ApplicationServer.Http.CIT.Unit.DLL" adapterTypeName="Microsoft.VisualStudio.TestTools.TestTypes.Unit.UnitTestAdapter, Microsoft.VisualStudio.QualityTools.Tips.UnitTest.Adapter, Version=10.0.0.0, Culture=neutral, PublicKeyToken=b03f5f7f11d50a3a" className="Microsoft.ApplicationServer.Http.Channels.HttpMessageTests, Microsoft.ApplicationServer.Http.CIT.Unit, Version=0.0.0.0, Culture=neutral, PublicKeyToken=null" name="Closing_Disposes_Of_The_HttpResponseMessage" />
    </UnitTest>
    <UnitTest name="ContentGetterSetsContentHttpResponseMessage" storage="f:\advisorsrepo\wcfhttp\http\test\microsoft.applicationserver.http\unit\bin\release\microsoft.applicationserver.http.cit.unit.dll" id="d831213e-6cf4-c347-2074-10a890bd0691">
      <Description>HttpResponseMessage&lt;T&gt;.Content getter sets Content.HttpResponseMessage if not set.</Description>
      <Execution timeOut="30000" id="d489227f-e3ed-4e19-8a43-e22d75586534" />
      <Owners>
        <Owner name="dravva" />
      </Owners>
      <TestCategory>
        <TestCategoryItem TestCategory="CIT" />
      </TestCategory>
      <TestMethod codeBase="F:/advisorsrepo/wcfhttp/Http/Test/Microsoft.ApplicationServer.Http/Unit/bin/Release/Microsoft.ApplicationServer.Http.CIT.Unit.DLL" adapterTypeName="Microsoft.VisualStudio.TestTools.TestTypes.Unit.UnitTestAdapter, Microsoft.VisualStudio.QualityTools.Tips.UnitTest.Adapter, Version=10.0.0.0, Culture=neutral, PublicKeyToken=b03f5f7f11d50a3a" className="Microsoft.ApplicationServer.Http.HttpResponseMessageOfTTests, Microsoft.ApplicationServer.Http.CIT.Unit, Version=0.0.0.0, Culture=neutral, PublicKeyToken=null" name="ContentGetterSetsContentHttpResponseMessage" />
    </UnitTest>
    <UnitTest name="ContentReadStream_Calls_The_ActionOfStream" storage="f:\advisorsrepo\wcfhttp\http\test\microsoft.applicationserver.http\unit\bin\release\microsoft.applicationserver.http.cit.unit.dll" id="4b652287-2c65-c765-5279-8e3f7a7d105d">
      <Description>ActionOfStreamContent.ContentReadStream calls the inner action of stream.</Description>
      <Execution timeOut="30000" id="566e7724-5b40-4bc8-9ecb-54986fd46c94" />
      <Owners>
        <Owner name="vinelap" />
      </Owners>
      <TestCategory>
        <TestCategoryItem TestCategory="CIT" />
      </TestCategory>
      <TestMethod codeBase="F:/advisorsrepo/wcfhttp/Http/Test/Microsoft.ApplicationServer.Http/Unit/bin/Release/Microsoft.ApplicationServer.Http.CIT.Unit.DLL" adapterTypeName="Microsoft.VisualStudio.TestTools.TestTypes.Unit.UnitTestAdapter, Microsoft.VisualStudio.QualityTools.Tips.UnitTest.Adapter, Version=10.0.0.0, Culture=neutral, PublicKeyToken=b03f5f7f11d50a3a" className="Microsoft.ApplicationServer.Http.ActionOfStreamContentTests, Microsoft.ApplicationServer.Http.CIT.Unit, Version=0.0.0.0, Culture=neutral, PublicKeyToken=null" name="ContentReadStream_Calls_The_ActionOfStream" />
    </UnitTest>
    <UnitTest name="SupportsMediaTypeThrowsWithNullHttpRequestMessage" storage="f:\advisorsrepo\wcfhttp\http\test\microsoft.applicationserver.http\unit\bin\release\microsoft.applicationserver.http.cit.unit.dll" id="0e12d3f2-cf95-72e1-a5dd-93a569171b93">
      <Description>SupportsMediaType(HttpRequestMessage) throws with a null HttpRequestMessage.</Description>
      <Execution timeOut="30000" id="36d78e7b-f212-49a1-b05e-5e34ac7f8513" />
      <Owners>
        <Owner name="dravva" />
      </Owners>
      <TestCategory>
        <TestCategoryItem TestCategory="CIT" />
      </TestCategory>
      <TestMethod codeBase="F:/advisorsrepo/wcfhttp/Http/Test/Microsoft.ApplicationServer.Http/Unit/bin/Release/Microsoft.ApplicationServer.Http.CIT.Unit.DLL" adapterTypeName="Microsoft.VisualStudio.TestTools.TestTypes.Unit.UnitTestAdapter, Microsoft.VisualStudio.QualityTools.Tips.UnitTest.Adapter, Version=10.0.0.0, Culture=neutral, PublicKeyToken=b03f5f7f11d50a3a" className="Microsoft.ApplicationServer.Http.QueryStringMappingTests, Microsoft.ApplicationServer.Http.CIT.Unit, Version=0.0.0.0, Culture=neutral, PublicKeyToken=null" name="SupportsMediaTypeThrowsWithNullHttpRequestMessage" />
    </UnitTest>
    <UnitTest name="SupportsMediaTypeReturnsFalseAlways" storage="f:\advisorsrepo\wcfhttp\http\test\microsoft.applicationserver.http\unit\bin\release\microsoft.applicationserver.http.cit.unit.dll" id="8f921ca6-1fda-a03a-9c76-f66b19332898">
      <Description>SupportsMediaType(HttpRequestMessage) returns false unconditionally.</Description>
      <Execution timeOut="30000" id="ad608ebc-4361-4599-977a-833889067c16" />
      <Owners>
        <Owner name="dravva" />
      </Owners>
      <TestCategory>
        <TestCategoryItem TestCategory="CIT" />
      </TestCategory>
      <TestMethod codeBase="F:/advisorsrepo/wcfhttp/Http/Test/Microsoft.ApplicationServer.Http/Unit/bin/Release/Microsoft.ApplicationServer.Http.CIT.Unit.DLL" adapterTypeName="Microsoft.VisualStudio.TestTools.TestTypes.Unit.UnitTestAdapter, Microsoft.VisualStudio.QualityTools.Tips.UnitTest.Adapter, Version=10.0.0.0, Culture=neutral, PublicKeyToken=b03f5f7f11d50a3a" className="Microsoft.ApplicationServer.Http.MediaRangeMappingTests, Microsoft.ApplicationServer.Http.CIT.Unit, Version=0.0.0.0, Culture=neutral, PublicKeyToken=null" name="SupportsMediaTypeReturnsFalseAlways" />
    </UnitTest>
    <UnitTest name="CanWriteAs1ThrowsWithNullType" storage="f:\advisorsrepo\wcfhttp\http\test\microsoft.applicationserver.http\unit\bin\release\microsoft.applicationserver.http.cit.unit.dll" id="1f98e9e4-a429-e84c-bb94-3c18ab8cd7c4">
      <Description>CanWriteAs(Type, HttpRequestMessage, out MediaTypeHeaderValue) throws with null type.</Description>
      <Execution timeOut="30000" id="54727a68-5637-46f2-bf58-6e7fe769e1b5" />
      <Owners>
        <Owner name="dravva" />
      </Owners>
      <TestCategory>
        <TestCategoryItem TestCategory="CIT" />
      </TestCategory>
      <TestMethod codeBase="F:/advisorsrepo/wcfhttp/Http/Test/Microsoft.ApplicationServer.Http/Unit/bin/Release/Microsoft.ApplicationServer.Http.CIT.Unit.DLL" adapterTypeName="Microsoft.VisualStudio.TestTools.TestTypes.Unit.UnitTestAdapter, Microsoft.VisualStudio.QualityTools.Tips.UnitTest.Adapter, Version=10.0.0.0, Culture=neutral, PublicKeyToken=b03f5f7f11d50a3a" className="Microsoft.ApplicationServer.Http.MediaTypeFormatterTests, Microsoft.ApplicationServer.Http.CIT.Unit, Version=0.0.0.0, Culture=neutral, PublicKeyToken=null" name="CanWriteAs1ThrowsWithNullType" />
    </UnitTest>
    <UnitTest name="ResponseMessageReturnsHttpResponseMessageHttpParameter" storage="f:\advisorsrepo\wcfhttp\http\test\microsoft.applicationserver.http\unit\bin\release\microsoft.applicationserver.http.cit.unit.dll" id="412b3303-8591-425e-ccac-76d84585be54">
      <Description>ResponseMessage returns HttpResponseMessage HttpParameter.</Description>
      <Execution timeOut="30000" id="b470d9f6-05e0-48e7-b978-687234b3eb4d" />
      <Owners>
        <Owner name="maying" />
      </Owners>
      <TestCategory>
        <TestCategoryItem TestCategory="CIT" />
      </TestCategory>
      <TestMethod codeBase="F:/advisorsrepo/wcfhttp/Http/Test/Microsoft.ApplicationServer.Http/Unit/bin/Release/Microsoft.ApplicationServer.Http.CIT.Unit.DLL" adapterTypeName="Microsoft.VisualStudio.TestTools.TestTypes.Unit.UnitTestAdapter, Microsoft.VisualStudio.QualityTools.Tips.UnitTest.Adapter, Version=10.0.0.0, Culture=neutral, PublicKeyToken=b03f5f7f11d50a3a" className="Microsoft.ApplicationServer.Http.Description.HttpParameterTests, Microsoft.ApplicationServer.Http.CIT.Unit, Version=0.0.0.0, Culture=neutral, PublicKeyToken=null" name="ResponseMessageReturnsHttpResponseMessageHttpParameter" />
    </UnitTest>
    <UnitTest name="Constructor2" storage="f:\advisorsrepo\wcfhttp\http\test\microsoft.applicationserver.http\unit\bin\release\microsoft.applicationserver.http.cit.unit.dll" id="6c1c0a0a-a2c9-58e1-ccca-3b3ad75cf06e">
      <Description>HttpResponseMessage&lt;T&gt;(T, HttpStatusCode) sets Content and StatusCode properties with all known value and reference types.</Description>
      <Execution timeOut="30000" id="0de8624f-3829-4e28-8719-d370207c0a65" />
      <Owners>
        <Owner name="dravva" />
      </Owners>
      <TestCategory>
        <TestCategoryItem TestCategory="CIT" />
      </TestCategory>
      <TestMethod codeBase="F:/advisorsrepo/wcfhttp/Http/Test/Microsoft.ApplicationServer.Http/Unit/bin/Release/Microsoft.ApplicationServer.Http.CIT.Unit.DLL" adapterTypeName="Microsoft.VisualStudio.TestTools.TestTypes.Unit.UnitTestAdapter, Microsoft.VisualStudio.QualityTools.Tips.UnitTest.Adapter, Version=10.0.0.0, Culture=neutral, PublicKeyToken=b03f5f7f11d50a3a" className="Microsoft.ApplicationServer.Http.HttpResponseMessageOfTTests, Microsoft.ApplicationServer.Http.CIT.Unit, Version=0.0.0.0, Culture=neutral, PublicKeyToken=null" name="Constructor2" />
    </UnitTest>
    <UnitTest name="HandleCallsOnHandleOfGeneric06" storage="f:\advisorsrepo\wcfhttp\http\test\microsoft.applicationserver.http\unit\bin\release\microsoft.applicationserver.http.cit.unit.dll" id="49a97412-47ea-8d85-2bed-e3cbfa833b4e">
      <Description>Handle(object[]) calls OnHandle for the generic HttpOperationHandlerOfT.</Description>
      <Execution timeOut="30000" id="149adbad-4baa-4cb3-a1f1-5d8309e2d53a" />
      <Owners>
        <Owner name="dravva" />
      </Owners>
      <TestCategory>
        <TestCategoryItem TestCategory="CIT" />
      </TestCategory>
      <TestMethod codeBase="F:/advisorsrepo/wcfhttp/Http/Test/Microsoft.ApplicationServer.Http/Unit/bin/Release/Microsoft.ApplicationServer.Http.CIT.Unit.DLL" adapterTypeName="Microsoft.VisualStudio.TestTools.TestTypes.Unit.UnitTestAdapter, Microsoft.VisualStudio.QualityTools.Tips.UnitTest.Adapter, Version=10.0.0.0, Culture=neutral, PublicKeyToken=b03f5f7f11d50a3a" className="Microsoft.ApplicationServer.Http.Dispatcher.HttpOperationHandlerOfTTests, Microsoft.ApplicationServer.Http.CIT.Unit, Version=0.0.0.0, Culture=neutral, PublicKeyToken=null" name="HandleCallsOnHandleOfGeneric06" />
    </UnitTest>
    <UnitTest name="Constructor1" storage="f:\advisorsrepo\wcfhttp\http\test\microsoft.applicationserver.http\unit\bin\release\microsoft.applicationserver.http.cit.unit.dll" id="7d6378f5-83ac-cc39-f19e-ad53e125ba5b">
      <Description>ObjectContent(Type, object, string) sets Type, content header's media type, and (private) ObjectInstance properties.</Description>
      <Execution timeOut="30000" id="a2dd17d2-4b6a-4f3e-a1a2-bce6dba6288e" />
      <Owners>
        <Owner name="dravva" />
      </Owners>
      <TestCategory>
        <TestCategoryItem TestCategory="CIT" />
      </TestCategory>
      <TestMethod codeBase="F:/advisorsrepo/wcfhttp/Http/Test/Microsoft.ApplicationServer.Http/Unit/bin/Release/Microsoft.ApplicationServer.Http.CIT.Unit.DLL" adapterTypeName="Microsoft.VisualStudio.TestTools.TestTypes.Unit.UnitTestAdapter, Microsoft.VisualStudio.QualityTools.Tips.UnitTest.Adapter, Version=10.0.0.0, Culture=neutral, PublicKeyToken=b03f5f7f11d50a3a" className="Microsoft.ApplicationServer.Http.ObjectContentTests, Microsoft.ApplicationServer.Http.CIT.Unit, Version=0.0.0.0, Culture=neutral, PublicKeyToken=null" name="Constructor1" />
    </UnitTest>
    <UnitTest name="GetHttpResponseMessageCallsPipelineInfo" storage="f:\advisorsrepo\wcfhttp\http\test\microsoft.applicationserver.http\unit\bin\release\microsoft.applicationserver.http.cit.unit.dll" id="719e7379-04a7-5b12-54b8-226fa36eaf3c">
      <Description>GetHttpResponseMessage() calls PipelineInfo.</Description>
      <Execution timeOut="30000" id="4c3eadcb-9948-4e52-9b89-cdb54f9f79e6" />
      <Owners>
        <Owner name="dravva" />
      </Owners>
      <TestCategory>
        <TestCategoryItem TestCategory="CIT" />
      </TestCategory>
      <TestMethod codeBase="F:/advisorsrepo/wcfhttp/Http/Test/Microsoft.ApplicationServer.Http/Unit/bin/Release/Microsoft.ApplicationServer.Http.CIT.Unit.DLL" adapterTypeName="Microsoft.VisualStudio.TestTools.TestTypes.Unit.UnitTestAdapter, Microsoft.VisualStudio.QualityTools.Tips.UnitTest.Adapter, Version=10.0.0.0, Culture=neutral, PublicKeyToken=b03f5f7f11d50a3a" className="Microsoft.ApplicationServer.Http.Dispatcher.OperationHandlerPipelineContextTests, Microsoft.ApplicationServer.Http.CIT.Unit, Version=0.0.0.0, Culture=neutral, PublicKeyToken=null" name="GetHttpResponseMessageCallsPipelineInfo" />
    </UnitTest>
    <UnitTest name="SerializeReply_Null_Result_Allowed" storage="f:\advisorsrepo\wcfhttp\http\test\microsoft.applicationserver.http\unit\bin\release\microsoft.applicationserver.http.cit.unit.dll" id="9897ec61-730d-1dca-bf3e-7c0229b9635d">
      <Description>SerializeReply() accepts a null result argument.</Description>
      <Execution timeOut="30000" id="0f7f57f6-a041-490e-b874-86a0f3755ebc" />
      <Owners>
        <Owner name="maying" />
      </Owners>
      <TestCategory>
        <TestCategoryItem TestCategory="CIT" />
      </TestCategory>
      <TestMethod codeBase="F:/advisorsrepo/wcfhttp/Http/Test/Microsoft.ApplicationServer.Http/Unit/bin/Release/Microsoft.ApplicationServer.Http.CIT.Unit.DLL" adapterTypeName="Microsoft.VisualStudio.TestTools.TestTypes.Unit.UnitTestAdapter, Microsoft.VisualStudio.QualityTools.Tips.UnitTest.Adapter, Version=10.0.0.0, Culture=neutral, PublicKeyToken=b03f5f7f11d50a3a" className="Microsoft.ApplicationServer.Http.Dispatcher.HttpMessageFormatterTests, Microsoft.ApplicationServer.Http.CIT.Unit, Version=0.0.0.0, Culture=neutral, PublicKeyToken=null" name="SerializeReply_Null_Result_Allowed" />
    </UnitTest>
    <UnitTest name="ReleaseInstance_HttpInstanceProvider_Null_InstanceContext_Throws" storage="f:\advisorsrepo\wcfhttp\http\test\microsoft.applicationserver.http\unit\bin\release\microsoft.applicationserver.http.cit.unit.dll" id="e827b650-7c3f-31e8-e982-896f57ba3103">
      <Description>HttpInstanceProvider.ReleaseInstance with null instanceContext throws</Description>
      <Execution timeOut="30000" id="145b10c9-88db-4c98-b731-4662cacc2942" />
      <Owners>
        <Owner name="maying" />
      </Owners>
      <TestCategory>
        <TestCategoryItem TestCategory="CIT" />
      </TestCategory>
      <TestMethod codeBase="F:/advisorsrepo/wcfhttp/Http/Test/Microsoft.ApplicationServer.Http/Unit/bin/Release/Microsoft.ApplicationServer.Http.CIT.Unit.DLL" adapterTypeName="Microsoft.VisualStudio.TestTools.TestTypes.Unit.UnitTestAdapter, Microsoft.VisualStudio.QualityTools.Tips.UnitTest.Adapter, Version=10.0.0.0, Culture=neutral, PublicKeyToken=b03f5f7f11d50a3a" className="Microsoft.ApplicationServer.Http.Dispatcher.HttpInstanceProviderTests, Microsoft.ApplicationServer.Http.CIT.Unit, Version=0.0.0.0, Culture=neutral, PublicKeyToken=null" name="ReleaseInstance_HttpInstanceProvider_Null_InstanceContext_Throws" />
    </UnitTest>
    <UnitTest name="CreateInstance_Calls_OnCreateInstance" storage="f:\advisorsrepo\wcfhttp\http\test\microsoft.applicationserver.http\unit\bin\release\microsoft.applicationserver.http.cit.unit.dll" id="4491728b-d6f3-db3a-596f-f63fcf0eeec8">
      <Description>HttpInstanceProvider.CreateInstance calls protected OnCreateInstance</Description>
      <Execution timeOut="30000" id="d1318b1f-0ee9-4e64-a3b8-2d362d7ad54e" />
      <Owners>
        <Owner name="maying" />
      </Owners>
      <TestCategory>
        <TestCategoryItem TestCategory="CIT" />
      </TestCategory>
      <TestMethod codeBase="F:/advisorsrepo/wcfhttp/Http/Test/Microsoft.ApplicationServer.Http/Unit/bin/Release/Microsoft.ApplicationServer.Http.CIT.Unit.DLL" adapterTypeName="Microsoft.VisualStudio.TestTools.TestTypes.Unit.UnitTestAdapter, Microsoft.VisualStudio.QualityTools.Tips.UnitTest.Adapter, Version=10.0.0.0, Culture=neutral, PublicKeyToken=b03f5f7f11d50a3a" className="Microsoft.ApplicationServer.Http.Dispatcher.HttpInstanceProviderTests, Microsoft.ApplicationServer.Http.CIT.Unit, Version=0.0.0.0, Culture=neutral, PublicKeyToken=null" name="CreateInstance_Calls_OnCreateInstance" />
    </UnitTest>
    <UnitTest name="HandleCallsOnHandleOfGeneric08" storage="f:\advisorsrepo\wcfhttp\http\test\microsoft.applicationserver.http\unit\bin\release\microsoft.applicationserver.http.cit.unit.dll" id="e12983a0-75e1-88b3-15af-c77bd00da173">
      <Description>Handle(object[]) calls OnHandle for the generic HttpOperationHandlerOfT.</Description>
      <Execution timeOut="30000" id="f941aab0-7975-4987-91a9-7a52043c4348" />
      <Owners>
        <Owner name="dravva" />
      </Owners>
      <TestCategory>
        <TestCategoryItem TestCategory="CIT" />
      </TestCategory>
      <TestMethod codeBase="F:/advisorsrepo/wcfhttp/Http/Test/Microsoft.ApplicationServer.Http/Unit/bin/Release/Microsoft.ApplicationServer.Http.CIT.Unit.DLL" adapterTypeName="Microsoft.VisualStudio.TestTools.TestTypes.Unit.UnitTestAdapter, Microsoft.VisualStudio.QualityTools.Tips.UnitTest.Adapter, Version=10.0.0.0, Culture=neutral, PublicKeyToken=b03f5f7f11d50a3a" className="Microsoft.ApplicationServer.Http.Dispatcher.HttpOperationHandlerOfTTests, Microsoft.ApplicationServer.Http.CIT.Unit, Version=0.0.0.0, Culture=neutral, PublicKeyToken=null" name="HandleCallsOnHandleOfGeneric08" />
    </UnitTest>
    <UnitTest name="SetSerializer2ThrowsWithNullSerializer" storage="f:\advisorsrepo\wcfhttp\http\test\microsoft.applicationserver.http\unit\bin\release\microsoft.applicationserver.http.cit.unit.dll" id="3b831500-0d4d-0e2b-e374-2d64f8abfc0a">
      <Description>XmlMediaTypeFormatter.SetSerializer(Type, XmlObjectSerializer) throws with null serializer.</Description>
      <Execution timeOut="30000" id="8d2fbda6-ef1a-415d-a597-c7cfe520b32b" />
      <Owners>
        <Owner name="dravva" />
      </Owners>
      <TestCategory>
        <TestCategoryItem TestCategory="CIT" />
      </TestCategory>
      <TestMethod codeBase="F:/advisorsrepo/wcfhttp/Http/Test/Microsoft.ApplicationServer.Http/Unit/bin/Release/Microsoft.ApplicationServer.Http.CIT.Unit.DLL" adapterTypeName="Microsoft.VisualStudio.TestTools.TestTypes.Unit.UnitTestAdapter, Microsoft.VisualStudio.QualityTools.Tips.UnitTest.Adapter, Version=10.0.0.0, Culture=neutral, PublicKeyToken=b03f5f7f11d50a3a" className="Microsoft.ApplicationServer.Http.XmlMediaTypeFormatterTests, Microsoft.ApplicationServer.Http.CIT.Unit, Version=0.0.0.0, Culture=neutral, PublicKeyToken=null" name="SetSerializer2ThrowsWithNullSerializer" />
    </UnitTest>
    <UnitTest name="ReadAsOrDefaultGetsDefaultWithNoFormatter" storage="f:\advisorsrepo\wcfhttp\http\test\microsoft.applicationserver.http\unit\bin\release\microsoft.applicationserver.http.cit.unit.dll" id="0e8655f6-6c31-aba0-0e03-ff7715717669">
      <Description>ReadAsOrDefault() gets the default value for all value and reference types if no formatter is available.</Description>
      <Execution timeOut="30000" id="2a3c8ef1-9cd4-4a50-a1cc-75b5e9820889" />
      <Owners>
        <Owner name="dravva" />
      </Owners>
      <TestCategory>
        <TestCategoryItem TestCategory="CIT" />
      </TestCategory>
      <TestMethod codeBase="F:/advisorsrepo/wcfhttp/Http/Test/Microsoft.ApplicationServer.Http/Unit/bin/Release/Microsoft.ApplicationServer.Http.CIT.Unit.DLL" adapterTypeName="Microsoft.VisualStudio.TestTools.TestTypes.Unit.UnitTestAdapter, Microsoft.VisualStudio.QualityTools.Tips.UnitTest.Adapter, Version=10.0.0.0, Culture=neutral, PublicKeyToken=b03f5f7f11d50a3a" className="Microsoft.ApplicationServer.Http.ObjectContentTests, Microsoft.ApplicationServer.Http.CIT.Unit, Version=0.0.0.0, Culture=neutral, PublicKeyToken=null" name="ReadAsOrDefaultGetsDefaultWithNoFormatter" />
    </UnitTest>
    <UnitTest name="SelectOperationThrowsWithMatchDifferingByTrailingSlash" storage="f:\advisorsrepo\wcfhttp\http\test\microsoft.applicationserver.http\unit\bin\release\microsoft.applicationserver.http.cit.unit.dll" id="27ba0da5-b064-88d3-9dc4-dccfa2da11f7">
      <Description>SelectOperation(HttpRequestMessage) throws HttpResponseException (Redirect) if the match differs by a trailing slash and TrailingSlashMode.AutoRedirect.</Description>
      <Execution timeOut="30000" id="917d9568-db04-4ec8-a55d-a1b0de03c77c" />
      <Owners>
        <Owner name="dravva" />
      </Owners>
      <TestCategory>
        <TestCategoryItem TestCategory="CIT" />
      </TestCategory>
      <TestMethod codeBase="F:/advisorsrepo/wcfhttp/Http/Test/Microsoft.ApplicationServer.Http/Unit/bin/Release/Microsoft.ApplicationServer.Http.CIT.Unit.DLL" adapterTypeName="Microsoft.VisualStudio.TestTools.TestTypes.Unit.UnitTestAdapter, Microsoft.VisualStudio.QualityTools.Tips.UnitTest.Adapter, Version=10.0.0.0, Culture=neutral, PublicKeyToken=b03f5f7f11d50a3a" className="Microsoft.ApplicationServer.Http.Dispatcher.UriAndMethodOperationSelectorTests, Microsoft.ApplicationServer.Http.CIT.Unit, Version=0.0.0.0, Culture=neutral, PublicKeyToken=null" name="SelectOperationThrowsWithMatchDifferingByTrailingSlash" />
    </UnitTest>
    <UnitTest name="SelectOperation_Null_HttpRequestMessage_Throws" storage="f:\advisorsrepo\wcfhttp\http\test\microsoft.applicationserver.http\unit\bin\release\microsoft.applicationserver.http.cit.unit.dll" id="dd3aa1a3-5815-dda1-7372-1f0f96adcf29">
      <Description>HttpOperationSelector.SelectOperation(HttpRequestMessage) throws ArgumentNullException for null message</Description>
      <Execution timeOut="30000" id="ceb94dd8-0726-4051-bb18-d913718e8cc0" />
      <Owners>
        <Owner name="maying" />
      </Owners>
      <TestCategory>
        <TestCategoryItem TestCategory="CIT" />
      </TestCategory>
      <TestMethod codeBase="F:/advisorsrepo/wcfhttp/Http/Test/Microsoft.ApplicationServer.Http/Unit/bin/Release/Microsoft.ApplicationServer.Http.CIT.Unit.DLL" adapterTypeName="Microsoft.VisualStudio.TestTools.TestTypes.Unit.UnitTestAdapter, Microsoft.VisualStudio.QualityTools.Tips.UnitTest.Adapter, Version=10.0.0.0, Culture=neutral, PublicKeyToken=b03f5f7f11d50a3a" className="Microsoft.ApplicationServer.Http.Dispatcher.HttpOperationSelectorTests, Microsoft.ApplicationServer.Http.CIT.Unit, Version=0.0.0.0, Culture=neutral, PublicKeyToken=null" name="SelectOperation_Null_HttpRequestMessage_Throws" />
    </UnitTest>
    <UnitTest name="HttpOperationDescription_Default_Ctor" storage="f:\advisorsrepo\wcfhttp\http\test\microsoft.applicationserver.http\unit\bin\release\microsoft.applicationserver.http.cit.unit.dll" id="d79ded41-80b5-0e0b-7d48-b52c2c49ab6d">
      <Description>HttpOperationDescription supports default ctor</Description>
      <Execution timeOut="30000" id="1dcd95da-09c7-4888-9df8-a26c86e05208" />
      <Owners>
        <Owner name="maying" />
      </Owners>
      <TestCategory>
        <TestCategoryItem TestCategory="CIT" />
      </TestCategory>
      <TestMethod codeBase="F:/advisorsrepo/wcfhttp/Http/Test/Microsoft.ApplicationServer.Http/Unit/bin/Release/Microsoft.ApplicationServer.Http.CIT.Unit.DLL" adapterTypeName="Microsoft.VisualStudio.TestTools.TestTypes.Unit.UnitTestAdapter, Microsoft.VisualStudio.QualityTools.Tips.UnitTest.Adapter, Version=10.0.0.0, Culture=neutral, PublicKeyToken=b03f5f7f11d50a3a" className="Microsoft.ApplicationServer.Http.Description.HttpOperationDescriptionTests, Microsoft.ApplicationServer.Http.CIT.Unit, Version=0.0.0.0, Culture=neutral, PublicKeyToken=null" name="HttpOperationDescription_Default_Ctor" />
    </UnitTest>
    <UnitTest name="HttpTransportSecurity_DisableTransportAuthentication" storage="f:\advisorsrepo\wcfhttp\http\test\microsoft.applicationserver.http\unit\bin\release\microsoft.applicationserver.http.cit.unit.dll" id="36d995a4-8945-ee86-c178-92dbfff43975">
      <Description>HttpTransportSecurity.DisableTransportAuthentication sets HttpsTransportBindingElement</Description>
      <Execution timeOut="30000" id="0b0d6159-bda4-459a-9599-35366879ecc6" />
      <Owners>
        <Owner name="derik" />
      </Owners>
      <TestCategory>
        <TestCategoryItem TestCategory="CIT" />
      </TestCategory>
      <TestMethod codeBase="F:/advisorsrepo/wcfhttp/Http/Test/Microsoft.ApplicationServer.Http/Unit/bin/Release/Microsoft.ApplicationServer.Http.CIT.Unit.DLL" adapterTypeName="Microsoft.VisualStudio.TestTools.TestTypes.Unit.UnitTestAdapter, Microsoft.VisualStudio.QualityTools.Tips.UnitTest.Adapter, Version=10.0.0.0, Culture=neutral, PublicKeyToken=b03f5f7f11d50a3a" className="Microsoft.ApplicationServer.Http.Configuration.HttpTransportSecurityTests, Microsoft.ApplicationServer.Http.CIT.Unit, Version=0.0.0.0, Culture=neutral, PublicKeyToken=null" name="HttpTransportSecurity_DisableTransportAuthentication" />
    </UnitTest>
    <UnitTest name="ReadAsFromStreamGetsRoundTrippedObject" storage="f:\advisorsrepo\wcfhttp\http\test\microsoft.applicationserver.http\unit\bin\release\microsoft.applicationserver.http.cit.unit.dll" id="7b41c144-1b26-94f5-b05e-f99c49e2c99c">
      <Description>ReadAs() from an Xml Stream produced by ObjectContent.CopyTo() round-trips correctly.</Description>
      <Execution timeOut="30000" id="990fa7ec-e6c2-4d79-b1f7-2fbcf8f6519d" />
      <Owners>
        <Owner name="dravva" />
      </Owners>
      <TestCategory>
        <TestCategoryItem TestCategory="CIT" />
      </TestCategory>
      <TestMethod codeBase="F:/advisorsrepo/wcfhttp/Http/Test/Microsoft.ApplicationServer.Http/Unit/bin/Release/Microsoft.ApplicationServer.Http.CIT.Unit.DLL" adapterTypeName="Microsoft.VisualStudio.TestTools.TestTypes.Unit.UnitTestAdapter, Microsoft.VisualStudio.QualityTools.Tips.UnitTest.Adapter, Version=10.0.0.0, Culture=neutral, PublicKeyToken=b03f5f7f11d50a3a" className="Microsoft.ApplicationServer.Http.ObjectContentTests, Microsoft.ApplicationServer.Http.CIT.Unit, Version=0.0.0.0, Culture=neutral, PublicKeyToken=null" name="ReadAsFromStreamGetsRoundTrippedObject" />
    </UnitTest>
    <UnitTest name="HttpParameterCollection_Synchronized_Incomplete_RemoveAt" storage="f:\advisorsrepo\wcfhttp\http\test\microsoft.applicationserver.http\unit\bin\release\microsoft.applicationserver.http.cit.unit.dll" id="5fbfecc7-2ddc-f836-3855-f4d3d0245127">
      <Description>HttpParameterCollection created from incomplete MessagePartDescriptionCollection implements RemoveAt correctly</Description>
      <Execution timeOut="30000" id="7ce22a9f-75b0-4226-92a2-7eb593b8a1e4" />
      <Owners>
        <Owner name="derik" />
      </Owners>
      <TestCategory>
        <TestCategoryItem TestCategory="CIT" />
      </TestCategory>
      <TestMethod codeBase="F:/advisorsrepo/wcfhttp/Http/Test/Microsoft.ApplicationServer.Http/Unit/bin/Release/Microsoft.ApplicationServer.Http.CIT.Unit.DLL" adapterTypeName="Microsoft.VisualStudio.TestTools.TestTypes.Unit.UnitTestAdapter, Microsoft.VisualStudio.QualityTools.Tips.UnitTest.Adapter, Version=10.0.0.0, Culture=neutral, PublicKeyToken=b03f5f7f11d50a3a" className="Microsoft.ApplicationServer.Http.Description.HttpParameterCollectionTests, Microsoft.ApplicationServer.Http.CIT.Unit, Version=0.0.0.0, Culture=neutral, PublicKeyToken=null" name="HttpParameterCollection_Synchronized_Incomplete_RemoveAt" />
    </UnitTest>
    <UnitTest name="MessageVersion_Always_None" storage="f:\advisorsrepo\wcfhttp\http\test\microsoft.applicationserver.http\unit\bin\release\microsoft.applicationserver.http.cit.unit.dll" id="f04d4a20-40d0-c64e-34c1-35aa9044caaa">
      <Description>HttpMessage.MessageVersion is always MessageVersion.None.</Description>
      <Execution timeOut="30000" id="8549a6f4-2d86-4bda-9c9f-94a933123da3" />
      <Owners>
        <Owner name="derik" />
      </Owners>
      <TestCategory>
        <TestCategoryItem TestCategory="CIT" />
      </TestCategory>
      <TestMethod codeBase="F:/advisorsrepo/wcfhttp/Http/Test/Microsoft.ApplicationServer.Http/Unit/bin/Release/Microsoft.ApplicationServer.Http.CIT.Unit.DLL" adapterTypeName="Microsoft.VisualStudio.TestTools.TestTypes.Unit.UnitTestAdapter, Microsoft.VisualStudio.QualityTools.Tips.UnitTest.Adapter, Version=10.0.0.0, Culture=neutral, PublicKeyToken=b03f5f7f11d50a3a" className="Microsoft.ApplicationServer.Http.Channels.HttpMessageTests, Microsoft.ApplicationServer.Http.CIT.Unit, Version=0.0.0.0, Culture=neutral, PublicKeyToken=null" name="MessageVersion_Always_None" />
    </UnitTest>
    <UnitTest name="SupportsMediaType1ReturnsFalseWithQueryStringParameterNameNotInUri" storage="f:\advisorsrepo\wcfhttp\http\test\microsoft.applicationserver.http\unit\bin\release\microsoft.applicationserver.http.cit.unit.dll" id="1defc877-5f7c-0234-b2ed-d5121ed2b704">
      <Description>SupportsMediaType(HttpResponseMessage) returns false when the QueryStringParameterName is not in the Uri.</Description>
      <Execution timeOut="30000" id="bce575f3-482b-4578-bc34-390d1b704ee7" />
      <Owners>
        <Owner name="dravva" />
      </Owners>
      <TestCategory>
        <TestCategoryItem TestCategory="CIT" />
      </TestCategory>
      <TestMethod codeBase="F:/advisorsrepo/wcfhttp/Http/Test/Microsoft.ApplicationServer.Http/Unit/bin/Release/Microsoft.ApplicationServer.Http.CIT.Unit.DLL" adapterTypeName="Microsoft.VisualStudio.TestTools.TestTypes.Unit.UnitTestAdapter, Microsoft.VisualStudio.QualityTools.Tips.UnitTest.Adapter, Version=10.0.0.0, Culture=neutral, PublicKeyToken=b03f5f7f11d50a3a" className="Microsoft.ApplicationServer.Http.QueryStringMappingTests, Microsoft.ApplicationServer.Http.CIT.Unit, Version=0.0.0.0, Culture=neutral, PublicKeyToken=null" name="SupportsMediaType1ReturnsFalseWithQueryStringParameterNameNotInUri" />
    </UnitTest>
    <UnitTest name="HttpBehavior_Ctor_Defaults" storage="f:\advisorsrepo\wcfhttp\http\test\microsoft.applicationserver.http\unit\bin\release\microsoft.applicationserver.http.cit.unit.dll" id="4af614fb-0bc6-0527-30db-2db06b5f1385">
      <Description>HttpBehavior ctor sets defaults</Description>
      <Execution timeOut="30000" id="bd2d4a67-f0aa-468d-85e1-9234c87ca1f6" />
      <Owners>
        <Owner name="vinelap" />
      </Owners>
      <TestCategory>
        <TestCategoryItem TestCategory="CIT" />
      </TestCategory>
      <TestMethod codeBase="F:/advisorsrepo/wcfhttp/Http/Test/Microsoft.ApplicationServer.Http/Unit/bin/Release/Microsoft.ApplicationServer.Http.CIT.Unit.DLL" adapterTypeName="Microsoft.VisualStudio.TestTools.TestTypes.Unit.UnitTestAdapter, Microsoft.VisualStudio.QualityTools.Tips.UnitTest.Adapter, Version=10.0.0.0, Culture=neutral, PublicKeyToken=b03f5f7f11d50a3a" className="Microsoft.ApplicationServer.Http.Description.HttpBehaviorTests, Microsoft.ApplicationServer.Http.CIT.Unit, Version=0.0.0.0, Culture=neutral, PublicKeyToken=null" name="HttpBehavior_Ctor_Defaults" />
    </UnitTest>
    <UnitTest name="ToHttpResponseMessage_Does_Not_Change_Message_State" storage="f:\advisorsrepo\wcfhttp\http\test\microsoft.applicationserver.http\unit\bin\release\microsoft.applicationserver.http.cit.unit.dll" id="668e3029-9106-9b0d-9e1d-467fe9b37910">
      <Description>Message.ToHttpResponseMessage does not change the Message state.</Description>
      <Execution timeOut="30000" id="6e1f4f1b-de79-47ab-9456-cb2dc1f09f0f" />
      <Owners>
        <Owner name="derik" />
      </Owners>
      <TestCategory>
        <TestCategoryItem TestCategory="CIT" />
      </TestCategory>
      <TestMethod codeBase="F:/advisorsrepo/wcfhttp/Http/Test/Microsoft.ApplicationServer.Http/Unit/bin/Release/Microsoft.ApplicationServer.Http.CIT.Unit.DLL" adapterTypeName="Microsoft.VisualStudio.TestTools.TestTypes.Unit.UnitTestAdapter, Microsoft.VisualStudio.QualityTools.Tips.UnitTest.Adapter, Version=10.0.0.0, Culture=neutral, PublicKeyToken=b03f5f7f11d50a3a" className="Microsoft.ApplicationServer.Http.Channels.HttpMessageExtensionMethodsTests, Microsoft.ApplicationServer.Http.CIT.Unit, Version=0.0.0.0, Culture=neutral, PublicKeyToken=null" name="ToHttpResponseMessage_Does_Not_Change_Message_State" />
    </UnitTest>
    <UnitTest name="RequestMessage_Returns_HttpMessage_When_Inner_Request_Is_Not_HttpMessage" storage="f:\advisorsrepo\wcfhttp\http\test\microsoft.applicationserver.http\unit\bin\release\microsoft.applicationserver.http.cit.unit.dll" id="cc8616d7-6c54-23ec-cab9-d2c8e27e367b">
      <Description>HttpMessageEncodingRequestContext.RequestMessage returns an HttpMessage instance when the inner request is not an HttpMessage.</Description>
      <Execution timeOut="30000" id="e0970d38-3e5d-4eb4-a2b0-e1d58962fba5" />
      <Owners>
        <Owner name="derik" />
      </Owners>
      <TestCategory>
        <TestCategoryItem TestCategory="CIT" />
      </TestCategory>
      <TestMethod codeBase="F:/advisorsrepo/wcfhttp/Http/Test/Microsoft.ApplicationServer.Http/Unit/bin/Release/Microsoft.ApplicationServer.Http.CIT.Unit.DLL" adapterTypeName="Microsoft.VisualStudio.TestTools.TestTypes.Unit.UnitTestAdapter, Microsoft.VisualStudio.QualityTools.Tips.UnitTest.Adapter, Version=10.0.0.0, Culture=neutral, PublicKeyToken=b03f5f7f11d50a3a" className="Microsoft.ApplicationServer.Http.Channels.HttpMessageEncodingRequestContextTests, Microsoft.ApplicationServer.Http.CIT.Unit, Version=0.0.0.0, Culture=neutral, PublicKeyToken=null" name="RequestMessage_Returns_HttpMessage_When_Inner_Request_Is_Not_HttpMessage" />
    </UnitTest>
    <UnitTest name="HandleReturnsEmptyArrayIfOnHandleReturnsNull" storage="f:\advisorsrepo\wcfhttp\http\test\microsoft.applicationserver.http\unit\bin\release\microsoft.applicationserver.http.cit.unit.dll" id="e17fe98f-4ec5-47ea-84d4-3ea874d9d1fa">
      <Description>Handle(object[]) returns empty array of the correct size when OnHandle() returns null.</Description>
      <Execution timeOut="30000" id="8776d621-9eae-4fd6-812f-4f4fff3bc95e" />
      <Owners>
        <Owner name="vinelap" />
      </Owners>
      <TestCategory>
        <TestCategoryItem TestCategory="CIT" />
      </TestCategory>
      <TestMethod codeBase="F:/advisorsrepo/wcfhttp/Http/Test/Microsoft.ApplicationServer.Http/Unit/bin/Release/Microsoft.ApplicationServer.Http.CIT.Unit.DLL" adapterTypeName="Microsoft.VisualStudio.TestTools.TestTypes.Unit.UnitTestAdapter, Microsoft.VisualStudio.QualityTools.Tips.UnitTest.Adapter, Version=10.0.0.0, Culture=neutral, PublicKeyToken=b03f5f7f11d50a3a" className="Microsoft.ApplicationServer.Http.Dispatcher.HttpOperationHandlerTests, Microsoft.ApplicationServer.Http.CIT.Unit, Version=0.0.0.0, Culture=neutral, PublicKeyToken=null" name="HandleReturnsEmptyArrayIfOnHandleReturnsNull" />
    </UnitTest>
    <UnitTest name="BeginReply_Returns_Same_HttpMessage_Instance_When_Response_Is_HttpMessage" storage="f:\advisorsrepo\wcfhttp\http\test\microsoft.applicationserver.http\unit\bin\release\microsoft.applicationserver.http.cit.unit.dll" id="1d30632f-c46c-7e3b-0979-3927c05014a4">
      <Description>HttpMessageEncodingRequestContext.BeginReply returns the same HttpMessage instance when the response is an HttpMessage.</Description>
      <Execution timeOut="30000" id="62d874ab-4acc-431e-ae5c-93cbe9cbad57" />
      <Owners>
        <Owner name="derik" />
      </Owners>
      <TestCategory>
        <TestCategoryItem TestCategory="CIT" />
      </TestCategory>
      <TestMethod codeBase="F:/advisorsrepo/wcfhttp/Http/Test/Microsoft.ApplicationServer.Http/Unit/bin/Release/Microsoft.ApplicationServer.Http.CIT.Unit.DLL" adapterTypeName="Microsoft.VisualStudio.TestTools.TestTypes.Unit.UnitTestAdapter, Microsoft.VisualStudio.QualityTools.Tips.UnitTest.Adapter, Version=10.0.0.0, Culture=neutral, PublicKeyToken=b03f5f7f11d50a3a" className="Microsoft.ApplicationServer.Http.Channels.HttpMessageEncodingRequestContextTests, Microsoft.ApplicationServer.Http.CIT.Unit, Version=0.0.0.0, Culture=neutral, PublicKeyToken=null" name="BeginReply_Returns_Same_HttpMessage_Instance_When_Response_Is_HttpMessage" />
    </UnitTest>
    <UnitTest name="GetInputValuesCallsPipelineInfo" storage="f:\advisorsrepo\wcfhttp\http\test\microsoft.applicationserver.http\unit\bin\release\microsoft.applicationserver.http.cit.unit.dll" id="ce5d2e87-3418-a9b3-e458-7c6824c2fc1d">
      <Description>GetInputValues() calls PipelineInfo.</Description>
      <Execution timeOut="30000" id="4ab2fde8-4601-49f2-8231-d92e58730c3e" />
      <Owners>
        <Owner name="dravva" />
      </Owners>
      <TestCategory>
        <TestCategoryItem TestCategory="CIT" />
      </TestCategory>
      <TestMethod codeBase="F:/advisorsrepo/wcfhttp/Http/Test/Microsoft.ApplicationServer.Http/Unit/bin/Release/Microsoft.ApplicationServer.Http.CIT.Unit.DLL" adapterTypeName="Microsoft.VisualStudio.TestTools.TestTypes.Unit.UnitTestAdapter, Microsoft.VisualStudio.QualityTools.Tips.UnitTest.Adapter, Version=10.0.0.0, Culture=neutral, PublicKeyToken=b03f5f7f11d50a3a" className="Microsoft.ApplicationServer.Http.Dispatcher.OperationHandlerPipelineContextTests, Microsoft.ApplicationServer.Http.CIT.Unit, Version=0.0.0.0, Culture=neutral, PublicKeyToken=null" name="GetInputValuesCallsPipelineInfo" />
    </UnitTest>
    <UnitTest name="ReadAsOrDefaultAsync1ThrowsWithNullFormatters" storage="f:\advisorsrepo\wcfhttp\http\test\microsoft.applicationserver.http\unit\bin\release\microsoft.applicationserver.http.cit.unit.dll" id="8364336f-34c3-199c-0172-38252de9ba0c">
      <Description>HttpContentExtensionMethods.ReadAsOrDefaultAsync(HttpContent, Type, IEnumerable&lt;MediaTypeFormatter&gt;) throws with null Formatters.</Description>
      <Execution timeOut="30000" id="e416f9ab-35f8-4d39-8255-48ceae00a2e8" />
      <Owners>
        <Owner name="vinelap" />
      </Owners>
      <TestCategory>
        <TestCategoryItem TestCategory="CIT" />
      </TestCategory>
      <TestMethod codeBase="F:/advisorsrepo/wcfhttp/Http/Test/Microsoft.ApplicationServer.Http/Unit/bin/Release/Microsoft.ApplicationServer.Http.CIT.Unit.DLL" adapterTypeName="Microsoft.VisualStudio.TestTools.TestTypes.Unit.UnitTestAdapter, Microsoft.VisualStudio.QualityTools.Tips.UnitTest.Adapter, Version=10.0.0.0, Culture=neutral, PublicKeyToken=b03f5f7f11d50a3a" className="Microsoft.ApplicationServer.Http.HttpContentExtensionMethodsTests, Microsoft.ApplicationServer.Http.CIT.Unit, Version=0.0.0.0, Culture=neutral, PublicKeyToken=null" name="ReadAsOrDefaultAsync1ThrowsWithNullFormatters" />
    </UnitTest>
    <UnitTest name="WriteStartEnvelope_Throws" storage="f:\advisorsrepo\wcfhttp\http\test\microsoft.applicationserver.http\unit\bin\release\microsoft.applicationserver.http.cit.unit.dll" id="7cfeff55-3a98-e856-c6a4-b5fd093a395c">
      <Description>HttpMessage.WriteStartEnvelope throws.</Description>
      <Execution timeOut="30000" id="2c61e2dd-9b22-4ed4-953a-9db6296800db" />
      <Owners>
        <Owner name="derik" />
      </Owners>
      <TestCategory>
        <TestCategoryItem TestCategory="CIT" />
      </TestCategory>
      <TestMethod codeBase="F:/advisorsrepo/wcfhttp/Http/Test/Microsoft.ApplicationServer.Http/Unit/bin/Release/Microsoft.ApplicationServer.Http.CIT.Unit.DLL" adapterTypeName="Microsoft.VisualStudio.TestTools.TestTypes.Unit.UnitTestAdapter, Microsoft.VisualStudio.QualityTools.Tips.UnitTest.Adapter, Version=10.0.0.0, Culture=neutral, PublicKeyToken=b03f5f7f11d50a3a" className="Microsoft.ApplicationServer.Http.Channels.HttpMessageTests, Microsoft.ApplicationServer.Http.CIT.Unit, Version=0.0.0.0, Culture=neutral, PublicKeyToken=null" name="WriteStartEnvelope_Throws" />
    </UnitTest>
    <UnitTest name="AddMediaRangeMapping1ThrowsWithNullThis" storage="f:\advisorsrepo\wcfhttp\http\test\microsoft.applicationserver.http\unit\bin\release\microsoft.applicationserver.http.cit.unit.dll" id="0341001a-b385-7d46-65b7-03daab49d4d1">
      <Description>MediaTypeFormatterExtensionMethods.AddMediaRangeMapping(string, string) throws for null 'this'.</Description>
      <Execution timeOut="30000" id="175e3bd7-ba86-45a4-a3e1-6c6560a82820" />
      <Owners>
        <Owner name="dravva" />
      </Owners>
      <TestCategory>
        <TestCategoryItem TestCategory="CIT" />
      </TestCategory>
      <TestMethod codeBase="F:/advisorsrepo/wcfhttp/Http/Test/Microsoft.ApplicationServer.Http/Unit/bin/Release/Microsoft.ApplicationServer.Http.CIT.Unit.DLL" adapterTypeName="Microsoft.VisualStudio.TestTools.TestTypes.Unit.UnitTestAdapter, Microsoft.VisualStudio.QualityTools.Tips.UnitTest.Adapter, Version=10.0.0.0, Culture=neutral, PublicKeyToken=b03f5f7f11d50a3a" className="Microsoft.ApplicationServer.Http.MediaTypeFormatterExtensionMethodsTests, Microsoft.ApplicationServer.Http.CIT.Unit, Version=0.0.0.0, Culture=neutral, PublicKeyToken=null" name="AddMediaRangeMapping1ThrowsWithNullThis" />
    </UnitTest>
    <UnitTest name="HandleCallsOnHandleOfGeneric02" storage="f:\advisorsrepo\wcfhttp\http\test\microsoft.applicationserver.http\unit\bin\release\microsoft.applicationserver.http.cit.unit.dll" id="ccf70447-7559-6096-3df3-786383aa14b8">
      <Description>Handle(object[]) calls OnHandle for the generic HttpOperationHandlerOfT.</Description>
      <Execution timeOut="30000" id="9bbe64dd-aec8-4e68-aa46-de4c33b9c87b" />
      <Owners>
        <Owner name="dravva" />
      </Owners>
      <TestCategory>
        <TestCategoryItem TestCategory="CIT" />
      </TestCategory>
      <TestMethod codeBase="F:/advisorsrepo/wcfhttp/Http/Test/Microsoft.ApplicationServer.Http/Unit/bin/Release/Microsoft.ApplicationServer.Http.CIT.Unit.DLL" adapterTypeName="Microsoft.VisualStudio.TestTools.TestTypes.Unit.UnitTestAdapter, Microsoft.VisualStudio.QualityTools.Tips.UnitTest.Adapter, Version=10.0.0.0, Culture=neutral, PublicKeyToken=b03f5f7f11d50a3a" className="Microsoft.ApplicationServer.Http.Dispatcher.HttpOperationHandlerOfTTests, Microsoft.ApplicationServer.Http.CIT.Unit, Version=0.0.0.0, Culture=neutral, PublicKeyToken=null" name="HandleCallsOnHandleOfGeneric02" />
    </UnitTest>
    <UnitTest name="IsWithinMediaRange_Returns_True_For_Media_Types_With_Charset_And_Media_Ranges_With_Same_Charset" storage="f:\advisorsrepo\wcfhttp\http\test\microsoft.applicationserver.http\unit\bin\release\microsoft.applicationserver.http.cit.unit.dll" id="e7255978-2842-5a3e-f6e5-5f444ec9a87b">
      <Description>MediaTypeHeadeValueExtensionMethods.IsWithinMediaRange returns true when the same charset is given for both the media type and the media range.</Description>
      <Execution timeOut="30000" id="4d5fc93c-6215-4f9f-ac36-13a038580e51" />
      <Owners>
        <Owner name="vinelap" />
      </Owners>
      <TestCategory>
        <TestCategoryItem TestCategory="CIT" />
      </TestCategory>
      <TestMethod codeBase="F:/advisorsrepo/wcfhttp/Http/Test/Microsoft.ApplicationServer.Http/Unit/bin/Release/Microsoft.ApplicationServer.Http.CIT.Unit.DLL" adapterTypeName="Microsoft.VisualStudio.TestTools.TestTypes.Unit.UnitTestAdapter, Microsoft.VisualStudio.QualityTools.Tips.UnitTest.Adapter, Version=10.0.0.0, Culture=neutral, PublicKeyToken=b03f5f7f11d50a3a" className="Microsoft.ApplicationServer.Http.MediaTypeHeadeValueExtensionMethodsTests, Microsoft.ApplicationServer.Http.CIT.Unit, Version=0.0.0.0, Culture=neutral, PublicKeyToken=null" name="IsWithinMediaRange_Returns_True_For_Media_Types_With_Charset_And_Media_Ranges_With_Same_Charset" />
    </UnitTest>
    <UnitTest name="HandleThrowsWithTooSmallInput" storage="f:\advisorsrepo\wcfhttp\http\test\microsoft.applicationserver.http\unit\bin\release\microsoft.applicationserver.http.cit.unit.dll" id="02dce956-8d86-0c1f-797d-2807fc7022d2">
      <Description>Handle(object[]) throws with Input shorter than expected.</Description>
      <Execution timeOut="30000" id="d6fe49be-4251-4c69-abc6-1f7ef4fada23" />
      <Owners>
        <Owner name="vinelap" />
      </Owners>
      <TestCategory>
        <TestCategoryItem TestCategory="CIT" />
      </TestCategory>
      <TestMethod codeBase="F:/advisorsrepo/wcfhttp/Http/Test/Microsoft.ApplicationServer.Http/Unit/bin/Release/Microsoft.ApplicationServer.Http.CIT.Unit.DLL" adapterTypeName="Microsoft.VisualStudio.TestTools.TestTypes.Unit.UnitTestAdapter, Microsoft.VisualStudio.QualityTools.Tips.UnitTest.Adapter, Version=10.0.0.0, Culture=neutral, PublicKeyToken=b03f5f7f11d50a3a" className="Microsoft.ApplicationServer.Http.Dispatcher.HttpOperationHandlerTests, Microsoft.ApplicationServer.Http.CIT.Unit, Version=0.0.0.0, Culture=neutral, PublicKeyToken=null" name="HandleThrowsWithTooSmallInput" />
    </UnitTest>
    <UnitTest name="HttpTransportSecurityElement_ApplyConfiguration" storage="f:\advisorsrepo\wcfhttp\http\test\microsoft.applicationserver.http\unit\bin\release\microsoft.applicationserver.http.cit.unit.dll" id="e09c9f04-900a-23b7-df62-7ea1ba1da51a">
      <Description>HttpTransportSecurityElement.ApplyConfiguration sets HttpTransportSecurity</Description>
      <Execution timeOut="30000" id="af95c717-b49f-4cc6-b31e-b42987166a2d" />
      <Owners>
        <Owner name="derik" />
      </Owners>
      <TestCategory>
        <TestCategoryItem TestCategory="CIT" />
      </TestCategory>
      <TestMethod codeBase="F:/advisorsrepo/wcfhttp/Http/Test/Microsoft.ApplicationServer.Http/Unit/bin/Release/Microsoft.ApplicationServer.Http.CIT.Unit.DLL" adapterTypeName="Microsoft.VisualStudio.TestTools.TestTypes.Unit.UnitTestAdapter, Microsoft.VisualStudio.QualityTools.Tips.UnitTest.Adapter, Version=10.0.0.0, Culture=neutral, PublicKeyToken=b03f5f7f11d50a3a" className="Microsoft.ApplicationServer.Http.Configuration.HttpTransportSecurityElementTests, Microsoft.ApplicationServer.Http.CIT.Unit, Version=0.0.0.0, Culture=neutral, PublicKeyToken=null" name="HttpTransportSecurityElement_ApplyConfiguration" />
    </UnitTest>
    <UnitTest name="Accept_Header_Text_Json_Overrides_Default_Format" storage="f:\advisorsrepo\wcfhttp\http\test\microsoft.applicationserver.http\unit\bin\release\microsoft.applicationserver.http.cit.unit.dll" id="00ff9294-eeae-5eb0-57ed-feaa3296b163">
      <Description>HttpBehavior back compat test that the accept header text/json overrides the default Xml.</Description>
      <Execution timeOut="30000" id="4a2a6357-a729-47b1-b127-9b78a12af68b" />
      <Owners>
        <Owner name="vinelap" />
      </Owners>
      <TestCategory>
        <TestCategoryItem TestCategory="CIT" />
      </TestCategory>
      <TestMethod codeBase="F:/advisorsrepo/wcfhttp/Http/Test/Microsoft.ApplicationServer.Http/Unit/bin/Release/Microsoft.ApplicationServer.Http.CIT.Unit.DLL" adapterTypeName="Microsoft.VisualStudio.TestTools.TestTypes.Unit.UnitTestAdapter, Microsoft.VisualStudio.QualityTools.Tips.UnitTest.Adapter, Version=10.0.0.0, Culture=neutral, PublicKeyToken=b03f5f7f11d50a3a" className="Microsoft.ApplicationServer.Http.Description.HttpBehaviorTests, Microsoft.ApplicationServer.Http.CIT.Unit, Version=0.0.0.0, Culture=neutral, PublicKeyToken=null" name="Accept_Header_Text_Json_Overrides_Default_Format" />
    </UnitTest>
    <UnitTest name="HttpResponseMessageGetsNullWithNoPairing" storage="f:\advisorsrepo\wcfhttp\http\test\microsoft.applicationserver.http\unit\bin\release\microsoft.applicationserver.http.cit.unit.dll" id="2b99c2a2-3cb2-4aac-8abd-0f8a92181441">
      <Description>HttpResponseMessage property returns null if not paired with HttpResponseMessage.</Description>
      <Execution timeOut="30000" id="7218071b-fef1-40e0-b5f7-fe5b3ae48185" />
      <Owners>
        <Owner name="dravva" />
      </Owners>
      <TestCategory>
        <TestCategoryItem TestCategory="CIT" />
      </TestCategory>
      <TestMethod codeBase="F:/advisorsrepo/wcfhttp/Http/Test/Microsoft.ApplicationServer.Http/Unit/bin/Release/Microsoft.ApplicationServer.Http.CIT.Unit.DLL" adapterTypeName="Microsoft.VisualStudio.TestTools.TestTypes.Unit.UnitTestAdapter, Microsoft.VisualStudio.QualityTools.Tips.UnitTest.Adapter, Version=10.0.0.0, Culture=neutral, PublicKeyToken=b03f5f7f11d50a3a" className="Microsoft.ApplicationServer.Http.ObjectContentTests, Microsoft.ApplicationServer.Http.CIT.Unit, Version=0.0.0.0, Culture=neutral, PublicKeyToken=null" name="HttpResponseMessageGetsNullWithNoPairing" />
    </UnitTest>
    <UnitTest name="HandleCallsOnHandleOfGeneric16" storage="f:\advisorsrepo\wcfhttp\http\test\microsoft.applicationserver.http\unit\bin\release\microsoft.applicationserver.http.cit.unit.dll" id="865d114e-40f4-c157-764d-aaf55bd9e4d0">
      <Description>Handle(object[]) calls OnHandle for the generic HttpOperationHandlerOfT.</Description>
      <Execution timeOut="30000" id="af326b69-5b3a-4208-8784-20666775b5fc" />
      <Owners>
        <Owner name="dravva" />
      </Owners>
      <TestCategory>
        <TestCategoryItem TestCategory="CIT" />
      </TestCategory>
      <TestMethod codeBase="F:/advisorsrepo/wcfhttp/Http/Test/Microsoft.ApplicationServer.Http/Unit/bin/Release/Microsoft.ApplicationServer.Http.CIT.Unit.DLL" adapterTypeName="Microsoft.VisualStudio.TestTools.TestTypes.Unit.UnitTestAdapter, Microsoft.VisualStudio.QualityTools.Tips.UnitTest.Adapter, Version=10.0.0.0, Culture=neutral, PublicKeyToken=b03f5f7f11d50a3a" className="Microsoft.ApplicationServer.Http.Dispatcher.HttpOperationHandlerOfTTests, Microsoft.ApplicationServer.Http.CIT.Unit, Version=0.0.0.0, Culture=neutral, PublicKeyToken=null" name="HandleCallsOnHandleOfGeneric16" />
    </UnitTest>
    <UnitTest name="FormattersReturnsMutableCollection" storage="f:\advisorsrepo\wcfhttp\http\test\microsoft.applicationserver.http\unit\bin\release\microsoft.applicationserver.http.cit.unit.dll" id="5425b3b1-ce75-eaaf-53b3-288fcdfffdd4">
      <Description>Formatters property returns mutable MediaTypeFormatter collection.</Description>
      <Execution timeOut="30000" id="7f40090a-04ba-4e06-9d67-a007724eeca8" />
      <Owners>
        <Owner name="dravva" />
      </Owners>
      <TestCategory>
        <TestCategoryItem TestCategory="CIT" />
      </TestCategory>
      <TestMethod codeBase="F:/advisorsrepo/wcfhttp/Http/Test/Microsoft.ApplicationServer.Http/Unit/bin/Release/Microsoft.ApplicationServer.Http.CIT.Unit.DLL" adapterTypeName="Microsoft.VisualStudio.TestTools.TestTypes.Unit.UnitTestAdapter, Microsoft.VisualStudio.QualityTools.Tips.UnitTest.Adapter, Version=10.0.0.0, Culture=neutral, PublicKeyToken=b03f5f7f11d50a3a" className="Microsoft.ApplicationServer.Http.ObjectContentTests, Microsoft.ApplicationServer.Http.CIT.Unit, Version=0.0.0.0, Culture=neutral, PublicKeyToken=null" name="FormattersReturnsMutableCollection" />
    </UnitTest>
    <UnitTest name="Constructor1ThrowsWithNullMediaType" storage="f:\advisorsrepo\wcfhttp\http\test\microsoft.applicationserver.http\unit\bin\release\microsoft.applicationserver.http.cit.unit.dll" id="e02e9296-2a81-39f1-a362-7fada3142adc">
      <Description>UriPathExtensionMapping constructor throws if the mediaType parameter is null.</Description>
      <Execution timeOut="30000" id="75ed12f3-c2c6-4b93-b72f-cceeff78b780" />
      <Owners>
        <Owner name="dravva" />
      </Owners>
      <TestCategory>
        <TestCategoryItem TestCategory="CIT" />
      </TestCategory>
      <TestMethod codeBase="F:/advisorsrepo/wcfhttp/Http/Test/Microsoft.ApplicationServer.Http/Unit/bin/Release/Microsoft.ApplicationServer.Http.CIT.Unit.DLL" adapterTypeName="Microsoft.VisualStudio.TestTools.TestTypes.Unit.UnitTestAdapter, Microsoft.VisualStudio.QualityTools.Tips.UnitTest.Adapter, Version=10.0.0.0, Culture=neutral, PublicKeyToken=b03f5f7f11d50a3a" className="Microsoft.ApplicationServer.Http.UriPathExtensionMappingTests, Microsoft.ApplicationServer.Http.CIT.Unit, Version=0.0.0.0, Culture=neutral, PublicKeyToken=null" name="Constructor1ThrowsWithNullMediaType" />
    </UnitTest>
    <UnitTest name="HttpResponseMessageGetsValueWithPairing" storage="f:\advisorsrepo\wcfhttp\http\test\microsoft.applicationserver.http\unit\bin\release\microsoft.applicationserver.http.cit.unit.dll" id="8e677ad3-4d3b-e70a-38f3-c3846971c141">
      <Description>HttpResponseMessage property returns HttpResponseMessage if they are pairs.</Description>
      <Execution timeOut="30000" id="4b19065e-e270-47e4-a653-b1ddc64db8e8" />
      <Owners>
        <Owner name="dravva" />
      </Owners>
      <TestCategory>
        <TestCategoryItem TestCategory="CIT" />
      </TestCategory>
      <TestMethod codeBase="F:/advisorsrepo/wcfhttp/Http/Test/Microsoft.ApplicationServer.Http/Unit/bin/Release/Microsoft.ApplicationServer.Http.CIT.Unit.DLL" adapterTypeName="Microsoft.VisualStudio.TestTools.TestTypes.Unit.UnitTestAdapter, Microsoft.VisualStudio.QualityTools.Tips.UnitTest.Adapter, Version=10.0.0.0, Culture=neutral, PublicKeyToken=b03f5f7f11d50a3a" className="Microsoft.ApplicationServer.Http.ObjectContentTests, Microsoft.ApplicationServer.Http.CIT.Unit, Version=0.0.0.0, Culture=neutral, PublicKeyToken=null" name="HttpResponseMessageGetsValueWithPairing" />
    </UnitTest>
    <UnitTest name="Validate_Throws_With_Non_Http_Binding" storage="f:\advisorsrepo\wcfhttp\http\test\microsoft.applicationserver.http\unit\bin\release\microsoft.applicationserver.http.cit.unit.dll" id="a1a67fea-a56d-5d22-d22c-dd8a05fffbd5">
      <Description>HttpBehavior.Validate throws if the endpoint binding is not http.</Description>
      <Execution timeOut="30000" id="d1251133-04e4-4312-aded-1bdaa9395539" />
      <Owners>
        <Owner name="vinelap" />
      </Owners>
      <TestCategory>
        <TestCategoryItem TestCategory="CIT" />
      </TestCategory>
      <TestMethod codeBase="F:/advisorsrepo/wcfhttp/Http/Test/Microsoft.ApplicationServer.Http/Unit/bin/Release/Microsoft.ApplicationServer.Http.CIT.Unit.DLL" adapterTypeName="Microsoft.VisualStudio.TestTools.TestTypes.Unit.UnitTestAdapter, Microsoft.VisualStudio.QualityTools.Tips.UnitTest.Adapter, Version=10.0.0.0, Culture=neutral, PublicKeyToken=b03f5f7f11d50a3a" className="Microsoft.ApplicationServer.Http.Description.HttpBehaviorTests, Microsoft.ApplicationServer.Http.CIT.Unit, Version=0.0.0.0, Culture=neutral, PublicKeyToken=null" name="Validate_Throws_With_Non_Http_Binding" />
    </UnitTest>
    <UnitTest name="ToHttpRequestMessage_Throws_When_This_Is_Null" storage="f:\advisorsrepo\wcfhttp\http\test\microsoft.applicationserver.http\unit\bin\release\microsoft.applicationserver.http.cit.unit.dll" id="6edb3964-3b9d-02d5-1204-bbb99a88c91e">
      <Description>Message.ToHttpRequestMessage throws ArgumentNullException when the message is null.</Description>
      <Execution timeOut="30000" id="a17f16cd-b628-4d26-bf95-957b233cf0ce" />
      <Owners>
        <Owner name="derik" />
      </Owners>
      <TestCategory>
        <TestCategoryItem TestCategory="CIT" />
      </TestCategory>
      <TestMethod codeBase="F:/advisorsrepo/wcfhttp/Http/Test/Microsoft.ApplicationServer.Http/Unit/bin/Release/Microsoft.ApplicationServer.Http.CIT.Unit.DLL" adapterTypeName="Microsoft.VisualStudio.TestTools.TestTypes.Unit.UnitTestAdapter, Microsoft.VisualStudio.QualityTools.Tips.UnitTest.Adapter, Version=10.0.0.0, Culture=neutral, PublicKeyToken=b03f5f7f11d50a3a" className="Microsoft.ApplicationServer.Http.Channels.HttpMessageExtensionMethodsTests, Microsoft.ApplicationServer.Http.CIT.Unit, Version=0.0.0.0, Culture=neutral, PublicKeyToken=null" name="ToHttpRequestMessage_Throws_When_This_Is_Null" />
    </UnitTest>
    <UnitTest name="CreateInstance_Null_Message_Throws" storage="f:\advisorsrepo\wcfhttp\http\test\microsoft.applicationserver.http\unit\bin\release\microsoft.applicationserver.http.cit.unit.dll" id="d33129cb-9d7a-aa31-35aa-c5a2d5bb8c11">
      <Description>HttpInstanceProvider.CreateInstance with null Message throws</Description>
      <Execution timeOut="30000" id="c6168a4f-478a-438f-86d5-8a9d829ba621" />
      <Owners>
        <Owner name="maying" />
      </Owners>
      <TestCategory>
        <TestCategoryItem TestCategory="CIT" />
      </TestCategory>
      <TestMethod codeBase="F:/advisorsrepo/wcfhttp/Http/Test/Microsoft.ApplicationServer.Http/Unit/bin/Release/Microsoft.ApplicationServer.Http.CIT.Unit.DLL" adapterTypeName="Microsoft.VisualStudio.TestTools.TestTypes.Unit.UnitTestAdapter, Microsoft.VisualStudio.QualityTools.Tips.UnitTest.Adapter, Version=10.0.0.0, Culture=neutral, PublicKeyToken=b03f5f7f11d50a3a" className="Microsoft.ApplicationServer.Http.Dispatcher.HttpInstanceProviderTests, Microsoft.ApplicationServer.Http.CIT.Unit, Version=0.0.0.0, Culture=neutral, PublicKeyToken=null" name="CreateInstance_Null_Message_Throws" />
    </UnitTest>
    <UnitTest name="Reply_Sets_SuppressEntityBody_When_HttpContent_Of_HttpMessage_Is_Null" storage="f:\advisorsrepo\wcfhttp\http\test\microsoft.applicationserver.http\unit\bin\release\microsoft.applicationserver.http.cit.unit.dll" id="829b205a-da36-32d1-6a1c-c4f0d71b1cca">
      <Description>HttpMessageEncodingRequestContext.Reply sets SuppressEntityBody when the HttpMessage has a null HttpContent.</Description>
      <Execution timeOut="30000" id="f644a312-967c-48d3-a8f1-f4a2414a4ca1" />
      <Owners>
        <Owner name="derik" />
      </Owners>
      <TestCategory>
        <TestCategoryItem TestCategory="CIT" />
      </TestCategory>
      <TestMethod codeBase="F:/advisorsrepo/wcfhttp/Http/Test/Microsoft.ApplicationServer.Http/Unit/bin/Release/Microsoft.ApplicationServer.Http.CIT.Unit.DLL" adapterTypeName="Microsoft.VisualStudio.TestTools.TestTypes.Unit.UnitTestAdapter, Microsoft.VisualStudio.QualityTools.Tips.UnitTest.Adapter, Version=10.0.0.0, Culture=neutral, PublicKeyToken=b03f5f7f11d50a3a" className="Microsoft.ApplicationServer.Http.Channels.HttpMessageEncodingRequestContextTests, Microsoft.ApplicationServer.Http.CIT.Unit, Version=0.0.0.0, Culture=neutral, PublicKeyToken=null" name="Reply_Sets_SuppressEntityBody_When_HttpContent_Of_HttpMessage_Is_Null" />
    </UnitTest>
    <UnitTest name="OutputParameters_With_Various_UriTemplates" storage="f:\advisorsrepo\wcfhttp\http\test\microsoft.applicationserver.http\unit\bin\release\microsoft.applicationserver.http.cit.unit.dll" id="4bbd5921-670f-9d4d-cdd9-deddf78415d3">
      <Description>UriTemplateHttpOperationHandler.OutputParameters returns a collection with the path and query variables of the UriTemplate for various UriTemplates.</Description>
      <Execution timeOut="30000" id="f6bf5399-8bed-4b2d-a5cd-73bcb7bf55f6" />
      <Owners>
        <Owner name="vinelap" />
      </Owners>
      <TestCategory>
        <TestCategoryItem TestCategory="CIT" />
      </TestCategory>
      <TestMethod codeBase="F:/advisorsrepo/wcfhttp/Http/Test/Microsoft.ApplicationServer.Http/Unit/bin/Release/Microsoft.ApplicationServer.Http.CIT.Unit.DLL" adapterTypeName="Microsoft.VisualStudio.TestTools.TestTypes.Unit.UnitTestAdapter, Microsoft.VisualStudio.QualityTools.Tips.UnitTest.Adapter, Version=10.0.0.0, Culture=neutral, PublicKeyToken=b03f5f7f11d50a3a" className="Microsoft.ApplicationServer.Http.Dispatcher.UriTemplateHandlerTests, Microsoft.ApplicationServer.Http.CIT.Unit, Version=0.0.0.0, Culture=neutral, PublicKeyToken=null" name="OutputParameters_With_Various_UriTemplates" />
    </UnitTest>
    <UnitTest name="Constructor1ThrowsWithEmptyQueryParameterValue" storage="f:\advisorsrepo\wcfhttp\http\test\microsoft.applicationserver.http\unit\bin\release\microsoft.applicationserver.http.cit.unit.dll" id="ae9b7d12-cfe0-7f75-0499-dc4540ad7038">
      <Description>QueryStringMapping(string, string, string) throws with empty QueryStringParameterValue.</Description>
      <Execution timeOut="30000" id="f8d20258-6e55-4d3e-b289-dd87d24a76ff" />
      <Owners>
        <Owner name="dravva" />
      </Owners>
      <TestCategory>
        <TestCategoryItem TestCategory="CIT" />
      </TestCategory>
      <TestMethod codeBase="F:/advisorsrepo/wcfhttp/Http/Test/Microsoft.ApplicationServer.Http/Unit/bin/Release/Microsoft.ApplicationServer.Http.CIT.Unit.DLL" adapterTypeName="Microsoft.VisualStudio.TestTools.TestTypes.Unit.UnitTestAdapter, Microsoft.VisualStudio.QualityTools.Tips.UnitTest.Adapter, Version=10.0.0.0, Culture=neutral, PublicKeyToken=b03f5f7f11d50a3a" className="Microsoft.ApplicationServer.Http.QueryStringMappingTests, Microsoft.ApplicationServer.Http.CIT.Unit, Version=0.0.0.0, Culture=neutral, PublicKeyToken=null" name="Constructor1ThrowsWithEmptyQueryParameterValue" />
    </UnitTest>
    <UnitTest name="Constructor1AcceptsEmptyOperations" storage="f:\advisorsrepo\wcfhttp\http\test\microsoft.applicationserver.http\unit\bin\release\microsoft.applicationserver.http.cit.unit.dll" id="e03eb2aa-73bc-0d28-2ec1-929225eea628">
      <Description>UriAndMethodOperationSelector(Uri, IEnumerable&lt;HttpOperationDescription&gt;, TrailingSlashMode) accepts an empty operations collection.</Description>
      <Execution timeOut="30000" id="87d43b29-94e3-40b6-b040-ea4038da2ace" />
      <Owners>
        <Owner name="dravva" />
      </Owners>
      <TestCategory>
        <TestCategoryItem TestCategory="CIT" />
      </TestCategory>
      <TestMethod codeBase="F:/advisorsrepo/wcfhttp/Http/Test/Microsoft.ApplicationServer.Http/Unit/bin/Release/Microsoft.ApplicationServer.Http.CIT.Unit.DLL" adapterTypeName="Microsoft.VisualStudio.TestTools.TestTypes.Unit.UnitTestAdapter, Microsoft.VisualStudio.QualityTools.Tips.UnitTest.Adapter, Version=10.0.0.0, Culture=neutral, PublicKeyToken=b03f5f7f11d50a3a" className="Microsoft.ApplicationServer.Http.Dispatcher.UriAndMethodOperationSelectorTests, Microsoft.ApplicationServer.Http.CIT.Unit, Version=0.0.0.0, Culture=neutral, PublicKeyToken=null" name="Constructor1AcceptsEmptyOperations" />
    </UnitTest>
    <UnitTest name="SetSerializer1ThrowsWithNullSerializer" storage="f:\advisorsrepo\wcfhttp\http\test\microsoft.applicationserver.http\unit\bin\release\microsoft.applicationserver.http.cit.unit.dll" id="fd6e4f47-6baf-8808-4c28-44ec2e9f596e">
      <Description>XmlMediaTypeFormatter.SetSerializer&lt;T&gt;(XmlSerializer) throws with null serializer.</Description>
      <Execution timeOut="30000" id="3f481b98-5dd6-4eb6-9012-18820cd29cf3" />
      <Owners>
        <Owner name="dravva" />
      </Owners>
      <TestCategory>
        <TestCategoryItem TestCategory="CIT" />
      </TestCategory>
      <TestMethod codeBase="F:/advisorsrepo/wcfhttp/Http/Test/Microsoft.ApplicationServer.Http/Unit/bin/Release/Microsoft.ApplicationServer.Http.CIT.Unit.DLL" adapterTypeName="Microsoft.VisualStudio.TestTools.TestTypes.Unit.UnitTestAdapter, Microsoft.VisualStudio.QualityTools.Tips.UnitTest.Adapter, Version=10.0.0.0, Culture=neutral, PublicKeyToken=b03f5f7f11d50a3a" className="Microsoft.ApplicationServer.Http.XmlMediaTypeFormatterTests, Microsoft.ApplicationServer.Http.CIT.Unit, Version=0.0.0.0, Culture=neutral, PublicKeyToken=null" name="SetSerializer1ThrowsWithNullSerializer" />
    </UnitTest>
    <UnitTest name="Constructor1AcceptsDuplicateFormatterTypes" storage="f:\advisorsrepo\wcfhttp\http\test\microsoft.applicationserver.http\unit\bin\release\microsoft.applicationserver.http.cit.unit.dll" id="22d15df2-54ab-69b2-416d-0992dcccb8bf">
      <Description>MediaTypeFormatterCollection(IEnumerable&lt;MediaTypeFormatter&gt;) accepts multiple instances of same formatter type.</Description>
      <Execution timeOut="30000" id="29f6d0f6-aee6-4d76-ad71-17d19813b9f3" />
      <Owners>
        <Owner name="dravva" />
      </Owners>
      <TestCategory>
        <TestCategoryItem TestCategory="CIT" />
      </TestCategory>
      <TestMethod codeBase="F:/advisorsrepo/wcfhttp/Http/Test/Microsoft.ApplicationServer.Http/Unit/bin/Release/Microsoft.ApplicationServer.Http.CIT.Unit.DLL" adapterTypeName="Microsoft.VisualStudio.TestTools.TestTypes.Unit.UnitTestAdapter, Microsoft.VisualStudio.QualityTools.Tips.UnitTest.Adapter, Version=10.0.0.0, Culture=neutral, PublicKeyToken=b03f5f7f11d50a3a" className="Microsoft.ApplicationServer.Http.MediaTypeFormatterCollectionTests, Microsoft.ApplicationServer.Http.CIT.Unit, Version=0.0.0.0, Culture=neutral, PublicKeyToken=null" name="Constructor1AcceptsDuplicateFormatterTypes" />
    </UnitTest>
    <UnitTest name="SerializeReply_Returns_HttpResponseMessage" storage="f:\advisorsrepo\wcfhttp\http\test\microsoft.applicationserver.http\unit\bin\release\microsoft.applicationserver.http.cit.unit.dll" id="a2fa765c-34d7-bba3-c307-0ce7d1c8aa0a">
      <Description>SerializeReply() returns valid HttpResponseMessage.</Description>
      <Execution timeOut="30000" id="bf35c6b0-9045-4d60-89c6-75f10085beab" />
      <Owners>
        <Owner name="maying" />
      </Owners>
      <TestCategory>
        <TestCategoryItem TestCategory="CIT" />
      </TestCategory>
      <TestMethod codeBase="F:/advisorsrepo/wcfhttp/Http/Test/Microsoft.ApplicationServer.Http/Unit/bin/Release/Microsoft.ApplicationServer.Http.CIT.Unit.DLL" adapterTypeName="Microsoft.VisualStudio.TestTools.TestTypes.Unit.UnitTestAdapter, Microsoft.VisualStudio.QualityTools.Tips.UnitTest.Adapter, Version=10.0.0.0, Culture=neutral, PublicKeyToken=b03f5f7f11d50a3a" className="Microsoft.ApplicationServer.Http.Dispatcher.HttpMessageFormatterTests, Microsoft.ApplicationServer.Http.CIT.Unit, Version=0.0.0.0, Culture=neutral, PublicKeyToken=null" name="SerializeReply_Returns_HttpResponseMessage" />
    </UnitTest>
    <UnitTest name="InputParametersClonesParametersFromOnGetInputParameters" storage="f:\advisorsrepo\wcfhttp\http\test\microsoft.applicationserver.http\unit\bin\release\microsoft.applicationserver.http.cit.unit.dll" id="148f2f22-44c9-b960-15d3-0def7008bfcc">
      <Description>InputParameters clones the parameters given by OnGetInputParameters.</Description>
      <Execution timeOut="30000" id="3a97b9a5-a6af-48c6-aa2c-0377aeba61a1" />
      <Owners>
        <Owner name="vinelap" />
      </Owners>
      <TestCategory>
        <TestCategoryItem TestCategory="CIT" />
      </TestCategory>
      <TestMethod codeBase="F:/advisorsrepo/wcfhttp/Http/Test/Microsoft.ApplicationServer.Http/Unit/bin/Release/Microsoft.ApplicationServer.Http.CIT.Unit.DLL" adapterTypeName="Microsoft.VisualStudio.TestTools.TestTypes.Unit.UnitTestAdapter, Microsoft.VisualStudio.QualityTools.Tips.UnitTest.Adapter, Version=10.0.0.0, Culture=neutral, PublicKeyToken=b03f5f7f11d50a3a" className="Microsoft.ApplicationServer.Http.Dispatcher.HttpOperationHandlerTests, Microsoft.ApplicationServer.Http.CIT.Unit, Version=0.0.0.0, Culture=neutral, PublicKeyToken=null" name="InputParametersClonesParametersFromOnGetInputParameters" />
    </UnitTest>
    <UnitTest name="DefaultHttpMessagePluginFactory_Constructor7" storage="f:\advisorsrepo\wcfhttp\http\test\microsoft.applicationserver.http\unit\bin\release\microsoft.applicationserver.http.cit.unit.dll" id="8a2ccd07-59ca-d975-a14d-472a5e469ac1">
      <Execution timeOut="30000" id="42f57f90-ffbf-4ab3-a9e4-824caccb94cf" />
      <Owners>
        <Owner name="derik" />
      </Owners>
      <TestCategory>
        <TestCategoryItem TestCategory="ADP_Basics" />
        <TestCategoryItem TestCategory="CIT" />
      </TestCategory>
      <TestMethod codeBase="F:/advisorsrepo/wcfhttp/Http/Test/Microsoft.ApplicationServer.Http/Unit/bin/Release/Microsoft.ApplicationServer.Http.CIT.Unit.DLL" adapterTypeName="Microsoft.VisualStudio.TestTools.TestTypes.Unit.UnitTestAdapter, Microsoft.VisualStudio.QualityTools.Tips.UnitTest.Adapter, Version=10.0.0.0, Culture=neutral, PublicKeyToken=b03f5f7f11d50a3a" className="Microsoft.ApplicationServer.Http.Channels.HttpMessageHandlerChannelFactoryTests, Microsoft.ApplicationServer.Http.CIT.Unit, Version=0.0.0.0, Culture=neutral, PublicKeyToken=null" name="DefaultHttpMessagePluginFactory_Constructor7" />
    </UnitTest>
    <UnitTest name="Close_Calls_Inner_RequestContext" storage="f:\advisorsrepo\wcfhttp\http\test\microsoft.applicationserver.http\unit\bin\release\microsoft.applicationserver.http.cit.unit.dll" id="c5b9a91f-f1d9-e30b-611f-1ba95616d3e5">
      <Description>HttpMessageEncodingRequestContext.Close calls Close on the inner RequestContext.</Description>
      <Execution timeOut="30000" id="e60a67e9-c712-4866-a26d-75e0fc73e654" />
      <Owners>
        <Owner name="derik" />
      </Owners>
      <TestCategory>
        <TestCategoryItem TestCategory="CIT" />
      </TestCategory>
      <TestMethod codeBase="F:/advisorsrepo/wcfhttp/Http/Test/Microsoft.ApplicationServer.Http/Unit/bin/Release/Microsoft.ApplicationServer.Http.CIT.Unit.DLL" adapterTypeName="Microsoft.VisualStudio.TestTools.TestTypes.Unit.UnitTestAdapter, Microsoft.VisualStudio.QualityTools.Tips.UnitTest.Adapter, Version=10.0.0.0, Culture=neutral, PublicKeyToken=b03f5f7f11d50a3a" className="Microsoft.ApplicationServer.Http.Channels.HttpMessageEncodingRequestContextTests, Microsoft.ApplicationServer.Http.CIT.Unit, Version=0.0.0.0, Culture=neutral, PublicKeyToken=null" name="Close_Calls_Inner_RequestContext" />
    </UnitTest>
    <UnitTest name="InputParameterAreCreatedAllValueAndReferenceTypes" storage="f:\advisorsrepo\wcfhttp\http\test\microsoft.applicationserver.http\unit\bin\release\microsoft.applicationserver.http.cit.unit.dll" id="4c9c7f2d-e46e-b506-fc56-15b5791cda80">
      <Description>InputParameters are created a content parameter for all legal types for content.</Description>
      <Execution timeOut="30000" id="5a1adb00-bbe6-4217-9b01-50a59f104ee5" />
      <Owners>
        <Owner name="dravva" />
      </Owners>
      <TestCategory>
        <TestCategoryItem TestCategory="CIT" />
      </TestCategory>
      <TestMethod codeBase="F:/advisorsrepo/wcfhttp/Http/Test/Microsoft.ApplicationServer.Http/Unit/bin/Release/Microsoft.ApplicationServer.Http.CIT.Unit.DLL" adapterTypeName="Microsoft.VisualStudio.TestTools.TestTypes.Unit.UnitTestAdapter, Microsoft.VisualStudio.QualityTools.Tips.UnitTest.Adapter, Version=10.0.0.0, Culture=neutral, PublicKeyToken=b03f5f7f11d50a3a" className="Microsoft.ApplicationServer.Http.Dispatcher.ResponseContentHandlerTests, Microsoft.ApplicationServer.Http.CIT.Unit, Version=0.0.0.0, Culture=neutral, PublicKeyToken=null" name="InputParameterAreCreatedAllValueAndReferenceTypes" />
    </UnitTest>
    <UnitTest name="ContentGetterSetsNewObjectContentOfTWithBaseHttpContent" storage="f:\advisorsrepo\wcfhttp\http\test\microsoft.applicationserver.http\unit\bin\release\microsoft.applicationserver.http.cit.unit.dll" id="3fc31f8c-9baf-4032-9f2f-219db64463ff">
      <Description>HttpRequestMessage&lt;T&gt;.Content getter discovers non-ObjectContent&lt;T&gt; types and wraps them in ObjectContent&lt;T&gt;.</Description>
      <Execution timeOut="30000" id="b19df280-2e86-4bb3-a7dd-08d21208b70a" />
      <Owners>
        <Owner name="dravva" />
      </Owners>
      <TestCategory>
        <TestCategoryItem TestCategory="CIT" />
      </TestCategory>
      <TestMethod codeBase="F:/advisorsrepo/wcfhttp/Http/Test/Microsoft.ApplicationServer.Http/Unit/bin/Release/Microsoft.ApplicationServer.Http.CIT.Unit.DLL" adapterTypeName="Microsoft.VisualStudio.TestTools.TestTypes.Unit.UnitTestAdapter, Microsoft.VisualStudio.QualityTools.Tips.UnitTest.Adapter, Version=10.0.0.0, Culture=neutral, PublicKeyToken=b03f5f7f11d50a3a" className="Microsoft.ApplicationServer.Http.HttpRequestMessageOfTTests, Microsoft.ApplicationServer.Http.CIT.Unit, Version=0.0.0.0, Culture=neutral, PublicKeyToken=null" name="ContentGetterSetsNewObjectContentOfTWithBaseHttpContent" />
    </UnitTest>
    <UnitTest name="Constructor5ThrowsWithEmptyMediaType" storage="f:\advisorsrepo\wcfhttp\http\test\microsoft.applicationserver.http\unit\bin\release\microsoft.applicationserver.http.cit.unit.dll" id="e7bc42bc-4677-5da7-c489-c92ff428bf7b">
      <Description>ObjectContent&lt;T&gt;(T, string, IEnumerable&lt;MediaTypeFormatter&gt;) throws for an empty media type.</Description>
      <Execution timeOut="30000" id="bc395efa-ca50-43f8-b91b-216793dc18d4" />
      <Owners>
        <Owner name="dravva" />
      </Owners>
      <TestCategory>
        <TestCategoryItem TestCategory="CIT" />
      </TestCategory>
      <TestMethod codeBase="F:/advisorsrepo/wcfhttp/Http/Test/Microsoft.ApplicationServer.Http/Unit/bin/Release/Microsoft.ApplicationServer.Http.CIT.Unit.DLL" adapterTypeName="Microsoft.VisualStudio.TestTools.TestTypes.Unit.UnitTestAdapter, Microsoft.VisualStudio.QualityTools.Tips.UnitTest.Adapter, Version=10.0.0.0, Culture=neutral, PublicKeyToken=b03f5f7f11d50a3a" className="Microsoft.ApplicationServer.Http.ObjectContentOfTTests, Microsoft.ApplicationServer.Http.CIT.Unit, Version=0.0.0.0, Culture=neutral, PublicKeyToken=null" name="Constructor5ThrowsWithEmptyMediaType" />
    </UnitTest>
    <UnitTest name="Constructor1SetsTrailingSlashMode" storage="f:\advisorsrepo\wcfhttp\http\test\microsoft.applicationserver.http\unit\bin\release\microsoft.applicationserver.http.cit.unit.dll" id="08814e5b-55a7-2634-fcc3-a9c6091c2076">
      <Description>UriAndMethodOperationSelector(Uri, IEnumerable&lt;HttpOperationDescription&gt;, TrailingSlashMode) sets TrailingSlashMode.</Description>
      <Execution timeOut="30000" id="12f593a8-e37f-458a-b2d6-5a1669476d75" />
      <Owners>
        <Owner name="dravva" />
      </Owners>
      <TestCategory>
        <TestCategoryItem TestCategory="CIT" />
      </TestCategory>
      <TestMethod codeBase="F:/advisorsrepo/wcfhttp/Http/Test/Microsoft.ApplicationServer.Http/Unit/bin/Release/Microsoft.ApplicationServer.Http.CIT.Unit.DLL" adapterTypeName="Microsoft.VisualStudio.TestTools.TestTypes.Unit.UnitTestAdapter, Microsoft.VisualStudio.QualityTools.Tips.UnitTest.Adapter, Version=10.0.0.0, Culture=neutral, PublicKeyToken=b03f5f7f11d50a3a" className="Microsoft.ApplicationServer.Http.Dispatcher.UriAndMethodOperationSelectorTests, Microsoft.ApplicationServer.Http.CIT.Unit, Version=0.0.0.0, Culture=neutral, PublicKeyToken=null" name="Constructor1SetsTrailingSlashMode" />
    </UnitTest>
    <UnitTest name="EndOpen_Calls_EndOpen_On_The_Inner_Channel" storage="f:\advisorsrepo\wcfhttp\http\test\microsoft.applicationserver.http\unit\bin\release\microsoft.applicationserver.http.cit.unit.dll" id="73525ea0-d105-dcd9-4120-97eb0080fb72">
      <Description>HttpMessageEncodingReplyChannel.EndOpen calls EndOpen on the inner channel.</Description>
      <Execution timeOut="30000" id="34d9cf09-acc2-4c8b-816f-4e5fed0415a4" />
      <Owners>
        <Owner name="derik" />
      </Owners>
      <TestCategory>
        <TestCategoryItem TestCategory="CIT" />
      </TestCategory>
      <TestMethod codeBase="F:/advisorsrepo/wcfhttp/Http/Test/Microsoft.ApplicationServer.Http/Unit/bin/Release/Microsoft.ApplicationServer.Http.CIT.Unit.DLL" adapterTypeName="Microsoft.VisualStudio.TestTools.TestTypes.Unit.UnitTestAdapter, Microsoft.VisualStudio.QualityTools.Tips.UnitTest.Adapter, Version=10.0.0.0, Culture=neutral, PublicKeyToken=b03f5f7f11d50a3a" className="Microsoft.ApplicationServer.Http.Channels.HttpMessageEncodingReplyChannelTests, Microsoft.ApplicationServer.Http.CIT.Unit, Version=0.0.0.0, Culture=neutral, PublicKeyToken=null" name="EndOpen_Calls_EndOpen_On_The_Inner_Channel" />
    </UnitTest>
    <UnitTest name="HttpMessageHandlerBindingElement_Is_A_Public_Non_Abstract_Class" storage="f:\advisorsrepo\wcfhttp\http\test\microsoft.applicationserver.http\unit\bin\release\microsoft.applicationserver.http.cit.unit.dll" id="80f39c53-6623-1e6c-6631-9adcd7e7c0fc">
      <Description>HttpMessageHandlerBindingElement is public non-abstract class.</Description>
      <Execution timeOut="30000" id="bb93abd9-6f84-4cd6-8fb6-c19bd63fc8f2" />
      <Owners>
        <Owner name="derik" />
      </Owners>
      <TestCategory>
        <TestCategoryItem TestCategory="CIT" />
        <TestCategoryItem TestCategory="ADP_Basics" />
      </TestCategory>
      <TestMethod codeBase="F:/advisorsrepo/wcfhttp/Http/Test/Microsoft.ApplicationServer.Http/Unit/bin/Release/Microsoft.ApplicationServer.Http.CIT.Unit.DLL" adapterTypeName="Microsoft.VisualStudio.TestTools.TestTypes.Unit.UnitTestAdapter, Microsoft.VisualStudio.QualityTools.Tips.UnitTest.Adapter, Version=10.0.0.0, Culture=neutral, PublicKeyToken=b03f5f7f11d50a3a" className="Microsoft.ApplicationServer.Http.Channels.HttpMessageHandlerBindingElementTests, Microsoft.ApplicationServer.Http.CIT.Unit, Version=0.0.0.0, Culture=neutral, PublicKeyToken=null" name="HttpMessageHandlerBindingElement_Is_A_Public_Non_Abstract_Class" />
    </UnitTest>
    <UnitTest name="Constructor1" storage="f:\advisorsrepo\wcfhttp\http\test\microsoft.applicationserver.http\unit\bin\release\microsoft.applicationserver.http.cit.unit.dll" id="29bd9b85-9ca7-ce8f-a060-75b351632f03">
      <Description>HttpResponseMessage&lt;T&gt;(T) sets Content property with all known value and reference types.</Description>
      <Execution timeOut="30000" id="05cfad80-c993-4e2c-827e-f8308b57d2bb" />
      <Owners>
        <Owner name="dravva" />
      </Owners>
      <TestCategory>
        <TestCategoryItem TestCategory="CIT" />
      </TestCategory>
      <TestMethod codeBase="F:/advisorsrepo/wcfhttp/Http/Test/Microsoft.ApplicationServer.Http/Unit/bin/Release/Microsoft.ApplicationServer.Http.CIT.Unit.DLL" adapterTypeName="Microsoft.VisualStudio.TestTools.TestTypes.Unit.UnitTestAdapter, Microsoft.VisualStudio.QualityTools.Tips.UnitTest.Adapter, Version=10.0.0.0, Culture=neutral, PublicKeyToken=b03f5f7f11d50a3a" className="Microsoft.ApplicationServer.Http.HttpResponseMessageOfTTests, Microsoft.ApplicationServer.Http.CIT.Unit, Version=0.0.0.0, Culture=neutral, PublicKeyToken=null" name="Constructor1" />
    </UnitTest>
    <UnitTest name="HttpParameterCollection_Synchronized_Incomplete_IsReadOnly" storage="f:\advisorsrepo\wcfhttp\http\test\microsoft.applicationserver.http\unit\bin\release\microsoft.applicationserver.http.cit.unit.dll" id="a4a40aa7-0d99-cfbf-4763-4aedfaf33062">
      <Description>HttpParameterCollection created from incomplete MessagePartDescriptionCollection implements IsReadOnly correctly</Description>
      <Execution timeOut="30000" id="1c38a48e-9d18-40f9-9efc-6bfe04b52b1d" />
      <Owners>
        <Owner name="derik" />
      </Owners>
      <TestCategory>
        <TestCategoryItem TestCategory="CIT" />
      </TestCategory>
      <TestMethod codeBase="F:/advisorsrepo/wcfhttp/Http/Test/Microsoft.ApplicationServer.Http/Unit/bin/Release/Microsoft.ApplicationServer.Http.CIT.Unit.DLL" adapterTypeName="Microsoft.VisualStudio.TestTools.TestTypes.Unit.UnitTestAdapter, Microsoft.VisualStudio.QualityTools.Tips.UnitTest.Adapter, Version=10.0.0.0, Culture=neutral, PublicKeyToken=b03f5f7f11d50a3a" className="Microsoft.ApplicationServer.Http.Description.HttpParameterCollectionTests, Microsoft.ApplicationServer.Http.CIT.Unit, Version=0.0.0.0, Culture=neutral, PublicKeyToken=null" name="HttpParameterCollection_Synchronized_Incomplete_IsReadOnly" />
    </UnitTest>
    <UnitTest name="RemoveSetsJsonFormatter" storage="f:\advisorsrepo\wcfhttp\http\test\microsoft.applicationserver.http\unit\bin\release\microsoft.applicationserver.http.cit.unit.dll" id="b1ed85c9-367d-4957-564c-eb2af73d4ea2">
      <Description>MediaTypeFormatterCollection.Remove sets JsonFormatter to null.</Description>
      <Execution timeOut="30000" id="12f8d6e3-8496-4d42-b640-7c1188165c7b" />
      <Owners>
        <Owner name="dravva" />
      </Owners>
      <TestCategory>
        <TestCategoryItem TestCategory="CIT" />
      </TestCategory>
      <TestMethod codeBase="F:/advisorsrepo/wcfhttp/Http/Test/Microsoft.ApplicationServer.Http/Unit/bin/Release/Microsoft.ApplicationServer.Http.CIT.Unit.DLL" adapterTypeName="Microsoft.VisualStudio.TestTools.TestTypes.Unit.UnitTestAdapter, Microsoft.VisualStudio.QualityTools.Tips.UnitTest.Adapter, Version=10.0.0.0, Culture=neutral, PublicKeyToken=b03f5f7f11d50a3a" className="Microsoft.ApplicationServer.Http.MediaTypeFormatterCollectionTests, Microsoft.ApplicationServer.Http.CIT.Unit, Version=0.0.0.0, Culture=neutral, PublicKeyToken=null" name="RemoveSetsJsonFormatter" />
    </UnitTest>
    <UnitTest name="ToMessage_Returns_HttpMessage_For_HttpResponseMessage" storage="f:\advisorsrepo\wcfhttp\http\test\microsoft.applicationserver.http\unit\bin\release\microsoft.applicationserver.http.cit.unit.dll" id="75a27fd6-914e-5fd1-38b1-7863e0f24f0e">
      <Description>HttpResponseMessage.ToMessage always returns an HttpMessage instance.</Description>
      <Execution timeOut="30000" id="fe8bfb0e-1be5-4db5-b0ac-c29b18839449" />
      <Owners>
        <Owner name="derik" />
      </Owners>
      <TestCategory>
        <TestCategoryItem TestCategory="CIT" />
      </TestCategory>
      <TestMethod codeBase="F:/advisorsrepo/wcfhttp/Http/Test/Microsoft.ApplicationServer.Http/Unit/bin/Release/Microsoft.ApplicationServer.Http.CIT.Unit.DLL" adapterTypeName="Microsoft.VisualStudio.TestTools.TestTypes.Unit.UnitTestAdapter, Microsoft.VisualStudio.QualityTools.Tips.UnitTest.Adapter, Version=10.0.0.0, Culture=neutral, PublicKeyToken=b03f5f7f11d50a3a" className="Microsoft.ApplicationServer.Http.Channels.HttpMessageExtensionMethodsTests, Microsoft.ApplicationServer.Http.CIT.Unit, Version=0.0.0.0, Culture=neutral, PublicKeyToken=null" name="ToMessage_Returns_HttpMessage_For_HttpResponseMessage" />
    </UnitTest>
    <UnitTest name="WriteToStreamAsyncCallsOnWriteToStreamInTask" storage="f:\advisorsrepo\wcfhttp\http\test\microsoft.applicationserver.http\unit\bin\release\microsoft.applicationserver.http.cit.unit.dll" id="50155e1f-9aff-d0aa-0d7b-e82b3e296275">
      <Description>WriteToStreamAsync() calls protected OnWriteToStream() and wraps a Task around it.</Description>
      <Execution timeOut="30000" id="4b560ae2-b610-4347-bd0f-b723f7b537d9" />
      <Owners>
        <Owner name="dravva" />
      </Owners>
      <TestCategory>
        <TestCategoryItem TestCategory="CIT" />
      </TestCategory>
      <TestMethod codeBase="F:/advisorsrepo/wcfhttp/Http/Test/Microsoft.ApplicationServer.Http/Unit/bin/Release/Microsoft.ApplicationServer.Http.CIT.Unit.DLL" adapterTypeName="Microsoft.VisualStudio.TestTools.TestTypes.Unit.UnitTestAdapter, Microsoft.VisualStudio.QualityTools.Tips.UnitTest.Adapter, Version=10.0.0.0, Culture=neutral, PublicKeyToken=b03f5f7f11d50a3a" className="Microsoft.ApplicationServer.Http.MediaTypeFormatterTests, Microsoft.ApplicationServer.Http.CIT.Unit, Version=0.0.0.0, Culture=neutral, PublicKeyToken=null" name="WriteToStreamAsyncCallsOnWriteToStreamInTask" />
    </UnitTest>
    <UnitTest name="Constructor2" storage="f:\advisorsrepo\wcfhttp\http\test\microsoft.applicationserver.http\unit\bin\release\microsoft.applicationserver.http.cit.unit.dll" id="701d7343-c0d9-403f-a3c7-a96171bca1ae">
      <Description>ObjectContent&lt;T&gt;(T, MediaTypeHeaderValue) sets Type, content header's media type and (private) ObjectInstance properties with all known value and reference types.</Description>
      <Execution timeOut="30000" id="76dd12ef-fcc8-43dd-8695-4d8002d24af0" />
      <Owners>
        <Owner name="dravva" />
      </Owners>
      <TestCategory>
        <TestCategoryItem TestCategory="CIT" />
      </TestCategory>
      <TestMethod codeBase="F:/advisorsrepo/wcfhttp/Http/Test/Microsoft.ApplicationServer.Http/Unit/bin/Release/Microsoft.ApplicationServer.Http.CIT.Unit.DLL" adapterTypeName="Microsoft.VisualStudio.TestTools.TestTypes.Unit.UnitTestAdapter, Microsoft.VisualStudio.QualityTools.Tips.UnitTest.Adapter, Version=10.0.0.0, Culture=neutral, PublicKeyToken=b03f5f7f11d50a3a" className="Microsoft.ApplicationServer.Http.ObjectContentOfTTests, Microsoft.ApplicationServer.Http.CIT.Unit, Version=0.0.0.0, Culture=neutral, PublicKeyToken=null" name="Constructor2" />
    </UnitTest>
    <UnitTest name="ReadAsAsyncFromStreamGetsRoundTrippedObject" storage="f:\advisorsrepo\wcfhttp\http\test\microsoft.applicationserver.http\unit\bin\release\microsoft.applicationserver.http.cit.unit.dll" id="9209631c-7e7d-260b-60e2-27df8de00837">
      <Description>ReadAsAsync() from an Xml Stream produced by ObjectContent.CopyToAsync() round-trips correctly.</Description>
      <Execution timeOut="30000" id="848da62f-4a05-4693-a611-6fe3322182de" />
      <Owners>
        <Owner name="dravva" />
      </Owners>
      <TestCategory>
        <TestCategoryItem TestCategory="CIT" />
      </TestCategory>
      <TestMethod codeBase="F:/advisorsrepo/wcfhttp/Http/Test/Microsoft.ApplicationServer.Http/Unit/bin/Release/Microsoft.ApplicationServer.Http.CIT.Unit.DLL" adapterTypeName="Microsoft.VisualStudio.TestTools.TestTypes.Unit.UnitTestAdapter, Microsoft.VisualStudio.QualityTools.Tips.UnitTest.Adapter, Version=10.0.0.0, Culture=neutral, PublicKeyToken=b03f5f7f11d50a3a" className="Microsoft.ApplicationServer.Http.ObjectContentTests, Microsoft.ApplicationServer.Http.CIT.Unit, Version=0.0.0.0, Culture=neutral, PublicKeyToken=null" name="ReadAsAsyncFromStreamGetsRoundTrippedObject" />
    </UnitTest>
    <UnitTest name="HttpParameterCollection_Unsynchronized_Implements_Clear" storage="f:\advisorsrepo\wcfhttp\http\test\microsoft.applicationserver.http\unit\bin\release\microsoft.applicationserver.http.cit.unit.dll" id="c60345cf-5794-990b-ad57-8290a339a96d">
      <Description>HttpParameterCollection created from default ctor implements Clear correctly</Description>
      <Execution timeOut="30000" id="b5f78707-c66e-4fe6-828a-b449057dc9b0" />
      <Owners>
        <Owner name="derik" />
      </Owners>
      <TestCategory>
        <TestCategoryItem TestCategory="CIT" />
      </TestCategory>
      <TestMethod codeBase="F:/advisorsrepo/wcfhttp/Http/Test/Microsoft.ApplicationServer.Http/Unit/bin/Release/Microsoft.ApplicationServer.Http.CIT.Unit.DLL" adapterTypeName="Microsoft.VisualStudio.TestTools.TestTypes.Unit.UnitTestAdapter, Microsoft.VisualStudio.QualityTools.Tips.UnitTest.Adapter, Version=10.0.0.0, Culture=neutral, PublicKeyToken=b03f5f7f11d50a3a" className="Microsoft.ApplicationServer.Http.Description.HttpParameterCollectionTests, Microsoft.ApplicationServer.Http.CIT.Unit, Version=0.0.0.0, Culture=neutral, PublicKeyToken=null" name="HttpParameterCollection_Unsynchronized_Implements_Clear" />
    </UnitTest>
    <UnitTest name="HttpParameterCollection_Unsynchronized_CopyTo" storage="f:\advisorsrepo\wcfhttp\http\test\microsoft.applicationserver.http\unit\bin\release\microsoft.applicationserver.http.cit.unit.dll" id="40d4b4cb-3e53-39fc-649e-48311a84b0ba">
      <Description>HttpParameterCollection created from default ctor implements CopyTo correctly</Description>
      <Execution timeOut="30000" id="76aadf5d-1fc0-4102-a46e-2d5dccb552cc" />
      <Owners>
        <Owner name="derik" />
      </Owners>
      <TestCategory>
        <TestCategoryItem TestCategory="CIT" />
      </TestCategory>
      <TestMethod codeBase="F:/advisorsrepo/wcfhttp/Http/Test/Microsoft.ApplicationServer.Http/Unit/bin/Release/Microsoft.ApplicationServer.Http.CIT.Unit.DLL" adapterTypeName="Microsoft.VisualStudio.TestTools.TestTypes.Unit.UnitTestAdapter, Microsoft.VisualStudio.QualityTools.Tips.UnitTest.Adapter, Version=10.0.0.0, Culture=neutral, PublicKeyToken=b03f5f7f11d50a3a" className="Microsoft.ApplicationServer.Http.Description.HttpParameterCollectionTests, Microsoft.ApplicationServer.Http.CIT.Unit, Version=0.0.0.0, Culture=neutral, PublicKeyToken=null" name="HttpParameterCollection_Unsynchronized_CopyTo" />
    </UnitTest>
    <UnitTest name="EndWaitForRequest_Calls_EndWaitForRequest_On_The_Inner_Channel" storage="f:\advisorsrepo\wcfhttp\http\test\microsoft.applicationserver.http\unit\bin\release\microsoft.applicationserver.http.cit.unit.dll" id="602c646f-be2b-e4f5-ecf0-c461c2ad7607">
      <Description>HttpMessageEncodingReplyChannel.EndWaitForRequest calls EndWaitForRequest on the inner channel.</Description>
      <Execution timeOut="30000" id="d9385179-0516-4c8c-b2e8-b05533fdc2b8" />
      <Owners>
        <Owner name="derik" />
      </Owners>
      <TestCategory>
        <TestCategoryItem TestCategory="CIT" />
      </TestCategory>
      <TestMethod codeBase="F:/advisorsrepo/wcfhttp/Http/Test/Microsoft.ApplicationServer.Http/Unit/bin/Release/Microsoft.ApplicationServer.Http.CIT.Unit.DLL" adapterTypeName="Microsoft.VisualStudio.TestTools.TestTypes.Unit.UnitTestAdapter, Microsoft.VisualStudio.QualityTools.Tips.UnitTest.Adapter, Version=10.0.0.0, Culture=neutral, PublicKeyToken=b03f5f7f11d50a3a" className="Microsoft.ApplicationServer.Http.Channels.HttpMessageEncodingReplyChannelTests, Microsoft.ApplicationServer.Http.CIT.Unit, Version=0.0.0.0, Culture=neutral, PublicKeyToken=null" name="EndWaitForRequest_Calls_EndWaitForRequest_On_The_Inner_Channel" />
    </UnitTest>
    <UnitTest name="TryReceiveRequest_Calls_TryReceiveRequest_On_The_Inner_Channel" storage="f:\advisorsrepo\wcfhttp\http\test\microsoft.applicationserver.http\unit\bin\release\microsoft.applicationserver.http.cit.unit.dll" id="4d46a497-79bf-026d-2c6c-77a8af154e07">
      <Description>HttpMessageEncodingReplyChannel.TryReceiveRequest calls TryReceiveRequest on the inner channel.</Description>
      <Execution timeOut="30000" id="b5dda02f-0d03-47ac-8700-2896df26efe5" />
      <Owners>
        <Owner name="derik" />
      </Owners>
      <TestCategory>
        <TestCategoryItem TestCategory="CIT" />
      </TestCategory>
      <TestMethod codeBase="F:/advisorsrepo/wcfhttp/Http/Test/Microsoft.ApplicationServer.Http/Unit/bin/Release/Microsoft.ApplicationServer.Http.CIT.Unit.DLL" adapterTypeName="Microsoft.VisualStudio.TestTools.TestTypes.Unit.UnitTestAdapter, Microsoft.VisualStudio.QualityTools.Tips.UnitTest.Adapter, Version=10.0.0.0, Culture=neutral, PublicKeyToken=b03f5f7f11d50a3a" className="Microsoft.ApplicationServer.Http.Channels.HttpMessageEncodingReplyChannelTests, Microsoft.ApplicationServer.Http.CIT.Unit, Version=0.0.0.0, Culture=neutral, PublicKeyToken=null" name="TryReceiveRequest_Calls_TryReceiveRequest_On_The_Inner_Channel" />
    </UnitTest>
    <UnitTest name="HttpBehavior_ApplyDispatchBehavior_Throws_For_Null_Endpoint" storage="f:\advisorsrepo\wcfhttp\http\test\microsoft.applicationserver.http\unit\bin\release\microsoft.applicationserver.http.cit.unit.dll" id="19c20a2e-9d68-c6f2-d454-9bc2a9a3b66c">
      <Description>HttpBehavior.ApplyDispatchBehavior with null endpoint throws.</Description>
      <Execution timeOut="30000" id="ebb118ed-0adf-479a-93c3-583c133c6f0f" />
      <Owners>
        <Owner name="vinelap" />
      </Owners>
      <TestCategory>
        <TestCategoryItem TestCategory="CIT" />
      </TestCategory>
      <TestMethod codeBase="F:/advisorsrepo/wcfhttp/Http/Test/Microsoft.ApplicationServer.Http/Unit/bin/Release/Microsoft.ApplicationServer.Http.CIT.Unit.DLL" adapterTypeName="Microsoft.VisualStudio.TestTools.TestTypes.Unit.UnitTestAdapter, Microsoft.VisualStudio.QualityTools.Tips.UnitTest.Adapter, Version=10.0.0.0, Culture=neutral, PublicKeyToken=b03f5f7f11d50a3a" className="Microsoft.ApplicationServer.Http.Description.HttpBehaviorTests, Microsoft.ApplicationServer.Http.CIT.Unit, Version=0.0.0.0, Culture=neutral, PublicKeyToken=null" name="HttpBehavior_ApplyDispatchBehavior_Throws_For_Null_Endpoint" />
    </UnitTest>
    <UnitTest name="BuildChannelListener_Adds_HttpMessageEncodingBindingElement_To_Binding_Parameters_Collection" storage="f:\advisorsrepo\wcfhttp\http\test\microsoft.applicationserver.http\unit\bin\release\microsoft.applicationserver.http.cit.unit.dll" id="d416df2c-6831-66e5-1c57-24c7de4ecc77">
      <Description>HttpMessageEncodingBindingElement.BuildChannelListener adds the HttpMessageEncodingBindingElement to the collection of binding parameters.</Description>
      <Execution timeOut="30000" id="6ca2fe87-5bfb-4f50-914f-77f6bbe767c2" />
      <Owners>
        <Owner name="derik" />
      </Owners>
      <TestCategory>
        <TestCategoryItem TestCategory="CIT" />
      </TestCategory>
      <TestMethod codeBase="F:/advisorsrepo/wcfhttp/Http/Test/Microsoft.ApplicationServer.Http/Unit/bin/Release/Microsoft.ApplicationServer.Http.CIT.Unit.DLL" adapterTypeName="Microsoft.VisualStudio.TestTools.TestTypes.Unit.UnitTestAdapter, Microsoft.VisualStudio.QualityTools.Tips.UnitTest.Adapter, Version=10.0.0.0, Culture=neutral, PublicKeyToken=b03f5f7f11d50a3a" className="Microsoft.ApplicationServer.Http.Channels.HttpMessageEncodingBindingElementTests, Microsoft.ApplicationServer.Http.CIT.Unit, Version=0.0.0.0, Culture=neutral, PublicKeyToken=null" name="BuildChannelListener_Adds_HttpMessageEncodingBindingElement_To_Binding_Parameters_Collection" />
    </UnitTest>
    <UnitTest name="ConstructorThrowsWithEmptyUriPathExtension" storage="f:\advisorsrepo\wcfhttp\http\test\microsoft.applicationserver.http\unit\bin\release\microsoft.applicationserver.http.cit.unit.dll" id="6148554f-0805-99eb-7fbf-8d2ab641ea06">
      <Description>UriPathExtensionMapping(string, string) throws if the UriPathExtensions parameter is null.</Description>
      <Execution timeOut="30000" id="c51a18c6-a43a-45bc-b63d-ee2816e1cd42" />
      <Owners>
        <Owner name="dravva" />
      </Owners>
      <TestCategory>
        <TestCategoryItem TestCategory="CIT" />
      </TestCategory>
      <TestMethod codeBase="F:/advisorsrepo/wcfhttp/Http/Test/Microsoft.ApplicationServer.Http/Unit/bin/Release/Microsoft.ApplicationServer.Http.CIT.Unit.DLL" adapterTypeName="Microsoft.VisualStudio.TestTools.TestTypes.Unit.UnitTestAdapter, Microsoft.VisualStudio.QualityTools.Tips.UnitTest.Adapter, Version=10.0.0.0, Culture=neutral, PublicKeyToken=b03f5f7f11d50a3a" className="Microsoft.ApplicationServer.Http.UriPathExtensionMappingTests, Microsoft.ApplicationServer.Http.CIT.Unit, Version=0.0.0.0, Culture=neutral, PublicKeyToken=null" name="ConstructorThrowsWithEmptyUriPathExtension" />
    </UnitTest>
    <UnitTest name="HttpOperationDescription_Extension_Method_Null_Throws" storage="f:\advisorsrepo\wcfhttp\http\test\microsoft.applicationserver.http\unit\bin\release\microsoft.applicationserver.http.cit.unit.dll" id="7e383a20-67e6-8fb6-209f-841747b382a2">
      <Description>HttpOperationDescription extension method throws ArgumentNull for null this</Description>
      <Execution timeOut="30000" id="d88e472f-86a5-44b4-8061-390a60b629a4" />
      <Owners>
        <Owner name="maying" />
      </Owners>
      <TestCategory>
        <TestCategoryItem TestCategory="CIT" />
      </TestCategory>
      <TestMethod codeBase="F:/advisorsrepo/wcfhttp/Http/Test/Microsoft.ApplicationServer.Http/Unit/bin/Release/Microsoft.ApplicationServer.Http.CIT.Unit.DLL" adapterTypeName="Microsoft.VisualStudio.TestTools.TestTypes.Unit.UnitTestAdapter, Microsoft.VisualStudio.QualityTools.Tips.UnitTest.Adapter, Version=10.0.0.0, Culture=neutral, PublicKeyToken=b03f5f7f11d50a3a" className="Microsoft.ApplicationServer.Http.Description.HttpOperationDescriptionTests, Microsoft.ApplicationServer.Http.CIT.Unit, Version=0.0.0.0, Culture=neutral, PublicKeyToken=null" name="HttpOperationDescription_Extension_Method_Null_Throws" />
    </UnitTest>
    <UnitTest name="ReadMessage_Returns_HttpMessage" storage="f:\advisorsrepo\wcfhttp\http\test\microsoft.applicationserver.http\unit\bin\release\microsoft.applicationserver.http.cit.unit.dll" id="8f937cc5-c6eb-8444-015a-0d7748ddd89f">
      <Description>HttpMessageEncoder.ReadMessage returns an HttpMessage.</Description>
      <Execution timeOut="30000" id="1e738b2a-07d5-48a5-9e7e-2b6f52f4e1dc" />
      <Owners>
        <Owner name="derik" />
      </Owners>
      <TestCategory>
        <TestCategoryItem TestCategory="CIT" />
      </TestCategory>
      <TestMethod codeBase="F:/advisorsrepo/wcfhttp/Http/Test/Microsoft.ApplicationServer.Http/Unit/bin/Release/Microsoft.ApplicationServer.Http.CIT.Unit.DLL" adapterTypeName="Microsoft.VisualStudio.TestTools.TestTypes.Unit.UnitTestAdapter, Microsoft.VisualStudio.QualityTools.Tips.UnitTest.Adapter, Version=10.0.0.0, Culture=neutral, PublicKeyToken=b03f5f7f11d50a3a" className="Microsoft.ApplicationServer.Http.Channels.HttpMessageEncoderTests, Microsoft.ApplicationServer.Http.CIT.Unit, Version=0.0.0.0, Culture=neutral, PublicKeyToken=null" name="ReadMessage_Returns_HttpMessage" />
    </UnitTest>
    <UnitTest name="SupportsMediaTypeThrowsWithNullHttpRequestMessage" storage="f:\advisorsrepo\wcfhttp\http\test\microsoft.applicationserver.http\unit\bin\release\microsoft.applicationserver.http.cit.unit.dll" id="3a44bda8-9638-7b2b-d0c1-f89e8e5deab8">
      <Description>SupportsMediaType(HttpRequestMessage) throws if the request is null.</Description>
      <Execution timeOut="30000" id="64bab1a9-a60b-4cda-b8fe-ecd7d303e1cb" />
      <Owners>
        <Owner name="dravva" />
      </Owners>
      <TestCategory>
        <TestCategoryItem TestCategory="CIT" />
      </TestCategory>
      <TestMethod codeBase="F:/advisorsrepo/wcfhttp/Http/Test/Microsoft.ApplicationServer.Http/Unit/bin/Release/Microsoft.ApplicationServer.Http.CIT.Unit.DLL" adapterTypeName="Microsoft.VisualStudio.TestTools.TestTypes.Unit.UnitTestAdapter, Microsoft.VisualStudio.QualityTools.Tips.UnitTest.Adapter, Version=10.0.0.0, Culture=neutral, PublicKeyToken=b03f5f7f11d50a3a" className="Microsoft.ApplicationServer.Http.UriPathExtensionMappingTests, Microsoft.ApplicationServer.Http.CIT.Unit, Version=0.0.0.0, Culture=neutral, PublicKeyToken=null" name="SupportsMediaTypeThrowsWithNullHttpRequestMessage" />
    </UnitTest>
    <UnitTest name="Constructor1ThrowsWithIllegalMediaType" storage="f:\advisorsrepo\wcfhttp\http\test\microsoft.applicationserver.http\unit\bin\release\microsoft.applicationserver.http.cit.unit.dll" id="69ed96e8-8794-1805-08b8-622701965e77">
      <Description>ObjectContent(Type, object, string) throws for an empty media type.</Description>
      <Execution timeOut="30000" id="9bc99440-2cd1-45fd-9fd4-24451fd4d20a" />
      <Owners>
        <Owner name="dravva" />
      </Owners>
      <TestCategory>
        <TestCategoryItem TestCategory="CIT" />
      </TestCategory>
      <TestMethod codeBase="F:/advisorsrepo/wcfhttp/Http/Test/Microsoft.ApplicationServer.Http/Unit/bin/Release/Microsoft.ApplicationServer.Http.CIT.Unit.DLL" adapterTypeName="Microsoft.VisualStudio.TestTools.TestTypes.Unit.UnitTestAdapter, Microsoft.VisualStudio.QualityTools.Tips.UnitTest.Adapter, Version=10.0.0.0, Culture=neutral, PublicKeyToken=b03f5f7f11d50a3a" className="Microsoft.ApplicationServer.Http.ObjectContentTests, Microsoft.ApplicationServer.Http.CIT.Unit, Version=0.0.0.0, Culture=neutral, PublicKeyToken=null" name="Constructor1ThrowsWithIllegalMediaType" />
    </UnitTest>
    <UnitTest name="HandleCallsOnHandleOfGeneric04" storage="f:\advisorsrepo\wcfhttp\http\test\microsoft.applicationserver.http\unit\bin\release\microsoft.applicationserver.http.cit.unit.dll" id="d027087a-c2f7-dddb-c2d6-409cc32f3df3">
      <Description>Handle(object[]) calls OnHandle for the generic HttpOperationHandlerOfT.</Description>
      <Execution timeOut="30000" id="95f9f322-f912-4485-b422-9400d6c20f05" />
      <Owners>
        <Owner name="dravva" />
      </Owners>
      <TestCategory>
        <TestCategoryItem TestCategory="CIT" />
      </TestCategory>
      <TestMethod codeBase="F:/advisorsrepo/wcfhttp/Http/Test/Microsoft.ApplicationServer.Http/Unit/bin/Release/Microsoft.ApplicationServer.Http.CIT.Unit.DLL" adapterTypeName="Microsoft.VisualStudio.TestTools.TestTypes.Unit.UnitTestAdapter, Microsoft.VisualStudio.QualityTools.Tips.UnitTest.Adapter, Version=10.0.0.0, Culture=neutral, PublicKeyToken=b03f5f7f11d50a3a" className="Microsoft.ApplicationServer.Http.Dispatcher.HttpOperationHandlerOfTTests, Microsoft.ApplicationServer.Http.CIT.Unit, Version=0.0.0.0, Culture=neutral, PublicKeyToken=null" name="HandleCallsOnHandleOfGeneric04" />
    </UnitTest>
    <UnitTest name="Close_With_TimeOut_Calls_Inner_RequestContext" storage="f:\advisorsrepo\wcfhttp\http\test\microsoft.applicationserver.http\unit\bin\release\microsoft.applicationserver.http.cit.unit.dll" id="b9a441b5-99db-aed8-0561-6ecc8585cdea">
      <Description>HttpMessageEncodingRequestContext.Close calls Close on the inner RequestContext and passes along the timeout parameter.</Description>
      <Execution timeOut="30000" id="afa4c478-dfd5-4e09-b38f-ebc408319244" />
      <Owners>
        <Owner name="derik" />
      </Owners>
      <TestCategory>
        <TestCategoryItem TestCategory="CIT" />
      </TestCategory>
      <TestMethod codeBase="F:/advisorsrepo/wcfhttp/Http/Test/Microsoft.ApplicationServer.Http/Unit/bin/Release/Microsoft.ApplicationServer.Http.CIT.Unit.DLL" adapterTypeName="Microsoft.VisualStudio.TestTools.TestTypes.Unit.UnitTestAdapter, Microsoft.VisualStudio.QualityTools.Tips.UnitTest.Adapter, Version=10.0.0.0, Culture=neutral, PublicKeyToken=b03f5f7f11d50a3a" className="Microsoft.ApplicationServer.Http.Channels.HttpMessageEncodingRequestContextTests, Microsoft.ApplicationServer.Http.CIT.Unit, Version=0.0.0.0, Culture=neutral, PublicKeyToken=null" name="Close_With_TimeOut_Calls_Inner_RequestContext" />
    </UnitTest>
    <UnitTest name="Constructor6SetsHttpContentWithStreamAsObject" storage="f:\advisorsrepo\wcfhttp\http\test\microsoft.applicationserver.http\unit\bin\release\microsoft.applicationserver.http.cit.unit.dll" id="00299580-0c13-1a64-66a4-fd4e8003c635">
      <Description>ObjectContent(Type, object, MediaTypeHeaderValue, IEnumerable&lt;MediaTypeFormatter&gt;) sets HttpContent property to a StreamContent when Object parameter is a Stream.</Description>
      <Execution timeOut="30000" id="5648524e-83bb-450c-afb3-be535213edff" />
      <Owners>
        <Owner name="dravva" />
      </Owners>
      <TestCategory>
        <TestCategoryItem TestCategory="CIT" />
      </TestCategory>
      <TestMethod codeBase="F:/advisorsrepo/wcfhttp/Http/Test/Microsoft.ApplicationServer.Http/Unit/bin/Release/Microsoft.ApplicationServer.Http.CIT.Unit.DLL" adapterTypeName="Microsoft.VisualStudio.TestTools.TestTypes.Unit.UnitTestAdapter, Microsoft.VisualStudio.QualityTools.Tips.UnitTest.Adapter, Version=10.0.0.0, Culture=neutral, PublicKeyToken=b03f5f7f11d50a3a" className="Microsoft.ApplicationServer.Http.ObjectContentTests, Microsoft.ApplicationServer.Http.CIT.Unit, Version=0.0.0.0, Culture=neutral, PublicKeyToken=null" name="Constructor6SetsHttpContentWithStreamAsObject" />
    </UnitTest>
    <UnitTest name="ContentGetterSetsNewObjectContentOfTWithBaseHttpContent" storage="f:\advisorsrepo\wcfhttp\http\test\microsoft.applicationserver.http\unit\bin\release\microsoft.applicationserver.http.cit.unit.dll" id="d4f88441-5cab-151e-843a-75ed03e180e8">
      <Description>HttpResponseMessage&lt;T&gt;.Content getter discovers non-ObjectContent&lt;T&gt; types and wraps them in ObjectContent&lt;T&gt;.</Description>
      <Execution timeOut="30000" id="3cc9d8ca-e964-4874-84b6-b3f37d6192f6" />
      <Owners>
        <Owner name="dravva" />
      </Owners>
      <TestCategory>
        <TestCategoryItem TestCategory="CIT" />
      </TestCategory>
      <TestMethod codeBase="F:/advisorsrepo/wcfhttp/Http/Test/Microsoft.ApplicationServer.Http/Unit/bin/Release/Microsoft.ApplicationServer.Http.CIT.Unit.DLL" adapterTypeName="Microsoft.VisualStudio.TestTools.TestTypes.Unit.UnitTestAdapter, Microsoft.VisualStudio.QualityTools.Tips.UnitTest.Adapter, Version=10.0.0.0, Culture=neutral, PublicKeyToken=b03f5f7f11d50a3a" className="Microsoft.ApplicationServer.Http.HttpResponseMessageOfTTests, Microsoft.ApplicationServer.Http.CIT.Unit, Version=0.0.0.0, Culture=neutral, PublicKeyToken=null" name="ContentGetterSetsNewObjectContentOfTWithBaseHttpContent" />
    </UnitTest>
    <UnitTest name="IsSubTypeMediaRange_Returns_True_For_Media_Ranges" storage="f:\advisorsrepo\wcfhttp\http\test\microsoft.applicationserver.http\unit\bin\release\microsoft.applicationserver.http.cit.unit.dll" id="c7255e59-86dd-7d74-aa2f-5cca5df080e3">
      <Description>ParsedMediaTypeHeadeValue.IsSubTypeMediaRange returns true for media ranges.</Description>
      <Execution timeOut="30000" id="329c50a1-8f7e-4613-a165-dfa3bd2fa937" />
      <Owners>
        <Owner name="vinelap" />
      </Owners>
      <TestCategory>
        <TestCategoryItem TestCategory="CIT" />
      </TestCategory>
      <TestMethod codeBase="F:/advisorsrepo/wcfhttp/Http/Test/Microsoft.ApplicationServer.Http/Unit/bin/Release/Microsoft.ApplicationServer.Http.CIT.Unit.DLL" adapterTypeName="Microsoft.VisualStudio.TestTools.TestTypes.Unit.UnitTestAdapter, Microsoft.VisualStudio.QualityTools.Tips.UnitTest.Adapter, Version=10.0.0.0, Culture=neutral, PublicKeyToken=b03f5f7f11d50a3a" className="Microsoft.ApplicationServer.Http.ParsedMediaTypeHeadeValueTests, Microsoft.ApplicationServer.Http.CIT.Unit, Version=0.0.0.0, Culture=neutral, PublicKeyToken=null" name="IsSubTypeMediaRange_Returns_True_For_Media_Ranges" />
    </UnitTest>
    <UnitTest name="ReadAsAsyncCallsFormatter" storage="f:\advisorsrepo\wcfhttp\http\test\microsoft.applicationserver.http\unit\bin\release\microsoft.applicationserver.http.cit.unit.dll" id="4f105392-1793-5230-7804-4b1cd8043f3c">
      <Description>ReadAsAsync() calls the registered MediaTypeFormatter for SupportedMediaTypes and ReadFromStream.</Description>
      <Execution timeOut="30000" id="5f5bd10f-c979-4a7e-aa4f-953812004b39" />
      <Owners>
        <Owner name="dravva" />
      </Owners>
      <TestCategory>
        <TestCategoryItem TestCategory="CIT" />
      </TestCategory>
      <TestMethod codeBase="F:/advisorsrepo/wcfhttp/Http/Test/Microsoft.ApplicationServer.Http/Unit/bin/Release/Microsoft.ApplicationServer.Http.CIT.Unit.DLL" adapterTypeName="Microsoft.VisualStudio.TestTools.TestTypes.Unit.UnitTestAdapter, Microsoft.VisualStudio.QualityTools.Tips.UnitTest.Adapter, Version=10.0.0.0, Culture=neutral, PublicKeyToken=b03f5f7f11d50a3a" className="Microsoft.ApplicationServer.Http.ObjectContentTests, Microsoft.ApplicationServer.Http.CIT.Unit, Version=0.0.0.0, Culture=neutral, PublicKeyToken=null" name="ReadAsAsyncCallsFormatter" />
    </UnitTest>
    <UnitTest name="ConvertHttpRequestMessageOfTtoT" storage="f:\advisorsrepo\wcfhttp\http\test\microsoft.applicationserver.http\unit\bin\release\microsoft.applicationserver.http.cit.unit.dll" id="911347c5-3e4e-8b23-701a-4606775c77eb">
      <Description>Convert(object) HttpRequestMessage&lt;T&gt; to T.</Description>
      <Execution timeOut="30000" id="9ecc27fe-dcc9-4541-85af-e13fb8b661db" />
      <Owners>
        <Owner name="dravva" />
      </Owners>
      <TestCategory>
        <TestCategoryItem TestCategory="CIT" />
      </TestCategory>
      <TestMethod codeBase="F:/advisorsrepo/wcfhttp/Http/Test/Microsoft.ApplicationServer.Http/Unit/bin/Release/Microsoft.ApplicationServer.Http.CIT.Unit.DLL" adapterTypeName="Microsoft.VisualStudio.TestTools.TestTypes.Unit.UnitTestAdapter, Microsoft.VisualStudio.QualityTools.Tips.UnitTest.Adapter, Version=10.0.0.0, Culture=neutral, PublicKeyToken=b03f5f7f11d50a3a" className="Microsoft.ApplicationServer.Http.Description.HttpParameterValueConverterTests, Microsoft.ApplicationServer.Http.CIT.Unit, Version=0.0.0.0, Culture=neutral, PublicKeyToken=null" name="ConvertHttpRequestMessageOfTtoT" />
    </UnitTest>
    <UnitTest name="Ignore_TrailingSlash_Tests" storage="f:\advisorsrepo\wcfhttp\http\test\microsoft.applicationserver.http\unit\bin\release\microsoft.applicationserver.http.cit.unit.dll" id="abe0d671-96ac-b27e-0ccc-1f3444d5bd6c">
      <Description>SelectOperation tests with IgnoreTrailingSlash.</Description>
      <Execution timeOut="1800000" id="e14f44ca-c3f7-4109-9d05-0533085bd1fb" />
      <TestMethod codeBase="F:/advisorsrepo/wcfhttp/Http/Test/Microsoft.ApplicationServer.Http/Unit/bin/Release/Microsoft.ApplicationServer.Http.CIT.Unit.DLL" adapterTypeName="Microsoft.VisualStudio.TestTools.TestTypes.Unit.UnitTestAdapter, Microsoft.VisualStudio.QualityTools.Tips.UnitTest.Adapter, Version=10.0.0.0, Culture=neutral, PublicKeyToken=b03f5f7f11d50a3a" className="Microsoft.ApplicationServer.Http.Dispatcher.TrailingSlashModeTests, Microsoft.ApplicationServer.Http.CIT.Unit, Version=0.0.0.0, Culture=neutral, PublicKeyToken=null" name="Ignore_TrailingSlash_Tests" />
    </UnitTest>
    <UnitTest name="Headers_Is_Never_Null" storage="f:\advisorsrepo\wcfhttp\http\test\microsoft.applicationserver.http\unit\bin\release\microsoft.applicationserver.http.cit.unit.dll" id="544ad0dd-d547-58b2-4b7c-43062fd7325e">
      <Description>HttpMessage.Headers is never null.</Description>
      <Execution timeOut="30000" id="20782f28-d034-48d3-86e1-bfe83f40c79a" />
      <Owners>
        <Owner name="derik" />
      </Owners>
      <TestCategory>
        <TestCategoryItem TestCategory="CIT" />
      </TestCategory>
      <TestMethod codeBase="F:/advisorsrepo/wcfhttp/Http/Test/Microsoft.ApplicationServer.Http/Unit/bin/Release/Microsoft.ApplicationServer.Http.CIT.Unit.DLL" adapterTypeName="Microsoft.VisualStudio.TestTools.TestTypes.Unit.UnitTestAdapter, Microsoft.VisualStudio.QualityTools.Tips.UnitTest.Adapter, Version=10.0.0.0, Culture=neutral, PublicKeyToken=b03f5f7f11d50a3a" className="Microsoft.ApplicationServer.Http.Channels.HttpMessageTests, Microsoft.ApplicationServer.Http.CIT.Unit, Version=0.0.0.0, Culture=neutral, PublicKeyToken=null" name="Headers_Is_Never_Null" />
    </UnitTest>
    <UnitTest name="Validate_Throws_With_Null_Binding_On_Endpoint" storage="f:\advisorsrepo\wcfhttp\http\test\microsoft.applicationserver.http\unit\bin\release\microsoft.applicationserver.http.cit.unit.dll" id="ed6ae92e-1a01-e226-c7df-8cbae491c635">
      <Description>HttpBehavior.Validate throws if the endpoint binding is null.</Description>
      <Execution timeOut="30000" id="f14f45fa-e995-4191-8221-e7cb0cccabe3" />
      <Owners>
        <Owner name="vinelap" />
      </Owners>
      <TestCategory>
        <TestCategoryItem TestCategory="CIT" />
      </TestCategory>
      <TestMethod codeBase="F:/advisorsrepo/wcfhttp/Http/Test/Microsoft.ApplicationServer.Http/Unit/bin/Release/Microsoft.ApplicationServer.Http.CIT.Unit.DLL" adapterTypeName="Microsoft.VisualStudio.TestTools.TestTypes.Unit.UnitTestAdapter, Microsoft.VisualStudio.QualityTools.Tips.UnitTest.Adapter, Version=10.0.0.0, Culture=neutral, PublicKeyToken=b03f5f7f11d50a3a" className="Microsoft.ApplicationServer.Http.Description.HttpBehaviorTests, Microsoft.ApplicationServer.Http.CIT.Unit, Version=0.0.0.0, Culture=neutral, PublicKeyToken=null" name="Validate_Throws_With_Null_Binding_On_Endpoint" />
    </UnitTest>
    <UnitTest name="WriteMessage_Throws_If_MessageOffset_Is_Greater_Than_MaxMessageSize" storage="f:\advisorsrepo\wcfhttp\http\test\microsoft.applicationserver.http\unit\bin\release\microsoft.applicationserver.http.cit.unit.dll" id="94e500b9-6bb9-65cf-b7d5-ca2948290c98">
      <Description>HttpMessageEncoder.WriteMessage throws if the messageOffset parameter is greater than the maxMessageSize parameter.</Description>
      <Execution timeOut="30000" id="52df908d-dcf0-44ff-874e-383f48fc9310" />
      <Owners>
        <Owner name="derik" />
      </Owners>
      <TestCategory>
        <TestCategoryItem TestCategory="CIT" />
      </TestCategory>
      <TestMethod codeBase="F:/advisorsrepo/wcfhttp/Http/Test/Microsoft.ApplicationServer.Http/Unit/bin/Release/Microsoft.ApplicationServer.Http.CIT.Unit.DLL" adapterTypeName="Microsoft.VisualStudio.TestTools.TestTypes.Unit.UnitTestAdapter, Microsoft.VisualStudio.QualityTools.Tips.UnitTest.Adapter, Version=10.0.0.0, Culture=neutral, PublicKeyToken=b03f5f7f11d50a3a" className="Microsoft.ApplicationServer.Http.Channels.HttpMessageEncoderTests, Microsoft.ApplicationServer.Http.CIT.Unit, Version=0.0.0.0, Culture=neutral, PublicKeyToken=null" name="WriteMessage_Throws_If_MessageOffset_Is_Greater_Than_MaxMessageSize" />
    </UnitTest>
    <UnitTest name="SelectOperation_Null_Return_Throws" storage="f:\advisorsrepo\wcfhttp\http\test\microsoft.applicationserver.http\unit\bin\release\microsoft.applicationserver.http.cit.unit.dll" id="5182af24-8332-6b76-e43d-5534255c9b33">
      <Description>HttpOperationSelector.SelectOperation throws if null operation is returned</Description>
      <Execution timeOut="30000" id="18e1a6ec-7a0a-46a9-8d69-e6b36b92e107" />
      <Owners>
        <Owner name="maying" />
      </Owners>
      <TestCategory>
        <TestCategoryItem TestCategory="CIT" />
      </TestCategory>
      <TestMethod codeBase="F:/advisorsrepo/wcfhttp/Http/Test/Microsoft.ApplicationServer.Http/Unit/bin/Release/Microsoft.ApplicationServer.Http.CIT.Unit.DLL" adapterTypeName="Microsoft.VisualStudio.TestTools.TestTypes.Unit.UnitTestAdapter, Microsoft.VisualStudio.QualityTools.Tips.UnitTest.Adapter, Version=10.0.0.0, Culture=neutral, PublicKeyToken=b03f5f7f11d50a3a" className="Microsoft.ApplicationServer.Http.Dispatcher.HttpOperationSelectorTests, Microsoft.ApplicationServer.Http.CIT.Unit, Version=0.0.0.0, Culture=neutral, PublicKeyToken=null" name="SelectOperation_Null_Return_Throws" />
    </UnitTest>
    <UnitTest name="Constructor" storage="f:\advisorsrepo\wcfhttp\http\test\microsoft.applicationserver.http\unit\bin\release\microsoft.applicationserver.http.cit.unit.dll" id="4b8e1d0c-2c01-9947-bfea-4034bd3134ab">
      <Description>OperationHandlerPipelineContext(OperationHandlerPipelineInfo, HttpRequestMessage) initializes OperationHandlerPipelineInfo.</Description>
      <Execution timeOut="30000" id="427c62c7-2d14-4686-9d0f-47da7a691e1b" />
      <Owners>
        <Owner name="dravva" />
      </Owners>
      <TestCategory>
        <TestCategoryItem TestCategory="CIT" />
      </TestCategory>
      <TestMethod codeBase="F:/advisorsrepo/wcfhttp/Http/Test/Microsoft.ApplicationServer.Http/Unit/bin/Release/Microsoft.ApplicationServer.Http.CIT.Unit.DLL" adapterTypeName="Microsoft.VisualStudio.TestTools.TestTypes.Unit.UnitTestAdapter, Microsoft.VisualStudio.QualityTools.Tips.UnitTest.Adapter, Version=10.0.0.0, Culture=neutral, PublicKeyToken=b03f5f7f11d50a3a" className="Microsoft.ApplicationServer.Http.Dispatcher.OperationHandlerPipelineContextTests, Microsoft.ApplicationServer.Http.CIT.Unit, Version=0.0.0.0, Culture=neutral, PublicKeyToken=null" name="Constructor" />
    </UnitTest>
    <UnitTest name="EndReceiveRequest_Returns_Null_If_The_Inner_Channel_Returns_Null" storage="f:\advisorsrepo\wcfhttp\http\test\microsoft.applicationserver.http\unit\bin\release\microsoft.applicationserver.http.cit.unit.dll" id="5f388f89-184c-0411-c710-5a96ef225a5a">
      <Description>HttpMessageEncodingReplyChannel.EndReceiveRequest returns null if the inner channel returns null.</Description>
      <Execution timeOut="30000" id="0b94b27f-15c9-4f9e-8e81-a65d48333069" />
      <Owners>
        <Owner name="derik" />
      </Owners>
      <TestCategory>
        <TestCategoryItem TestCategory="CIT" />
      </TestCategory>
      <TestMethod codeBase="F:/advisorsrepo/wcfhttp/Http/Test/Microsoft.ApplicationServer.Http/Unit/bin/Release/Microsoft.ApplicationServer.Http.CIT.Unit.DLL" adapterTypeName="Microsoft.VisualStudio.TestTools.TestTypes.Unit.UnitTestAdapter, Microsoft.VisualStudio.QualityTools.Tips.UnitTest.Adapter, Version=10.0.0.0, Culture=neutral, PublicKeyToken=b03f5f7f11d50a3a" className="Microsoft.ApplicationServer.Http.Channels.HttpMessageEncodingReplyChannelTests, Microsoft.ApplicationServer.Http.CIT.Unit, Version=0.0.0.0, Culture=neutral, PublicKeyToken=null" name="EndReceiveRequest_Returns_Null_If_The_Inner_Channel_Returns_Null" />
    </UnitTest>
    <UnitTest name="Constructor5SetsHttpContentWithStreamAsObject" storage="f:\advisorsrepo\wcfhttp\http\test\microsoft.applicationserver.http\unit\bin\release\microsoft.applicationserver.http.cit.unit.dll" id="dcee107d-314d-f456-34ea-5164306881b5">
      <Description>ObjectContent(Type, object, string, IEnumerable&lt;MediaTypeFormatter&gt;) sets HttpContent property to a StreamContent when Object parameter is a Stream.</Description>
      <Execution timeOut="30000" id="2faafa1e-b8d7-45cd-9e5d-e30c59565dbc" />
      <Owners>
        <Owner name="dravva" />
      </Owners>
      <TestCategory>
        <TestCategoryItem TestCategory="CIT" />
      </TestCategory>
      <TestMethod codeBase="F:/advisorsrepo/wcfhttp/Http/Test/Microsoft.ApplicationServer.Http/Unit/bin/Release/Microsoft.ApplicationServer.Http.CIT.Unit.DLL" adapterTypeName="Microsoft.VisualStudio.TestTools.TestTypes.Unit.UnitTestAdapter, Microsoft.VisualStudio.QualityTools.Tips.UnitTest.Adapter, Version=10.0.0.0, Culture=neutral, PublicKeyToken=b03f5f7f11d50a3a" className="Microsoft.ApplicationServer.Http.ObjectContentTests, Microsoft.ApplicationServer.Http.CIT.Unit, Version=0.0.0.0, Culture=neutral, PublicKeyToken=null" name="Constructor5SetsHttpContentWithStreamAsObject" />
    </UnitTest>
    <UnitTest name="MessageEncoderFactory_Encoder_Returns_A_MessageEncoder" storage="f:\advisorsrepo\wcfhttp\http\test\microsoft.applicationserver.http\unit\bin\release\microsoft.applicationserver.http.cit.unit.dll" id="022f0376-45a2-8958-fe3c-8e7ac4a186b2">
      <Description>HttpMessageEncoderFactory.Encoder returns a MessageEncoder.</Description>
      <Execution timeOut="30000" id="17bb18b6-85f4-474f-8697-ae6a6ec50a71" />
      <Owners>
        <Owner name="derik" />
      </Owners>
      <TestCategory>
        <TestCategoryItem TestCategory="CIT" />
      </TestCategory>
      <TestMethod codeBase="F:/advisorsrepo/wcfhttp/Http/Test/Microsoft.ApplicationServer.Http/Unit/bin/Release/Microsoft.ApplicationServer.Http.CIT.Unit.DLL" adapterTypeName="Microsoft.VisualStudio.TestTools.TestTypes.Unit.UnitTestAdapter, Microsoft.VisualStudio.QualityTools.Tips.UnitTest.Adapter, Version=10.0.0.0, Culture=neutral, PublicKeyToken=b03f5f7f11d50a3a" className="Microsoft.ApplicationServer.Http.Channels.HttpMessageEncoderFactoryTests, Microsoft.ApplicationServer.Http.CIT.Unit, Version=0.0.0.0, Culture=neutral, PublicKeyToken=null" name="MessageEncoderFactory_Encoder_Returns_A_MessageEncoder" />
    </UnitTest>
    <UnitTest name="Constructor3ThrowsWithNullFormatters" storage="f:\advisorsrepo\wcfhttp\http\test\microsoft.applicationserver.http\unit\bin\release\microsoft.applicationserver.http.cit.unit.dll" id="efb77e28-745c-442b-bde7-568165562109">
      <Description>HttpResponseMessage&lt;T&gt;(T, IEnumerable&lt;MediaTypeFormatter&gt;) throws with null formatters parameter.</Description>
      <Execution timeOut="30000" id="1fd4ec5b-5d11-4a5f-b698-aa0cbf93da4c" />
      <Owners>
        <Owner name="dravva" />
      </Owners>
      <TestCategory>
        <TestCategoryItem TestCategory="CIT" />
      </TestCategory>
      <TestMethod codeBase="F:/advisorsrepo/wcfhttp/Http/Test/Microsoft.ApplicationServer.Http/Unit/bin/Release/Microsoft.ApplicationServer.Http.CIT.Unit.DLL" adapterTypeName="Microsoft.VisualStudio.TestTools.TestTypes.Unit.UnitTestAdapter, Microsoft.VisualStudio.QualityTools.Tips.UnitTest.Adapter, Version=10.0.0.0, Culture=neutral, PublicKeyToken=b03f5f7f11d50a3a" className="Microsoft.ApplicationServer.Http.HttpResponseMessageOfTTests, Microsoft.ApplicationServer.Http.CIT.Unit, Version=0.0.0.0, Culture=neutral, PublicKeyToken=null" name="Constructor3ThrowsWithNullFormatters" />
    </UnitTest>
    <UnitTest name="ConvertHttpRequestMessageOfTtoObjectContentOfT" storage="f:\advisorsrepo\wcfhttp\http\test\microsoft.applicationserver.http\unit\bin\release\microsoft.applicationserver.http.cit.unit.dll" id="1e447aa1-95a6-78b2-feba-debb594cb827">
      <Description>Convert(object) HttpRequestMessage&lt;T&gt; to ObjectContent&lt;T&gt;.</Description>
      <Execution timeOut="30000" id="b44e43d6-9540-400a-9502-abdd3a05cd5f" />
      <Owners>
        <Owner name="dravva" />
      </Owners>
      <TestCategory>
        <TestCategoryItem TestCategory="CIT" />
      </TestCategory>
      <TestMethod codeBase="F:/advisorsrepo/wcfhttp/Http/Test/Microsoft.ApplicationServer.Http/Unit/bin/Release/Microsoft.ApplicationServer.Http.CIT.Unit.DLL" adapterTypeName="Microsoft.VisualStudio.TestTools.TestTypes.Unit.UnitTestAdapter, Microsoft.VisualStudio.QualityTools.Tips.UnitTest.Adapter, Version=10.0.0.0, Culture=neutral, PublicKeyToken=b03f5f7f11d50a3a" className="Microsoft.ApplicationServer.Http.Description.HttpParameterValueConverterTests, Microsoft.ApplicationServer.Http.CIT.Unit, Version=0.0.0.0, Culture=neutral, PublicKeyToken=null" name="ConvertHttpRequestMessageOfTtoObjectContentOfT" />
    </UnitTest>
    <UnitTest name="OutputParameterAreCreatedAllValueAndReferenceTypes" storage="f:\advisorsrepo\wcfhttp\http\test\microsoft.applicationserver.http\unit\bin\release\microsoft.applicationserver.http.cit.unit.dll" id="d6d21df9-d28c-a283-dc3a-effc8e422f07">
      <Description>OutputParameters are created a content parameter for all legal types for content.</Description>
      <Execution timeOut="30000" id="8d41701d-a326-49f0-a727-17562762847f" />
      <Owners>
        <Owner name="dravva" />
      </Owners>
      <TestCategory>
        <TestCategoryItem TestCategory="CIT" />
      </TestCategory>
      <TestMethod codeBase="F:/advisorsrepo/wcfhttp/Http/Test/Microsoft.ApplicationServer.Http/Unit/bin/Release/Microsoft.ApplicationServer.Http.CIT.Unit.DLL" adapterTypeName="Microsoft.VisualStudio.TestTools.TestTypes.Unit.UnitTestAdapter, Microsoft.VisualStudio.QualityTools.Tips.UnitTest.Adapter, Version=10.0.0.0, Culture=neutral, PublicKeyToken=b03f5f7f11d50a3a" className="Microsoft.ApplicationServer.Http.Dispatcher.ResponseContentHandlerTests, Microsoft.ApplicationServer.Http.CIT.Unit, Version=0.0.0.0, Culture=neutral, PublicKeyToken=null" name="OutputParameterAreCreatedAllValueAndReferenceTypes" />
    </UnitTest>
    <UnitTest name="Constructor" storage="f:\advisorsrepo\wcfhttp\http\test\microsoft.applicationserver.http\unit\bin\release\microsoft.applicationserver.http.cit.unit.dll" id="eafd5015-2358-0936-611a-c7af7eb50757">
      <Description>ResponseContentHandler() constructor initializes parameters and formatters.</Description>
      <Execution timeOut="30000" id="f24e8d95-dbf3-42c0-b30d-117a5d3cfc90" />
      <Owners>
        <Owner name="dravva" />
      </Owners>
      <TestCategory>
        <TestCategoryItem TestCategory="CIT" />
      </TestCategory>
      <TestMethod codeBase="F:/advisorsrepo/wcfhttp/Http/Test/Microsoft.ApplicationServer.Http/Unit/bin/Release/Microsoft.ApplicationServer.Http.CIT.Unit.DLL" adapterTypeName="Microsoft.VisualStudio.TestTools.TestTypes.Unit.UnitTestAdapter, Microsoft.VisualStudio.QualityTools.Tips.UnitTest.Adapter, Version=10.0.0.0, Culture=neutral, PublicKeyToken=b03f5f7f11d50a3a" className="Microsoft.ApplicationServer.Http.Dispatcher.ResponseContentHandlerTests, Microsoft.ApplicationServer.Http.CIT.Unit, Version=0.0.0.0, Culture=neutral, PublicKeyToken=null" name="Constructor" />
    </UnitTest>
    <UnitTest name="SelectOperationReturnsWildCardTemplateOperationName" storage="f:\advisorsrepo\wcfhttp\http\test\microsoft.applicationserver.http\unit\bin\release\microsoft.applicationserver.http.cit.unit.dll" id="a6d52972-2635-aa7a-7e7c-bbc5bb177173">
      <Description>SelectOperation(HttpRequestMessage) returns the operation name if the wildcard UriTemplate successfully matches.</Description>
      <Execution timeOut="30000" id="40155da6-fe97-4613-a2e7-00411905bf41" />
      <Owners>
        <Owner name="dravva" />
      </Owners>
      <TestCategory>
        <TestCategoryItem TestCategory="CIT" />
      </TestCategory>
      <TestMethod codeBase="F:/advisorsrepo/wcfhttp/Http/Test/Microsoft.ApplicationServer.Http/Unit/bin/Release/Microsoft.ApplicationServer.Http.CIT.Unit.DLL" adapterTypeName="Microsoft.VisualStudio.TestTools.TestTypes.Unit.UnitTestAdapter, Microsoft.VisualStudio.QualityTools.Tips.UnitTest.Adapter, Version=10.0.0.0, Culture=neutral, PublicKeyToken=b03f5f7f11d50a3a" className="Microsoft.ApplicationServer.Http.Dispatcher.UriAndMethodOperationSelectorTests, Microsoft.ApplicationServer.Http.CIT.Unit, Version=0.0.0.0, Culture=neutral, PublicKeyToken=null" name="SelectOperationReturnsWildCardTemplateOperationName" />
    </UnitTest>
    <UnitTest name="UnitTestClassIsCorrect" storage="f:\advisorsrepo\wcfhttp\http\test\microsoft.applicationserver.http\unit\bin\release\microsoft.applicationserver.http.cit.unit.dll" id="d15e5817-b437-8761-e13d-fda219a535f9">
      <Execution timeOut="1800000" id="8ab869b5-e132-405c-9649-13a2db253442" />
      <TestMethod codeBase="F:/advisorsrepo/wcfhttp/Http/Test/Microsoft.ApplicationServer.Http/Unit/bin/Release/Microsoft.ApplicationServer.Http.CIT.Unit.DLL" adapterTypeName="Microsoft.VisualStudio.TestTools.TestTypes.Unit.UnitTestAdapter, Microsoft.VisualStudio.QualityTools.Tips.UnitTest.Adapter, Version=10.0.0.0, Culture=neutral, PublicKeyToken=b03f5f7f11d50a3a" className="Microsoft.ApplicationServer.Http.Dispatcher.HttpErrorHandlerTests, Microsoft.ApplicationServer.Http.CIT.Unit, Version=0.0.0.0, Culture=neutral, PublicKeyToken=null" name="UnitTestClassIsCorrect" />
    </UnitTest>
    <UnitTest name="ConvertObjectContentOfTtoT" storage="f:\advisorsrepo\wcfhttp\http\test\microsoft.applicationserver.http\unit\bin\release\microsoft.applicationserver.http.cit.unit.dll" id="a96126e3-55c7-10f0-41e5-349688690ea5">
      <Description>Convert(object) ObjectContent&lt;T&gt; to T.</Description>
      <Execution timeOut="30000" id="1da21f59-e140-441b-ab69-fb858bbc1637" />
      <Owners>
        <Owner name="dravva" />
      </Owners>
      <TestCategory>
        <TestCategoryItem TestCategory="CIT" />
      </TestCategory>
      <TestMethod codeBase="F:/advisorsrepo/wcfhttp/Http/Test/Microsoft.ApplicationServer.Http/Unit/bin/Release/Microsoft.ApplicationServer.Http.CIT.Unit.DLL" adapterTypeName="Microsoft.VisualStudio.TestTools.TestTypes.Unit.UnitTestAdapter, Microsoft.VisualStudio.QualityTools.Tips.UnitTest.Adapter, Version=10.0.0.0, Culture=neutral, PublicKeyToken=b03f5f7f11d50a3a" className="Microsoft.ApplicationServer.Http.Description.HttpParameterValueConverterTests, Microsoft.ApplicationServer.Http.CIT.Unit, Version=0.0.0.0, Culture=neutral, PublicKeyToken=null" name="ConvertObjectContentOfTtoT" />
    </UnitTest>
    <UnitTest name="ConvertTtoT" storage="f:\advisorsrepo\wcfhttp\http\test\microsoft.applicationserver.http\unit\bin\release\microsoft.applicationserver.http.cit.unit.dll" id="96536bdb-ce56-527b-c707-08989940a1ad">
      <Description>Convert(object) T to T.</Description>
      <Execution timeOut="30000" id="0e182bf1-56dd-451b-b4db-d65db75a7b82" />
      <Owners>
        <Owner name="dravva" />
      </Owners>
      <TestCategory>
        <TestCategoryItem TestCategory="CIT" />
      </TestCategory>
      <TestMethod codeBase="F:/advisorsrepo/wcfhttp/Http/Test/Microsoft.ApplicationServer.Http/Unit/bin/Release/Microsoft.ApplicationServer.Http.CIT.Unit.DLL" adapterTypeName="Microsoft.VisualStudio.TestTools.TestTypes.Unit.UnitTestAdapter, Microsoft.VisualStudio.QualityTools.Tips.UnitTest.Adapter, Version=10.0.0.0, Culture=neutral, PublicKeyToken=b03f5f7f11d50a3a" className="Microsoft.ApplicationServer.Http.Description.HttpParameterValueConverterTests, Microsoft.ApplicationServer.Http.CIT.Unit, Version=0.0.0.0, Culture=neutral, PublicKeyToken=null" name="ConvertTtoT" />
    </UnitTest>
    <UnitTest name="InputParametersPreservesOrderFromOnGetInputParameters" storage="f:\advisorsrepo\wcfhttp\http\test\microsoft.applicationserver.http\unit\bin\release\microsoft.applicationserver.http.cit.unit.dll" id="9c96ea5c-70e7-e8fb-4047-980a39e5ea2f">
      <Description>InputParameters preserves the order given by OnGetInputParameters.</Description>
      <Execution timeOut="30000" id="935025a1-8e5a-483b-a9ae-87f695fd5282" />
      <Owners>
        <Owner name="vinelap" />
      </Owners>
      <TestCategory>
        <TestCategoryItem TestCategory="CIT" />
      </TestCategory>
      <TestMethod codeBase="F:/advisorsrepo/wcfhttp/Http/Test/Microsoft.ApplicationServer.Http/Unit/bin/Release/Microsoft.ApplicationServer.Http.CIT.Unit.DLL" adapterTypeName="Microsoft.VisualStudio.TestTools.TestTypes.Unit.UnitTestAdapter, Microsoft.VisualStudio.QualityTools.Tips.UnitTest.Adapter, Version=10.0.0.0, Culture=neutral, PublicKeyToken=b03f5f7f11d50a3a" className="Microsoft.ApplicationServer.Http.Dispatcher.HttpOperationHandlerTests, Microsoft.ApplicationServer.Http.CIT.Unit, Version=0.0.0.0, Culture=neutral, PublicKeyToken=null" name="InputParametersPreservesOrderFromOnGetInputParameters" />
    </UnitTest>
    <UnitTest name="ReadMessage_Returns_HttpMessage_With_No_Headers" storage="f:\advisorsrepo\wcfhttp\http\test\microsoft.applicationserver.http\unit\bin\release\microsoft.applicationserver.http.cit.unit.dll" id="b817a77c-800c-a371-6e7c-b0c60f46ed3a">
      <Description>HttpMessageEncoder.ReadMessage returns an HttpMessage with no headers.</Description>
      <Execution timeOut="30000" id="ada7ed61-8d0b-47b8-9473-1b9d61b9c4b4" />
      <Owners>
        <Owner name="derik" />
      </Owners>
      <TestCategory>
        <TestCategoryItem TestCategory="CIT" />
      </TestCategory>
      <TestMethod codeBase="F:/advisorsrepo/wcfhttp/Http/Test/Microsoft.ApplicationServer.Http/Unit/bin/Release/Microsoft.ApplicationServer.Http.CIT.Unit.DLL" adapterTypeName="Microsoft.VisualStudio.TestTools.TestTypes.Unit.UnitTestAdapter, Microsoft.VisualStudio.QualityTools.Tips.UnitTest.Adapter, Version=10.0.0.0, Culture=neutral, PublicKeyToken=b03f5f7f11d50a3a" className="Microsoft.ApplicationServer.Http.Channels.HttpMessageEncoderTests, Microsoft.ApplicationServer.Http.CIT.Unit, Version=0.0.0.0, Culture=neutral, PublicKeyToken=null" name="ReadMessage_Returns_HttpMessage_With_No_Headers" />
    </UnitTest>
    <UnitTest name="Constructor7ThrowsWithHttpContentAsT" storage="f:\advisorsrepo\wcfhttp\http\test\microsoft.applicationserver.http\unit\bin\release\microsoft.applicationserver.http.cit.unit.dll" id="9c32b7a7-0735-1a4b-4e3a-1dc035e22d85">
      <Description>ObjectContent&lt;T&gt;(HttpContent, IEnumerable&lt;MediaTypeFormatter&gt;) throws with HttpContent as T.</Description>
      <Execution timeOut="30000" id="3fffe6fe-3abd-42c5-b58d-f7b0c46aa87b" />
      <Owners>
        <Owner name="dravva" />
      </Owners>
      <TestCategory>
        <TestCategoryItem TestCategory="CIT" />
      </TestCategory>
      <TestMethod codeBase="F:/advisorsrepo/wcfhttp/Http/Test/Microsoft.ApplicationServer.Http/Unit/bin/Release/Microsoft.ApplicationServer.Http.CIT.Unit.DLL" adapterTypeName="Microsoft.VisualStudio.TestTools.TestTypes.Unit.UnitTestAdapter, Microsoft.VisualStudio.QualityTools.Tips.UnitTest.Adapter, Version=10.0.0.0, Culture=neutral, PublicKeyToken=b03f5f7f11d50a3a" className="Microsoft.ApplicationServer.Http.ObjectContentOfTTests, Microsoft.ApplicationServer.Http.CIT.Unit, Version=0.0.0.0, Culture=neutral, PublicKeyToken=null" name="Constructor7ThrowsWithHttpContentAsT" />
    </UnitTest>
    <UnitTest name="Constructor6SetsHttpContentWithHttpContentAsObject" storage="f:\advisorsrepo\wcfhttp\http\test\microsoft.applicationserver.http\unit\bin\release\microsoft.applicationserver.http.cit.unit.dll" id="9f44e24b-fc5f-d3d4-b833-9fb8a16890ff">
      <Description>ObjectContent(Type, object, MediaTypeHeaderValue, IEnumerable&lt;MediaTypeFormatter&gt;) sets HttpContent property with object parameter==HttpContent.</Description>
      <Execution timeOut="30000" id="c36730b5-f275-4e5e-a856-99805d07807f" />
      <Owners>
        <Owner name="dravva" />
      </Owners>
      <TestCategory>
        <TestCategoryItem TestCategory="CIT" />
      </TestCategory>
      <TestMethod codeBase="F:/advisorsrepo/wcfhttp/Http/Test/Microsoft.ApplicationServer.Http/Unit/bin/Release/Microsoft.ApplicationServer.Http.CIT.Unit.DLL" adapterTypeName="Microsoft.VisualStudio.TestTools.TestTypes.Unit.UnitTestAdapter, Microsoft.VisualStudio.QualityTools.Tips.UnitTest.Adapter, Version=10.0.0.0, Culture=neutral, PublicKeyToken=b03f5f7f11d50a3a" className="Microsoft.ApplicationServer.Http.ObjectContentTests, Microsoft.ApplicationServer.Http.CIT.Unit, Version=0.0.0.0, Culture=neutral, PublicKeyToken=null" name="Constructor6SetsHttpContentWithHttpContentAsObject" />
    </UnitTest>
    <UnitTest name="BeginReply_Sets_SuppressEntityBody_When_HttpContent_Of_HttpMessage_Is_Null" storage="f:\advisorsrepo\wcfhttp\http\test\microsoft.applicationserver.http\unit\bin\release\microsoft.applicationserver.http.cit.unit.dll" id="d2106f47-6e96-e085-6af4-def79f86ff45">
      <Description>HttpMessageEncodingRequestContext.BeginReply sets SuppressEntityBody when the HttpMessage has a null HttpContent.</Description>
      <Execution timeOut="30000" id="2e180664-22e9-4cca-a645-8fe084005436" />
      <Owners>
        <Owner name="derik" />
      </Owners>
      <TestCategory>
        <TestCategoryItem TestCategory="CIT" />
      </TestCategory>
      <TestMethod codeBase="F:/advisorsrepo/wcfhttp/Http/Test/Microsoft.ApplicationServer.Http/Unit/bin/Release/Microsoft.ApplicationServer.Http.CIT.Unit.DLL" adapterTypeName="Microsoft.VisualStudio.TestTools.TestTypes.Unit.UnitTestAdapter, Microsoft.VisualStudio.QualityTools.Tips.UnitTest.Adapter, Version=10.0.0.0, Culture=neutral, PublicKeyToken=b03f5f7f11d50a3a" className="Microsoft.ApplicationServer.Http.Channels.HttpMessageEncodingRequestContextTests, Microsoft.ApplicationServer.Http.CIT.Unit, Version=0.0.0.0, Culture=neutral, PublicKeyToken=null" name="BeginReply_Sets_SuppressEntityBody_When_HttpContent_Of_HttpMessage_Is_Null" />
    </UnitTest>
    <UnitTest name="TypeIsCorrect" storage="f:\advisorsrepo\wcfhttp\http\test\microsoft.applicationserver.http\unit\bin\release\microsoft.applicationserver.http.cit.unit.dll" id="33e60378-b0f9-a1e8-2a41-4ca2a3cfe8a2">
      <Description>OperationHandlerPipeline is internal and concrete.</Description>
      <Execution timeOut="30000" id="097153f7-9fd0-4563-852d-ba6075776f43" />
      <Owners>
        <Owner name="dravva" />
      </Owners>
      <TestCategory>
        <TestCategoryItem TestCategory="CIT" />
      </TestCategory>
      <TestMethod codeBase="F:/advisorsrepo/wcfhttp/Http/Test/Microsoft.ApplicationServer.Http/Unit/bin/Release/Microsoft.ApplicationServer.Http.CIT.Unit.DLL" adapterTypeName="Microsoft.VisualStudio.TestTools.TestTypes.Unit.UnitTestAdapter, Microsoft.VisualStudio.QualityTools.Tips.UnitTest.Adapter, Version=10.0.0.0, Culture=neutral, PublicKeyToken=b03f5f7f11d50a3a" className="Microsoft.ApplicationServer.Http.Dispatcher.OperationHandlerPipelineTests, Microsoft.ApplicationServer.Http.CIT.Unit, Version=0.0.0.0, Culture=neutral, PublicKeyToken=null" name="TypeIsCorrect" />
    </UnitTest>
    <UnitTest name="HttpMessageHandlerFactory_Constructor_Throws_With_Null_Handler" storage="f:\advisorsrepo\wcfhttp\http\test\microsoft.applicationserver.http\unit\bin\release\microsoft.applicationserver.http.cit.unit.dll" id="d34b3dc3-fbac-62c2-65f8-328a644d6018">
      <Description>HttpMessageHandlerFactory constructor throws with a null handler.</Description>
      <Execution timeOut="30000" id="2787f8fb-1563-43d3-9278-d92e4424d8f1" />
      <Owners>
        <Owner name="derik" />
      </Owners>
      <TestCategory>
        <TestCategoryItem TestCategory="ADP_Basics" />
        <TestCategoryItem TestCategory="CIT" />
      </TestCategory>
      <TestMethod codeBase="F:/advisorsrepo/wcfhttp/Http/Test/Microsoft.ApplicationServer.Http/Unit/bin/Release/Microsoft.ApplicationServer.Http.CIT.Unit.DLL" adapterTypeName="Microsoft.VisualStudio.TestTools.TestTypes.Unit.UnitTestAdapter, Microsoft.VisualStudio.QualityTools.Tips.UnitTest.Adapter, Version=10.0.0.0, Culture=neutral, PublicKeyToken=b03f5f7f11d50a3a" className="Microsoft.ApplicationServer.Http.Channels.HttpMessageHandlerFactoryTests, Microsoft.ApplicationServer.Http.CIT.Unit, Version=0.0.0.0, Culture=neutral, PublicKeyToken=null" name="HttpMessageHandlerFactory_Constructor_Throws_With_Null_Handler" />
    </UnitTest>
    <UnitTest name="ServiceHost_Ctors_With_Nulls_Throw" storage="f:\advisorsrepo\wcfhttp\http\test\microsoft.applicationserver.http\unit\bin\release\microsoft.applicationserver.http.cit.unit.dll" id="b716af4b-b9db-6ff4-e6de-aaa11c2d77bd">
      <Description>HttpServiceHost ctors with null parameters throw</Description>
      <Execution timeOut="30000" id="4f31244b-489a-4fd5-baa4-29f9d4192d22" />
      <Owners>
        <Owner name="vinelap" />
      </Owners>
      <TestCategory>
        <TestCategoryItem TestCategory="CIT" />
      </TestCategory>
      <TestMethod codeBase="F:/advisorsrepo/wcfhttp/Http/Test/Microsoft.ApplicationServer.Http/Unit/bin/Release/Microsoft.ApplicationServer.Http.CIT.Unit.DLL" adapterTypeName="Microsoft.VisualStudio.TestTools.TestTypes.Unit.UnitTestAdapter, Microsoft.VisualStudio.QualityTools.Tips.UnitTest.Adapter, Version=10.0.0.0, Culture=neutral, PublicKeyToken=b03f5f7f11d50a3a" className="Microsoft.ApplicationServer.Http.HttpServiceHostTests, Microsoft.ApplicationServer.Http.CIT.Unit, Version=0.0.0.0, Culture=neutral, PublicKeyToken=null" name="ServiceHost_Ctors_With_Nulls_Throw" />
    </UnitTest>
    <UnitTest name="HttpBehavior_ApplyClientBehavior_Throws" storage="f:\advisorsrepo\wcfhttp\http\test\microsoft.applicationserver.http\unit\bin\release\microsoft.applicationserver.http.cit.unit.dll" id="07b2641f-cebc-8082-cffe-83622099d9bc">
      <Description>HttpBehavior.ApplyClientBehavior throws</Description>
      <Execution timeOut="30000" id="a2f89845-481a-4b1b-9636-0e532c3221de" />
      <Owners>
        <Owner name="vinelap" />
      </Owners>
      <TestCategory>
        <TestCategoryItem TestCategory="CIT" />
      </TestCategory>
      <TestMethod codeBase="F:/advisorsrepo/wcfhttp/Http/Test/Microsoft.ApplicationServer.Http/Unit/bin/Release/Microsoft.ApplicationServer.Http.CIT.Unit.DLL" adapterTypeName="Microsoft.VisualStudio.TestTools.TestTypes.Unit.UnitTestAdapter, Microsoft.VisualStudio.QualityTools.Tips.UnitTest.Adapter, Version=10.0.0.0, Culture=neutral, PublicKeyToken=b03f5f7f11d50a3a" className="Microsoft.ApplicationServer.Http.Description.HttpBehaviorTests, Microsoft.ApplicationServer.Http.CIT.Unit, Version=0.0.0.0, Culture=neutral, PublicKeyToken=null" name="HttpBehavior_ApplyClientBehavior_Throws" />
    </UnitTest>
    <UnitTest name="CanConvertFromTypeReturnsTrueForTtoT" storage="f:\advisorsrepo\wcfhttp\http\test\microsoft.applicationserver.http\unit\bin\release\microsoft.applicationserver.http.cit.unit.dll" id="8bf6a4b9-8df4-a88b-3b86-0aaf18c64720">
      <Description>CanConvertFromType(Type) true for all value types' own types.</Description>
      <Execution timeOut="30000" id="6e4d36e1-acde-4814-a3ac-7ba9ac522cbb" />
      <Owners>
        <Owner name="dravva" />
      </Owners>
      <TestCategory>
        <TestCategoryItem TestCategory="CIT" />
      </TestCategory>
      <TestMethod codeBase="F:/advisorsrepo/wcfhttp/Http/Test/Microsoft.ApplicationServer.Http/Unit/bin/Release/Microsoft.ApplicationServer.Http.CIT.Unit.DLL" adapterTypeName="Microsoft.VisualStudio.TestTools.TestTypes.Unit.UnitTestAdapter, Microsoft.VisualStudio.QualityTools.Tips.UnitTest.Adapter, Version=10.0.0.0, Culture=neutral, PublicKeyToken=b03f5f7f11d50a3a" className="Microsoft.ApplicationServer.Http.Description.HttpParameterValueConverterTests, Microsoft.ApplicationServer.Http.CIT.Unit, Version=0.0.0.0, Culture=neutral, PublicKeyToken=null" name="CanConvertFromTypeReturnsTrueForTtoT" />
    </UnitTest>
    <UnitTest name="ToHttpResponseMessage_Throws_If_Message_Is_Closed" storage="f:\advisorsrepo\wcfhttp\http\test\microsoft.applicationserver.http\unit\bin\release\microsoft.applicationserver.http.cit.unit.dll" id="50db7c70-e1bf-c6af-b01b-5af97639b541">
      <Description>Message.ToHttpResponseMessage throws ObjectDisposedException if the message has been closed.</Description>
      <Execution timeOut="30000" id="0cdd9ab1-06c8-43ad-8598-69fc1372077b" />
      <Owners>
        <Owner name="derik" />
      </Owners>
      <TestCategory>
        <TestCategoryItem TestCategory="CIT" />
      </TestCategory>
      <TestMethod codeBase="F:/advisorsrepo/wcfhttp/Http/Test/Microsoft.ApplicationServer.Http/Unit/bin/Release/Microsoft.ApplicationServer.Http.CIT.Unit.DLL" adapterTypeName="Microsoft.VisualStudio.TestTools.TestTypes.Unit.UnitTestAdapter, Microsoft.VisualStudio.QualityTools.Tips.UnitTest.Adapter, Version=10.0.0.0, Culture=neutral, PublicKeyToken=b03f5f7f11d50a3a" className="Microsoft.ApplicationServer.Http.Channels.HttpMessageExtensionMethodsTests, Microsoft.ApplicationServer.Http.CIT.Unit, Version=0.0.0.0, Culture=neutral, PublicKeyToken=null" name="ToHttpResponseMessage_Throws_If_Message_Is_Closed" />
    </UnitTest>
    <UnitTest name="HttpParameterCollection_Unsynchronized_Insert" storage="f:\advisorsrepo\wcfhttp\http\test\microsoft.applicationserver.http\unit\bin\release\microsoft.applicationserver.http.cit.unit.dll" id="85ed0afd-4ce2-9127-cb73-77fd5a824ae0">
      <Description>HttpParameterCollection created from default ctor implements Insert correctly</Description>
      <Execution timeOut="30000" id="8457c030-0dce-47e9-b0d8-c485b16f9f4a" />
      <Owners>
        <Owner name="derik" />
      </Owners>
      <TestCategory>
        <TestCategoryItem TestCategory="CIT" />
      </TestCategory>
      <TestMethod codeBase="F:/advisorsrepo/wcfhttp/Http/Test/Microsoft.ApplicationServer.Http/Unit/bin/Release/Microsoft.ApplicationServer.Http.CIT.Unit.DLL" adapterTypeName="Microsoft.VisualStudio.TestTools.TestTypes.Unit.UnitTestAdapter, Microsoft.VisualStudio.QualityTools.Tips.UnitTest.Adapter, Version=10.0.0.0, Culture=neutral, PublicKeyToken=b03f5f7f11d50a3a" className="Microsoft.ApplicationServer.Http.Description.HttpParameterCollectionTests, Microsoft.ApplicationServer.Http.CIT.Unit, Version=0.0.0.0, Culture=neutral, PublicKeyToken=null" name="HttpParameterCollection_Unsynchronized_Insert" />
    </UnitTest>
    <UnitTest name="ConstructorDoesNotThrowIfTheOperationHandlerPipelineCanBindSuccessfully" storage="f:\advisorsrepo\wcfhttp\http\test\microsoft.applicationserver.http\unit\bin\release\microsoft.applicationserver.http.cit.unit.dll" id="dc16883e-a24f-7b0e-fb1c-f685f23f6bc1">
      <Description>OperationHandlerPipelineInfo(IEnumerable&lt;HttpOperationHandler&gt;, IEnumerable&lt;HttpOperationHandler&gt;, HttpOperationDescription) does not throw if the OperationHandlerPipeline can bind successfully.</Description>
      <Execution timeOut="30000" id="3b511ea6-8342-4672-8214-d8e1ff1cc0c5" />
      <Owners>
        <Owner name="dravva" />
      </Owners>
      <TestCategory>
        <TestCategoryItem TestCategory="CIT" />
      </TestCategory>
      <TestMethod codeBase="F:/advisorsrepo/wcfhttp/Http/Test/Microsoft.ApplicationServer.Http/Unit/bin/Release/Microsoft.ApplicationServer.Http.CIT.Unit.DLL" adapterTypeName="Microsoft.VisualStudio.TestTools.TestTypes.Unit.UnitTestAdapter, Microsoft.VisualStudio.QualityTools.Tips.UnitTest.Adapter, Version=10.0.0.0, Culture=neutral, PublicKeyToken=b03f5f7f11d50a3a" className="Microsoft.ApplicationServer.Http.Dispatcher.OperationHandlerPipelineInfoTests, Microsoft.ApplicationServer.Http.CIT.Unit, Version=0.0.0.0, Culture=neutral, PublicKeyToken=null" name="ConstructorDoesNotThrowIfTheOperationHandlerPipelineCanBindSuccessfully" />
    </UnitTest>
    <UnitTest name="Constructor1ThrowsWithEmptyMediaType" storage="f:\advisorsrepo\wcfhttp\http\test\microsoft.applicationserver.http\unit\bin\release\microsoft.applicationserver.http.cit.unit.dll" id="9ad24d5a-b2b9-000a-9f3c-e120bd569adc">
      <Description>ObjectContent&lt;T&gt;(T, string) throws for an empty media type.</Description>
      <Execution timeOut="30000" id="ec47f469-72bd-40e1-a736-ddf18a814c2f" />
      <Owners>
        <Owner name="dravva" />
      </Owners>
      <TestCategory>
        <TestCategoryItem TestCategory="CIT" />
      </TestCategory>
      <TestMethod codeBase="F:/advisorsrepo/wcfhttp/Http/Test/Microsoft.ApplicationServer.Http/Unit/bin/Release/Microsoft.ApplicationServer.Http.CIT.Unit.DLL" adapterTypeName="Microsoft.VisualStudio.TestTools.TestTypes.Unit.UnitTestAdapter, Microsoft.VisualStudio.QualityTools.Tips.UnitTest.Adapter, Version=10.0.0.0, Culture=neutral, PublicKeyToken=b03f5f7f11d50a3a" className="Microsoft.ApplicationServer.Http.ObjectContentOfTTests, Microsoft.ApplicationServer.Http.CIT.Unit, Version=0.0.0.0, Culture=neutral, PublicKeyToken=null" name="Constructor1ThrowsWithEmptyMediaType" />
    </UnitTest>
    <UnitTest name="Constructor4ThrowsWithNullFormatters" storage="f:\advisorsrepo\wcfhttp\http\test\microsoft.applicationserver.http\unit\bin\release\microsoft.applicationserver.http.cit.unit.dll" id="5b9a4d0e-f5c6-a5ec-3eb5-b690e462e09f">
      <Description>ObjectContent&lt;T&gt;(T, IEnumerable&lt;MediaTypeFormatter&gt;) throws if formatters parameter is null.</Description>
      <Execution timeOut="30000" id="1b495da2-d290-4c10-b3ae-1bc863dd8cd1" />
      <Owners>
        <Owner name="dravva" />
      </Owners>
      <TestCategory>
        <TestCategoryItem TestCategory="CIT" />
      </TestCategory>
      <TestMethod codeBase="F:/advisorsrepo/wcfhttp/Http/Test/Microsoft.ApplicationServer.Http/Unit/bin/Release/Microsoft.ApplicationServer.Http.CIT.Unit.DLL" adapterTypeName="Microsoft.VisualStudio.TestTools.TestTypes.Unit.UnitTestAdapter, Microsoft.VisualStudio.QualityTools.Tips.UnitTest.Adapter, Version=10.0.0.0, Culture=neutral, PublicKeyToken=b03f5f7f11d50a3a" className="Microsoft.ApplicationServer.Http.ObjectContentOfTTests, Microsoft.ApplicationServer.Http.CIT.Unit, Version=0.0.0.0, Culture=neutral, PublicKeyToken=null" name="Constructor4ThrowsWithNullFormatters" />
    </UnitTest>
    <UnitTest name="Constructor1ThrowsWithNullFormatters" storage="f:\advisorsrepo\wcfhttp\http\test\microsoft.applicationserver.http\unit\bin\release\microsoft.applicationserver.http.cit.unit.dll" id="ca08a655-5170-f5ba-398a-1b995eb8ef76">
      <Description>MediaTypeFormatterCollection(IEnumerable&lt;MediaTypeFormatter&gt;) throws with null formatters collection.</Description>
      <Execution timeOut="30000" id="e08182b0-0bc7-4da9-9e6a-6746afb4eac2" />
      <Owners>
        <Owner name="dravva" />
      </Owners>
      <TestCategory>
        <TestCategoryItem TestCategory="CIT" />
      </TestCategory>
      <TestMethod codeBase="F:/advisorsrepo/wcfhttp/Http/Test/Microsoft.ApplicationServer.Http/Unit/bin/Release/Microsoft.ApplicationServer.Http.CIT.Unit.DLL" adapterTypeName="Microsoft.VisualStudio.TestTools.TestTypes.Unit.UnitTestAdapter, Microsoft.VisualStudio.QualityTools.Tips.UnitTest.Adapter, Version=10.0.0.0, Culture=neutral, PublicKeyToken=b03f5f7f11d50a3a" className="Microsoft.ApplicationServer.Http.MediaTypeFormatterCollectionTests, Microsoft.ApplicationServer.Http.CIT.Unit, Version=0.0.0.0, Culture=neutral, PublicKeyToken=null" name="Constructor1ThrowsWithNullFormatters" />
    </UnitTest>
    <UnitTest name="SerializeToStreamUsesXmlMediaTypeFormatterWithNoMatchingFormatters" storage="f:\advisorsrepo\wcfhttp\http\test\microsoft.applicationserver.http\unit\bin\release\microsoft.applicationserver.http.cit.unit.dll" id="12a0132a-3ac1-8c25-2eac-86ff672b1460">
      <Description>SerializeToStream() uses the XmlMediaTypeFormatter if no matching formatters are available.</Description>
      <Execution timeOut="30000" id="2a822003-4e4a-44b4-9df4-40a32310a4f0" />
      <Owners>
        <Owner name="dravva" />
      </Owners>
      <TestCategory>
        <TestCategoryItem TestCategory="CIT" />
      </TestCategory>
      <TestMethod codeBase="F:/advisorsrepo/wcfhttp/Http/Test/Microsoft.ApplicationServer.Http/Unit/bin/Release/Microsoft.ApplicationServer.Http.CIT.Unit.DLL" adapterTypeName="Microsoft.VisualStudio.TestTools.TestTypes.Unit.UnitTestAdapter, Microsoft.VisualStudio.QualityTools.Tips.UnitTest.Adapter, Version=10.0.0.0, Culture=neutral, PublicKeyToken=b03f5f7f11d50a3a" className="Microsoft.ApplicationServer.Http.ObjectContentTests, Microsoft.ApplicationServer.Http.CIT.Unit, Version=0.0.0.0, Culture=neutral, PublicKeyToken=null" name="SerializeToStreamUsesXmlMediaTypeFormatterWithNoMatchingFormatters" />
    </UnitTest>
    <UnitTest name="ReceiveRequest_Returns_Null_If_Inner_Channel_Returns_Null" storage="f:\advisorsrepo\wcfhttp\http\test\microsoft.applicationserver.http\unit\bin\release\microsoft.applicationserver.http.cit.unit.dll" id="430c0186-4c13-2e83-0bb8-f8975c7a5f1f">
      <Description>HttpMessageEncodingReplyChannel.ReceiveRequest returns null if the inner channel returns null.</Description>
      <Execution timeOut="30000" id="445df168-8826-4563-916f-66abb14b2ca8" />
      <Owners>
        <Owner name="derik" />
      </Owners>
      <TestCategory>
        <TestCategoryItem TestCategory="CIT" />
      </TestCategory>
      <TestMethod codeBase="F:/advisorsrepo/wcfhttp/Http/Test/Microsoft.ApplicationServer.Http/Unit/bin/Release/Microsoft.ApplicationServer.Http.CIT.Unit.DLL" adapterTypeName="Microsoft.VisualStudio.TestTools.TestTypes.Unit.UnitTestAdapter, Microsoft.VisualStudio.QualityTools.Tips.UnitTest.Adapter, Version=10.0.0.0, Culture=neutral, PublicKeyToken=b03f5f7f11d50a3a" className="Microsoft.ApplicationServer.Http.Channels.HttpMessageEncodingReplyChannelTests, Microsoft.ApplicationServer.Http.CIT.Unit, Version=0.0.0.0, Culture=neutral, PublicKeyToken=null" name="ReceiveRequest_Returns_Null_If_Inner_Channel_Returns_Null" />
    </UnitTest>
    <UnitTest name="HttpOperationDescription_Multiple_OutputParameter_Matches_Method" storage="f:\advisorsrepo\wcfhttp\http\test\microsoft.applicationserver.http\unit\bin\release\microsoft.applicationserver.http.cit.unit.dll" id="73092e8c-06e1-ec0d-602b-d7d495adb333">
      <Description>HttpOperationDescription multiple OutputParameters matches method and preserves order</Description>
      <Execution timeOut="30000" id="b10bfefa-9cf9-42c2-9d6f-b8dc877723eb" />
      <Owners>
        <Owner name="maying" />
      </Owners>
      <TestCategory>
        <TestCategoryItem TestCategory="CIT" />
      </TestCategory>
      <TestMethod codeBase="F:/advisorsrepo/wcfhttp/Http/Test/Microsoft.ApplicationServer.Http/Unit/bin/Release/Microsoft.ApplicationServer.Http.CIT.Unit.DLL" adapterTypeName="Microsoft.VisualStudio.TestTools.TestTypes.Unit.UnitTestAdapter, Microsoft.VisualStudio.QualityTools.Tips.UnitTest.Adapter, Version=10.0.0.0, Culture=neutral, PublicKeyToken=b03f5f7f11d50a3a" className="Microsoft.ApplicationServer.Http.Description.HttpOperationDescriptionTests, Microsoft.ApplicationServer.Http.CIT.Unit, Version=0.0.0.0, Culture=neutral, PublicKeyToken=null" name="HttpOperationDescription_Multiple_OutputParameter_Matches_Method" />
    </UnitTest>
    <UnitTest name="ToHttpResponseMessage_Returns_The_Original_HttpResponseMessage" storage="f:\advisorsrepo\wcfhttp\http\test\microsoft.applicationserver.http\unit\bin\release\microsoft.applicationserver.http.cit.unit.dll" id="b7304f3b-b4c7-74d6-5975-e64ccf5f30d3">
      <Description>Message.ToHttpResponseMessage returns the original HttpResponseMessage instance with which the HttpMessage was created.</Description>
      <Execution timeOut="30000" id="3d410fb9-a123-4b5c-b6ec-8f919c7da79e" />
      <Owners>
        <Owner name="derik" />
      </Owners>
      <TestCategory>
        <TestCategoryItem TestCategory="CIT" />
      </TestCategory>
      <TestMethod codeBase="F:/advisorsrepo/wcfhttp/Http/Test/Microsoft.ApplicationServer.Http/Unit/bin/Release/Microsoft.ApplicationServer.Http.CIT.Unit.DLL" adapterTypeName="Microsoft.VisualStudio.TestTools.TestTypes.Unit.UnitTestAdapter, Microsoft.VisualStudio.QualityTools.Tips.UnitTest.Adapter, Version=10.0.0.0, Culture=neutral, PublicKeyToken=b03f5f7f11d50a3a" className="Microsoft.ApplicationServer.Http.Channels.HttpMessageExtensionMethodsTests, Microsoft.ApplicationServer.Http.CIT.Unit, Version=0.0.0.0, Culture=neutral, PublicKeyToken=null" name="ToHttpResponseMessage_Returns_The_Original_HttpResponseMessage" />
    </UnitTest>
    <UnitTest name="ConstructorThrowsIfAServiceOperationInputCanNotBeBound" storage="f:\advisorsrepo\wcfhttp\http\test\microsoft.applicationserver.http\unit\bin\release\microsoft.applicationserver.http.cit.unit.dll" id="dcd63b14-57dd-b2b7-eb45-bd9dbd23f6be">
      <Description>OperationHandlerPipelineInfo(IEnumerable&lt;HttpOperationHandler&gt;, IEnumerable&lt;HttpOperationHandler&gt;, HttpOperationDescription) throws if a service operation input parameter can not bound.</Description>
      <Execution timeOut="30000" id="d8a8d38b-54da-4231-a852-740996f99ab8" />
      <Owners>
        <Owner name="dravva" />
      </Owners>
      <TestCategory>
        <TestCategoryItem TestCategory="CIT" />
      </TestCategory>
      <TestMethod codeBase="F:/advisorsrepo/wcfhttp/Http/Test/Microsoft.ApplicationServer.Http/Unit/bin/Release/Microsoft.ApplicationServer.Http.CIT.Unit.DLL" adapterTypeName="Microsoft.VisualStudio.TestTools.TestTypes.Unit.UnitTestAdapter, Microsoft.VisualStudio.QualityTools.Tips.UnitTest.Adapter, Version=10.0.0.0, Culture=neutral, PublicKeyToken=b03f5f7f11d50a3a" className="Microsoft.ApplicationServer.Http.Dispatcher.OperationHandlerPipelineInfoTests, Microsoft.ApplicationServer.Http.CIT.Unit, Version=0.0.0.0, Culture=neutral, PublicKeyToken=null" name="ConstructorThrowsIfAServiceOperationInputCanNotBeBound" />
    </UnitTest>
    <UnitTest name="UnitTestClassIsCorrect" storage="f:\advisorsrepo\wcfhttp\http\test\microsoft.applicationserver.http\unit\bin\release\microsoft.applicationserver.http.cit.unit.dll" id="851d053c-2bb4-4dca-4fc3-c070d3b3bdf0">
      <Execution timeOut="1800000" id="094b01d6-353d-453c-9ddc-81c50a08b2af" />
      <TestMethod codeBase="F:/advisorsrepo/wcfhttp/Http/Test/Microsoft.ApplicationServer.Http/Unit/bin/Release/Microsoft.ApplicationServer.Http.CIT.Unit.DLL" adapterTypeName="Microsoft.VisualStudio.TestTools.TestTypes.Unit.UnitTestAdapter, Microsoft.VisualStudio.QualityTools.Tips.UnitTest.Adapter, Version=10.0.0.0, Culture=neutral, PublicKeyToken=b03f5f7f11d50a3a" className="Microsoft.ApplicationServer.Http.Dispatcher.HttpOperationHandlerOfTTests, Microsoft.ApplicationServer.Http.CIT.Unit, Version=0.0.0.0, Culture=neutral, PublicKeyToken=null" name="UnitTestClassIsCorrect" />
    </UnitTest>
    <UnitTest name="HandleConvertsStringInput" storage="f:\advisorsrepo\wcfhttp\http\test\microsoft.applicationserver.http\unit\bin\release\microsoft.applicationserver.http.cit.unit.dll" id="d374edba-e142-fcfb-80d9-088080fb6bb3">
      <Description>Handle(object[]) converts string Input to required type.</Description>
      <Execution timeOut="30000" id="20a2f8ed-1721-4f75-befc-48e74c1e9009" />
      <Owners>
        <Owner name="vinelap" />
      </Owners>
      <TestCategory>
        <TestCategoryItem TestCategory="CIT" />
      </TestCategory>
      <TestMethod codeBase="F:/advisorsrepo/wcfhttp/Http/Test/Microsoft.ApplicationServer.Http/Unit/bin/Release/Microsoft.ApplicationServer.Http.CIT.Unit.DLL" adapterTypeName="Microsoft.VisualStudio.TestTools.TestTypes.Unit.UnitTestAdapter, Microsoft.VisualStudio.QualityTools.Tips.UnitTest.Adapter, Version=10.0.0.0, Culture=neutral, PublicKeyToken=b03f5f7f11d50a3a" className="Microsoft.ApplicationServer.Http.Dispatcher.HttpOperationHandlerTests, Microsoft.ApplicationServer.Http.CIT.Unit, Version=0.0.0.0, Culture=neutral, PublicKeyToken=null" name="HandleConvertsStringInput" />
    </UnitTest>
    <UnitTest name="HttpParameterCollection_Ctor_From_Mock_HttpParameters" storage="f:\advisorsrepo\wcfhttp\http\test\microsoft.applicationserver.http\unit\bin\release\microsoft.applicationserver.http.cit.unit.dll" id="6cfecb0a-58c6-2233-a77e-b88732655839">
      <Description>HttpParameterCollection can be constructed from mock HttpParameters</Description>
      <Execution timeOut="30000" id="36d6e6dc-917c-4dee-bbf5-0bd6ca47c50b" />
      <Owners>
        <Owner name="derik" />
      </Owners>
      <TestCategory>
        <TestCategoryItem TestCategory="CIT" />
      </TestCategory>
      <TestMethod codeBase="F:/advisorsrepo/wcfhttp/Http/Test/Microsoft.ApplicationServer.Http/Unit/bin/Release/Microsoft.ApplicationServer.Http.CIT.Unit.DLL" adapterTypeName="Microsoft.VisualStudio.TestTools.TestTypes.Unit.UnitTestAdapter, Microsoft.VisualStudio.QualityTools.Tips.UnitTest.Adapter, Version=10.0.0.0, Culture=neutral, PublicKeyToken=b03f5f7f11d50a3a" className="Microsoft.ApplicationServer.Http.Description.HttpParameterCollectionTests, Microsoft.ApplicationServer.Http.CIT.Unit, Version=0.0.0.0, Culture=neutral, PublicKeyToken=null" name="HttpParameterCollection_Ctor_From_Mock_HttpParameters" />
    </UnitTest>
    <UnitTest name="ReadAsAsyncThrowsWithNoFormatter" storage="f:\advisorsrepo\wcfhttp\http\test\microsoft.applicationserver.http\unit\bin\release\microsoft.applicationserver.http.cit.unit.dll" id="c3ddd259-4e58-cf82-5109-594c22659260">
      <Description>ReadAsAsync() throws for all value and reference types if no formatter is available.</Description>
      <Execution timeOut="30000" id="185304fa-1057-4596-a4ed-aa8a377ea1e4" />
      <Owners>
        <Owner name="dravva" />
      </Owners>
      <TestCategory>
        <TestCategoryItem TestCategory="CIT" />
      </TestCategory>
      <TestMethod codeBase="F:/advisorsrepo/wcfhttp/Http/Test/Microsoft.ApplicationServer.Http/Unit/bin/Release/Microsoft.ApplicationServer.Http.CIT.Unit.DLL" adapterTypeName="Microsoft.VisualStudio.TestTools.TestTypes.Unit.UnitTestAdapter, Microsoft.VisualStudio.QualityTools.Tips.UnitTest.Adapter, Version=10.0.0.0, Culture=neutral, PublicKeyToken=b03f5f7f11d50a3a" className="Microsoft.ApplicationServer.Http.ObjectContentTests, Microsoft.ApplicationServer.Http.CIT.Unit, Version=0.0.0.0, Culture=neutral, PublicKeyToken=null" name="ReadAsAsyncThrowsWithNoFormatter" />
    </UnitTest>
    <UnitTest name="RequestMessage_Returns_Same_HttpMessage_Sans_HttpRequestMessageProperty_Instance_When_Inner_Request_Is_HttpMessage" storage="f:\advisorsrepo\wcfhttp\http\test\microsoft.applicationserver.http\unit\bin\release\microsoft.applicationserver.http.cit.unit.dll" id="9aa2c7fa-198c-8d24-c537-da58c6dc3ee0">
      <Description>HttpMessageEncodingRequestContext.RequestMessage returns an HttpMessage without an HttpRequestMessageProperty when the inner request is an HttpMessage.</Description>
      <Execution timeOut="30000" id="f97bf2b3-5e40-402b-928c-5620c7f870c8" />
      <Owners>
        <Owner name="derik" />
      </Owners>
      <TestCategory>
        <TestCategoryItem TestCategory="CIT" />
      </TestCategory>
      <TestMethod codeBase="F:/advisorsrepo/wcfhttp/Http/Test/Microsoft.ApplicationServer.Http/Unit/bin/Release/Microsoft.ApplicationServer.Http.CIT.Unit.DLL" adapterTypeName="Microsoft.VisualStudio.TestTools.TestTypes.Unit.UnitTestAdapter, Microsoft.VisualStudio.QualityTools.Tips.UnitTest.Adapter, Version=10.0.0.0, Culture=neutral, PublicKeyToken=b03f5f7f11d50a3a" className="Microsoft.ApplicationServer.Http.Channels.HttpMessageEncodingRequestContextTests, Microsoft.ApplicationServer.Http.CIT.Unit, Version=0.0.0.0, Culture=neutral, PublicKeyToken=null" name="RequestMessage_Returns_Same_HttpMessage_Sans_HttpRequestMessageProperty_Instance_When_Inner_Request_Is_HttpMessage" />
    </UnitTest>
    <UnitTest name="CreateInstance_Allows_Null_Instance" storage="f:\advisorsrepo\wcfhttp\http\test\microsoft.applicationserver.http\unit\bin\release\microsoft.applicationserver.http.cit.unit.dll" id="d5b0ce05-9e8c-2dbe-24a6-9ee21057aca2">
      <Description>HttpInstanceProvider.CreateInstance allows null instance</Description>
      <Execution timeOut="30000" id="ada62128-7911-4145-9e99-9b10c25ecc12" />
      <Owners>
        <Owner name="maying" />
      </Owners>
      <TestCategory>
        <TestCategoryItem TestCategory="CIT" />
      </TestCategory>
      <TestMethod codeBase="F:/advisorsrepo/wcfhttp/Http/Test/Microsoft.ApplicationServer.Http/Unit/bin/Release/Microsoft.ApplicationServer.Http.CIT.Unit.DLL" adapterTypeName="Microsoft.VisualStudio.TestTools.TestTypes.Unit.UnitTestAdapter, Microsoft.VisualStudio.QualityTools.Tips.UnitTest.Adapter, Version=10.0.0.0, Culture=neutral, PublicKeyToken=b03f5f7f11d50a3a" className="Microsoft.ApplicationServer.Http.Dispatcher.HttpInstanceProviderTests, Microsoft.ApplicationServer.Http.CIT.Unit, Version=0.0.0.0, Culture=neutral, PublicKeyToken=null" name="CreateInstance_Allows_Null_Instance" />
    </UnitTest>
    <UnitTest name="ConvertStringToObjectContentOfTThrows" storage="f:\advisorsrepo\wcfhttp\http\test\microsoft.applicationserver.http\unit\bin\release\microsoft.applicationserver.http.cit.unit.dll" id="a796d6bd-0cb3-c636-d4a9-11ae5c01171d">
      <Description>Convert(string) to ObjectContent&lt;T&gt; throws.</Description>
      <Execution timeOut="30000" id="1aaab2ec-555f-467f-8b42-43f5710130e2" />
      <Owners>
        <Owner name="dravva" />
      </Owners>
      <TestCategory>
        <TestCategoryItem TestCategory="CIT" />
      </TestCategory>
      <TestMethod codeBase="F:/advisorsrepo/wcfhttp/Http/Test/Microsoft.ApplicationServer.Http/Unit/bin/Release/Microsoft.ApplicationServer.Http.CIT.Unit.DLL" adapterTypeName="Microsoft.VisualStudio.TestTools.TestTypes.Unit.UnitTestAdapter, Microsoft.VisualStudio.QualityTools.Tips.UnitTest.Adapter, Version=10.0.0.0, Culture=neutral, PublicKeyToken=b03f5f7f11d50a3a" className="Microsoft.ApplicationServer.Http.Description.HttpParameterValueConverterTests, Microsoft.ApplicationServer.Http.CIT.Unit, Version=0.0.0.0, Culture=neutral, PublicKeyToken=null" name="ConvertStringToObjectContentOfTThrows" />
    </UnitTest>
    <UnitTest name="ExecuteRequestPipeline" storage="f:\advisorsrepo\wcfhttp\http\test\microsoft.applicationserver.http\unit\bin\release\microsoft.applicationserver.http.cit.unit.dll" id="bcbcac18-76c3-411a-159f-56628979bbca">
      <Description>ExecuteRequestPipeline() executes with no handlers.</Description>
      <Execution timeOut="30000" id="8e8dc8c3-7a93-4cda-8fe6-cb6bccd9b809" />
      <Owners>
        <Owner name="dravva" />
      </Owners>
      <TestCategory>
        <TestCategoryItem TestCategory="CIT" />
      </TestCategory>
      <TestMethod codeBase="F:/advisorsrepo/wcfhttp/Http/Test/Microsoft.ApplicationServer.Http/Unit/bin/Release/Microsoft.ApplicationServer.Http.CIT.Unit.DLL" adapterTypeName="Microsoft.VisualStudio.TestTools.TestTypes.Unit.UnitTestAdapter, Microsoft.VisualStudio.QualityTools.Tips.UnitTest.Adapter, Version=10.0.0.0, Culture=neutral, PublicKeyToken=b03f5f7f11d50a3a" className="Microsoft.ApplicationServer.Http.Dispatcher.OperationHandlerPipelineTests, Microsoft.ApplicationServer.Http.CIT.Unit, Version=0.0.0.0, Culture=neutral, PublicKeyToken=null" name="ExecuteRequestPipeline" />
    </UnitTest>
    <UnitTest name="CanConvertFromTypeReturnsTrueForHttpResponseMessageOfTtoT" storage="f:\advisorsrepo\wcfhttp\http\test\microsoft.applicationserver.http\unit\bin\release\microsoft.applicationserver.http.cit.unit.dll" id="f794ce0a-2eb2-6350-a4ab-d34b5dae725c">
      <Description>CanConvertFromType(Type) returns true for HttpResponseMessage&lt;T&gt; to T.</Description>
      <Execution timeOut="30000" id="b01292b0-4418-437d-a76e-eef9421e622d" />
      <Owners>
        <Owner name="dravva" />
      </Owners>
      <TestCategory>
        <TestCategoryItem TestCategory="CIT" />
      </TestCategory>
      <TestMethod codeBase="F:/advisorsrepo/wcfhttp/Http/Test/Microsoft.ApplicationServer.Http/Unit/bin/Release/Microsoft.ApplicationServer.Http.CIT.Unit.DLL" adapterTypeName="Microsoft.VisualStudio.TestTools.TestTypes.Unit.UnitTestAdapter, Microsoft.VisualStudio.QualityTools.Tips.UnitTest.Adapter, Version=10.0.0.0, Culture=neutral, PublicKeyToken=b03f5f7f11d50a3a" className="Microsoft.ApplicationServer.Http.Description.HttpParameterValueConverterTests, Microsoft.ApplicationServer.Http.CIT.Unit, Version=0.0.0.0, Culture=neutral, PublicKeyToken=null" name="CanConvertFromTypeReturnsTrueForHttpResponseMessageOfTtoT" />
    </UnitTest>
    <UnitTest name="ConvertStringToHttpRequestMessageOfTThrows" storage="f:\advisorsrepo\wcfhttp\http\test\microsoft.applicationserver.http\unit\bin\release\microsoft.applicationserver.http.cit.unit.dll" id="c6ae2b16-5488-bc23-2a68-29de0210f213">
      <Description>Convert(string) to HttpRequestMessage&lt;T&gt; throws.</Description>
      <Execution timeOut="30000" id="b20660fc-4709-421f-91a3-9fdacfae2fa0" />
      <Owners>
        <Owner name="dravva" />
      </Owners>
      <TestCategory>
        <TestCategoryItem TestCategory="CIT" />
      </TestCategory>
      <TestMethod codeBase="F:/advisorsrepo/wcfhttp/Http/Test/Microsoft.ApplicationServer.Http/Unit/bin/Release/Microsoft.ApplicationServer.Http.CIT.Unit.DLL" adapterTypeName="Microsoft.VisualStudio.TestTools.TestTypes.Unit.UnitTestAdapter, Microsoft.VisualStudio.QualityTools.Tips.UnitTest.Adapter, Version=10.0.0.0, Culture=neutral, PublicKeyToken=b03f5f7f11d50a3a" className="Microsoft.ApplicationServer.Http.Description.HttpParameterValueConverterTests, Microsoft.ApplicationServer.Http.CIT.Unit, Version=0.0.0.0, Culture=neutral, PublicKeyToken=null" name="ConvertStringToHttpRequestMessageOfTThrows" />
    </UnitTest>
    <UnitTest name="ConstructorThrowsWithNullRequestHandlers" storage="f:\advisorsrepo\wcfhttp\http\test\microsoft.applicationserver.http\unit\bin\release\microsoft.applicationserver.http.cit.unit.dll" id="621b3e6c-94e5-aa22-d0fc-7414bc68a676">
      <Description>OperationHandlerPipeline() throws with null request handlers.</Description>
      <Execution timeOut="30000" id="44a04335-38cd-4424-bceb-f241f6cab75e" />
      <Owners>
        <Owner name="dravva" />
      </Owners>
      <TestCategory>
        <TestCategoryItem TestCategory="CIT" />
      </TestCategory>
      <TestMethod codeBase="F:/advisorsrepo/wcfhttp/Http/Test/Microsoft.ApplicationServer.Http/Unit/bin/Release/Microsoft.ApplicationServer.Http.CIT.Unit.DLL" adapterTypeName="Microsoft.VisualStudio.TestTools.TestTypes.Unit.UnitTestAdapter, Microsoft.VisualStudio.QualityTools.Tips.UnitTest.Adapter, Version=10.0.0.0, Culture=neutral, PublicKeyToken=b03f5f7f11d50a3a" className="Microsoft.ApplicationServer.Http.Dispatcher.OperationHandlerPipelineTests, Microsoft.ApplicationServer.Http.CIT.Unit, Version=0.0.0.0, Culture=neutral, PublicKeyToken=null" name="ConstructorThrowsWithNullRequestHandlers" />
    </UnitTest>
    <UnitTest name="HttpBehavior_Test" storage="f:\advisorsrepo\wcfhttp\http\test\microsoft.applicationserver.http\unit\bin\release\microsoft.applicationserver.http.cit.unit.dll" id="60e63c78-94f7-be25-eac5-70eaaa330786">
      <Description>HttpBehavior.ApplyDispatchBehavior does not add help operations.</Description>
      <Execution timeOut="30000" id="022082c4-06b8-4def-a647-fa2469da71ff" />
      <Owners>
        <Owner name="vinelap" />
      </Owners>
      <TestCategory>
        <TestCategoryItem TestCategory="CIT" />
      </TestCategory>
      <TestMethod codeBase="F:/advisorsrepo/wcfhttp/Http/Test/Microsoft.ApplicationServer.Http/Unit/bin/Release/Microsoft.ApplicationServer.Http.CIT.Unit.DLL" adapterTypeName="Microsoft.VisualStudio.TestTools.TestTypes.Unit.UnitTestAdapter, Microsoft.VisualStudio.QualityTools.Tips.UnitTest.Adapter, Version=10.0.0.0, Culture=neutral, PublicKeyToken=b03f5f7f11d50a3a" className="Microsoft.ApplicationServer.Http.Description.HttpBehaviorTests, Microsoft.ApplicationServer.Http.CIT.Unit, Version=0.0.0.0, Culture=neutral, PublicKeyToken=null" name="HttpBehavior_Test" />
    </UnitTest>
    <UnitTest name="IsContentParameterReturnsFalseByDefault" storage="f:\advisorsrepo\wcfhttp\http\test\microsoft.applicationserver.http\unit\bin\release\microsoft.applicationserver.http.cit.unit.dll" id="c5aa9e59-1ae1-4426-a62e-b518a9380806">
      <Description>IsContentParameter returns false by default.</Description>
      <Execution timeOut="30000" id="26209597-56cf-4fe9-9ddf-37546a423a54" />
      <Owners>
        <Owner name="maying" />
      </Owners>
      <TestCategory>
        <TestCategoryItem TestCategory="CIT" />
      </TestCategory>
      <TestMethod codeBase="F:/advisorsrepo/wcfhttp/Http/Test/Microsoft.ApplicationServer.Http/Unit/bin/Release/Microsoft.ApplicationServer.Http.CIT.Unit.DLL" adapterTypeName="Microsoft.VisualStudio.TestTools.TestTypes.Unit.UnitTestAdapter, Microsoft.VisualStudio.QualityTools.Tips.UnitTest.Adapter, Version=10.0.0.0, Culture=neutral, PublicKeyToken=b03f5f7f11d50a3a" className="Microsoft.ApplicationServer.Http.Description.HttpParameterTests, Microsoft.ApplicationServer.Http.CIT.Unit, Version=0.0.0.0, Culture=neutral, PublicKeyToken=null" name="IsContentParameterReturnsFalseByDefault" />
    </UnitTest>
    <UnitTest name="HttpParameterCollection_Unsynchronized_GetEnumerator" storage="f:\advisorsrepo\wcfhttp\http\test\microsoft.applicationserver.http\unit\bin\release\microsoft.applicationserver.http.cit.unit.dll" id="9ff2c1ae-7a89-7e0a-ad03-427034f0d09e">
      <Description>HttpParameterCollection created from default ctor implements GetEnumerator correctly</Description>
      <Execution timeOut="30000" id="ca43e5f0-dec0-4e7a-969c-029c7ccb3af1" />
      <Owners>
        <Owner name="derik" />
      </Owners>
      <TestCategory>
        <TestCategoryItem TestCategory="CIT" />
      </TestCategory>
      <TestMethod codeBase="F:/advisorsrepo/wcfhttp/Http/Test/Microsoft.ApplicationServer.Http/Unit/bin/Release/Microsoft.ApplicationServer.Http.CIT.Unit.DLL" adapterTypeName="Microsoft.VisualStudio.TestTools.TestTypes.Unit.UnitTestAdapter, Microsoft.VisualStudio.QualityTools.Tips.UnitTest.Adapter, Version=10.0.0.0, Culture=neutral, PublicKeyToken=b03f5f7f11d50a3a" className="Microsoft.ApplicationServer.Http.Description.HttpParameterCollectionTests, Microsoft.ApplicationServer.Http.CIT.Unit, Version=0.0.0.0, Culture=neutral, PublicKeyToken=null" name="HttpParameterCollection_Unsynchronized_GetEnumerator" />
    </UnitTest>
    <UnitTest name="AutoRedirect_TrailingSlash_Tests" storage="f:\advisorsrepo\wcfhttp\http\test\microsoft.applicationserver.http\unit\bin\release\microsoft.applicationserver.http.cit.unit.dll" id="de35a2c6-7101-0041-ff0e-920b9a7b7c18">
      <Description>SelectOperation tests with TrailingSlashMode AutoRedirect.</Description>
      <Execution timeOut="1800000" id="3714262a-ee3a-44b0-bbab-1d54eaccaced" />
      <TestMethod codeBase="F:/advisorsrepo/wcfhttp/Http/Test/Microsoft.ApplicationServer.Http/Unit/bin/Release/Microsoft.ApplicationServer.Http.CIT.Unit.DLL" adapterTypeName="Microsoft.VisualStudio.TestTools.TestTypes.Unit.UnitTestAdapter, Microsoft.VisualStudio.QualityTools.Tips.UnitTest.Adapter, Version=10.0.0.0, Culture=neutral, PublicKeyToken=b03f5f7f11d50a3a" className="Microsoft.ApplicationServer.Http.Dispatcher.TrailingSlashModeTests, Microsoft.ApplicationServer.Http.CIT.Unit, Version=0.0.0.0, Culture=neutral, PublicKeyToken=null" name="AutoRedirect_TrailingSlash_Tests" />
    </UnitTest>
    <UnitTest name="ReadAsOrDefaultAsyncGetsTaskOfObject" storage="f:\advisorsrepo\wcfhttp\http\test\microsoft.applicationserver.http\unit\bin\release\microsoft.applicationserver.http.cit.unit.dll" id="a6c7d660-421f-6c44-076c-18aec99dfe88">
      <Description>ReadAsOrDefaultAsync() gets a Task&lt;object&gt; returning object instance provided to the constructor for all value and reference types.</Description>
      <Execution timeOut="30000" id="c713cff3-246e-46dc-bc1f-4b17c685920e" />
      <Owners>
        <Owner name="dravva" />
      </Owners>
      <TestCategory>
        <TestCategoryItem TestCategory="CIT" />
      </TestCategory>
      <TestMethod codeBase="F:/advisorsrepo/wcfhttp/Http/Test/Microsoft.ApplicationServer.Http/Unit/bin/Release/Microsoft.ApplicationServer.Http.CIT.Unit.DLL" adapterTypeName="Microsoft.VisualStudio.TestTools.TestTypes.Unit.UnitTestAdapter, Microsoft.VisualStudio.QualityTools.Tips.UnitTest.Adapter, Version=10.0.0.0, Culture=neutral, PublicKeyToken=b03f5f7f11d50a3a" className="Microsoft.ApplicationServer.Http.ObjectContentTests, Microsoft.ApplicationServer.Http.CIT.Unit, Version=0.0.0.0, Culture=neutral, PublicKeyToken=null" name="ReadAsOrDefaultAsyncGetsTaskOfObject" />
    </UnitTest>
    <UnitTest name="EndTryReceiveRequest_Calls_EndTryReceiveRequest_On_The_Inner_Channel" storage="f:\advisorsrepo\wcfhttp\http\test\microsoft.applicationserver.http\unit\bin\release\microsoft.applicationserver.http.cit.unit.dll" id="c0a18a2f-57eb-1493-baf1-50cfe67cc7b1">
      <Description>HttpMessageEncodingReplyChannel.EndTryReceiveRequest calls EndTryReceiveRequest on the inner channel.</Description>
      <Execution timeOut="30000" id="02c7d882-1c10-4437-bb37-6af7111dac93" />
      <Owners>
        <Owner name="derik" />
      </Owners>
      <TestCategory>
        <TestCategoryItem TestCategory="CIT" />
      </TestCategory>
      <TestMethod codeBase="F:/advisorsrepo/wcfhttp/Http/Test/Microsoft.ApplicationServer.Http/Unit/bin/Release/Microsoft.ApplicationServer.Http.CIT.Unit.DLL" adapterTypeName="Microsoft.VisualStudio.TestTools.TestTypes.Unit.UnitTestAdapter, Microsoft.VisualStudio.QualityTools.Tips.UnitTest.Adapter, Version=10.0.0.0, Culture=neutral, PublicKeyToken=b03f5f7f11d50a3a" className="Microsoft.ApplicationServer.Http.Channels.HttpMessageEncodingReplyChannelTests, Microsoft.ApplicationServer.Http.CIT.Unit, Version=0.0.0.0, Culture=neutral, PublicKeyToken=null" name="EndTryReceiveRequest_Calls_EndTryReceiveRequest_On_The_Inner_Channel" />
    </UnitTest>
    <UnitTest name="SupportsMediaType1ThrowsWithNullUriInHttpRequestMessage" storage="f:\advisorsrepo\wcfhttp\http\test\microsoft.applicationserver.http\unit\bin\release\microsoft.applicationserver.http.cit.unit.dll" id="1cea6394-8b3f-3177-1eb9-928ca867d14d">
      <Description>SupportsMediaType(HttpResponseMessage) throws with a null Uri in HttpRequestMessage.</Description>
      <Execution timeOut="30000" id="dd2879da-3541-446d-aae8-00b887eb96e1" />
      <Owners>
        <Owner name="dravva" />
      </Owners>
      <TestCategory>
        <TestCategoryItem TestCategory="CIT" />
      </TestCategory>
      <TestMethod codeBase="F:/advisorsrepo/wcfhttp/Http/Test/Microsoft.ApplicationServer.Http/Unit/bin/Release/Microsoft.ApplicationServer.Http.CIT.Unit.DLL" adapterTypeName="Microsoft.VisualStudio.TestTools.TestTypes.Unit.UnitTestAdapter, Microsoft.VisualStudio.QualityTools.Tips.UnitTest.Adapter, Version=10.0.0.0, Culture=neutral, PublicKeyToken=b03f5f7f11d50a3a" className="Microsoft.ApplicationServer.Http.QueryStringMappingTests, Microsoft.ApplicationServer.Http.CIT.Unit, Version=0.0.0.0, Culture=neutral, PublicKeyToken=null" name="SupportsMediaType1ThrowsWithNullUriInHttpRequestMessage" />
    </UnitTest>
    <UnitTest name="UnitTestClassIsCorrect" storage="f:\advisorsrepo\wcfhttp\http\test\microsoft.applicationserver.http\unit\bin\release\microsoft.applicationserver.http.cit.unit.dll" id="7b287c18-3fe9-522b-e16d-ea4e3bdd040d">
      <Execution timeOut="1800000" id="ed60fa86-2a47-420c-af0b-f67f9aedaf2d" />
      <TestMethod codeBase="F:/advisorsrepo/wcfhttp/Http/Test/Microsoft.ApplicationServer.Http/Unit/bin/Release/Microsoft.ApplicationServer.Http.CIT.Unit.DLL" adapterTypeName="Microsoft.VisualStudio.TestTools.TestTypes.Unit.UnitTestAdapter, Microsoft.VisualStudio.QualityTools.Tips.UnitTest.Adapter, Version=10.0.0.0, Culture=neutral, PublicKeyToken=b03f5f7f11d50a3a" className="Microsoft.ApplicationServer.Http.ObjectContentTests, Microsoft.ApplicationServer.Http.CIT.Unit, Version=0.0.0.0, Culture=neutral, PublicKeyToken=null" name="UnitTestClassIsCorrect" />
    </UnitTest>
    <UnitTest name="ToHttpRequestMessage_Does_Not_Change_Message_State" storage="f:\advisorsrepo\wcfhttp\http\test\microsoft.applicationserver.http\unit\bin\release\microsoft.applicationserver.http.cit.unit.dll" id="18d88927-0e53-2cf4-531a-621b29e7e0ce">
      <Description>Message.ToHttpRequestMessage does not change the Message state.</Description>
      <Execution timeOut="30000" id="89b1f8a6-dd68-4d9b-a476-03fedc83d22e" />
      <Owners>
        <Owner name="derik" />
      </Owners>
      <TestCategory>
        <TestCategoryItem TestCategory="CIT" />
      </TestCategory>
      <TestMethod codeBase="F:/advisorsrepo/wcfhttp/Http/Test/Microsoft.ApplicationServer.Http/Unit/bin/Release/Microsoft.ApplicationServer.Http.CIT.Unit.DLL" adapterTypeName="Microsoft.VisualStudio.TestTools.TestTypes.Unit.UnitTestAdapter, Microsoft.VisualStudio.QualityTools.Tips.UnitTest.Adapter, Version=10.0.0.0, Culture=neutral, PublicKeyToken=b03f5f7f11d50a3a" className="Microsoft.ApplicationServer.Http.Channels.HttpMessageExtensionMethodsTests, Microsoft.ApplicationServer.Http.CIT.Unit, Version=0.0.0.0, Culture=neutral, PublicKeyToken=null" name="ToHttpRequestMessage_Does_Not_Change_Message_State" />
    </UnitTest>
    <UnitTest name="HttpMessagePluginBindingElement_Type1" storage="f:\advisorsrepo\wcfhttp\http\test\microsoft.applicationserver.http\unit\bin\release\microsoft.applicationserver.http.cit.unit.dll" id="ae3ded97-0724-0c2b-3b88-ee1a444e2849">
      <Execution timeOut="30000" id="ad5a231f-168b-4a39-aa45-dd4ec50862eb" />
      <Owners>
        <Owner name="derik" />
      </Owners>
      <TestCategory>
        <TestCategoryItem TestCategory="ADP_Basics" />
        <TestCategoryItem TestCategory="CIT" />
      </TestCategory>
      <TestMethod codeBase="F:/advisorsrepo/wcfhttp/Http/Test/Microsoft.ApplicationServer.Http/Unit/bin/Release/Microsoft.ApplicationServer.Http.CIT.Unit.DLL" adapterTypeName="Microsoft.VisualStudio.TestTools.TestTypes.Unit.UnitTestAdapter, Microsoft.VisualStudio.QualityTools.Tips.UnitTest.Adapter, Version=10.0.0.0, Culture=neutral, PublicKeyToken=b03f5f7f11d50a3a" className="Microsoft.ApplicationServer.Http.Channels.HttpMessageHandlerChannelBindingElementTests, Microsoft.ApplicationServer.Http.CIT.Unit, Version=0.0.0.0, Culture=neutral, PublicKeyToken=null" name="HttpMessagePluginBindingElement_Type1" />
    </UnitTest>
    <UnitTest name="FormattersHaveStandardFormatters" storage="f:\advisorsrepo\wcfhttp\http\test\microsoft.applicationserver.http\unit\bin\release\microsoft.applicationserver.http.cit.unit.dll" id="3f60763a-b577-eeed-c30c-320fb164ade4">
      <Description>Formatters are initialized to the standard formatters if none are supplied.</Description>
      <Execution timeOut="30000" id="92bbb532-0fdb-425d-a0f6-46deb514a5cd" />
      <Owners>
        <Owner name="dravva" />
      </Owners>
      <TestCategory>
        <TestCategoryItem TestCategory="CIT" />
      </TestCategory>
      <TestMethod codeBase="F:/advisorsrepo/wcfhttp/Http/Test/Microsoft.ApplicationServer.Http/Unit/bin/Release/Microsoft.ApplicationServer.Http.CIT.Unit.DLL" adapterTypeName="Microsoft.VisualStudio.TestTools.TestTypes.Unit.UnitTestAdapter, Microsoft.VisualStudio.QualityTools.Tips.UnitTest.Adapter, Version=10.0.0.0, Culture=neutral, PublicKeyToken=b03f5f7f11d50a3a" className="Microsoft.ApplicationServer.Http.Dispatcher.RequestContentHandlerTests, Microsoft.ApplicationServer.Http.CIT.Unit, Version=0.0.0.0, Culture=neutral, PublicKeyToken=null" name="FormattersHaveStandardFormatters" />
    </UnitTest>
    <UnitTest name="BackCompatDeserializedAsDataContractInXml" storage="f:\advisorsrepo\wcfhttp\http\test\microsoft.applicationserver.http\unit\bin\release\microsoft.applicationserver.http.cit.unit.dll" id="567f9e4e-a35f-8cd4-a272-96d621a9c8bd">
      <Description>HttpBehavior is backwards compatible when deserializing types using the DataContractSerializer for XML.</Description>
      <Execution timeOut="30000" id="b39b14b8-2ecc-46af-8b6e-fe6ce4b10445" />
      <Owners>
        <Owner name="vinelap" />
      </Owners>
      <TestCategory>
        <TestCategoryItem TestCategory="CIT" />
      </TestCategory>
      <TestMethod codeBase="F:/advisorsrepo/wcfhttp/Http/Test/Microsoft.ApplicationServer.Http/Unit/bin/Release/Microsoft.ApplicationServer.Http.CIT.Unit.DLL" adapterTypeName="Microsoft.VisualStudio.TestTools.TestTypes.Unit.UnitTestAdapter, Microsoft.VisualStudio.QualityTools.Tips.UnitTest.Adapter, Version=10.0.0.0, Culture=neutral, PublicKeyToken=b03f5f7f11d50a3a" className="Microsoft.ApplicationServer.Http.Description.HttpBehaviorTests, Microsoft.ApplicationServer.Http.CIT.Unit, Version=0.0.0.0, Culture=neutral, PublicKeyToken=null" name="BackCompatDeserializedAsDataContractInXml" />
    </UnitTest>
    <UnitTest name="InsertSetsJsonFormatter" storage="f:\advisorsrepo\wcfhttp\http\test\microsoft.applicationserver.http\unit\bin\release\microsoft.applicationserver.http.cit.unit.dll" id="b2699a73-c8b5-352b-8a14-ecb6c727e7a0">
      <Description>MediaTypeFormatterCollection.Insert sets JsonFormatter.</Description>
      <Execution timeOut="30000" id="ce204762-2019-4c0a-a4da-9fa2b6594244" />
      <Owners>
        <Owner name="dravva" />
      </Owners>
      <TestCategory>
        <TestCategoryItem TestCategory="CIT" />
      </TestCategory>
      <TestMethod codeBase="F:/advisorsrepo/wcfhttp/Http/Test/Microsoft.ApplicationServer.Http/Unit/bin/Release/Microsoft.ApplicationServer.Http.CIT.Unit.DLL" adapterTypeName="Microsoft.VisualStudio.TestTools.TestTypes.Unit.UnitTestAdapter, Microsoft.VisualStudio.QualityTools.Tips.UnitTest.Adapter, Version=10.0.0.0, Culture=neutral, PublicKeyToken=b03f5f7f11d50a3a" className="Microsoft.ApplicationServer.Http.MediaTypeFormatterCollectionTests, Microsoft.ApplicationServer.Http.CIT.Unit, Version=0.0.0.0, Culture=neutral, PublicKeyToken=null" name="InsertSetsJsonFormatter" />
    </UnitTest>
    <UnitTest name="Constructor5ThrowsWithNullFormatters" storage="f:\advisorsrepo\wcfhttp\http\test\microsoft.applicationserver.http\unit\bin\release\microsoft.applicationserver.http.cit.unit.dll" id="045228c3-1d98-acdb-9280-57eec2e91b5d">
      <Description>ObjectContent(Type, object, string, IEnumerable&lt;MediaTypeFormatter&gt;) throws with a null formatters.</Description>
      <Execution timeOut="30000" id="1eb0b22e-379f-437a-9194-8fd675b2bcde" />
      <Owners>
        <Owner name="dravva" />
      </Owners>
      <TestCategory>
        <TestCategoryItem TestCategory="CIT" />
      </TestCategory>
      <TestMethod codeBase="F:/advisorsrepo/wcfhttp/Http/Test/Microsoft.ApplicationServer.Http/Unit/bin/Release/Microsoft.ApplicationServer.Http.CIT.Unit.DLL" adapterTypeName="Microsoft.VisualStudio.TestTools.TestTypes.Unit.UnitTestAdapter, Microsoft.VisualStudio.QualityTools.Tips.UnitTest.Adapter, Version=10.0.0.0, Culture=neutral, PublicKeyToken=b03f5f7f11d50a3a" className="Microsoft.ApplicationServer.Http.ObjectContentTests, Microsoft.ApplicationServer.Http.CIT.Unit, Version=0.0.0.0, Culture=neutral, PublicKeyToken=null" name="Constructor5ThrowsWithNullFormatters" />
    </UnitTest>
    <UnitTest name="SupportsMediaTypeThrowsWithNullHttpRequestMessage" storage="f:\advisorsrepo\wcfhttp\http\test\microsoft.applicationserver.http\unit\bin\release\microsoft.applicationserver.http.cit.unit.dll" id="e1e9ee33-62a9-33a7-9529-37c159b8030f">
      <Description>SupportsMediaType(HttpRequestMessage) throws with null HttpRequestMessage.</Description>
      <Execution timeOut="30000" id="d9515e02-aeff-42d9-ba08-79a309c2cb3b" />
      <Owners>
        <Owner name="dravva" />
      </Owners>
      <TestCategory>
        <TestCategoryItem TestCategory="CIT" />
      </TestCategory>
      <TestMethod codeBase="F:/advisorsrepo/wcfhttp/Http/Test/Microsoft.ApplicationServer.Http/Unit/bin/Release/Microsoft.ApplicationServer.Http.CIT.Unit.DLL" adapterTypeName="Microsoft.VisualStudio.TestTools.TestTypes.Unit.UnitTestAdapter, Microsoft.VisualStudio.QualityTools.Tips.UnitTest.Adapter, Version=10.0.0.0, Culture=neutral, PublicKeyToken=b03f5f7f11d50a3a" className="Microsoft.ApplicationServer.Http.MediaRangeMappingTests, Microsoft.ApplicationServer.Http.CIT.Unit, Version=0.0.0.0, Culture=neutral, PublicKeyToken=null" name="SupportsMediaTypeThrowsWithNullHttpRequestMessage" />
    </UnitTest>
    <UnitTest name="Constructor7ThrowsWithNullType" storage="f:\advisorsrepo\wcfhttp\http\test\microsoft.applicationserver.http\unit\bin\release\microsoft.applicationserver.http.cit.unit.dll" id="77576ff0-e2b4-1135-d50b-af1232092bda">
      <Description>ObjectContent(Type, HttpContent, IEnumerable&lt;MediaTypeFormatter&gt;) throws for a null Type parameter.</Description>
      <Execution timeOut="30000" id="3218b8a8-a707-4586-9bd3-a576fbb7e5f4" />
      <Owners>
        <Owner name="dravva" />
      </Owners>
      <TestCategory>
        <TestCategoryItem TestCategory="CIT" />
      </TestCategory>
      <TestMethod codeBase="F:/advisorsrepo/wcfhttp/Http/Test/Microsoft.ApplicationServer.Http/Unit/bin/Release/Microsoft.ApplicationServer.Http.CIT.Unit.DLL" adapterTypeName="Microsoft.VisualStudio.TestTools.TestTypes.Unit.UnitTestAdapter, Microsoft.VisualStudio.QualityTools.Tips.UnitTest.Adapter, Version=10.0.0.0, Culture=neutral, PublicKeyToken=b03f5f7f11d50a3a" className="Microsoft.ApplicationServer.Http.ObjectContentTests, Microsoft.ApplicationServer.Http.CIT.Unit, Version=0.0.0.0, Culture=neutral, PublicKeyToken=null" name="Constructor7ThrowsWithNullType" />
    </UnitTest>
    <UnitTest name="Constructor3ThrowsWithHttpContentAsT" storage="f:\advisorsrepo\wcfhttp\http\test\microsoft.applicationserver.http\unit\bin\release\microsoft.applicationserver.http.cit.unit.dll" id="1b76f2f5-1e74-f8e5-6827-00963914a155">
      <Description>ObjectContent&lt;T&gt;(HttpContent) throws with HttpContent as T.</Description>
      <Execution timeOut="30000" id="0d717164-ea5e-4fe0-8654-0418e777449d" />
      <Owners>
        <Owner name="dravva" />
      </Owners>
      <TestCategory>
        <TestCategoryItem TestCategory="CIT" />
      </TestCategory>
      <TestMethod codeBase="F:/advisorsrepo/wcfhttp/Http/Test/Microsoft.ApplicationServer.Http/Unit/bin/Release/Microsoft.ApplicationServer.Http.CIT.Unit.DLL" adapterTypeName="Microsoft.VisualStudio.TestTools.TestTypes.Unit.UnitTestAdapter, Microsoft.VisualStudio.QualityTools.Tips.UnitTest.Adapter, Version=10.0.0.0, Culture=neutral, PublicKeyToken=b03f5f7f11d50a3a" className="Microsoft.ApplicationServer.Http.ObjectContentOfTTests, Microsoft.ApplicationServer.Http.CIT.Unit, Version=0.0.0.0, Culture=neutral, PublicKeyToken=null" name="Constructor3ThrowsWithHttpContentAsT" />
    </UnitTest>
    <UnitTest name="Constructor1SetsHttpContentWithStreamAsObject" storage="f:\advisorsrepo\wcfhttp\http\test\microsoft.applicationserver.http\unit\bin\release\microsoft.applicationserver.http.cit.unit.dll" id="0a8fb3cc-f07d-f68c-3267-6e6310693297">
      <Description>ObjectContent(Type, object, string) sets HttpContent property to a StreamContent when Object parameter is a Stream.</Description>
      <Execution timeOut="30000" id="fb66d94d-466b-44c9-b230-02c0cb55ab8a" />
      <Owners>
        <Owner name="dravva" />
      </Owners>
      <TestCategory>
        <TestCategoryItem TestCategory="CIT" />
      </TestCategory>
      <TestMethod codeBase="F:/advisorsrepo/wcfhttp/Http/Test/Microsoft.ApplicationServer.Http/Unit/bin/Release/Microsoft.ApplicationServer.Http.CIT.Unit.DLL" adapterTypeName="Microsoft.VisualStudio.TestTools.TestTypes.Unit.UnitTestAdapter, Microsoft.VisualStudio.QualityTools.Tips.UnitTest.Adapter, Version=10.0.0.0, Culture=neutral, PublicKeyToken=b03f5f7f11d50a3a" className="Microsoft.ApplicationServer.Http.ObjectContentTests, Microsoft.ApplicationServer.Http.CIT.Unit, Version=0.0.0.0, Culture=neutral, PublicKeyToken=null" name="Constructor1SetsHttpContentWithStreamAsObject" />
    </UnitTest>
    <UnitTest name="Clone_Creates_New_HttpMessageHandlerBindingElement" storage="f:\advisorsrepo\wcfhttp\http\test\microsoft.applicationserver.http\unit\bin\release\microsoft.applicationserver.http.cit.unit.dll" id="74e3efba-d218-b81a-fcc5-06b8a9b55a4a">
      <Description>HttpMessageHandlerBindingElement.Clone creates a new BindingElement.</Description>
      <Execution timeOut="30000" id="a4893237-5491-464d-87a7-f5d7f1f28849" />
      <Owners>
        <Owner name="derik" />
      </Owners>
      <TestCategory>
        <TestCategoryItem TestCategory="CIT" />
        <TestCategoryItem TestCategory="ADP_Basics" />
      </TestCategory>
      <TestMethod codeBase="F:/advisorsrepo/wcfhttp/Http/Test/Microsoft.ApplicationServer.Http/Unit/bin/Release/Microsoft.ApplicationServer.Http.CIT.Unit.DLL" adapterTypeName="Microsoft.VisualStudio.TestTools.TestTypes.Unit.UnitTestAdapter, Microsoft.VisualStudio.QualityTools.Tips.UnitTest.Adapter, Version=10.0.0.0, Culture=neutral, PublicKeyToken=b03f5f7f11d50a3a" className="Microsoft.ApplicationServer.Http.Channels.HttpMessageHandlerBindingElementTests, Microsoft.ApplicationServer.Http.CIT.Unit, Version=0.0.0.0, Culture=neutral, PublicKeyToken=null" name="Clone_Creates_New_HttpMessageHandlerBindingElement" />
    </UnitTest>
    <UnitTest name="TypeIsCorrect" storage="f:\advisorsrepo\wcfhttp\http\test\microsoft.applicationserver.http\unit\bin\release\microsoft.applicationserver.http.cit.unit.dll" id="368ec12a-dca4-54b7-3622-6dfb4ca0fbda">
      <Description>OperationHandlerFormatter is internal, concrete, and unsealed, and it implements HttpMessageFormatter.</Description>
      <Execution timeOut="30000" id="0c2819c3-0efc-48a2-8013-f1287b36c5b5" />
      <Owners>
        <Owner name="dravva" />
      </Owners>
      <TestCategory>
        <TestCategoryItem TestCategory="CIT" />
      </TestCategory>
      <TestMethod codeBase="F:/advisorsrepo/wcfhttp/Http/Test/Microsoft.ApplicationServer.Http/Unit/bin/Release/Microsoft.ApplicationServer.Http.CIT.Unit.DLL" adapterTypeName="Microsoft.VisualStudio.TestTools.TestTypes.Unit.UnitTestAdapter, Microsoft.VisualStudio.QualityTools.Tips.UnitTest.Adapter, Version=10.0.0.0, Culture=neutral, PublicKeyToken=b03f5f7f11d50a3a" className="Microsoft.ApplicationServer.Http.Dispatcher.OperationHandlerFormatterTests, Microsoft.ApplicationServer.Http.CIT.Unit, Version=0.0.0.0, Culture=neutral, PublicKeyToken=null" name="TypeIsCorrect" />
    </UnitTest>
    <UnitTest name="WriteMessage_Throws_If_The_Message_State_Is_Not_Created" storage="f:\advisorsrepo\wcfhttp\http\test\microsoft.applicationserver.http\unit\bin\release\microsoft.applicationserver.http.cit.unit.dll" id="6f14c4ef-3d71-5787-5c82-8adbc93bcb33">
      <Description>HttpMessageEncoder.WriteMessage throws if the message state is not MessageState.Created.</Description>
      <Execution timeOut="30000" id="6d9871f5-0016-4767-8c3e-2071d6d45c72" />
      <Owners>
        <Owner name="derik" />
      </Owners>
      <TestCategory>
        <TestCategoryItem TestCategory="CIT" />
      </TestCategory>
      <TestMethod codeBase="F:/advisorsrepo/wcfhttp/Http/Test/Microsoft.ApplicationServer.Http/Unit/bin/Release/Microsoft.ApplicationServer.Http.CIT.Unit.DLL" adapterTypeName="Microsoft.VisualStudio.TestTools.TestTypes.Unit.UnitTestAdapter, Microsoft.VisualStudio.QualityTools.Tips.UnitTest.Adapter, Version=10.0.0.0, Culture=neutral, PublicKeyToken=b03f5f7f11d50a3a" className="Microsoft.ApplicationServer.Http.Channels.HttpMessageEncoderTests, Microsoft.ApplicationServer.Http.CIT.Unit, Version=0.0.0.0, Culture=neutral, PublicKeyToken=null" name="WriteMessage_Throws_If_The_Message_State_Is_Not_Created" />
    </UnitTest>
    <UnitTest name="UnitTestClassIsCorrect" storage="f:\advisorsrepo\wcfhttp\http\test\microsoft.applicationserver.http\unit\bin\release\microsoft.applicationserver.http.cit.unit.dll" id="6bef8db5-1271-65c2-58e0-12ee929b415b">
      <Execution timeOut="1800000" id="ee69aa3f-70e1-483e-8379-de416c323464" />
      <TestMethod codeBase="F:/advisorsrepo/wcfhttp/Http/Test/Microsoft.ApplicationServer.Http/Unit/bin/Release/Microsoft.ApplicationServer.Http.CIT.Unit.DLL" adapterTypeName="Microsoft.VisualStudio.TestTools.TestTypes.Unit.UnitTestAdapter, Microsoft.VisualStudio.QualityTools.Tips.UnitTest.Adapter, Version=10.0.0.0, Culture=neutral, PublicKeyToken=b03f5f7f11d50a3a" className="Microsoft.ApplicationServer.Http.QueryStringMappingTests, Microsoft.ApplicationServer.Http.CIT.Unit, Version=0.0.0.0, Culture=neutral, PublicKeyToken=null" name="UnitTestClassIsCorrect" />
    </UnitTest>
    <UnitTest name="Constructor6ConvertsNullValueTypeToDefault" storage="f:\advisorsrepo\wcfhttp\http\test\microsoft.applicationserver.http\unit\bin\release\microsoft.applicationserver.http.cit.unit.dll" id="6392af92-145f-ea63-1c22-6ba4392c0916">
      <Description>ObjectContent&lt;T&gt;(T, MediaTypeHeaderValue, IEnumerable&lt;MediaTypeFormatter&gt;) converts null value types to that type's default value and sets (private) ObjectInstance.</Description>
      <Execution timeOut="30000" id="1e0d0e78-432e-4f2c-b47f-83f63faf5ec5" />
      <Owners>
        <Owner name="dravva" />
      </Owners>
      <TestCategory>
        <TestCategoryItem TestCategory="CIT" />
      </TestCategory>
      <TestMethod codeBase="F:/advisorsrepo/wcfhttp/Http/Test/Microsoft.ApplicationServer.Http/Unit/bin/Release/Microsoft.ApplicationServer.Http.CIT.Unit.DLL" adapterTypeName="Microsoft.VisualStudio.TestTools.TestTypes.Unit.UnitTestAdapter, Microsoft.VisualStudio.QualityTools.Tips.UnitTest.Adapter, Version=10.0.0.0, Culture=neutral, PublicKeyToken=b03f5f7f11d50a3a" className="Microsoft.ApplicationServer.Http.ObjectContentOfTTests, Microsoft.ApplicationServer.Http.CIT.Unit, Version=0.0.0.0, Culture=neutral, PublicKeyToken=null" name="Constructor6ConvertsNullValueTypeToDefault" />
    </UnitTest>
    <UnitTest name="EndWaitForChannel_Calls_The_Inner_Listener" storage="f:\advisorsrepo\wcfhttp\http\test\microsoft.applicationserver.http\unit\bin\release\microsoft.applicationserver.http.cit.unit.dll" id="6acca314-0399-bfb0-0ecb-105eb3f15b00">
      <Description>HttpMessageEncodingChannelListener.EndWaitForChannel calls EndWaitForChannel on the inner listener with the given parameters.</Description>
      <Execution timeOut="30000" id="1cf7345f-dc06-49ca-a255-587a14ecb87e" />
      <Owners>
        <Owner name="derik" />
      </Owners>
      <TestCategory>
        <TestCategoryItem TestCategory="CIT" />
      </TestCategory>
      <TestMethod codeBase="F:/advisorsrepo/wcfhttp/Http/Test/Microsoft.ApplicationServer.Http/Unit/bin/Release/Microsoft.ApplicationServer.Http.CIT.Unit.DLL" adapterTypeName="Microsoft.VisualStudio.TestTools.TestTypes.Unit.UnitTestAdapter, Microsoft.VisualStudio.QualityTools.Tips.UnitTest.Adapter, Version=10.0.0.0, Culture=neutral, PublicKeyToken=b03f5f7f11d50a3a" className="Microsoft.ApplicationServer.Http.Channels.HttpMessageEncodingChannelListenerTests, Microsoft.ApplicationServer.Http.CIT.Unit, Version=0.0.0.0, Culture=neutral, PublicKeyToken=null" name="EndWaitForChannel_Calls_The_Inner_Listener" />
    </UnitTest>
    <UnitTest name="Constructor6" storage="f:\advisorsrepo\wcfhttp\http\test\microsoft.applicationserver.http\unit\bin\release\microsoft.applicationserver.http.cit.unit.dll" id="ac713d07-d137-989c-fa41-6dc5ead8e2b1">
      <Description>ObjectContent&lt;T&gt;(T, MediaTypeHeaderValue, IEnumerable&lt;MediaTypeFormatter&gt;) sets Type, content header's media type, Formatters and (private) ObjectInstance properties with all known value and reference types.</Description>
      <Execution timeOut="30000" id="c9934a0f-e10d-4c91-bfd3-19ac45e8ead0" />
      <Owners>
        <Owner name="dravva" />
      </Owners>
      <TestCategory>
        <TestCategoryItem TestCategory="CIT" />
      </TestCategory>
      <TestMethod codeBase="F:/advisorsrepo/wcfhttp/Http/Test/Microsoft.ApplicationServer.Http/Unit/bin/Release/Microsoft.ApplicationServer.Http.CIT.Unit.DLL" adapterTypeName="Microsoft.VisualStudio.TestTools.TestTypes.Unit.UnitTestAdapter, Microsoft.VisualStudio.QualityTools.Tips.UnitTest.Adapter, Version=10.0.0.0, Culture=neutral, PublicKeyToken=b03f5f7f11d50a3a" className="Microsoft.ApplicationServer.Http.ObjectContentOfTTests, Microsoft.ApplicationServer.Http.CIT.Unit, Version=0.0.0.0, Culture=neutral, PublicKeyToken=null" name="Constructor6" />
    </UnitTest>
    <UnitTest name="SupportsMediaType1ThrowsWithNullUriInHttpRequestMessage" storage="f:\advisorsrepo\wcfhttp\http\test\microsoft.applicationserver.http\unit\bin\release\microsoft.applicationserver.http.cit.unit.dll" id="99b24d71-3bae-4dc0-e55d-ec55b33de623">
      <Description>SupportsMediaType(HttpResponseMessage) throws if the Uri in the request is null.</Description>
      <Execution timeOut="30000" id="dc600fe6-1332-4281-8fbf-3405a8740d1f" />
      <Owners>
        <Owner name="dravva" />
      </Owners>
      <TestCategory>
        <TestCategoryItem TestCategory="CIT" />
      </TestCategory>
      <TestMethod codeBase="F:/advisorsrepo/wcfhttp/Http/Test/Microsoft.ApplicationServer.Http/Unit/bin/Release/Microsoft.ApplicationServer.Http.CIT.Unit.DLL" adapterTypeName="Microsoft.VisualStudio.TestTools.TestTypes.Unit.UnitTestAdapter, Microsoft.VisualStudio.QualityTools.Tips.UnitTest.Adapter, Version=10.0.0.0, Culture=neutral, PublicKeyToken=b03f5f7f11d50a3a" className="Microsoft.ApplicationServer.Http.UriPathExtensionMappingTests, Microsoft.ApplicationServer.Http.CIT.Unit, Version=0.0.0.0, Culture=neutral, PublicKeyToken=null" name="SupportsMediaType1ThrowsWithNullUriInHttpRequestMessage" />
    </UnitTest>
    <UnitTest name="Constructor" storage="f:\advisorsrepo\wcfhttp\http\test\microsoft.applicationserver.http\unit\bin\release\microsoft.applicationserver.http.cit.unit.dll" id="b4e70e05-061e-d3e9-badc-aa31f3ca177d">
      <Description>HttpParameter(string, Type) sets Name and Type.</Description>
      <Execution timeOut="30000" id="1e113fd1-672d-48ba-9f9e-1711dd6298f1" />
      <Owners>
        <Owner name="maying" />
      </Owners>
      <TestCategory>
        <TestCategoryItem TestCategory="CIT" />
      </TestCategory>
      <TestMethod codeBase="F:/advisorsrepo/wcfhttp/Http/Test/Microsoft.ApplicationServer.Http/Unit/bin/Release/Microsoft.ApplicationServer.Http.CIT.Unit.DLL" adapterTypeName="Microsoft.VisualStudio.TestTools.TestTypes.Unit.UnitTestAdapter, Microsoft.VisualStudio.QualityTools.Tips.UnitTest.Adapter, Version=10.0.0.0, Culture=neutral, PublicKeyToken=b03f5f7f11d50a3a" className="Microsoft.ApplicationServer.Http.Description.HttpParameterTests, Microsoft.ApplicationServer.Http.CIT.Unit, Version=0.0.0.0, Culture=neutral, PublicKeyToken=null" name="Constructor" />
    </UnitTest>
    <UnitTest name="Constructor1ThrowsWithIllegalMediaRange" storage="f:\advisorsrepo\wcfhttp\http\test\microsoft.applicationserver.http\unit\bin\release\microsoft.applicationserver.http.cit.unit.dll" id="336f1c2d-eec1-ac77-cfe0-140038cf12e8">
      <Description>MediaRangeMapping(string, string) throws if the MediaRange parameter is not really a media range.</Description>
      <Execution timeOut="30000" id="b1cf69da-1d32-4c50-8cfc-9d875c80ecbd" />
      <Owners>
        <Owner name="dravva" />
      </Owners>
      <TestCategory>
        <TestCategoryItem TestCategory="CIT" />
      </TestCategory>
      <TestMethod codeBase="F:/advisorsrepo/wcfhttp/Http/Test/Microsoft.ApplicationServer.Http/Unit/bin/Release/Microsoft.ApplicationServer.Http.CIT.Unit.DLL" adapterTypeName="Microsoft.VisualStudio.TestTools.TestTypes.Unit.UnitTestAdapter, Microsoft.VisualStudio.QualityTools.Tips.UnitTest.Adapter, Version=10.0.0.0, Culture=neutral, PublicKeyToken=b03f5f7f11d50a3a" className="Microsoft.ApplicationServer.Http.MediaRangeMappingTests, Microsoft.ApplicationServer.Http.CIT.Unit, Version=0.0.0.0, Culture=neutral, PublicKeyToken=null" name="Constructor1ThrowsWithIllegalMediaRange" />
    </UnitTest>
    <UnitTest name="CanConvertFromTypeReturnsFalseForTtoHttpResponseMessageOfT" storage="f:\advisorsrepo\wcfhttp\http\test\microsoft.applicationserver.http\unit\bin\release\microsoft.applicationserver.http.cit.unit.dll" id="29254ea4-8836-30d0-e55d-0c327857cca3">
      <Description>CanConvertFromType(Type) returns false for T to HttpResponseMessage&lt;T&gt;.</Description>
      <Execution timeOut="30000" id="545602ea-2ac4-4795-9e36-f81f2d93b063" />
      <Owners>
        <Owner name="dravva" />
      </Owners>
      <TestCategory>
        <TestCategoryItem TestCategory="CIT" />
      </TestCategory>
      <TestMethod codeBase="F:/advisorsrepo/wcfhttp/Http/Test/Microsoft.ApplicationServer.Http/Unit/bin/Release/Microsoft.ApplicationServer.Http.CIT.Unit.DLL" adapterTypeName="Microsoft.VisualStudio.TestTools.TestTypes.Unit.UnitTestAdapter, Microsoft.VisualStudio.QualityTools.Tips.UnitTest.Adapter, Version=10.0.0.0, Culture=neutral, PublicKeyToken=b03f5f7f11d50a3a" className="Microsoft.ApplicationServer.Http.Description.HttpParameterValueConverterTests, Microsoft.ApplicationServer.Http.CIT.Unit, Version=0.0.0.0, Culture=neutral, PublicKeyToken=null" name="CanConvertFromTypeReturnsFalseForTtoHttpResponseMessageOfT" />
    </UnitTest>
    <UnitTest name="RequestUriReturnsUriHttpParameter" storage="f:\advisorsrepo\wcfhttp\http\test\microsoft.applicationserver.http\unit\bin\release\microsoft.applicationserver.http.cit.unit.dll" id="28f78aec-6217-1a62-25bb-5dbcd1b3365d">
      <Description>RequestUri returns Uri HttpParameter.</Description>
      <Execution timeOut="30000" id="281b8fb4-f50c-4329-bd54-e1e7bbe07e14" />
      <Owners>
        <Owner name="maying" />
      </Owners>
      <TestCategory>
        <TestCategoryItem TestCategory="CIT" />
      </TestCategory>
      <TestMethod codeBase="F:/advisorsrepo/wcfhttp/Http/Test/Microsoft.ApplicationServer.Http/Unit/bin/Release/Microsoft.ApplicationServer.Http.CIT.Unit.DLL" adapterTypeName="Microsoft.VisualStudio.TestTools.TestTypes.Unit.UnitTestAdapter, Microsoft.VisualStudio.QualityTools.Tips.UnitTest.Adapter, Version=10.0.0.0, Culture=neutral, PublicKeyToken=b03f5f7f11d50a3a" className="Microsoft.ApplicationServer.Http.Description.HttpParameterTests, Microsoft.ApplicationServer.Http.CIT.Unit, Version=0.0.0.0, Culture=neutral, PublicKeyToken=null" name="RequestUriReturnsUriHttpParameter" />
    </UnitTest>
    <UnitTest name="HttpMessageEncoderFactory_Is_An_Internal_Non_Abstract_Class" storage="f:\advisorsrepo\wcfhttp\http\test\microsoft.applicationserver.http\unit\bin\release\microsoft.applicationserver.http.cit.unit.dll" id="a58823e8-757b-ae23-1c70-a80e35524405">
      <Description>HttpMessageEncoderFactory is an internal, non-abstract class.</Description>
      <Execution timeOut="30000" id="8868fb86-04f3-4282-87a6-d16767b2e154" />
      <Owners>
        <Owner name="derik" />
      </Owners>
      <TestCategory>
        <TestCategoryItem TestCategory="CIT" />
      </TestCategory>
      <TestMethod codeBase="F:/advisorsrepo/wcfhttp/Http/Test/Microsoft.ApplicationServer.Http/Unit/bin/Release/Microsoft.ApplicationServer.Http.CIT.Unit.DLL" adapterTypeName="Microsoft.VisualStudio.TestTools.TestTypes.Unit.UnitTestAdapter, Microsoft.VisualStudio.QualityTools.Tips.UnitTest.Adapter, Version=10.0.0.0, Culture=neutral, PublicKeyToken=b03f5f7f11d50a3a" className="Microsoft.ApplicationServer.Http.Channels.HttpMessageEncoderFactoryTests, Microsoft.ApplicationServer.Http.CIT.Unit, Version=0.0.0.0, Culture=neutral, PublicKeyToken=null" name="HttpMessageEncoderFactory_Is_An_Internal_Non_Abstract_Class" />
    </UnitTest>
    <UnitTest name="ContentGetterSetsContentHttpRequestMessage" storage="f:\advisorsrepo\wcfhttp\http\test\microsoft.applicationserver.http\unit\bin\release\microsoft.applicationserver.http.cit.unit.dll" id="c65a0001-d541-5330-36be-1f6426d327a3">
      <Description>HttpRequestMessage&lt;T&gt;.Content getter sets Content.HttpRequestMessage if not set.</Description>
      <Execution timeOut="30000" id="c23924f6-09af-4619-aee4-44d221d09456" />
      <Owners>
        <Owner name="dravva" />
      </Owners>
      <TestCategory>
        <TestCategoryItem TestCategory="CIT" />
      </TestCategory>
      <TestMethod codeBase="F:/advisorsrepo/wcfhttp/Http/Test/Microsoft.ApplicationServer.Http/Unit/bin/Release/Microsoft.ApplicationServer.Http.CIT.Unit.DLL" adapterTypeName="Microsoft.VisualStudio.TestTools.TestTypes.Unit.UnitTestAdapter, Microsoft.VisualStudio.QualityTools.Tips.UnitTest.Adapter, Version=10.0.0.0, Culture=neutral, PublicKeyToken=b03f5f7f11d50a3a" className="Microsoft.ApplicationServer.Http.HttpRequestMessageOfTTests, Microsoft.ApplicationServer.Http.CIT.Unit, Version=0.0.0.0, Culture=neutral, PublicKeyToken=null" name="ContentGetterSetsContentHttpRequestMessage" />
    </UnitTest>
    <UnitTest name="BackCompatSerializedAsXmlSerializable" storage="f:\advisorsrepo\wcfhttp\http\test\microsoft.applicationserver.http\unit\bin\release\microsoft.applicationserver.http.cit.unit.dll" id="1c6a9a6e-7b17-ab62-d70c-8d6d4f1e4c95">
      <Description>HttpBehavior is backwards compatible when serializing types using the XmlSerializer.</Description>
      <Execution timeOut="240000" id="6a2b5c15-9cce-4d14-9665-35a2fb5db4ef" />
      <Owners>
        <Owner name="vinelap" />
      </Owners>
      <TestCategory>
        <TestCategoryItem TestCategory="CIT" />
      </TestCategory>
      <TestMethod codeBase="F:/advisorsrepo/wcfhttp/Http/Test/Microsoft.ApplicationServer.Http/Unit/bin/Release/Microsoft.ApplicationServer.Http.CIT.Unit.DLL" adapterTypeName="Microsoft.VisualStudio.TestTools.TestTypes.Unit.UnitTestAdapter, Microsoft.VisualStudio.QualityTools.Tips.UnitTest.Adapter, Version=10.0.0.0, Culture=neutral, PublicKeyToken=b03f5f7f11d50a3a" className="Microsoft.ApplicationServer.Http.Description.HttpBehaviorTests, Microsoft.ApplicationServer.Http.CIT.Unit, Version=0.0.0.0, Culture=neutral, PublicKeyToken=null" name="BackCompatSerializedAsXmlSerializable" />
    </UnitTest>
    <UnitTest name="WriteMessage_Throws_If_HttpMessage_IsRequest_Is_Not_False" storage="f:\advisorsrepo\wcfhttp\http\test\microsoft.applicationserver.http\unit\bin\release\microsoft.applicationserver.http.cit.unit.dll" id="8c77d61c-94c5-4ba8-72a1-b7c3c236d39c">
      <Description>HttpMessageEncoder.WriteMessage throws if the message is not an HttpMessage with IsRequest set to 'false'.</Description>
      <Execution timeOut="30000" id="3e6df481-d0a0-4ca4-a52f-c2ef5e10b5ad" />
      <Owners>
        <Owner name="derik" />
      </Owners>
      <TestCategory>
        <TestCategoryItem TestCategory="CIT" />
      </TestCategory>
      <TestMethod codeBase="F:/advisorsrepo/wcfhttp/Http/Test/Microsoft.ApplicationServer.Http/Unit/bin/Release/Microsoft.ApplicationServer.Http.CIT.Unit.DLL" adapterTypeName="Microsoft.VisualStudio.TestTools.TestTypes.Unit.UnitTestAdapter, Microsoft.VisualStudio.QualityTools.Tips.UnitTest.Adapter, Version=10.0.0.0, Culture=neutral, PublicKeyToken=b03f5f7f11d50a3a" className="Microsoft.ApplicationServer.Http.Channels.HttpMessageEncoderTests, Microsoft.ApplicationServer.Http.CIT.Unit, Version=0.0.0.0, Culture=neutral, PublicKeyToken=null" name="WriteMessage_Throws_If_HttpMessage_IsRequest_Is_Not_False" />
    </UnitTest>
    <UnitTest name="DefaultHttpMessagePluginFactory_Constructor2" storage="f:\advisorsrepo\wcfhttp\http\test\microsoft.applicationserver.http\unit\bin\release\microsoft.applicationserver.http.cit.unit.dll" id="72db5418-7909-c712-6693-a1e8bd41e690">
      <Execution timeOut="30000" id="d1196919-c790-4502-ab14-c06934e09813" />
      <Owners>
        <Owner name="derik" />
      </Owners>
      <TestCategory>
        <TestCategoryItem TestCategory="CIT" />
        <TestCategoryItem TestCategory="ADP_Basics" />
      </TestCategory>
      <TestMethod codeBase="F:/advisorsrepo/wcfhttp/Http/Test/Microsoft.ApplicationServer.Http/Unit/bin/Release/Microsoft.ApplicationServer.Http.CIT.Unit.DLL" adapterTypeName="Microsoft.VisualStudio.TestTools.TestTypes.Unit.UnitTestAdapter, Microsoft.VisualStudio.QualityTools.Tips.UnitTest.Adapter, Version=10.0.0.0, Culture=neutral, PublicKeyToken=b03f5f7f11d50a3a" className="Microsoft.ApplicationServer.Http.Channels.HttpMessageHandlerChannelFactoryTests, Microsoft.ApplicationServer.Http.CIT.Unit, Version=0.0.0.0, Culture=neutral, PublicKeyToken=null" name="DefaultHttpMessagePluginFactory_Constructor2" />
    </UnitTest>
    <UnitTest name="Constructor1" storage="f:\advisorsrepo\wcfhttp\http\test\microsoft.applicationserver.http\unit\bin\release\microsoft.applicationserver.http.cit.unit.dll" id="d3194c55-49ed-260c-14aa-57cd80c96868">
      <Description>QueryStringMapping(string, string, string) sets properties.</Description>
      <Execution timeOut="30000" id="29713a2b-cfa8-4a31-bc5d-c86b9488f928" />
      <Owners>
        <Owner name="dravva" />
      </Owners>
      <TestCategory>
        <TestCategoryItem TestCategory="CIT" />
      </TestCategory>
      <TestMethod codeBase="F:/advisorsrepo/wcfhttp/Http/Test/Microsoft.ApplicationServer.Http/Unit/bin/Release/Microsoft.ApplicationServer.Http.CIT.Unit.DLL" adapterTypeName="Microsoft.VisualStudio.TestTools.TestTypes.Unit.UnitTestAdapter, Microsoft.VisualStudio.QualityTools.Tips.UnitTest.Adapter, Version=10.0.0.0, Culture=neutral, PublicKeyToken=b03f5f7f11d50a3a" className="Microsoft.ApplicationServer.Http.QueryStringMappingTests, Microsoft.ApplicationServer.Http.CIT.Unit, Version=0.0.0.0, Culture=neutral, PublicKeyToken=null" name="Constructor1" />
    </UnitTest>
    <UnitTest name="OutputParameters_With_Simple_UriTemplate" storage="f:\advisorsrepo\wcfhttp\http\test\microsoft.applicationserver.http\unit\bin\release\microsoft.applicationserver.http.cit.unit.dll" id="b28e78a0-c32b-d372-c50d-ee9c296fbdad">
      <Description>UriTemplateHttpOperationHandler.OutputParameters returns a collection with the path and query variables of the UriTemplate.</Description>
      <Execution timeOut="30000" id="a788ba68-95b1-4919-a912-376edeb6bd55" />
      <Owners>
        <Owner name="vinelap" />
      </Owners>
      <TestCategory>
        <TestCategoryItem TestCategory="CIT" />
      </TestCategory>
      <TestMethod codeBase="F:/advisorsrepo/wcfhttp/Http/Test/Microsoft.ApplicationServer.Http/Unit/bin/Release/Microsoft.ApplicationServer.Http.CIT.Unit.DLL" adapterTypeName="Microsoft.VisualStudio.TestTools.TestTypes.Unit.UnitTestAdapter, Microsoft.VisualStudio.QualityTools.Tips.UnitTest.Adapter, Version=10.0.0.0, Culture=neutral, PublicKeyToken=b03f5f7f11d50a3a" className="Microsoft.ApplicationServer.Http.Dispatcher.UriTemplateHandlerTests, Microsoft.ApplicationServer.Http.CIT.Unit, Version=0.0.0.0, Culture=neutral, PublicKeyToken=null" name="OutputParameters_With_Simple_UriTemplate" />
    </UnitTest>
    <UnitTest name="HttpOperationDescription_From_Empty_OperationDescription_Supported" storage="f:\advisorsrepo\wcfhttp\http\test\microsoft.applicationserver.http\unit\bin\release\microsoft.applicationserver.http.cit.unit.dll" id="5d4b7d05-6646-ee8d-12ad-2255c7a7a032">
      <Description>HttpOperationDescription is valid using empty OperationDescription</Description>
      <Execution timeOut="30000" id="304e397b-ce57-4341-ba87-392306e06482" />
      <Owners>
        <Owner name="maying" />
      </Owners>
      <TestCategory>
        <TestCategoryItem TestCategory="CIT" />
      </TestCategory>
      <TestMethod codeBase="F:/advisorsrepo/wcfhttp/Http/Test/Microsoft.ApplicationServer.Http/Unit/bin/Release/Microsoft.ApplicationServer.Http.CIT.Unit.DLL" adapterTypeName="Microsoft.VisualStudio.TestTools.TestTypes.Unit.UnitTestAdapter, Microsoft.VisualStudio.QualityTools.Tips.UnitTest.Adapter, Version=10.0.0.0, Culture=neutral, PublicKeyToken=b03f5f7f11d50a3a" className="Microsoft.ApplicationServer.Http.Description.HttpOperationDescriptionTests, Microsoft.ApplicationServer.Http.CIT.Unit, Version=0.0.0.0, Culture=neutral, PublicKeyToken=null" name="HttpOperationDescription_From_Empty_OperationDescription_Supported" />
    </UnitTest>
    <UnitTest name="Constructor3" storage="f:\advisorsrepo\wcfhttp\http\test\microsoft.applicationserver.http\unit\bin\release\microsoft.applicationserver.http.cit.unit.dll" id="a62896e8-6275-5559-b3eb-b86e4f855284">
      <Description>HttpResponseMessage&lt;T&gt;(T, IEnumerable&lt;MediaTypeFormatter&gt;) sets Content property with all known value and reference types.</Description>
      <Execution timeOut="30000" id="fbe16af4-ddfc-4850-ac0b-8de2c4828975" />
      <Owners>
        <Owner name="dravva" />
      </Owners>
      <TestCategory>
        <TestCategoryItem TestCategory="CIT" />
      </TestCategory>
      <TestMethod codeBase="F:/advisorsrepo/wcfhttp/Http/Test/Microsoft.ApplicationServer.Http/Unit/bin/Release/Microsoft.ApplicationServer.Http.CIT.Unit.DLL" adapterTypeName="Microsoft.VisualStudio.TestTools.TestTypes.Unit.UnitTestAdapter, Microsoft.VisualStudio.QualityTools.Tips.UnitTest.Adapter, Version=10.0.0.0, Culture=neutral, PublicKeyToken=b03f5f7f11d50a3a" className="Microsoft.ApplicationServer.Http.HttpResponseMessageOfTTests, Microsoft.ApplicationServer.Http.CIT.Unit, Version=0.0.0.0, Culture=neutral, PublicKeyToken=null" name="Constructor3" />
    </UnitTest>
    <UnitTest name="ContentType_Is_Empty_String" storage="f:\advisorsrepo\wcfhttp\http\test\microsoft.applicationserver.http\unit\bin\release\microsoft.applicationserver.http.cit.unit.dll" id="eef15a01-0ccb-8533-7f93-7a3e37769ddc">
      <Description>HttpMessageEncoder.ContentType always returns an empty string.</Description>
      <Execution timeOut="30000" id="061630ae-3af8-4b60-8c8f-be4559e24ca5" />
      <Owners>
        <Owner name="derik" />
      </Owners>
      <TestCategory>
        <TestCategoryItem TestCategory="CIT" />
      </TestCategory>
      <TestMethod codeBase="F:/advisorsrepo/wcfhttp/Http/Test/Microsoft.ApplicationServer.Http/Unit/bin/Release/Microsoft.ApplicationServer.Http.CIT.Unit.DLL" adapterTypeName="Microsoft.VisualStudio.TestTools.TestTypes.Unit.UnitTestAdapter, Microsoft.VisualStudio.QualityTools.Tips.UnitTest.Adapter, Version=10.0.0.0, Culture=neutral, PublicKeyToken=b03f5f7f11d50a3a" className="Microsoft.ApplicationServer.Http.Channels.HttpMessageEncoderTests, Microsoft.ApplicationServer.Http.CIT.Unit, Version=0.0.0.0, Culture=neutral, PublicKeyToken=null" name="ContentType_Is_Empty_String" />
    </UnitTest>
    <UnitTest name="EndTryReceiveRequest_Returns_Null_If_The_Inner_Channel_Returns_False" storage="f:\advisorsrepo\wcfhttp\http\test\microsoft.applicationserver.http\unit\bin\release\microsoft.applicationserver.http.cit.unit.dll" id="e07aab17-7c20-6721-585d-8dd03f164b86">
      <Description>HttpMessageEncodingReplyChannel.EndTryReceiveRequest returns null if the inner channel returns false.</Description>
      <Execution timeOut="30000" id="58046232-e03a-4bf8-af04-8b908b283acb" />
      <Owners>
        <Owner name="derik" />
      </Owners>
      <TestCategory>
        <TestCategoryItem TestCategory="CIT" />
      </TestCategory>
      <TestMethod codeBase="F:/advisorsrepo/wcfhttp/Http/Test/Microsoft.ApplicationServer.Http/Unit/bin/Release/Microsoft.ApplicationServer.Http.CIT.Unit.DLL" adapterTypeName="Microsoft.VisualStudio.TestTools.TestTypes.Unit.UnitTestAdapter, Microsoft.VisualStudio.QualityTools.Tips.UnitTest.Adapter, Version=10.0.0.0, Culture=neutral, PublicKeyToken=b03f5f7f11d50a3a" className="Microsoft.ApplicationServer.Http.Channels.HttpMessageEncodingReplyChannelTests, Microsoft.ApplicationServer.Http.CIT.Unit, Version=0.0.0.0, Culture=neutral, PublicKeyToken=null" name="EndTryReceiveRequest_Returns_Null_If_The_Inner_Channel_Returns_False" />
    </UnitTest>
    <UnitTest name="Constructor1ThrowsWithEmptyQueryParameterName" storage="f:\advisorsrepo\wcfhttp\http\test\microsoft.applicationserver.http\unit\bin\release\microsoft.applicationserver.http.cit.unit.dll" id="489b25f7-149b-2f51-6c4e-5d72efb851b2">
      <Description>QueryStringMapping(string, string, string) throws with empty QueryStringParameterName.</Description>
      <Execution timeOut="30000" id="bf3db23a-0ee0-42df-b8d9-1e6d6054e22d" />
      <Owners>
        <Owner name="dravva" />
      </Owners>
      <TestCategory>
        <TestCategoryItem TestCategory="CIT" />
      </TestCategory>
      <TestMethod codeBase="F:/advisorsrepo/wcfhttp/Http/Test/Microsoft.ApplicationServer.Http/Unit/bin/Release/Microsoft.ApplicationServer.Http.CIT.Unit.DLL" adapterTypeName="Microsoft.VisualStudio.TestTools.TestTypes.Unit.UnitTestAdapter, Microsoft.VisualStudio.QualityTools.Tips.UnitTest.Adapter, Version=10.0.0.0, Culture=neutral, PublicKeyToken=b03f5f7f11d50a3a" className="Microsoft.ApplicationServer.Http.QueryStringMappingTests, Microsoft.ApplicationServer.Http.CIT.Unit, Version=0.0.0.0, Culture=neutral, PublicKeyToken=null" name="Constructor1ThrowsWithEmptyQueryParameterName" />
    </UnitTest>
    <UnitTest name="ReadAsOrDefaultAsyncReturnsDefaultWithNoFormatter" storage="f:\advisorsrepo\wcfhttp\http\test\microsoft.applicationserver.http\unit\bin\release\microsoft.applicationserver.http.cit.unit.dll" id="49d433e5-7570-2608-673e-d7c58bdcd64f">
      <Description>ReadAsOrDefaultAsync() returns Task yielding default value if no formatters are available.</Description>
      <Execution timeOut="30000" id="2157ab3f-c0e9-47d1-83ae-a1efa122d483" />
      <Owners>
        <Owner name="dravva" />
      </Owners>
      <TestCategory>
        <TestCategoryItem TestCategory="CIT" />
      </TestCategory>
      <TestMethod codeBase="F:/advisorsrepo/wcfhttp/Http/Test/Microsoft.ApplicationServer.Http/Unit/bin/Release/Microsoft.ApplicationServer.Http.CIT.Unit.DLL" adapterTypeName="Microsoft.VisualStudio.TestTools.TestTypes.Unit.UnitTestAdapter, Microsoft.VisualStudio.QualityTools.Tips.UnitTest.Adapter, Version=10.0.0.0, Culture=neutral, PublicKeyToken=b03f5f7f11d50a3a" className="Microsoft.ApplicationServer.Http.ObjectContentOfTTests, Microsoft.ApplicationServer.Http.CIT.Unit, Version=0.0.0.0, Culture=neutral, PublicKeyToken=null" name="ReadAsOrDefaultAsyncReturnsDefaultWithNoFormatter" />
    </UnitTest>
    <UnitTest name="TypeReturnsTypeFromMessagePartDescription" storage="f:\advisorsrepo\wcfhttp\http\test\microsoft.applicationserver.http\unit\bin\release\microsoft.applicationserver.http.cit.unit.dll" id="081ad458-86b0-6931-8841-c89dbcba83c9">
      <Description>Type returns value updated via MessagePartDescription.</Description>
      <Execution timeOut="30000" id="6aa97cdb-3f58-4e99-a92d-9bb94814349f" />
      <Owners>
        <Owner name="maying" />
      </Owners>
      <TestCategory>
        <TestCategoryItem TestCategory="CIT" />
      </TestCategory>
      <TestMethod codeBase="F:/advisorsrepo/wcfhttp/Http/Test/Microsoft.ApplicationServer.Http/Unit/bin/Release/Microsoft.ApplicationServer.Http.CIT.Unit.DLL" adapterTypeName="Microsoft.VisualStudio.TestTools.TestTypes.Unit.UnitTestAdapter, Microsoft.VisualStudio.QualityTools.Tips.UnitTest.Adapter, Version=10.0.0.0, Culture=neutral, PublicKeyToken=b03f5f7f11d50a3a" className="Microsoft.ApplicationServer.Http.Description.HttpParameterTests, Microsoft.ApplicationServer.Http.CIT.Unit, Version=0.0.0.0, Culture=neutral, PublicKeyToken=null" name="TypeReturnsTypeFromMessagePartDescription" />
    </UnitTest>
    <UnitTest name="TypeIsCorrect" storage="f:\advisorsrepo\wcfhttp\http\test\microsoft.applicationserver.http\unit\bin\release\microsoft.applicationserver.http.cit.unit.dll" id="7675b2c9-2801-2978-b574-ca696dd66679">
      <Description>ResponseContentHandler is public and concrete.</Description>
      <Execution timeOut="30000" id="2b95f367-a75d-4772-a695-6edb7e5fe69e" />
      <Owners>
        <Owner name="dravva" />
      </Owners>
      <TestCategory>
        <TestCategoryItem TestCategory="CIT" />
      </TestCategory>
      <TestMethod codeBase="F:/advisorsrepo/wcfhttp/Http/Test/Microsoft.ApplicationServer.Http/Unit/bin/Release/Microsoft.ApplicationServer.Http.CIT.Unit.DLL" adapterTypeName="Microsoft.VisualStudio.TestTools.TestTypes.Unit.UnitTestAdapter, Microsoft.VisualStudio.QualityTools.Tips.UnitTest.Adapter, Version=10.0.0.0, Culture=neutral, PublicKeyToken=b03f5f7f11d50a3a" className="Microsoft.ApplicationServer.Http.Dispatcher.ResponseContentHandlerTests, Microsoft.ApplicationServer.Http.CIT.Unit, Version=0.0.0.0, Culture=neutral, PublicKeyToken=null" name="TypeIsCorrect" />
    </UnitTest>
    <UnitTest name="Handle_With_Various_UriTemplates" storage="f:\advisorsrepo\wcfhttp\http\test\microsoft.applicationserver.http\unit\bin\release\microsoft.applicationserver.http.cit.unit.dll" id="593b0757-abf4-1349-9bba-696bdb7eb89c">
      <Description>UriTemplateHttpOperationHandler.Handle returns the values from the path and query variables of the UriTemplateMatch for various UriTemplates.</Description>
      <Execution timeOut="30000" id="36b20c14-f750-4e22-923e-3fca63254d54" />
      <Owners>
        <Owner name="vinelap" />
      </Owners>
      <TestCategory>
        <TestCategoryItem TestCategory="CIT" />
      </TestCategory>
      <TestMethod codeBase="F:/advisorsrepo/wcfhttp/Http/Test/Microsoft.ApplicationServer.Http/Unit/bin/Release/Microsoft.ApplicationServer.Http.CIT.Unit.DLL" adapterTypeName="Microsoft.VisualStudio.TestTools.TestTypes.Unit.UnitTestAdapter, Microsoft.VisualStudio.QualityTools.Tips.UnitTest.Adapter, Version=10.0.0.0, Culture=neutral, PublicKeyToken=b03f5f7f11d50a3a" className="Microsoft.ApplicationServer.Http.Dispatcher.UriTemplateHandlerTests, Microsoft.ApplicationServer.Http.CIT.Unit, Version=0.0.0.0, Culture=neutral, PublicKeyToken=null" name="Handle_With_Various_UriTemplates" />
    </UnitTest>
    <UnitTest name="HttpParameterCollection_Unsynchronized_Indexer" storage="f:\advisorsrepo\wcfhttp\http\test\microsoft.applicationserver.http\unit\bin\release\microsoft.applicationserver.http.cit.unit.dll" id="38f77566-8bf3-d7dc-d803-6ba119af5b7c">
      <Description>HttpParameterCollection created from default ctor implements indexer correctly</Description>
      <Execution timeOut="30000" id="090f8148-bf5e-4328-b6fa-256ec12d5aea" />
      <Owners>
        <Owner name="derik" />
      </Owners>
      <TestCategory>
        <TestCategoryItem TestCategory="CIT" />
      </TestCategory>
      <TestMethod codeBase="F:/advisorsrepo/wcfhttp/Http/Test/Microsoft.ApplicationServer.Http/Unit/bin/Release/Microsoft.ApplicationServer.Http.CIT.Unit.DLL" adapterTypeName="Microsoft.VisualStudio.TestTools.TestTypes.Unit.UnitTestAdapter, Microsoft.VisualStudio.QualityTools.Tips.UnitTest.Adapter, Version=10.0.0.0, Culture=neutral, PublicKeyToken=b03f5f7f11d50a3a" className="Microsoft.ApplicationServer.Http.Description.HttpParameterCollectionTests, Microsoft.ApplicationServer.Http.CIT.Unit, Version=0.0.0.0, Culture=neutral, PublicKeyToken=null" name="HttpParameterCollection_Unsynchronized_Indexer" />
    </UnitTest>
    <UnitTest name="Closing_Disposes_Of_The_HttpRequestMessage" storage="f:\advisorsrepo\wcfhttp\http\test\microsoft.applicationserver.http\unit\bin\release\microsoft.applicationserver.http.cit.unit.dll" id="abfe4868-079e-238b-7f0e-f4920c8d12fd">
      <Description>HttpMessage.Close disposes of the HttpRequestMessage.</Description>
      <Execution timeOut="30000" id="e0e5320e-8d4d-478a-ac56-3118b2e0ba0b" />
      <Owners>
        <Owner name="derik" />
      </Owners>
      <TestCategory>
        <TestCategoryItem TestCategory="CIT" />
      </TestCategory>
      <TestMethod codeBase="F:/advisorsrepo/wcfhttp/Http/Test/Microsoft.ApplicationServer.Http/Unit/bin/Release/Microsoft.ApplicationServer.Http.CIT.Unit.DLL" adapterTypeName="Microsoft.VisualStudio.TestTools.TestTypes.Unit.UnitTestAdapter, Microsoft.VisualStudio.QualityTools.Tips.UnitTest.Adapter, Version=10.0.0.0, Culture=neutral, PublicKeyToken=b03f5f7f11d50a3a" className="Microsoft.ApplicationServer.Http.Channels.HttpMessageTests, Microsoft.ApplicationServer.Http.CIT.Unit, Version=0.0.0.0, Culture=neutral, PublicKeyToken=null" name="Closing_Disposes_Of_The_HttpRequestMessage" />
    </UnitTest>
    <UnitTest name="Unknown_Operation_Help_Page_Is_Handled" storage="f:\advisorsrepo\wcfhttp\http\test\microsoft.applicationserver.http\unit\bin\release\microsoft.applicationserver.http.cit.unit.dll" id="442b9308-9be1-4bc5-357e-cd8cf2dc86ca">
      <Description>HttpBehavior back compat test for an unknown operation help page.</Description>
      <Execution timeOut="30000" id="22c8aa57-5da8-4dc7-9b31-d9a370dd0b3a" />
      <Owners>
        <Owner name="vinelap" />
      </Owners>
      <TestCategory>
        <TestCategoryItem TestCategory="CIT" />
      </TestCategory>
      <TestMethod codeBase="F:/advisorsrepo/wcfhttp/Http/Test/Microsoft.ApplicationServer.Http/Unit/bin/Release/Microsoft.ApplicationServer.Http.CIT.Unit.DLL" adapterTypeName="Microsoft.VisualStudio.TestTools.TestTypes.Unit.UnitTestAdapter, Microsoft.VisualStudio.QualityTools.Tips.UnitTest.Adapter, Version=10.0.0.0, Culture=neutral, PublicKeyToken=b03f5f7f11d50a3a" className="Microsoft.ApplicationServer.Http.Description.HttpBehaviorTests, Microsoft.ApplicationServer.Http.CIT.Unit, Version=0.0.0.0, Culture=neutral, PublicKeyToken=null" name="Unknown_Operation_Help_Page_Is_Handled" />
    </UnitTest>
    <UnitTest name="ValueConverterReturnsConverterForAllObjectContentOfTTypes" storage="f:\advisorsrepo\wcfhttp\http\test\microsoft.applicationserver.http\unit\bin\release\microsoft.applicationserver.http.cit.unit.dll" id="310bfb60-542b-2c1f-7e07-acd2b0569888">
      <Description>ValueConverter returns a converter for all ObjectContent&lt;T&gt; types.</Description>
      <Execution timeOut="30000" id="bcde6c6b-8032-4cd3-8522-6efaef4a56db" />
      <Owners>
        <Owner name="dravva" />
      </Owners>
      <TestCategory>
        <TestCategoryItem TestCategory="CIT" />
      </TestCategory>
      <TestMethod codeBase="F:/advisorsrepo/wcfhttp/Http/Test/Microsoft.ApplicationServer.Http/Unit/bin/Release/Microsoft.ApplicationServer.Http.CIT.Unit.DLL" adapterTypeName="Microsoft.VisualStudio.TestTools.TestTypes.Unit.UnitTestAdapter, Microsoft.VisualStudio.QualityTools.Tips.UnitTest.Adapter, Version=10.0.0.0, Culture=neutral, PublicKeyToken=b03f5f7f11d50a3a" className="Microsoft.ApplicationServer.Http.Description.HttpParameterTests, Microsoft.ApplicationServer.Http.CIT.Unit, Version=0.0.0.0, Culture=neutral, PublicKeyToken=null" name="ValueConverterReturnsConverterForAllObjectContentOfTTypes" />
    </UnitTest>
    <UnitTest name="HttpOperationDescription_Return_Parameter_Matches_Method" storage="f:\advisorsrepo\wcfhttp\http\test\microsoft.applicationserver.http\unit\bin\release\microsoft.applicationserver.http.cit.unit.dll" id="faa033b4-345d-b76c-446c-180b10729ed0">
      <Description>HttpOperationDescription return parameter matches method</Description>
      <Execution timeOut="30000" id="3b1f7116-23e4-4c49-b001-100b38d3b9c6" />
      <Owners>
        <Owner name="maying" />
      </Owners>
      <TestCategory>
        <TestCategoryItem TestCategory="CIT" />
      </TestCategory>
      <TestMethod codeBase="F:/advisorsrepo/wcfhttp/Http/Test/Microsoft.ApplicationServer.Http/Unit/bin/Release/Microsoft.ApplicationServer.Http.CIT.Unit.DLL" adapterTypeName="Microsoft.VisualStudio.TestTools.TestTypes.Unit.UnitTestAdapter, Microsoft.VisualStudio.QualityTools.Tips.UnitTest.Adapter, Version=10.0.0.0, Culture=neutral, PublicKeyToken=b03f5f7f11d50a3a" className="Microsoft.ApplicationServer.Http.Description.HttpOperationDescriptionTests, Microsoft.ApplicationServer.Http.CIT.Unit, Version=0.0.0.0, Culture=neutral, PublicKeyToken=null" name="HttpOperationDescription_Return_Parameter_Matches_Method" />
    </UnitTest>
    <UnitTest name="Validate_Throws_If_XmlSerializerFormat_With_Rpc_Format_Style" storage="f:\advisorsrepo\wcfhttp\http\test\microsoft.applicationserver.http\unit\bin\release\microsoft.applicationserver.http.cit.unit.dll" id="c1109d22-7e99-c335-377f-5a76822d7106">
      <Description>HttpBehavior.Validate throws if any operation has an XmlSerializerFormat attribute with the FormatStyle set to RPC.</Description>
      <Execution timeOut="30000" id="a9733b14-5e22-4383-9045-4b7ed9fd4817" />
      <Owners>
        <Owner name="vinelap" />
      </Owners>
      <TestCategory>
        <TestCategoryItem TestCategory="CIT" />
      </TestCategory>
      <TestMethod codeBase="F:/advisorsrepo/wcfhttp/Http/Test/Microsoft.ApplicationServer.Http/Unit/bin/Release/Microsoft.ApplicationServer.Http.CIT.Unit.DLL" adapterTypeName="Microsoft.VisualStudio.TestTools.TestTypes.Unit.UnitTestAdapter, Microsoft.VisualStudio.QualityTools.Tips.UnitTest.Adapter, Version=10.0.0.0, Culture=neutral, PublicKeyToken=b03f5f7f11d50a3a" className="Microsoft.ApplicationServer.Http.Description.HttpBehaviorTests, Microsoft.ApplicationServer.Http.CIT.Unit, Version=0.0.0.0, Culture=neutral, PublicKeyToken=null" name="Validate_Throws_If_XmlSerializerFormat_With_Rpc_Format_Style" />
    </UnitTest>
    <UnitTest name="CanReadAsThrowsWithNullType" storage="f:\advisorsrepo\wcfhttp\http\test\microsoft.applicationserver.http\unit\bin\release\microsoft.applicationserver.http.cit.unit.dll" id="da471b82-8922-cb78-8dee-49889bc4f7e5">
      <Description>CanReadAs(Type, HttpContent) throws with null type.</Description>
      <Execution timeOut="30000" id="4e993281-0638-4574-96ae-4b44eb45f3e4" />
      <Owners>
        <Owner name="dravva" />
      </Owners>
      <TestCategory>
        <TestCategoryItem TestCategory="CIT" />
      </TestCategory>
      <TestMethod codeBase="F:/advisorsrepo/wcfhttp/Http/Test/Microsoft.ApplicationServer.Http/Unit/bin/Release/Microsoft.ApplicationServer.Http.CIT.Unit.DLL" adapterTypeName="Microsoft.VisualStudio.TestTools.TestTypes.Unit.UnitTestAdapter, Microsoft.VisualStudio.QualityTools.Tips.UnitTest.Adapter, Version=10.0.0.0, Culture=neutral, PublicKeyToken=b03f5f7f11d50a3a" className="Microsoft.ApplicationServer.Http.MediaTypeFormatterTests, Microsoft.ApplicationServer.Http.CIT.Unit, Version=0.0.0.0, Culture=neutral, PublicKeyToken=null" name="CanReadAsThrowsWithNullType" />
    </UnitTest>
    <UnitTest name="Constructor" storage="f:\advisorsrepo\wcfhttp\http\test\microsoft.applicationserver.http\unit\bin\release\microsoft.applicationserver.http.cit.unit.dll" id="72472e01-002a-2a00-2ab3-dd44052b957f">
      <Description>JsonMediaTypeFormatter() constructor sets standard Json media types in SupportedMediaTypes.</Description>
      <Execution timeOut="30000" id="138ad61c-b226-4816-ab11-308c2c447ead" />
      <Owners>
        <Owner name="dravva" />
      </Owners>
      <TestCategory>
        <TestCategoryItem TestCategory="CIT" />
      </TestCategory>
      <TestMethod codeBase="F:/advisorsrepo/wcfhttp/Http/Test/Microsoft.ApplicationServer.Http/Unit/bin/Release/Microsoft.ApplicationServer.Http.CIT.Unit.DLL" adapterTypeName="Microsoft.VisualStudio.TestTools.TestTypes.Unit.UnitTestAdapter, Microsoft.VisualStudio.QualityTools.Tips.UnitTest.Adapter, Version=10.0.0.0, Culture=neutral, PublicKeyToken=b03f5f7f11d50a3a" className="Microsoft.ApplicationServer.Http.JsonMediaTypeFormatterTests, Microsoft.ApplicationServer.Http.CIT.Unit, Version=0.0.0.0, Culture=neutral, PublicKeyToken=null" name="Constructor" />
    </UnitTest>
    <UnitTest name="ToString_With_A_Request_Indicates_Content_Length" storage="f:\advisorsrepo\wcfhttp\http\test\microsoft.applicationserver.http\unit\bin\release\microsoft.applicationserver.http.cit.unit.dll" id="5e17a9e6-44b8-15a1-2ca5-d0c2b6ab71e5">
      <Description>HttpMessage.ToString() indicates that it is a request message with the content length.</Description>
      <Execution timeOut="30000" id="0f5e05a2-a4f9-4db4-ac1d-177945e0881f" />
      <Owners>
        <Owner name="derik" />
      </Owners>
      <TestCategory>
        <TestCategoryItem TestCategory="CIT" />
      </TestCategory>
      <TestMethod codeBase="F:/advisorsrepo/wcfhttp/Http/Test/Microsoft.ApplicationServer.Http/Unit/bin/Release/Microsoft.ApplicationServer.Http.CIT.Unit.DLL" adapterTypeName="Microsoft.VisualStudio.TestTools.TestTypes.Unit.UnitTestAdapter, Microsoft.VisualStudio.QualityTools.Tips.UnitTest.Adapter, Version=10.0.0.0, Culture=neutral, PublicKeyToken=b03f5f7f11d50a3a" className="Microsoft.ApplicationServer.Http.Channels.HttpMessageTests, Microsoft.ApplicationServer.Http.CIT.Unit, Version=0.0.0.0, Culture=neutral, PublicKeyToken=null" name="ToString_With_A_Request_Indicates_Content_Length" />
    </UnitTest>
    <UnitTest name="BeforeSendReply_HttpMessageInspector_Null_Message_Throws" storage="f:\advisorsrepo\wcfhttp\http\test\microsoft.applicationserver.http\unit\bin\release\microsoft.applicationserver.http.cit.unit.dll" id="547eb509-0724-d12b-0d18-ab74cfdb5e18">
      <Description>HttpMessageInspector.BeforeSendReply throws ArgumentNullException for null message argument</Description>
      <Execution timeOut="30000" id="d06e7e35-726b-4aa6-8444-7904ac0e2e2f" />
      <Owners>
        <Owner name="maying" />
      </Owners>
      <TestCategory>
        <TestCategoryItem TestCategory="CIT" />
      </TestCategory>
      <TestMethod codeBase="F:/advisorsrepo/wcfhttp/Http/Test/Microsoft.ApplicationServer.Http/Unit/bin/Release/Microsoft.ApplicationServer.Http.CIT.Unit.DLL" adapterTypeName="Microsoft.VisualStudio.TestTools.TestTypes.Unit.UnitTestAdapter, Microsoft.VisualStudio.QualityTools.Tips.UnitTest.Adapter, Version=10.0.0.0, Culture=neutral, PublicKeyToken=b03f5f7f11d50a3a" className="Microsoft.ApplicationServer.Http.Dispatcher.HttpMessageInspectorTests, Microsoft.ApplicationServer.Http.CIT.Unit, Version=0.0.0.0, Culture=neutral, PublicKeyToken=null" name="BeforeSendReply_HttpMessageInspector_Null_Message_Throws" />
    </UnitTest>
    <UnitTest name="GetHashCode_Returns_Different_Hash_Code_For_Different_Media_Type" storage="f:\advisorsrepo\wcfhttp\http\test\microsoft.applicationserver.http\unit\bin\release\microsoft.applicationserver.http.cit.unit.dll" id="20b698b2-30a2-ce28-0297-61292449a39c">
      <Description>MediaTypeHeaderValueEqualityComparer.GetHashCode returns different hash codes if the media types are different.</Description>
      <Execution timeOut="30000" id="6af75475-2ab0-4fd0-a364-2ac852f185c1" />
      <Owners>
        <Owner name="vinelap" />
      </Owners>
      <TestCategory>
        <TestCategoryItem TestCategory="CIT" />
      </TestCategory>
      <TestMethod codeBase="F:/advisorsrepo/wcfhttp/Http/Test/Microsoft.ApplicationServer.Http/Unit/bin/Release/Microsoft.ApplicationServer.Http.CIT.Unit.DLL" adapterTypeName="Microsoft.VisualStudio.TestTools.TestTypes.Unit.UnitTestAdapter, Microsoft.VisualStudio.QualityTools.Tips.UnitTest.Adapter, Version=10.0.0.0, Culture=neutral, PublicKeyToken=b03f5f7f11d50a3a" className="Microsoft.ApplicationServer.Http.MediaTypeHeadeValueEqualityComparerTests, Microsoft.ApplicationServer.Http.CIT.Unit, Version=0.0.0.0, Culture=neutral, PublicKeyToken=null" name="GetHashCode_Returns_Different_Hash_Code_For_Different_Media_Type" />
    </UnitTest>
    <UnitTest name="UnitTestClassIsCorrect" storage="f:\advisorsrepo\wcfhttp\http\test\microsoft.applicationserver.http\unit\bin\release\microsoft.applicationserver.http.cit.unit.dll" id="c91ce4ca-0cea-759c-e005-3714ae733d83">
      <Execution timeOut="1800000" id="3dd888f4-4ea9-4609-bb3b-3b363078b877" />
      <TestMethod codeBase="F:/advisorsrepo/wcfhttp/Http/Test/Microsoft.ApplicationServer.Http/Unit/bin/Release/Microsoft.ApplicationServer.Http.CIT.Unit.DLL" adapterTypeName="Microsoft.VisualStudio.TestTools.TestTypes.Unit.UnitTestAdapter, Microsoft.VisualStudio.QualityTools.Tips.UnitTest.Adapter, Version=10.0.0.0, Culture=neutral, PublicKeyToken=b03f5f7f11d50a3a" className="Microsoft.ApplicationServer.Http.MediaRangeMappingTests, Microsoft.ApplicationServer.Http.CIT.Unit, Version=0.0.0.0, Culture=neutral, PublicKeyToken=null" name="UnitTestClassIsCorrect" />
    </UnitTest>
    <UnitTest name="Transport_Can_Be_Set" storage="f:\advisorsrepo\wcfhttp\http\test\microsoft.applicationserver.http\unit\bin\release\microsoft.applicationserver.http.cit.unit.dll" id="35fc1930-c1ff-1f06-2458-ade0bcbd9fca">
      <Description>HttpBindingSecurity.Transport can be set.</Description>
      <Execution timeOut="30000" id="69867845-6d05-4004-85bf-4a72a623e653" />
      <Owners>
        <Owner name="derik" />
      </Owners>
      <TestCategory>
        <TestCategoryItem TestCategory="CIT" />
      </TestCategory>
      <TestMethod codeBase="F:/advisorsrepo/wcfhttp/Http/Test/Microsoft.ApplicationServer.Http/Unit/bin/Release/Microsoft.ApplicationServer.Http.CIT.Unit.DLL" adapterTypeName="Microsoft.VisualStudio.TestTools.TestTypes.Unit.UnitTestAdapter, Microsoft.VisualStudio.QualityTools.Tips.UnitTest.Adapter, Version=10.0.0.0, Culture=neutral, PublicKeyToken=b03f5f7f11d50a3a" className="Microsoft.ApplicationServer.Http.HttpBindingSecurityTests, Microsoft.ApplicationServer.Http.CIT.Unit, Version=0.0.0.0, Culture=neutral, PublicKeyToken=null" name="Transport_Can_Be_Set" />
    </UnitTest>
    <UnitTest name="Constructor3ThrowsWithNullType" storage="f:\advisorsrepo\wcfhttp\http\test\microsoft.applicationserver.http\unit\bin\release\microsoft.applicationserver.http.cit.unit.dll" id="903ab3a9-2655-a936-5918-f880a57ee487">
      <Description>ObjectContent(Type, HttpContent) throws for a null Type parameter.</Description>
      <Execution timeOut="30000" id="4dd632f3-8cc0-4e51-b73c-8409183561de" />
      <Owners>
        <Owner name="dravva" />
      </Owners>
      <TestCategory>
        <TestCategoryItem TestCategory="CIT" />
      </TestCategory>
      <TestMethod codeBase="F:/advisorsrepo/wcfhttp/Http/Test/Microsoft.ApplicationServer.Http/Unit/bin/Release/Microsoft.ApplicationServer.Http.CIT.Unit.DLL" adapterTypeName="Microsoft.VisualStudio.TestTools.TestTypes.Unit.UnitTestAdapter, Microsoft.VisualStudio.QualityTools.Tips.UnitTest.Adapter, Version=10.0.0.0, Culture=neutral, PublicKeyToken=b03f5f7f11d50a3a" className="Microsoft.ApplicationServer.Http.ObjectContentTests, Microsoft.ApplicationServer.Http.CIT.Unit, Version=0.0.0.0, Culture=neutral, PublicKeyToken=null" name="Constructor3ThrowsWithNullType" />
    </UnitTest>
    <UnitTest name="CanReadAsReturnsTrue" storage="f:\advisorsrepo\wcfhttp\http\test\microsoft.applicationserver.http\unit\bin\release\microsoft.applicationserver.http.cit.unit.dll" id="6ca4a300-ca78-a799-f8ec-c9f99514b6d6">
      <Description>CanReadAs(Type, HttpContent) returns true for all standard media types.</Description>
      <Execution timeOut="30000" id="fe43c8b0-4e93-4466-9c19-a3b0187a2270" />
      <Owners>
        <Owner name="dravva" />
      </Owners>
      <TestCategory>
        <TestCategoryItem TestCategory="CIT" />
      </TestCategory>
      <TestMethod codeBase="F:/advisorsrepo/wcfhttp/Http/Test/Microsoft.ApplicationServer.Http/Unit/bin/Release/Microsoft.ApplicationServer.Http.CIT.Unit.DLL" adapterTypeName="Microsoft.VisualStudio.TestTools.TestTypes.Unit.UnitTestAdapter, Microsoft.VisualStudio.QualityTools.Tips.UnitTest.Adapter, Version=10.0.0.0, Culture=neutral, PublicKeyToken=b03f5f7f11d50a3a" className="Microsoft.ApplicationServer.Http.MediaTypeFormatterTests, Microsoft.ApplicationServer.Http.CIT.Unit, Version=0.0.0.0, Culture=neutral, PublicKeyToken=null" name="CanReadAsReturnsTrue" />
    </UnitTest>
    <UnitTest name="Reply_Throws_If__Message_Is_Closed" storage="f:\advisorsrepo\wcfhttp\http\test\microsoft.applicationserver.http\unit\bin\release\microsoft.applicationserver.http.cit.unit.dll" id="7a42d4de-a04d-2993-2fd1-e21d490720f3">
      <Description>HttpMessageEncodingRequestContext.Reply throws if the message is closed.</Description>
      <Execution timeOut="30000" id="1c90eaa5-081e-4f64-b0d1-5c099a61c1be" />
      <Owners>
        <Owner name="derik" />
      </Owners>
      <TestCategory>
        <TestCategoryItem TestCategory="CIT" />
      </TestCategory>
      <TestMethod codeBase="F:/advisorsrepo/wcfhttp/Http/Test/Microsoft.ApplicationServer.Http/Unit/bin/Release/Microsoft.ApplicationServer.Http.CIT.Unit.DLL" adapterTypeName="Microsoft.VisualStudio.TestTools.TestTypes.Unit.UnitTestAdapter, Microsoft.VisualStudio.QualityTools.Tips.UnitTest.Adapter, Version=10.0.0.0, Culture=neutral, PublicKeyToken=b03f5f7f11d50a3a" className="Microsoft.ApplicationServer.Http.Channels.HttpMessageEncodingRequestContextTests, Microsoft.ApplicationServer.Http.CIT.Unit, Version=0.0.0.0, Culture=neutral, PublicKeyToken=null" name="Reply_Throws_If__Message_Is_Closed" />
    </UnitTest>
    <UnitTest name="HttpOperationDescription_Unsynchronized_ReturnValue_Setter" storage="f:\advisorsrepo\wcfhttp\http\test\microsoft.applicationserver.http\unit\bin\release\microsoft.applicationserver.http.cit.unit.dll" id="fbd7fc4f-618f-809b-7641-8fb1b385392e">
      <Description>HttpOperationDescription unsynchronized ReturnValue can be set to any value</Description>
      <Execution timeOut="30000" id="691e681c-7d5a-4061-ba4e-9e767fdd8819" />
      <Owners>
        <Owner name="maying" />
      </Owners>
      <TestCategory>
        <TestCategoryItem TestCategory="CIT" />
      </TestCategory>
      <TestMethod codeBase="F:/advisorsrepo/wcfhttp/Http/Test/Microsoft.ApplicationServer.Http/Unit/bin/Release/Microsoft.ApplicationServer.Http.CIT.Unit.DLL" adapterTypeName="Microsoft.VisualStudio.TestTools.TestTypes.Unit.UnitTestAdapter, Microsoft.VisualStudio.QualityTools.Tips.UnitTest.Adapter, Version=10.0.0.0, Culture=neutral, PublicKeyToken=b03f5f7f11d50a3a" className="Microsoft.ApplicationServer.Http.Description.HttpOperationDescriptionTests, Microsoft.ApplicationServer.Http.CIT.Unit, Version=0.0.0.0, Culture=neutral, PublicKeyToken=null" name="HttpOperationDescription_Unsynchronized_ReturnValue_Setter" />
    </UnitTest>
    <UnitTest name="UnitTestSuiteIsCorrect" storage="f:\advisorsrepo\wcfhttp\http\test\microsoft.applicationserver.http\unit\bin\release\microsoft.applicationserver.http.cit.unit.dll" id="4f1823cd-bfe4-58a1-0190-922193c5c508">
      <Execution timeOut="1800000" id="8c0a1491-1f25-48bd-b445-50305443083f" />
      <TestMethod codeBase="F:/advisorsrepo/wcfhttp/Http/Test/Microsoft.ApplicationServer.Http/Unit/bin/Release/Microsoft.ApplicationServer.Http.CIT.Unit.DLL" adapterTypeName="Microsoft.VisualStudio.TestTools.TestTypes.Unit.UnitTestAdapter, Microsoft.VisualStudio.QualityTools.Tips.UnitTest.Adapter, Version=10.0.0.0, Culture=neutral, PublicKeyToken=b03f5f7f11d50a3a" className="Microsoft.ApplicationServer.Http.UnitTestSuite, Microsoft.ApplicationServer.Http.CIT.Unit, Version=0.0.0.0, Culture=neutral, PublicKeyToken=null" name="UnitTestSuiteIsCorrect" />
    </UnitTest>
    <UnitTest name="WriteMessage_Throws" storage="f:\advisorsrepo\wcfhttp\http\test\microsoft.applicationserver.http\unit\bin\release\microsoft.applicationserver.http.cit.unit.dll" id="97e299e7-c618-e93c-6f65-6fb2a9e2c8ce">
      <Description>HttpMessage.WriteMessage allways throws.</Description>
      <Execution timeOut="30000" id="5cfdfa6a-eb6b-4d24-aa52-a5ad6d7abb5a" />
      <Owners>
        <Owner name="derik" />
      </Owners>
      <TestCategory>
        <TestCategoryItem TestCategory="CIT" />
      </TestCategory>
      <TestMethod codeBase="F:/advisorsrepo/wcfhttp/Http/Test/Microsoft.ApplicationServer.Http/Unit/bin/Release/Microsoft.ApplicationServer.Http.CIT.Unit.DLL" adapterTypeName="Microsoft.VisualStudio.TestTools.TestTypes.Unit.UnitTestAdapter, Microsoft.VisualStudio.QualityTools.Tips.UnitTest.Adapter, Version=10.0.0.0, Culture=neutral, PublicKeyToken=b03f5f7f11d50a3a" className="Microsoft.ApplicationServer.Http.Channels.HttpMessageTests, Microsoft.ApplicationServer.Http.CIT.Unit, Version=0.0.0.0, Culture=neutral, PublicKeyToken=null" name="WriteMessage_Throws" />
    </UnitTest>
    <UnitTest name="ConstructorAcceptsEmptyOperations" storage="f:\advisorsrepo\wcfhttp\http\test\microsoft.applicationserver.http\unit\bin\release\microsoft.applicationserver.http.cit.unit.dll" id="9f50eb42-61db-2118-8e1b-a68b46dca662">
      <Description>UriAndMethodOperationSelector(Uri, IEnumerable&lt;HttpOperationDescription&gt;) accepts an empty operations collection.</Description>
      <Execution timeOut="30000" id="6d06f547-d86e-4897-9146-a33fd941c221" />
      <Owners>
        <Owner name="dravva" />
      </Owners>
      <TestCategory>
        <TestCategoryItem TestCategory="CIT" />
      </TestCategory>
      <TestMethod codeBase="F:/advisorsrepo/wcfhttp/Http/Test/Microsoft.ApplicationServer.Http/Unit/bin/Release/Microsoft.ApplicationServer.Http.CIT.Unit.DLL" adapterTypeName="Microsoft.VisualStudio.TestTools.TestTypes.Unit.UnitTestAdapter, Microsoft.VisualStudio.QualityTools.Tips.UnitTest.Adapter, Version=10.0.0.0, Culture=neutral, PublicKeyToken=b03f5f7f11d50a3a" className="Microsoft.ApplicationServer.Http.Dispatcher.UriAndMethodOperationSelectorTests, Microsoft.ApplicationServer.Http.CIT.Unit, Version=0.0.0.0, Culture=neutral, PublicKeyToken=null" name="ConstructorAcceptsEmptyOperations" />
    </UnitTest>
    <UnitTest name="HttpMessageHandlerFactory_Can_Be_Set_To_Null" storage="f:\advisorsrepo\wcfhttp\http\test\microsoft.applicationserver.http\unit\bin\release\microsoft.applicationserver.http.cit.unit.dll" id="0d73fd95-e7b3-ba34-58be-e1a715ce7423">
      <Description>HttpMessageHandlerBindingElement.HttpMessageHandlerFactory property can be set to null.</Description>
      <Execution timeOut="30000" id="eace8846-3943-4660-a992-6f4554498195" />
      <Owners>
        <Owner name="derik" />
      </Owners>
      <TestCategory>
        <TestCategoryItem TestCategory="ADP_Basics" />
        <TestCategoryItem TestCategory="CIT" />
      </TestCategory>
      <TestMethod codeBase="F:/advisorsrepo/wcfhttp/Http/Test/Microsoft.ApplicationServer.Http/Unit/bin/Release/Microsoft.ApplicationServer.Http.CIT.Unit.DLL" adapterTypeName="Microsoft.VisualStudio.TestTools.TestTypes.Unit.UnitTestAdapter, Microsoft.VisualStudio.QualityTools.Tips.UnitTest.Adapter, Version=10.0.0.0, Culture=neutral, PublicKeyToken=b03f5f7f11d50a3a" className="Microsoft.ApplicationServer.Http.Channels.HttpMessageHandlerBindingElementTests, Microsoft.ApplicationServer.Http.CIT.Unit, Version=0.0.0.0, Culture=neutral, PublicKeyToken=null" name="HttpMessageHandlerFactory_Can_Be_Set_To_Null" />
    </UnitTest>
    <UnitTest name="Default_Response_Format_Is_Xml" storage="f:\advisorsrepo\wcfhttp\http\test\microsoft.applicationserver.http\unit\bin\release\microsoft.applicationserver.http.cit.unit.dll" id="7cfd5988-288e-760c-531e-49c044ed9c7e">
      <Description>HttpBehavior back compat test that the default reponse format is Xml.</Description>
      <Execution timeOut="30000" id="ef5f8913-6a1a-4e24-bd41-db4035f697e7" />
      <Owners>
        <Owner name="vinelap" />
      </Owners>
      <TestCategory>
        <TestCategoryItem TestCategory="CIT" />
      </TestCategory>
      <TestMethod codeBase="F:/advisorsrepo/wcfhttp/Http/Test/Microsoft.ApplicationServer.Http/Unit/bin/Release/Microsoft.ApplicationServer.Http.CIT.Unit.DLL" adapterTypeName="Microsoft.VisualStudio.TestTools.TestTypes.Unit.UnitTestAdapter, Microsoft.VisualStudio.QualityTools.Tips.UnitTest.Adapter, Version=10.0.0.0, Culture=neutral, PublicKeyToken=b03f5f7f11d50a3a" className="Microsoft.ApplicationServer.Http.Description.HttpBehaviorTests, Microsoft.ApplicationServer.Http.CIT.Unit, Version=0.0.0.0, Culture=neutral, PublicKeyToken=null" name="Default_Response_Format_Is_Xml" />
    </UnitTest>
    <UnitTest name="Constructor7ThrowsWithNullFormatters" storage="f:\advisorsrepo\wcfhttp\http\test\microsoft.applicationserver.http\unit\bin\release\microsoft.applicationserver.http.cit.unit.dll" id="0f4943d9-ca49-5d33-54e9-5ee1ac981e68">
      <Description>ObjectContent&lt;T&gt;(HttpContent, IEnumerable&lt;MediaTypeFormatter&gt;) throws with a null Formatters.</Description>
      <Execution timeOut="30000" id="ae8c5bdf-b0a2-4860-a08e-89f086dd1684" />
      <Owners>
        <Owner name="dravva" />
      </Owners>
      <TestCategory>
        <TestCategoryItem TestCategory="CIT" />
      </TestCategory>
      <TestMethod codeBase="F:/advisorsrepo/wcfhttp/Http/Test/Microsoft.ApplicationServer.Http/Unit/bin/Release/Microsoft.ApplicationServer.Http.CIT.Unit.DLL" adapterTypeName="Microsoft.VisualStudio.TestTools.TestTypes.Unit.UnitTestAdapter, Microsoft.VisualStudio.QualityTools.Tips.UnitTest.Adapter, Version=10.0.0.0, Culture=neutral, PublicKeyToken=b03f5f7f11d50a3a" className="Microsoft.ApplicationServer.Http.ObjectContentOfTTests, Microsoft.ApplicationServer.Http.CIT.Unit, Version=0.0.0.0, Culture=neutral, PublicKeyToken=null" name="Constructor7ThrowsWithNullFormatters" />
    </UnitTest>
    <UnitTest name="MessageState_Is_Created_After_Creation" storage="f:\advisorsrepo\wcfhttp\http\test\microsoft.applicationserver.http\unit\bin\release\microsoft.applicationserver.http.cit.unit.dll" id="571704db-fc40-4005-4ffd-7fb0a2b73899">
      <Description>HttpMessage.State will be MessageState.Created after being created.</Description>
      <Execution timeOut="30000" id="2953b689-6bbb-4203-9382-e03083c6ee2d" />
      <Owners>
        <Owner name="derik" />
      </Owners>
      <TestCategory>
        <TestCategoryItem TestCategory="CIT" />
      </TestCategory>
      <TestMethod codeBase="F:/advisorsrepo/wcfhttp/Http/Test/Microsoft.ApplicationServer.Http/Unit/bin/Release/Microsoft.ApplicationServer.Http.CIT.Unit.DLL" adapterTypeName="Microsoft.VisualStudio.TestTools.TestTypes.Unit.UnitTestAdapter, Microsoft.VisualStudio.QualityTools.Tips.UnitTest.Adapter, Version=10.0.0.0, Culture=neutral, PublicKeyToken=b03f5f7f11d50a3a" className="Microsoft.ApplicationServer.Http.Channels.HttpMessageTests, Microsoft.ApplicationServer.Http.CIT.Unit, Version=0.0.0.0, Culture=neutral, PublicKeyToken=null" name="MessageState_Is_Created_After_Creation" />
    </UnitTest>
    <UnitTest name="HttpOperationDescription_Update_ReturnValue_Throws_From_Unsynchronized" storage="f:\advisorsrepo\wcfhttp\http\test\microsoft.applicationserver.http\unit\bin\release\microsoft.applicationserver.http.cit.unit.dll" id="f3a401db-fa2a-ad0f-3297-8ae97747520a">
      <Description>HttpOperationDescription throws when updating return value through unsynchronized HttpParameter</Description>
      <Execution timeOut="30000" id="f887a905-6bc7-4c2a-b145-76482ed43ac5" />
      <Owners>
        <Owner name="maying" />
      </Owners>
      <TestCategory>
        <TestCategoryItem TestCategory="CIT" />
      </TestCategory>
      <TestMethod codeBase="F:/advisorsrepo/wcfhttp/Http/Test/Microsoft.ApplicationServer.Http/Unit/bin/Release/Microsoft.ApplicationServer.Http.CIT.Unit.DLL" adapterTypeName="Microsoft.VisualStudio.TestTools.TestTypes.Unit.UnitTestAdapter, Microsoft.VisualStudio.QualityTools.Tips.UnitTest.Adapter, Version=10.0.0.0, Culture=neutral, PublicKeyToken=b03f5f7f11d50a3a" className="Microsoft.ApplicationServer.Http.Description.HttpOperationDescriptionTests, Microsoft.ApplicationServer.Http.CIT.Unit, Version=0.0.0.0, Culture=neutral, PublicKeyToken=null" name="HttpOperationDescription_Update_ReturnValue_Throws_From_Unsynchronized" />
    </UnitTest>
    <UnitTest name="HttpMessagePluginBindingElement_Method6" storage="f:\advisorsrepo\wcfhttp\http\test\microsoft.applicationserver.http\unit\bin\release\microsoft.applicationserver.http.cit.unit.dll" id="befcbdbb-d21e-9145-4607-08234a0531eb">
      <Execution timeOut="30000" id="17dfa753-7518-48ac-a9c1-b843d7be0164" />
      <Owners>
        <Owner name="derik" />
      </Owners>
      <TestCategory>
        <TestCategoryItem TestCategory="ADP_Basics" />
        <TestCategoryItem TestCategory="CIT" />
      </TestCategory>
      <TestMethod codeBase="F:/advisorsrepo/wcfhttp/Http/Test/Microsoft.ApplicationServer.Http/Unit/bin/Release/Microsoft.ApplicationServer.Http.CIT.Unit.DLL" adapterTypeName="Microsoft.VisualStudio.TestTools.TestTypes.Unit.UnitTestAdapter, Microsoft.VisualStudio.QualityTools.Tips.UnitTest.Adapter, Version=10.0.0.0, Culture=neutral, PublicKeyToken=b03f5f7f11d50a3a" className="Microsoft.ApplicationServer.Http.Channels.HttpMessageHandlerChannelBindingElementTests, Microsoft.ApplicationServer.Http.CIT.Unit, Version=0.0.0.0, Culture=neutral, PublicKeyToken=null" name="HttpMessagePluginBindingElement_Method6" />
    </UnitTest>
    <UnitTest name="UriTemplate_Variables_Test_With_WebInvoke" storage="f:\advisorsrepo\wcfhttp\http\test\microsoft.applicationserver.http\unit\bin\release\microsoft.applicationserver.http.cit.unit.dll" id="cf06f6c2-4c4a-097f-4fa1-6fe09ef88298">
      <Description>Generated OperationDescription will show all UriTemplate variables as input parameters.</Description>
      <Execution timeOut="30000" id="35a36dd5-f1bc-4c21-bbea-a1f55ce39fc9" />
      <Owners>
        <Owner name="vinelap" />
      </Owners>
      <TestCategory>
        <TestCategoryItem TestCategory="CIT" />
      </TestCategory>
      <TestMethod codeBase="F:/advisorsrepo/wcfhttp/Http/Test/Microsoft.ApplicationServer.Http/Unit/bin/Release/Microsoft.ApplicationServer.Http.CIT.Unit.DLL" adapterTypeName="Microsoft.VisualStudio.TestTools.TestTypes.Unit.UnitTestAdapter, Microsoft.VisualStudio.QualityTools.Tips.UnitTest.Adapter, Version=10.0.0.0, Culture=neutral, PublicKeyToken=b03f5f7f11d50a3a" className="Microsoft.ApplicationServer.Http.Dispatcher.HelpPageTests, Microsoft.ApplicationServer.Http.CIT.Unit, Version=0.0.0.0, Culture=neutral, PublicKeyToken=null" name="UriTemplate_Variables_Test_With_WebInvoke" />
    </UnitTest>
    <UnitTest name="ConstructorThrowsWithEmptyOutputParameterName" storage="f:\advisorsrepo\wcfhttp\http\test\microsoft.applicationserver.http\unit\bin\release\microsoft.applicationserver.http.cit.unit.dll" id="ee2cd2a6-93d2-9094-5137-ee454615e59e">
      <Description>HttpOperationHandlerOfT throws if the outputParameterName parameter is an empty or whitespace string.</Description>
      <Execution timeOut="30000" id="b9ab8a80-b997-4c82-bdb6-8c20a421c27d" />
      <Owners>
        <Owner name="dravva" />
      </Owners>
      <TestCategory>
        <TestCategoryItem TestCategory="CIT" />
      </TestCategory>
      <TestMethod codeBase="F:/advisorsrepo/wcfhttp/Http/Test/Microsoft.ApplicationServer.Http/Unit/bin/Release/Microsoft.ApplicationServer.Http.CIT.Unit.DLL" adapterTypeName="Microsoft.VisualStudio.TestTools.TestTypes.Unit.UnitTestAdapter, Microsoft.VisualStudio.QualityTools.Tips.UnitTest.Adapter, Version=10.0.0.0, Culture=neutral, PublicKeyToken=b03f5f7f11d50a3a" className="Microsoft.ApplicationServer.Http.Dispatcher.HttpOperationHandlerOfTTests, Microsoft.ApplicationServer.Http.CIT.Unit, Version=0.0.0.0, Culture=neutral, PublicKeyToken=null" name="ConstructorThrowsWithEmptyOutputParameterName" />
    </UnitTest>
    <UnitTest name="IsAssignableFromParameterOfTReturnsTrueForAllValueTypes" storage="f:\advisorsrepo\wcfhttp\http\test\microsoft.applicationserver.http\unit\bin\release\microsoft.applicationserver.http.cit.unit.dll" id="c7420587-d750-da33-a126-fb8ac77e0338">
      <Description>IsAssignableFromParameter&lt;T&gt;() returns true for all values type.</Description>
      <Execution timeOut="30000" id="ef1ee56b-9b91-4a00-a784-669513176d3f" />
      <Owners>
        <Owner name="dravva" />
      </Owners>
      <TestCategory>
        <TestCategoryItem TestCategory="CIT" />
      </TestCategory>
      <TestMethod codeBase="F:/advisorsrepo/wcfhttp/Http/Test/Microsoft.ApplicationServer.Http/Unit/bin/Release/Microsoft.ApplicationServer.Http.CIT.Unit.DLL" adapterTypeName="Microsoft.VisualStudio.TestTools.TestTypes.Unit.UnitTestAdapter, Microsoft.VisualStudio.QualityTools.Tips.UnitTest.Adapter, Version=10.0.0.0, Culture=neutral, PublicKeyToken=b03f5f7f11d50a3a" className="Microsoft.ApplicationServer.Http.Description.HttpParameterTests, Microsoft.ApplicationServer.Http.CIT.Unit, Version=0.0.0.0, Culture=neutral, PublicKeyToken=null" name="IsAssignableFromParameterOfTReturnsTrueForAllValueTypes" />
    </UnitTest>
    <UnitTest name="Uri_Returns_Inner_Listener_Uri" storage="f:\advisorsrepo\wcfhttp\http\test\microsoft.applicationserver.http\unit\bin\release\microsoft.applicationserver.http.cit.unit.dll" id="4291204e-ce64-6300-8152-5af9b34bb781">
      <Description>HttpMessageEncodingChannelListener.Uri returns the Uri of the inner listener.</Description>
      <Execution timeOut="30000" id="9dfbe007-f785-4041-9adb-fa47de073e1b" />
      <Owners>
        <Owner name="derik" />
      </Owners>
      <TestCategory>
        <TestCategoryItem TestCategory="CIT" />
      </TestCategory>
      <TestMethod codeBase="F:/advisorsrepo/wcfhttp/Http/Test/Microsoft.ApplicationServer.Http/Unit/bin/Release/Microsoft.ApplicationServer.Http.CIT.Unit.DLL" adapterTypeName="Microsoft.VisualStudio.TestTools.TestTypes.Unit.UnitTestAdapter, Microsoft.VisualStudio.QualityTools.Tips.UnitTest.Adapter, Version=10.0.0.0, Culture=neutral, PublicKeyToken=b03f5f7f11d50a3a" className="Microsoft.ApplicationServer.Http.Channels.HttpMessageEncodingChannelListenerTests, Microsoft.ApplicationServer.Http.CIT.Unit, Version=0.0.0.0, Culture=neutral, PublicKeyToken=null" name="Uri_Returns_Inner_Listener_Uri" />
    </UnitTest>
    <UnitTest name="RequestMessage_Returns_Same_Instance_Everytime" storage="f:\advisorsrepo\wcfhttp\http\test\microsoft.applicationserver.http\unit\bin\release\microsoft.applicationserver.http.cit.unit.dll" id="fdaeaa6b-3d90-4f89-290b-0916162cd577">
      <Description>HttpMessageEncodingRequestContext.RequestMessage returns the same HttpMessage instance everytime.</Description>
      <Execution timeOut="30000" id="219dfcd1-0cff-40af-81cc-c64331921f4c" />
      <Owners>
        <Owner name="derik" />
      </Owners>
      <TestCategory>
        <TestCategoryItem TestCategory="CIT" />
      </TestCategory>
      <TestMethod codeBase="F:/advisorsrepo/wcfhttp/Http/Test/Microsoft.ApplicationServer.Http/Unit/bin/Release/Microsoft.ApplicationServer.Http.CIT.Unit.DLL" adapterTypeName="Microsoft.VisualStudio.TestTools.TestTypes.Unit.UnitTestAdapter, Microsoft.VisualStudio.QualityTools.Tips.UnitTest.Adapter, Version=10.0.0.0, Culture=neutral, PublicKeyToken=b03f5f7f11d50a3a" className="Microsoft.ApplicationServer.Http.Channels.HttpMessageEncodingRequestContextTests, Microsoft.ApplicationServer.Http.CIT.Unit, Version=0.0.0.0, Culture=neutral, PublicKeyToken=null" name="RequestMessage_Returns_Same_Instance_Everytime" />
    </UnitTest>
    <UnitTest name="Validate_Throws_With_Non_ManualAddressing" storage="f:\advisorsrepo\wcfhttp\http\test\microsoft.applicationserver.http\unit\bin\release\microsoft.applicationserver.http.cit.unit.dll" id="cc7150ba-fabe-823b-9d07-2484a5934be4">
      <Description>HttpBehavior.Validate throws if the transport does not support manual addressing.</Description>
      <Execution timeOut="30000" id="c5dbe005-486e-4946-90eb-946edbdad952" />
      <Owners>
        <Owner name="vinelap" />
      </Owners>
      <TestCategory>
        <TestCategoryItem TestCategory="CIT" />
      </TestCategory>
      <TestMethod codeBase="F:/advisorsrepo/wcfhttp/Http/Test/Microsoft.ApplicationServer.Http/Unit/bin/Release/Microsoft.ApplicationServer.Http.CIT.Unit.DLL" adapterTypeName="Microsoft.VisualStudio.TestTools.TestTypes.Unit.UnitTestAdapter, Microsoft.VisualStudio.QualityTools.Tips.UnitTest.Adapter, Version=10.0.0.0, Culture=neutral, PublicKeyToken=b03f5f7f11d50a3a" className="Microsoft.ApplicationServer.Http.Description.HttpBehaviorTests, Microsoft.ApplicationServer.Http.CIT.Unit, Version=0.0.0.0, Culture=neutral, PublicKeyToken=null" name="Validate_Throws_With_Non_ManualAddressing" />
    </UnitTest>
    <UnitTest name="HttpParameterCollection_Synchronized_Incomplete_IndexOf" storage="f:\advisorsrepo\wcfhttp\http\test\microsoft.applicationserver.http\unit\bin\release\microsoft.applicationserver.http.cit.unit.dll" id="f685d3b9-aa62-5436-3f8d-9c7306b39b04">
      <Description>HttpParameterCollection created from incomplete MessagePartDescriptionCollection implements IndexOf correctly</Description>
      <Execution timeOut="30000" id="025d8169-3304-4d98-afe9-84ce0a9fe400" />
      <Owners>
        <Owner name="derik" />
      </Owners>
      <TestCategory>
        <TestCategoryItem TestCategory="CIT" />
      </TestCategory>
      <TestMethod codeBase="F:/advisorsrepo/wcfhttp/Http/Test/Microsoft.ApplicationServer.Http/Unit/bin/Release/Microsoft.ApplicationServer.Http.CIT.Unit.DLL" adapterTypeName="Microsoft.VisualStudio.TestTools.TestTypes.Unit.UnitTestAdapter, Microsoft.VisualStudio.QualityTools.Tips.UnitTest.Adapter, Version=10.0.0.0, Culture=neutral, PublicKeyToken=b03f5f7f11d50a3a" className="Microsoft.ApplicationServer.Http.Description.HttpParameterCollectionTests, Microsoft.ApplicationServer.Http.CIT.Unit, Version=0.0.0.0, Culture=neutral, PublicKeyToken=null" name="HttpParameterCollection_Synchronized_Incomplete_IndexOf" />
    </UnitTest>
    <UnitTest name="SupportsMediaTypeThrowsWithNullUriInHttpRequestMessage" storage="f:\advisorsrepo\wcfhttp\http\test\microsoft.applicationserver.http\unit\bin\release\microsoft.applicationserver.http.cit.unit.dll" id="d774d954-a03a-e71e-5244-2a1691932535">
      <Description>SupportsMediaType(HttpRequestMessage) throws with a null Uri in HttpRequestMessage.</Description>
      <Execution timeOut="30000" id="5a57ad30-8a29-4a75-a525-ea4b89dfd7fa" />
      <Owners>
        <Owner name="dravva" />
      </Owners>
      <TestCategory>
        <TestCategoryItem TestCategory="CIT" />
      </TestCategory>
      <TestMethod codeBase="F:/advisorsrepo/wcfhttp/Http/Test/Microsoft.ApplicationServer.Http/Unit/bin/Release/Microsoft.ApplicationServer.Http.CIT.Unit.DLL" adapterTypeName="Microsoft.VisualStudio.TestTools.TestTypes.Unit.UnitTestAdapter, Microsoft.VisualStudio.QualityTools.Tips.UnitTest.Adapter, Version=10.0.0.0, Culture=neutral, PublicKeyToken=b03f5f7f11d50a3a" className="Microsoft.ApplicationServer.Http.QueryStringMappingTests, Microsoft.ApplicationServer.Http.CIT.Unit, Version=0.0.0.0, Culture=neutral, PublicKeyToken=null" name="SupportsMediaTypeThrowsWithNullUriInHttpRequestMessage" />
    </UnitTest>
    <UnitTest name="Transport_ClientCredentialType_Is_None_By_Default" storage="f:\advisorsrepo\wcfhttp\http\test\microsoft.applicationserver.http\unit\bin\release\microsoft.applicationserver.http.cit.unit.dll" id="02f3accf-a72b-9fbf-fd12-9eb3a127eff8">
      <Description>HttpBindingSecurity.Transport.ClientCredentialType is HttpClientCredentialType.None by default.</Description>
      <Execution timeOut="30000" id="218746a0-f09c-4ac3-abf8-5287d8745e67" />
      <Owners>
        <Owner name="derik" />
      </Owners>
      <TestCategory>
        <TestCategoryItem TestCategory="CIT" />
      </TestCategory>
      <TestMethod codeBase="F:/advisorsrepo/wcfhttp/Http/Test/Microsoft.ApplicationServer.Http/Unit/bin/Release/Microsoft.ApplicationServer.Http.CIT.Unit.DLL" adapterTypeName="Microsoft.VisualStudio.TestTools.TestTypes.Unit.UnitTestAdapter, Microsoft.VisualStudio.QualityTools.Tips.UnitTest.Adapter, Version=10.0.0.0, Culture=neutral, PublicKeyToken=b03f5f7f11d50a3a" className="Microsoft.ApplicationServer.Http.HttpBindingSecurityTests, Microsoft.ApplicationServer.Http.CIT.Unit, Version=0.0.0.0, Culture=neutral, PublicKeyToken=null" name="Transport_ClientCredentialType_Is_None_By_Default" />
    </UnitTest>
    <UnitTest name="Clone_Returns_New_HttpMessageEncodingBindingElement_Instance" storage="f:\advisorsrepo\wcfhttp\http\test\microsoft.applicationserver.http\unit\bin\release\microsoft.applicationserver.http.cit.unit.dll" id="aad6e60a-7c5e-b5e5-130c-c097d4eb6805">
      <Description>HttpMessageEncodingBindingElement.Clone returns a new instance of HttpMessageEncodingBindingElement.</Description>
      <Execution timeOut="30000" id="6d976165-376c-4f49-b12f-5a0f4a44b8c3" />
      <Owners>
        <Owner name="derik" />
      </Owners>
      <TestCategory>
        <TestCategoryItem TestCategory="CIT" />
      </TestCategory>
      <TestMethod codeBase="F:/advisorsrepo/wcfhttp/Http/Test/Microsoft.ApplicationServer.Http/Unit/bin/Release/Microsoft.ApplicationServer.Http.CIT.Unit.DLL" adapterTypeName="Microsoft.VisualStudio.TestTools.TestTypes.Unit.UnitTestAdapter, Microsoft.VisualStudio.QualityTools.Tips.UnitTest.Adapter, Version=10.0.0.0, Culture=neutral, PublicKeyToken=b03f5f7f11d50a3a" className="Microsoft.ApplicationServer.Http.Channels.HttpMessageEncodingBindingElementTests, Microsoft.ApplicationServer.Http.CIT.Unit, Version=0.0.0.0, Culture=neutral, PublicKeyToken=null" name="Clone_Returns_New_HttpMessageEncodingBindingElement_Instance" />
    </UnitTest>
    <UnitTest name="Validate_Throws_If_Any_Operation_Has_Both_WebGet_And_WebInvoke" storage="f:\advisorsrepo\wcfhttp\http\test\microsoft.applicationserver.http\unit\bin\release\microsoft.applicationserver.http.cit.unit.dll" id="e9b05628-1dd9-f403-81e2-61a644fe3ff9">
      <Description>HttpBehavior.Validate throws if any operation has both a WebGet and WebInvoke attribute.</Description>
      <Execution timeOut="30000" id="9a5b2582-d85c-4892-973a-c77d06e9db54" />
      <Owners>
        <Owner name="vinelap" />
      </Owners>
      <TestCategory>
        <TestCategoryItem TestCategory="CIT" />
      </TestCategory>
      <TestMethod codeBase="F:/advisorsrepo/wcfhttp/Http/Test/Microsoft.ApplicationServer.Http/Unit/bin/Release/Microsoft.ApplicationServer.Http.CIT.Unit.DLL" adapterTypeName="Microsoft.VisualStudio.TestTools.TestTypes.Unit.UnitTestAdapter, Microsoft.VisualStudio.QualityTools.Tips.UnitTest.Adapter, Version=10.0.0.0, Culture=neutral, PublicKeyToken=b03f5f7f11d50a3a" className="Microsoft.ApplicationServer.Http.Description.HttpBehaviorTests, Microsoft.ApplicationServer.Http.CIT.Unit, Version=0.0.0.0, Culture=neutral, PublicKeyToken=null" name="Validate_Throws_If_Any_Operation_Has_Both_WebGet_And_WebInvoke" />
    </UnitTest>
    <UnitTest name="HttpMessagePluginBindingElement_Property1" storage="f:\advisorsrepo\wcfhttp\http\test\microsoft.applicationserver.http\unit\bin\release\microsoft.applicationserver.http.cit.unit.dll" id="86185607-53d5-559f-d595-4e464e5c7884">
      <Execution timeOut="30000" id="a104082d-b624-4903-a00a-8fecefae6217" />
      <Owners>
        <Owner name="derik" />
      </Owners>
      <TestCategory>
        <TestCategoryItem TestCategory="ADP_Basics" />
        <TestCategoryItem TestCategory="CIT" />
      </TestCategory>
      <TestMethod codeBase="F:/advisorsrepo/wcfhttp/Http/Test/Microsoft.ApplicationServer.Http/Unit/bin/Release/Microsoft.ApplicationServer.Http.CIT.Unit.DLL" adapterTypeName="Microsoft.VisualStudio.TestTools.TestTypes.Unit.UnitTestAdapter, Microsoft.VisualStudio.QualityTools.Tips.UnitTest.Adapter, Version=10.0.0.0, Culture=neutral, PublicKeyToken=b03f5f7f11d50a3a" className="Microsoft.ApplicationServer.Http.Channels.HttpMessageHandlerChannelBindingElementTests, Microsoft.ApplicationServer.Http.CIT.Unit, Version=0.0.0.0, Culture=neutral, PublicKeyToken=null" name="HttpMessagePluginBindingElement_Property1" />
    </UnitTest>
    <UnitTest name="HttpOperationDescription_Update_ReturnValue_From_OperationDescription" storage="f:\advisorsrepo\wcfhttp\http\test\microsoft.applicationserver.http\unit\bin\release\microsoft.applicationserver.http.cit.unit.dll" id="c154f3c6-74a2-4149-2ca4-a8af069d820a">
      <Description>HttpOperationDescription updating return value through OperationDescription updates in HttpOperationDescription</Description>
      <Execution timeOut="30000" id="007a10d7-5637-4c17-ac5d-98e40afc9111" />
      <Owners>
        <Owner name="maying" />
      </Owners>
      <TestCategory>
        <TestCategoryItem TestCategory="CIT" />
      </TestCategory>
      <TestMethod codeBase="F:/advisorsrepo/wcfhttp/Http/Test/Microsoft.ApplicationServer.Http/Unit/bin/Release/Microsoft.ApplicationServer.Http.CIT.Unit.DLL" adapterTypeName="Microsoft.VisualStudio.TestTools.TestTypes.Unit.UnitTestAdapter, Microsoft.VisualStudio.QualityTools.Tips.UnitTest.Adapter, Version=10.0.0.0, Culture=neutral, PublicKeyToken=b03f5f7f11d50a3a" className="Microsoft.ApplicationServer.Http.Description.HttpOperationDescriptionTests, Microsoft.ApplicationServer.Http.CIT.Unit, Version=0.0.0.0, Culture=neutral, PublicKeyToken=null" name="HttpOperationDescription_Update_ReturnValue_From_OperationDescription" />
    </UnitTest>
    <UnitTest name="Reply_Provides_Same_Message_Instance_To_Inner_RequestContext_When_Response_Is_Not_HttpMessage" storage="f:\advisorsrepo\wcfhttp\http\test\microsoft.applicationserver.http\unit\bin\release\microsoft.applicationserver.http.cit.unit.dll" id="abde1e76-dcec-592a-03d8-edfc0927a26b">
      <Description>HttpMessageEncodingRequestContext.Reply provide same Message instance when the response is not an HttpMessage.</Description>
      <Execution timeOut="30000" id="430ff825-71ac-4d02-9cf9-cb0e942f3ba5" />
      <Owners>
        <Owner name="derik" />
      </Owners>
      <TestCategory>
        <TestCategoryItem TestCategory="CIT" />
      </TestCategory>
      <TestMethod codeBase="F:/advisorsrepo/wcfhttp/Http/Test/Microsoft.ApplicationServer.Http/Unit/bin/Release/Microsoft.ApplicationServer.Http.CIT.Unit.DLL" adapterTypeName="Microsoft.VisualStudio.TestTools.TestTypes.Unit.UnitTestAdapter, Microsoft.VisualStudio.QualityTools.Tips.UnitTest.Adapter, Version=10.0.0.0, Culture=neutral, PublicKeyToken=b03f5f7f11d50a3a" className="Microsoft.ApplicationServer.Http.Channels.HttpMessageEncodingRequestContextTests, Microsoft.ApplicationServer.Http.CIT.Unit, Version=0.0.0.0, Culture=neutral, PublicKeyToken=null" name="Reply_Provides_Same_Message_Instance_To_Inner_RequestContext_When_Response_Is_Not_HttpMessage" />
    </UnitTest>
    <UnitTest name="ConstructorThrowsIfARequestHandlerInputCanNotBeBound" storage="f:\advisorsrepo\wcfhttp\http\test\microsoft.applicationserver.http\unit\bin\release\microsoft.applicationserver.http.cit.unit.dll" id="a355a6d3-9e15-fc7d-5682-25787eae5a3b">
      <Description>OperationHandlerPipelineInfo(IEnumerable&lt;HttpOperationHandler&gt;, IEnumerable&lt;HttpOperationHandler&gt;, HttpOperationDescription) throws if a request HttpOperationHandler input parameter can not bound.</Description>
      <Execution timeOut="30000" id="1ee5fcde-e61c-475e-8959-a6dc10e4a59e" />
      <Owners>
        <Owner name="dravva" />
      </Owners>
      <TestCategory>
        <TestCategoryItem TestCategory="CIT" />
      </TestCategory>
      <TestMethod codeBase="F:/advisorsrepo/wcfhttp/Http/Test/Microsoft.ApplicationServer.Http/Unit/bin/Release/Microsoft.ApplicationServer.Http.CIT.Unit.DLL" adapterTypeName="Microsoft.VisualStudio.TestTools.TestTypes.Unit.UnitTestAdapter, Microsoft.VisualStudio.QualityTools.Tips.UnitTest.Adapter, Version=10.0.0.0, Culture=neutral, PublicKeyToken=b03f5f7f11d50a3a" className="Microsoft.ApplicationServer.Http.Dispatcher.OperationHandlerPipelineInfoTests, Microsoft.ApplicationServer.Http.CIT.Unit, Version=0.0.0.0, Culture=neutral, PublicKeyToken=null" name="ConstructorThrowsIfARequestHandlerInputCanNotBeBound" />
    </UnitTest>
    <UnitTest name="CreateInstance_Simple_Calls_OnCreateInstance" storage="f:\advisorsrepo\wcfhttp\http\test\microsoft.applicationserver.http\unit\bin\release\microsoft.applicationserver.http.cit.unit.dll" id="6afe1062-5c55-8e82-3558-0841ad49d996">
      <Description>HttpInstanceProvider.CreateInstance (simple form) calls protected OnCreateInstance</Description>
      <Execution timeOut="30000" id="5cac1d91-6170-43fc-84f9-9f1660694f8a" />
      <Owners>
        <Owner name="maying" />
      </Owners>
      <TestCategory>
        <TestCategoryItem TestCategory="CIT" />
      </TestCategory>
      <TestMethod codeBase="F:/advisorsrepo/wcfhttp/Http/Test/Microsoft.ApplicationServer.Http/Unit/bin/Release/Microsoft.ApplicationServer.Http.CIT.Unit.DLL" adapterTypeName="Microsoft.VisualStudio.TestTools.TestTypes.Unit.UnitTestAdapter, Microsoft.VisualStudio.QualityTools.Tips.UnitTest.Adapter, Version=10.0.0.0, Culture=neutral, PublicKeyToken=b03f5f7f11d50a3a" className="Microsoft.ApplicationServer.Http.Dispatcher.HttpInstanceProviderTests, Microsoft.ApplicationServer.Http.CIT.Unit, Version=0.0.0.0, Culture=neutral, PublicKeyToken=null" name="CreateInstance_Simple_Calls_OnCreateInstance" />
    </UnitTest>
    <UnitTest name="HttpOperationDescription_Update_ReturnValue_From_Incomplete_HttpOperationDescription" storage="f:\advisorsrepo\wcfhttp\http\test\microsoft.applicationserver.http\unit\bin\release\microsoft.applicationserver.http.cit.unit.dll" id="8bebbe63-ef84-8d98-d02a-d3dc314d4175">
      <Description>HttpOperationDescription updating return value through HttpOperationDescription with incomplete MesageDescription updates in OperationDescription</Description>
      <Execution timeOut="30000" id="3ff7c37b-486f-4979-862f-031e5a648dc4" />
      <Owners>
        <Owner name="maying" />
      </Owners>
      <TestCategory>
        <TestCategoryItem TestCategory="CIT" />
      </TestCategory>
      <TestMethod codeBase="F:/advisorsrepo/wcfhttp/Http/Test/Microsoft.ApplicationServer.Http/Unit/bin/Release/Microsoft.ApplicationServer.Http.CIT.Unit.DLL" adapterTypeName="Microsoft.VisualStudio.TestTools.TestTypes.Unit.UnitTestAdapter, Microsoft.VisualStudio.QualityTools.Tips.UnitTest.Adapter, Version=10.0.0.0, Culture=neutral, PublicKeyToken=b03f5f7f11d50a3a" className="Microsoft.ApplicationServer.Http.Description.HttpOperationDescriptionTests, Microsoft.ApplicationServer.Http.CIT.Unit, Version=0.0.0.0, Culture=neutral, PublicKeyToken=null" name="HttpOperationDescription_Update_ReturnValue_From_Incomplete_HttpOperationDescription" />
    </UnitTest>
    <UnitTest name="Handle_With_Simple_UriTemplate" storage="f:\advisorsrepo\wcfhttp\http\test\microsoft.applicationserver.http\unit\bin\release\microsoft.applicationserver.http.cit.unit.dll" id="eb1d3de5-92ed-8700-bba9-aa964755f67a">
      <Description>UriTemplateHttpOperationHandler.Handle returns the values from the path and query variables of the UriTemplateMatch.</Description>
      <Execution timeOut="30000" id="1d4f6dcb-8e53-4309-aa36-19015fd60672" />
      <Owners>
        <Owner name="vinelap" />
      </Owners>
      <TestCategory>
        <TestCategoryItem TestCategory="CIT" />
      </TestCategory>
      <TestMethod codeBase="F:/advisorsrepo/wcfhttp/Http/Test/Microsoft.ApplicationServer.Http/Unit/bin/Release/Microsoft.ApplicationServer.Http.CIT.Unit.DLL" adapterTypeName="Microsoft.VisualStudio.TestTools.TestTypes.Unit.UnitTestAdapter, Microsoft.VisualStudio.QualityTools.Tips.UnitTest.Adapter, Version=10.0.0.0, Culture=neutral, PublicKeyToken=b03f5f7f11d50a3a" className="Microsoft.ApplicationServer.Http.Dispatcher.UriTemplateHandlerTests, Microsoft.ApplicationServer.Http.CIT.Unit, Version=0.0.0.0, Culture=neutral, PublicKeyToken=null" name="Handle_With_Simple_UriTemplate" />
    </UnitTest>
    <UnitTest name="Behavior_Element_From_Config_Directly" storage="f:\advisorsrepo\wcfhttp\http\test\microsoft.applicationserver.http\unit\bin\release\microsoft.applicationserver.http.cit.unit.dll" id="ce675a86-ae7e-e921-efa9-89fa2908909c">
      <Description>A config file with single default HttpBehavior loads correctly</Description>
      <Execution timeOut="30000" id="3286da72-1433-4796-8b2f-bb671f1ca46f" />
      <Owners>
        <Owner name="vinelap" />
      </Owners>
      <TestCategory>
        <TestCategoryItem TestCategory="CIT" />
      </TestCategory>
      <DeploymentItems>
        <DeploymentItem filename="ConfigFiles\Microsoft.ApplicationServer.Http.CIT.Unit.ConfiguredHttpBehaviorTest.config" />
      </DeploymentItems>
      <TestMethod codeBase="F:/advisorsrepo/wcfhttp/Http/Test/Microsoft.ApplicationServer.Http/Unit/bin/Release/Microsoft.ApplicationServer.Http.CIT.Unit.DLL" adapterTypeName="Microsoft.VisualStudio.TestTools.TestTypes.Unit.UnitTestAdapter, Microsoft.VisualStudio.QualityTools.Tips.UnitTest.Adapter, Version=10.0.0.0, Culture=neutral, PublicKeyToken=b03f5f7f11d50a3a" className="Microsoft.ApplicationServer.Http.Configuration.HttpBehaviorElementTests, Microsoft.ApplicationServer.Http.CIT.Unit, Version=0.0.0.0, Culture=neutral, PublicKeyToken=null" name="Behavior_Element_From_Config_Directly" />
    </UnitTest>
    <UnitTest name="HttpOperationDescription_OutputParameter_Matches_Method" storage="f:\advisorsrepo\wcfhttp\http\test\microsoft.applicationserver.http\unit\bin\release\microsoft.applicationserver.http.cit.unit.dll" id="05f785be-3999-5748-22ad-03619ae61c6e">
      <Description>HttpOperationDescription OutputParameter matches method</Description>
      <Execution timeOut="30000" id="206af2ce-b086-4b4a-97aa-65e75687a57c" />
      <Owners>
        <Owner name="maying" />
      </Owners>
      <TestCategory>
        <TestCategoryItem TestCategory="CIT" />
      </TestCategory>
      <TestMethod codeBase="F:/advisorsrepo/wcfhttp/Http/Test/Microsoft.ApplicationServer.Http/Unit/bin/Release/Microsoft.ApplicationServer.Http.CIT.Unit.DLL" adapterTypeName="Microsoft.VisualStudio.TestTools.TestTypes.Unit.UnitTestAdapter, Microsoft.VisualStudio.QualityTools.Tips.UnitTest.Adapter, Version=10.0.0.0, Culture=neutral, PublicKeyToken=b03f5f7f11d50a3a" className="Microsoft.ApplicationServer.Http.Description.HttpOperationDescriptionTests, Microsoft.ApplicationServer.Http.CIT.Unit, Version=0.0.0.0, Culture=neutral, PublicKeyToken=null" name="HttpOperationDescription_OutputParameter_Matches_Method" />
    </UnitTest>
    <UnitTest name="HttpMessagePluginBindingElement_Method5" storage="f:\advisorsrepo\wcfhttp\http\test\microsoft.applicationserver.http\unit\bin\release\microsoft.applicationserver.http.cit.unit.dll" id="57665ee3-a8a6-65bd-c24c-2f31910c553f">
      <Execution timeOut="30000" id="0424355d-6049-4a05-9907-26ec92ee0c67" />
      <Owners>
        <Owner name="derik" />
      </Owners>
      <TestCategory>
        <TestCategoryItem TestCategory="ADP_Basics" />
        <TestCategoryItem TestCategory="CIT" />
      </TestCategory>
      <TestMethod codeBase="F:/advisorsrepo/wcfhttp/Http/Test/Microsoft.ApplicationServer.Http/Unit/bin/Release/Microsoft.ApplicationServer.Http.CIT.Unit.DLL" adapterTypeName="Microsoft.VisualStudio.TestTools.TestTypes.Unit.UnitTestAdapter, Microsoft.VisualStudio.QualityTools.Tips.UnitTest.Adapter, Version=10.0.0.0, Culture=neutral, PublicKeyToken=b03f5f7f11d50a3a" className="Microsoft.ApplicationServer.Http.Channels.HttpMessageHandlerChannelBindingElementTests, Microsoft.ApplicationServer.Http.CIT.Unit, Version=0.0.0.0, Culture=neutral, PublicKeyToken=null" name="HttpMessagePluginBindingElement_Method5" />
    </UnitTest>
    <UnitTest name="BeginTryReceiveRequest_Calls_BeginTryReceiveRequest_On_The_Inner_Channel" storage="f:\advisorsrepo\wcfhttp\http\test\microsoft.applicationserver.http\unit\bin\release\microsoft.applicationserver.http.cit.unit.dll" id="ecdf2177-f2e7-ae20-1d62-a58e4e906aa2">
      <Description>HttpMessageEncodingReplyChannel.BeginTryReceiveRequest calls BeginTryReceiveRequest on the inner channel.</Description>
      <Execution timeOut="30000" id="b4641755-8354-4cad-83b8-519decf0b0d7" />
      <Owners>
        <Owner name="derik" />
      </Owners>
      <TestCategory>
        <TestCategoryItem TestCategory="CIT" />
      </TestCategory>
      <TestMethod codeBase="F:/advisorsrepo/wcfhttp/Http/Test/Microsoft.ApplicationServer.Http/Unit/bin/Release/Microsoft.ApplicationServer.Http.CIT.Unit.DLL" adapterTypeName="Microsoft.VisualStudio.TestTools.TestTypes.Unit.UnitTestAdapter, Microsoft.VisualStudio.QualityTools.Tips.UnitTest.Adapter, Version=10.0.0.0, Culture=neutral, PublicKeyToken=b03f5f7f11d50a3a" className="Microsoft.ApplicationServer.Http.Channels.HttpMessageEncodingReplyChannelTests, Microsoft.ApplicationServer.Http.CIT.Unit, Version=0.0.0.0, Culture=neutral, PublicKeyToken=null" name="BeginTryReceiveRequest_Calls_BeginTryReceiveRequest_On_The_Inner_Channel" />
    </UnitTest>
    <UnitTest name="Constructor1ThrowsWithHttpContentAsT" storage="f:\advisorsrepo\wcfhttp\http\test\microsoft.applicationserver.http\unit\bin\release\microsoft.applicationserver.http.cit.unit.dll" id="ebf34ede-3229-9d17-6f03-39044c3fafc5">
      <Description>ObjectContent&lt;T&gt;(T, string) throws with HttpContent as T.</Description>
      <Execution timeOut="30000" id="1effa185-f627-40fd-8e58-b9fb34ba694e" />
      <Owners>
        <Owner name="dravva" />
      </Owners>
      <TestCategory>
        <TestCategoryItem TestCategory="CIT" />
      </TestCategory>
      <TestMethod codeBase="F:/advisorsrepo/wcfhttp/Http/Test/Microsoft.ApplicationServer.Http/Unit/bin/Release/Microsoft.ApplicationServer.Http.CIT.Unit.DLL" adapterTypeName="Microsoft.VisualStudio.TestTools.TestTypes.Unit.UnitTestAdapter, Microsoft.VisualStudio.QualityTools.Tips.UnitTest.Adapter, Version=10.0.0.0, Culture=neutral, PublicKeyToken=b03f5f7f11d50a3a" className="Microsoft.ApplicationServer.Http.ObjectContentOfTTests, Microsoft.ApplicationServer.Http.CIT.Unit, Version=0.0.0.0, Culture=neutral, PublicKeyToken=null" name="Constructor1ThrowsWithHttpContentAsT" />
    </UnitTest>
    <UnitTest name="WriteMessage_Returns_An_ArraySegment_With_The_Content_From_The_HttpMessage" storage="f:\advisorsrepo\wcfhttp\http\test\microsoft.applicationserver.http\unit\bin\release\microsoft.applicationserver.http.cit.unit.dll" id="7c5d430f-5797-933b-8581-a72deb58e380">
      <Description>HttpMessageEncoder.WriteMessage returns an ArraySegment with the HttpContent from the HttpResponseMessage of the HttpMessage.</Description>
      <Execution timeOut="30000" id="f32fc806-e730-4767-ac26-0f0f0ff14ccf" />
      <Owners>
        <Owner name="derik" />
      </Owners>
      <TestCategory>
        <TestCategoryItem TestCategory="CIT" />
      </TestCategory>
      <TestMethod codeBase="F:/advisorsrepo/wcfhttp/Http/Test/Microsoft.ApplicationServer.Http/Unit/bin/Release/Microsoft.ApplicationServer.Http.CIT.Unit.DLL" adapterTypeName="Microsoft.VisualStudio.TestTools.TestTypes.Unit.UnitTestAdapter, Microsoft.VisualStudio.QualityTools.Tips.UnitTest.Adapter, Version=10.0.0.0, Culture=neutral, PublicKeyToken=b03f5f7f11d50a3a" className="Microsoft.ApplicationServer.Http.Channels.HttpMessageEncoderTests, Microsoft.ApplicationServer.Http.CIT.Unit, Version=0.0.0.0, Culture=neutral, PublicKeyToken=null" name="WriteMessage_Returns_An_ArraySegment_With_The_Content_From_The_HttpMessage" />
    </UnitTest>
    <UnitTest name="HttpBinding_Throws_With_Unknown_ConfigurationName_Parameter" storage="f:\advisorsrepo\wcfhttp\http\test\microsoft.applicationserver.http\unit\bin\release\microsoft.applicationserver.http.cit.unit.dll" id="3ad3bb23-49a9-5193-7e55-baf11e3b2ac6">
      <Description>The HttpBinding constructor throws with an unknown configurationName parameter.</Description>
      <Execution timeOut="30000" id="1a9cfbd3-9fae-4a16-b9aa-99c5da51062c" />
      <Owners>
        <Owner name="derik" />
      </Owners>
      <TestCategory>
        <TestCategoryItem TestCategory="CIT" />
      </TestCategory>
      <DeploymentItems>
        <DeploymentItem filename="ConfigFiles\Microsoft.ApplicationServer.Http.CIT.Unit.ConfiguredHttpBindingTest.config" />
      </DeploymentItems>
      <TestMethod codeBase="F:/advisorsrepo/wcfhttp/Http/Test/Microsoft.ApplicationServer.Http/Unit/bin/Release/Microsoft.ApplicationServer.Http.CIT.Unit.DLL" adapterTypeName="Microsoft.VisualStudio.TestTools.TestTypes.Unit.UnitTestAdapter, Microsoft.VisualStudio.QualityTools.Tips.UnitTest.Adapter, Version=10.0.0.0, Culture=neutral, PublicKeyToken=b03f5f7f11d50a3a" className="Microsoft.ApplicationServer.Http.Configuration.HttpBindingElementTests, Microsoft.ApplicationServer.Http.CIT.Unit, Version=0.0.0.0, Culture=neutral, PublicKeyToken=null" name="HttpBinding_Throws_With_Unknown_ConfigurationName_Parameter" />
    </UnitTest>
    <UnitTest name="InputParametersReturnsReflectedHttpParameters" storage="f:\advisorsrepo\wcfhttp\http\test\microsoft.applicationserver.http\unit\bin\release\microsoft.applicationserver.http.cit.unit.dll" id="2560ec52-4d9e-47e2-b2c8-15868b6b142b">
      <Description>InputParameters returns the HttpParameters determined by reflecting over the generic HttpOperationHandlerOfT.</Description>
      <Execution timeOut="30000" id="4c428e7d-6ae7-4696-b3a5-f2c657dbecf2" />
      <Owners>
        <Owner name="dravva" />
      </Owners>
      <TestCategory>
        <TestCategoryItem TestCategory="CIT" />
      </TestCategory>
      <TestMethod codeBase="F:/advisorsrepo/wcfhttp/Http/Test/Microsoft.ApplicationServer.Http/Unit/bin/Release/Microsoft.ApplicationServer.Http.CIT.Unit.DLL" adapterTypeName="Microsoft.VisualStudio.TestTools.TestTypes.Unit.UnitTestAdapter, Microsoft.VisualStudio.QualityTools.Tips.UnitTest.Adapter, Version=10.0.0.0, Culture=neutral, PublicKeyToken=b03f5f7f11d50a3a" className="Microsoft.ApplicationServer.Http.Dispatcher.HttpOperationHandlerOfTTests, Microsoft.ApplicationServer.Http.CIT.Unit, Version=0.0.0.0, Culture=neutral, PublicKeyToken=null" name="InputParametersReturnsReflectedHttpParameters" />
    </UnitTest>
    <UnitTest name="ReadAsAsyncCallsFormatterOnceOnly" storage="f:\advisorsrepo\wcfhttp\http\test\microsoft.applicationserver.http\unit\bin\release\microsoft.applicationserver.http.cit.unit.dll" id="70d462e3-417d-0e36-f276-6704a0de92d3">
      <Description>ReadAsAsync() calls the registered MediaTypeFormatter for SupportedMediaTypes and ReadFromStream only once and then uses the cached value.</Description>
      <Execution timeOut="30000" id="a75fa727-a270-467e-9cc4-f871295b496d" />
      <Owners>
        <Owner name="dravva" />
      </Owners>
      <TestCategory>
        <TestCategoryItem TestCategory="CIT" />
      </TestCategory>
      <TestMethod codeBase="F:/advisorsrepo/wcfhttp/Http/Test/Microsoft.ApplicationServer.Http/Unit/bin/Release/Microsoft.ApplicationServer.Http.CIT.Unit.DLL" adapterTypeName="Microsoft.VisualStudio.TestTools.TestTypes.Unit.UnitTestAdapter, Microsoft.VisualStudio.QualityTools.Tips.UnitTest.Adapter, Version=10.0.0.0, Culture=neutral, PublicKeyToken=b03f5f7f11d50a3a" className="Microsoft.ApplicationServer.Http.ObjectContentTests, Microsoft.ApplicationServer.Http.CIT.Unit, Version=0.0.0.0, Culture=neutral, PublicKeyToken=null" name="ReadAsAsyncCallsFormatterOnceOnly" />
    </UnitTest>
    <UnitTest name="Constructor1" storage="f:\advisorsrepo\wcfhttp\http\test\microsoft.applicationserver.http\unit\bin\release\microsoft.applicationserver.http.cit.unit.dll" id="5fff4461-b51e-97d3-cb92-0f7407ff9d85">
      <Description>UriPathExtensionMapping(string, MediaTypeHeaderValue) sets UriPathExtension and MediaType.</Description>
      <Execution timeOut="30000" id="48e5cc72-3ce0-45c5-99a1-0830af323a09" />
      <Owners>
        <Owner name="dravva" />
      </Owners>
      <TestCategory>
        <TestCategoryItem TestCategory="CIT" />
      </TestCategory>
      <TestMethod codeBase="F:/advisorsrepo/wcfhttp/Http/Test/Microsoft.ApplicationServer.Http/Unit/bin/Release/Microsoft.ApplicationServer.Http.CIT.Unit.DLL" adapterTypeName="Microsoft.VisualStudio.TestTools.TestTypes.Unit.UnitTestAdapter, Microsoft.VisualStudio.QualityTools.Tips.UnitTest.Adapter, Version=10.0.0.0, Culture=neutral, PublicKeyToken=b03f5f7f11d50a3a" className="Microsoft.ApplicationServer.Http.UriPathExtensionMappingTests, Microsoft.ApplicationServer.Http.CIT.Unit, Version=0.0.0.0, Culture=neutral, PublicKeyToken=null" name="Constructor1" />
    </UnitTest>
    <UnitTest name="Constructor6ThrowsWithNullFormatters" storage="f:\advisorsrepo\wcfhttp\http\test\microsoft.applicationserver.http\unit\bin\release\microsoft.applicationserver.http.cit.unit.dll" id="3f4d4e1e-f9b5-3194-da8f-42b832122fc9">
      <Description>ObjectContent(Type, object, MediaTypeHeaderValue, IEnumerable&lt;MediaTypeFormatter&gt;) throws with a null formatters.</Description>
      <Execution timeOut="30000" id="4e70c7dc-ca91-4296-82b8-968a67e5638e" />
      <Owners>
        <Owner name="dravva" />
      </Owners>
      <TestCategory>
        <TestCategoryItem TestCategory="CIT" />
      </TestCategory>
      <TestMethod codeBase="F:/advisorsrepo/wcfhttp/Http/Test/Microsoft.ApplicationServer.Http/Unit/bin/Release/Microsoft.ApplicationServer.Http.CIT.Unit.DLL" adapterTypeName="Microsoft.VisualStudio.TestTools.TestTypes.Unit.UnitTestAdapter, Microsoft.VisualStudio.QualityTools.Tips.UnitTest.Adapter, Version=10.0.0.0, Culture=neutral, PublicKeyToken=b03f5f7f11d50a3a" className="Microsoft.ApplicationServer.Http.ObjectContentTests, Microsoft.ApplicationServer.Http.CIT.Unit, Version=0.0.0.0, Culture=neutral, PublicKeyToken=null" name="Constructor6ThrowsWithNullFormatters" />
    </UnitTest>
    <UnitTest name="SelectOperation_Null_Message_Throws" storage="f:\advisorsrepo\wcfhttp\http\test\microsoft.applicationserver.http\unit\bin\release\microsoft.applicationserver.http.cit.unit.dll" id="c069af58-5db8-af6d-2b46-485e266d57d0">
      <Description>HttpOperationSelector.SelectOperation throws ArgumentNullException for null message</Description>
      <Execution timeOut="30000" id="a5cd1fcc-9f06-477e-b589-73200eb0c37f" />
      <Owners>
        <Owner name="maying" />
      </Owners>
      <TestCategory>
        <TestCategoryItem TestCategory="CIT" />
      </TestCategory>
      <TestMethod codeBase="F:/advisorsrepo/wcfhttp/Http/Test/Microsoft.ApplicationServer.Http/Unit/bin/Release/Microsoft.ApplicationServer.Http.CIT.Unit.DLL" adapterTypeName="Microsoft.VisualStudio.TestTools.TestTypes.Unit.UnitTestAdapter, Microsoft.VisualStudio.QualityTools.Tips.UnitTest.Adapter, Version=10.0.0.0, Culture=neutral, PublicKeyToken=b03f5f7f11d50a3a" className="Microsoft.ApplicationServer.Http.Dispatcher.HttpOperationSelectorTests, Microsoft.ApplicationServer.Http.CIT.Unit, Version=0.0.0.0, Culture=neutral, PublicKeyToken=null" name="SelectOperation_Null_Message_Throws" />
    </UnitTest>
    <UnitTest name="InsertSetsXmlFormatter" storage="f:\advisorsrepo\wcfhttp\http\test\microsoft.applicationserver.http\unit\bin\release\microsoft.applicationserver.http.cit.unit.dll" id="ad3df325-e7ba-6824-08f3-61a336fa8917">
      <Description>MediaTypeFormatterCollection.Insert sets XmlFormatter.</Description>
      <Execution timeOut="30000" id="64eb166f-6c66-4cbe-ad54-4587911a8d04" />
      <Owners>
        <Owner name="dravva" />
      </Owners>
      <TestCategory>
        <TestCategoryItem TestCategory="CIT" />
      </TestCategory>
      <TestMethod codeBase="F:/advisorsrepo/wcfhttp/Http/Test/Microsoft.ApplicationServer.Http/Unit/bin/Release/Microsoft.ApplicationServer.Http.CIT.Unit.DLL" adapterTypeName="Microsoft.VisualStudio.TestTools.TestTypes.Unit.UnitTestAdapter, Microsoft.VisualStudio.QualityTools.Tips.UnitTest.Adapter, Version=10.0.0.0, Culture=neutral, PublicKeyToken=b03f5f7f11d50a3a" className="Microsoft.ApplicationServer.Http.MediaTypeFormatterCollectionTests, Microsoft.ApplicationServer.Http.CIT.Unit, Version=0.0.0.0, Culture=neutral, PublicKeyToken=null" name="InsertSetsXmlFormatter" />
    </UnitTest>
    <UnitTest name="HttpMessage_Constructor_Takes_An_HttpResponseMessage" storage="f:\advisorsrepo\wcfhttp\http\test\microsoft.applicationserver.http\unit\bin\release\microsoft.applicationserver.http.cit.unit.dll" id="94606250-9ee3-4156-4029-96b736c48c27">
      <Description>HttpMessage constructor takes an HttpResponseMessage parameter.</Description>
      <Execution timeOut="30000" id="55b706cc-dab6-40b2-b47c-e821b3cd46ee" />
      <Owners>
        <Owner name="derik" />
      </Owners>
      <TestCategory>
        <TestCategoryItem TestCategory="CIT" />
      </TestCategory>
      <TestMethod codeBase="F:/advisorsrepo/wcfhttp/Http/Test/Microsoft.ApplicationServer.Http/Unit/bin/Release/Microsoft.ApplicationServer.Http.CIT.Unit.DLL" adapterTypeName="Microsoft.VisualStudio.TestTools.TestTypes.Unit.UnitTestAdapter, Microsoft.VisualStudio.QualityTools.Tips.UnitTest.Adapter, Version=10.0.0.0, Culture=neutral, PublicKeyToken=b03f5f7f11d50a3a" className="Microsoft.ApplicationServer.Http.Channels.HttpMessageTests, Microsoft.ApplicationServer.Http.CIT.Unit, Version=0.0.0.0, Culture=neutral, PublicKeyToken=null" name="HttpMessage_Constructor_Takes_An_HttpResponseMessage" />
    </UnitTest>
    <UnitTest name="BeginWaitForChannel_Calls_The_Inner_Listener" storage="f:\advisorsrepo\wcfhttp\http\test\microsoft.applicationserver.http\unit\bin\release\microsoft.applicationserver.http.cit.unit.dll" id="ff4b044b-d474-c463-d604-9072489d782a">
      <Description>HttpMessageEncodingChannelListener.BeginWaitForChannel calls BeginWaitForChannel on the inner listener with the given parameters.</Description>
      <Execution timeOut="30000" id="b69218ff-b5f3-4240-a588-c975ac84528b" />
      <Owners>
        <Owner name="derik" />
      </Owners>
      <TestCategory>
        <TestCategoryItem TestCategory="CIT" />
      </TestCategory>
      <TestMethod codeBase="F:/advisorsrepo/wcfhttp/Http/Test/Microsoft.ApplicationServer.Http/Unit/bin/Release/Microsoft.ApplicationServer.Http.CIT.Unit.DLL" adapterTypeName="Microsoft.VisualStudio.TestTools.TestTypes.Unit.UnitTestAdapter, Microsoft.VisualStudio.QualityTools.Tips.UnitTest.Adapter, Version=10.0.0.0, Culture=neutral, PublicKeyToken=b03f5f7f11d50a3a" className="Microsoft.ApplicationServer.Http.Channels.HttpMessageEncodingChannelListenerTests, Microsoft.ApplicationServer.Http.CIT.Unit, Version=0.0.0.0, Culture=neutral, PublicKeyToken=null" name="BeginWaitForChannel_Calls_The_Inner_Listener" />
    </UnitTest>
    <UnitTest name="TypeIsCorrect" storage="f:\advisorsrepo\wcfhttp\http\test\microsoft.applicationserver.http\unit\bin\release\microsoft.applicationserver.http.cit.unit.dll" id="8878d653-131d-820b-62fa-17e46e8fe214">
      <Description>HttpRequestMessage&lt;T&gt; is public, concrete, unsealed and generic.</Description>
      <Execution timeOut="30000" id="e24ce872-3b8d-4edc-a6c1-0a22928ec1aa" />
      <Owners>
        <Owner name="dravva" />
      </Owners>
      <TestCategory>
        <TestCategoryItem TestCategory="CIT" />
      </TestCategory>
      <TestMethod codeBase="F:/advisorsrepo/wcfhttp/Http/Test/Microsoft.ApplicationServer.Http/Unit/bin/Release/Microsoft.ApplicationServer.Http.CIT.Unit.DLL" adapterTypeName="Microsoft.VisualStudio.TestTools.TestTypes.Unit.UnitTestAdapter, Microsoft.VisualStudio.QualityTools.Tips.UnitTest.Adapter, Version=10.0.0.0, Culture=neutral, PublicKeyToken=b03f5f7f11d50a3a" className="Microsoft.ApplicationServer.Http.HttpRequestMessageOfTTests, Microsoft.ApplicationServer.Http.CIT.Unit, Version=0.0.0.0, Culture=neutral, PublicKeyToken=null" name="TypeIsCorrect" />
    </UnitTest>
    <UnitTest name="MessageState_Is_Closed_After_Calling_Closed" storage="f:\advisorsrepo\wcfhttp\http\test\microsoft.applicationserver.http\unit\bin\release\microsoft.applicationserver.http.cit.unit.dll" id="5130026f-6dc9-2f92-4828-8e141ecbbf91">
      <Description>HttpMessage.State will be MessageState.Closed after calling close.</Description>
      <Execution timeOut="30000" id="74f3271d-0860-4449-b863-ae4bb98dddca" />
      <Owners>
        <Owner name="derik" />
      </Owners>
      <TestCategory>
        <TestCategoryItem TestCategory="CIT" />
      </TestCategory>
      <TestMethod codeBase="F:/advisorsrepo/wcfhttp/Http/Test/Microsoft.ApplicationServer.Http/Unit/bin/Release/Microsoft.ApplicationServer.Http.CIT.Unit.DLL" adapterTypeName="Microsoft.VisualStudio.TestTools.TestTypes.Unit.UnitTestAdapter, Microsoft.VisualStudio.QualityTools.Tips.UnitTest.Adapter, Version=10.0.0.0, Culture=neutral, PublicKeyToken=b03f5f7f11d50a3a" className="Microsoft.ApplicationServer.Http.Channels.HttpMessageTests, Microsoft.ApplicationServer.Http.CIT.Unit, Version=0.0.0.0, Culture=neutral, PublicKeyToken=null" name="MessageState_Is_Closed_After_Calling_Closed" />
    </UnitTest>
    <UnitTest name="UnitTestClassIsCorrect" storage="f:\advisorsrepo\wcfhttp\http\test\microsoft.applicationserver.http\unit\bin\release\microsoft.applicationserver.http.cit.unit.dll" id="b9cb1256-6626-3a9c-4482-910fe6c178da">
      <Execution timeOut="1800000" id="6b3e881f-2260-4d33-a8d8-5f8ec9d74c0e" />
      <TestMethod codeBase="F:/advisorsrepo/wcfhttp/Http/Test/Microsoft.ApplicationServer.Http/Unit/bin/Release/Microsoft.ApplicationServer.Http.CIT.Unit.DLL" adapterTypeName="Microsoft.VisualStudio.TestTools.TestTypes.Unit.UnitTestAdapter, Microsoft.VisualStudio.QualityTools.Tips.UnitTest.Adapter, Version=10.0.0.0, Culture=neutral, PublicKeyToken=b03f5f7f11d50a3a" className="Microsoft.ApplicationServer.Http.ObjectContentOfTTests, Microsoft.ApplicationServer.Http.CIT.Unit, Version=0.0.0.0, Culture=neutral, PublicKeyToken=null" name="UnitTestClassIsCorrect" />
    </UnitTest>
    <UnitTest name="HttpMessagePluginBindingElement_Method7" storage="f:\advisorsrepo\wcfhttp\http\test\microsoft.applicationserver.http\unit\bin\release\microsoft.applicationserver.http.cit.unit.dll" id="bd2947c5-ee40-07f4-b7e0-1efe01ea00d1">
      <Execution timeOut="30000" id="7b58dce3-e9ea-4b33-b5f7-3d6eb7643686" />
      <Owners>
        <Owner name="derik" />
      </Owners>
      <TestCategory>
        <TestCategoryItem TestCategory="ADP_Basics" />
        <TestCategoryItem TestCategory="CIT" />
      </TestCategory>
      <TestMethod codeBase="F:/advisorsrepo/wcfhttp/Http/Test/Microsoft.ApplicationServer.Http/Unit/bin/Release/Microsoft.ApplicationServer.Http.CIT.Unit.DLL" adapterTypeName="Microsoft.VisualStudio.TestTools.TestTypes.Unit.UnitTestAdapter, Microsoft.VisualStudio.QualityTools.Tips.UnitTest.Adapter, Version=10.0.0.0, Culture=neutral, PublicKeyToken=b03f5f7f11d50a3a" className="Microsoft.ApplicationServer.Http.Channels.HttpMessageHandlerChannelBindingElementTests, Microsoft.ApplicationServer.Http.CIT.Unit, Version=0.0.0.0, Culture=neutral, PublicKeyToken=null" name="HttpMessagePluginBindingElement_Method7" />
    </UnitTest>
    <UnitTest name="SelectOperation_Returns_Custom_Operation_Name" storage="f:\advisorsrepo\wcfhttp\http\test\microsoft.applicationserver.http\unit\bin\release\microsoft.applicationserver.http.cit.unit.dll" id="8c17fe43-ad28-1237-3093-88cfaece3054">
      <Description>HttpOperationSelector.SelectOperation returns custom operation name</Description>
      <Execution timeOut="30000" id="a44b75f0-496e-467d-a322-a054027d4d51" />
      <Owners>
        <Owner name="maying" />
      </Owners>
      <TestCategory>
        <TestCategoryItem TestCategory="CIT" />
      </TestCategory>
      <TestMethod codeBase="F:/advisorsrepo/wcfhttp/Http/Test/Microsoft.ApplicationServer.Http/Unit/bin/Release/Microsoft.ApplicationServer.Http.CIT.Unit.DLL" adapterTypeName="Microsoft.VisualStudio.TestTools.TestTypes.Unit.UnitTestAdapter, Microsoft.VisualStudio.QualityTools.Tips.UnitTest.Adapter, Version=10.0.0.0, Culture=neutral, PublicKeyToken=b03f5f7f11d50a3a" className="Microsoft.ApplicationServer.Http.Dispatcher.HttpOperationSelectorTests, Microsoft.ApplicationServer.Http.CIT.Unit, Version=0.0.0.0, Culture=neutral, PublicKeyToken=null" name="SelectOperation_Returns_Custom_Operation_Name" />
    </UnitTest>
    <UnitTest name="SupportedMediaTypesAddThrowsWithMediaRange" storage="f:\advisorsrepo\wcfhttp\http\test\microsoft.applicationserver.http\unit\bin\release\microsoft.applicationserver.http.cit.unit.dll" id="858242ba-2075-b912-7ef1-b74a4950dd82">
      <Description>SupportedMediaTypes.Add throws with a media range.</Description>
      <Execution timeOut="30000" id="f81de12b-889d-4a20-9467-1f2474853581" />
      <Owners>
        <Owner name="dravva" />
      </Owners>
      <TestCategory>
        <TestCategoryItem TestCategory="CIT" />
      </TestCategory>
      <TestMethod codeBase="F:/advisorsrepo/wcfhttp/Http/Test/Microsoft.ApplicationServer.Http/Unit/bin/Release/Microsoft.ApplicationServer.Http.CIT.Unit.DLL" adapterTypeName="Microsoft.VisualStudio.TestTools.TestTypes.Unit.UnitTestAdapter, Microsoft.VisualStudio.QualityTools.Tips.UnitTest.Adapter, Version=10.0.0.0, Culture=neutral, PublicKeyToken=b03f5f7f11d50a3a" className="Microsoft.ApplicationServer.Http.MediaTypeFormatterTests, Microsoft.ApplicationServer.Http.CIT.Unit, Version=0.0.0.0, Culture=neutral, PublicKeyToken=null" name="SupportedMediaTypesAddThrowsWithMediaRange" />
    </UnitTest>
    <UnitTest name="SupportsMediaType1ReturnsFalseWithExtensionNotLastInUri" storage="f:\advisorsrepo\wcfhttp\http\test\microsoft.applicationserver.http\unit\bin\release\microsoft.applicationserver.http.cit.unit.dll" id="1abc93e2-8cc5-57c5-968e-738412575768">
      <Description>SupportsMediaType(HttpResponseMessage) returns false when the uri contains the extension but does not end with it.</Description>
      <Execution timeOut="30000" id="a5d7d93b-0a51-4ba8-affd-34c52c1bad6a" />
      <Owners>
        <Owner name="dravva" />
      </Owners>
      <TestCategory>
        <TestCategoryItem TestCategory="CIT" />
      </TestCategory>
      <TestMethod codeBase="F:/advisorsrepo/wcfhttp/Http/Test/Microsoft.ApplicationServer.Http/Unit/bin/Release/Microsoft.ApplicationServer.Http.CIT.Unit.DLL" adapterTypeName="Microsoft.VisualStudio.TestTools.TestTypes.Unit.UnitTestAdapter, Microsoft.VisualStudio.QualityTools.Tips.UnitTest.Adapter, Version=10.0.0.0, Culture=neutral, PublicKeyToken=b03f5f7f11d50a3a" className="Microsoft.ApplicationServer.Http.UriPathExtensionMappingTests, Microsoft.ApplicationServer.Http.CIT.Unit, Version=0.0.0.0, Culture=neutral, PublicKeyToken=null" name="SupportsMediaType1ReturnsFalseWithExtensionNotLastInUri" />
    </UnitTest>
    <UnitTest name="IsFault_Is_False" storage="f:\advisorsrepo\wcfhttp\http\test\microsoft.applicationserver.http\unit\bin\release\microsoft.applicationserver.http.cit.unit.dll" id="d4fbccde-6e55-c19f-cfaa-192dc55ba328">
      <Description>HttpMessage will never be a fault.</Description>
      <Execution timeOut="30000" id="b3f8ab4b-73e7-45a1-882c-d0ec55920c32" />
      <Owners>
        <Owner name="derik" />
      </Owners>
      <TestCategory>
        <TestCategoryItem TestCategory="CIT" />
      </TestCategory>
      <TestMethod codeBase="F:/advisorsrepo/wcfhttp/Http/Test/Microsoft.ApplicationServer.Http/Unit/bin/Release/Microsoft.ApplicationServer.Http.CIT.Unit.DLL" adapterTypeName="Microsoft.VisualStudio.TestTools.TestTypes.Unit.UnitTestAdapter, Microsoft.VisualStudio.QualityTools.Tips.UnitTest.Adapter, Version=10.0.0.0, Culture=neutral, PublicKeyToken=b03f5f7f11d50a3a" className="Microsoft.ApplicationServer.Http.Channels.HttpMessageTests, Microsoft.ApplicationServer.Http.CIT.Unit, Version=0.0.0.0, Culture=neutral, PublicKeyToken=null" name="IsFault_Is_False" />
    </UnitTest>
    <UnitTest name="ReadMessage_Returns_HttpMessage_With_HttpContent_Created_From_The_Buffer" storage="f:\advisorsrepo\wcfhttp\http\test\microsoft.applicationserver.http\unit\bin\release\microsoft.applicationserver.http.cit.unit.dll" id="6e009ce8-eefa-a236-ff8f-ba5d131cc9d3">
      <Description>HttpMessageEncoder.ReadMessage returns an HttpMessage with HttpContent created from a copy of the buffer parameter.</Description>
      <Execution timeOut="30000" id="cb409389-eb9e-4edb-be9a-2f8b62ecc3a6" />
      <Owners>
        <Owner name="derik" />
      </Owners>
      <TestCategory>
        <TestCategoryItem TestCategory="CIT" />
      </TestCategory>
      <TestMethod codeBase="F:/advisorsrepo/wcfhttp/Http/Test/Microsoft.ApplicationServer.Http/Unit/bin/Release/Microsoft.ApplicationServer.Http.CIT.Unit.DLL" adapterTypeName="Microsoft.VisualStudio.TestTools.TestTypes.Unit.UnitTestAdapter, Microsoft.VisualStudio.QualityTools.Tips.UnitTest.Adapter, Version=10.0.0.0, Culture=neutral, PublicKeyToken=b03f5f7f11d50a3a" className="Microsoft.ApplicationServer.Http.Channels.HttpMessageEncoderTests, Microsoft.ApplicationServer.Http.CIT.Unit, Version=0.0.0.0, Culture=neutral, PublicKeyToken=null" name="ReadMessage_Returns_HttpMessage_With_HttpContent_Created_From_The_Buffer" />
    </UnitTest>
    <UnitTest name="UnitTestClassIsCorrect" storage="f:\advisorsrepo\wcfhttp\http\test\microsoft.applicationserver.http\unit\bin\release\microsoft.applicationserver.http.cit.unit.dll" id="cb6b3c87-ac17-a125-bdd0-fdda3d410979">
      <Execution timeOut="1800000" id="148964ed-5a68-4661-a2dc-6873b0dbb931" />
      <TestMethod codeBase="F:/advisorsrepo/wcfhttp/Http/Test/Microsoft.ApplicationServer.Http/Unit/bin/Release/Microsoft.ApplicationServer.Http.CIT.Unit.DLL" adapterTypeName="Microsoft.VisualStudio.TestTools.TestTypes.Unit.UnitTestAdapter, Microsoft.VisualStudio.QualityTools.Tips.UnitTest.Adapter, Version=10.0.0.0, Culture=neutral, PublicKeyToken=b03f5f7f11d50a3a" className="Microsoft.ApplicationServer.Http.Dispatcher.HttpOperationHandlerTests, Microsoft.ApplicationServer.Http.CIT.Unit, Version=0.0.0.0, Culture=neutral, PublicKeyToken=null" name="UnitTestClassIsCorrect" />
    </UnitTest>
    <UnitTest name="Constructor2ThrowsWithHttpContentAsT" storage="f:\advisorsrepo\wcfhttp\http\test\microsoft.applicationserver.http\unit\bin\release\microsoft.applicationserver.http.cit.unit.dll" id="e6011be0-f347-be5c-3c10-5345649bf92d">
      <Description>ObjectContent&lt;T&gt;(T, MediaTypeHeaderValue) throws with HttpContent as T.</Description>
      <Execution timeOut="30000" id="9346ec7b-951a-4336-a7e6-e2c128504319" />
      <Owners>
        <Owner name="dravva" />
      </Owners>
      <TestCategory>
        <TestCategoryItem TestCategory="CIT" />
      </TestCategory>
      <TestMethod codeBase="F:/advisorsrepo/wcfhttp/Http/Test/Microsoft.ApplicationServer.Http/Unit/bin/Release/Microsoft.ApplicationServer.Http.CIT.Unit.DLL" adapterTypeName="Microsoft.VisualStudio.TestTools.TestTypes.Unit.UnitTestAdapter, Microsoft.VisualStudio.QualityTools.Tips.UnitTest.Adapter, Version=10.0.0.0, Culture=neutral, PublicKeyToken=b03f5f7f11d50a3a" className="Microsoft.ApplicationServer.Http.ObjectContentOfTTests, Microsoft.ApplicationServer.Http.CIT.Unit, Version=0.0.0.0, Culture=neutral, PublicKeyToken=null" name="Constructor2ThrowsWithHttpContentAsT" />
    </UnitTest>
    <UnitTest name="Constructor3" storage="f:\advisorsrepo\wcfhttp\http\test\microsoft.applicationserver.http\unit\bin\release\microsoft.applicationserver.http.cit.unit.dll" id="65c9dc02-f523-a695-78ad-0b08246cef74">
      <Description>HttpRequestMessage&lt;T&gt;(T, HttpMethod, Uri, IEnumerable&lt;MediaTypeFormatter&gt;) sets Content, Method and Uri properties with all known value and reference types.</Description>
      <Execution timeOut="30000" id="e8cd3bda-11d5-4fb0-beda-43c3132987e5" />
      <Owners>
        <Owner name="dravva" />
      </Owners>
      <TestCategory>
        <TestCategoryItem TestCategory="CIT" />
      </TestCategory>
      <TestMethod codeBase="F:/advisorsrepo/wcfhttp/Http/Test/Microsoft.ApplicationServer.Http/Unit/bin/Release/Microsoft.ApplicationServer.Http.CIT.Unit.DLL" adapterTypeName="Microsoft.VisualStudio.TestTools.TestTypes.Unit.UnitTestAdapter, Microsoft.VisualStudio.QualityTools.Tips.UnitTest.Adapter, Version=10.0.0.0, Culture=neutral, PublicKeyToken=b03f5f7f11d50a3a" className="Microsoft.ApplicationServer.Http.HttpRequestMessageOfTTests, Microsoft.ApplicationServer.Http.CIT.Unit, Version=0.0.0.0, Culture=neutral, PublicKeyToken=null" name="Constructor3" />
    </UnitTest>
    <UnitTest name="HandleThrowsIfOnHandleReturnsTooSmallArray" storage="f:\advisorsrepo\wcfhttp\http\test\microsoft.applicationserver.http\unit\bin\release\microsoft.applicationserver.http.cit.unit.dll" id="5bfe28cf-9d2a-2e6e-7d78-44597a3aadcf">
      <Description>Handle(object[]) throws when OnHandle() returns an array smaller than promised.</Description>
      <Execution timeOut="30000" id="2e67fa23-8855-455e-92f7-6e37e1b2e655" />
      <Owners>
        <Owner name="vinelap" />
      </Owners>
      <TestCategory>
        <TestCategoryItem TestCategory="CIT" />
      </TestCategory>
      <TestMethod codeBase="F:/advisorsrepo/wcfhttp/Http/Test/Microsoft.ApplicationServer.Http/Unit/bin/Release/Microsoft.ApplicationServer.Http.CIT.Unit.DLL" adapterTypeName="Microsoft.VisualStudio.TestTools.TestTypes.Unit.UnitTestAdapter, Microsoft.VisualStudio.QualityTools.Tips.UnitTest.Adapter, Version=10.0.0.0, Culture=neutral, PublicKeyToken=b03f5f7f11d50a3a" className="Microsoft.ApplicationServer.Http.Dispatcher.HttpOperationHandlerTests, Microsoft.ApplicationServer.Http.CIT.Unit, Version=0.0.0.0, Culture=neutral, PublicKeyToken=null" name="HandleThrowsIfOnHandleReturnsTooSmallArray" />
    </UnitTest>
    <UnitTest name="SetSerializerThrowsWithNullSerializer" storage="f:\advisorsrepo\wcfhttp\http\test\microsoft.applicationserver.http\unit\bin\release\microsoft.applicationserver.http.cit.unit.dll" id="5c811b2e-c0cb-82ae-8277-4fce857c209e">
      <Description>XmlMediaTypeFormatter.SetSerializer(Type, XmlSerializer) throws with null serializer.</Description>
      <Execution timeOut="30000" id="8e6cfac6-e4f0-4422-b56e-1e617ccaaee4" />
      <Owners>
        <Owner name="dravva" />
      </Owners>
      <TestCategory>
        <TestCategoryItem TestCategory="CIT" />
      </TestCategory>
      <TestMethod codeBase="F:/advisorsrepo/wcfhttp/Http/Test/Microsoft.ApplicationServer.Http/Unit/bin/Release/Microsoft.ApplicationServer.Http.CIT.Unit.DLL" adapterTypeName="Microsoft.VisualStudio.TestTools.TestTypes.Unit.UnitTestAdapter, Microsoft.VisualStudio.QualityTools.Tips.UnitTest.Adapter, Version=10.0.0.0, Culture=neutral, PublicKeyToken=b03f5f7f11d50a3a" className="Microsoft.ApplicationServer.Http.XmlMediaTypeFormatterTests, Microsoft.ApplicationServer.Http.CIT.Unit, Version=0.0.0.0, Culture=neutral, PublicKeyToken=null" name="SetSerializerThrowsWithNullSerializer" />
    </UnitTest>
    <UnitTest name="DefaultHttpMessagePluginFactory_Property1" storage="f:\advisorsrepo\wcfhttp\http\test\microsoft.applicationserver.http\unit\bin\release\microsoft.applicationserver.http.cit.unit.dll" id="129da1f1-f6f2-b3cd-a379-43827a7581e9">
      <Execution timeOut="30000" id="80ead954-a6d3-49b3-aba2-32bec5cc4cdd" />
      <Owners>
        <Owner name="derik" />
      </Owners>
      <TestCategory>
        <TestCategoryItem TestCategory="ADP_Basics" />
        <TestCategoryItem TestCategory="CIT" />
      </TestCategory>
      <TestMethod codeBase="F:/advisorsrepo/wcfhttp/Http/Test/Microsoft.ApplicationServer.Http/Unit/bin/Release/Microsoft.ApplicationServer.Http.CIT.Unit.DLL" adapterTypeName="Microsoft.VisualStudio.TestTools.TestTypes.Unit.UnitTestAdapter, Microsoft.VisualStudio.QualityTools.Tips.UnitTest.Adapter, Version=10.0.0.0, Culture=neutral, PublicKeyToken=b03f5f7f11d50a3a" className="Microsoft.ApplicationServer.Http.Channels.HttpMessageHandlerChannelFactoryTests, Microsoft.ApplicationServer.Http.CIT.Unit, Version=0.0.0.0, Culture=neutral, PublicKeyToken=null" name="DefaultHttpMessagePluginFactory_Property1" />
    </UnitTest>
    <UnitTest name="HttpOperationDescription_Returns_Attributes" storage="f:\advisorsrepo\wcfhttp\http\test\microsoft.applicationserver.http\unit\bin\release\microsoft.applicationserver.http.cit.unit.dll" id="5bc80d73-50ec-d2c2-e2e1-0201623f34f9">
      <Description>HttpOperationDescription returns attributes from operation method</Description>
      <Execution timeOut="30000" id="aa6aa6bf-604c-4bcd-956a-aab76797364e" />
      <Owners>
        <Owner name="maying" />
      </Owners>
      <TestCategory>
        <TestCategoryItem TestCategory="CIT" />
      </TestCategory>
      <TestMethod codeBase="F:/advisorsrepo/wcfhttp/Http/Test/Microsoft.ApplicationServer.Http/Unit/bin/Release/Microsoft.ApplicationServer.Http.CIT.Unit.DLL" adapterTypeName="Microsoft.VisualStudio.TestTools.TestTypes.Unit.UnitTestAdapter, Microsoft.VisualStudio.QualityTools.Tips.UnitTest.Adapter, Version=10.0.0.0, Culture=neutral, PublicKeyToken=b03f5f7f11d50a3a" className="Microsoft.ApplicationServer.Http.Description.HttpOperationDescriptionTests, Microsoft.ApplicationServer.Http.CIT.Unit, Version=0.0.0.0, Culture=neutral, PublicKeyToken=null" name="HttpOperationDescription_Returns_Attributes" />
    </UnitTest>
    <UnitTest name="GetValueConverterObjectContentOfT" storage="f:\advisorsrepo\wcfhttp\http\test\microsoft.applicationserver.http\unit\bin\release\microsoft.applicationserver.http.cit.unit.dll" id="52e26515-ed14-cb5a-60fc-6833d5b3598b">
      <Description>GetValueConverter(Type) returns a converter for all ObjectContent&lt;T&gt; types.</Description>
      <Execution timeOut="30000" id="39a38b48-c059-4a00-864b-8736c722a7f2" />
      <Owners>
        <Owner name="dravva" />
      </Owners>
      <TestCategory>
        <TestCategoryItem TestCategory="CIT" />
      </TestCategory>
      <TestMethod codeBase="F:/advisorsrepo/wcfhttp/Http/Test/Microsoft.ApplicationServer.Http/Unit/bin/Release/Microsoft.ApplicationServer.Http.CIT.Unit.DLL" adapterTypeName="Microsoft.VisualStudio.TestTools.TestTypes.Unit.UnitTestAdapter, Microsoft.VisualStudio.QualityTools.Tips.UnitTest.Adapter, Version=10.0.0.0, Culture=neutral, PublicKeyToken=b03f5f7f11d50a3a" className="Microsoft.ApplicationServer.Http.Description.HttpParameterValueConverterTests, Microsoft.ApplicationServer.Http.CIT.Unit, Version=0.0.0.0, Culture=neutral, PublicKeyToken=null" name="GetValueConverterObjectContentOfT" />
    </UnitTest>
    <UnitTest name="DefaultMediaTypeReturnsApplicationXml" storage="f:\advisorsrepo\wcfhttp\http\test\microsoft.applicationserver.http\unit\bin\release\microsoft.applicationserver.http.cit.unit.dll" id="62b8b8d4-4aa4-5a1c-c395-e4887915a562">
      <Description>DefaultMediaType property retirms application/xml.</Description>
      <Execution timeOut="30000" id="2121d13b-d724-431d-ab84-81465399c4ee" />
      <Owners>
        <Owner name="dravva" />
      </Owners>
      <TestCategory>
        <TestCategoryItem TestCategory="CIT" />
      </TestCategory>
      <TestMethod codeBase="F:/advisorsrepo/wcfhttp/Http/Test/Microsoft.ApplicationServer.Http/Unit/bin/Release/Microsoft.ApplicationServer.Http.CIT.Unit.DLL" adapterTypeName="Microsoft.VisualStudio.TestTools.TestTypes.Unit.UnitTestAdapter, Microsoft.VisualStudio.QualityTools.Tips.UnitTest.Adapter, Version=10.0.0.0, Culture=neutral, PublicKeyToken=b03f5f7f11d50a3a" className="Microsoft.ApplicationServer.Http.XmlMediaTypeFormatterTests, Microsoft.ApplicationServer.Http.CIT.Unit, Version=0.0.0.0, Culture=neutral, PublicKeyToken=null" name="DefaultMediaTypeReturnsApplicationXml" />
    </UnitTest>
    <UnitTest name="ReadAsAsyncGetsTaskOfObject" storage="f:\advisorsrepo\wcfhttp\http\test\microsoft.applicationserver.http\unit\bin\release\microsoft.applicationserver.http.cit.unit.dll" id="9fcc7583-7b8d-b5dd-eaac-8fcfb71d475c">
      <Description>ReadAsAsync() gets a Task&lt;object&gt; returning object instance provided to the constructor for all value and reference types.</Description>
      <Execution timeOut="30000" id="2972d5a9-7c40-4d41-b632-af81659a8dc2" />
      <Owners>
        <Owner name="dravva" />
      </Owners>
      <TestCategory>
        <TestCategoryItem TestCategory="CIT" />
      </TestCategory>
      <TestMethod codeBase="F:/advisorsrepo/wcfhttp/Http/Test/Microsoft.ApplicationServer.Http/Unit/bin/Release/Microsoft.ApplicationServer.Http.CIT.Unit.DLL" adapterTypeName="Microsoft.VisualStudio.TestTools.TestTypes.Unit.UnitTestAdapter, Microsoft.VisualStudio.QualityTools.Tips.UnitTest.Adapter, Version=10.0.0.0, Culture=neutral, PublicKeyToken=b03f5f7f11d50a3a" className="Microsoft.ApplicationServer.Http.ObjectContentOfTTests, Microsoft.ApplicationServer.Http.CIT.Unit, Version=0.0.0.0, Culture=neutral, PublicKeyToken=null" name="ReadAsAsyncGetsTaskOfObject" />
    </UnitTest>
    <UnitTest name="HandleThrowsIfInputValueIsNotAUri" storage="f:\advisorsrepo\wcfhttp\http\test\microsoft.applicationserver.http\unit\bin\release\microsoft.applicationserver.http.cit.unit.dll" id="b0808a9c-fac5-5d8e-f3de-98b384d771d7">
      <Description>UriTemplateHttpOperationHandler.Handle(object[]) throws if the input value is not a Uri.</Description>
      <Execution timeOut="30000" id="cdb18ae4-ff9b-4ec3-9dc5-e4774857c748" />
      <Owners>
        <Owner name="vinelap" />
      </Owners>
      <TestCategory>
        <TestCategoryItem TestCategory="CIT" />
      </TestCategory>
      <TestMethod codeBase="F:/advisorsrepo/wcfhttp/Http/Test/Microsoft.ApplicationServer.Http/Unit/bin/Release/Microsoft.ApplicationServer.Http.CIT.Unit.DLL" adapterTypeName="Microsoft.VisualStudio.TestTools.TestTypes.Unit.UnitTestAdapter, Microsoft.VisualStudio.QualityTools.Tips.UnitTest.Adapter, Version=10.0.0.0, Culture=neutral, PublicKeyToken=b03f5f7f11d50a3a" className="Microsoft.ApplicationServer.Http.Dispatcher.UriTemplateHandlerTests, Microsoft.ApplicationServer.Http.CIT.Unit, Version=0.0.0.0, Culture=neutral, PublicKeyToken=null" name="HandleThrowsIfInputValueIsNotAUri" />
    </UnitTest>
    <UnitTest name="Constructor6ThrowsWithObjectNotAssignableToType" storage="f:\advisorsrepo\wcfhttp\http\test\microsoft.applicationserver.http\unit\bin\release\microsoft.applicationserver.http.cit.unit.dll" id="9c74756b-1ded-698e-48ae-d399fe02d7d5">
      <Description>ObjectContent(Type, object, MediaTypeHeaderValue, IEnumerable&lt;MediaTypeFormatter&gt;) throws if object is not assignable to Type.</Description>
      <Execution timeOut="30000" id="3fa5b104-8354-473f-90d0-47dd5d1a03ee" />
      <Owners>
        <Owner name="dravva" />
      </Owners>
      <TestCategory>
        <TestCategoryItem TestCategory="CIT" />
      </TestCategory>
      <TestMethod codeBase="F:/advisorsrepo/wcfhttp/Http/Test/Microsoft.ApplicationServer.Http/Unit/bin/Release/Microsoft.ApplicationServer.Http.CIT.Unit.DLL" adapterTypeName="Microsoft.VisualStudio.TestTools.TestTypes.Unit.UnitTestAdapter, Microsoft.VisualStudio.QualityTools.Tips.UnitTest.Adapter, Version=10.0.0.0, Culture=neutral, PublicKeyToken=b03f5f7f11d50a3a" className="Microsoft.ApplicationServer.Http.ObjectContentTests, Microsoft.ApplicationServer.Http.CIT.Unit, Version=0.0.0.0, Culture=neutral, PublicKeyToken=null" name="Constructor6ThrowsWithObjectNotAssignableToType" />
    </UnitTest>
    <UnitTest name="UnitTestClassIsCorrect" storage="f:\advisorsrepo\wcfhttp\http\test\microsoft.applicationserver.http\unit\bin\release\microsoft.applicationserver.http.cit.unit.dll" id="baeefced-7531-a8ad-4f24-83563e2d165e">
      <Execution timeOut="1800000" id="f9436f6d-8286-4326-b486-f4943a3f73e4" />
      <TestMethod codeBase="F:/advisorsrepo/wcfhttp/Http/Test/Microsoft.ApplicationServer.Http/Unit/bin/Release/Microsoft.ApplicationServer.Http.CIT.Unit.DLL" adapterTypeName="Microsoft.VisualStudio.TestTools.TestTypes.Unit.UnitTestAdapter, Microsoft.VisualStudio.QualityTools.Tips.UnitTest.Adapter, Version=10.0.0.0, Culture=neutral, PublicKeyToken=b03f5f7f11d50a3a" className="Microsoft.ApplicationServer.Http.Dispatcher.OperationHandlerFormatterTests, Microsoft.ApplicationServer.Http.CIT.Unit, Version=0.0.0.0, Culture=neutral, PublicKeyToken=null" name="UnitTestClassIsCorrect" />
    </UnitTest>
    <UnitTest name="ResponseStatusCodeReturnsStatusCodeHttpParameter" storage="f:\advisorsrepo\wcfhttp\http\test\microsoft.applicationserver.http\unit\bin\release\microsoft.applicationserver.http.cit.unit.dll" id="ac979d85-7b6c-d558-50cc-f9156244b6d6">
      <Description>ResponseStatusCode returns HttpStatusCode HttpParameter.</Description>
      <Execution timeOut="30000" id="af90fb4c-eeb3-4d84-b552-c12b2f36ec67" />
      <Owners>
        <Owner name="maying" />
      </Owners>
      <TestCategory>
        <TestCategoryItem TestCategory="CIT" />
      </TestCategory>
      <TestMethod codeBase="F:/advisorsrepo/wcfhttp/Http/Test/Microsoft.ApplicationServer.Http/Unit/bin/Release/Microsoft.ApplicationServer.Http.CIT.Unit.DLL" adapterTypeName="Microsoft.VisualStudio.TestTools.TestTypes.Unit.UnitTestAdapter, Microsoft.VisualStudio.QualityTools.Tips.UnitTest.Adapter, Version=10.0.0.0, Culture=neutral, PublicKeyToken=b03f5f7f11d50a3a" className="Microsoft.ApplicationServer.Http.Description.HttpParameterTests, Microsoft.ApplicationServer.Http.CIT.Unit, Version=0.0.0.0, Culture=neutral, PublicKeyToken=null" name="ResponseStatusCodeReturnsStatusCodeHttpParameter" />
    </UnitTest>
    <UnitTest name="CanWriteAsThrowsWithNullContent" storage="f:\advisorsrepo\wcfhttp\http\test\microsoft.applicationserver.http\unit\bin\release\microsoft.applicationserver.http.cit.unit.dll" id="a3127698-dd39-7d05-aef8-60028061d902">
      <Description>CanWriteAs(Type, HttpContent, out MediaTypeHeaderValue) throws with null content.</Description>
      <Execution timeOut="30000" id="b3de50e9-6f1d-41e9-b220-c34f0206f249" />
      <Owners>
        <Owner name="dravva" />
      </Owners>
      <TestCategory>
        <TestCategoryItem TestCategory="CIT" />
      </TestCategory>
      <TestMethod codeBase="F:/advisorsrepo/wcfhttp/Http/Test/Microsoft.ApplicationServer.Http/Unit/bin/Release/Microsoft.ApplicationServer.Http.CIT.Unit.DLL" adapterTypeName="Microsoft.VisualStudio.TestTools.TestTypes.Unit.UnitTestAdapter, Microsoft.VisualStudio.QualityTools.Tips.UnitTest.Adapter, Version=10.0.0.0, Culture=neutral, PublicKeyToken=b03f5f7f11d50a3a" className="Microsoft.ApplicationServer.Http.MediaTypeFormatterTests, Microsoft.ApplicationServer.Http.CIT.Unit, Version=0.0.0.0, Culture=neutral, PublicKeyToken=null" name="CanWriteAsThrowsWithNullContent" />
    </UnitTest>
    <UnitTest name="SupportsMediaTypeReturnsFalseWithExtensionNotLastInUri" storage="f:\advisorsrepo\wcfhttp\http\test\microsoft.applicationserver.http\unit\bin\release\microsoft.applicationserver.http.cit.unit.dll" id="6914e19c-13da-4285-09f2-765daa65a8c1">
      <Description>SupportsMediaType(HttpRequestMessage) returns false when the uri contains the extension but does not end with it.</Description>
      <Execution timeOut="30000" id="9b4b917b-e4da-4dc9-b7d6-214bfe57abf2" />
      <Owners>
        <Owner name="dravva" />
      </Owners>
      <TestCategory>
        <TestCategoryItem TestCategory="CIT" />
      </TestCategory>
      <TestMethod codeBase="F:/advisorsrepo/wcfhttp/Http/Test/Microsoft.ApplicationServer.Http/Unit/bin/Release/Microsoft.ApplicationServer.Http.CIT.Unit.DLL" adapterTypeName="Microsoft.VisualStudio.TestTools.TestTypes.Unit.UnitTestAdapter, Microsoft.VisualStudio.QualityTools.Tips.UnitTest.Adapter, Version=10.0.0.0, Culture=neutral, PublicKeyToken=b03f5f7f11d50a3a" className="Microsoft.ApplicationServer.Http.UriPathExtensionMappingTests, Microsoft.ApplicationServer.Http.CIT.Unit, Version=0.0.0.0, Culture=neutral, PublicKeyToken=null" name="SupportsMediaTypeReturnsFalseWithExtensionNotLastInUri" />
    </UnitTest>
    <UnitTest name="ConstructorThrowsWithNullUri" storage="f:\advisorsrepo\wcfhttp\http\test\microsoft.applicationserver.http\unit\bin\release\microsoft.applicationserver.http.cit.unit.dll" id="9fae9b75-851b-e067-ef66-2c5b11ee7fcf">
      <Description>UriAndMethodOperationSelector(Uri, IEnumerable&lt;HttpOperationDescription&gt;) throws if the baseAddress parameter is null.</Description>
      <Execution timeOut="30000" id="d3e2e9cc-9422-4466-9e66-ae18eb82dacb" />
      <Owners>
        <Owner name="dravva" />
      </Owners>
      <TestCategory>
        <TestCategoryItem TestCategory="CIT" />
      </TestCategory>
      <TestMethod codeBase="F:/advisorsrepo/wcfhttp/Http/Test/Microsoft.ApplicationServer.Http/Unit/bin/Release/Microsoft.ApplicationServer.Http.CIT.Unit.DLL" adapterTypeName="Microsoft.VisualStudio.TestTools.TestTypes.Unit.UnitTestAdapter, Microsoft.VisualStudio.QualityTools.Tips.UnitTest.Adapter, Version=10.0.0.0, Culture=neutral, PublicKeyToken=b03f5f7f11d50a3a" className="Microsoft.ApplicationServer.Http.Dispatcher.UriAndMethodOperationSelectorTests, Microsoft.ApplicationServer.Http.CIT.Unit, Version=0.0.0.0, Culture=neutral, PublicKeyToken=null" name="ConstructorThrowsWithNullUri" />
    </UnitTest>
    <UnitTest name="ReadAsThrowsWithNullThis" storage="f:\advisorsrepo\wcfhttp\http\test\microsoft.applicationserver.http\unit\bin\release\microsoft.applicationserver.http.cit.unit.dll" id="d9cf3424-012b-c62b-ac12-77854a650be6">
      <Description>HttpContentExtensionMethods.ReadAs(HttpContent, Type) throws with null 'this'.</Description>
      <Execution timeOut="30000" id="77fd51de-5d17-4a48-a82f-bd380f2b821d" />
      <Owners>
        <Owner name="vinelap" />
      </Owners>
      <TestCategory>
        <TestCategoryItem TestCategory="CIT" />
      </TestCategory>
      <TestMethod codeBase="F:/advisorsrepo/wcfhttp/Http/Test/Microsoft.ApplicationServer.Http/Unit/bin/Release/Microsoft.ApplicationServer.Http.CIT.Unit.DLL" adapterTypeName="Microsoft.VisualStudio.TestTools.TestTypes.Unit.UnitTestAdapter, Microsoft.VisualStudio.QualityTools.Tips.UnitTest.Adapter, Version=10.0.0.0, Culture=neutral, PublicKeyToken=b03f5f7f11d50a3a" className="Microsoft.ApplicationServer.Http.HttpContentExtensionMethodsTests, Microsoft.ApplicationServer.Http.CIT.Unit, Version=0.0.0.0, Culture=neutral, PublicKeyToken=null" name="ReadAsThrowsWithNullThis" />
    </UnitTest>
    <UnitTest name="Endpoint_Throws_OnInitializeAndValidate_Wrong_Binding" storage="f:\advisorsrepo\wcfhttp\http\test\microsoft.applicationserver.http\unit\bin\release\microsoft.applicationserver.http.cit.unit.dll" id="90a89489-cfa7-bfdf-0010-f07d36ee4ad3">
      <Description>HttpEndpointElement.OnInitializeAndValidate throws wrong binding set</Description>
      <Execution timeOut="30000" id="969afd3f-0d91-4385-a95e-59f221dc740b" />
      <Owners>
        <Owner name="vinelap" />
      </Owners>
      <TestCategory>
        <TestCategoryItem TestCategory="CIT" />
      </TestCategory>
      <TestMethod codeBase="F:/advisorsrepo/wcfhttp/Http/Test/Microsoft.ApplicationServer.Http/Unit/bin/Release/Microsoft.ApplicationServer.Http.CIT.Unit.DLL" adapterTypeName="Microsoft.VisualStudio.TestTools.TestTypes.Unit.UnitTestAdapter, Microsoft.VisualStudio.QualityTools.Tips.UnitTest.Adapter, Version=10.0.0.0, Culture=neutral, PublicKeyToken=b03f5f7f11d50a3a" className="Microsoft.ApplicationServer.Http.Configuration.HttpEndpointElementTests, Microsoft.ApplicationServer.Http.CIT.Unit, Version=0.0.0.0, Culture=neutral, PublicKeyToken=null" name="Endpoint_Throws_OnInitializeAndValidate_Wrong_Binding" />
    </UnitTest>
    <UnitTest name="Constructor4ThrowsWithNullFormatters" storage="f:\advisorsrepo\wcfhttp\http\test\microsoft.applicationserver.http\unit\bin\release\microsoft.applicationserver.http.cit.unit.dll" id="9fa311bd-3319-d2c7-8f0e-6446600a8b6d">
      <Description>ObjectContent(Type, object, IEnumerable&lt;MediaTypeFormatter&gt;) throws for a null formatter list.</Description>
      <Execution timeOut="30000" id="6ddc3cb9-d2d6-4fea-a9ed-2bef8d4e8c8e" />
      <Owners>
        <Owner name="dravva" />
      </Owners>
      <TestCategory>
        <TestCategoryItem TestCategory="CIT" />
      </TestCategory>
      <TestMethod codeBase="F:/advisorsrepo/wcfhttp/Http/Test/Microsoft.ApplicationServer.Http/Unit/bin/Release/Microsoft.ApplicationServer.Http.CIT.Unit.DLL" adapterTypeName="Microsoft.VisualStudio.TestTools.TestTypes.Unit.UnitTestAdapter, Microsoft.VisualStudio.QualityTools.Tips.UnitTest.Adapter, Version=10.0.0.0, Culture=neutral, PublicKeyToken=b03f5f7f11d50a3a" className="Microsoft.ApplicationServer.Http.ObjectContentTests, Microsoft.ApplicationServer.Http.CIT.Unit, Version=0.0.0.0, Culture=neutral, PublicKeyToken=null" name="Constructor4ThrowsWithNullFormatters" />
    </UnitTest>
    <UnitTest name="ConstructorAcceptsAnEmptyResponseHandlersCollection" storage="f:\advisorsrepo\wcfhttp\http\test\microsoft.applicationserver.http\unit\bin\release\microsoft.applicationserver.http.cit.unit.dll" id="9e7d9fd1-2bb7-5bc4-dcad-3e8a679a3152">
      <Description>OperationHandlerPipelineInfo(IEnumerable&lt;HttpOperationHandler&gt;, IEnumerable&lt;HttpOperationHandler&gt;, HttpOperationDescription) accepts an empty responseHandlers collection.</Description>
      <Execution timeOut="30000" id="0bce5d3c-e037-4537-990a-fb1049e74f87" />
      <Owners>
        <Owner name="dravva" />
      </Owners>
      <TestCategory>
        <TestCategoryItem TestCategory="CIT" />
      </TestCategory>
      <TestMethod codeBase="F:/advisorsrepo/wcfhttp/Http/Test/Microsoft.ApplicationServer.Http/Unit/bin/Release/Microsoft.ApplicationServer.Http.CIT.Unit.DLL" adapterTypeName="Microsoft.VisualStudio.TestTools.TestTypes.Unit.UnitTestAdapter, Microsoft.VisualStudio.QualityTools.Tips.UnitTest.Adapter, Version=10.0.0.0, Culture=neutral, PublicKeyToken=b03f5f7f11d50a3a" className="Microsoft.ApplicationServer.Http.Dispatcher.OperationHandlerPipelineInfoTests, Microsoft.ApplicationServer.Http.CIT.Unit, Version=0.0.0.0, Culture=neutral, PublicKeyToken=null" name="ConstructorAcceptsAnEmptyResponseHandlersCollection" />
    </UnitTest>
    <UnitTest name="ToHttpRequestMessage_Extracts_The_Original_HttpRequestMessage" storage="f:\advisorsrepo\wcfhttp\http\test\microsoft.applicationserver.http\unit\bin\release\microsoft.applicationserver.http.cit.unit.dll" id="402ab9b1-d4ea-b93e-e811-f77e0c4c4ce5">
      <Description>Message.ToHttpRequestMessage extracts the original HttpRequestMessage instance with which the HttpMessage was created.</Description>
      <Execution timeOut="30000" id="c4e17cbb-ee62-4d15-ac6b-5bbffad2b43c" />
      <Owners>
        <Owner name="derik" />
      </Owners>
      <TestCategory>
        <TestCategoryItem TestCategory="CIT" />
      </TestCategory>
      <TestMethod codeBase="F:/advisorsrepo/wcfhttp/Http/Test/Microsoft.ApplicationServer.Http/Unit/bin/Release/Microsoft.ApplicationServer.Http.CIT.Unit.DLL" adapterTypeName="Microsoft.VisualStudio.TestTools.TestTypes.Unit.UnitTestAdapter, Microsoft.VisualStudio.QualityTools.Tips.UnitTest.Adapter, Version=10.0.0.0, Culture=neutral, PublicKeyToken=b03f5f7f11d50a3a" className="Microsoft.ApplicationServer.Http.Channels.HttpMessageExtensionMethodsTests, Microsoft.ApplicationServer.Http.CIT.Unit, Version=0.0.0.0, Culture=neutral, PublicKeyToken=null" name="ToHttpRequestMessage_Extracts_The_Original_HttpRequestMessage" />
    </UnitTest>
    <UnitTest name="Constructor3" storage="f:\advisorsrepo\wcfhttp\http\test\microsoft.applicationserver.http\unit\bin\release\microsoft.applicationserver.http.cit.unit.dll" id="0f50b03f-1d9d-8421-007b-251d1e438c23">
      <Description>ObjectContent&lt;T&gt;(HttpContent) sets Type, MediaType property for all known value and reference types and all standard HttpContent types.</Description>
      <Execution timeOut="30000" id="c15b8039-0c0c-4aef-980a-3ac92bf4af86" />
      <Owners>
        <Owner name="dravva" />
      </Owners>
      <TestCategory>
        <TestCategoryItem TestCategory="CIT" />
      </TestCategory>
      <TestMethod codeBase="F:/advisorsrepo/wcfhttp/Http/Test/Microsoft.ApplicationServer.Http/Unit/bin/Release/Microsoft.ApplicationServer.Http.CIT.Unit.DLL" adapterTypeName="Microsoft.VisualStudio.TestTools.TestTypes.Unit.UnitTestAdapter, Microsoft.VisualStudio.QualityTools.Tips.UnitTest.Adapter, Version=10.0.0.0, Culture=neutral, PublicKeyToken=b03f5f7f11d50a3a" className="Microsoft.ApplicationServer.Http.ObjectContentOfTTests, Microsoft.ApplicationServer.Http.CIT.Unit, Version=0.0.0.0, Culture=neutral, PublicKeyToken=null" name="Constructor3" />
    </UnitTest>
    <UnitTest name="Constructor3ThrowsWithNullFormatters" storage="f:\advisorsrepo\wcfhttp\http\test\microsoft.applicationserver.http\unit\bin\release\microsoft.applicationserver.http.cit.unit.dll" id="78529e5b-6d25-9734-8582-b42a804f8cc6">
      <Description>HttpRequestMessage&lt;T&gt;(T, HttpMethod, Uri, IEnumerable&lt;MediaTypeFormatter&gt;) throws with null formatters.</Description>
      <Execution timeOut="30000" id="31d5bbc6-cab8-4fe4-948a-31c26fcd15a4" />
      <Owners>
        <Owner name="dravva" />
      </Owners>
      <TestCategory>
        <TestCategoryItem TestCategory="CIT" />
      </TestCategory>
      <TestMethod codeBase="F:/advisorsrepo/wcfhttp/Http/Test/Microsoft.ApplicationServer.Http/Unit/bin/Release/Microsoft.ApplicationServer.Http.CIT.Unit.DLL" adapterTypeName="Microsoft.VisualStudio.TestTools.TestTypes.Unit.UnitTestAdapter, Microsoft.VisualStudio.QualityTools.Tips.UnitTest.Adapter, Version=10.0.0.0, Culture=neutral, PublicKeyToken=b03f5f7f11d50a3a" className="Microsoft.ApplicationServer.Http.HttpRequestMessageOfTTests, Microsoft.ApplicationServer.Http.CIT.Unit, Version=0.0.0.0, Culture=neutral, PublicKeyToken=null" name="Constructor3ThrowsWithNullFormatters" />
    </UnitTest>
    <UnitTest name="Abort_Calls_Abort_On_The_Inner_Channel" storage="f:\advisorsrepo\wcfhttp\http\test\microsoft.applicationserver.http\unit\bin\release\microsoft.applicationserver.http.cit.unit.dll" id="62649af8-5185-8f4d-45df-e3f37b0d05dd">
      <Description>HttpMessageEncodingReplyChannel.Abort calls Abort on the inner channel.</Description>
      <Execution timeOut="30000" id="29ce928b-9864-4001-ace1-d3f7d7c29ed5" />
      <Owners>
        <Owner name="derik" />
      </Owners>
      <TestCategory>
        <TestCategoryItem TestCategory="CIT" />
      </TestCategory>
      <TestMethod codeBase="F:/advisorsrepo/wcfhttp/Http/Test/Microsoft.ApplicationServer.Http/Unit/bin/Release/Microsoft.ApplicationServer.Http.CIT.Unit.DLL" adapterTypeName="Microsoft.VisualStudio.TestTools.TestTypes.Unit.UnitTestAdapter, Microsoft.VisualStudio.QualityTools.Tips.UnitTest.Adapter, Version=10.0.0.0, Culture=neutral, PublicKeyToken=b03f5f7f11d50a3a" className="Microsoft.ApplicationServer.Http.Channels.HttpMessageEncodingReplyChannelTests, Microsoft.ApplicationServer.Http.CIT.Unit, Version=0.0.0.0, Culture=neutral, PublicKeyToken=null" name="Abort_Calls_Abort_On_The_Inner_Channel" />
    </UnitTest>
    <UnitTest name="TypeIsCorrect" storage="f:\advisorsrepo\wcfhttp\http\test\microsoft.applicationserver.http\unit\bin\release\microsoft.applicationserver.http.cit.unit.dll" id="4419b024-43ad-3528-9142-ea3caf04b4e6">
      <Description>HttpOperationDescriptionExtensionMethods is a class that is public, abstract, sealed (static).</Description>
      <Execution timeOut="30000" id="84ac9b4d-f86e-4d01-b0fe-8eebedc7de40" />
      <Owners>
        <Owner name="dravva" />
      </Owners>
      <TestCategory>
        <TestCategoryItem TestCategory="CIT" />
      </TestCategory>
      <TestMethod codeBase="F:/advisorsrepo/wcfhttp/Http/Test/Microsoft.ApplicationServer.Http/Unit/bin/Release/Microsoft.ApplicationServer.Http.CIT.Unit.DLL" adapterTypeName="Microsoft.VisualStudio.TestTools.TestTypes.Unit.UnitTestAdapter, Microsoft.VisualStudio.QualityTools.Tips.UnitTest.Adapter, Version=10.0.0.0, Culture=neutral, PublicKeyToken=b03f5f7f11d50a3a" className="Microsoft.ApplicationServer.Http.Description.HttpOperationDescriptionExtensionMethodsTests, Microsoft.ApplicationServer.Http.CIT.Unit, Version=0.0.0.0, Culture=neutral, PublicKeyToken=null" name="TypeIsCorrect" />
    </UnitTest>
    <UnitTest name="SelectOperationReturnsOperationName" storage="f:\advisorsrepo\wcfhttp\http\test\microsoft.applicationserver.http\unit\bin\release\microsoft.applicationserver.http.cit.unit.dll" id="9f027515-0070-69fe-200d-e706bfbede40">
      <Description>SelectOperation(HttpRequestMessage) returns the selected operation name.</Description>
      <Execution timeOut="30000" id="d0c25396-2700-4596-8247-54942fae17c0" />
      <Owners>
        <Owner name="dravva" />
      </Owners>
      <TestCategory>
        <TestCategoryItem TestCategory="CIT" />
      </TestCategory>
      <TestMethod codeBase="F:/advisorsrepo/wcfhttp/Http/Test/Microsoft.ApplicationServer.Http/Unit/bin/Release/Microsoft.ApplicationServer.Http.CIT.Unit.DLL" adapterTypeName="Microsoft.VisualStudio.TestTools.TestTypes.Unit.UnitTestAdapter, Microsoft.VisualStudio.QualityTools.Tips.UnitTest.Adapter, Version=10.0.0.0, Culture=neutral, PublicKeyToken=b03f5f7f11d50a3a" className="Microsoft.ApplicationServer.Http.Dispatcher.UriAndMethodOperationSelectorTests, Microsoft.ApplicationServer.Http.CIT.Unit, Version=0.0.0.0, Culture=neutral, PublicKeyToken=null" name="SelectOperationReturnsOperationName" />
    </UnitTest>
    <UnitTest name="Constructor3ThrowsWithNullHttpContent" storage="f:\advisorsrepo\wcfhttp\http\test\microsoft.applicationserver.http\unit\bin\release\microsoft.applicationserver.http.cit.unit.dll" id="c5700006-71d9-774b-0d26-23618dcc64a0">
      <Description>ObjectContent&lt;T&gt;(HttpContent) throws with a null HttpContent.</Description>
      <Execution timeOut="30000" id="d966b3c0-70ca-475f-9183-386be7f92415" />
      <Owners>
        <Owner name="dravva" />
      </Owners>
      <TestCategory>
        <TestCategoryItem TestCategory="CIT" />
      </TestCategory>
      <TestMethod codeBase="F:/advisorsrepo/wcfhttp/Http/Test/Microsoft.ApplicationServer.Http/Unit/bin/Release/Microsoft.ApplicationServer.Http.CIT.Unit.DLL" adapterTypeName="Microsoft.VisualStudio.TestTools.TestTypes.Unit.UnitTestAdapter, Microsoft.VisualStudio.QualityTools.Tips.UnitTest.Adapter, Version=10.0.0.0, Culture=neutral, PublicKeyToken=b03f5f7f11d50a3a" className="Microsoft.ApplicationServer.Http.ObjectContentOfTTests, Microsoft.ApplicationServer.Http.CIT.Unit, Version=0.0.0.0, Culture=neutral, PublicKeyToken=null" name="Constructor3ThrowsWithNullHttpContent" />
    </UnitTest>
    <UnitTest name="HttpBinding_Correctly_Configured_With_Name_Configuration" storage="f:\advisorsrepo\wcfhttp\http\test\microsoft.applicationserver.http\unit\bin\release\microsoft.applicationserver.http.cit.unit.dll" id="b27b2d1a-1352-9ced-adac-87d1ccf60265">
      <Description>The HttpBinding constructor is correctly configured when the binding configuration exists.</Description>
      <Execution timeOut="30000" id="02843821-ba38-4ca7-ae29-f17be4f53e8b" />
      <Owners>
        <Owner name="derik" />
      </Owners>
      <TestCategory>
        <TestCategoryItem TestCategory="CIT" />
      </TestCategory>
      <DeploymentItems>
        <DeploymentItem filename="ConfigFiles\Microsoft.ApplicationServer.Http.CIT.Unit.ConfiguredHttpBindingTest.config" />
      </DeploymentItems>
      <TestMethod codeBase="F:/advisorsrepo/wcfhttp/Http/Test/Microsoft.ApplicationServer.Http/Unit/bin/Release/Microsoft.ApplicationServer.Http.CIT.Unit.DLL" adapterTypeName="Microsoft.VisualStudio.TestTools.TestTypes.Unit.UnitTestAdapter, Microsoft.VisualStudio.QualityTools.Tips.UnitTest.Adapter, Version=10.0.0.0, Culture=neutral, PublicKeyToken=b03f5f7f11d50a3a" className="Microsoft.ApplicationServer.Http.Configuration.HttpBindingElementTests, Microsoft.ApplicationServer.Http.CIT.Unit, Version=0.0.0.0, Culture=neutral, PublicKeyToken=null" name="HttpBinding_Correctly_Configured_With_Name_Configuration" />
    </UnitTest>
    <UnitTest name="HandleThrowsIfOnHandleReturnsTooLargeArray" storage="f:\advisorsrepo\wcfhttp\http\test\microsoft.applicationserver.http\unit\bin\release\microsoft.applicationserver.http.cit.unit.dll" id="0609db7d-3092-0347-f1cf-98e38dc2227a">
      <Description>Handle(object[]) throws when OnHandle() returns an array larger than promised.</Description>
      <Execution timeOut="30000" id="9b29e72d-da8f-49af-a6cf-d3bacf3e1c66" />
      <Owners>
        <Owner name="vinelap" />
      </Owners>
      <TestCategory>
        <TestCategoryItem TestCategory="CIT" />
      </TestCategory>
      <TestMethod codeBase="F:/advisorsrepo/wcfhttp/Http/Test/Microsoft.ApplicationServer.Http/Unit/bin/Release/Microsoft.ApplicationServer.Http.CIT.Unit.DLL" adapterTypeName="Microsoft.VisualStudio.TestTools.TestTypes.Unit.UnitTestAdapter, Microsoft.VisualStudio.QualityTools.Tips.UnitTest.Adapter, Version=10.0.0.0, Culture=neutral, PublicKeyToken=b03f5f7f11d50a3a" className="Microsoft.ApplicationServer.Http.Dispatcher.HttpOperationHandlerTests, Microsoft.ApplicationServer.Http.CIT.Unit, Version=0.0.0.0, Culture=neutral, PublicKeyToken=null" name="HandleThrowsIfOnHandleReturnsTooLargeArray" />
    </UnitTest>
    <UnitTest name="HttpOperationDescription_Insert_OutputParameters_From_HttpOperationDescription" storage="f:\advisorsrepo\wcfhttp\http\test\microsoft.applicationserver.http\unit\bin\release\microsoft.applicationserver.http.cit.unit.dll" id="34b5a63d-522e-0eb5-c6f6-6375c3e5c180">
      <Description>HttpOperationDescription inserting output parameters through HttpOperationDescription updates in OperationDescription</Description>
      <Execution timeOut="30000" id="bb3c11c2-522e-4b7f-9086-4ceea5da474d" />
      <Owners>
        <Owner name="maying" />
      </Owners>
      <TestCategory>
        <TestCategoryItem TestCategory="CIT" />
      </TestCategory>
      <TestMethod codeBase="F:/advisorsrepo/wcfhttp/Http/Test/Microsoft.ApplicationServer.Http/Unit/bin/Release/Microsoft.ApplicationServer.Http.CIT.Unit.DLL" adapterTypeName="Microsoft.VisualStudio.TestTools.TestTypes.Unit.UnitTestAdapter, Microsoft.VisualStudio.QualityTools.Tips.UnitTest.Adapter, Version=10.0.0.0, Culture=neutral, PublicKeyToken=b03f5f7f11d50a3a" className="Microsoft.ApplicationServer.Http.Description.HttpOperationDescriptionTests, Microsoft.ApplicationServer.Http.CIT.Unit, Version=0.0.0.0, Culture=neutral, PublicKeyToken=null" name="HttpOperationDescription_Insert_OutputParameters_From_HttpOperationDescription" />
    </UnitTest>
    <UnitTest name="Constructor4" storage="f:\advisorsrepo\wcfhttp\http\test\microsoft.applicationserver.http\unit\bin\release\microsoft.applicationserver.http.cit.unit.dll" id="b7398987-515f-dc47-67a0-977d5bd9d294">
      <Description>ObjectContent&lt;T&gt;(T, IEnumerable&lt;MediaTypeFormatter&gt;) sets Type, Formatters and (private)  ObjectInstance properties with all known value and reference types.  ContentType defaults to null.</Description>
      <Execution timeOut="30000" id="863b8e08-8fa5-4afa-ae9f-eff9dc94973d" />
      <Owners>
        <Owner name="dravva" />
      </Owners>
      <TestCategory>
        <TestCategoryItem TestCategory="CIT" />
      </TestCategory>
      <TestMethod codeBase="F:/advisorsrepo/wcfhttp/Http/Test/Microsoft.ApplicationServer.Http/Unit/bin/Release/Microsoft.ApplicationServer.Http.CIT.Unit.DLL" adapterTypeName="Microsoft.VisualStudio.TestTools.TestTypes.Unit.UnitTestAdapter, Microsoft.VisualStudio.QualityTools.Tips.UnitTest.Adapter, Version=10.0.0.0, Culture=neutral, PublicKeyToken=b03f5f7f11d50a3a" className="Microsoft.ApplicationServer.Http.ObjectContentOfTTests, Microsoft.ApplicationServer.Http.CIT.Unit, Version=0.0.0.0, Culture=neutral, PublicKeyToken=null" name="Constructor4" />
    </UnitTest>
    <UnitTest name="RequestMessage_Closes_Inner_Message_When_Inner_Request_Is_Not_HttpMessage" storage="f:\advisorsrepo\wcfhttp\http\test\microsoft.applicationserver.http\unit\bin\release\microsoft.applicationserver.http.cit.unit.dll" id="dc31bac2-8823-c2e4-f913-d94f8e0c93a1">
      <Description>HttpMessageEncodingRequestContext.RequestMessage closes the inner message when the inner request is not an HttpMessage.</Description>
      <Execution timeOut="30000" id="199ffd7f-d422-42e9-8471-092c633eb6d1" />
      <Owners>
        <Owner name="derik" />
      </Owners>
      <TestCategory>
        <TestCategoryItem TestCategory="CIT" />
      </TestCategory>
      <TestMethod codeBase="F:/advisorsrepo/wcfhttp/Http/Test/Microsoft.ApplicationServer.Http/Unit/bin/Release/Microsoft.ApplicationServer.Http.CIT.Unit.DLL" adapterTypeName="Microsoft.VisualStudio.TestTools.TestTypes.Unit.UnitTestAdapter, Microsoft.VisualStudio.QualityTools.Tips.UnitTest.Adapter, Version=10.0.0.0, Culture=neutral, PublicKeyToken=b03f5f7f11d50a3a" className="Microsoft.ApplicationServer.Http.Channels.HttpMessageEncodingRequestContextTests, Microsoft.ApplicationServer.Http.CIT.Unit, Version=0.0.0.0, Culture=neutral, PublicKeyToken=null" name="RequestMessage_Closes_Inner_Message_When_Inner_Request_Is_Not_HttpMessage" />
    </UnitTest>
    <UnitTest name="Constructor5ThrowsWithNullFormatters" storage="f:\advisorsrepo\wcfhttp\http\test\microsoft.applicationserver.http\unit\bin\release\microsoft.applicationserver.http.cit.unit.dll" id="0d199676-b1aa-e103-9a75-db71715b2a29">
      <Description>ObjectContent&lt;T&gt;(T, string, IEnumerable&lt;MediaTypeFormatter&gt;) throws if formatters parameter is null.</Description>
      <Execution timeOut="30000" id="80d9cacb-69c5-4eea-b58e-201388f691fb" />
      <Owners>
        <Owner name="dravva" />
      </Owners>
      <TestCategory>
        <TestCategoryItem TestCategory="CIT" />
      </TestCategory>
      <TestMethod codeBase="F:/advisorsrepo/wcfhttp/Http/Test/Microsoft.ApplicationServer.Http/Unit/bin/Release/Microsoft.ApplicationServer.Http.CIT.Unit.DLL" adapterTypeName="Microsoft.VisualStudio.TestTools.TestTypes.Unit.UnitTestAdapter, Microsoft.VisualStudio.QualityTools.Tips.UnitTest.Adapter, Version=10.0.0.0, Culture=neutral, PublicKeyToken=b03f5f7f11d50a3a" className="Microsoft.ApplicationServer.Http.ObjectContentOfTTests, Microsoft.ApplicationServer.Http.CIT.Unit, Version=0.0.0.0, Culture=neutral, PublicKeyToken=null" name="Constructor5ThrowsWithNullFormatters" />
    </UnitTest>
    <UnitTest name="SerializeToStreamAsyncCallsFormatter" storage="f:\advisorsrepo\wcfhttp\http\test\microsoft.applicationserver.http\unit\bin\release\microsoft.applicationserver.http.cit.unit.dll" id="6f9739b6-9e44-a181-8de4-a432dfbe887a">
      <Description>SerializeToStreamAsync() calls the registered MediaTypeFormatter for SupportedMediaTypes and OnWriteToStream.</Description>
      <Execution timeOut="30000" id="a30f1f19-fda8-4092-aaf7-371b3ac9990b" />
      <Owners>
        <Owner name="dravva" />
      </Owners>
      <TestCategory>
        <TestCategoryItem TestCategory="CIT" />
      </TestCategory>
      <TestMethod codeBase="F:/advisorsrepo/wcfhttp/Http/Test/Microsoft.ApplicationServer.Http/Unit/bin/Release/Microsoft.ApplicationServer.Http.CIT.Unit.DLL" adapterTypeName="Microsoft.VisualStudio.TestTools.TestTypes.Unit.UnitTestAdapter, Microsoft.VisualStudio.QualityTools.Tips.UnitTest.Adapter, Version=10.0.0.0, Culture=neutral, PublicKeyToken=b03f5f7f11d50a3a" className="Microsoft.ApplicationServer.Http.ObjectContentTests, Microsoft.ApplicationServer.Http.CIT.Unit, Version=0.0.0.0, Culture=neutral, PublicKeyToken=null" name="SerializeToStreamAsyncCallsFormatter" />
    </UnitTest>
    <UnitTest name="ReadAsAsyncThrowsWithNullType" storage="f:\advisorsrepo\wcfhttp\http\test\microsoft.applicationserver.http\unit\bin\release\microsoft.applicationserver.http.cit.unit.dll" id="e9b8d58e-46af-3699-b0f5-0b4f26fbb369">
      <Description>HttpContentExtensionMethods.ReadAsAsync(HttpContent, Type) throws with null Type.</Description>
      <Execution timeOut="30000" id="18f46c53-e3aa-483e-9f8b-5b1d7c726400" />
      <Owners>
        <Owner name="vinelap" />
      </Owners>
      <TestCategory>
        <TestCategoryItem TestCategory="CIT" />
      </TestCategory>
      <TestMethod codeBase="F:/advisorsrepo/wcfhttp/Http/Test/Microsoft.ApplicationServer.Http/Unit/bin/Release/Microsoft.ApplicationServer.Http.CIT.Unit.DLL" adapterTypeName="Microsoft.VisualStudio.TestTools.TestTypes.Unit.UnitTestAdapter, Microsoft.VisualStudio.QualityTools.Tips.UnitTest.Adapter, Version=10.0.0.0, Culture=neutral, PublicKeyToken=b03f5f7f11d50a3a" className="Microsoft.ApplicationServer.Http.HttpContentExtensionMethodsTests, Microsoft.ApplicationServer.Http.CIT.Unit, Version=0.0.0.0, Culture=neutral, PublicKeyToken=null" name="ReadAsAsyncThrowsWithNullType" />
    </UnitTest>
    <UnitTest name="HandleThrowsIfOnHandleReturnsArrayContainingNonconvertableTypes" storage="f:\advisorsrepo\wcfhttp\http\test\microsoft.applicationserver.http\unit\bin\release\microsoft.applicationserver.http.cit.unit.dll" id="23e60a3c-de93-c43b-06b6-f2f1491eda97">
      <Description>Handle(object[]) throws when OnHandle() returns an array containing types that cannot be converted to what it promised.</Description>
      <Execution timeOut="30000" id="539aa35f-4761-4bb6-aef8-189f87650558" />
      <Owners>
        <Owner name="vinelap" />
      </Owners>
      <TestCategory>
        <TestCategoryItem TestCategory="CIT" />
      </TestCategory>
      <TestMethod codeBase="F:/advisorsrepo/wcfhttp/Http/Test/Microsoft.ApplicationServer.Http/Unit/bin/Release/Microsoft.ApplicationServer.Http.CIT.Unit.DLL" adapterTypeName="Microsoft.VisualStudio.TestTools.TestTypes.Unit.UnitTestAdapter, Microsoft.VisualStudio.QualityTools.Tips.UnitTest.Adapter, Version=10.0.0.0, Culture=neutral, PublicKeyToken=b03f5f7f11d50a3a" className="Microsoft.ApplicationServer.Http.Dispatcher.HttpOperationHandlerTests, Microsoft.ApplicationServer.Http.CIT.Unit, Version=0.0.0.0, Culture=neutral, PublicKeyToken=null" name="HandleThrowsIfOnHandleReturnsArrayContainingNonconvertableTypes" />
    </UnitTest>
    <UnitTest name="ConstructorThrowsWithNullOperation" storage="f:\advisorsrepo\wcfhttp\http\test\microsoft.applicationserver.http\unit\bin\release\microsoft.applicationserver.http.cit.unit.dll" id="cc62bc4d-6871-7e59-deae-41da2b186250">
      <Description>OperationHandlerPipeline() throws with null operation.</Description>
      <Execution timeOut="30000" id="86c758c9-939f-434d-ae30-669254fd11c5" />
      <Owners>
        <Owner name="dravva" />
      </Owners>
      <TestCategory>
        <TestCategoryItem TestCategory="CIT" />
      </TestCategory>
      <TestMethod codeBase="F:/advisorsrepo/wcfhttp/Http/Test/Microsoft.ApplicationServer.Http/Unit/bin/Release/Microsoft.ApplicationServer.Http.CIT.Unit.DLL" adapterTypeName="Microsoft.VisualStudio.TestTools.TestTypes.Unit.UnitTestAdapter, Microsoft.VisualStudio.QualityTools.Tips.UnitTest.Adapter, Version=10.0.0.0, Culture=neutral, PublicKeyToken=b03f5f7f11d50a3a" className="Microsoft.ApplicationServer.Http.Dispatcher.OperationHandlerPipelineTests, Microsoft.ApplicationServer.Http.CIT.Unit, Version=0.0.0.0, Culture=neutral, PublicKeyToken=null" name="ConstructorThrowsWithNullOperation" />
    </UnitTest>
    <UnitTest name="Type_Returns_Just_The_Type" storage="f:\advisorsrepo\wcfhttp\http\test\microsoft.applicationserver.http\unit\bin\release\microsoft.applicationserver.http.cit.unit.dll" id="eb17421e-48cd-b9db-34f3-b849d7dbce75">
      <Description>ParsedMediaTypeHeadeValue.Type returns the media type.</Description>
      <Execution timeOut="30000" id="47016008-5c78-49bf-ad15-d6c6e490ef14" />
      <Owners>
        <Owner name="vinelap" />
      </Owners>
      <TestCategory>
        <TestCategoryItem TestCategory="CIT" />
      </TestCategory>
      <TestMethod codeBase="F:/advisorsrepo/wcfhttp/Http/Test/Microsoft.ApplicationServer.Http/Unit/bin/Release/Microsoft.ApplicationServer.Http.CIT.Unit.DLL" adapterTypeName="Microsoft.VisualStudio.TestTools.TestTypes.Unit.UnitTestAdapter, Microsoft.VisualStudio.QualityTools.Tips.UnitTest.Adapter, Version=10.0.0.0, Culture=neutral, PublicKeyToken=b03f5f7f11d50a3a" className="Microsoft.ApplicationServer.Http.ParsedMediaTypeHeadeValueTests, Microsoft.ApplicationServer.Http.CIT.Unit, Version=0.0.0.0, Culture=neutral, PublicKeyToken=null" name="Type_Returns_Just_The_Type" />
    </UnitTest>
    <UnitTest name="TrailingSlashMode_Dispatches_If_Set_To_Ignore" storage="f:\advisorsrepo\wcfhttp\http\test\microsoft.applicationserver.http\unit\bin\release\microsoft.applicationserver.http.cit.unit.dll" id="69e4a5ca-2ccc-85bc-385f-780a0c42732e">
      <Description>HttpBehavior.TrailingSlashMode will dispatch if set to 'Ignore'</Description>
      <Execution timeOut="30000" id="9354a384-2536-46be-a7b9-96516bbf2486" />
      <Owners>
        <Owner name="vinelap" />
      </Owners>
      <TestCategory>
        <TestCategoryItem TestCategory="CIT" />
      </TestCategory>
      <TestMethod codeBase="F:/advisorsrepo/wcfhttp/Http/Test/Microsoft.ApplicationServer.Http/Unit/bin/Release/Microsoft.ApplicationServer.Http.CIT.Unit.DLL" adapterTypeName="Microsoft.VisualStudio.TestTools.TestTypes.Unit.UnitTestAdapter, Microsoft.VisualStudio.QualityTools.Tips.UnitTest.Adapter, Version=10.0.0.0, Culture=neutral, PublicKeyToken=b03f5f7f11d50a3a" className="Microsoft.ApplicationServer.Http.Description.HttpBehaviorTests, Microsoft.ApplicationServer.Http.CIT.Unit, Version=0.0.0.0, Culture=neutral, PublicKeyToken=null" name="TrailingSlashMode_Dispatches_If_Set_To_Ignore" />
    </UnitTest>
    <UnitTest name="SetOutputValuesFromHandlerSetsValuesOnBoundInputs" storage="f:\advisorsrepo\wcfhttp\http\test\microsoft.applicationserver.http\unit\bin\release\microsoft.applicationserver.http.cit.unit.dll" id="53d72da3-74c3-5683-0a9b-4b60962a9139">
      <Description>SetOutputValuesFromHandler(int, object[], object[]) sets references to the output values instances in the array indices that correspond to input parameters that are bound to the given output parameters.</Description>
      <Execution timeOut="30000" id="5dcb2850-132e-4f19-b556-6952377f78bb" />
      <Owners>
        <Owner name="dravva" />
      </Owners>
      <TestCategory>
        <TestCategoryItem TestCategory="CIT" />
      </TestCategory>
      <TestMethod codeBase="F:/advisorsrepo/wcfhttp/Http/Test/Microsoft.ApplicationServer.Http/Unit/bin/Release/Microsoft.ApplicationServer.Http.CIT.Unit.DLL" adapterTypeName="Microsoft.VisualStudio.TestTools.TestTypes.Unit.UnitTestAdapter, Microsoft.VisualStudio.QualityTools.Tips.UnitTest.Adapter, Version=10.0.0.0, Culture=neutral, PublicKeyToken=b03f5f7f11d50a3a" className="Microsoft.ApplicationServer.Http.Dispatcher.OperationHandlerPipelineInfoTests, Microsoft.ApplicationServer.Http.CIT.Unit, Version=0.0.0.0, Culture=neutral, PublicKeyToken=null" name="SetOutputValuesFromHandlerSetsValuesOnBoundInputs" />
    </UnitTest>
    <UnitTest name="Endpoint_Throws_OnApplyConfiguration_Client" storage="f:\advisorsrepo\wcfhttp\http\test\microsoft.applicationserver.http\unit\bin\release\microsoft.applicationserver.http.cit.unit.dll" id="5bb6e73d-ef14-e1dd-5f2b-e24afba033ac">
      <Description>HttpEndpointElement.OnApplyConfiguration throws for client entry point</Description>
      <Execution timeOut="30000" id="44e4f5a8-e7ad-4cf9-9919-f811bba652f8" />
      <Owners>
        <Owner name="vinelap" />
      </Owners>
      <TestCategory>
        <TestCategoryItem TestCategory="CIT" />
      </TestCategory>
      <TestMethod codeBase="F:/advisorsrepo/wcfhttp/Http/Test/Microsoft.ApplicationServer.Http/Unit/bin/Release/Microsoft.ApplicationServer.Http.CIT.Unit.DLL" adapterTypeName="Microsoft.VisualStudio.TestTools.TestTypes.Unit.UnitTestAdapter, Microsoft.VisualStudio.QualityTools.Tips.UnitTest.Adapter, Version=10.0.0.0, Culture=neutral, PublicKeyToken=b03f5f7f11d50a3a" className="Microsoft.ApplicationServer.Http.Configuration.HttpEndpointElementTests, Microsoft.ApplicationServer.Http.CIT.Unit, Version=0.0.0.0, Culture=neutral, PublicKeyToken=null" name="Endpoint_Throws_OnApplyConfiguration_Client" />
    </UnitTest>
    <UnitTest name="ProvideResponse_Null_Error_Argument_Throws" storage="f:\advisorsrepo\wcfhttp\http\test\microsoft.applicationserver.http\unit\bin\release\microsoft.applicationserver.http.cit.unit.dll" id="ab6721a0-65fe-675a-e35f-372dafc1f1d9">
      <Description>ProvideResponse() throws ArgumentNullException for null error argument.</Description>
      <Execution timeOut="30000" id="9a7af401-ece7-4b51-82d6-fd6605246f68" />
      <Owners>
        <Owner name="maying" />
      </Owners>
      <TestCategory>
        <TestCategoryItem TestCategory="CIT" />
      </TestCategory>
      <TestMethod codeBase="F:/advisorsrepo/wcfhttp/Http/Test/Microsoft.ApplicationServer.Http/Unit/bin/Release/Microsoft.ApplicationServer.Http.CIT.Unit.DLL" adapterTypeName="Microsoft.VisualStudio.TestTools.TestTypes.Unit.UnitTestAdapter, Microsoft.VisualStudio.QualityTools.Tips.UnitTest.Adapter, Version=10.0.0.0, Culture=neutral, PublicKeyToken=b03f5f7f11d50a3a" className="Microsoft.ApplicationServer.Http.Dispatcher.HttpErrorHandlerTests, Microsoft.ApplicationServer.Http.CIT.Unit, Version=0.0.0.0, Culture=neutral, PublicKeyToken=null" name="ProvideResponse_Null_Error_Argument_Throws" />
    </UnitTest>
    <UnitTest name="HandleCallsOnHandleOfGeneric11" storage="f:\advisorsrepo\wcfhttp\http\test\microsoft.applicationserver.http\unit\bin\release\microsoft.applicationserver.http.cit.unit.dll" id="c8a14948-e2a5-d269-06d3-e53c168e27cf">
      <Description>Handle(object[]) calls OnHandle for the generic HttpOperationHandlerOfT.</Description>
      <Execution timeOut="30000" id="ac053ff2-b99f-465f-8f7b-d30bd0a3d42f" />
      <Owners>
        <Owner name="dravva" />
      </Owners>
      <TestCategory>
        <TestCategoryItem TestCategory="CIT" />
      </TestCategory>
      <TestMethod codeBase="F:/advisorsrepo/wcfhttp/Http/Test/Microsoft.ApplicationServer.Http/Unit/bin/Release/Microsoft.ApplicationServer.Http.CIT.Unit.DLL" adapterTypeName="Microsoft.VisualStudio.TestTools.TestTypes.Unit.UnitTestAdapter, Microsoft.VisualStudio.QualityTools.Tips.UnitTest.Adapter, Version=10.0.0.0, Culture=neutral, PublicKeyToken=b03f5f7f11d50a3a" className="Microsoft.ApplicationServer.Http.Dispatcher.HttpOperationHandlerOfTTests, Microsoft.ApplicationServer.Http.CIT.Unit, Version=0.0.0.0, Culture=neutral, PublicKeyToken=null" name="HandleCallsOnHandleOfGeneric11" />
    </UnitTest>
    <UnitTest name="HttpMessageHandlerBindingElement_Has_Parameterless_Constructor" storage="f:\advisorsrepo\wcfhttp\http\test\microsoft.applicationserver.http\unit\bin\release\microsoft.applicationserver.http.cit.unit.dll" id="5b31ce28-42f2-8ded-6d46-1ea9b3f48e1f">
      <Description>HttpMessageHandlerBindingElement has a parameterless constructor.</Description>
      <Execution timeOut="30000" id="730e3dca-ec14-4607-b936-a797b3272cec" />
      <Owners>
        <Owner name="derik" />
      </Owners>
      <TestCategory>
        <TestCategoryItem TestCategory="ADP_Basics" />
        <TestCategoryItem TestCategory="CIT" />
      </TestCategory>
      <TestMethod codeBase="F:/advisorsrepo/wcfhttp/Http/Test/Microsoft.ApplicationServer.Http/Unit/bin/Release/Microsoft.ApplicationServer.Http.CIT.Unit.DLL" adapterTypeName="Microsoft.VisualStudio.TestTools.TestTypes.Unit.UnitTestAdapter, Microsoft.VisualStudio.QualityTools.Tips.UnitTest.Adapter, Version=10.0.0.0, Culture=neutral, PublicKeyToken=b03f5f7f11d50a3a" className="Microsoft.ApplicationServer.Http.Channels.HttpMessageHandlerBindingElementTests, Microsoft.ApplicationServer.Http.CIT.Unit, Version=0.0.0.0, Culture=neutral, PublicKeyToken=null" name="HttpMessageHandlerBindingElement_Has_Parameterless_Constructor" />
    </UnitTest>
    <UnitTest name="TypeIsCorrect" storage="f:\advisorsrepo\wcfhttp\http\test\microsoft.applicationserver.http\unit\bin\release\microsoft.applicationserver.http.cit.unit.dll" id="5eb546d8-75ab-655a-c197-fdfdf0225a73">
      <Description>UriTemplateHandler is public and concrete.</Description>
      <Execution timeOut="30000" id="94c1586c-0265-4b00-9602-7d892c25e8c2" />
      <Owners>
        <Owner name="dravva" />
      </Owners>
      <TestCategory>
        <TestCategoryItem TestCategory="CIT" />
      </TestCategory>
      <TestMethod codeBase="F:/advisorsrepo/wcfhttp/Http/Test/Microsoft.ApplicationServer.Http/Unit/bin/Release/Microsoft.ApplicationServer.Http.CIT.Unit.DLL" adapterTypeName="Microsoft.VisualStudio.TestTools.TestTypes.Unit.UnitTestAdapter, Microsoft.VisualStudio.QualityTools.Tips.UnitTest.Adapter, Version=10.0.0.0, Culture=neutral, PublicKeyToken=b03f5f7f11d50a3a" className="Microsoft.ApplicationServer.Http.Dispatcher.UriTemplateHandlerTests, Microsoft.ApplicationServer.Http.CIT.Unit, Version=0.0.0.0, Culture=neutral, PublicKeyToken=null" name="TypeIsCorrect" />
    </UnitTest>
    <UnitTest name="Constructor6ThrowsWithNullFormatters" storage="f:\advisorsrepo\wcfhttp\http\test\microsoft.applicationserver.http\unit\bin\release\microsoft.applicationserver.http.cit.unit.dll" id="592f38dc-bf5e-c7dd-0606-ec6353c387ce">
      <Description>ObjectContent&lt;T&gt;(T, MediaTypeHeaderValue, IEnumerable&lt;MediaTypeFormatter&gt;) throws if formatters parameter is null.</Description>
      <Execution timeOut="30000" id="59020a4e-0057-466f-b93d-be142d64bd4a" />
      <Owners>
        <Owner name="dravva" />
      </Owners>
      <TestCategory>
        <TestCategoryItem TestCategory="CIT" />
      </TestCategory>
      <TestMethod codeBase="F:/advisorsrepo/wcfhttp/Http/Test/Microsoft.ApplicationServer.Http/Unit/bin/Release/Microsoft.ApplicationServer.Http.CIT.Unit.DLL" adapterTypeName="Microsoft.VisualStudio.TestTools.TestTypes.Unit.UnitTestAdapter, Microsoft.VisualStudio.QualityTools.Tips.UnitTest.Adapter, Version=10.0.0.0, Culture=neutral, PublicKeyToken=b03f5f7f11d50a3a" className="Microsoft.ApplicationServer.Http.ObjectContentOfTTests, Microsoft.ApplicationServer.Http.CIT.Unit, Version=0.0.0.0, Culture=neutral, PublicKeyToken=null" name="Constructor6ThrowsWithNullFormatters" />
    </UnitTest>
    <UnitTest name="GetValueConverterHttpRequestMessageOfT" storage="f:\advisorsrepo\wcfhttp\http\test\microsoft.applicationserver.http\unit\bin\release\microsoft.applicationserver.http.cit.unit.dll" id="2f3ed660-8d30-cba0-2c58-286ee69704e3">
      <Description>GetValueConverter(Type) returns a converter for all HttpRequestMessage&lt;T&gt; types.</Description>
      <Execution timeOut="30000" id="3e616f72-2b99-4501-92fd-bfa655945477" />
      <Owners>
        <Owner name="dravva" />
      </Owners>
      <TestCategory>
        <TestCategoryItem TestCategory="CIT" />
      </TestCategory>
      <TestMethod codeBase="F:/advisorsrepo/wcfhttp/Http/Test/Microsoft.ApplicationServer.Http/Unit/bin/Release/Microsoft.ApplicationServer.Http.CIT.Unit.DLL" adapterTypeName="Microsoft.VisualStudio.TestTools.TestTypes.Unit.UnitTestAdapter, Microsoft.VisualStudio.QualityTools.Tips.UnitTest.Adapter, Version=10.0.0.0, Culture=neutral, PublicKeyToken=b03f5f7f11d50a3a" className="Microsoft.ApplicationServer.Http.Description.HttpParameterValueConverterTests, Microsoft.ApplicationServer.Http.CIT.Unit, Version=0.0.0.0, Culture=neutral, PublicKeyToken=null" name="GetValueConverterHttpRequestMessageOfT" />
    </UnitTest>
    <UnitTest name="OnTrySelectOperationThrowsWithNullRequest" storage="f:\advisorsrepo\wcfhttp\http\test\microsoft.applicationserver.http\unit\bin\release\microsoft.applicationserver.http.cit.unit.dll" id="543f0450-a6c7-d638-f0a0-7789efdcfeac">
      <Description>OnTrySelectOperation(HttpRequestMessage, out string, out bool) throws in the request parameter is null.</Description>
      <Execution timeOut="30000" id="886ac3ff-e1ed-459b-8053-cb325b89d244" />
      <Owners>
        <Owner name="dravva" />
      </Owners>
      <TestCategory>
        <TestCategoryItem TestCategory="CIT" />
      </TestCategory>
      <TestMethod codeBase="F:/advisorsrepo/wcfhttp/Http/Test/Microsoft.ApplicationServer.Http/Unit/bin/Release/Microsoft.ApplicationServer.Http.CIT.Unit.DLL" adapterTypeName="Microsoft.VisualStudio.TestTools.TestTypes.Unit.UnitTestAdapter, Microsoft.VisualStudio.QualityTools.Tips.UnitTest.Adapter, Version=10.0.0.0, Culture=neutral, PublicKeyToken=b03f5f7f11d50a3a" className="Microsoft.ApplicationServer.Http.Dispatcher.UriAndMethodOperationSelectorTests, Microsoft.ApplicationServer.Http.CIT.Unit, Version=0.0.0.0, Culture=neutral, PublicKeyToken=null" name="OnTrySelectOperationThrowsWithNullRequest" />
    </UnitTest>
    <UnitTest name="HttpOperationDescription_Multiple_InputParameter_Matches_Method" storage="f:\advisorsrepo\wcfhttp\http\test\microsoft.applicationserver.http\unit\bin\release\microsoft.applicationserver.http.cit.unit.dll" id="83b3ee57-0d0b-70bd-1c67-c0ef38c14965">
      <Description>HttpOperationDescription multiple InputParameters matches method and preserves order</Description>
      <Execution timeOut="30000" id="c7df5578-dae0-4806-be8c-9d6d11b9d28f" />
      <Owners>
        <Owner name="maying" />
      </Owners>
      <TestCategory>
        <TestCategoryItem TestCategory="CIT" />
      </TestCategory>
      <TestMethod codeBase="F:/advisorsrepo/wcfhttp/Http/Test/Microsoft.ApplicationServer.Http/Unit/bin/Release/Microsoft.ApplicationServer.Http.CIT.Unit.DLL" adapterTypeName="Microsoft.VisualStudio.TestTools.TestTypes.Unit.UnitTestAdapter, Microsoft.VisualStudio.QualityTools.Tips.UnitTest.Adapter, Version=10.0.0.0, Culture=neutral, PublicKeyToken=b03f5f7f11d50a3a" className="Microsoft.ApplicationServer.Http.Description.HttpOperationDescriptionTests, Microsoft.ApplicationServer.Http.CIT.Unit, Version=0.0.0.0, Culture=neutral, PublicKeyToken=null" name="HttpOperationDescription_Multiple_InputParameter_Matches_Method" />
    </UnitTest>
    <UnitTest name="ConstructorThrowsWithEmptyMediaType" storage="f:\advisorsrepo\wcfhttp\http\test\microsoft.applicationserver.http\unit\bin\release\microsoft.applicationserver.http.cit.unit.dll" id="8013a69e-84b5-7079-c698-f3b6d77b3904">
      <Description>UriPathExtensionMapping(string, string) throws if the MediaType (string) parameter is empty.</Description>
      <Execution timeOut="30000" id="852ad85d-4cd4-4e5f-b16f-e6f4b06bab0b" />
      <Owners>
        <Owner name="dravva" />
      </Owners>
      <TestCategory>
        <TestCategoryItem TestCategory="CIT" />
      </TestCategory>
      <TestMethod codeBase="F:/advisorsrepo/wcfhttp/Http/Test/Microsoft.ApplicationServer.Http/Unit/bin/Release/Microsoft.ApplicationServer.Http.CIT.Unit.DLL" adapterTypeName="Microsoft.VisualStudio.TestTools.TestTypes.Unit.UnitTestAdapter, Microsoft.VisualStudio.QualityTools.Tips.UnitTest.Adapter, Version=10.0.0.0, Culture=neutral, PublicKeyToken=b03f5f7f11d50a3a" className="Microsoft.ApplicationServer.Http.UriPathExtensionMappingTests, Microsoft.ApplicationServer.Http.CIT.Unit, Version=0.0.0.0, Culture=neutral, PublicKeyToken=null" name="ConstructorThrowsWithEmptyMediaType" />
    </UnitTest>
    <UnitTest name="ConvertThrowsWithTtoObjectContentOfT" storage="f:\advisorsrepo\wcfhttp\http\test\microsoft.applicationserver.http\unit\bin\release\microsoft.applicationserver.http.cit.unit.dll" id="767eaf52-649c-2c19-5c84-622fe9075bf4">
      <Description>Convert(object) throws converting T to ObjectContent&lt;T&gt;.</Description>
      <Execution timeOut="30000" id="d2578b56-743b-42b7-a27f-cd3772b40b0b" />
      <Owners>
        <Owner name="dravva" />
      </Owners>
      <TestCategory>
        <TestCategoryItem TestCategory="CIT" />
      </TestCategory>
      <TestMethod codeBase="F:/advisorsrepo/wcfhttp/Http/Test/Microsoft.ApplicationServer.Http/Unit/bin/Release/Microsoft.ApplicationServer.Http.CIT.Unit.DLL" adapterTypeName="Microsoft.VisualStudio.TestTools.TestTypes.Unit.UnitTestAdapter, Microsoft.VisualStudio.QualityTools.Tips.UnitTest.Adapter, Version=10.0.0.0, Culture=neutral, PublicKeyToken=b03f5f7f11d50a3a" className="Microsoft.ApplicationServer.Http.Description.HttpParameterValueConverterTests, Microsoft.ApplicationServer.Http.CIT.Unit, Version=0.0.0.0, Culture=neutral, PublicKeyToken=null" name="ConvertThrowsWithTtoObjectContentOfT" />
    </UnitTest>
    <UnitTest name="ReadAs1ThrowsWithNullThis" storage="f:\advisorsrepo\wcfhttp\http\test\microsoft.applicationserver.http\unit\bin\release\microsoft.applicationserver.http.cit.unit.dll" id="7f3a1cc5-b4ca-a3b7-8376-1792e91fcb83">
      <Description>HttpContentExtensionMethods.ReadAs(HttpContent, Type, IEnumerable&lt;MediaTypeFormatter&gt;) throws with null 'this'.</Description>
      <Execution timeOut="30000" id="d8823a5a-abcb-46ac-92ae-ddc1923c2d39" />
      <Owners>
        <Owner name="vinelap" />
      </Owners>
      <TestCategory>
        <TestCategoryItem TestCategory="CIT" />
      </TestCategory>
      <TestMethod codeBase="F:/advisorsrepo/wcfhttp/Http/Test/Microsoft.ApplicationServer.Http/Unit/bin/Release/Microsoft.ApplicationServer.Http.CIT.Unit.DLL" adapterTypeName="Microsoft.VisualStudio.TestTools.TestTypes.Unit.UnitTestAdapter, Microsoft.VisualStudio.QualityTools.Tips.UnitTest.Adapter, Version=10.0.0.0, Culture=neutral, PublicKeyToken=b03f5f7f11d50a3a" className="Microsoft.ApplicationServer.Http.HttpContentExtensionMethodsTests, Microsoft.ApplicationServer.Http.CIT.Unit, Version=0.0.0.0, Culture=neutral, PublicKeyToken=null" name="ReadAs1ThrowsWithNullThis" />
    </UnitTest>
    <UnitTest name="HttpParameterCollection_Ctor_Empty_List" storage="f:\advisorsrepo\wcfhttp\http\test\microsoft.applicationserver.http\unit\bin\release\microsoft.applicationserver.http.cit.unit.dll" id="8bb82057-c4ad-9ff5-c611-61a886e2a75f">
      <Description>HttpParameterCollection can be initialized from empty list</Description>
      <Execution timeOut="30000" id="46aa3235-ece2-43fa-8586-f54f0d4ac2c5" />
      <Owners>
        <Owner name="derik" />
      </Owners>
      <TestCategory>
        <TestCategoryItem TestCategory="CIT" />
      </TestCategory>
      <TestMethod codeBase="F:/advisorsrepo/wcfhttp/Http/Test/Microsoft.ApplicationServer.Http/Unit/bin/Release/Microsoft.ApplicationServer.Http.CIT.Unit.DLL" adapterTypeName="Microsoft.VisualStudio.TestTools.TestTypes.Unit.UnitTestAdapter, Microsoft.VisualStudio.QualityTools.Tips.UnitTest.Adapter, Version=10.0.0.0, Culture=neutral, PublicKeyToken=b03f5f7f11d50a3a" className="Microsoft.ApplicationServer.Http.Description.HttpParameterCollectionTests, Microsoft.ApplicationServer.Http.CIT.Unit, Version=0.0.0.0, Culture=neutral, PublicKeyToken=null" name="HttpParameterCollection_Ctor_Empty_List" />
    </UnitTest>
    <UnitTest name="QualityFactor_Returns_1_For_MediaTypeHeaderValue" storage="f:\advisorsrepo\wcfhttp\http\test\microsoft.applicationserver.http\unit\bin\release\microsoft.applicationserver.http.cit.unit.dll" id="095e5032-cd89-ef29-8541-3b5c7165b9e8">
      <Description>ParsedMediaTypeHeadeValue.QualityFactor always returns 1.0 for MediaTypeHeaderValue.</Description>
      <Execution timeOut="30000" id="89c85ce5-4c81-44e3-ac7b-81c464c8fd05" />
      <Owners>
        <Owner name="vinelap" />
      </Owners>
      <TestCategory>
        <TestCategoryItem TestCategory="CIT" />
      </TestCategory>
      <TestMethod codeBase="F:/advisorsrepo/wcfhttp/Http/Test/Microsoft.ApplicationServer.Http/Unit/bin/Release/Microsoft.ApplicationServer.Http.CIT.Unit.DLL" adapterTypeName="Microsoft.VisualStudio.TestTools.TestTypes.Unit.UnitTestAdapter, Microsoft.VisualStudio.QualityTools.Tips.UnitTest.Adapter, Version=10.0.0.0, Culture=neutral, PublicKeyToken=b03f5f7f11d50a3a" className="Microsoft.ApplicationServer.Http.ParsedMediaTypeHeadeValueTests, Microsoft.ApplicationServer.Http.CIT.Unit, Version=0.0.0.0, Culture=neutral, PublicKeyToken=null" name="QualityFactor_Returns_1_For_MediaTypeHeaderValue" />
    </UnitTest>
    <UnitTest name="ContentLength_Returns_Null" storage="f:\advisorsrepo\wcfhttp\http\test\microsoft.applicationserver.http\unit\bin\release\microsoft.applicationserver.http.cit.unit.dll" id="dff6cea9-4967-1308-32fc-efbe19b50cb1">
      <Description>ActionOfStreamContent.Headers.ContentLength returns null.</Description>
      <Execution timeOut="30000" id="88207db2-a1fe-48ad-865c-dced51d4e7ac" />
      <Owners>
        <Owner name="vinelap" />
      </Owners>
      <TestCategory>
        <TestCategoryItem TestCategory="CIT" />
      </TestCategory>
      <TestMethod codeBase="F:/advisorsrepo/wcfhttp/Http/Test/Microsoft.ApplicationServer.Http/Unit/bin/Release/Microsoft.ApplicationServer.Http.CIT.Unit.DLL" adapterTypeName="Microsoft.VisualStudio.TestTools.TestTypes.Unit.UnitTestAdapter, Microsoft.VisualStudio.QualityTools.Tips.UnitTest.Adapter, Version=10.0.0.0, Culture=neutral, PublicKeyToken=b03f5f7f11d50a3a" className="Microsoft.ApplicationServer.Http.ActionOfStreamContentTests, Microsoft.ApplicationServer.Http.CIT.Unit, Version=0.0.0.0, Culture=neutral, PublicKeyToken=null" name="ContentLength_Returns_Null" />
    </UnitTest>
    <UnitTest name="SupportedMediaTypesAddThrowsWithNullMediaType" storage="f:\advisorsrepo\wcfhttp\http\test\microsoft.applicationserver.http\unit\bin\release\microsoft.applicationserver.http.cit.unit.dll" id="84608604-bbdf-c8b8-8436-ac10de25dc59">
      <Description>SupportedMediaTypes.Add throws with a null media type.</Description>
      <Execution timeOut="30000" id="3a42f6f4-5117-4e77-a429-2468e254e4e1" />
      <Owners>
        <Owner name="dravva" />
      </Owners>
      <TestCategory>
        <TestCategoryItem TestCategory="CIT" />
      </TestCategory>
      <TestMethod codeBase="F:/advisorsrepo/wcfhttp/Http/Test/Microsoft.ApplicationServer.Http/Unit/bin/Release/Microsoft.ApplicationServer.Http.CIT.Unit.DLL" adapterTypeName="Microsoft.VisualStudio.TestTools.TestTypes.Unit.UnitTestAdapter, Microsoft.VisualStudio.QualityTools.Tips.UnitTest.Adapter, Version=10.0.0.0, Culture=neutral, PublicKeyToken=b03f5f7f11d50a3a" className="Microsoft.ApplicationServer.Http.MediaTypeFormatterTests, Microsoft.ApplicationServer.Http.CIT.Unit, Version=0.0.0.0, Culture=neutral, PublicKeyToken=null" name="SupportedMediaTypesAddThrowsWithNullMediaType" />
    </UnitTest>
    <UnitTest name="Constructor4" storage="f:\advisorsrepo\wcfhttp\http\test\microsoft.applicationserver.http\unit\bin\release\microsoft.applicationserver.http.cit.unit.dll" id="62f668d4-ba5e-c212-e772-e812d7d7951a">
      <Description>ObjectContent(Type, object, IEnumerable&lt;MediaTypeFormatter&gt;) sets Type, Formatters and (private) ObjectInstance properties.  ContentType defaults to null.</Description>
      <Execution timeOut="30000" id="a3f7699a-b11c-4a28-84dd-d08be1bcc403" />
      <Owners>
        <Owner name="dravva" />
      </Owners>
      <TestCategory>
        <TestCategoryItem TestCategory="CIT" />
      </TestCategory>
      <TestMethod codeBase="F:/advisorsrepo/wcfhttp/Http/Test/Microsoft.ApplicationServer.Http/Unit/bin/Release/Microsoft.ApplicationServer.Http.CIT.Unit.DLL" adapterTypeName="Microsoft.VisualStudio.TestTools.TestTypes.Unit.UnitTestAdapter, Microsoft.VisualStudio.QualityTools.Tips.UnitTest.Adapter, Version=10.0.0.0, Culture=neutral, PublicKeyToken=b03f5f7f11d50a3a" className="Microsoft.ApplicationServer.Http.ObjectContentTests, Microsoft.ApplicationServer.Http.CIT.Unit, Version=0.0.0.0, Culture=neutral, PublicKeyToken=null" name="Constructor4" />
    </UnitTest>
    <UnitTest name="ReadAsOrDefaultAsyncThrowsWithNullThis" storage="f:\advisorsrepo\wcfhttp\http\test\microsoft.applicationserver.http\unit\bin\release\microsoft.applicationserver.http.cit.unit.dll" id="f91c8bfb-2904-ba24-c30d-f3bad70227b3">
      <Description>HttpContentExtensionMethods.ReadAsOrDefaultAsync(HttpContent, Type) throws with null 'this'.</Description>
      <Execution timeOut="30000" id="bf5fb6ea-fbf6-47b6-b112-0270c17d51eb" />
      <Owners>
        <Owner name="vinelap" />
      </Owners>
      <TestCategory>
        <TestCategoryItem TestCategory="CIT" />
      </TestCategory>
      <TestMethod codeBase="F:/advisorsrepo/wcfhttp/Http/Test/Microsoft.ApplicationServer.Http/Unit/bin/Release/Microsoft.ApplicationServer.Http.CIT.Unit.DLL" adapterTypeName="Microsoft.VisualStudio.TestTools.TestTypes.Unit.UnitTestAdapter, Microsoft.VisualStudio.QualityTools.Tips.UnitTest.Adapter, Version=10.0.0.0, Culture=neutral, PublicKeyToken=b03f5f7f11d50a3a" className="Microsoft.ApplicationServer.Http.HttpContentExtensionMethodsTests, Microsoft.ApplicationServer.Http.CIT.Unit, Version=0.0.0.0, Culture=neutral, PublicKeyToken=null" name="ReadAsOrDefaultAsyncThrowsWithNullThis" />
    </UnitTest>
    <UnitTest name="DeserializeRequest_Receives_Message_And_Parameters" storage="f:\advisorsrepo\wcfhttp\http\test\microsoft.applicationserver.http\unit\bin\release\microsoft.applicationserver.http.cit.unit.dll" id="dd39179b-f11b-5fcd-02c0-b0634e00db80">
      <Description>DeserializeRequest() receives HttpRequestMessage and message parameters.</Description>
      <Execution timeOut="30000" id="82f85189-3e8d-4f87-84a7-87daa91c35c2" />
      <Owners>
        <Owner name="maying" />
      </Owners>
      <TestCategory>
        <TestCategoryItem TestCategory="CIT" />
      </TestCategory>
      <TestMethod codeBase="F:/advisorsrepo/wcfhttp/Http/Test/Microsoft.ApplicationServer.Http/Unit/bin/Release/Microsoft.ApplicationServer.Http.CIT.Unit.DLL" adapterTypeName="Microsoft.VisualStudio.TestTools.TestTypes.Unit.UnitTestAdapter, Microsoft.VisualStudio.QualityTools.Tips.UnitTest.Adapter, Version=10.0.0.0, Culture=neutral, PublicKeyToken=b03f5f7f11d50a3a" className="Microsoft.ApplicationServer.Http.Dispatcher.HttpMessageFormatterTests, Microsoft.ApplicationServer.Http.CIT.Unit, Version=0.0.0.0, Culture=neutral, PublicKeyToken=null" name="DeserializeRequest_Receives_Message_And_Parameters" />
    </UnitTest>
    <UnitTest name="Constructor6ThrowsWithNullMediaType" storage="f:\advisorsrepo\wcfhttp\http\test\microsoft.applicationserver.http\unit\bin\release\microsoft.applicationserver.http.cit.unit.dll" id="e3d20541-6d9b-66b6-b176-86133c24d5ba">
      <Description>ObjectContent(Type, object, MediaTypeHeaderValue, IEnumerable&lt;MediaTypeFormatter&gt;) throws with an null media type.</Description>
      <Execution timeOut="30000" id="e789c87a-0d57-4576-93d5-49ed84de9a9a" />
      <Owners>
        <Owner name="dravva" />
      </Owners>
      <TestCategory>
        <TestCategoryItem TestCategory="CIT" />
      </TestCategory>
      <TestMethod codeBase="F:/advisorsrepo/wcfhttp/Http/Test/Microsoft.ApplicationServer.Http/Unit/bin/Release/Microsoft.ApplicationServer.Http.CIT.Unit.DLL" adapterTypeName="Microsoft.VisualStudio.TestTools.TestTypes.Unit.UnitTestAdapter, Microsoft.VisualStudio.QualityTools.Tips.UnitTest.Adapter, Version=10.0.0.0, Culture=neutral, PublicKeyToken=b03f5f7f11d50a3a" className="Microsoft.ApplicationServer.Http.ObjectContentTests, Microsoft.ApplicationServer.Http.CIT.Unit, Version=0.0.0.0, Culture=neutral, PublicKeyToken=null" name="Constructor6ThrowsWithNullMediaType" />
    </UnitTest>
    <UnitTest name="UnitTestClassIsCorrect" storage="f:\advisorsrepo\wcfhttp\http\test\microsoft.applicationserver.http\unit\bin\release\microsoft.applicationserver.http.cit.unit.dll" id="2cbd047e-111f-ce07-9594-d3c7dd3ca130">
      <Execution timeOut="1800000" id="fc08af9a-2cb0-4d63-98bb-caa25afeb180" />
      <TestMethod codeBase="F:/advisorsrepo/wcfhttp/Http/Test/Microsoft.ApplicationServer.Http/Unit/bin/Release/Microsoft.ApplicationServer.Http.CIT.Unit.DLL" adapterTypeName="Microsoft.VisualStudio.TestTools.TestTypes.Unit.UnitTestAdapter, Microsoft.VisualStudio.QualityTools.Tips.UnitTest.Adapter, Version=10.0.0.0, Culture=neutral, PublicKeyToken=b03f5f7f11d50a3a" className="Microsoft.ApplicationServer.Http.HttpRequestMessageOfTTests, Microsoft.ApplicationServer.Http.CIT.Unit, Version=0.0.0.0, Culture=neutral, PublicKeyToken=null" name="UnitTestClassIsCorrect" />
    </UnitTest>
    <UnitTest name="BeginClose_Calls_The_Inner_Listener" storage="f:\advisorsrepo\wcfhttp\http\test\microsoft.applicationserver.http\unit\bin\release\microsoft.applicationserver.http.cit.unit.dll" id="32e0b442-bc77-a8b7-fa5b-2428f05dca3c">
      <Description>HttpMessageEncodingChannelListener.BeginClose calls BeginClose on the inner listener with the given parameters.</Description>
      <Execution timeOut="30000" id="3130285f-edf3-4740-8539-78038647a40b" />
      <Owners>
        <Owner name="derik" />
      </Owners>
      <TestCategory>
        <TestCategoryItem TestCategory="CIT" />
      </TestCategory>
      <TestMethod codeBase="F:/advisorsrepo/wcfhttp/Http/Test/Microsoft.ApplicationServer.Http/Unit/bin/Release/Microsoft.ApplicationServer.Http.CIT.Unit.DLL" adapterTypeName="Microsoft.VisualStudio.TestTools.TestTypes.Unit.UnitTestAdapter, Microsoft.VisualStudio.QualityTools.Tips.UnitTest.Adapter, Version=10.0.0.0, Culture=neutral, PublicKeyToken=b03f5f7f11d50a3a" className="Microsoft.ApplicationServer.Http.Channels.HttpMessageEncodingChannelListenerTests, Microsoft.ApplicationServer.Http.CIT.Unit, Version=0.0.0.0, Culture=neutral, PublicKeyToken=null" name="BeginClose_Calls_The_Inner_Listener" />
    </UnitTest>
    <UnitTest name="IsEmpty_Is_True_When_HttpContent_Length_Is_Zero" storage="f:\advisorsrepo\wcfhttp\http\test\microsoft.applicationserver.http\unit\bin\release\microsoft.applicationserver.http.cit.unit.dll" id="424b45ef-ec1b-7078-4747-b85d4afba27e">
      <Description>HttpMessage.IsEmpty is true if the HttpContent length is zero.</Description>
      <Execution timeOut="30000" id="7e4a9cc9-18f5-4009-b600-4245f2cd8413" />
      <Owners>
        <Owner name="derik" />
      </Owners>
      <TestCategory>
        <TestCategoryItem TestCategory="CIT" />
      </TestCategory>
      <TestMethod codeBase="F:/advisorsrepo/wcfhttp/Http/Test/Microsoft.ApplicationServer.Http/Unit/bin/Release/Microsoft.ApplicationServer.Http.CIT.Unit.DLL" adapterTypeName="Microsoft.VisualStudio.TestTools.TestTypes.Unit.UnitTestAdapter, Microsoft.VisualStudio.QualityTools.Tips.UnitTest.Adapter, Version=10.0.0.0, Culture=neutral, PublicKeyToken=b03f5f7f11d50a3a" className="Microsoft.ApplicationServer.Http.Channels.HttpMessageTests, Microsoft.ApplicationServer.Http.CIT.Unit, Version=0.0.0.0, Culture=neutral, PublicKeyToken=null" name="IsEmpty_Is_True_When_HttpContent_Length_Is_Zero" />
    </UnitTest>
    <UnitTest name="SetHttpRequestMessageAddsHttpRequestMessageToTheArray" storage="f:\advisorsrepo\wcfhttp\http\test\microsoft.applicationserver.http\unit\bin\release\microsoft.applicationserver.http.cit.unit.dll" id="fb041164-deb1-0dcf-a28d-edacd800cf51">
      <Description>SetHttpRequestMessage(HttpRequestMessage, object[]) sets references to the HttpRequestMessage at only those array indices that represent input parameters bound to the HttpRequestMessage.</Description>
      <Execution timeOut="30000" id="02991d8d-d0e6-42a2-b263-7746ab2ec7cd" />
      <Owners>
        <Owner name="dravva" />
      </Owners>
      <TestCategory>
        <TestCategoryItem TestCategory="CIT" />
      </TestCategory>
      <TestMethod codeBase="F:/advisorsrepo/wcfhttp/Http/Test/Microsoft.ApplicationServer.Http/Unit/bin/Release/Microsoft.ApplicationServer.Http.CIT.Unit.DLL" adapterTypeName="Microsoft.VisualStudio.TestTools.TestTypes.Unit.UnitTestAdapter, Microsoft.VisualStudio.QualityTools.Tips.UnitTest.Adapter, Version=10.0.0.0, Culture=neutral, PublicKeyToken=b03f5f7f11d50a3a" className="Microsoft.ApplicationServer.Http.Dispatcher.OperationHandlerPipelineInfoTests, Microsoft.ApplicationServer.Http.CIT.Unit, Version=0.0.0.0, Culture=neutral, PublicKeyToken=null" name="SetHttpRequestMessageAddsHttpRequestMessageToTheArray" />
    </UnitTest>
    <UnitTest name="ToHttpRequestMessage_Returns_Null_For_HttpResponseMessage" storage="f:\advisorsrepo\wcfhttp\http\test\microsoft.applicationserver.http\unit\bin\release\microsoft.applicationserver.http.cit.unit.dll" id="cee427f3-7763-9403-ba72-ff66d1058c08">
      <Description>Message.ToHttpRequestMessage returns null if the HttpMessage was created with an HttpResponseMessage.</Description>
      <Execution timeOut="30000" id="460341fc-3a17-4005-86e4-c93e13e1a2ec" />
      <Owners>
        <Owner name="derik" />
      </Owners>
      <TestCategory>
        <TestCategoryItem TestCategory="CIT" />
      </TestCategory>
      <TestMethod codeBase="F:/advisorsrepo/wcfhttp/Http/Test/Microsoft.ApplicationServer.Http/Unit/bin/Release/Microsoft.ApplicationServer.Http.CIT.Unit.DLL" adapterTypeName="Microsoft.VisualStudio.TestTools.TestTypes.Unit.UnitTestAdapter, Microsoft.VisualStudio.QualityTools.Tips.UnitTest.Adapter, Version=10.0.0.0, Culture=neutral, PublicKeyToken=b03f5f7f11d50a3a" className="Microsoft.ApplicationServer.Http.Channels.HttpMessageExtensionMethodsTests, Microsoft.ApplicationServer.Http.CIT.Unit, Version=0.0.0.0, Culture=neutral, PublicKeyToken=null" name="ToHttpRequestMessage_Returns_Null_For_HttpResponseMessage" />
    </UnitTest>
    <UnitTest name="Transport_ExtendedProtectionPolicy_PolicyEnforcement_Is_Never_By_Default" storage="f:\advisorsrepo\wcfhttp\http\test\microsoft.applicationserver.http\unit\bin\release\microsoft.applicationserver.http.cit.unit.dll" id="1700de2b-7529-f5b6-793a-a9d501a1dbef">
      <Description>HttpBindingSecurity.Transport.ExtendedProtectionPolicy.PolicyEnforcement is PolicyEnforcement.Never by default.</Description>
      <Execution timeOut="30000" id="ed79ff4c-4e0c-455a-bf38-c224ccbf3123" />
      <Owners>
        <Owner name="derik" />
      </Owners>
      <TestCategory>
        <TestCategoryItem TestCategory="CIT" />
      </TestCategory>
      <TestMethod codeBase="F:/advisorsrepo/wcfhttp/Http/Test/Microsoft.ApplicationServer.Http/Unit/bin/Release/Microsoft.ApplicationServer.Http.CIT.Unit.DLL" adapterTypeName="Microsoft.VisualStudio.TestTools.TestTypes.Unit.UnitTestAdapter, Microsoft.VisualStudio.QualityTools.Tips.UnitTest.Adapter, Version=10.0.0.0, Culture=neutral, PublicKeyToken=b03f5f7f11d50a3a" className="Microsoft.ApplicationServer.Http.HttpBindingSecurityTests, Microsoft.ApplicationServer.Http.CIT.Unit, Version=0.0.0.0, Culture=neutral, PublicKeyToken=null" name="Transport_ExtendedProtectionPolicy_PolicyEnforcement_Is_Never_By_Default" />
    </UnitTest>
    <UnitTest name="Constructor5" storage="f:\advisorsrepo\wcfhttp\http\test\microsoft.applicationserver.http\unit\bin\release\microsoft.applicationserver.http.cit.unit.dll" id="de9366b7-3c0a-1502-8381-276d81715e36">
      <Description>ObjectContent(Type, object, string, IEnumerable&lt;MediaTypeFormatter&gt;) sets Type, content header's media type, Formatters and (private) ObjectInstance properties.</Description>
      <Execution timeOut="30000" id="c92f59bd-0d72-4c68-b4a2-927603adc841" />
      <Owners>
        <Owner name="dravva" />
      </Owners>
      <TestCategory>
        <TestCategoryItem TestCategory="CIT" />
      </TestCategory>
      <TestMethod codeBase="F:/advisorsrepo/wcfhttp/Http/Test/Microsoft.ApplicationServer.Http/Unit/bin/Release/Microsoft.ApplicationServer.Http.CIT.Unit.DLL" adapterTypeName="Microsoft.VisualStudio.TestTools.TestTypes.Unit.UnitTestAdapter, Microsoft.VisualStudio.QualityTools.Tips.UnitTest.Adapter, Version=10.0.0.0, Culture=neutral, PublicKeyToken=b03f5f7f11d50a3a" className="Microsoft.ApplicationServer.Http.ObjectContentTests, Microsoft.ApplicationServer.Http.CIT.Unit, Version=0.0.0.0, Culture=neutral, PublicKeyToken=null" name="Constructor5" />
    </UnitTest>
    <UnitTest name="UriTemplateHttpOperationHandler_Constructor_Throws_With_Null_BaseAddress_Parameter" storage="f:\advisorsrepo\wcfhttp\http\test\microsoft.applicationserver.http\unit\bin\release\microsoft.applicationserver.http.cit.unit.dll" id="4fd82f41-87cb-5feb-ea64-f52a4fcbf05b">
      <Description>UriTemplateHttpOperationHandler constructor throws if the 'baseAdrress' parameter is null.</Description>
      <Execution timeOut="30000" id="108c6c50-9fe2-4f56-8d70-b90e6d61020e" />
      <Owners>
        <Owner name="vinelap" />
      </Owners>
      <TestCategory>
        <TestCategoryItem TestCategory="CIT" />
      </TestCategory>
      <TestMethod codeBase="F:/advisorsrepo/wcfhttp/Http/Test/Microsoft.ApplicationServer.Http/Unit/bin/Release/Microsoft.ApplicationServer.Http.CIT.Unit.DLL" adapterTypeName="Microsoft.VisualStudio.TestTools.TestTypes.Unit.UnitTestAdapter, Microsoft.VisualStudio.QualityTools.Tips.UnitTest.Adapter, Version=10.0.0.0, Culture=neutral, PublicKeyToken=b03f5f7f11d50a3a" className="Microsoft.ApplicationServer.Http.Dispatcher.UriTemplateHandlerTests, Microsoft.ApplicationServer.Http.CIT.Unit, Version=0.0.0.0, Culture=neutral, PublicKeyToken=null" name="UriTemplateHttpOperationHandler_Constructor_Throws_With_Null_BaseAddress_Parameter" />
    </UnitTest>
    <UnitTest name="ToString_With_A_Response_Indicates_Content_Length" storage="f:\advisorsrepo\wcfhttp\http\test\microsoft.applicationserver.http\unit\bin\release\microsoft.applicationserver.http.cit.unit.dll" id="2be80daf-71aa-c475-0ff1-fd74111d039f">
      <Description>HttpMessage.ToString() indicates that it is a response message with the content length.</Description>
      <Execution timeOut="30000" id="5181da72-626a-4f23-aea8-dd269c1a4729" />
      <Owners>
        <Owner name="derik" />
      </Owners>
      <TestCategory>
        <TestCategoryItem TestCategory="CIT" />
      </TestCategory>
      <TestMethod codeBase="F:/advisorsrepo/wcfhttp/Http/Test/Microsoft.ApplicationServer.Http/Unit/bin/Release/Microsoft.ApplicationServer.Http.CIT.Unit.DLL" adapterTypeName="Microsoft.VisualStudio.TestTools.TestTypes.Unit.UnitTestAdapter, Microsoft.VisualStudio.QualityTools.Tips.UnitTest.Adapter, Version=10.0.0.0, Culture=neutral, PublicKeyToken=b03f5f7f11d50a3a" className="Microsoft.ApplicationServer.Http.Channels.HttpMessageTests, Microsoft.ApplicationServer.Http.CIT.Unit, Version=0.0.0.0, Culture=neutral, PublicKeyToken=null" name="ToString_With_A_Response_Indicates_Content_Length" />
    </UnitTest>
    <UnitTest name="UnitTestClassIsCorrect" storage="f:\advisorsrepo\wcfhttp\http\test\microsoft.applicationserver.http\unit\bin\release\microsoft.applicationserver.http.cit.unit.dll" id="a5e5431a-3d20-187b-614d-74d334d2d028">
      <Execution timeOut="1800000" id="c822f904-b621-45fe-956d-44e2b43260f4" />
      <TestMethod codeBase="F:/advisorsrepo/wcfhttp/Http/Test/Microsoft.ApplicationServer.Http/Unit/bin/Release/Microsoft.ApplicationServer.Http.CIT.Unit.DLL" adapterTypeName="Microsoft.VisualStudio.TestTools.TestTypes.Unit.UnitTestAdapter, Microsoft.VisualStudio.QualityTools.Tips.UnitTest.Adapter, Version=10.0.0.0, Culture=neutral, PublicKeyToken=b03f5f7f11d50a3a" className="Microsoft.ApplicationServer.Http.Description.HttpParameterValueConverterTests, Microsoft.ApplicationServer.Http.CIT.Unit, Version=0.0.0.0, Culture=neutral, PublicKeyToken=null" name="UnitTestClassIsCorrect" />
    </UnitTest>
    <UnitTest name="Constructor1" storage="f:\advisorsrepo\wcfhttp\http\test\microsoft.applicationserver.http\unit\bin\release\microsoft.applicationserver.http.cit.unit.dll" id="ec622698-db75-8ac8-1cc2-4dc72ce19515">
      <Description>UriAndMethodOperationSelector(Uri, IEnumerable&lt;HttpOperationDescription&gt;, TrailingSlashMode) accepts non-null parameters and all TrailingSlashMode values.</Description>
      <Execution timeOut="30000" id="5098db47-6964-405d-8c9e-674966b142b0" />
      <Owners>
        <Owner name="dravva" />
      </Owners>
      <TestCategory>
        <TestCategoryItem TestCategory="CIT" />
      </TestCategory>
      <TestMethod codeBase="F:/advisorsrepo/wcfhttp/Http/Test/Microsoft.ApplicationServer.Http/Unit/bin/Release/Microsoft.ApplicationServer.Http.CIT.Unit.DLL" adapterTypeName="Microsoft.VisualStudio.TestTools.TestTypes.Unit.UnitTestAdapter, Microsoft.VisualStudio.QualityTools.Tips.UnitTest.Adapter, Version=10.0.0.0, Culture=neutral, PublicKeyToken=b03f5f7f11d50a3a" className="Microsoft.ApplicationServer.Http.Dispatcher.UriAndMethodOperationSelectorTests, Microsoft.ApplicationServer.Http.CIT.Unit, Version=0.0.0.0, Culture=neutral, PublicKeyToken=null" name="Constructor1" />
    </UnitTest>
    <UnitTest name="Compare_Returns_1_If_Q_Value_Is_Same_But_MediaType1_Is_Media_Range" storage="f:\advisorsrepo\wcfhttp\http\test\microsoft.applicationserver.http\unit\bin\release\microsoft.applicationserver.http.cit.unit.dll" id="cc22da32-8e1c-0d49-be1d-e34c7a4949fc">
      <Description>MediaTypeHeadeValueComparer.Compare returns 1 if the Q values are the same but the first parameter is a less specific media range.</Description>
      <Execution timeOut="30000" id="8b2006dd-ee71-40f9-9d40-167420d93c9e" />
      <Owners>
        <Owner name="vinelap" />
      </Owners>
      <TestCategory>
        <TestCategoryItem TestCategory="CIT" />
      </TestCategory>
      <TestMethod codeBase="F:/advisorsrepo/wcfhttp/Http/Test/Microsoft.ApplicationServer.Http/Unit/bin/Release/Microsoft.ApplicationServer.Http.CIT.Unit.DLL" adapterTypeName="Microsoft.VisualStudio.TestTools.TestTypes.Unit.UnitTestAdapter, Microsoft.VisualStudio.QualityTools.Tips.UnitTest.Adapter, Version=10.0.0.0, Culture=neutral, PublicKeyToken=b03f5f7f11d50a3a" className="Microsoft.ApplicationServer.Http.MediaTypeHeadeValueComparerTests, Microsoft.ApplicationServer.Http.CIT.Unit, Version=0.0.0.0, Culture=neutral, PublicKeyToken=null" name="Compare_Returns_1_If_Q_Value_Is_Same_But_MediaType1_Is_Media_Range" />
    </UnitTest>
    <UnitTest name="TypeIsCorrect" storage="f:\advisorsrepo\wcfhttp\http\test\microsoft.applicationserver.http\unit\bin\release\microsoft.applicationserver.http.cit.unit.dll" id="52aaffa4-7e81-5e30-6937-2e7b5c89a64d">
      <Description>OperationHandlerPipelineContext is internal and concrete.</Description>
      <Execution timeOut="30000" id="6a649f2d-cf41-4072-8710-06b7491de1bb" />
      <Owners>
        <Owner name="dravva" />
      </Owners>
      <TestCategory>
        <TestCategoryItem TestCategory="CIT" />
      </TestCategory>
      <TestMethod codeBase="F:/advisorsrepo/wcfhttp/Http/Test/Microsoft.ApplicationServer.Http/Unit/bin/Release/Microsoft.ApplicationServer.Http.CIT.Unit.DLL" adapterTypeName="Microsoft.VisualStudio.TestTools.TestTypes.Unit.UnitTestAdapter, Microsoft.VisualStudio.QualityTools.Tips.UnitTest.Adapter, Version=10.0.0.0, Culture=neutral, PublicKeyToken=b03f5f7f11d50a3a" className="Microsoft.ApplicationServer.Http.Dispatcher.OperationHandlerPipelineContextTests, Microsoft.ApplicationServer.Http.CIT.Unit, Version=0.0.0.0, Culture=neutral, PublicKeyToken=null" name="TypeIsCorrect" />
    </UnitTest>
    <UnitTest name="SetOutputValuesAndAdvanceCallsPipelineInfo" storage="f:\advisorsrepo\wcfhttp\http\test\microsoft.applicationserver.http\unit\bin\release\microsoft.applicationserver.http.cit.unit.dll" id="6acaed0d-3636-a7c5-c282-06754242dbb3">
      <Description>SetOutputValuesAndAdvance(object[]) calls PipelineInfo.</Description>
      <Execution timeOut="30000" id="e24917ae-598e-4dbd-bd07-e001dade8a65" />
      <Owners>
        <Owner name="dravva" />
      </Owners>
      <TestCategory>
        <TestCategoryItem TestCategory="CIT" />
      </TestCategory>
      <TestMethod codeBase="F:/advisorsrepo/wcfhttp/Http/Test/Microsoft.ApplicationServer.Http/Unit/bin/Release/Microsoft.ApplicationServer.Http.CIT.Unit.DLL" adapterTypeName="Microsoft.VisualStudio.TestTools.TestTypes.Unit.UnitTestAdapter, Microsoft.VisualStudio.QualityTools.Tips.UnitTest.Adapter, Version=10.0.0.0, Culture=neutral, PublicKeyToken=b03f5f7f11d50a3a" className="Microsoft.ApplicationServer.Http.Dispatcher.OperationHandlerPipelineContextTests, Microsoft.ApplicationServer.Http.CIT.Unit, Version=0.0.0.0, Culture=neutral, PublicKeyToken=null" name="SetOutputValuesAndAdvanceCallsPipelineInfo" />
    </UnitTest>
    <UnitTest name="HandleCallsOnHandleOfGeneric1" storage="f:\advisorsrepo\wcfhttp\http\test\microsoft.applicationserver.http\unit\bin\release\microsoft.applicationserver.http.cit.unit.dll" id="7a3cd1bb-e63c-1e4d-44eb-d0957004dfd0">
      <Description>Handle(object[]) calls OnHandle for the generic HttpOperationHandlerOfT.</Description>
      <Execution timeOut="30000" id="6d07ea6d-dd41-4a3f-9319-e07f6d0635c5" />
      <Owners>
        <Owner name="dravva" />
      </Owners>
      <TestCategory>
        <TestCategoryItem TestCategory="CIT" />
      </TestCategory>
      <TestMethod codeBase="F:/advisorsrepo/wcfhttp/Http/Test/Microsoft.ApplicationServer.Http/Unit/bin/Release/Microsoft.ApplicationServer.Http.CIT.Unit.DLL" adapterTypeName="Microsoft.VisualStudio.TestTools.TestTypes.Unit.UnitTestAdapter, Microsoft.VisualStudio.QualityTools.Tips.UnitTest.Adapter, Version=10.0.0.0, Culture=neutral, PublicKeyToken=b03f5f7f11d50a3a" className="Microsoft.ApplicationServer.Http.Dispatcher.HttpOperationHandlerOfTTests, Microsoft.ApplicationServer.Http.CIT.Unit, Version=0.0.0.0, Culture=neutral, PublicKeyToken=null" name="HandleCallsOnHandleOfGeneric1" />
    </UnitTest>
    <UnitTest name="ConstructorThrowsWithEmptyQueryParameterName" storage="f:\advisorsrepo\wcfhttp\http\test\microsoft.applicationserver.http\unit\bin\release\microsoft.applicationserver.http.cit.unit.dll" id="30a26b88-02e5-300a-05e8-a76858771c46">
      <Description>QueryStringMapping(string, string, MediaTypeHeaderValue) throws with empty QueryStringParameterName.</Description>
      <Execution timeOut="30000" id="76c0e242-93ce-4a2a-bbea-0f9e24404240" />
      <Owners>
        <Owner name="dravva" />
      </Owners>
      <TestCategory>
        <TestCategoryItem TestCategory="CIT" />
      </TestCategory>
      <TestMethod codeBase="F:/advisorsrepo/wcfhttp/Http/Test/Microsoft.ApplicationServer.Http/Unit/bin/Release/Microsoft.ApplicationServer.Http.CIT.Unit.DLL" adapterTypeName="Microsoft.VisualStudio.TestTools.TestTypes.Unit.UnitTestAdapter, Microsoft.VisualStudio.QualityTools.Tips.UnitTest.Adapter, Version=10.0.0.0, Culture=neutral, PublicKeyToken=b03f5f7f11d50a3a" className="Microsoft.ApplicationServer.Http.QueryStringMappingTests, Microsoft.ApplicationServer.Http.CIT.Unit, Version=0.0.0.0, Culture=neutral, PublicKeyToken=null" name="ConstructorThrowsWithEmptyQueryParameterName" />
    </UnitTest>
    <UnitTest name="CreateInstance_Simple_HttpInstanceProvider_Null_InstanceContext_Throws" storage="f:\advisorsrepo\wcfhttp\http\test\microsoft.applicationserver.http\unit\bin\release\microsoft.applicationserver.http.cit.unit.dll" id="6f639dda-681c-b16a-f10b-b9ece34601ad">
      <Description>HttpInstanceProvider.CreateInstance (simple form) with null instanceContext throws</Description>
      <Execution timeOut="30000" id="0b129a93-99b6-4466-9a0d-e3dab5212058" />
      <Owners>
        <Owner name="maying" />
      </Owners>
      <TestCategory>
        <TestCategoryItem TestCategory="CIT" />
      </TestCategory>
      <TestMethod codeBase="F:/advisorsrepo/wcfhttp/Http/Test/Microsoft.ApplicationServer.Http/Unit/bin/Release/Microsoft.ApplicationServer.Http.CIT.Unit.DLL" adapterTypeName="Microsoft.VisualStudio.TestTools.TestTypes.Unit.UnitTestAdapter, Microsoft.VisualStudio.QualityTools.Tips.UnitTest.Adapter, Version=10.0.0.0, Culture=neutral, PublicKeyToken=b03f5f7f11d50a3a" className="Microsoft.ApplicationServer.Http.Dispatcher.HttpInstanceProviderTests, Microsoft.ApplicationServer.Http.CIT.Unit, Version=0.0.0.0, Culture=neutral, PublicKeyToken=null" name="CreateInstance_Simple_HttpInstanceProvider_Null_InstanceContext_Throws" />
    </UnitTest>
    <UnitTest name="ConstructorAcceptsAnEmptyRequestHandlersCollection" storage="f:\advisorsrepo\wcfhttp\http\test\microsoft.applicationserver.http\unit\bin\release\microsoft.applicationserver.http.cit.unit.dll" id="1efcd3ce-24c4-3958-093e-ac8d75c24d2d">
      <Description>OperationHandlerPipelineInfo(IEnumerable&lt;HttpOperationHandler&gt;, IEnumerable&lt;HttpOperationHandler&gt;, HttpOperationDescription) accepts an empty requestHandlers collection.</Description>
      <Execution timeOut="30000" id="c799878a-a53f-4b7b-a8ff-cb86286a3be9" />
      <Owners>
        <Owner name="dravva" />
      </Owners>
      <TestCategory>
        <TestCategoryItem TestCategory="CIT" />
      </TestCategory>
      <TestMethod codeBase="F:/advisorsrepo/wcfhttp/Http/Test/Microsoft.ApplicationServer.Http/Unit/bin/Release/Microsoft.ApplicationServer.Http.CIT.Unit.DLL" adapterTypeName="Microsoft.VisualStudio.TestTools.TestTypes.Unit.UnitTestAdapter, Microsoft.VisualStudio.QualityTools.Tips.UnitTest.Adapter, Version=10.0.0.0, Culture=neutral, PublicKeyToken=b03f5f7f11d50a3a" className="Microsoft.ApplicationServer.Http.Dispatcher.OperationHandlerPipelineInfoTests, Microsoft.ApplicationServer.Http.CIT.Unit, Version=0.0.0.0, Culture=neutral, PublicKeyToken=null" name="ConstructorAcceptsAnEmptyRequestHandlersCollection" />
    </UnitTest>
    <UnitTest name="ConstructorThrowsIfAResponseHandlerInputCanNotBeBound" storage="f:\advisorsrepo\wcfhttp\http\test\microsoft.applicationserver.http\unit\bin\release\microsoft.applicationserver.http.cit.unit.dll" id="7fa66499-2f67-139e-7645-ad96da7a1118">
      <Description>OperationHandlerPipelineInfo(IEnumerable&lt;HttpOperationHandler&gt;, IEnumerable&lt;HttpOperationHandler&gt;, HttpOperationDescription) throws if a response HttpOperationHandler input parameter can not bound.</Description>
      <Execution timeOut="30000" id="ef640208-f16e-4a5b-a7ee-66e23dd899cf" />
      <Owners>
        <Owner name="dravva" />
      </Owners>
      <TestCategory>
        <TestCategoryItem TestCategory="CIT" />
      </TestCategory>
      <TestMethod codeBase="F:/advisorsrepo/wcfhttp/Http/Test/Microsoft.ApplicationServer.Http/Unit/bin/Release/Microsoft.ApplicationServer.Http.CIT.Unit.DLL" adapterTypeName="Microsoft.VisualStudio.TestTools.TestTypes.Unit.UnitTestAdapter, Microsoft.VisualStudio.QualityTools.Tips.UnitTest.Adapter, Version=10.0.0.0, Culture=neutral, PublicKeyToken=b03f5f7f11d50a3a" className="Microsoft.ApplicationServer.Http.Dispatcher.OperationHandlerPipelineInfoTests, Microsoft.ApplicationServer.Http.CIT.Unit, Version=0.0.0.0, Culture=neutral, PublicKeyToken=null" name="ConstructorThrowsIfAResponseHandlerInputCanNotBeBound" />
    </UnitTest>
    <UnitTest name="SetSerializer3ThrowsWithNullSerializer" storage="f:\advisorsrepo\wcfhttp\http\test\microsoft.applicationserver.http\unit\bin\release\microsoft.applicationserver.http.cit.unit.dll" id="8c52eb96-163e-59e6-f3d8-b2ee1bd0843a">
      <Description>XmlMediaTypeFormatter.SetSerializer&lt;T&gt;(XmlObjectSerializer) throws with null serializer.</Description>
      <Execution timeOut="30000" id="b8909f51-ba7f-4b4b-8296-66f4d117d9ad" />
      <Owners>
        <Owner name="dravva" />
      </Owners>
      <TestCategory>
        <TestCategoryItem TestCategory="CIT" />
      </TestCategory>
      <TestMethod codeBase="F:/advisorsrepo/wcfhttp/Http/Test/Microsoft.ApplicationServer.Http/Unit/bin/Release/Microsoft.ApplicationServer.Http.CIT.Unit.DLL" adapterTypeName="Microsoft.VisualStudio.TestTools.TestTypes.Unit.UnitTestAdapter, Microsoft.VisualStudio.QualityTools.Tips.UnitTest.Adapter, Version=10.0.0.0, Culture=neutral, PublicKeyToken=b03f5f7f11d50a3a" className="Microsoft.ApplicationServer.Http.XmlMediaTypeFormatterTests, Microsoft.ApplicationServer.Http.CIT.Unit, Version=0.0.0.0, Culture=neutral, PublicKeyToken=null" name="SetSerializer3ThrowsWithNullSerializer" />
    </UnitTest>
    <UnitTest name="MediaTypeHeaderValue_Ensures_Valid_MediaType" storage="f:\advisorsrepo\wcfhttp\http\test\microsoft.applicationserver.http\unit\bin\release\microsoft.applicationserver.http.cit.unit.dll" id="40241d34-edb3-1fb9-c43e-11d64436fe68">
      <Description>MediaTypeHeaderValue ensures only valid media types are constructed.</Description>
      <Execution timeOut="30000" id="703f2478-fcb4-4e3f-93f4-5ddbab30b2a8" />
      <Owners>
        <Owner name="vinelap" />
      </Owners>
      <TestCategory>
        <TestCategoryItem TestCategory="CIT" />
      </TestCategory>
      <TestMethod codeBase="F:/advisorsrepo/wcfhttp/Http/Test/Microsoft.ApplicationServer.Http/Unit/bin/Release/Microsoft.ApplicationServer.Http.CIT.Unit.DLL" adapterTypeName="Microsoft.VisualStudio.TestTools.TestTypes.Unit.UnitTestAdapter, Microsoft.VisualStudio.QualityTools.Tips.UnitTest.Adapter, Version=10.0.0.0, Culture=neutral, PublicKeyToken=b03f5f7f11d50a3a" className="Microsoft.ApplicationServer.Http.ParsedMediaTypeHeadeValueTests, Microsoft.ApplicationServer.Http.CIT.Unit, Version=0.0.0.0, Culture=neutral, PublicKeyToken=null" name="MediaTypeHeaderValue_Ensures_Valid_MediaType" />
    </UnitTest>
    <UnitTest name="IsWithinMediaRange_Returns_True_Regardless_Of_Media_Ranges_With_Charset" storage="f:\advisorsrepo\wcfhttp\http\test\microsoft.applicationserver.http\unit\bin\release\microsoft.applicationserver.http.cit.unit.dll" id="f745c16a-1507-ee64-e628-afe16a99f160">
      <Description>MediaTypeHeadeValueExtensionMethods.IsWithinMediaRange returns true regardless if the media range has a charset.</Description>
      <Execution timeOut="30000" id="d1eb272e-2043-4f07-bb6d-ed4f9f8f71a4" />
      <Owners>
        <Owner name="vinelap" />
      </Owners>
      <TestCategory>
        <TestCategoryItem TestCategory="CIT" />
      </TestCategory>
      <TestMethod codeBase="F:/advisorsrepo/wcfhttp/Http/Test/Microsoft.ApplicationServer.Http/Unit/bin/Release/Microsoft.ApplicationServer.Http.CIT.Unit.DLL" adapterTypeName="Microsoft.VisualStudio.TestTools.TestTypes.Unit.UnitTestAdapter, Microsoft.VisualStudio.QualityTools.Tips.UnitTest.Adapter, Version=10.0.0.0, Culture=neutral, PublicKeyToken=b03f5f7f11d50a3a" className="Microsoft.ApplicationServer.Http.MediaTypeHeadeValueExtensionMethodsTests, Microsoft.ApplicationServer.Http.CIT.Unit, Version=0.0.0.0, Culture=neutral, PublicKeyToken=null" name="IsWithinMediaRange_Returns_True_Regardless_Of_Media_Ranges_With_Charset" />
    </UnitTest>
    <UnitTest name="ContentIsSettable" storage="f:\advisorsrepo\wcfhttp\http\test\microsoft.applicationserver.http\unit\bin\release\microsoft.applicationserver.http.cit.unit.dll" id="bab71fd7-886e-237f-f842-125e752f14dc">
      <Description>HttpRequestMessage&lt;T&gt;.Content is settable.</Description>
      <Execution timeOut="30000" id="58bfafab-5605-405c-b84a-91d90c5063bc" />
      <Owners>
        <Owner name="dravva" />
      </Owners>
      <TestCategory>
        <TestCategoryItem TestCategory="CIT" />
      </TestCategory>
      <TestMethod codeBase="F:/advisorsrepo/wcfhttp/Http/Test/Microsoft.ApplicationServer.Http/Unit/bin/Release/Microsoft.ApplicationServer.Http.CIT.Unit.DLL" adapterTypeName="Microsoft.VisualStudio.TestTools.TestTypes.Unit.UnitTestAdapter, Microsoft.VisualStudio.QualityTools.Tips.UnitTest.Adapter, Version=10.0.0.0, Culture=neutral, PublicKeyToken=b03f5f7f11d50a3a" className="Microsoft.ApplicationServer.Http.HttpRequestMessageOfTTests, Microsoft.ApplicationServer.Http.CIT.Unit, Version=0.0.0.0, Culture=neutral, PublicKeyToken=null" name="ContentIsSettable" />
    </UnitTest>
    <UnitTest name="BeforeSendReply_Null_Message_Throws" storage="f:\advisorsrepo\wcfhttp\http\test\microsoft.applicationserver.http\unit\bin\release\microsoft.applicationserver.http.cit.unit.dll" id="41d2dca4-7826-471e-5875-aad13a9abd57">
      <Description>IDispatchMessageInspector.BeforeSendReply throws ArgumentNullException for null WCF message argument</Description>
      <Execution timeOut="30000" id="576d1162-0dcd-46ba-807a-40387b1e3249" />
      <Owners>
        <Owner name="maying" />
      </Owners>
      <TestCategory>
        <TestCategoryItem TestCategory="CIT" />
      </TestCategory>
      <TestMethod codeBase="F:/advisorsrepo/wcfhttp/Http/Test/Microsoft.ApplicationServer.Http/Unit/bin/Release/Microsoft.ApplicationServer.Http.CIT.Unit.DLL" adapterTypeName="Microsoft.VisualStudio.TestTools.TestTypes.Unit.UnitTestAdapter, Microsoft.VisualStudio.QualityTools.Tips.UnitTest.Adapter, Version=10.0.0.0, Culture=neutral, PublicKeyToken=b03f5f7f11d50a3a" className="Microsoft.ApplicationServer.Http.Dispatcher.HttpMessageInspectorTests, Microsoft.ApplicationServer.Http.CIT.Unit, Version=0.0.0.0, Culture=neutral, PublicKeyToken=null" name="BeforeSendReply_Null_Message_Throws" />
    </UnitTest>
    <UnitTest name="Constructor" storage="f:\advisorsrepo\wcfhttp\http\test\microsoft.applicationserver.http\unit\bin\release\microsoft.applicationserver.http.cit.unit.dll" id="d907c9ea-cd47-761b-c557-4383bc06c21a">
      <Description>UriAndMethodOperationSelector(Uri, IEnumerable&lt;HttpOperationDescription&gt;) accepts non-null parameters.</Description>
      <Execution timeOut="30000" id="9ad441e1-90b7-4b4f-bc11-bdced38b6d13" />
      <Owners>
        <Owner name="dravva" />
      </Owners>
      <TestCategory>
        <TestCategoryItem TestCategory="CIT" />
      </TestCategory>
      <TestMethod codeBase="F:/advisorsrepo/wcfhttp/Http/Test/Microsoft.ApplicationServer.Http/Unit/bin/Release/Microsoft.ApplicationServer.Http.CIT.Unit.DLL" adapterTypeName="Microsoft.VisualStudio.TestTools.TestTypes.Unit.UnitTestAdapter, Microsoft.VisualStudio.QualityTools.Tips.UnitTest.Adapter, Version=10.0.0.0, Culture=neutral, PublicKeyToken=b03f5f7f11d50a3a" className="Microsoft.ApplicationServer.Http.Dispatcher.UriAndMethodOperationSelectorTests, Microsoft.ApplicationServer.Http.CIT.Unit, Version=0.0.0.0, Culture=neutral, PublicKeyToken=null" name="Constructor" />
    </UnitTest>
    <UnitTest name="IsAssignableFromParameterReturnsTrueForStringForAllValueTypes" storage="f:\advisorsrepo\wcfhttp\http\test\microsoft.applicationserver.http\unit\bin\release\microsoft.applicationserver.http.cit.unit.dll" id="e708bfbe-5276-b988-ebf4-412d205196fe">
      <Description>IsAssignableFromParameter(Type) returns true for typeof(string) for all values type.</Description>
      <Execution timeOut="30000" id="bdf15112-67bc-41a8-b17f-93bfc8b899ec" />
      <Owners>
        <Owner name="dravva" />
      </Owners>
      <TestCategory>
        <TestCategoryItem TestCategory="CIT" />
      </TestCategory>
      <TestMethod codeBase="F:/advisorsrepo/wcfhttp/Http/Test/Microsoft.ApplicationServer.Http/Unit/bin/Release/Microsoft.ApplicationServer.Http.CIT.Unit.DLL" adapterTypeName="Microsoft.VisualStudio.TestTools.TestTypes.Unit.UnitTestAdapter, Microsoft.VisualStudio.QualityTools.Tips.UnitTest.Adapter, Version=10.0.0.0, Culture=neutral, PublicKeyToken=b03f5f7f11d50a3a" className="Microsoft.ApplicationServer.Http.Description.HttpParameterTests, Microsoft.ApplicationServer.Http.CIT.Unit, Version=0.0.0.0, Culture=neutral, PublicKeyToken=null" name="IsAssignableFromParameterReturnsTrueForStringForAllValueTypes" />
    </UnitTest>
    <UnitTest name="ReadMessage_Returns_HttpMessage_Only_AllowOutputBatching_MessageProperty_And_Encoder" storage="f:\advisorsrepo\wcfhttp\http\test\microsoft.applicationserver.http\unit\bin\release\microsoft.applicationserver.http.cit.unit.dll" id="f157ed78-c7f0-1670-28e7-abd2b9beebfa">
      <Description>HttpMessageEncoder.ReadMessage returns an HttpMessage with 'AllowOutputBatching' and 'Encoder' properties.</Description>
      <Execution timeOut="30000" id="fa560c6e-2505-499d-bbd9-0aec68b65ed8" />
      <Owners>
        <Owner name="derik" />
      </Owners>
      <TestCategory>
        <TestCategoryItem TestCategory="CIT" />
      </TestCategory>
      <TestMethod codeBase="F:/advisorsrepo/wcfhttp/Http/Test/Microsoft.ApplicationServer.Http/Unit/bin/Release/Microsoft.ApplicationServer.Http.CIT.Unit.DLL" adapterTypeName="Microsoft.VisualStudio.TestTools.TestTypes.Unit.UnitTestAdapter, Microsoft.VisualStudio.QualityTools.Tips.UnitTest.Adapter, Version=10.0.0.0, Culture=neutral, PublicKeyToken=b03f5f7f11d50a3a" className="Microsoft.ApplicationServer.Http.Channels.HttpMessageEncoderTests, Microsoft.ApplicationServer.Http.CIT.Unit, Version=0.0.0.0, Culture=neutral, PublicKeyToken=null" name="ReadMessage_Returns_HttpMessage_Only_AllowOutputBatching_MessageProperty_And_Encoder" />
    </UnitTest>
    <UnitTest name="ReadAsOrDefaultThrowsWithNullThis" storage="f:\advisorsrepo\wcfhttp\http\test\microsoft.applicationserver.http\unit\bin\release\microsoft.applicationserver.http.cit.unit.dll" id="7280ebf5-5011-9683-7356-b1d3937bb02d">
      <Description>HttpContentExtensionMethods.ReadAsOrDefault(HttpContent, Type) throws with null 'this'.</Description>
      <Execution timeOut="30000" id="9453dc7c-9201-4086-8a47-61541acf4649" />
      <Owners>
        <Owner name="vinelap" />
      </Owners>
      <TestCategory>
        <TestCategoryItem TestCategory="CIT" />
      </TestCategory>
      <TestMethod codeBase="F:/advisorsrepo/wcfhttp/Http/Test/Microsoft.ApplicationServer.Http/Unit/bin/Release/Microsoft.ApplicationServer.Http.CIT.Unit.DLL" adapterTypeName="Microsoft.VisualStudio.TestTools.TestTypes.Unit.UnitTestAdapter, Microsoft.VisualStudio.QualityTools.Tips.UnitTest.Adapter, Version=10.0.0.0, Culture=neutral, PublicKeyToken=b03f5f7f11d50a3a" className="Microsoft.ApplicationServer.Http.HttpContentExtensionMethodsTests, Microsoft.ApplicationServer.Http.CIT.Unit, Version=0.0.0.0, Culture=neutral, PublicKeyToken=null" name="ReadAsOrDefaultThrowsWithNullThis" />
    </UnitTest>
    <UnitTest name="HttpMessagePluginBindingElement_Method2" storage="f:\advisorsrepo\wcfhttp\http\test\microsoft.applicationserver.http\unit\bin\release\microsoft.applicationserver.http.cit.unit.dll" id="1e2deb93-beff-b6f2-bfaf-d3d2d7d4b10f">
      <Execution timeOut="30000" id="754c2ceb-348b-4b5c-8b89-731fc669b75b" />
      <Owners>
        <Owner name="derik" />
      </Owners>
      <TestCategory>
        <TestCategoryItem TestCategory="ADP_Basics" />
        <TestCategoryItem TestCategory="CIT" />
      </TestCategory>
      <TestMethod codeBase="F:/advisorsrepo/wcfhttp/Http/Test/Microsoft.ApplicationServer.Http/Unit/bin/Release/Microsoft.ApplicationServer.Http.CIT.Unit.DLL" adapterTypeName="Microsoft.VisualStudio.TestTools.TestTypes.Unit.UnitTestAdapter, Microsoft.VisualStudio.QualityTools.Tips.UnitTest.Adapter, Version=10.0.0.0, Culture=neutral, PublicKeyToken=b03f5f7f11d50a3a" className="Microsoft.ApplicationServer.Http.Channels.HttpMessageHandlerChannelBindingElementTests, Microsoft.ApplicationServer.Http.CIT.Unit, Version=0.0.0.0, Culture=neutral, PublicKeyToken=null" name="HttpMessagePluginBindingElement_Method2" />
    </UnitTest>
    <UnitTest name="RequestMessage_Returns_Same_HttpMessage_Instance_When_Inner_Request_Is_HttpMessage" storage="f:\advisorsrepo\wcfhttp\http\test\microsoft.applicationserver.http\unit\bin\release\microsoft.applicationserver.http.cit.unit.dll" id="3ef4dbd9-1365-93a2-a3b1-3b3f06754e7c">
      <Description>HttpMessageEncodingRequestContext.RequestMessage returns an HttpMessage instance when the inner request is an HttpMessage.</Description>
      <Execution timeOut="30000" id="46ded7b0-8bd1-4a32-bb67-437cbd7dd06a" />
      <Owners>
        <Owner name="derik" />
      </Owners>
      <TestCategory>
        <TestCategoryItem TestCategory="CIT" />
      </TestCategory>
      <TestMethod codeBase="F:/advisorsrepo/wcfhttp/Http/Test/Microsoft.ApplicationServer.Http/Unit/bin/Release/Microsoft.ApplicationServer.Http.CIT.Unit.DLL" adapterTypeName="Microsoft.VisualStudio.TestTools.TestTypes.Unit.UnitTestAdapter, Microsoft.VisualStudio.QualityTools.Tips.UnitTest.Adapter, Version=10.0.0.0, Culture=neutral, PublicKeyToken=b03f5f7f11d50a3a" className="Microsoft.ApplicationServer.Http.Channels.HttpMessageEncodingRequestContextTests, Microsoft.ApplicationServer.Http.CIT.Unit, Version=0.0.0.0, Culture=neutral, PublicKeyToken=null" name="RequestMessage_Returns_Same_HttpMessage_Instance_When_Inner_Request_Is_HttpMessage" />
    </UnitTest>
    <UnitTest name="ConstructorThrowsWithDuplicateWildCardMethods" storage="f:\advisorsrepo\wcfhttp\http\test\microsoft.applicationserver.http\unit\bin\release\microsoft.applicationserver.http.cit.unit.dll" id="2d2ab252-5c2c-abbb-4d9d-2f4ed667c041">
      <Description>UriAndMethodOperationSelector(Uri, IEnumerable&lt;HttpOperationDescription&gt;) throws if there is more than one entry for the wildcard match.</Description>
      <Execution timeOut="30000" id="d004c5f4-eda7-4335-bec8-49c708b95616" />
      <Owners>
        <Owner name="dravva" />
      </Owners>
      <TestCategory>
        <TestCategoryItem TestCategory="CIT" />
      </TestCategory>
      <TestMethod codeBase="F:/advisorsrepo/wcfhttp/Http/Test/Microsoft.ApplicationServer.Http/Unit/bin/Release/Microsoft.ApplicationServer.Http.CIT.Unit.DLL" adapterTypeName="Microsoft.VisualStudio.TestTools.TestTypes.Unit.UnitTestAdapter, Microsoft.VisualStudio.QualityTools.Tips.UnitTest.Adapter, Version=10.0.0.0, Culture=neutral, PublicKeyToken=b03f5f7f11d50a3a" className="Microsoft.ApplicationServer.Http.Dispatcher.UriAndMethodOperationSelectorTests, Microsoft.ApplicationServer.Http.CIT.Unit, Version=0.0.0.0, Culture=neutral, PublicKeyToken=null" name="ConstructorThrowsWithDuplicateWildCardMethods" />
    </UnitTest>
    <UnitTest name="BeginReply_Provides_Same_Message_Instance_To_Inner_RequestContext_When_Response_Is_Not_HttpMessage" storage="f:\advisorsrepo\wcfhttp\http\test\microsoft.applicationserver.http\unit\bin\release\microsoft.applicationserver.http.cit.unit.dll" id="df3cedaa-95ee-9510-4789-12de1a333203">
      <Description>HttpMessageEncodingRequestContext.BeginReply provide same Message instance when the response is not an HttpMessage.</Description>
      <Execution timeOut="30000" id="6c669710-0b71-4e47-a01b-07fd8324a116" />
      <Owners>
        <Owner name="derik" />
      </Owners>
      <TestCategory>
        <TestCategoryItem TestCategory="CIT" />
      </TestCategory>
      <TestMethod codeBase="F:/advisorsrepo/wcfhttp/Http/Test/Microsoft.ApplicationServer.Http/Unit/bin/Release/Microsoft.ApplicationServer.Http.CIT.Unit.DLL" adapterTypeName="Microsoft.VisualStudio.TestTools.TestTypes.Unit.UnitTestAdapter, Microsoft.VisualStudio.QualityTools.Tips.UnitTest.Adapter, Version=10.0.0.0, Culture=neutral, PublicKeyToken=b03f5f7f11d50a3a" className="Microsoft.ApplicationServer.Http.Channels.HttpMessageEncodingRequestContextTests, Microsoft.ApplicationServer.Http.CIT.Unit, Version=0.0.0.0, Culture=neutral, PublicKeyToken=null" name="BeginReply_Provides_Same_Message_Instance_To_Inner_RequestContext_When_Response_Is_Not_HttpMessage" />
    </UnitTest>
    <UnitTest name="Constructor" storage="f:\advisorsrepo\wcfhttp\http\test\microsoft.applicationserver.http\unit\bin\release\microsoft.applicationserver.http.cit.unit.dll" id="c50e87f6-2b22-76ac-f112-cbc3ebdad5c6">
      <Description>MediaTypeFormatter() constructor (via derived class) sets SupportedMediaTypes and MediaTypeMappings.</Description>
      <Execution timeOut="30000" id="af85f28c-40e8-423a-a817-0e5624a6b487" />
      <Owners>
        <Owner name="dravva" />
      </Owners>
      <TestCategory>
        <TestCategoryItem TestCategory="CIT" />
      </TestCategory>
      <TestMethod codeBase="F:/advisorsrepo/wcfhttp/Http/Test/Microsoft.ApplicationServer.Http/Unit/bin/Release/Microsoft.ApplicationServer.Http.CIT.Unit.DLL" adapterTypeName="Microsoft.VisualStudio.TestTools.TestTypes.Unit.UnitTestAdapter, Microsoft.VisualStudio.QualityTools.Tips.UnitTest.Adapter, Version=10.0.0.0, Culture=neutral, PublicKeyToken=b03f5f7f11d50a3a" className="Microsoft.ApplicationServer.Http.MediaTypeFormatterTests, Microsoft.ApplicationServer.Http.CIT.Unit, Version=0.0.0.0, Culture=neutral, PublicKeyToken=null" name="Constructor" />
    </UnitTest>
    <UnitTest name="HttpOperationDescription_All_Properties_Mutable" storage="f:\advisorsrepo\wcfhttp\http\test\microsoft.applicationserver.http\unit\bin\release\microsoft.applicationserver.http.cit.unit.dll" id="49054ef4-05cf-8317-5b6b-bea10be3706d">
      <Description>HttpOperationDescription properties are all mutable when default ctor is used</Description>
      <Execution timeOut="30000" id="7516eb85-1b18-4797-9245-9706e7a9617a" />
      <Owners>
        <Owner name="maying" />
      </Owners>
      <TestCategory>
        <TestCategoryItem TestCategory="CIT" />
      </TestCategory>
      <TestMethod codeBase="F:/advisorsrepo/wcfhttp/Http/Test/Microsoft.ApplicationServer.Http/Unit/bin/Release/Microsoft.ApplicationServer.Http.CIT.Unit.DLL" adapterTypeName="Microsoft.VisualStudio.TestTools.TestTypes.Unit.UnitTestAdapter, Microsoft.VisualStudio.QualityTools.Tips.UnitTest.Adapter, Version=10.0.0.0, Culture=neutral, PublicKeyToken=b03f5f7f11d50a3a" className="Microsoft.ApplicationServer.Http.Description.HttpOperationDescriptionTests, Microsoft.ApplicationServer.Http.CIT.Unit, Version=0.0.0.0, Culture=neutral, PublicKeyToken=null" name="HttpOperationDescription_All_Properties_Mutable" />
    </UnitTest>
    <UnitTest name="CanBuildChannelFactory_Always_Returns_False" storage="f:\advisorsrepo\wcfhttp\http\test\microsoft.applicationserver.http\unit\bin\release\microsoft.applicationserver.http.cit.unit.dll" id="d0ec868f-ecdb-dffc-dae6-6b4b38f35ed8">
      <Description>HttpMessageHandlerBindingElement.CanBuildChannelFactory always returns 'false' regardless of channel shape.</Description>
      <Execution timeOut="30000" id="410dd726-3f57-4e8a-ae22-7a0e67599256" />
      <Owners>
        <Owner name="derik" />
      </Owners>
      <TestCategory>
        <TestCategoryItem TestCategory="CIT" />
      </TestCategory>
      <TestMethod codeBase="F:/advisorsrepo/wcfhttp/Http/Test/Microsoft.ApplicationServer.Http/Unit/bin/Release/Microsoft.ApplicationServer.Http.CIT.Unit.DLL" adapterTypeName="Microsoft.VisualStudio.TestTools.TestTypes.Unit.UnitTestAdapter, Microsoft.VisualStudio.QualityTools.Tips.UnitTest.Adapter, Version=10.0.0.0, Culture=neutral, PublicKeyToken=b03f5f7f11d50a3a" className="Microsoft.ApplicationServer.Http.Channels.HttpMessageHandlerBindingElementTests, Microsoft.ApplicationServer.Http.CIT.Unit, Version=0.0.0.0, Culture=neutral, PublicKeyToken=null" name="CanBuildChannelFactory_Always_Returns_False" />
    </UnitTest>
    <UnitTest name="Compare_Returns_0_For_MediaTypeHeaderValues_Differ_By_Non_Q_Parameters" storage="f:\advisorsrepo\wcfhttp\http\test\microsoft.applicationserver.http\unit\bin\release\microsoft.applicationserver.http.cit.unit.dll" id="7c994539-54ce-f364-12c9-12e479b91a04">
      <Description>MediaTypeHeadeValueComparer.Compare returns 0 for MediaTypeHeaderValue instances that differ by non-q-value parameters.</Description>
      <Execution timeOut="30000" id="03284eac-2a48-4d01-b91a-972d1def78af" />
      <Owners>
        <Owner name="vinelap" />
      </Owners>
      <TestCategory>
        <TestCategoryItem TestCategory="CIT" />
      </TestCategory>
      <TestMethod codeBase="F:/advisorsrepo/wcfhttp/Http/Test/Microsoft.ApplicationServer.Http/Unit/bin/Release/Microsoft.ApplicationServer.Http.CIT.Unit.DLL" adapterTypeName="Microsoft.VisualStudio.TestTools.TestTypes.Unit.UnitTestAdapter, Microsoft.VisualStudio.QualityTools.Tips.UnitTest.Adapter, Version=10.0.0.0, Culture=neutral, PublicKeyToken=b03f5f7f11d50a3a" className="Microsoft.ApplicationServer.Http.MediaTypeHeadeValueComparerTests, Microsoft.ApplicationServer.Http.CIT.Unit, Version=0.0.0.0, Culture=neutral, PublicKeyToken=null" name="Compare_Returns_0_For_MediaTypeHeaderValues_Differ_By_Non_Q_Parameters" />
    </UnitTest>
    <UnitTest name="ContentSetterSetsContentHttpResponseMessage" storage="f:\advisorsrepo\wcfhttp\http\test\microsoft.applicationserver.http\unit\bin\release\microsoft.applicationserver.http.cit.unit.dll" id="eabc0dd8-6e9b-6360-910e-08ed0bfbaae3">
      <Description>HttpResponseMessage&lt;T&gt;.Content setter sets Content.HttpResponseMessage to maintain pairing.</Description>
      <Execution timeOut="30000" id="ee25bbb3-955b-4de1-938a-8275cb785e0f" />
      <Owners>
        <Owner name="dravva" />
      </Owners>
      <TestCategory>
        <TestCategoryItem TestCategory="CIT" />
      </TestCategory>
      <TestMethod codeBase="F:/advisorsrepo/wcfhttp/Http/Test/Microsoft.ApplicationServer.Http/Unit/bin/Release/Microsoft.ApplicationServer.Http.CIT.Unit.DLL" adapterTypeName="Microsoft.VisualStudio.TestTools.TestTypes.Unit.UnitTestAdapter, Microsoft.VisualStudio.QualityTools.Tips.UnitTest.Adapter, Version=10.0.0.0, Culture=neutral, PublicKeyToken=b03f5f7f11d50a3a" className="Microsoft.ApplicationServer.Http.HttpResponseMessageOfTTests, Microsoft.ApplicationServer.Http.CIT.Unit, Version=0.0.0.0, Culture=neutral, PublicKeyToken=null" name="ContentSetterSetsContentHttpResponseMessage" />
    </UnitTest>
    <UnitTest name="OutputParametersCallsOnGetInputParmeters" storage="f:\advisorsrepo\wcfhttp\http\test\microsoft.applicationserver.http\unit\bin\release\microsoft.applicationserver.http.cit.unit.dll" id="4392a433-983f-afc1-2e4c-b72bfa0f7b21">
      <Description>OutputParameters invokes virtual OnGetOutputParmeters.</Description>
      <Execution timeOut="30000" id="7a127e00-9749-4f54-bd27-98c096093a39" />
      <Owners>
        <Owner name="vinelap" />
      </Owners>
      <TestCategory>
        <TestCategoryItem TestCategory="CIT" />
      </TestCategory>
      <TestMethod codeBase="F:/advisorsrepo/wcfhttp/Http/Test/Microsoft.ApplicationServer.Http/Unit/bin/Release/Microsoft.ApplicationServer.Http.CIT.Unit.DLL" adapterTypeName="Microsoft.VisualStudio.TestTools.TestTypes.Unit.UnitTestAdapter, Microsoft.VisualStudio.QualityTools.Tips.UnitTest.Adapter, Version=10.0.0.0, Culture=neutral, PublicKeyToken=b03f5f7f11d50a3a" className="Microsoft.ApplicationServer.Http.Dispatcher.HttpOperationHandlerTests, Microsoft.ApplicationServer.Http.CIT.Unit, Version=0.0.0.0, Culture=neutral, PublicKeyToken=null" name="OutputParametersCallsOnGetInputParmeters" />
    </UnitTest>
    <UnitTest name="HttpParameterCollection_Synchronized_Incomplete_Indexer" storage="f:\advisorsrepo\wcfhttp\http\test\microsoft.applicationserver.http\unit\bin\release\microsoft.applicationserver.http.cit.unit.dll" id="62bc7c9f-e786-0635-725b-93a46524f1cf">
      <Description>HttpParameterCollection created from incomplete MessagePartDescriptionCollection implements Indexer correctly</Description>
      <Execution timeOut="30000" id="54b7ae04-9466-4c77-8232-219f2c098ff7" />
      <Owners>
        <Owner name="derik" />
      </Owners>
      <TestCategory>
        <TestCategoryItem TestCategory="CIT" />
      </TestCategory>
      <TestMethod codeBase="F:/advisorsrepo/wcfhttp/Http/Test/Microsoft.ApplicationServer.Http/Unit/bin/Release/Microsoft.ApplicationServer.Http.CIT.Unit.DLL" adapterTypeName="Microsoft.VisualStudio.TestTools.TestTypes.Unit.UnitTestAdapter, Microsoft.VisualStudio.QualityTools.Tips.UnitTest.Adapter, Version=10.0.0.0, Culture=neutral, PublicKeyToken=b03f5f7f11d50a3a" className="Microsoft.ApplicationServer.Http.Description.HttpParameterCollectionTests, Microsoft.ApplicationServer.Http.CIT.Unit, Version=0.0.0.0, Culture=neutral, PublicKeyToken=null" name="HttpParameterCollection_Synchronized_Incomplete_Indexer" />
    </UnitTest>
    <UnitTest name="RequestMessage_Returns_HttpMessage_In_Created_State_When_Inner_Request_Is_Not_HttpMessage" storage="f:\advisorsrepo\wcfhttp\http\test\microsoft.applicationserver.http\unit\bin\release\microsoft.applicationserver.http.cit.unit.dll" id="02ef0dfc-5742-7fb6-ccf7-f2b48086fdd5">
      <Description>HttpMessageEncodingRequestContext.RequestMessage returns an HttpMessage instance in the created state when the inner request is not an HttpMessage.</Description>
      <Execution timeOut="30000" id="52508b9a-b7cd-4076-a342-b0239fd2ec9c" />
      <Owners>
        <Owner name="derik" />
      </Owners>
      <TestCategory>
        <TestCategoryItem TestCategory="CIT" />
      </TestCategory>
      <TestMethod codeBase="F:/advisorsrepo/wcfhttp/Http/Test/Microsoft.ApplicationServer.Http/Unit/bin/Release/Microsoft.ApplicationServer.Http.CIT.Unit.DLL" adapterTypeName="Microsoft.VisualStudio.TestTools.TestTypes.Unit.UnitTestAdapter, Microsoft.VisualStudio.QualityTools.Tips.UnitTest.Adapter, Version=10.0.0.0, Culture=neutral, PublicKeyToken=b03f5f7f11d50a3a" className="Microsoft.ApplicationServer.Http.Channels.HttpMessageEncodingRequestContextTests, Microsoft.ApplicationServer.Http.CIT.Unit, Version=0.0.0.0, Culture=neutral, PublicKeyToken=null" name="RequestMessage_Returns_HttpMessage_In_Created_State_When_Inner_Request_Is_Not_HttpMessage" />
    </UnitTest>
    <UnitTest name="WriteStartBody_Throws" storage="f:\advisorsrepo\wcfhttp\http\test\microsoft.applicationserver.http\unit\bin\release\microsoft.applicationserver.http.cit.unit.dll" id="7993a37d-e355-b307-709d-b98bef58a948">
      <Description>HttpMessage.WriteStartBody throws.</Description>
      <Execution timeOut="30000" id="eeeb3036-d43d-4552-be29-c716e288e63f" />
      <Owners>
        <Owner name="derik" />
      </Owners>
      <TestCategory>
        <TestCategoryItem TestCategory="CIT" />
      </TestCategory>
      <TestMethod codeBase="F:/advisorsrepo/wcfhttp/Http/Test/Microsoft.ApplicationServer.Http/Unit/bin/Release/Microsoft.ApplicationServer.Http.CIT.Unit.DLL" adapterTypeName="Microsoft.VisualStudio.TestTools.TestTypes.Unit.UnitTestAdapter, Microsoft.VisualStudio.QualityTools.Tips.UnitTest.Adapter, Version=10.0.0.0, Culture=neutral, PublicKeyToken=b03f5f7f11d50a3a" className="Microsoft.ApplicationServer.Http.Channels.HttpMessageTests, Microsoft.ApplicationServer.Http.CIT.Unit, Version=0.0.0.0, Culture=neutral, PublicKeyToken=null" name="WriteStartBody_Throws" />
    </UnitTest>
    <UnitTest name="IsWithinMediaRange_Returns_True_For_Media_Ranges_Regardless_Of_Case" storage="f:\advisorsrepo\wcfhttp\http\test\microsoft.applicationserver.http\unit\bin\release\microsoft.applicationserver.http.cit.unit.dll" id="c08d0bd7-2680-49ec-49db-da9afed00137">
      <Description>MediaTypeHeadeValueExtensionMethods.IsWithinMediaRange returns true for media ranges regardless of case.</Description>
      <Execution timeOut="30000" id="4a1f4cd8-5b47-41bb-ba34-ee4be2522ce1" />
      <Owners>
        <Owner name="vinelap" />
      </Owners>
      <TestCategory>
        <TestCategoryItem TestCategory="CIT" />
      </TestCategory>
      <TestMethod codeBase="F:/advisorsrepo/wcfhttp/Http/Test/Microsoft.ApplicationServer.Http/Unit/bin/Release/Microsoft.ApplicationServer.Http.CIT.Unit.DLL" adapterTypeName="Microsoft.VisualStudio.TestTools.TestTypes.Unit.UnitTestAdapter, Microsoft.VisualStudio.QualityTools.Tips.UnitTest.Adapter, Version=10.0.0.0, Culture=neutral, PublicKeyToken=b03f5f7f11d50a3a" className="Microsoft.ApplicationServer.Http.MediaTypeHeadeValueExtensionMethodsTests, Microsoft.ApplicationServer.Http.CIT.Unit, Version=0.0.0.0, Culture=neutral, PublicKeyToken=null" name="IsWithinMediaRange_Returns_True_For_Media_Ranges_Regardless_Of_Case" />
    </UnitTest>
    <UnitTest name="HttpMessageHandlers_Returns_Handler_Types" storage="f:\advisorsrepo\wcfhttp\http\test\microsoft.applicationserver.http\unit\bin\release\microsoft.applicationserver.http.cit.unit.dll" id="721e24dc-fac6-f175-416f-f2ccbf0813bd">
      <Description>HttpMessageHandlerFactory.HttpMessageHandlers returns a read-only collection of handler types.</Description>
      <Execution timeOut="30000" id="39dc5330-cc07-4f4e-812c-ae87d04be425" />
      <Owners>
        <Owner name="derik" />
      </Owners>
      <TestCategory>
        <TestCategoryItem TestCategory="ADP_Basics" />
        <TestCategoryItem TestCategory="CIT" />
      </TestCategory>
      <TestMethod codeBase="F:/advisorsrepo/wcfhttp/Http/Test/Microsoft.ApplicationServer.Http/Unit/bin/Release/Microsoft.ApplicationServer.Http.CIT.Unit.DLL" adapterTypeName="Microsoft.VisualStudio.TestTools.TestTypes.Unit.UnitTestAdapter, Microsoft.VisualStudio.QualityTools.Tips.UnitTest.Adapter, Version=10.0.0.0, Culture=neutral, PublicKeyToken=b03f5f7f11d50a3a" className="Microsoft.ApplicationServer.Http.Channels.HttpMessageHandlerFactoryTests, Microsoft.ApplicationServer.Http.CIT.Unit, Version=0.0.0.0, Culture=neutral, PublicKeyToken=null" name="HttpMessageHandlers_Returns_Handler_Types" />
    </UnitTest>
    <UnitTest name="WriteToStreamCallsOnWriteToStream" storage="f:\advisorsrepo\wcfhttp\http\test\microsoft.applicationserver.http\unit\bin\release\microsoft.applicationserver.http.cit.unit.dll" id="0b722106-0daa-c3e3-7807-6132cac0938f">
      <Description>WriteToStream() calls protected OnWriteToStream().</Description>
      <Execution timeOut="30000" id="622e2d9b-6a66-4cf8-ad80-b47dca735f8d" />
      <Owners>
        <Owner name="dravva" />
      </Owners>
      <TestCategory>
        <TestCategoryItem TestCategory="CIT" />
      </TestCategory>
      <TestMethod codeBase="F:/advisorsrepo/wcfhttp/Http/Test/Microsoft.ApplicationServer.Http/Unit/bin/Release/Microsoft.ApplicationServer.Http.CIT.Unit.DLL" adapterTypeName="Microsoft.VisualStudio.TestTools.TestTypes.Unit.UnitTestAdapter, Microsoft.VisualStudio.QualityTools.Tips.UnitTest.Adapter, Version=10.0.0.0, Culture=neutral, PublicKeyToken=b03f5f7f11d50a3a" className="Microsoft.ApplicationServer.Http.MediaTypeFormatterTests, Microsoft.ApplicationServer.Http.CIT.Unit, Version=0.0.0.0, Culture=neutral, PublicKeyToken=null" name="WriteToStreamCallsOnWriteToStream" />
    </UnitTest>
    <UnitTest name="Constructor5ThrowsWithHttpContentAsT" storage="f:\advisorsrepo\wcfhttp\http\test\microsoft.applicationserver.http\unit\bin\release\microsoft.applicationserver.http.cit.unit.dll" id="6ab7c85b-07a2-053d-c5c0-da764bc30c49">
      <Description>ObjectContent&lt;T&gt;(T, string, IEnumerable&lt;MediaTypeFormatter&gt;) throws with HttpContent as T.</Description>
      <Execution timeOut="30000" id="6d60e8ba-be5b-49ba-b99a-f9dd3dab6852" />
      <Owners>
        <Owner name="dravva" />
      </Owners>
      <TestCategory>
        <TestCategoryItem TestCategory="CIT" />
      </TestCategory>
      <TestMethod codeBase="F:/advisorsrepo/wcfhttp/Http/Test/Microsoft.ApplicationServer.Http/Unit/bin/Release/Microsoft.ApplicationServer.Http.CIT.Unit.DLL" adapterTypeName="Microsoft.VisualStudio.TestTools.TestTypes.Unit.UnitTestAdapter, Microsoft.VisualStudio.QualityTools.Tips.UnitTest.Adapter, Version=10.0.0.0, Culture=neutral, PublicKeyToken=b03f5f7f11d50a3a" className="Microsoft.ApplicationServer.Http.ObjectContentOfTTests, Microsoft.ApplicationServer.Http.CIT.Unit, Version=0.0.0.0, Culture=neutral, PublicKeyToken=null" name="Constructor5ThrowsWithHttpContentAsT" />
    </UnitTest>
    <UnitTest name="IsContentTypeSupported_Throws" storage="f:\advisorsrepo\wcfhttp\http\test\microsoft.applicationserver.http\unit\bin\release\microsoft.applicationserver.http.cit.unit.dll" id="11dec55b-7e8c-3e18-c42e-78b5ec49632b">
      <Description>HttpMessageEncoder.IsContentTypeSupported throws for null content types.</Description>
      <Execution timeOut="30000" id="76ba3cdd-686e-4ffb-9d95-bc9ea0052215" />
      <Owners>
        <Owner name="derik" />
      </Owners>
      <TestCategory>
        <TestCategoryItem TestCategory="CIT" />
      </TestCategory>
      <TestMethod codeBase="F:/advisorsrepo/wcfhttp/Http/Test/Microsoft.ApplicationServer.Http/Unit/bin/Release/Microsoft.ApplicationServer.Http.CIT.Unit.DLL" adapterTypeName="Microsoft.VisualStudio.TestTools.TestTypes.Unit.UnitTestAdapter, Microsoft.VisualStudio.QualityTools.Tips.UnitTest.Adapter, Version=10.0.0.0, Culture=neutral, PublicKeyToken=b03f5f7f11d50a3a" className="Microsoft.ApplicationServer.Http.Channels.HttpMessageEncoderTests, Microsoft.ApplicationServer.Http.CIT.Unit, Version=0.0.0.0, Culture=neutral, PublicKeyToken=null" name="IsContentTypeSupported_Throws" />
    </UnitTest>
    <UnitTest name="ConstructorThrowsWithNullMediaType" storage="f:\advisorsrepo\wcfhttp\http\test\microsoft.applicationserver.http\unit\bin\release\microsoft.applicationserver.http.cit.unit.dll" id="b411b51c-fd28-1ed2-92de-c0bb804f8529">
      <Description>MediaRangeMapping(MediaTypeHeaderValue, MediaTypeHeaderValue) throws if the MediaType parameter is null.</Description>
      <Execution timeOut="30000" id="59cae3f9-6a2a-419d-8ce5-f097ece2512d" />
      <Owners>
        <Owner name="dravva" />
      </Owners>
      <TestCategory>
        <TestCategoryItem TestCategory="CIT" />
      </TestCategory>
      <TestMethod codeBase="F:/advisorsrepo/wcfhttp/Http/Test/Microsoft.ApplicationServer.Http/Unit/bin/Release/Microsoft.ApplicationServer.Http.CIT.Unit.DLL" adapterTypeName="Microsoft.VisualStudio.TestTools.TestTypes.Unit.UnitTestAdapter, Microsoft.VisualStudio.QualityTools.Tips.UnitTest.Adapter, Version=10.0.0.0, Culture=neutral, PublicKeyToken=b03f5f7f11d50a3a" className="Microsoft.ApplicationServer.Http.MediaRangeMappingTests, Microsoft.ApplicationServer.Http.CIT.Unit, Version=0.0.0.0, Culture=neutral, PublicKeyToken=null" name="ConstructorThrowsWithNullMediaType" />
    </UnitTest>
    <UnitTest name="IsWithinMediaRange_Returns_True_For_Media_Types_With_Charset" storage="f:\advisorsrepo\wcfhttp\http\test\microsoft.applicationserver.http\unit\bin\release\microsoft.applicationserver.http.cit.unit.dll" id="bcb32315-67a5-988d-f6fd-a8b7f0651e29">
      <Description>MediaTypeHeadeValueExtensionMethods.IsWithinMediaRange returns true when a charset is given.</Description>
      <Execution timeOut="30000" id="dc7a561d-0e35-44bb-bcd6-640d476d2507" />
      <Owners>
        <Owner name="vinelap" />
      </Owners>
      <TestCategory>
        <TestCategoryItem TestCategory="CIT" />
      </TestCategory>
      <TestMethod codeBase="F:/advisorsrepo/wcfhttp/Http/Test/Microsoft.ApplicationServer.Http/Unit/bin/Release/Microsoft.ApplicationServer.Http.CIT.Unit.DLL" adapterTypeName="Microsoft.VisualStudio.TestTools.TestTypes.Unit.UnitTestAdapter, Microsoft.VisualStudio.QualityTools.Tips.UnitTest.Adapter, Version=10.0.0.0, Culture=neutral, PublicKeyToken=b03f5f7f11d50a3a" className="Microsoft.ApplicationServer.Http.MediaTypeHeadeValueExtensionMethodsTests, Microsoft.ApplicationServer.Http.CIT.Unit, Version=0.0.0.0, Culture=neutral, PublicKeyToken=null" name="IsWithinMediaRange_Returns_True_For_Media_Types_With_Charset" />
    </UnitTest>
    <UnitTest name="ConstructorThrowsWithNullResponseHandlers" storage="f:\advisorsrepo\wcfhttp\http\test\microsoft.applicationserver.http\unit\bin\release\microsoft.applicationserver.http.cit.unit.dll" id="fafab547-be4f-3f8a-016d-72daf79b2a85">
      <Description>OperationHandlerPipelineInfo(IEnumerable&lt;HttpOperationHandler&gt;, IEnumerable&lt;HttpOperationHandler&gt;, HttpOperationDescription) throws with null responseHandlers.</Description>
      <Execution timeOut="30000" id="f9d4b19c-d753-43c1-a6b0-6cb4819444cb" />
      <Owners>
        <Owner name="dravva" />
      </Owners>
      <TestCategory>
        <TestCategoryItem TestCategory="CIT" />
      </TestCategory>
      <TestMethod codeBase="F:/advisorsrepo/wcfhttp/Http/Test/Microsoft.ApplicationServer.Http/Unit/bin/Release/Microsoft.ApplicationServer.Http.CIT.Unit.DLL" adapterTypeName="Microsoft.VisualStudio.TestTools.TestTypes.Unit.UnitTestAdapter, Microsoft.VisualStudio.QualityTools.Tips.UnitTest.Adapter, Version=10.0.0.0, Culture=neutral, PublicKeyToken=b03f5f7f11d50a3a" className="Microsoft.ApplicationServer.Http.Dispatcher.OperationHandlerPipelineInfoTests, Microsoft.ApplicationServer.Http.CIT.Unit, Version=0.0.0.0, Culture=neutral, PublicKeyToken=null" name="ConstructorThrowsWithNullResponseHandlers" />
    </UnitTest>
    <UnitTest name="Constructor1ThrowsWithNullUri" storage="f:\advisorsrepo\wcfhttp\http\test\microsoft.applicationserver.http\unit\bin\release\microsoft.applicationserver.http.cit.unit.dll" id="6ea5d0ce-b29a-d6f4-d0a3-bd3e51a2e333">
      <Description>UriAndMethodOperationSelector(Uri, IEnumerable&lt;HttpOperationDescription&gt;, TrailingSlashMode) throws if the baseAddress parameter is null.</Description>
      <Execution timeOut="30000" id="238573ad-1872-4f24-8830-52f0f2776f94" />
      <Owners>
        <Owner name="dravva" />
      </Owners>
      <TestCategory>
        <TestCategoryItem TestCategory="CIT" />
      </TestCategory>
      <TestMethod codeBase="F:/advisorsrepo/wcfhttp/Http/Test/Microsoft.ApplicationServer.Http/Unit/bin/Release/Microsoft.ApplicationServer.Http.CIT.Unit.DLL" adapterTypeName="Microsoft.VisualStudio.TestTools.TestTypes.Unit.UnitTestAdapter, Microsoft.VisualStudio.QualityTools.Tips.UnitTest.Adapter, Version=10.0.0.0, Culture=neutral, PublicKeyToken=b03f5f7f11d50a3a" className="Microsoft.ApplicationServer.Http.Dispatcher.UriAndMethodOperationSelectorTests, Microsoft.ApplicationServer.Http.CIT.Unit, Version=0.0.0.0, Culture=neutral, PublicKeyToken=null" name="Constructor1ThrowsWithNullUri" />
    </UnitTest>
    <UnitTest name="CreateBufferedCopy_Always_Returns_An_HttpMessageBuffer" storage="f:\advisorsrepo\wcfhttp\http\test\microsoft.applicationserver.http\unit\bin\release\microsoft.applicationserver.http.cit.unit.dll" id="206faeb3-6249-d888-f8ab-561adc116843">
      <Description>HttpMessage.CreateBufferedCopy always throws.</Description>
      <Execution timeOut="30000" id="9afb2ee5-9eba-450b-af2b-a070a6113937" />
      <Owners>
        <Owner name="derik" />
      </Owners>
      <TestCategory>
        <TestCategoryItem TestCategory="CIT" />
      </TestCategory>
      <TestMethod codeBase="F:/advisorsrepo/wcfhttp/Http/Test/Microsoft.ApplicationServer.Http/Unit/bin/Release/Microsoft.ApplicationServer.Http.CIT.Unit.DLL" adapterTypeName="Microsoft.VisualStudio.TestTools.TestTypes.Unit.UnitTestAdapter, Microsoft.VisualStudio.QualityTools.Tips.UnitTest.Adapter, Version=10.0.0.0, Culture=neutral, PublicKeyToken=b03f5f7f11d50a3a" className="Microsoft.ApplicationServer.Http.Channels.HttpMessageTests, Microsoft.ApplicationServer.Http.CIT.Unit, Version=0.0.0.0, Culture=neutral, PublicKeyToken=null" name="CreateBufferedCopy_Always_Returns_An_HttpMessageBuffer" />
    </UnitTest>
    <UnitTest name="DefaultHttpMessagePluginFactory_Constructor4" storage="f:\advisorsrepo\wcfhttp\http\test\microsoft.applicationserver.http\unit\bin\release\microsoft.applicationserver.http.cit.unit.dll" id="cf6096a7-91c8-9dda-fa5e-52bf0cef3a32">
      <Execution timeOut="30000" id="98a1379f-4432-4858-b969-d17b21631fc7" />
      <Owners>
        <Owner name="derik" />
      </Owners>
      <TestCategory>
        <TestCategoryItem TestCategory="ADP_Basics" />
        <TestCategoryItem TestCategory="CIT" />
      </TestCategory>
      <TestMethod codeBase="F:/advisorsrepo/wcfhttp/Http/Test/Microsoft.ApplicationServer.Http/Unit/bin/Release/Microsoft.ApplicationServer.Http.CIT.Unit.DLL" adapterTypeName="Microsoft.VisualStudio.TestTools.TestTypes.Unit.UnitTestAdapter, Microsoft.VisualStudio.QualityTools.Tips.UnitTest.Adapter, Version=10.0.0.0, Culture=neutral, PublicKeyToken=b03f5f7f11d50a3a" className="Microsoft.ApplicationServer.Http.Channels.HttpMessageHandlerChannelFactoryTests, Microsoft.ApplicationServer.Http.CIT.Unit, Version=0.0.0.0, Culture=neutral, PublicKeyToken=null" name="DefaultHttpMessagePluginFactory_Constructor4" />
    </UnitTest>
    <UnitTest name="Constructor2" storage="f:\advisorsrepo\wcfhttp\http\test\microsoft.applicationserver.http\unit\bin\release\microsoft.applicationserver.http.cit.unit.dll" id="6d88926e-fa15-21d5-74c1-a1729fe0d245">
      <Description>HttpRequestMessage&lt;T&gt;(T, IEnumerable&lt;MediaTypeFormatter&gt;) sets Content property with all known value and reference types.</Description>
      <Execution timeOut="30000" id="cf27230d-6f24-4604-963b-388fa23d3847" />
      <Owners>
        <Owner name="dravva" />
      </Owners>
      <TestCategory>
        <TestCategoryItem TestCategory="CIT" />
      </TestCategory>
      <TestMethod codeBase="F:/advisorsrepo/wcfhttp/Http/Test/Microsoft.ApplicationServer.Http/Unit/bin/Release/Microsoft.ApplicationServer.Http.CIT.Unit.DLL" adapterTypeName="Microsoft.VisualStudio.TestTools.TestTypes.Unit.UnitTestAdapter, Microsoft.VisualStudio.QualityTools.Tips.UnitTest.Adapter, Version=10.0.0.0, Culture=neutral, PublicKeyToken=b03f5f7f11d50a3a" className="Microsoft.ApplicationServer.Http.HttpRequestMessageOfTTests, Microsoft.ApplicationServer.Http.CIT.Unit, Version=0.0.0.0, Culture=neutral, PublicKeyToken=null" name="Constructor2" />
    </UnitTest>
    <UnitTest name="ReadMessage_With_Stream_Returns_HttpMessage" storage="f:\advisorsrepo\wcfhttp\http\test\microsoft.applicationserver.http\unit\bin\release\microsoft.applicationserver.http.cit.unit.dll" id="1d28ba9a-0ab7-2f6b-1d04-4fe186492e11">
      <Description>HttpMessageEncoder.ReadMessage that takes a stream parameter returns an HttpMessage.</Description>
      <Execution timeOut="30000" id="7117b6e5-99a7-47d0-9167-4cc556c9149d" />
      <Owners>
        <Owner name="derik" />
      </Owners>
      <TestCategory>
        <TestCategoryItem TestCategory="CIT" />
      </TestCategory>
      <TestMethod codeBase="F:/advisorsrepo/wcfhttp/Http/Test/Microsoft.ApplicationServer.Http/Unit/bin/Release/Microsoft.ApplicationServer.Http.CIT.Unit.DLL" adapterTypeName="Microsoft.VisualStudio.TestTools.TestTypes.Unit.UnitTestAdapter, Microsoft.VisualStudio.QualityTools.Tips.UnitTest.Adapter, Version=10.0.0.0, Culture=neutral, PublicKeyToken=b03f5f7f11d50a3a" className="Microsoft.ApplicationServer.Http.Channels.HttpMessageEncoderTests, Microsoft.ApplicationServer.Http.CIT.Unit, Version=0.0.0.0, Culture=neutral, PublicKeyToken=null" name="ReadMessage_With_Stream_Returns_HttpMessage" />
    </UnitTest>
    <UnitTest name="ReceiveRequest_Calls_ReceiveRequest_On_The_Inner_Channel" storage="f:\advisorsrepo\wcfhttp\http\test\microsoft.applicationserver.http\unit\bin\release\microsoft.applicationserver.http.cit.unit.dll" id="9287eff7-2d4d-e615-06cd-2c79a6dd2a3a">
      <Description>HttpMessageEncodingReplyChannel.ReceiveRequest calls ReceiveRequest on the inner channel.</Description>
      <Execution timeOut="30000" id="d5c3b000-9b36-42d5-bf74-7f06af512897" />
      <Owners>
        <Owner name="derik" />
      </Owners>
      <TestCategory>
        <TestCategoryItem TestCategory="CIT" />
      </TestCategory>
      <TestMethod codeBase="F:/advisorsrepo/wcfhttp/Http/Test/Microsoft.ApplicationServer.Http/Unit/bin/Release/Microsoft.ApplicationServer.Http.CIT.Unit.DLL" adapterTypeName="Microsoft.VisualStudio.TestTools.TestTypes.Unit.UnitTestAdapter, Microsoft.VisualStudio.QualityTools.Tips.UnitTest.Adapter, Version=10.0.0.0, Culture=neutral, PublicKeyToken=b03f5f7f11d50a3a" className="Microsoft.ApplicationServer.Http.Channels.HttpMessageEncodingReplyChannelTests, Microsoft.ApplicationServer.Http.CIT.Unit, Version=0.0.0.0, Culture=neutral, PublicKeyToken=null" name="ReceiveRequest_Calls_ReceiveRequest_On_The_Inner_Channel" />
    </UnitTest>
    <UnitTest name="Constructor5ThrowsWithNullValueTypeObject" storage="f:\advisorsrepo\wcfhttp\http\test\microsoft.applicationserver.http\unit\bin\release\microsoft.applicationserver.http.cit.unit.dll" id="f6f228e4-b6a4-6850-e2f2-233436bbf4b2">
      <Description>ObjectContent(Type, object, string, IEnumerable&lt;MediaTypeFormatter&gt;) throws for a null value type object.</Description>
      <Execution timeOut="30000" id="ca49c187-059c-438e-808a-0e628a73c3bf" />
      <Owners>
        <Owner name="dravva" />
      </Owners>
      <TestCategory>
        <TestCategoryItem TestCategory="CIT" />
      </TestCategory>
      <TestMethod codeBase="F:/advisorsrepo/wcfhttp/Http/Test/Microsoft.ApplicationServer.Http/Unit/bin/Release/Microsoft.ApplicationServer.Http.CIT.Unit.DLL" adapterTypeName="Microsoft.VisualStudio.TestTools.TestTypes.Unit.UnitTestAdapter, Microsoft.VisualStudio.QualityTools.Tips.UnitTest.Adapter, Version=10.0.0.0, Culture=neutral, PublicKeyToken=b03f5f7f11d50a3a" className="Microsoft.ApplicationServer.Http.ObjectContentTests, Microsoft.ApplicationServer.Http.CIT.Unit, Version=0.0.0.0, Culture=neutral, PublicKeyToken=null" name="Constructor5ThrowsWithNullValueTypeObject" />
    </UnitTest>
    <UnitTest name="HttpMessageHandlerFactory_Is_A_Public_Non_Abstract_Class" storage="f:\advisorsrepo\wcfhttp\http\test\microsoft.applicationserver.http\unit\bin\release\microsoft.applicationserver.http.cit.unit.dll" id="4cda5bcb-b0f6-234d-db75-1f2c5fc64591">
      <Description>HttpMessageHandlerFactory is public non-abstract class.</Description>
      <Execution timeOut="30000" id="ca9d2ce8-f0cb-4d6e-a85b-215aae43d055" />
      <Owners>
        <Owner name="derik" />
      </Owners>
      <TestCategory>
        <TestCategoryItem TestCategory="ADP_Basics" />
        <TestCategoryItem TestCategory="CIT" />
      </TestCategory>
      <TestMethod codeBase="F:/advisorsrepo/wcfhttp/Http/Test/Microsoft.ApplicationServer.Http/Unit/bin/Release/Microsoft.ApplicationServer.Http.CIT.Unit.DLL" adapterTypeName="Microsoft.VisualStudio.TestTools.TestTypes.Unit.UnitTestAdapter, Microsoft.VisualStudio.QualityTools.Tips.UnitTest.Adapter, Version=10.0.0.0, Culture=neutral, PublicKeyToken=b03f5f7f11d50a3a" className="Microsoft.ApplicationServer.Http.Channels.HttpMessageHandlerFactoryTests, Microsoft.ApplicationServer.Http.CIT.Unit, Version=0.0.0.0, Culture=neutral, PublicKeyToken=null" name="HttpMessageHandlerFactory_Is_A_Public_Non_Abstract_Class" />
    </UnitTest>
    <UnitTest name="Constructor2ThrowsWithNullMediaType" storage="f:\advisorsrepo\wcfhttp\http\test\microsoft.applicationserver.http\unit\bin\release\microsoft.applicationserver.http.cit.unit.dll" id="3198c8f1-e5d1-ddd4-4f1c-9ff612d5be0f">
      <Description>ObjectContent&lt;T&gt;(T, MediaTypeHeaderValue) throws for a null media type.</Description>
      <Execution timeOut="30000" id="65939f38-a6ac-4982-8521-7b8b649a958f" />
      <Owners>
        <Owner name="dravva" />
      </Owners>
      <TestCategory>
        <TestCategoryItem TestCategory="CIT" />
      </TestCategory>
      <TestMethod codeBase="F:/advisorsrepo/wcfhttp/Http/Test/Microsoft.ApplicationServer.Http/Unit/bin/Release/Microsoft.ApplicationServer.Http.CIT.Unit.DLL" adapterTypeName="Microsoft.VisualStudio.TestTools.TestTypes.Unit.UnitTestAdapter, Microsoft.VisualStudio.QualityTools.Tips.UnitTest.Adapter, Version=10.0.0.0, Culture=neutral, PublicKeyToken=b03f5f7f11d50a3a" className="Microsoft.ApplicationServer.Http.ObjectContentOfTTests, Microsoft.ApplicationServer.Http.CIT.Unit, Version=0.0.0.0, Culture=neutral, PublicKeyToken=null" name="Constructor2ThrowsWithNullMediaType" />
    </UnitTest>
    <UnitTest name="SupportsMediaTypeThrowsWithNullUriInHttpRequestMessage" storage="f:\advisorsrepo\wcfhttp\http\test\microsoft.applicationserver.http\unit\bin\release\microsoft.applicationserver.http.cit.unit.dll" id="971fa0a3-a764-b2fc-a48e-ba12893df1d6">
      <Description>SupportsMediaType(HttpRequestMessage) throws if the Uri in the request is null.</Description>
      <Execution timeOut="30000" id="00f18a23-1fb1-47f2-b893-cdea7728d2ca" />
      <Owners>
        <Owner name="dravva" />
      </Owners>
      <TestCategory>
        <TestCategoryItem TestCategory="CIT" />
      </TestCategory>
      <TestMethod codeBase="F:/advisorsrepo/wcfhttp/Http/Test/Microsoft.ApplicationServer.Http/Unit/bin/Release/Microsoft.ApplicationServer.Http.CIT.Unit.DLL" adapterTypeName="Microsoft.VisualStudio.TestTools.TestTypes.Unit.UnitTestAdapter, Microsoft.VisualStudio.QualityTools.Tips.UnitTest.Adapter, Version=10.0.0.0, Culture=neutral, PublicKeyToken=b03f5f7f11d50a3a" className="Microsoft.ApplicationServer.Http.UriPathExtensionMappingTests, Microsoft.ApplicationServer.Http.CIT.Unit, Version=0.0.0.0, Culture=neutral, PublicKeyToken=null" name="SupportsMediaTypeThrowsWithNullUriInHttpRequestMessage" />
    </UnitTest>
    <UnitTest name="CanConvertFromStringReturnsFalseForHttpRequestMessage" storage="f:\advisorsrepo\wcfhttp\http\test\microsoft.applicationserver.http\unit\bin\release\microsoft.applicationserver.http.cit.unit.dll" id="41b274b5-25a4-bfdb-94d9-b5642219a0e0">
      <Description>CanConvertFromString returns false for HttpRequestMessage converters.</Description>
      <Execution timeOut="30000" id="b6e68051-63d1-4d4f-81af-ced9850faa05" />
      <Owners>
        <Owner name="dravva" />
      </Owners>
      <TestCategory>
        <TestCategoryItem TestCategory="CIT" />
      </TestCategory>
      <TestMethod codeBase="F:/advisorsrepo/wcfhttp/Http/Test/Microsoft.ApplicationServer.Http/Unit/bin/Release/Microsoft.ApplicationServer.Http.CIT.Unit.DLL" adapterTypeName="Microsoft.VisualStudio.TestTools.TestTypes.Unit.UnitTestAdapter, Microsoft.VisualStudio.QualityTools.Tips.UnitTest.Adapter, Version=10.0.0.0, Culture=neutral, PublicKeyToken=b03f5f7f11d50a3a" className="Microsoft.ApplicationServer.Http.Description.HttpParameterValueConverterTests, Microsoft.ApplicationServer.Http.CIT.Unit, Version=0.0.0.0, Culture=neutral, PublicKeyToken=null" name="CanConvertFromStringReturnsFalseForHttpRequestMessage" />
    </UnitTest>
    <UnitTest name="ToString_With_A_Request_Indicates_Zero_Content_Length" storage="f:\advisorsrepo\wcfhttp\http\test\microsoft.applicationserver.http\unit\bin\release\microsoft.applicationserver.http.cit.unit.dll" id="0a7d760e-3fa4-beeb-3b78-b3dc1e563c37">
      <Description>HttpMessage.ToString() indicates that it is a request message with a content length of zero bytes.</Description>
      <Execution timeOut="30000" id="20492aa8-2724-4caa-a62c-8b9ed5d8d84d" />
      <Owners>
        <Owner name="derik" />
      </Owners>
      <TestCategory>
        <TestCategoryItem TestCategory="CIT" />
      </TestCategory>
      <TestMethod codeBase="F:/advisorsrepo/wcfhttp/Http/Test/Microsoft.ApplicationServer.Http/Unit/bin/Release/Microsoft.ApplicationServer.Http.CIT.Unit.DLL" adapterTypeName="Microsoft.VisualStudio.TestTools.TestTypes.Unit.UnitTestAdapter, Microsoft.VisualStudio.QualityTools.Tips.UnitTest.Adapter, Version=10.0.0.0, Culture=neutral, PublicKeyToken=b03f5f7f11d50a3a" className="Microsoft.ApplicationServer.Http.Channels.HttpMessageTests, Microsoft.ApplicationServer.Http.CIT.Unit, Version=0.0.0.0, Culture=neutral, PublicKeyToken=null" name="ToString_With_A_Request_Indicates_Zero_Content_Length" />
    </UnitTest>
    <UnitTest name="ReadAsOrDefaultReturnsDefaultWithNoFormatter" storage="f:\advisorsrepo\wcfhttp\http\test\microsoft.applicationserver.http\unit\bin\release\microsoft.applicationserver.http.cit.unit.dll" id="38e57ccb-677d-e7f3-5a5c-ecd3706228bd">
      <Description>ReadAsOrDefault() returns default value if no formatters are available.</Description>
      <Execution timeOut="30000" id="9c4c1440-ba4a-4e54-8148-2f429c78170e" />
      <Owners>
        <Owner name="dravva" />
      </Owners>
      <TestCategory>
        <TestCategoryItem TestCategory="CIT" />
      </TestCategory>
      <TestMethod codeBase="F:/advisorsrepo/wcfhttp/Http/Test/Microsoft.ApplicationServer.Http/Unit/bin/Release/Microsoft.ApplicationServer.Http.CIT.Unit.DLL" adapterTypeName="Microsoft.VisualStudio.TestTools.TestTypes.Unit.UnitTestAdapter, Microsoft.VisualStudio.QualityTools.Tips.UnitTest.Adapter, Version=10.0.0.0, Culture=neutral, PublicKeyToken=b03f5f7f11d50a3a" className="Microsoft.ApplicationServer.Http.ObjectContentOfTTests, Microsoft.ApplicationServer.Http.CIT.Unit, Version=0.0.0.0, Culture=neutral, PublicKeyToken=null" name="ReadAsOrDefaultReturnsDefaultWithNoFormatter" />
    </UnitTest>
    <UnitTest name="ReadAsThrowsWithNoFormatter" storage="f:\advisorsrepo\wcfhttp\http\test\microsoft.applicationserver.http\unit\bin\release\microsoft.applicationserver.http.cit.unit.dll" id="3c63ff46-95dd-9be8-89bc-d114927f6e13">
      <Description>ReadAs() throws for all value and reference types if no formatter is available.</Description>
      <Execution timeOut="30000" id="2489cb91-7117-45ff-ba3d-4947061f9e06" />
      <Owners>
        <Owner name="dravva" />
      </Owners>
      <TestCategory>
        <TestCategoryItem TestCategory="CIT" />
      </TestCategory>
      <TestMethod codeBase="F:/advisorsrepo/wcfhttp/Http/Test/Microsoft.ApplicationServer.Http/Unit/bin/Release/Microsoft.ApplicationServer.Http.CIT.Unit.DLL" adapterTypeName="Microsoft.VisualStudio.TestTools.TestTypes.Unit.UnitTestAdapter, Microsoft.VisualStudio.QualityTools.Tips.UnitTest.Adapter, Version=10.0.0.0, Culture=neutral, PublicKeyToken=b03f5f7f11d50a3a" className="Microsoft.ApplicationServer.Http.ObjectContentTests, Microsoft.ApplicationServer.Http.CIT.Unit, Version=0.0.0.0, Culture=neutral, PublicKeyToken=null" name="ReadAsThrowsWithNoFormatter" />
    </UnitTest>
    <UnitTest name="BeginAcceptChannel_Calls_The_Inner_Listener" storage="f:\advisorsrepo\wcfhttp\http\test\microsoft.applicationserver.http\unit\bin\release\microsoft.applicationserver.http.cit.unit.dll" id="6ae7cec1-2dfc-637b-c8e8-d02c4054f39f">
      <Description>HttpMessageEncodingChannelListener.BeginAcceptChannel calls BeginAcceptChannel on the inner listener with the given parameters.</Description>
      <Execution timeOut="30000" id="b9e733f3-8e63-4aeb-930c-74011816d0ca" />
      <Owners>
        <Owner name="derik" />
      </Owners>
      <TestCategory>
        <TestCategoryItem TestCategory="CIT" />
      </TestCategory>
      <TestMethod codeBase="F:/advisorsrepo/wcfhttp/Http/Test/Microsoft.ApplicationServer.Http/Unit/bin/Release/Microsoft.ApplicationServer.Http.CIT.Unit.DLL" adapterTypeName="Microsoft.VisualStudio.TestTools.TestTypes.Unit.UnitTestAdapter, Microsoft.VisualStudio.QualityTools.Tips.UnitTest.Adapter, Version=10.0.0.0, Culture=neutral, PublicKeyToken=b03f5f7f11d50a3a" className="Microsoft.ApplicationServer.Http.Channels.HttpMessageEncodingChannelListenerTests, Microsoft.ApplicationServer.Http.CIT.Unit, Version=0.0.0.0, Culture=neutral, PublicKeyToken=null" name="BeginAcceptChannel_Calls_The_Inner_Listener" />
    </UnitTest>
    <UnitTest name="Constructor4ConvertsNullValueTypeToDefault" storage="f:\advisorsrepo\wcfhttp\http\test\microsoft.applicationserver.http\unit\bin\release\microsoft.applicationserver.http.cit.unit.dll" id="26f8ba42-ce90-9bc6-416d-918ae8340d80">
      <Description>ObjectContent&lt;T&gt;(T, IEnumerable&lt;MediaTypeFormatter&gt;) converts null value types to that type's default value and sets (private) ObjectInstance.</Description>
      <Execution timeOut="30000" id="50ffca6d-1c54-47bd-a32e-f9d72776876a" />
      <Owners>
        <Owner name="dravva" />
      </Owners>
      <TestCategory>
        <TestCategoryItem TestCategory="CIT" />
      </TestCategory>
      <TestMethod codeBase="F:/advisorsrepo/wcfhttp/Http/Test/Microsoft.ApplicationServer.Http/Unit/bin/Release/Microsoft.ApplicationServer.Http.CIT.Unit.DLL" adapterTypeName="Microsoft.VisualStudio.TestTools.TestTypes.Unit.UnitTestAdapter, Microsoft.VisualStudio.QualityTools.Tips.UnitTest.Adapter, Version=10.0.0.0, Culture=neutral, PublicKeyToken=b03f5f7f11d50a3a" className="Microsoft.ApplicationServer.Http.ObjectContentOfTTests, Microsoft.ApplicationServer.Http.CIT.Unit, Version=0.0.0.0, Culture=neutral, PublicKeyToken=null" name="Constructor4ConvertsNullValueTypeToDefault" />
    </UnitTest>
    <UnitTest name="RequestMessage_Returns_HttpMessage_With_HttpRequestHeaders_Only_From_The_HttpRequestMessageProperty" storage="f:\advisorsrepo\wcfhttp\http\test\microsoft.applicationserver.http\unit\bin\release\microsoft.applicationserver.http.cit.unit.dll" id="59f3147f-df38-0e70-4d41-b9c0f814121c">
      <Description>HttpMessageEncodingRequestContext.RequestMessage removes all headers from the HttpRequestMessage before adding those from the HttpRequestMessageProperty.</Description>
      <Execution timeOut="30000" id="8f13d74b-f129-47b0-842f-6c0322f6061c" />
      <Owners>
        <Owner name="derik" />
      </Owners>
      <TestCategory>
        <TestCategoryItem TestCategory="CIT" />
      </TestCategory>
      <TestMethod codeBase="F:/advisorsrepo/wcfhttp/Http/Test/Microsoft.ApplicationServer.Http/Unit/bin/Release/Microsoft.ApplicationServer.Http.CIT.Unit.DLL" adapterTypeName="Microsoft.VisualStudio.TestTools.TestTypes.Unit.UnitTestAdapter, Microsoft.VisualStudio.QualityTools.Tips.UnitTest.Adapter, Version=10.0.0.0, Culture=neutral, PublicKeyToken=b03f5f7f11d50a3a" className="Microsoft.ApplicationServer.Http.Channels.HttpMessageEncodingRequestContextTests, Microsoft.ApplicationServer.Http.CIT.Unit, Version=0.0.0.0, Culture=neutral, PublicKeyToken=null" name="RequestMessage_Returns_HttpMessage_With_HttpRequestHeaders_Only_From_The_HttpRequestMessageProperty" />
    </UnitTest>
    <UnitTest name="HttpOperationDescription_Update_OutputParameters_From_Incomplete_HttpOperationDescription" storage="f:\advisorsrepo\wcfhttp\http\test\microsoft.applicationserver.http\unit\bin\release\microsoft.applicationserver.http.cit.unit.dll" id="05948419-e05f-b848-b48c-42abee7bf534">
      <Description>HttpOperationDescription updating output parameters through incomplete HttpOperationDescription updates in OperationDescription</Description>
      <Execution timeOut="30000" id="dd146679-65f4-4bd8-889d-39a31c244f4c" />
      <Owners>
        <Owner name="maying" />
      </Owners>
      <TestCategory>
        <TestCategoryItem TestCategory="CIT" />
      </TestCategory>
      <TestMethod codeBase="F:/advisorsrepo/wcfhttp/Http/Test/Microsoft.ApplicationServer.Http/Unit/bin/Release/Microsoft.ApplicationServer.Http.CIT.Unit.DLL" adapterTypeName="Microsoft.VisualStudio.TestTools.TestTypes.Unit.UnitTestAdapter, Microsoft.VisualStudio.QualityTools.Tips.UnitTest.Adapter, Version=10.0.0.0, Culture=neutral, PublicKeyToken=b03f5f7f11d50a3a" className="Microsoft.ApplicationServer.Http.Description.HttpOperationDescriptionTests, Microsoft.ApplicationServer.Http.CIT.Unit, Version=0.0.0.0, Culture=neutral, PublicKeyToken=null" name="HttpOperationDescription_Update_OutputParameters_From_Incomplete_HttpOperationDescription" />
    </UnitTest>
    <UnitTest name="ReadAsAsync1ThrowsWithNullFormatters" storage="f:\advisorsrepo\wcfhttp\http\test\microsoft.applicationserver.http\unit\bin\release\microsoft.applicationserver.http.cit.unit.dll" id="f5d740ab-d577-4943-4daa-7ad3ee06b3bd">
      <Description>HttpContentExtensionMethods.ReadAsAsync(HttpContent, Type, IEnumerable&lt;MediaTypeFormatter&gt;) throws with null Formatters.</Description>
      <Execution timeOut="30000" id="95189e7d-932a-460a-b5ab-773de7c4196a" />
      <Owners>
        <Owner name="vinelap" />
      </Owners>
      <TestCategory>
        <TestCategoryItem TestCategory="CIT" />
      </TestCategory>
      <TestMethod codeBase="F:/advisorsrepo/wcfhttp/Http/Test/Microsoft.ApplicationServer.Http/Unit/bin/Release/Microsoft.ApplicationServer.Http.CIT.Unit.DLL" adapterTypeName="Microsoft.VisualStudio.TestTools.TestTypes.Unit.UnitTestAdapter, Microsoft.VisualStudio.QualityTools.Tips.UnitTest.Adapter, Version=10.0.0.0, Culture=neutral, PublicKeyToken=b03f5f7f11d50a3a" className="Microsoft.ApplicationServer.Http.HttpContentExtensionMethodsTests, Microsoft.ApplicationServer.Http.CIT.Unit, Version=0.0.0.0, Culture=neutral, PublicKeyToken=null" name="ReadAsAsync1ThrowsWithNullFormatters" />
    </UnitTest>
    <UnitTest name="Compare_Returns_1_If_MediaType1_Has_Smaller_Q_Value" storage="f:\advisorsrepo\wcfhttp\http\test\microsoft.applicationserver.http\unit\bin\release\microsoft.applicationserver.http.cit.unit.dll" id="83ed5712-5601-591b-1392-6a00f12b4a7c">
      <Description>MediaTypeHeadeValueComparer.Compare returns 1 if the first parameter has a smaller Q value.</Description>
      <Execution timeOut="30000" id="1c5b50d2-4856-468f-86e4-cdcc0185469d" />
      <Owners>
        <Owner name="vinelap" />
      </Owners>
      <TestCategory>
        <TestCategoryItem TestCategory="CIT" />
      </TestCategory>
      <TestMethod codeBase="F:/advisorsrepo/wcfhttp/Http/Test/Microsoft.ApplicationServer.Http/Unit/bin/Release/Microsoft.ApplicationServer.Http.CIT.Unit.DLL" adapterTypeName="Microsoft.VisualStudio.TestTools.TestTypes.Unit.UnitTestAdapter, Microsoft.VisualStudio.QualityTools.Tips.UnitTest.Adapter, Version=10.0.0.0, Culture=neutral, PublicKeyToken=b03f5f7f11d50a3a" className="Microsoft.ApplicationServer.Http.MediaTypeHeadeValueComparerTests, Microsoft.ApplicationServer.Http.CIT.Unit, Version=0.0.0.0, Culture=neutral, PublicKeyToken=null" name="Compare_Returns_1_If_MediaType1_Has_Smaller_Q_Value" />
    </UnitTest>
    <UnitTest name="Constructor" storage="f:\advisorsrepo\wcfhttp\http\test\microsoft.applicationserver.http\unit\bin\release\microsoft.applicationserver.http.cit.unit.dll" id="b0051a55-1f5a-066d-1293-62195317a27f">
      <Description>QueryStringMapping(string, string, MediaTypeHeaderValue) sets properties.</Description>
      <Execution timeOut="30000" id="2b60baa2-585a-4df3-9dc2-5ac1a14dfa4c" />
      <Owners>
        <Owner name="dravva" />
      </Owners>
      <TestCategory>
        <TestCategoryItem TestCategory="CIT" />
      </TestCategory>
      <TestMethod codeBase="F:/advisorsrepo/wcfhttp/Http/Test/Microsoft.ApplicationServer.Http/Unit/bin/Release/Microsoft.ApplicationServer.Http.CIT.Unit.DLL" adapterTypeName="Microsoft.VisualStudio.TestTools.TestTypes.Unit.UnitTestAdapter, Microsoft.VisualStudio.QualityTools.Tips.UnitTest.Adapter, Version=10.0.0.0, Culture=neutral, PublicKeyToken=b03f5f7f11d50a3a" className="Microsoft.ApplicationServer.Http.QueryStringMappingTests, Microsoft.ApplicationServer.Http.CIT.Unit, Version=0.0.0.0, Culture=neutral, PublicKeyToken=null" name="Constructor" />
    </UnitTest>
    <UnitTest name="ReadAsOrDefaultAsync1ThrowsWithNullType" storage="f:\advisorsrepo\wcfhttp\http\test\microsoft.applicationserver.http\unit\bin\release\microsoft.applicationserver.http.cit.unit.dll" id="2ce0a661-3586-feaa-88bb-d09dcc2b33a9">
      <Description>HttpContentExtensionMethods.ReadAsOrDefaultAsync(HttpContent, Type, IEnumerable&lt;MediaTypeFormatter&gt;) throws with null Type.</Description>
      <Execution timeOut="30000" id="735a5895-1ff3-4353-a62a-8204757d0c5c" />
      <Owners>
        <Owner name="vinelap" />
      </Owners>
      <TestCategory>
        <TestCategoryItem TestCategory="CIT" />
      </TestCategory>
      <TestMethod codeBase="F:/advisorsrepo/wcfhttp/Http/Test/Microsoft.ApplicationServer.Http/Unit/bin/Release/Microsoft.ApplicationServer.Http.CIT.Unit.DLL" adapterTypeName="Microsoft.VisualStudio.TestTools.TestTypes.Unit.UnitTestAdapter, Microsoft.VisualStudio.QualityTools.Tips.UnitTest.Adapter, Version=10.0.0.0, Culture=neutral, PublicKeyToken=b03f5f7f11d50a3a" className="Microsoft.ApplicationServer.Http.HttpContentExtensionMethodsTests, Microsoft.ApplicationServer.Http.CIT.Unit, Version=0.0.0.0, Culture=neutral, PublicKeyToken=null" name="ReadAsOrDefaultAsync1ThrowsWithNullType" />
    </UnitTest>
    <UnitTest name="InputParametersDoesNotCallOnGetInputParmetersTwice" storage="f:\advisorsrepo\wcfhttp\http\test\microsoft.applicationserver.http\unit\bin\release\microsoft.applicationserver.http.cit.unit.dll" id="05ebd3cc-2f58-df02-dcf0-f3ec42625226">
      <Description>InputParameters does not invoke virtual OnGetInputParmeters more than once.</Description>
      <Execution timeOut="30000" id="71ddabbf-8caa-4723-80ef-286d3bcadfe7" />
      <Owners>
        <Owner name="vinelap" />
      </Owners>
      <TestCategory>
        <TestCategoryItem TestCategory="CIT" />
      </TestCategory>
      <TestMethod codeBase="F:/advisorsrepo/wcfhttp/Http/Test/Microsoft.ApplicationServer.Http/Unit/bin/Release/Microsoft.ApplicationServer.Http.CIT.Unit.DLL" adapterTypeName="Microsoft.VisualStudio.TestTools.TestTypes.Unit.UnitTestAdapter, Microsoft.VisualStudio.QualityTools.Tips.UnitTest.Adapter, Version=10.0.0.0, Culture=neutral, PublicKeyToken=b03f5f7f11d50a3a" className="Microsoft.ApplicationServer.Http.Dispatcher.HttpOperationHandlerTests, Microsoft.ApplicationServer.Http.CIT.Unit, Version=0.0.0.0, Culture=neutral, PublicKeyToken=null" name="InputParametersDoesNotCallOnGetInputParmetersTwice" />
    </UnitTest>
    <UnitTest name="SelectOperationThrowsWithNullRequest" storage="f:\advisorsrepo\wcfhttp\http\test\microsoft.applicationserver.http\unit\bin\release\microsoft.applicationserver.http.cit.unit.dll" id="5ff61744-0565-4d76-89ee-f94abaea90bf">
      <Description>SelectOperation(HttpRequestMessage) throws if the message parameter is null.</Description>
      <Execution timeOut="30000" id="7f392399-e823-48aa-b6ea-ff9fb12a4eef" />
      <Owners>
        <Owner name="dravva" />
      </Owners>
      <TestCategory>
        <TestCategoryItem TestCategory="CIT" />
      </TestCategory>
      <TestMethod codeBase="F:/advisorsrepo/wcfhttp/Http/Test/Microsoft.ApplicationServer.Http/Unit/bin/Release/Microsoft.ApplicationServer.Http.CIT.Unit.DLL" adapterTypeName="Microsoft.VisualStudio.TestTools.TestTypes.Unit.UnitTestAdapter, Microsoft.VisualStudio.QualityTools.Tips.UnitTest.Adapter, Version=10.0.0.0, Culture=neutral, PublicKeyToken=b03f5f7f11d50a3a" className="Microsoft.ApplicationServer.Http.Dispatcher.UriAndMethodOperationSelectorTests, Microsoft.ApplicationServer.Http.CIT.Unit, Version=0.0.0.0, Culture=neutral, PublicKeyToken=null" name="SelectOperationThrowsWithNullRequest" />
    </UnitTest>
    <UnitTest name="ReadAsAsyncCallsFormatter" storage="f:\advisorsrepo\wcfhttp\http\test\microsoft.applicationserver.http\unit\bin\release\microsoft.applicationserver.http.cit.unit.dll" id="8ce127b4-7850-a93a-4ef3-60f241c6e395">
      <Description>ReadAsAsync() calls the registered MediaTypeFormatter for SupportedMediaTypes and ReadFromStream.</Description>
      <Execution timeOut="30000" id="4ee775a2-d7ff-440d-84d9-df8147b588b9" />
      <Owners>
        <Owner name="dravva" />
      </Owners>
      <TestCategory>
        <TestCategoryItem TestCategory="CIT" />
      </TestCategory>
      <TestMethod codeBase="F:/advisorsrepo/wcfhttp/Http/Test/Microsoft.ApplicationServer.Http/Unit/bin/Release/Microsoft.ApplicationServer.Http.CIT.Unit.DLL" adapterTypeName="Microsoft.VisualStudio.TestTools.TestTypes.Unit.UnitTestAdapter, Microsoft.VisualStudio.QualityTools.Tips.UnitTest.Adapter, Version=10.0.0.0, Culture=neutral, PublicKeyToken=b03f5f7f11d50a3a" className="Microsoft.ApplicationServer.Http.ObjectContentOfTTests, Microsoft.ApplicationServer.Http.CIT.Unit, Version=0.0.0.0, Culture=neutral, PublicKeyToken=null" name="ReadAsAsyncCallsFormatter" />
    </UnitTest>
    <UnitTest name="HttpBehaviorElement_Ctor_Initializes_All_Properties" storage="f:\advisorsrepo\wcfhttp\http\test\microsoft.applicationserver.http\unit\bin\release\microsoft.applicationserver.http.cit.unit.dll" id="bdcb0398-411a-d3f0-9082-cb1a2fd28dd8">
      <Description>HttpBehaviorElement ctor initializes all properties to known defaults</Description>
      <Execution timeOut="30000" id="c1ecc1f1-615a-44a4-b182-2b218aa11ba7" />
      <Owners>
        <Owner name="vinelap" />
      </Owners>
      <TestCategory>
        <TestCategoryItem TestCategory="CIT" />
      </TestCategory>
      <TestMethod codeBase="F:/advisorsrepo/wcfhttp/Http/Test/Microsoft.ApplicationServer.Http/Unit/bin/Release/Microsoft.ApplicationServer.Http.CIT.Unit.DLL" adapterTypeName="Microsoft.VisualStudio.TestTools.TestTypes.Unit.UnitTestAdapter, Microsoft.VisualStudio.QualityTools.Tips.UnitTest.Adapter, Version=10.0.0.0, Culture=neutral, PublicKeyToken=b03f5f7f11d50a3a" className="Microsoft.ApplicationServer.Http.Configuration.HttpBehaviorElementTests, Microsoft.ApplicationServer.Http.CIT.Unit, Version=0.0.0.0, Culture=neutral, PublicKeyToken=null" name="HttpBehaviorElement_Ctor_Initializes_All_Properties" />
    </UnitTest>
    <UnitTest name="Constructor4SetsFormattersWithEmptyFormatterCollection" storage="f:\advisorsrepo\wcfhttp\http\test\microsoft.applicationserver.http\unit\bin\release\microsoft.applicationserver.http.cit.unit.dll" id="4c679617-41b3-fff1-6bec-e13582b7b6b1">
      <Description>ObjectContent(Type, object, IEnumerable&lt;MediaTypeFormatter&gt;) uses standard formatters if none supplied.</Description>
      <Execution timeOut="30000" id="8f3f863e-eadc-420f-9ce2-cbedae2f2c8e" />
      <Owners>
        <Owner name="dravva" />
      </Owners>
      <TestCategory>
        <TestCategoryItem TestCategory="CIT" />
      </TestCategory>
      <TestMethod codeBase="F:/advisorsrepo/wcfhttp/Http/Test/Microsoft.ApplicationServer.Http/Unit/bin/Release/Microsoft.ApplicationServer.Http.CIT.Unit.DLL" adapterTypeName="Microsoft.VisualStudio.TestTools.TestTypes.Unit.UnitTestAdapter, Microsoft.VisualStudio.QualityTools.Tips.UnitTest.Adapter, Version=10.0.0.0, Culture=neutral, PublicKeyToken=b03f5f7f11d50a3a" className="Microsoft.ApplicationServer.Http.ObjectContentTests, Microsoft.ApplicationServer.Http.CIT.Unit, Version=0.0.0.0, Culture=neutral, PublicKeyToken=null" name="Constructor4SetsFormattersWithEmptyFormatterCollection" />
    </UnitTest>
    <UnitTest name="ConstructorConvertsNullValueTypeToDefault" storage="f:\advisorsrepo\wcfhttp\http\test\microsoft.applicationserver.http\unit\bin\release\microsoft.applicationserver.http.cit.unit.dll" id="4533de6e-a7c1-6374-8848-271078b97c83">
      <Description>ObjectContent&lt;T&gt;(T) converts null value types to that type's default value and sets (private) ObjectInstance.</Description>
      <Execution timeOut="30000" id="33d6e0a1-2132-4d5f-bf89-ac6ff22ea2d6" />
      <Owners>
        <Owner name="dravva" />
      </Owners>
      <TestCategory>
        <TestCategoryItem TestCategory="CIT" />
      </TestCategory>
      <TestMethod codeBase="F:/advisorsrepo/wcfhttp/Http/Test/Microsoft.ApplicationServer.Http/Unit/bin/Release/Microsoft.ApplicationServer.Http.CIT.Unit.DLL" adapterTypeName="Microsoft.VisualStudio.TestTools.TestTypes.Unit.UnitTestAdapter, Microsoft.VisualStudio.QualityTools.Tips.UnitTest.Adapter, Version=10.0.0.0, Culture=neutral, PublicKeyToken=b03f5f7f11d50a3a" className="Microsoft.ApplicationServer.Http.ObjectContentOfTTests, Microsoft.ApplicationServer.Http.CIT.Unit, Version=0.0.0.0, Culture=neutral, PublicKeyToken=null" name="ConstructorConvertsNullValueTypeToDefault" />
    </UnitTest>
    <UnitTest name="HttpBindingElement_Ctor_Initializes_All_Properties" storage="f:\advisorsrepo\wcfhttp\http\test\microsoft.applicationserver.http\unit\bin\release\microsoft.applicationserver.http.cit.unit.dll" id="88c376f6-0c3d-a7fe-d317-e6fa4fa1adc6">
      <Description>HttpBindingElement ctor initializes all properties to known defaults</Description>
      <Execution timeOut="30000" id="a8ab33cf-d0b1-465f-a702-9280b4b053d6" />
      <Owners>
        <Owner name="vinelap" />
      </Owners>
      <TestCategory>
        <TestCategoryItem TestCategory="CIT" />
      </TestCategory>
      <TestMethod codeBase="F:/advisorsrepo/wcfhttp/Http/Test/Microsoft.ApplicationServer.Http/Unit/bin/Release/Microsoft.ApplicationServer.Http.CIT.Unit.DLL" adapterTypeName="Microsoft.VisualStudio.TestTools.TestTypes.Unit.UnitTestAdapter, Microsoft.VisualStudio.QualityTools.Tips.UnitTest.Adapter, Version=10.0.0.0, Culture=neutral, PublicKeyToken=b03f5f7f11d50a3a" className="Microsoft.ApplicationServer.Http.Configuration.HttpBindingElementTests, Microsoft.ApplicationServer.Http.CIT.Unit, Version=0.0.0.0, Culture=neutral, PublicKeyToken=null" name="HttpBindingElement_Ctor_Initializes_All_Properties" />
    </UnitTest>
    <UnitTest name="InputParametersReturnsReadOnlyCollection" storage="f:\advisorsrepo\wcfhttp\http\test\microsoft.applicationserver.http\unit\bin\release\microsoft.applicationserver.http.cit.unit.dll" id="4bc4f0f9-97d4-a621-341d-40c92a28cc7f">
      <Description>InputParameters returns a ReadOnlyCollection&lt;HttpParameter&gt;.</Description>
      <Execution timeOut="30000" id="3b38a94b-6345-47a6-a1fd-4bcf0e39906b" />
      <Owners>
        <Owner name="vinelap" />
      </Owners>
      <TestCategory>
        <TestCategoryItem TestCategory="CIT" />
      </TestCategory>
      <TestMethod codeBase="F:/advisorsrepo/wcfhttp/Http/Test/Microsoft.ApplicationServer.Http/Unit/bin/Release/Microsoft.ApplicationServer.Http.CIT.Unit.DLL" adapterTypeName="Microsoft.VisualStudio.TestTools.TestTypes.Unit.UnitTestAdapter, Microsoft.VisualStudio.QualityTools.Tips.UnitTest.Adapter, Version=10.0.0.0, Culture=neutral, PublicKeyToken=b03f5f7f11d50a3a" className="Microsoft.ApplicationServer.Http.Dispatcher.HttpOperationHandlerTests, Microsoft.ApplicationServer.Http.CIT.Unit, Version=0.0.0.0, Culture=neutral, PublicKeyToken=null" name="InputParametersReturnsReadOnlyCollection" />
    </UnitTest>
    <UnitTest name="GetUriTemplate_Returns_UriTemplate" storage="f:\advisorsrepo\wcfhttp\http\test\microsoft.applicationserver.http\unit\bin\release\microsoft.applicationserver.http.cit.unit.dll" id="69774b34-c6dc-1ae1-4012-c47c17095758">
      <Description>HttpOperationDescription.GetUriTemplate returns the correct UriTemplate for the operation.</Description>
      <Execution timeOut="30000" id="37d329e3-4440-449a-be05-4eb66cfa47a0" />
      <Owners>
        <Owner name="vinelap" />
      </Owners>
      <TestCategory>
        <TestCategoryItem TestCategory="CIT" />
      </TestCategory>
      <TestMethod codeBase="F:/advisorsrepo/wcfhttp/Http/Test/Microsoft.ApplicationServer.Http/Unit/bin/Release/Microsoft.ApplicationServer.Http.CIT.Unit.DLL" adapterTypeName="Microsoft.VisualStudio.TestTools.TestTypes.Unit.UnitTestAdapter, Microsoft.VisualStudio.QualityTools.Tips.UnitTest.Adapter, Version=10.0.0.0, Culture=neutral, PublicKeyToken=b03f5f7f11d50a3a" className="Microsoft.ApplicationServer.Http.Description.HttpOperationDescriptionExtensionMethodsTests, Microsoft.ApplicationServer.Http.CIT.Unit, Version=0.0.0.0, Culture=neutral, PublicKeyToken=null" name="GetUriTemplate_Returns_UriTemplate" />
    </UnitTest>
    <UnitTest name="Accept_Header_Overrides_Operation_Response_Format" storage="f:\advisorsrepo\wcfhttp\http\test\microsoft.applicationserver.http\unit\bin\release\microsoft.applicationserver.http.cit.unit.dll" id="ed4008c6-9eb1-4c8d-1186-9d14e556a74d">
      <Description>HttpBehavior back compat test that the accept header overrides the operation ResponseFormat.</Description>
      <Execution timeOut="30000" id="8815f136-1744-480d-93dd-de67efabdc92" />
      <Owners>
        <Owner name="vinelap" />
      </Owners>
      <TestCategory>
        <TestCategoryItem TestCategory="CIT" />
      </TestCategory>
      <TestMethod codeBase="F:/advisorsrepo/wcfhttp/Http/Test/Microsoft.ApplicationServer.Http/Unit/bin/Release/Microsoft.ApplicationServer.Http.CIT.Unit.DLL" adapterTypeName="Microsoft.VisualStudio.TestTools.TestTypes.Unit.UnitTestAdapter, Microsoft.VisualStudio.QualityTools.Tips.UnitTest.Adapter, Version=10.0.0.0, Culture=neutral, PublicKeyToken=b03f5f7f11d50a3a" className="Microsoft.ApplicationServer.Http.Description.HttpBehaviorTests, Microsoft.ApplicationServer.Http.CIT.Unit, Version=0.0.0.0, Culture=neutral, PublicKeyToken=null" name="Accept_Header_Overrides_Operation_Response_Format" />
    </UnitTest>
    <UnitTest name="TypeIsCorrect" storage="f:\advisorsrepo\wcfhttp\http\test\microsoft.applicationserver.http\unit\bin\release\microsoft.applicationserver.http.cit.unit.dll" id="2399f681-bbf0-d19d-4bf7-da3a21e41e0f">
      <Description>HttpOperationHandlerOfT is public and abstract.</Description>
      <Execution timeOut="30000" id="c25b6614-daf8-40ac-ac39-abccd9c57bce" />
      <Owners>
        <Owner name="dravva" />
      </Owners>
      <TestCategory>
        <TestCategoryItem TestCategory="CIT" />
      </TestCategory>
      <TestMethod codeBase="F:/advisorsrepo/wcfhttp/Http/Test/Microsoft.ApplicationServer.Http/Unit/bin/Release/Microsoft.ApplicationServer.Http.CIT.Unit.DLL" adapterTypeName="Microsoft.VisualStudio.TestTools.TestTypes.Unit.UnitTestAdapter, Microsoft.VisualStudio.QualityTools.Tips.UnitTest.Adapter, Version=10.0.0.0, Culture=neutral, PublicKeyToken=b03f5f7f11d50a3a" className="Microsoft.ApplicationServer.Http.Dispatcher.HttpOperationHandlerOfTTests, Microsoft.ApplicationServer.Http.CIT.Unit, Version=0.0.0.0, Culture=neutral, PublicKeyToken=null" name="TypeIsCorrect" />
    </UnitTest>
    <UnitTest name="ReadAsOrDefault1ThrowsWithNullFormatters" storage="f:\advisorsrepo\wcfhttp\http\test\microsoft.applicationserver.http\unit\bin\release\microsoft.applicationserver.http.cit.unit.dll" id="8f758df7-b3b2-4f7b-221e-8902631501c1">
      <Description>HttpContentExtensionMethods.ReadAsOrDefault(HttpContent, Type, IEnumerable&lt;MediaTypeFormatter&gt;) throws with null Formatters.</Description>
      <Execution timeOut="30000" id="c8165506-f544-4d40-8e1a-5d7d57852f34" />
      <Owners>
        <Owner name="vinelap" />
      </Owners>
      <TestCategory>
        <TestCategoryItem TestCategory="CIT" />
      </TestCategory>
      <TestMethod codeBase="F:/advisorsrepo/wcfhttp/Http/Test/Microsoft.ApplicationServer.Http/Unit/bin/Release/Microsoft.ApplicationServer.Http.CIT.Unit.DLL" adapterTypeName="Microsoft.VisualStudio.TestTools.TestTypes.Unit.UnitTestAdapter, Microsoft.VisualStudio.QualityTools.Tips.UnitTest.Adapter, Version=10.0.0.0, Culture=neutral, PublicKeyToken=b03f5f7f11d50a3a" className="Microsoft.ApplicationServer.Http.HttpContentExtensionMethodsTests, Microsoft.ApplicationServer.Http.CIT.Unit, Version=0.0.0.0, Culture=neutral, PublicKeyToken=null" name="ReadAsOrDefault1ThrowsWithNullFormatters" />
    </UnitTest>
    <UnitTest name="ProvideFault_Null_Error_Argument_Throws" storage="f:\advisorsrepo\wcfhttp\http\test\microsoft.applicationserver.http\unit\bin\release\microsoft.applicationserver.http.cit.unit.dll" id="36e6b44d-c454-84dc-5a25-823b1415d13e">
      <Description>ProvideFault() throws ArgumentNullException for null error argument.</Description>
      <Execution timeOut="30000" id="0d4ff9d7-54da-47dc-9695-8f4aa2fdc15c" />
      <Owners>
        <Owner name="maying" />
      </Owners>
      <TestCategory>
        <TestCategoryItem TestCategory="CIT" />
      </TestCategory>
      <TestMethod codeBase="F:/advisorsrepo/wcfhttp/Http/Test/Microsoft.ApplicationServer.Http/Unit/bin/Release/Microsoft.ApplicationServer.Http.CIT.Unit.DLL" adapterTypeName="Microsoft.VisualStudio.TestTools.TestTypes.Unit.UnitTestAdapter, Microsoft.VisualStudio.QualityTools.Tips.UnitTest.Adapter, Version=10.0.0.0, Culture=neutral, PublicKeyToken=b03f5f7f11d50a3a" className="Microsoft.ApplicationServer.Http.Dispatcher.HttpErrorHandlerTests, Microsoft.ApplicationServer.Http.CIT.Unit, Version=0.0.0.0, Culture=neutral, PublicKeyToken=null" name="ProvideFault_Null_Error_Argument_Throws" />
    </UnitTest>
    <UnitTest name="Constructor4ThrowsWithNullType" storage="f:\advisorsrepo\wcfhttp\http\test\microsoft.applicationserver.http\unit\bin\release\microsoft.applicationserver.http.cit.unit.dll" id="62defaa6-6492-5f15-6a60-c33a7d3bf5d2">
      <Description>ObjectContent(Type, object, IEnumerable&lt;MediaTypeFormatter&gt;) throws for a null Type parameter.</Description>
      <Execution timeOut="30000" id="f5300a54-c92e-43ff-8e46-3c2586b699d1" />
      <Owners>
        <Owner name="dravva" />
      </Owners>
      <TestCategory>
        <TestCategoryItem TestCategory="CIT" />
      </TestCategory>
      <TestMethod codeBase="F:/advisorsrepo/wcfhttp/Http/Test/Microsoft.ApplicationServer.Http/Unit/bin/Release/Microsoft.ApplicationServer.Http.CIT.Unit.DLL" adapterTypeName="Microsoft.VisualStudio.TestTools.TestTypes.Unit.UnitTestAdapter, Microsoft.VisualStudio.QualityTools.Tips.UnitTest.Adapter, Version=10.0.0.0, Culture=neutral, PublicKeyToken=b03f5f7f11d50a3a" className="Microsoft.ApplicationServer.Http.ObjectContentTests, Microsoft.ApplicationServer.Http.CIT.Unit, Version=0.0.0.0, Culture=neutral, PublicKeyToken=null" name="Constructor4ThrowsWithNullType" />
    </UnitTest>
    <UnitTest name="SupportsMediaType1ThrowsWithNullRequestInHttpResponseMessage" storage="f:\advisorsrepo\wcfhttp\http\test\microsoft.applicationserver.http\unit\bin\release\microsoft.applicationserver.http.cit.unit.dll" id="e8f2fa7f-0111-ee28-ea43-bfb44625e324">
      <Description>SupportsMediaType(HttpResponseMessage) throws with a null HttpRequestMessage in the HttpResponseMessage.</Description>
      <Execution timeOut="30000" id="54c13888-3f57-451b-bafa-eeea878ce384" />
      <Owners>
        <Owner name="dravva" />
      </Owners>
      <TestCategory>
        <TestCategoryItem TestCategory="CIT" />
      </TestCategory>
      <TestMethod codeBase="F:/advisorsrepo/wcfhttp/Http/Test/Microsoft.ApplicationServer.Http/Unit/bin/Release/Microsoft.ApplicationServer.Http.CIT.Unit.DLL" adapterTypeName="Microsoft.VisualStudio.TestTools.TestTypes.Unit.UnitTestAdapter, Microsoft.VisualStudio.QualityTools.Tips.UnitTest.Adapter, Version=10.0.0.0, Culture=neutral, PublicKeyToken=b03f5f7f11d50a3a" className="Microsoft.ApplicationServer.Http.QueryStringMappingTests, Microsoft.ApplicationServer.Http.CIT.Unit, Version=0.0.0.0, Culture=neutral, PublicKeyToken=null" name="SupportsMediaType1ThrowsWithNullRequestInHttpResponseMessage" />
    </UnitTest>
    <UnitTest name="WriteMessage_Throws_If_Message_Parameter_Is_Null" storage="f:\advisorsrepo\wcfhttp\http\test\microsoft.applicationserver.http\unit\bin\release\microsoft.applicationserver.http.cit.unit.dll" id="25c7b1cf-b50b-3bcd-5241-b6c310a199da">
      <Description>HttpMessageEncoder.WriteMessage throws if the message parameter is null.</Description>
      <Execution timeOut="30000" id="c7674b93-cb5c-467d-85dd-26a5760b8b41" />
      <Owners>
        <Owner name="derik" />
      </Owners>
      <TestCategory>
        <TestCategoryItem TestCategory="CIT" />
      </TestCategory>
      <TestMethod codeBase="F:/advisorsrepo/wcfhttp/Http/Test/Microsoft.ApplicationServer.Http/Unit/bin/Release/Microsoft.ApplicationServer.Http.CIT.Unit.DLL" adapterTypeName="Microsoft.VisualStudio.TestTools.TestTypes.Unit.UnitTestAdapter, Microsoft.VisualStudio.QualityTools.Tips.UnitTest.Adapter, Version=10.0.0.0, Culture=neutral, PublicKeyToken=b03f5f7f11d50a3a" className="Microsoft.ApplicationServer.Http.Channels.HttpMessageEncoderTests, Microsoft.ApplicationServer.Http.CIT.Unit, Version=0.0.0.0, Culture=neutral, PublicKeyToken=null" name="WriteMessage_Throws_If_Message_Parameter_Is_Null" />
    </UnitTest>
    <UnitTest name="HttpMessageHandlerFactory_Constructor_Throws_With_Invalid_Constructor_Types" storage="f:\advisorsrepo\wcfhttp\http\test\microsoft.applicationserver.http\unit\bin\release\microsoft.applicationserver.http.cit.unit.dll" id="c1f2da23-282f-5312-7401-0360aff42e59">
      <Description>HttpMessageHandlerFactory constructor throws with types that don't have a valid constructor.</Description>
      <Execution timeOut="30000" id="e2a5afe3-1458-48de-bd35-4245514685b5" />
      <Owners>
        <Owner name="derik" />
      </Owners>
      <TestCategory>
        <TestCategoryItem TestCategory="ADP_Basics" />
        <TestCategoryItem TestCategory="CIT" />
      </TestCategory>
      <TestMethod codeBase="F:/advisorsrepo/wcfhttp/Http/Test/Microsoft.ApplicationServer.Http/Unit/bin/Release/Microsoft.ApplicationServer.Http.CIT.Unit.DLL" adapterTypeName="Microsoft.VisualStudio.TestTools.TestTypes.Unit.UnitTestAdapter, Microsoft.VisualStudio.QualityTools.Tips.UnitTest.Adapter, Version=10.0.0.0, Culture=neutral, PublicKeyToken=b03f5f7f11d50a3a" className="Microsoft.ApplicationServer.Http.Channels.HttpMessageHandlerFactoryTests, Microsoft.ApplicationServer.Http.CIT.Unit, Version=0.0.0.0, Culture=neutral, PublicKeyToken=null" name="HttpMessageHandlerFactory_Constructor_Throws_With_Invalid_Constructor_Types" />
    </UnitTest>
    <UnitTest name="GetValueConverterHttpResponseMessageOfT" storage="f:\advisorsrepo\wcfhttp\http\test\microsoft.applicationserver.http\unit\bin\release\microsoft.applicationserver.http.cit.unit.dll" id="116a6538-72d9-a2e7-1735-e32d19183de0">
      <Description>GetValueConverter(Type) returns a converter for all HttpResponseMessage&lt;T&gt; types.</Description>
      <Execution timeOut="30000" id="e4c98275-4d3b-4afb-87e4-7832fdacb401" />
      <Owners>
        <Owner name="dravva" />
      </Owners>
      <TestCategory>
        <TestCategoryItem TestCategory="CIT" />
      </TestCategory>
      <TestMethod codeBase="F:/advisorsrepo/wcfhttp/Http/Test/Microsoft.ApplicationServer.Http/Unit/bin/Release/Microsoft.ApplicationServer.Http.CIT.Unit.DLL" adapterTypeName="Microsoft.VisualStudio.TestTools.TestTypes.Unit.UnitTestAdapter, Microsoft.VisualStudio.QualityTools.Tips.UnitTest.Adapter, Version=10.0.0.0, Culture=neutral, PublicKeyToken=b03f5f7f11d50a3a" className="Microsoft.ApplicationServer.Http.Description.HttpParameterValueConverterTests, Microsoft.ApplicationServer.Http.CIT.Unit, Version=0.0.0.0, Culture=neutral, PublicKeyToken=null" name="GetValueConverterHttpResponseMessageOfT" />
    </UnitTest>
    <UnitTest name="Validate_Throws_With_Endpoint_Address_Headers" storage="f:\advisorsrepo\wcfhttp\http\test\microsoft.applicationserver.http\unit\bin\release\microsoft.applicationserver.http.cit.unit.dll" id="f67c387f-ddfd-84de-e4a7-c2425383c78f">
      <Description>HttpBehavior.Validate throws if the endpoint address has headers.</Description>
      <Execution timeOut="30000" id="ef82d45c-fd84-4f24-948c-16bf3e276711" />
      <Owners>
        <Owner name="vinelap" />
      </Owners>
      <TestCategory>
        <TestCategoryItem TestCategory="CIT" />
      </TestCategory>
      <TestMethod codeBase="F:/advisorsrepo/wcfhttp/Http/Test/Microsoft.ApplicationServer.Http/Unit/bin/Release/Microsoft.ApplicationServer.Http.CIT.Unit.DLL" adapterTypeName="Microsoft.VisualStudio.TestTools.TestTypes.Unit.UnitTestAdapter, Microsoft.VisualStudio.QualityTools.Tips.UnitTest.Adapter, Version=10.0.0.0, Culture=neutral, PublicKeyToken=b03f5f7f11d50a3a" className="Microsoft.ApplicationServer.Http.Description.HttpBehaviorTests, Microsoft.ApplicationServer.Http.CIT.Unit, Version=0.0.0.0, Culture=neutral, PublicKeyToken=null" name="Validate_Throws_With_Endpoint_Address_Headers" />
    </UnitTest>
    <UnitTest name="SetSerializerThrowsWithNullType" storage="f:\advisorsrepo\wcfhttp\http\test\microsoft.applicationserver.http\unit\bin\release\microsoft.applicationserver.http.cit.unit.dll" id="a02cb17d-6995-9863-489a-aa7bdff42397">
      <Description>XmlMediaTypeFormatter.SetSerializer(Type, XmlSerializer) throws with null type.</Description>
      <Execution timeOut="30000" id="6393c377-dc24-4394-b9fc-f6bd9a1ebb84" />
      <Owners>
        <Owner name="dravva" />
      </Owners>
      <TestCategory>
        <TestCategoryItem TestCategory="CIT" />
      </TestCategory>
      <TestMethod codeBase="F:/advisorsrepo/wcfhttp/Http/Test/Microsoft.ApplicationServer.Http/Unit/bin/Release/Microsoft.ApplicationServer.Http.CIT.Unit.DLL" adapterTypeName="Microsoft.VisualStudio.TestTools.TestTypes.Unit.UnitTestAdapter, Microsoft.VisualStudio.QualityTools.Tips.UnitTest.Adapter, Version=10.0.0.0, Culture=neutral, PublicKeyToken=b03f5f7f11d50a3a" className="Microsoft.ApplicationServer.Http.XmlMediaTypeFormatterTests, Microsoft.ApplicationServer.Http.CIT.Unit, Version=0.0.0.0, Culture=neutral, PublicKeyToken=null" name="SetSerializerThrowsWithNullType" />
    </UnitTest>
    <UnitTest name="ProvideResponse_Returns_Custom_Response_Message" storage="f:\advisorsrepo\wcfhttp\http\test\microsoft.applicationserver.http\unit\bin\release\microsoft.applicationserver.http.cit.unit.dll" id="281abf85-2166-20b5-5066-81f2f641e6db">
      <Description>ProvideResponse() can return custom response message.</Description>
      <Execution timeOut="30000" id="22c98d5d-32bb-4e12-b954-7aaf926557cc" />
      <Owners>
        <Owner name="maying" />
      </Owners>
      <TestCategory>
        <TestCategoryItem TestCategory="CIT" />
      </TestCategory>
      <TestMethod codeBase="F:/advisorsrepo/wcfhttp/Http/Test/Microsoft.ApplicationServer.Http/Unit/bin/Release/Microsoft.ApplicationServer.Http.CIT.Unit.DLL" adapterTypeName="Microsoft.VisualStudio.TestTools.TestTypes.Unit.UnitTestAdapter, Microsoft.VisualStudio.QualityTools.Tips.UnitTest.Adapter, Version=10.0.0.0, Culture=neutral, PublicKeyToken=b03f5f7f11d50a3a" className="Microsoft.ApplicationServer.Http.Dispatcher.HttpErrorHandlerTests, Microsoft.ApplicationServer.Http.CIT.Unit, Version=0.0.0.0, Culture=neutral, PublicKeyToken=null" name="ProvideResponse_Returns_Custom_Response_Message" />
    </UnitTest>
    <UnitTest name="CreateInstance_Returns_Custom_Instance" storage="f:\advisorsrepo\wcfhttp\http\test\microsoft.applicationserver.http\unit\bin\release\microsoft.applicationserver.http.cit.unit.dll" id="c66e413e-93f0-6b61-ac49-4dcf0191f84d">
      <Description>HttpInstanceProvider.CreateInstance returns custom instance</Description>
      <Execution timeOut="30000" id="d64d6e27-cf76-42d8-bfae-7fff84d5729a" />
      <Owners>
        <Owner name="maying" />
      </Owners>
      <TestCategory>
        <TestCategoryItem TestCategory="CIT" />
      </TestCategory>
      <TestMethod codeBase="F:/advisorsrepo/wcfhttp/Http/Test/Microsoft.ApplicationServer.Http/Unit/bin/Release/Microsoft.ApplicationServer.Http.CIT.Unit.DLL" adapterTypeName="Microsoft.VisualStudio.TestTools.TestTypes.Unit.UnitTestAdapter, Microsoft.VisualStudio.QualityTools.Tips.UnitTest.Adapter, Version=10.0.0.0, Culture=neutral, PublicKeyToken=b03f5f7f11d50a3a" className="Microsoft.ApplicationServer.Http.Dispatcher.HttpInstanceProviderTests, Microsoft.ApplicationServer.Http.CIT.Unit, Version=0.0.0.0, Culture=neutral, PublicKeyToken=null" name="CreateInstance_Returns_Custom_Instance" />
    </UnitTest>
    <UnitTest name="EndAcceptChannel_Calls_The_Inner_Listener" storage="f:\advisorsrepo\wcfhttp\http\test\microsoft.applicationserver.http\unit\bin\release\microsoft.applicationserver.http.cit.unit.dll" id="80d6904e-cd42-707b-a476-ec9192e47c4c">
      <Description>HttpMessageEncodingChannelListener.EndAcceptChannel calls EndAcceptChannel on the inner listener with the given parameters.</Description>
      <Execution timeOut="30000" id="17f85fd0-8f51-4c63-8d1f-74fb918fb1c9" />
      <Owners>
        <Owner name="derik" />
      </Owners>
      <TestCategory>
        <TestCategoryItem TestCategory="CIT" />
      </TestCategory>
      <TestMethod codeBase="F:/advisorsrepo/wcfhttp/Http/Test/Microsoft.ApplicationServer.Http/Unit/bin/Release/Microsoft.ApplicationServer.Http.CIT.Unit.DLL" adapterTypeName="Microsoft.VisualStudio.TestTools.TestTypes.Unit.UnitTestAdapter, Microsoft.VisualStudio.QualityTools.Tips.UnitTest.Adapter, Version=10.0.0.0, Culture=neutral, PublicKeyToken=b03f5f7f11d50a3a" className="Microsoft.ApplicationServer.Http.Channels.HttpMessageEncodingChannelListenerTests, Microsoft.ApplicationServer.Http.CIT.Unit, Version=0.0.0.0, Culture=neutral, PublicKeyToken=null" name="EndAcceptChannel_Calls_The_Inner_Listener" />
    </UnitTest>
    <UnitTest name="TypeIsCorrect" storage="f:\advisorsrepo\wcfhttp\http\test\microsoft.applicationserver.http\unit\bin\release\microsoft.applicationserver.http.cit.unit.dll" id="44b229ac-c6e5-8869-bc9b-9fcefb64c813">
      <Description>OperationHandlerPipelineInfo is internal and concrete.</Description>
      <Execution timeOut="30000" id="3af51c4a-0d14-4d84-a835-8c5aa5ac1553" />
      <Owners>
        <Owner name="dravva" />
      </Owners>
      <TestCategory>
        <TestCategoryItem TestCategory="CIT" />
      </TestCategory>
      <TestMethod codeBase="F:/advisorsrepo/wcfhttp/Http/Test/Microsoft.ApplicationServer.Http/Unit/bin/Release/Microsoft.ApplicationServer.Http.CIT.Unit.DLL" adapterTypeName="Microsoft.VisualStudio.TestTools.TestTypes.Unit.UnitTestAdapter, Microsoft.VisualStudio.QualityTools.Tips.UnitTest.Adapter, Version=10.0.0.0, Culture=neutral, PublicKeyToken=b03f5f7f11d50a3a" className="Microsoft.ApplicationServer.Http.Dispatcher.OperationHandlerPipelineInfoTests, Microsoft.ApplicationServer.Http.CIT.Unit, Version=0.0.0.0, Culture=neutral, PublicKeyToken=null" name="TypeIsCorrect" />
    </UnitTest>
    <UnitTest name="GetHashCode_Returns_Same_Hash_Code_Regardless_Of_Case" storage="f:\advisorsrepo\wcfhttp\http\test\microsoft.applicationserver.http\unit\bin\release\microsoft.applicationserver.http.cit.unit.dll" id="f80bb932-ad0d-f3e7-d69c-5b51fefda49e">
      <Description>MediaTypeHeaderValueEqualityComparer.GetHashCode returns the same hash code for media types that differe only be case.</Description>
      <Execution timeOut="30000" id="8adb23e7-8ef0-437e-bc9d-d735c43174ec" />
      <Owners>
        <Owner name="vinelap" />
      </Owners>
      <TestCategory>
        <TestCategoryItem TestCategory="CIT" />
      </TestCategory>
      <TestMethod codeBase="F:/advisorsrepo/wcfhttp/Http/Test/Microsoft.ApplicationServer.Http/Unit/bin/Release/Microsoft.ApplicationServer.Http.CIT.Unit.DLL" adapterTypeName="Microsoft.VisualStudio.TestTools.TestTypes.Unit.UnitTestAdapter, Microsoft.VisualStudio.QualityTools.Tips.UnitTest.Adapter, Version=10.0.0.0, Culture=neutral, PublicKeyToken=b03f5f7f11d50a3a" className="Microsoft.ApplicationServer.Http.MediaTypeHeadeValueEqualityComparerTests, Microsoft.ApplicationServer.Http.CIT.Unit, Version=0.0.0.0, Culture=neutral, PublicKeyToken=null" name="GetHashCode_Returns_Same_Hash_Code_Regardless_Of_Case" />
    </UnitTest>
    <UnitTest name="OnDeserializeRequestExecutesRequestPipeline" storage="f:\advisorsrepo\wcfhttp\http\test\microsoft.applicationserver.http\unit\bin\release\microsoft.applicationserver.http.cit.unit.dll" id="341d8281-ca41-caef-5e41-cff0c358aac4">
      <Description>OnDeserializeRequest() executes request pipeline.</Description>
      <Execution timeOut="30000" id="f7b4c732-353e-4445-a1e2-3a457dabc763" />
      <Owners>
        <Owner name="dravva" />
      </Owners>
      <TestCategory>
        <TestCategoryItem TestCategory="CIT" />
      </TestCategory>
      <TestMethod codeBase="F:/advisorsrepo/wcfhttp/Http/Test/Microsoft.ApplicationServer.Http/Unit/bin/Release/Microsoft.ApplicationServer.Http.CIT.Unit.DLL" adapterTypeName="Microsoft.VisualStudio.TestTools.TestTypes.Unit.UnitTestAdapter, Microsoft.VisualStudio.QualityTools.Tips.UnitTest.Adapter, Version=10.0.0.0, Culture=neutral, PublicKeyToken=b03f5f7f11d50a3a" className="Microsoft.ApplicationServer.Http.Dispatcher.OperationHandlerFormatterTests, Microsoft.ApplicationServer.Http.CIT.Unit, Version=0.0.0.0, Culture=neutral, PublicKeyToken=null" name="OnDeserializeRequestExecutesRequestPipeline" />
    </UnitTest>
    <UnitTest name="WriteBodyContents_Throws" storage="f:\advisorsrepo\wcfhttp\http\test\microsoft.applicationserver.http\unit\bin\release\microsoft.applicationserver.http.cit.unit.dll" id="9fe40d44-bc24-10b2-fb13-9a44229089a8">
      <Description>HttpMessage.WriteBodyContents always throws.</Description>
      <Execution timeOut="30000" id="21531db8-7baa-4ce7-a97c-b1a005170e0b" />
      <Owners>
        <Owner name="derik" />
      </Owners>
      <TestCategory>
        <TestCategoryItem TestCategory="CIT" />
      </TestCategory>
      <TestMethod codeBase="F:/advisorsrepo/wcfhttp/Http/Test/Microsoft.ApplicationServer.Http/Unit/bin/Release/Microsoft.ApplicationServer.Http.CIT.Unit.DLL" adapterTypeName="Microsoft.VisualStudio.TestTools.TestTypes.Unit.UnitTestAdapter, Microsoft.VisualStudio.QualityTools.Tips.UnitTest.Adapter, Version=10.0.0.0, Culture=neutral, PublicKeyToken=b03f5f7f11d50a3a" className="Microsoft.ApplicationServer.Http.Channels.HttpMessageTests, Microsoft.ApplicationServer.Http.CIT.Unit, Version=0.0.0.0, Culture=neutral, PublicKeyToken=null" name="WriteBodyContents_Throws" />
    </UnitTest>
    <UnitTest name="WriteMessage_Throws_If_MaxMessageSize_Is_Exceeded" storage="f:\advisorsrepo\wcfhttp\http\test\microsoft.applicationserver.http\unit\bin\release\microsoft.applicationserver.http.cit.unit.dll" id="1511ddde-3a8d-aa6b-a25d-291e5e424f1c">
      <Description>HttpMessageEncoder.WriteMessage throws if the byte count of the HttpContent is greater than the maxMessageSize parameter.</Description>
      <Execution timeOut="30000" id="a4de92c9-e4b1-4ce1-9e06-b9e4d29b11e4" />
      <Owners>
        <Owner name="derik" />
      </Owners>
      <TestCategory>
        <TestCategoryItem TestCategory="CIT" />
      </TestCategory>
      <TestMethod codeBase="F:/advisorsrepo/wcfhttp/Http/Test/Microsoft.ApplicationServer.Http/Unit/bin/Release/Microsoft.ApplicationServer.Http.CIT.Unit.DLL" adapterTypeName="Microsoft.VisualStudio.TestTools.TestTypes.Unit.UnitTestAdapter, Microsoft.VisualStudio.QualityTools.Tips.UnitTest.Adapter, Version=10.0.0.0, Culture=neutral, PublicKeyToken=b03f5f7f11d50a3a" className="Microsoft.ApplicationServer.Http.Channels.HttpMessageEncoderTests, Microsoft.ApplicationServer.Http.CIT.Unit, Version=0.0.0.0, Culture=neutral, PublicKeyToken=null" name="WriteMessage_Throws_If_MaxMessageSize_Is_Exceeded" />
    </UnitTest>
    <UnitTest name="HttpParameter_ExtensionMethod_Creates_From_MessagePartDescription" storage="f:\advisorsrepo\wcfhttp\http\test\microsoft.applicationserver.http\unit\bin\release\microsoft.applicationserver.http.cit.unit.dll" id="604870ad-7a5d-ad9d-b81e-6e48e5c414db">
      <Description>HttpParameter can be constructed via extension method from MessagePartDescription.</Description>
      <Execution timeOut="30000" id="808a2997-9d2e-43dd-a110-a24880c09d60" />
      <Owners>
        <Owner name="maying" />
      </Owners>
      <TestCategory>
        <TestCategoryItem TestCategory="CIT" />
      </TestCategory>
      <TestMethod codeBase="F:/advisorsrepo/wcfhttp/Http/Test/Microsoft.ApplicationServer.Http/Unit/bin/Release/Microsoft.ApplicationServer.Http.CIT.Unit.DLL" adapterTypeName="Microsoft.VisualStudio.TestTools.TestTypes.Unit.UnitTestAdapter, Microsoft.VisualStudio.QualityTools.Tips.UnitTest.Adapter, Version=10.0.0.0, Culture=neutral, PublicKeyToken=b03f5f7f11d50a3a" className="Microsoft.ApplicationServer.Http.Description.HttpOperationDescriptionExtensionMethodsTests, Microsoft.ApplicationServer.Http.CIT.Unit, Version=0.0.0.0, Culture=neutral, PublicKeyToken=null" name="HttpParameter_ExtensionMethod_Creates_From_MessagePartDescription" />
    </UnitTest>
    <UnitTest name="MessageVersion_Is_Always_None" storage="f:\advisorsrepo\wcfhttp\http\test\microsoft.applicationserver.http\unit\bin\release\microsoft.applicationserver.http.cit.unit.dll" id="1880cab0-2b4c-9fe4-7a9d-2be76e61b58e">
      <Description>HttpMessageEncodingBindingElement.MessageVersion is always MessageVersion.None.</Description>
      <Execution timeOut="30000" id="fcf6ec31-51eb-4507-8d94-22d56eead8bf" />
      <Owners>
        <Owner name="derik" />
      </Owners>
      <TestCategory>
        <TestCategoryItem TestCategory="CIT" />
      </TestCategory>
      <TestMethod codeBase="F:/advisorsrepo/wcfhttp/Http/Test/Microsoft.ApplicationServer.Http/Unit/bin/Release/Microsoft.ApplicationServer.Http.CIT.Unit.DLL" adapterTypeName="Microsoft.VisualStudio.TestTools.TestTypes.Unit.UnitTestAdapter, Microsoft.VisualStudio.QualityTools.Tips.UnitTest.Adapter, Version=10.0.0.0, Culture=neutral, PublicKeyToken=b03f5f7f11d50a3a" className="Microsoft.ApplicationServer.Http.Channels.HttpMessageEncodingBindingElementTests, Microsoft.ApplicationServer.Http.CIT.Unit, Version=0.0.0.0, Culture=neutral, PublicKeyToken=null" name="MessageVersion_Is_Always_None" />
    </UnitTest>
    <UnitTest name="ConstructorThrowsWithHttpContentAsT" storage="f:\advisorsrepo\wcfhttp\http\test\microsoft.applicationserver.http\unit\bin\release\microsoft.applicationserver.http.cit.unit.dll" id="4e4d07d2-bc46-8e27-aaae-2db6b1756f00">
      <Description>ObjectContent&lt;T&gt;(T) throws with HttpContent as T.</Description>
      <Execution timeOut="30000" id="fa0e56d2-9864-427b-a3d7-efbd8a7fae34" />
      <Owners>
        <Owner name="dravva" />
      </Owners>
      <TestCategory>
        <TestCategoryItem TestCategory="CIT" />
      </TestCategory>
      <TestMethod codeBase="F:/advisorsrepo/wcfhttp/Http/Test/Microsoft.ApplicationServer.Http/Unit/bin/Release/Microsoft.ApplicationServer.Http.CIT.Unit.DLL" adapterTypeName="Microsoft.VisualStudio.TestTools.TestTypes.Unit.UnitTestAdapter, Microsoft.VisualStudio.QualityTools.Tips.UnitTest.Adapter, Version=10.0.0.0, Culture=neutral, PublicKeyToken=b03f5f7f11d50a3a" className="Microsoft.ApplicationServer.Http.ObjectContentOfTTests, Microsoft.ApplicationServer.Http.CIT.Unit, Version=0.0.0.0, Culture=neutral, PublicKeyToken=null" name="ConstructorThrowsWithHttpContentAsT" />
    </UnitTest>
    <UnitTest name="WriteMessage_Takes_A_Buffer_From_The_BufferManager" storage="f:\advisorsrepo\wcfhttp\http\test\microsoft.applicationserver.http\unit\bin\release\microsoft.applicationserver.http.cit.unit.dll" id="5174659a-83c8-303d-debd-7e61be42fcaa">
      <Description>HttpMessageEncoder.WriteMessage takes a buffer from the bufferManager.</Description>
      <Execution timeOut="30000" id="9539021d-3823-43c3-8e88-9f959c67c68e" />
      <Owners>
        <Owner name="derik" />
      </Owners>
      <TestCategory>
        <TestCategoryItem TestCategory="CIT" />
      </TestCategory>
      <TestMethod codeBase="F:/advisorsrepo/wcfhttp/Http/Test/Microsoft.ApplicationServer.Http/Unit/bin/Release/Microsoft.ApplicationServer.Http.CIT.Unit.DLL" adapterTypeName="Microsoft.VisualStudio.TestTools.TestTypes.Unit.UnitTestAdapter, Microsoft.VisualStudio.QualityTools.Tips.UnitTest.Adapter, Version=10.0.0.0, Culture=neutral, PublicKeyToken=b03f5f7f11d50a3a" className="Microsoft.ApplicationServer.Http.Channels.HttpMessageEncoderTests, Microsoft.ApplicationServer.Http.CIT.Unit, Version=0.0.0.0, Culture=neutral, PublicKeyToken=null" name="WriteMessage_Takes_A_Buffer_From_The_BufferManager" />
    </UnitTest>
    <UnitTest name="DefaultHttpMessagePluginFactory_Constructor5" storage="f:\advisorsrepo\wcfhttp\http\test\microsoft.applicationserver.http\unit\bin\release\microsoft.applicationserver.http.cit.unit.dll" id="834b741d-18dd-f984-caf0-9386d42b7d3e">
      <Execution timeOut="30000" id="2cb8e1a8-189a-4dc7-82cf-b795000532fc" />
      <Owners>
        <Owner name="derik" />
      </Owners>
      <TestCategory>
        <TestCategoryItem TestCategory="CIT" />
        <TestCategoryItem TestCategory="ADP_Basics" />
      </TestCategory>
      <TestMethod codeBase="F:/advisorsrepo/wcfhttp/Http/Test/Microsoft.ApplicationServer.Http/Unit/bin/Release/Microsoft.ApplicationServer.Http.CIT.Unit.DLL" adapterTypeName="Microsoft.VisualStudio.TestTools.TestTypes.Unit.UnitTestAdapter, Microsoft.VisualStudio.QualityTools.Tips.UnitTest.Adapter, Version=10.0.0.0, Culture=neutral, PublicKeyToken=b03f5f7f11d50a3a" className="Microsoft.ApplicationServer.Http.Channels.HttpMessageHandlerChannelFactoryTests, Microsoft.ApplicationServer.Http.CIT.Unit, Version=0.0.0.0, Culture=neutral, PublicKeyToken=null" name="DefaultHttpMessagePluginFactory_Constructor5" />
    </UnitTest>
    <UnitTest name="ConstructorCallsOnGetOutputParametersOfAllRequestHandlers" storage="f:\advisorsrepo\wcfhttp\http\test\microsoft.applicationserver.http\unit\bin\release\microsoft.applicationserver.http.cit.unit.dll" id="8d1f6709-8357-0346-9759-dd683ad6130f">
      <Description>OperationHandlerPipelineInfo(IEnumerable&lt;HttpOperationHandler&gt;, IEnumerable&lt;HttpOperationHandler&gt;, HttpOperationDescription) calls OnGetOutputtParameters() on all of the requestHandlers.</Description>
      <Execution timeOut="30000" id="ceac24cb-e14e-48a0-b009-7287df909ab1" />
      <Owners>
        <Owner name="dravva" />
      </Owners>
      <TestCategory>
        <TestCategoryItem TestCategory="CIT" />
      </TestCategory>
      <TestMethod codeBase="F:/advisorsrepo/wcfhttp/Http/Test/Microsoft.ApplicationServer.Http/Unit/bin/Release/Microsoft.ApplicationServer.Http.CIT.Unit.DLL" adapterTypeName="Microsoft.VisualStudio.TestTools.TestTypes.Unit.UnitTestAdapter, Microsoft.VisualStudio.QualityTools.Tips.UnitTest.Adapter, Version=10.0.0.0, Culture=neutral, PublicKeyToken=b03f5f7f11d50a3a" className="Microsoft.ApplicationServer.Http.Dispatcher.OperationHandlerPipelineInfoTests, Microsoft.ApplicationServer.Http.CIT.Unit, Version=0.0.0.0, Culture=neutral, PublicKeyToken=null" name="ConstructorCallsOnGetOutputParametersOfAllRequestHandlers" />
    </UnitTest>
    <UnitTest name="SupportedMediaTypesInsertThrowsWithNullMediaType" storage="f:\advisorsrepo\wcfhttp\http\test\microsoft.applicationserver.http\unit\bin\release\microsoft.applicationserver.http.cit.unit.dll" id="76e11545-c08b-0b20-17ce-11069f42b7e4">
      <Description>SupportedMediaTypes.Insert throws with a null media type.</Description>
      <Execution timeOut="30000" id="332f8176-1dc6-417a-a45a-2109a48ea567" />
      <Owners>
        <Owner name="dravva" />
      </Owners>
      <TestCategory>
        <TestCategoryItem TestCategory="CIT" />
      </TestCategory>
      <TestMethod codeBase="F:/advisorsrepo/wcfhttp/Http/Test/Microsoft.ApplicationServer.Http/Unit/bin/Release/Microsoft.ApplicationServer.Http.CIT.Unit.DLL" adapterTypeName="Microsoft.VisualStudio.TestTools.TestTypes.Unit.UnitTestAdapter, Microsoft.VisualStudio.QualityTools.Tips.UnitTest.Adapter, Version=10.0.0.0, Culture=neutral, PublicKeyToken=b03f5f7f11d50a3a" className="Microsoft.ApplicationServer.Http.MediaTypeFormatterTests, Microsoft.ApplicationServer.Http.CIT.Unit, Version=0.0.0.0, Culture=neutral, PublicKeyToken=null" name="SupportedMediaTypesInsertThrowsWithNullMediaType" />
    </UnitTest>
    <UnitTest name="Constructor5ThrowsWithEmptyMediaType" storage="f:\advisorsrepo\wcfhttp\http\test\microsoft.applicationserver.http\unit\bin\release\microsoft.applicationserver.http.cit.unit.dll" id="804fcfae-54da-b47d-e0b1-10b843b719ed">
      <Description>ObjectContent(Type, object, string, IEnumerable&lt;MediaTypeFormatter&gt;) throws with an empty media type.</Description>
      <Execution timeOut="30000" id="6b7f31e6-47f1-48bc-938b-63993388f303" />
      <Owners>
        <Owner name="dravva" />
      </Owners>
      <TestCategory>
        <TestCategoryItem TestCategory="CIT" />
      </TestCategory>
      <TestMethod codeBase="F:/advisorsrepo/wcfhttp/Http/Test/Microsoft.ApplicationServer.Http/Unit/bin/Release/Microsoft.ApplicationServer.Http.CIT.Unit.DLL" adapterTypeName="Microsoft.VisualStudio.TestTools.TestTypes.Unit.UnitTestAdapter, Microsoft.VisualStudio.QualityTools.Tips.UnitTest.Adapter, Version=10.0.0.0, Culture=neutral, PublicKeyToken=b03f5f7f11d50a3a" className="Microsoft.ApplicationServer.Http.ObjectContentTests, Microsoft.ApplicationServer.Http.CIT.Unit, Version=0.0.0.0, Culture=neutral, PublicKeyToken=null" name="Constructor5ThrowsWithEmptyMediaType" />
    </UnitTest>
    <UnitTest name="BuildChannelListener_Throws_For_Non_IReplyChannel" storage="f:\advisorsrepo\wcfhttp\http\test\microsoft.applicationserver.http\unit\bin\release\microsoft.applicationserver.http.cit.unit.dll" id="89551395-110c-ab22-80f1-2a9141f60d0f">
      <Description>HttpMessageHandlerBindingElement.BuildChannelListener throws for non-IReplyChannel.</Description>
      <Execution timeOut="30000" id="e69ca478-fa23-4671-9583-b4a8e044f874" />
      <Owners>
        <Owner name="derik" />
      </Owners>
      <TestCategory>
        <TestCategoryItem TestCategory="CIT" />
      </TestCategory>
      <TestMethod codeBase="F:/advisorsrepo/wcfhttp/Http/Test/Microsoft.ApplicationServer.Http/Unit/bin/Release/Microsoft.ApplicationServer.Http.CIT.Unit.DLL" adapterTypeName="Microsoft.VisualStudio.TestTools.TestTypes.Unit.UnitTestAdapter, Microsoft.VisualStudio.QualityTools.Tips.UnitTest.Adapter, Version=10.0.0.0, Culture=neutral, PublicKeyToken=b03f5f7f11d50a3a" className="Microsoft.ApplicationServer.Http.Channels.HttpMessageHandlerBindingElementTests, Microsoft.ApplicationServer.Http.CIT.Unit, Version=0.0.0.0, Culture=neutral, PublicKeyToken=null" name="BuildChannelListener_Throws_For_Non_IReplyChannel" />
    </UnitTest>
    <UnitTest name="MediaTypeMappingsIsMutable" storage="f:\advisorsrepo\wcfhttp\http\test\microsoft.applicationserver.http\unit\bin\release\microsoft.applicationserver.http.cit.unit.dll" id="7bcd2c7b-2731-2acb-382d-1de83659b174">
      <Description>MediaTypeMappings is a mutable collection.</Description>
      <Execution timeOut="30000" id="c306e4af-9f62-4830-81a5-1956f196d826" />
      <Owners>
        <Owner name="dravva" />
      </Owners>
      <TestCategory>
        <TestCategoryItem TestCategory="CIT" />
      </TestCategory>
      <TestMethod codeBase="F:/advisorsrepo/wcfhttp/Http/Test/Microsoft.ApplicationServer.Http/Unit/bin/Release/Microsoft.ApplicationServer.Http.CIT.Unit.DLL" adapterTypeName="Microsoft.VisualStudio.TestTools.TestTypes.Unit.UnitTestAdapter, Microsoft.VisualStudio.QualityTools.Tips.UnitTest.Adapter, Version=10.0.0.0, Culture=neutral, PublicKeyToken=b03f5f7f11d50a3a" className="Microsoft.ApplicationServer.Http.MediaTypeFormatterTests, Microsoft.ApplicationServer.Http.CIT.Unit, Version=0.0.0.0, Culture=neutral, PublicKeyToken=null" name="MediaTypeMappingsIsMutable" />
    </UnitTest>
    <UnitTest name="ReadAs1ThrowsWithNullFormatters" storage="f:\advisorsrepo\wcfhttp\http\test\microsoft.applicationserver.http\unit\bin\release\microsoft.applicationserver.http.cit.unit.dll" id="84988936-ab74-0e35-dc72-268fd30acc79">
      <Description>HttpContentExtensionMethods.ReadAs(HttpContent, Type, IEnumerable&lt;MediaTypeFormatter&gt;) throws with null Formatters.</Description>
      <Execution timeOut="30000" id="9b40549c-46e2-4180-a2f2-8adcbf47c0c5" />
      <Owners>
        <Owner name="vinelap" />
      </Owners>
      <TestCategory>
        <TestCategoryItem TestCategory="CIT" />
      </TestCategory>
      <TestMethod codeBase="F:/advisorsrepo/wcfhttp/Http/Test/Microsoft.ApplicationServer.Http/Unit/bin/Release/Microsoft.ApplicationServer.Http.CIT.Unit.DLL" adapterTypeName="Microsoft.VisualStudio.TestTools.TestTypes.Unit.UnitTestAdapter, Microsoft.VisualStudio.QualityTools.Tips.UnitTest.Adapter, Version=10.0.0.0, Culture=neutral, PublicKeyToken=b03f5f7f11d50a3a" className="Microsoft.ApplicationServer.Http.HttpContentExtensionMethodsTests, Microsoft.ApplicationServer.Http.CIT.Unit, Version=0.0.0.0, Culture=neutral, PublicKeyToken=null" name="ReadAs1ThrowsWithNullFormatters" />
    </UnitTest>
    <UnitTest name="CopyToAsyncCallsSerializeToStreamAsync" storage="f:\advisorsrepo\wcfhttp\http\test\microsoft.applicationserver.http\unit\bin\release\microsoft.applicationserver.http.cit.unit.dll" id="90f799dd-06b9-bc8d-4824-e79439065a23">
      <Description>CopyToAsync(Stream) public method calls SerializeToStreamAsync protected method.</Description>
      <Execution timeOut="30000" id="1af721a8-c06a-4565-baab-de44a6418120" />
      <Owners>
        <Owner name="dravva" />
      </Owners>
      <TestCategory>
        <TestCategoryItem TestCategory="CIT" />
      </TestCategory>
      <TestMethod codeBase="F:/advisorsrepo/wcfhttp/Http/Test/Microsoft.ApplicationServer.Http/Unit/bin/Release/Microsoft.ApplicationServer.Http.CIT.Unit.DLL" adapterTypeName="Microsoft.VisualStudio.TestTools.TestTypes.Unit.UnitTestAdapter, Microsoft.VisualStudio.QualityTools.Tips.UnitTest.Adapter, Version=10.0.0.0, Culture=neutral, PublicKeyToken=b03f5f7f11d50a3a" className="Microsoft.ApplicationServer.Http.ObjectContentTests, Microsoft.ApplicationServer.Http.CIT.Unit, Version=0.0.0.0, Culture=neutral, PublicKeyToken=null" name="CopyToAsyncCallsSerializeToStreamAsync" />
    </UnitTest>
    <UnitTest name="TypeIsCorrect" storage="f:\advisorsrepo\wcfhttp\http\test\microsoft.applicationserver.http\unit\bin\release\microsoft.applicationserver.http.cit.unit.dll" id="5016bc88-8486-79fd-f4f4-bf4a77c81557">
      <Description>QueryStringMapping is public, concrete, and sealed.</Description>
      <Execution timeOut="30000" id="7cf8fbf2-0dd1-4f29-9b24-e0cbbd59c6f9" />
      <Owners>
        <Owner name="dravva" />
      </Owners>
      <TestCategory>
        <TestCategoryItem TestCategory="CIT" />
      </TestCategory>
      <TestMethod codeBase="F:/advisorsrepo/wcfhttp/Http/Test/Microsoft.ApplicationServer.Http/Unit/bin/Release/Microsoft.ApplicationServer.Http.CIT.Unit.DLL" adapterTypeName="Microsoft.VisualStudio.TestTools.TestTypes.Unit.UnitTestAdapter, Microsoft.VisualStudio.QualityTools.Tips.UnitTest.Adapter, Version=10.0.0.0, Culture=neutral, PublicKeyToken=b03f5f7f11d50a3a" className="Microsoft.ApplicationServer.Http.QueryStringMappingTests, Microsoft.ApplicationServer.Http.CIT.Unit, Version=0.0.0.0, Culture=neutral, PublicKeyToken=null" name="TypeIsCorrect" />
    </UnitTest>
    <UnitTest name="BuildChannelFactory_Throws" storage="f:\advisorsrepo\wcfhttp\http\test\microsoft.applicationserver.http\unit\bin\release\microsoft.applicationserver.http.cit.unit.dll" id="1206cb31-4200-2424-f93f-832b3160efde">
      <Description>HttpMessageHandlerBindingElement.BuildChannelFactory throws regardless of channel shape.</Description>
      <Execution timeOut="30000" id="0a42cc89-473e-430c-a465-ccf78ecd3859" />
      <Owners>
        <Owner name="derik" />
      </Owners>
      <TestCategory>
        <TestCategoryItem TestCategory="CIT" />
      </TestCategory>
      <TestMethod codeBase="F:/advisorsrepo/wcfhttp/Http/Test/Microsoft.ApplicationServer.Http/Unit/bin/Release/Microsoft.ApplicationServer.Http.CIT.Unit.DLL" adapterTypeName="Microsoft.VisualStudio.TestTools.TestTypes.Unit.UnitTestAdapter, Microsoft.VisualStudio.QualityTools.Tips.UnitTest.Adapter, Version=10.0.0.0, Culture=neutral, PublicKeyToken=b03f5f7f11d50a3a" className="Microsoft.ApplicationServer.Http.Channels.HttpMessageHandlerBindingElementTests, Microsoft.ApplicationServer.Http.CIT.Unit, Version=0.0.0.0, Culture=neutral, PublicKeyToken=null" name="BuildChannelFactory_Throws" />
    </UnitTest>
    <UnitTest name="Constructor1ThrowsWithEmptyMediaType" storage="f:\advisorsrepo\wcfhttp\http\test\microsoft.applicationserver.http\unit\bin\release\microsoft.applicationserver.http.cit.unit.dll" id="89495f2c-bf06-ff77-b60e-9e1489d67c82">
      <Description>QueryStringMapping(string, string, string) throws with empty MediaType.</Description>
      <Execution timeOut="30000" id="a2e22e01-3d56-4338-a1a2-dd6b749e4ea4" />
      <Owners>
        <Owner name="dravva" />
      </Owners>
      <TestCategory>
        <TestCategoryItem TestCategory="CIT" />
      </TestCategory>
      <TestMethod codeBase="F:/advisorsrepo/wcfhttp/Http/Test/Microsoft.ApplicationServer.Http/Unit/bin/Release/Microsoft.ApplicationServer.Http.CIT.Unit.DLL" adapterTypeName="Microsoft.VisualStudio.TestTools.TestTypes.Unit.UnitTestAdapter, Microsoft.VisualStudio.QualityTools.Tips.UnitTest.Adapter, Version=10.0.0.0, Culture=neutral, PublicKeyToken=b03f5f7f11d50a3a" className="Microsoft.ApplicationServer.Http.QueryStringMappingTests, Microsoft.ApplicationServer.Http.CIT.Unit, Version=0.0.0.0, Culture=neutral, PublicKeyToken=null" name="Constructor1ThrowsWithEmptyMediaType" />
    </UnitTest>
    <UnitTest name="SelectOperationCallsTrySelectOperation" storage="f:\advisorsrepo\wcfhttp\http\test\microsoft.applicationserver.http\unit\bin\release\microsoft.applicationserver.http.cit.unit.dll" id="6d8554bc-0dd9-0281-c55d-accd39ff71a8">
      <Description>SelectOperation(HttpRequestMessage) calls TrySelectOperation and returns the operationName out parameter if TrySelectOperation returns true.</Description>
      <Execution timeOut="30000" id="7072530a-3c4e-41c2-a0bc-fa547885a309" />
      <Owners>
        <Owner name="dravva" />
      </Owners>
      <TestCategory>
        <TestCategoryItem TestCategory="CIT" />
      </TestCategory>
      <TestMethod codeBase="F:/advisorsrepo/wcfhttp/Http/Test/Microsoft.ApplicationServer.Http/Unit/bin/Release/Microsoft.ApplicationServer.Http.CIT.Unit.DLL" adapterTypeName="Microsoft.VisualStudio.TestTools.TestTypes.Unit.UnitTestAdapter, Microsoft.VisualStudio.QualityTools.Tips.UnitTest.Adapter, Version=10.0.0.0, Culture=neutral, PublicKeyToken=b03f5f7f11d50a3a" className="Microsoft.ApplicationServer.Http.Dispatcher.UriAndMethodOperationSelectorTests, Microsoft.ApplicationServer.Http.CIT.Unit, Version=0.0.0.0, Culture=neutral, PublicKeyToken=null" name="SelectOperationCallsTrySelectOperation" />
    </UnitTest>
    <UnitTest name="UnitTestClassIsCorrect" storage="f:\advisorsrepo\wcfhttp\http\test\microsoft.applicationserver.http\unit\bin\release\microsoft.applicationserver.http.cit.unit.dll" id="c545e26e-84b6-39d0-d6f6-b0037da438af">
      <Execution timeOut="1800000" id="93bc2d21-08a6-4820-a37c-73e14169b752" />
      <TestMethod codeBase="F:/advisorsrepo/wcfhttp/Http/Test/Microsoft.ApplicationServer.Http/Unit/bin/Release/Microsoft.ApplicationServer.Http.CIT.Unit.DLL" adapterTypeName="Microsoft.VisualStudio.TestTools.TestTypes.Unit.UnitTestAdapter, Microsoft.VisualStudio.QualityTools.Tips.UnitTest.Adapter, Version=10.0.0.0, Culture=neutral, PublicKeyToken=b03f5f7f11d50a3a" className="Microsoft.ApplicationServer.Http.Description.HttpOperationDescriptionExtensionMethodsTests, Microsoft.ApplicationServer.Http.CIT.Unit, Version=0.0.0.0, Culture=neutral, PublicKeyToken=null" name="UnitTestClassIsCorrect" />
    </UnitTest>
    <UnitTest name="UriTemplate_Variables_Test_With_WebGet" storage="f:\advisorsrepo\wcfhttp\http\test\microsoft.applicationserver.http\unit\bin\release\microsoft.applicationserver.http.cit.unit.dll" id="f650beae-725d-4701-2f86-90cff5432778">
      <Description>Generated OperationDescription will show all UriTemplate variables as input parameters.</Description>
      <Execution timeOut="30000" id="00d6e53a-e6a1-4320-80ca-ad78c52d9def" />
      <Owners>
        <Owner name="vinelap" />
      </Owners>
      <TestCategory>
        <TestCategoryItem TestCategory="CIT" />
      </TestCategory>
      <TestMethod codeBase="F:/advisorsrepo/wcfhttp/Http/Test/Microsoft.ApplicationServer.Http/Unit/bin/Release/Microsoft.ApplicationServer.Http.CIT.Unit.DLL" adapterTypeName="Microsoft.VisualStudio.TestTools.TestTypes.Unit.UnitTestAdapter, Microsoft.VisualStudio.QualityTools.Tips.UnitTest.Adapter, Version=10.0.0.0, Culture=neutral, PublicKeyToken=b03f5f7f11d50a3a" className="Microsoft.ApplicationServer.Http.Dispatcher.HelpPageTests, Microsoft.ApplicationServer.Http.CIT.Unit, Version=0.0.0.0, Culture=neutral, PublicKeyToken=null" name="UriTemplate_Variables_Test_With_WebGet" />
    </UnitTest>
    <UnitTest name="RequestMessage_Returns_HttpMessage_Sans_HttpRequestMessageProperty_When_Inner_Request_Is_Not_HttpMessage" storage="f:\advisorsrepo\wcfhttp\http\test\microsoft.applicationserver.http\unit\bin\release\microsoft.applicationserver.http.cit.unit.dll" id="8f83b597-8e2b-2f16-796c-323f0348af7e">
      <Description>HttpMessageEncodingRequestContext.RequestMessage returns an HttpMessage without an HttpRequestMessageProperty when the inner request is not an HttpMessage.</Description>
      <Execution timeOut="30000" id="6af570e7-009b-4172-bf29-5bbbf962903e" />
      <Owners>
        <Owner name="derik" />
      </Owners>
      <TestCategory>
        <TestCategoryItem TestCategory="CIT" />
      </TestCategory>
      <TestMethod codeBase="F:/advisorsrepo/wcfhttp/Http/Test/Microsoft.ApplicationServer.Http/Unit/bin/Release/Microsoft.ApplicationServer.Http.CIT.Unit.DLL" adapterTypeName="Microsoft.VisualStudio.TestTools.TestTypes.Unit.UnitTestAdapter, Microsoft.VisualStudio.QualityTools.Tips.UnitTest.Adapter, Version=10.0.0.0, Culture=neutral, PublicKeyToken=b03f5f7f11d50a3a" className="Microsoft.ApplicationServer.Http.Channels.HttpMessageEncodingRequestContextTests, Microsoft.ApplicationServer.Http.CIT.Unit, Version=0.0.0.0, Culture=neutral, PublicKeyToken=null" name="RequestMessage_Returns_HttpMessage_Sans_HttpRequestMessageProperty_When_Inner_Request_Is_Not_HttpMessage" />
    </UnitTest>
    <UnitTest name="GetValueConverterReturnsConverterForAllValueTypes" storage="f:\advisorsrepo\wcfhttp\http\test\microsoft.applicationserver.http\unit\bin\release\microsoft.applicationserver.http.cit.unit.dll" id="7abd772e-9c28-4753-8f55-60bf3312b510">
      <Description>GetValueConverter(Type) returns a converter for all values type.</Description>
      <Execution timeOut="30000" id="98c13adc-4f6a-4c8f-b102-58eeaa1956e8" />
      <Owners>
        <Owner name="dravva" />
      </Owners>
      <TestCategory>
        <TestCategoryItem TestCategory="CIT" />
      </TestCategory>
      <TestMethod codeBase="F:/advisorsrepo/wcfhttp/Http/Test/Microsoft.ApplicationServer.Http/Unit/bin/Release/Microsoft.ApplicationServer.Http.CIT.Unit.DLL" adapterTypeName="Microsoft.VisualStudio.TestTools.TestTypes.Unit.UnitTestAdapter, Microsoft.VisualStudio.QualityTools.Tips.UnitTest.Adapter, Version=10.0.0.0, Culture=neutral, PublicKeyToken=b03f5f7f11d50a3a" className="Microsoft.ApplicationServer.Http.Description.HttpParameterValueConverterTests, Microsoft.ApplicationServer.Http.CIT.Unit, Version=0.0.0.0, Culture=neutral, PublicKeyToken=null" name="GetValueConverterReturnsConverterForAllValueTypes" />
    </UnitTest>
    <UnitTest name="Reply_With_TimeOut_Calls_Inner_RequestContext" storage="f:\advisorsrepo\wcfhttp\http\test\microsoft.applicationserver.http\unit\bin\release\microsoft.applicationserver.http.cit.unit.dll" id="61609de2-f192-8128-b4e5-ddbcabe4c47a">
      <Description>HttpMessageEncodingRequestContext.Reply calls Reply on the inner RequestContext and passes along the timeout parameter.</Description>
      <Execution timeOut="30000" id="1c354880-1c90-49c6-b507-84c7adf3b54d" />
      <Owners>
        <Owner name="derik" />
      </Owners>
      <TestCategory>
        <TestCategoryItem TestCategory="CIT" />
      </TestCategory>
      <TestMethod codeBase="F:/advisorsrepo/wcfhttp/Http/Test/Microsoft.ApplicationServer.Http/Unit/bin/Release/Microsoft.ApplicationServer.Http.CIT.Unit.DLL" adapterTypeName="Microsoft.VisualStudio.TestTools.TestTypes.Unit.UnitTestAdapter, Microsoft.VisualStudio.QualityTools.Tips.UnitTest.Adapter, Version=10.0.0.0, Culture=neutral, PublicKeyToken=b03f5f7f11d50a3a" className="Microsoft.ApplicationServer.Http.Channels.HttpMessageEncodingRequestContextTests, Microsoft.ApplicationServer.Http.CIT.Unit, Version=0.0.0.0, Culture=neutral, PublicKeyToken=null" name="Reply_With_TimeOut_Calls_Inner_RequestContext" />
    </UnitTest>
    <UnitTest name="AddQueryStringMappingThrowsWithNullThis" storage="f:\advisorsrepo\wcfhttp\http\test\microsoft.applicationserver.http\unit\bin\release\microsoft.applicationserver.http.cit.unit.dll" id="b6d9ba44-f271-a150-fb3c-16d66b34f1b7">
      <Description>MediaTypeFormatterExtensionMethods.AddQueryStringMapping(string, string, MediaTypeHeaderValue) throws for null 'this'.</Description>
      <Execution timeOut="30000" id="5da591f1-a48c-47f2-ad7e-a429b15194c7" />
      <Owners>
        <Owner name="dravva" />
      </Owners>
      <TestCategory>
        <TestCategoryItem TestCategory="CIT" />
      </TestCategory>
      <TestMethod codeBase="F:/advisorsrepo/wcfhttp/Http/Test/Microsoft.ApplicationServer.Http/Unit/bin/Release/Microsoft.ApplicationServer.Http.CIT.Unit.DLL" adapterTypeName="Microsoft.VisualStudio.TestTools.TestTypes.Unit.UnitTestAdapter, Microsoft.VisualStudio.QualityTools.Tips.UnitTest.Adapter, Version=10.0.0.0, Culture=neutral, PublicKeyToken=b03f5f7f11d50a3a" className="Microsoft.ApplicationServer.Http.MediaTypeFormatterExtensionMethodsTests, Microsoft.ApplicationServer.Http.CIT.Unit, Version=0.0.0.0, Culture=neutral, PublicKeyToken=null" name="AddQueryStringMappingThrowsWithNullThis" />
    </UnitTest>
    <UnitTest name="OutputParametersReturnsReadOnlyCollection" storage="f:\advisorsrepo\wcfhttp\http\test\microsoft.applicationserver.http\unit\bin\release\microsoft.applicationserver.http.cit.unit.dll" id="6b7e0116-3df3-84c2-c634-8d97de9414c7">
      <Description>OutputParameters returns a ReadOnlyCollection&lt;HttpParameter&gt;.</Description>
      <Execution timeOut="30000" id="2bb7f981-bbed-41cf-88ec-c1db95118c86" />
      <Owners>
        <Owner name="vinelap" />
      </Owners>
      <TestCategory>
        <TestCategoryItem TestCategory="CIT" />
      </TestCategory>
      <TestMethod codeBase="F:/advisorsrepo/wcfhttp/Http/Test/Microsoft.ApplicationServer.Http/Unit/bin/Release/Microsoft.ApplicationServer.Http.CIT.Unit.DLL" adapterTypeName="Microsoft.VisualStudio.TestTools.TestTypes.Unit.UnitTestAdapter, Microsoft.VisualStudio.QualityTools.Tips.UnitTest.Adapter, Version=10.0.0.0, Culture=neutral, PublicKeyToken=b03f5f7f11d50a3a" className="Microsoft.ApplicationServer.Http.Dispatcher.HttpOperationHandlerTests, Microsoft.ApplicationServer.Http.CIT.Unit, Version=0.0.0.0, Culture=neutral, PublicKeyToken=null" name="OutputParametersReturnsReadOnlyCollection" />
    </UnitTest>
    <UnitTest name="CharSet_Is_CharSet_Of_MediaTypeHeaderValue" storage="f:\advisorsrepo\wcfhttp\http\test\microsoft.applicationserver.http\unit\bin\release\microsoft.applicationserver.http.cit.unit.dll" id="38c8d447-276b-2c54-c246-3c574e51b167">
      <Description>ParsedMediaTypeHeadeValue.CharSet is just the value of the CharSet from the MediaTypeHeaderValue.</Description>
      <Execution timeOut="30000" id="d6e12487-844f-482e-bf21-7902af37df6b" />
      <Owners>
        <Owner name="vinelap" />
      </Owners>
      <TestCategory>
        <TestCategoryItem TestCategory="CIT" />
      </TestCategory>
      <TestMethod codeBase="F:/advisorsrepo/wcfhttp/Http/Test/Microsoft.ApplicationServer.Http/Unit/bin/Release/Microsoft.ApplicationServer.Http.CIT.Unit.DLL" adapterTypeName="Microsoft.VisualStudio.TestTools.TestTypes.Unit.UnitTestAdapter, Microsoft.VisualStudio.QualityTools.Tips.UnitTest.Adapter, Version=10.0.0.0, Culture=neutral, PublicKeyToken=b03f5f7f11d50a3a" className="Microsoft.ApplicationServer.Http.ParsedMediaTypeHeadeValueTests, Microsoft.ApplicationServer.Http.CIT.Unit, Version=0.0.0.0, Culture=neutral, PublicKeyToken=null" name="CharSet_Is_CharSet_Of_MediaTypeHeaderValue" />
    </UnitTest>
    <UnitTest name="ConstructorThrowsWithNullType" storage="f:\advisorsrepo\wcfhttp\http\test\microsoft.applicationserver.http\unit\bin\release\microsoft.applicationserver.http.cit.unit.dll" id="91ad8264-f108-2966-c640-ddd55aa5fd12">
      <Description>HttpParameter(string, Type) throws for empty name.</Description>
      <Execution timeOut="30000" id="71eb0415-b639-41ab-b0f6-ac683b6b44b3" />
      <Owners>
        <Owner name="maying" />
      </Owners>
      <TestCategory>
        <TestCategoryItem TestCategory="CIT" />
      </TestCategory>
      <TestMethod codeBase="F:/advisorsrepo/wcfhttp/Http/Test/Microsoft.ApplicationServer.Http/Unit/bin/Release/Microsoft.ApplicationServer.Http.CIT.Unit.DLL" adapterTypeName="Microsoft.VisualStudio.TestTools.TestTypes.Unit.UnitTestAdapter, Microsoft.VisualStudio.QualityTools.Tips.UnitTest.Adapter, Version=10.0.0.0, Culture=neutral, PublicKeyToken=b03f5f7f11d50a3a" className="Microsoft.ApplicationServer.Http.Description.HttpParameterTests, Microsoft.ApplicationServer.Http.CIT.Unit, Version=0.0.0.0, Culture=neutral, PublicKeyToken=null" name="ConstructorThrowsWithNullType" />
    </UnitTest>
    <UnitTest name="SelectOperationThrowsWithNullRequestUri" storage="f:\advisorsrepo\wcfhttp\http\test\microsoft.applicationserver.http\unit\bin\release\microsoft.applicationserver.http.cit.unit.dll" id="31ee18a7-1489-19f5-5e07-e7120887ffe3">
      <Description>SelectOperation(HttpRequestMessage) throws HttpResponseException (Not Found) if the request URI is null.</Description>
      <Execution timeOut="30000" id="da0ea7eb-5993-46d3-9863-463b34c151f1" />
      <Owners>
        <Owner name="dravva" />
      </Owners>
      <TestCategory>
        <TestCategoryItem TestCategory="CIT" />
      </TestCategory>
      <TestMethod codeBase="F:/advisorsrepo/wcfhttp/Http/Test/Microsoft.ApplicationServer.Http/Unit/bin/Release/Microsoft.ApplicationServer.Http.CIT.Unit.DLL" adapterTypeName="Microsoft.VisualStudio.TestTools.TestTypes.Unit.UnitTestAdapter, Microsoft.VisualStudio.QualityTools.Tips.UnitTest.Adapter, Version=10.0.0.0, Culture=neutral, PublicKeyToken=b03f5f7f11d50a3a" className="Microsoft.ApplicationServer.Http.Dispatcher.UriAndMethodOperationSelectorTests, Microsoft.ApplicationServer.Http.CIT.Unit, Version=0.0.0.0, Culture=neutral, PublicKeyToken=null" name="SelectOperationThrowsWithNullRequestUri" />
    </UnitTest>
    <UnitTest name="UnitTestClassIsCorrect" storage="f:\advisorsrepo\wcfhttp\http\test\microsoft.applicationserver.http\unit\bin\release\microsoft.applicationserver.http.cit.unit.dll" id="e0a5334c-1633-d414-b907-2c40ff404fb6">
      <Execution timeOut="1800000" id="ad493633-4097-4a87-ad22-0c46ff655941" />
      <TestMethod codeBase="F:/advisorsrepo/wcfhttp/Http/Test/Microsoft.ApplicationServer.Http/Unit/bin/Release/Microsoft.ApplicationServer.Http.CIT.Unit.DLL" adapterTypeName="Microsoft.VisualStudio.TestTools.TestTypes.Unit.UnitTestAdapter, Microsoft.VisualStudio.QualityTools.Tips.UnitTest.Adapter, Version=10.0.0.0, Culture=neutral, PublicKeyToken=b03f5f7f11d50a3a" className="Microsoft.ApplicationServer.Http.Dispatcher.HttpMessageFormatterTests, Microsoft.ApplicationServer.Http.CIT.Unit, Version=0.0.0.0, Culture=neutral, PublicKeyToken=null" name="UnitTestClassIsCorrect" />
    </UnitTest>
    <UnitTest name="Reply_Does_Not_Change_Message_State_When_Response_Is_HttpMessage" storage="f:\advisorsrepo\wcfhttp\http\test\microsoft.applicationserver.http\unit\bin\release\microsoft.applicationserver.http.cit.unit.dll" id="f5eb4d32-2412-13e4-4835-1d056de98e30">
      <Description>HttpMessageEncodingRequestContext.Reply doesn't change the message state when the response is an HttpMessage.</Description>
      <Execution timeOut="30000" id="347ea433-74e4-436a-b9ba-0451b4ed2e8c" />
      <Owners>
        <Owner name="derik" />
      </Owners>
      <TestCategory>
        <TestCategoryItem TestCategory="CIT" />
      </TestCategory>
      <TestMethod codeBase="F:/advisorsrepo/wcfhttp/Http/Test/Microsoft.ApplicationServer.Http/Unit/bin/Release/Microsoft.ApplicationServer.Http.CIT.Unit.DLL" adapterTypeName="Microsoft.VisualStudio.TestTools.TestTypes.Unit.UnitTestAdapter, Microsoft.VisualStudio.QualityTools.Tips.UnitTest.Adapter, Version=10.0.0.0, Culture=neutral, PublicKeyToken=b03f5f7f11d50a3a" className="Microsoft.ApplicationServer.Http.Channels.HttpMessageEncodingRequestContextTests, Microsoft.ApplicationServer.Http.CIT.Unit, Version=0.0.0.0, Culture=neutral, PublicKeyToken=null" name="Reply_Does_Not_Change_Message_State_When_Response_Is_HttpMessage" />
    </UnitTest>
    <UnitTest name="UnitTestClassIsCorrect" storage="f:\advisorsrepo\wcfhttp\http\test\microsoft.applicationserver.http\unit\bin\release\microsoft.applicationserver.http.cit.unit.dll" id="91f6204f-d7f5-d831-22f3-c437b393953a">
      <Execution timeOut="1800000" id="0e206423-e367-4866-9ee8-0032c3ba9a91" />
      <TestMethod codeBase="F:/advisorsrepo/wcfhttp/Http/Test/Microsoft.ApplicationServer.Http/Unit/bin/Release/Microsoft.ApplicationServer.Http.CIT.Unit.DLL" adapterTypeName="Microsoft.VisualStudio.TestTools.TestTypes.Unit.UnitTestAdapter, Microsoft.VisualStudio.QualityTools.Tips.UnitTest.Adapter, Version=10.0.0.0, Culture=neutral, PublicKeyToken=b03f5f7f11d50a3a" className="Microsoft.ApplicationServer.Http.UnitTest, Microsoft.ApplicationServer.Http.CIT.Unit, Version=0.0.0.0, Culture=neutral, PublicKeyToken=null" name="UnitTestClassIsCorrect" />
    </UnitTest>
    <UnitTest name="UriTemplate_Returns_Same_Instance_From_Constructor" storage="f:\advisorsrepo\wcfhttp\http\test\microsoft.applicationserver.http\unit\bin\release\microsoft.applicationserver.http.cit.unit.dll" id="ec0b8b51-286a-3fd2-642c-33b7b93b8153">
      <Description>UriTemplateHttpOperationHandler.UriTemplate returns the same instance as was passed in to the constructor.</Description>
      <Execution timeOut="30000" id="254d8160-bd7b-464d-87b7-c6e1d36f6b7b" />
      <Owners>
        <Owner name="vinelap" />
      </Owners>
      <TestCategory>
        <TestCategoryItem TestCategory="CIT" />
      </TestCategory>
      <TestMethod codeBase="F:/advisorsrepo/wcfhttp/Http/Test/Microsoft.ApplicationServer.Http/Unit/bin/Release/Microsoft.ApplicationServer.Http.CIT.Unit.DLL" adapterTypeName="Microsoft.VisualStudio.TestTools.TestTypes.Unit.UnitTestAdapter, Microsoft.VisualStudio.QualityTools.Tips.UnitTest.Adapter, Version=10.0.0.0, Culture=neutral, PublicKeyToken=b03f5f7f11d50a3a" className="Microsoft.ApplicationServer.Http.Dispatcher.UriTemplateHandlerTests, Microsoft.ApplicationServer.Http.CIT.Unit, Version=0.0.0.0, Culture=neutral, PublicKeyToken=null" name="UriTemplate_Returns_Same_Instance_From_Constructor" />
    </UnitTest>
    <UnitTest name="WriteMessage_That_Takes_A_Stream_Writes_Message_Content_To_The_Stream" storage="f:\advisorsrepo\wcfhttp\http\test\microsoft.applicationserver.http\unit\bin\release\microsoft.applicationserver.http.cit.unit.dll" id="f3ace565-cace-2c3e-d5d7-96c303be4813">
      <Description>HttpMessageEncoder.WriteMessage that takes a stream parameter writes the HttpContent to the stream.</Description>
      <Execution timeOut="30000" id="04cb3c1d-540b-4a76-a363-c8d791ad27a5" />
      <Owners>
        <Owner name="derik" />
      </Owners>
      <TestCategory>
        <TestCategoryItem TestCategory="CIT" />
      </TestCategory>
      <TestMethod codeBase="F:/advisorsrepo/wcfhttp/Http/Test/Microsoft.ApplicationServer.Http/Unit/bin/Release/Microsoft.ApplicationServer.Http.CIT.Unit.DLL" adapterTypeName="Microsoft.VisualStudio.TestTools.TestTypes.Unit.UnitTestAdapter, Microsoft.VisualStudio.QualityTools.Tips.UnitTest.Adapter, Version=10.0.0.0, Culture=neutral, PublicKeyToken=b03f5f7f11d50a3a" className="Microsoft.ApplicationServer.Http.Channels.HttpMessageEncoderTests, Microsoft.ApplicationServer.Http.CIT.Unit, Version=0.0.0.0, Culture=neutral, PublicKeyToken=null" name="WriteMessage_That_Takes_A_Stream_Writes_Message_Content_To_The_Stream" />
    </UnitTest>
    <UnitTest name="BackCompatDeserializedAsDataContractInJson" storage="f:\advisorsrepo\wcfhttp\http\test\microsoft.applicationserver.http\unit\bin\release\microsoft.applicationserver.http.cit.unit.dll" id="344d1ac9-9419-f322-839b-c1361c8a4204">
      <Description>HttpBehavior is backwards compatible when deserializing types using the DataContractSerializer for Json.</Description>
      <Execution timeOut="30000" id="06f9c2cc-98e5-4e9c-9a04-a9679ec4217d" />
      <Owners>
        <Owner name="vinelap" />
      </Owners>
      <TestCategory>
        <TestCategoryItem TestCategory="CIT" />
      </TestCategory>
      <TestMethod codeBase="F:/advisorsrepo/wcfhttp/Http/Test/Microsoft.ApplicationServer.Http/Unit/bin/Release/Microsoft.ApplicationServer.Http.CIT.Unit.DLL" adapterTypeName="Microsoft.VisualStudio.TestTools.TestTypes.Unit.UnitTestAdapter, Microsoft.VisualStudio.QualityTools.Tips.UnitTest.Adapter, Version=10.0.0.0, Culture=neutral, PublicKeyToken=b03f5f7f11d50a3a" className="Microsoft.ApplicationServer.Http.Description.HttpBehaviorTests, Microsoft.ApplicationServer.Http.CIT.Unit, Version=0.0.0.0, Culture=neutral, PublicKeyToken=null" name="BackCompatDeserializedAsDataContractInJson" />
    </UnitTest>
    <UnitTest name="HandleConvertsStringValuesReturnedFromOnHandle" storage="f:\advisorsrepo\wcfhttp\http\test\microsoft.applicationserver.http\unit\bin\release\microsoft.applicationserver.http.cit.unit.dll" id="6754100d-1f80-23ef-819f-75f4d48474e6">
      <Description>Handle(object[]) converts string values returned by OnHandle.</Description>
      <Execution timeOut="30000" id="b86e302c-eaee-455c-b20e-50a1baa05ccb" />
      <Owners>
        <Owner name="vinelap" />
      </Owners>
      <TestCategory>
        <TestCategoryItem TestCategory="CIT" />
      </TestCategory>
      <TestMethod codeBase="F:/advisorsrepo/wcfhttp/Http/Test/Microsoft.ApplicationServer.Http/Unit/bin/Release/Microsoft.ApplicationServer.Http.CIT.Unit.DLL" adapterTypeName="Microsoft.VisualStudio.TestTools.TestTypes.Unit.UnitTestAdapter, Microsoft.VisualStudio.QualityTools.Tips.UnitTest.Adapter, Version=10.0.0.0, Culture=neutral, PublicKeyToken=b03f5f7f11d50a3a" className="Microsoft.ApplicationServer.Http.Dispatcher.HttpOperationHandlerTests, Microsoft.ApplicationServer.Http.CIT.Unit, Version=0.0.0.0, Culture=neutral, PublicKeyToken=null" name="HandleConvertsStringValuesReturnedFromOnHandle" />
    </UnitTest>
    <UnitTest name="Method_Not_Allowed_Is_Handled_With_Machine_Name" storage="f:\advisorsrepo\wcfhttp\http\test\microsoft.applicationserver.http\unit\bin\release\microsoft.applicationserver.http.cit.unit.dll" id="69a48df4-14a0-3260-8f67-d6b2e2f99cc5">
      <Description>HttpBehavior back compat test for method not allowed when the request uses the machine name and not 'localhost'.</Description>
      <Execution timeOut="30000" id="afcf519f-54bb-4039-b19c-aad649e0c421" />
      <Owners>
        <Owner name="vinelap" />
      </Owners>
      <TestCategory>
        <TestCategoryItem TestCategory="CIT" />
      </TestCategory>
      <TestMethod codeBase="F:/advisorsrepo/wcfhttp/Http/Test/Microsoft.ApplicationServer.Http/Unit/bin/Release/Microsoft.ApplicationServer.Http.CIT.Unit.DLL" adapterTypeName="Microsoft.VisualStudio.TestTools.TestTypes.Unit.UnitTestAdapter, Microsoft.VisualStudio.QualityTools.Tips.UnitTest.Adapter, Version=10.0.0.0, Culture=neutral, PublicKeyToken=b03f5f7f11d50a3a" className="Microsoft.ApplicationServer.Http.Description.HttpBehaviorTests, Microsoft.ApplicationServer.Http.CIT.Unit, Version=0.0.0.0, Culture=neutral, PublicKeyToken=null" name="Method_Not_Allowed_Is_Handled_With_Machine_Name" />
    </UnitTest>
    <UnitTest name="HttpResponseMessageGetsAlteredPairing" storage="f:\advisorsrepo\wcfhttp\http\test\microsoft.applicationserver.http\unit\bin\release\microsoft.applicationserver.http.cit.unit.dll" id="2c748dd7-cc28-6669-67ca-4d27825585ab">
      <Description>HttpResponseMessage property returns a newly paired HttpResponseMessage.</Description>
      <Execution timeOut="30000" id="7510cad2-6210-4ad3-9bc1-5d7eeed0ef76" />
      <Owners>
        <Owner name="dravva" />
      </Owners>
      <TestCategory>
        <TestCategoryItem TestCategory="CIT" />
      </TestCategory>
      <TestMethod codeBase="F:/advisorsrepo/wcfhttp/Http/Test/Microsoft.ApplicationServer.Http/Unit/bin/Release/Microsoft.ApplicationServer.Http.CIT.Unit.DLL" adapterTypeName="Microsoft.VisualStudio.TestTools.TestTypes.Unit.UnitTestAdapter, Microsoft.VisualStudio.QualityTools.Tips.UnitTest.Adapter, Version=10.0.0.0, Culture=neutral, PublicKeyToken=b03f5f7f11d50a3a" className="Microsoft.ApplicationServer.Http.ObjectContentTests, Microsoft.ApplicationServer.Http.CIT.Unit, Version=0.0.0.0, Culture=neutral, PublicKeyToken=null" name="HttpResponseMessageGetsAlteredPairing" />
    </UnitTest>
    <UnitTest name="Constructor7ThrowsWithNullHttpContent" storage="f:\advisorsrepo\wcfhttp\http\test\microsoft.applicationserver.http\unit\bin\release\microsoft.applicationserver.http.cit.unit.dll" id="71508469-8853-91d9-189c-c15351730d64">
      <Description>ObjectContent&lt;T&gt;(HttpContent, IEnumerable&lt;MediaTypeFormatter&gt;) throws with a null HttpContent.</Description>
      <Execution timeOut="30000" id="dfe3885c-6928-4415-8904-09bd18955125" />
      <Owners>
        <Owner name="dravva" />
      </Owners>
      <TestCategory>
        <TestCategoryItem TestCategory="CIT" />
      </TestCategory>
      <TestMethod codeBase="F:/advisorsrepo/wcfhttp/Http/Test/Microsoft.ApplicationServer.Http/Unit/bin/Release/Microsoft.ApplicationServer.Http.CIT.Unit.DLL" adapterTypeName="Microsoft.VisualStudio.TestTools.TestTypes.Unit.UnitTestAdapter, Microsoft.VisualStudio.QualityTools.Tips.UnitTest.Adapter, Version=10.0.0.0, Culture=neutral, PublicKeyToken=b03f5f7f11d50a3a" className="Microsoft.ApplicationServer.Http.ObjectContentOfTTests, Microsoft.ApplicationServer.Http.CIT.Unit, Version=0.0.0.0, Culture=neutral, PublicKeyToken=null" name="Constructor7ThrowsWithNullHttpContent" />
    </UnitTest>
    <UnitTest name="InputParametersAcceptsNullFromOnGetInputParmeters" storage="f:\advisorsrepo\wcfhttp\http\test\microsoft.applicationserver.http\unit\bin\release\microsoft.applicationserver.http.cit.unit.dll" id="2d3d8331-281b-a15c-63dd-0e924e787318">
      <Description>InputParameters invokes virtual OnGetInputParmeters, accepts a null return and produces an empty collection.</Description>
      <Execution timeOut="30000" id="7a2141d2-48c2-4c26-8d5e-c99297dce328" />
      <Owners>
        <Owner name="vinelap" />
      </Owners>
      <TestCategory>
        <TestCategoryItem TestCategory="CIT" />
      </TestCategory>
      <TestMethod codeBase="F:/advisorsrepo/wcfhttp/Http/Test/Microsoft.ApplicationServer.Http/Unit/bin/Release/Microsoft.ApplicationServer.Http.CIT.Unit.DLL" adapterTypeName="Microsoft.VisualStudio.TestTools.TestTypes.Unit.UnitTestAdapter, Microsoft.VisualStudio.QualityTools.Tips.UnitTest.Adapter, Version=10.0.0.0, Culture=neutral, PublicKeyToken=b03f5f7f11d50a3a" className="Microsoft.ApplicationServer.Http.Dispatcher.HttpOperationHandlerTests, Microsoft.ApplicationServer.Http.CIT.Unit, Version=0.0.0.0, Culture=neutral, PublicKeyToken=null" name="InputParametersAcceptsNullFromOnGetInputParmeters" />
    </UnitTest>
    <UnitTest name="MessageVersion_Is_None" storage="f:\advisorsrepo\wcfhttp\http\test\microsoft.applicationserver.http\unit\bin\release\microsoft.applicationserver.http.cit.unit.dll" id="d951e209-9119-dcd3-a683-271fd3fe305c">
      <Description>HttpMessageEncoder.MessageVersion always returns MessageVersion.None.</Description>
      <Execution timeOut="30000" id="85617491-7353-4846-b10d-a6dbde8806a0" />
      <Owners>
        <Owner name="derik" />
      </Owners>
      <TestCategory>
        <TestCategoryItem TestCategory="CIT" />
      </TestCategory>
      <TestMethod codeBase="F:/advisorsrepo/wcfhttp/Http/Test/Microsoft.ApplicationServer.Http/Unit/bin/Release/Microsoft.ApplicationServer.Http.CIT.Unit.DLL" adapterTypeName="Microsoft.VisualStudio.TestTools.TestTypes.Unit.UnitTestAdapter, Microsoft.VisualStudio.QualityTools.Tips.UnitTest.Adapter, Version=10.0.0.0, Culture=neutral, PublicKeyToken=b03f5f7f11d50a3a" className="Microsoft.ApplicationServer.Http.Channels.HttpMessageEncoderTests, Microsoft.ApplicationServer.Http.CIT.Unit, Version=0.0.0.0, Culture=neutral, PublicKeyToken=null" name="MessageVersion_Is_None" />
    </UnitTest>
    <UnitTest name="Constructor1ThrowsWithEmptyMediaRange" storage="f:\advisorsrepo\wcfhttp\http\test\microsoft.applicationserver.http\unit\bin\release\microsoft.applicationserver.http.cit.unit.dll" id="ced080d8-17b9-5a4f-e66a-bb0eaa74c3d3">
      <Description>MediaRangeMapping(string, stringe) throws if the MediaRange parameter is empty.</Description>
      <Execution timeOut="30000" id="a297d456-a467-4053-9d8f-11e0f20d3cb0" />
      <Owners>
        <Owner name="dravva" />
      </Owners>
      <TestCategory>
        <TestCategoryItem TestCategory="CIT" />
      </TestCategory>
      <TestMethod codeBase="F:/advisorsrepo/wcfhttp/Http/Test/Microsoft.ApplicationServer.Http/Unit/bin/Release/Microsoft.ApplicationServer.Http.CIT.Unit.DLL" adapterTypeName="Microsoft.VisualStudio.TestTools.TestTypes.Unit.UnitTestAdapter, Microsoft.VisualStudio.QualityTools.Tips.UnitTest.Adapter, Version=10.0.0.0, Culture=neutral, PublicKeyToken=b03f5f7f11d50a3a" className="Microsoft.ApplicationServer.Http.MediaRangeMappingTests, Microsoft.ApplicationServer.Http.CIT.Unit, Version=0.0.0.0, Culture=neutral, PublicKeyToken=null" name="Constructor1ThrowsWithEmptyMediaRange" />
    </UnitTest>
    <UnitTest name="ConstructorThrowsIfAResponseHandlerInputHasMultipleTypeOnlyBindings" storage="f:\advisorsrepo\wcfhttp\http\test\microsoft.applicationserver.http\unit\bin\release\microsoft.applicationserver.http.cit.unit.dll" id="aa6079ab-18db-8ee6-f6d3-5a6390969b35">
      <Description>OperationHandlerPipelineInfo(IEnumerable&lt;HttpOperationHandler&gt;, IEnumerable&lt;HttpOperationHandler&gt;, HttpOperationDescription) throws if a response HttpOperationHandler input parameter can not be bound because there are multiple type-only matches.</Description>
      <Execution timeOut="30000" id="64cc6836-ad9e-4db1-8a9f-78d32819c417" />
      <Owners>
        <Owner name="dravva" />
      </Owners>
      <TestCategory>
        <TestCategoryItem TestCategory="CIT" />
      </TestCategory>
      <TestMethod codeBase="F:/advisorsrepo/wcfhttp/Http/Test/Microsoft.ApplicationServer.Http/Unit/bin/Release/Microsoft.ApplicationServer.Http.CIT.Unit.DLL" adapterTypeName="Microsoft.VisualStudio.TestTools.TestTypes.Unit.UnitTestAdapter, Microsoft.VisualStudio.QualityTools.Tips.UnitTest.Adapter, Version=10.0.0.0, Culture=neutral, PublicKeyToken=b03f5f7f11d50a3a" className="Microsoft.ApplicationServer.Http.Dispatcher.OperationHandlerPipelineInfoTests, Microsoft.ApplicationServer.Http.CIT.Unit, Version=0.0.0.0, Culture=neutral, PublicKeyToken=null" name="ConstructorThrowsIfAResponseHandlerInputHasMultipleTypeOnlyBindings" />
    </UnitTest>
    <UnitTest name="BeginReply_Ignores_HttpResponseMessageProperty_If_Contains_HttpRequestMessage" storage="f:\advisorsrepo\wcfhttp\http\test\microsoft.applicationserver.http\unit\bin\release\microsoft.applicationserver.http.cit.unit.dll" id="984f6106-e0dd-01ff-af93-d15f785e20d0">
      <Description>HttpMessageEncodingRequestContext.BeginReply ignores the HttpResponseMessageProperty if the HttpMessage contains an HttpRequestMessage and returns status code 500.</Description>
      <Execution timeOut="30000" id="b635d4be-44a2-413b-be6d-09a8862875a4" />
      <Owners>
        <Owner name="derik" />
      </Owners>
      <TestCategory>
        <TestCategoryItem TestCategory="CIT" />
      </TestCategory>
      <TestMethod codeBase="F:/advisorsrepo/wcfhttp/Http/Test/Microsoft.ApplicationServer.Http/Unit/bin/Release/Microsoft.ApplicationServer.Http.CIT.Unit.DLL" adapterTypeName="Microsoft.VisualStudio.TestTools.TestTypes.Unit.UnitTestAdapter, Microsoft.VisualStudio.QualityTools.Tips.UnitTest.Adapter, Version=10.0.0.0, Culture=neutral, PublicKeyToken=b03f5f7f11d50a3a" className="Microsoft.ApplicationServer.Http.Channels.HttpMessageEncodingRequestContextTests, Microsoft.ApplicationServer.Http.CIT.Unit, Version=0.0.0.0, Culture=neutral, PublicKeyToken=null" name="BeginReply_Ignores_HttpResponseMessageProperty_If_Contains_HttpRequestMessage" />
    </UnitTest>
    <UnitTest name="WebGet_HttpRequest_And_HttpResponse_As_Parameters_Test" storage="f:\advisorsrepo\wcfhttp\http\test\microsoft.applicationserver.http\unit\bin\release\microsoft.applicationserver.http.cit.unit.dll" id="e67fcff6-00a2-0367-cd2e-98d78c6f3993">
      <Description>Test for HttpRequestMessage and HttpResponseMessage as operation parameters.</Description>
      <Execution timeOut="30000" id="4a997e9f-171c-4964-86b8-93f761f5e12f" />
      <Owners>
        <Owner name="vinelap" />
      </Owners>
      <TestCategory>
        <TestCategoryItem TestCategory="CIT" />
      </TestCategory>
      <TestMethod codeBase="F:/advisorsrepo/wcfhttp/Http/Test/Microsoft.ApplicationServer.Http/Unit/bin/Release/Microsoft.ApplicationServer.Http.CIT.Unit.DLL" adapterTypeName="Microsoft.VisualStudio.TestTools.TestTypes.Unit.UnitTestAdapter, Microsoft.VisualStudio.QualityTools.Tips.UnitTest.Adapter, Version=10.0.0.0, Culture=neutral, PublicKeyToken=b03f5f7f11d50a3a" className="Microsoft.ApplicationServer.Http.Dispatcher.HelpPageTests, Microsoft.ApplicationServer.Http.CIT.Unit, Version=0.0.0.0, Culture=neutral, PublicKeyToken=null" name="WebGet_HttpRequest_And_HttpResponse_As_Parameters_Test" />
    </UnitTest>
    <UnitTest name="Reply_Ignores_HttpResponseMessageProperty_If_Contains_HttpRequestMessage" storage="f:\advisorsrepo\wcfhttp\http\test\microsoft.applicationserver.http\unit\bin\release\microsoft.applicationserver.http.cit.unit.dll" id="e9c3d707-5db6-f4f2-53b7-72ebc90e5cf6">
      <Description>HttpMessageEncodingRequestContext.Reply ignores the HttpResponseMessageProperty if the HttpMessage contains an HttpRequestMessage and returns status code 500.</Description>
      <Execution timeOut="30000" id="e0080e72-df8d-4108-bdfa-19aef347509c" />
      <Owners>
        <Owner name="derik" />
      </Owners>
      <TestCategory>
        <TestCategoryItem TestCategory="CIT" />
      </TestCategory>
      <TestMethod codeBase="F:/advisorsrepo/wcfhttp/Http/Test/Microsoft.ApplicationServer.Http/Unit/bin/Release/Microsoft.ApplicationServer.Http.CIT.Unit.DLL" adapterTypeName="Microsoft.VisualStudio.TestTools.TestTypes.Unit.UnitTestAdapter, Microsoft.VisualStudio.QualityTools.Tips.UnitTest.Adapter, Version=10.0.0.0, Culture=neutral, PublicKeyToken=b03f5f7f11d50a3a" className="Microsoft.ApplicationServer.Http.Channels.HttpMessageEncodingRequestContextTests, Microsoft.ApplicationServer.Http.CIT.Unit, Version=0.0.0.0, Culture=neutral, PublicKeyToken=null" name="Reply_Ignores_HttpResponseMessageProperty_If_Contains_HttpRequestMessage" />
    </UnitTest>
    <UnitTest name="ConstructorThrowsWhenBindingIfNothingProducesAnHttpResponseMessage" storage="f:\advisorsrepo\wcfhttp\http\test\microsoft.applicationserver.http\unit\bin\release\microsoft.applicationserver.http.cit.unit.dll" id="fc5a408f-7863-1cc7-07e7-b3664c40e2a3">
      <Description>OperationHandlerPipelineInfo(IEnumerable&lt;HttpOperationHandler&gt;, IEnumerable&lt;HttpOperationHandler&gt;, HttpOperationDescription) throws during binding if nothing produces an HttpResponseMessage.</Description>
      <Execution timeOut="30000" id="d6dd779b-3d9e-4b4b-a762-42194929c3be" />
      <Owners>
        <Owner name="dravva" />
      </Owners>
      <TestCategory>
        <TestCategoryItem TestCategory="CIT" />
      </TestCategory>
      <TestMethod codeBase="F:/advisorsrepo/wcfhttp/Http/Test/Microsoft.ApplicationServer.Http/Unit/bin/Release/Microsoft.ApplicationServer.Http.CIT.Unit.DLL" adapterTypeName="Microsoft.VisualStudio.TestTools.TestTypes.Unit.UnitTestAdapter, Microsoft.VisualStudio.QualityTools.Tips.UnitTest.Adapter, Version=10.0.0.0, Culture=neutral, PublicKeyToken=b03f5f7f11d50a3a" className="Microsoft.ApplicationServer.Http.Dispatcher.OperationHandlerPipelineInfoTests, Microsoft.ApplicationServer.Http.CIT.Unit, Version=0.0.0.0, Culture=neutral, PublicKeyToken=null" name="ConstructorThrowsWhenBindingIfNothingProducesAnHttpResponseMessage" />
    </UnitTest>
    <UnitTest name="ConstructorDoesNotCallOnHandleOfAnyResponseHandlers" storage="f:\advisorsrepo\wcfhttp\http\test\microsoft.applicationserver.http\unit\bin\release\microsoft.applicationserver.http.cit.unit.dll" id="ab1943b6-8fc3-3f11-6c5d-12e31a746b9a">
      <Description>OperationHandlerPipelineInfo(IEnumerable&lt;HttpOperationHandler&gt;, IEnumerable&lt;HttpOperationHandler&gt;, HttpOperationDescription) does not call OnHandle() on any of the responseHandlers.</Description>
      <Execution timeOut="30000" id="c8909962-14ac-44be-830d-c501b8b6f74c" />
      <Owners>
        <Owner name="dravva" />
      </Owners>
      <TestCategory>
        <TestCategoryItem TestCategory="CIT" />
      </TestCategory>
      <TestMethod codeBase="F:/advisorsrepo/wcfhttp/Http/Test/Microsoft.ApplicationServer.Http/Unit/bin/Release/Microsoft.ApplicationServer.Http.CIT.Unit.DLL" adapterTypeName="Microsoft.VisualStudio.TestTools.TestTypes.Unit.UnitTestAdapter, Microsoft.VisualStudio.QualityTools.Tips.UnitTest.Adapter, Version=10.0.0.0, Culture=neutral, PublicKeyToken=b03f5f7f11d50a3a" className="Microsoft.ApplicationServer.Http.Dispatcher.OperationHandlerPipelineInfoTests, Microsoft.ApplicationServer.Http.CIT.Unit, Version=0.0.0.0, Culture=neutral, PublicKeyToken=null" name="ConstructorDoesNotCallOnHandleOfAnyResponseHandlers" />
    </UnitTest>
    <UnitTest name="OutputParametersPreservesOrderFromOnGetOutputParameters" storage="f:\advisorsrepo\wcfhttp\http\test\microsoft.applicationserver.http\unit\bin\release\microsoft.applicationserver.http.cit.unit.dll" id="da430b32-b87f-5386-25d5-e65ca5f1cbbe">
      <Description>OutputParameters preserves the order given by OnGetInputParameters.</Description>
      <Execution timeOut="30000" id="7e6c4298-22de-486c-818f-21236a74127f" />
      <Owners>
        <Owner name="vinelap" />
      </Owners>
      <TestCategory>
        <TestCategoryItem TestCategory="CIT" />
      </TestCategory>
      <TestMethod codeBase="F:/advisorsrepo/wcfhttp/Http/Test/Microsoft.ApplicationServer.Http/Unit/bin/Release/Microsoft.ApplicationServer.Http.CIT.Unit.DLL" adapterTypeName="Microsoft.VisualStudio.TestTools.TestTypes.Unit.UnitTestAdapter, Microsoft.VisualStudio.QualityTools.Tips.UnitTest.Adapter, Version=10.0.0.0, Culture=neutral, PublicKeyToken=b03f5f7f11d50a3a" className="Microsoft.ApplicationServer.Http.Dispatcher.HttpOperationHandlerTests, Microsoft.ApplicationServer.Http.CIT.Unit, Version=0.0.0.0, Culture=neutral, PublicKeyToken=null" name="OutputParametersPreservesOrderFromOnGetOutputParameters" />
    </UnitTest>
    <UnitTest name="UnitTestClassIsCorrect" storage="f:\advisorsrepo\wcfhttp\http\test\microsoft.applicationserver.http\unit\bin\release\microsoft.applicationserver.http.cit.unit.dll" id="3c91f6d8-20bf-d3c0-bca7-fa25bc3bfabc">
      <Execution timeOut="1800000" id="833e05fb-870b-4ad3-82b4-6dcfd1fbcc41" />
      <TestMethod codeBase="F:/advisorsrepo/wcfhttp/Http/Test/Microsoft.ApplicationServer.Http/Unit/bin/Release/Microsoft.ApplicationServer.Http.CIT.Unit.DLL" adapterTypeName="Microsoft.VisualStudio.TestTools.TestTypes.Unit.UnitTestAdapter, Microsoft.VisualStudio.QualityTools.Tips.UnitTest.Adapter, Version=10.0.0.0, Culture=neutral, PublicKeyToken=b03f5f7f11d50a3a" className="Microsoft.ApplicationServer.Http.XmlMediaTypeFormatterTests, Microsoft.ApplicationServer.Http.CIT.Unit, Version=0.0.0.0, Culture=neutral, PublicKeyToken=null" name="UnitTestClassIsCorrect" />
    </UnitTest>
    <UnitTest name="RequestHeadersReturnsHeadersHttpParameter" storage="f:\advisorsrepo\wcfhttp\http\test\microsoft.applicationserver.http\unit\bin\release\microsoft.applicationserver.http.cit.unit.dll" id="01f7c076-c9ef-6ea6-b71f-e97a4dff9256">
      <Description>RequestHeaders returns HttpRequestHeaders HttpParameter.</Description>
      <Execution timeOut="30000" id="18449f21-27c5-42ec-8488-de4858134af7" />
      <Owners>
        <Owner name="maying" />
      </Owners>
      <TestCategory>
        <TestCategoryItem TestCategory="CIT" />
      </TestCategory>
      <TestMethod codeBase="F:/advisorsrepo/wcfhttp/Http/Test/Microsoft.ApplicationServer.Http/Unit/bin/Release/Microsoft.ApplicationServer.Http.CIT.Unit.DLL" adapterTypeName="Microsoft.VisualStudio.TestTools.TestTypes.Unit.UnitTestAdapter, Microsoft.VisualStudio.QualityTools.Tips.UnitTest.Adapter, Version=10.0.0.0, Culture=neutral, PublicKeyToken=b03f5f7f11d50a3a" className="Microsoft.ApplicationServer.Http.Description.HttpParameterTests, Microsoft.ApplicationServer.Http.CIT.Unit, Version=0.0.0.0, Culture=neutral, PublicKeyToken=null" name="RequestHeadersReturnsHeadersHttpParameter" />
    </UnitTest>
    <UnitTest name="DefaultHttpMessagePluginFactory_Constructor6" storage="f:\advisorsrepo\wcfhttp\http\test\microsoft.applicationserver.http\unit\bin\release\microsoft.applicationserver.http.cit.unit.dll" id="026a828b-6412-053e-cd1d-96df55838ddb">
      <Execution timeOut="30000" id="a9cfc209-2d59-48dd-98bd-5320fb10d9d0" />
      <Owners>
        <Owner name="derik" />
      </Owners>
      <TestCategory>
        <TestCategoryItem TestCategory="CIT" />
        <TestCategoryItem TestCategory="ADP_Basics" />
      </TestCategory>
      <TestMethod codeBase="F:/advisorsrepo/wcfhttp/Http/Test/Microsoft.ApplicationServer.Http/Unit/bin/Release/Microsoft.ApplicationServer.Http.CIT.Unit.DLL" adapterTypeName="Microsoft.VisualStudio.TestTools.TestTypes.Unit.UnitTestAdapter, Microsoft.VisualStudio.QualityTools.Tips.UnitTest.Adapter, Version=10.0.0.0, Culture=neutral, PublicKeyToken=b03f5f7f11d50a3a" className="Microsoft.ApplicationServer.Http.Channels.HttpMessageHandlerChannelFactoryTests, Microsoft.ApplicationServer.Http.CIT.Unit, Version=0.0.0.0, Culture=neutral, PublicKeyToken=null" name="DefaultHttpMessagePluginFactory_Constructor6" />
    </UnitTest>
    <UnitTest name="Equals_Returns_True_If_MediaTypes_Differ_Only_By_Case" storage="f:\advisorsrepo\wcfhttp\http\test\microsoft.applicationserver.http\unit\bin\release\microsoft.applicationserver.http.cit.unit.dll" id="aab3631c-f53b-2a3e-3c60-eddafc437266">
      <Description>MediaTypeHeaderValueEqualityComparer.Equals returns true if media types and charsets differ only by case.</Description>
      <Execution timeOut="30000" id="0632c4d9-1347-412a-84c7-0d2628884bab" />
      <Owners>
        <Owner name="vinelap" />
      </Owners>
      <TestCategory>
        <TestCategoryItem TestCategory="CIT" />
      </TestCategory>
      <TestMethod codeBase="F:/advisorsrepo/wcfhttp/Http/Test/Microsoft.ApplicationServer.Http/Unit/bin/Release/Microsoft.ApplicationServer.Http.CIT.Unit.DLL" adapterTypeName="Microsoft.VisualStudio.TestTools.TestTypes.Unit.UnitTestAdapter, Microsoft.VisualStudio.QualityTools.Tips.UnitTest.Adapter, Version=10.0.0.0, Culture=neutral, PublicKeyToken=b03f5f7f11d50a3a" className="Microsoft.ApplicationServer.Http.MediaTypeHeadeValueEqualityComparerTests, Microsoft.ApplicationServer.Http.CIT.Unit, Version=0.0.0.0, Culture=neutral, PublicKeyToken=null" name="Equals_Returns_True_If_MediaTypes_Differ_Only_By_Case" />
    </UnitTest>
    <UnitTest name="AddUriPathExtensionMappingThrowsWithNullThis" storage="f:\advisorsrepo\wcfhttp\http\test\microsoft.applicationserver.http\unit\bin\release\microsoft.applicationserver.http.cit.unit.dll" id="c427d411-c8d0-ab21-e21e-c4683cebd50a">
      <Description>MediaTypeFormatterExtensionMethods.AddUriPathExtensionMapping(string, MediaTypeHeaderValue) throws for null 'this'.</Description>
      <Execution timeOut="30000" id="1511a6fd-3963-4c7c-8bc4-f63d4206c565" />
      <Owners>
        <Owner name="dravva" />
      </Owners>
      <TestCategory>
        <TestCategoryItem TestCategory="CIT" />
      </TestCategory>
      <TestMethod codeBase="F:/advisorsrepo/wcfhttp/Http/Test/Microsoft.ApplicationServer.Http/Unit/bin/Release/Microsoft.ApplicationServer.Http.CIT.Unit.DLL" adapterTypeName="Microsoft.VisualStudio.TestTools.TestTypes.Unit.UnitTestAdapter, Microsoft.VisualStudio.QualityTools.Tips.UnitTest.Adapter, Version=10.0.0.0, Culture=neutral, PublicKeyToken=b03f5f7f11d50a3a" className="Microsoft.ApplicationServer.Http.MediaTypeFormatterExtensionMethodsTests, Microsoft.ApplicationServer.Http.CIT.Unit, Version=0.0.0.0, Culture=neutral, PublicKeyToken=null" name="AddUriPathExtensionMappingThrowsWithNullThis" />
    </UnitTest>
    <UnitTest name="Accept_Header_Overrides_Default_Format" storage="f:\advisorsrepo\wcfhttp\http\test\microsoft.applicationserver.http\unit\bin\release\microsoft.applicationserver.http.cit.unit.dll" id="62c36338-1c34-9acb-ddd9-59d3f105969e">
      <Description>HttpBehavior back compat test that the accept header overrides the default Xml.</Description>
      <Execution timeOut="30000" id="61d121ca-3156-49de-96b4-6a84b98d0045" />
      <Owners>
        <Owner name="vinelap" />
      </Owners>
      <TestCategory>
        <TestCategoryItem TestCategory="CIT" />
      </TestCategory>
      <TestMethod codeBase="F:/advisorsrepo/wcfhttp/Http/Test/Microsoft.ApplicationServer.Http/Unit/bin/Release/Microsoft.ApplicationServer.Http.CIT.Unit.DLL" adapterTypeName="Microsoft.VisualStudio.TestTools.TestTypes.Unit.UnitTestAdapter, Microsoft.VisualStudio.QualityTools.Tips.UnitTest.Adapter, Version=10.0.0.0, Culture=neutral, PublicKeyToken=b03f5f7f11d50a3a" className="Microsoft.ApplicationServer.Http.Description.HttpBehaviorTests, Microsoft.ApplicationServer.Http.CIT.Unit, Version=0.0.0.0, Culture=neutral, PublicKeyToken=null" name="Accept_Header_Overrides_Default_Format" />
    </UnitTest>
    <UnitTest name="DefaultHttpMessagePluginFactory_Method1" storage="f:\advisorsrepo\wcfhttp\http\test\microsoft.applicationserver.http\unit\bin\release\microsoft.applicationserver.http.cit.unit.dll" id="74228918-e0ff-bd20-8ef6-76fe95669bdd">
      <Execution timeOut="30000" id="886b6981-7850-4e45-8c88-b2d4a62a4143" />
      <Owners>
        <Owner name="derik" />
      </Owners>
      <TestCategory>
        <TestCategoryItem TestCategory="ADP_Basics" />
        <TestCategoryItem TestCategory="CIT" />
      </TestCategory>
      <TestMethod codeBase="F:/advisorsrepo/wcfhttp/Http/Test/Microsoft.ApplicationServer.Http/Unit/bin/Release/Microsoft.ApplicationServer.Http.CIT.Unit.DLL" adapterTypeName="Microsoft.VisualStudio.TestTools.TestTypes.Unit.UnitTestAdapter, Microsoft.VisualStudio.QualityTools.Tips.UnitTest.Adapter, Version=10.0.0.0, Culture=neutral, PublicKeyToken=b03f5f7f11d50a3a" className="Microsoft.ApplicationServer.Http.Channels.HttpMessageHandlerChannelFactoryTests, Microsoft.ApplicationServer.Http.CIT.Unit, Version=0.0.0.0, Culture=neutral, PublicKeyToken=null" name="DefaultHttpMessagePluginFactory_Method1" />
    </UnitTest>
    <UnitTest name="ReadFromStreamAsyncRoundTripsWriteToStreamAsync" storage="f:\advisorsrepo\wcfhttp\http\test\microsoft.applicationserver.http\unit\bin\release\microsoft.applicationserver.http.cit.unit.dll" id="a9682a61-d490-06e7-25b2-367e497fefab">
      <Description>JsonMediaTypeFormatter.ReadFromStreamAsync returns all value and reference types serialized via WriteToStreamAsync.</Description>
      <Execution timeOut="30000" id="81d1f55d-5ac6-416a-b82c-e1f335d89e23" />
      <Owners>
        <Owner name="dravva" />
      </Owners>
      <TestCategory>
        <TestCategoryItem TestCategory="CIT" />
      </TestCategory>
      <TestMethod codeBase="F:/advisorsrepo/wcfhttp/Http/Test/Microsoft.ApplicationServer.Http/Unit/bin/Release/Microsoft.ApplicationServer.Http.CIT.Unit.DLL" adapterTypeName="Microsoft.VisualStudio.TestTools.TestTypes.Unit.UnitTestAdapter, Microsoft.VisualStudio.QualityTools.Tips.UnitTest.Adapter, Version=10.0.0.0, Culture=neutral, PublicKeyToken=b03f5f7f11d50a3a" className="Microsoft.ApplicationServer.Http.JsonMediaTypeFormatterTests, Microsoft.ApplicationServer.Http.CIT.Unit, Version=0.0.0.0, Culture=neutral, PublicKeyToken=null" name="ReadFromStreamAsyncRoundTripsWriteToStreamAsync" />
    </UnitTest>
    <UnitTest name="Constructor2ThrowsWithObjectNotAssignableToType" storage="f:\advisorsrepo\wcfhttp\http\test\microsoft.applicationserver.http\unit\bin\release\microsoft.applicationserver.http.cit.unit.dll" id="ef92cb0b-9f50-906f-4517-81dffec33f0a">
      <Description>ObjectContent(Type, object, MediaTypeHeaderValue) throws if object is not assignable to Type.</Description>
      <Execution timeOut="30000" id="fd07199d-0ef1-44aa-9389-7048d35bcfba" />
      <Owners>
        <Owner name="dravva" />
      </Owners>
      <TestCategory>
        <TestCategoryItem TestCategory="CIT" />
      </TestCategory>
      <TestMethod codeBase="F:/advisorsrepo/wcfhttp/Http/Test/Microsoft.ApplicationServer.Http/Unit/bin/Release/Microsoft.ApplicationServer.Http.CIT.Unit.DLL" adapterTypeName="Microsoft.VisualStudio.TestTools.TestTypes.Unit.UnitTestAdapter, Microsoft.VisualStudio.QualityTools.Tips.UnitTest.Adapter, Version=10.0.0.0, Culture=neutral, PublicKeyToken=b03f5f7f11d50a3a" className="Microsoft.ApplicationServer.Http.ObjectContentTests, Microsoft.ApplicationServer.Http.CIT.Unit, Version=0.0.0.0, Culture=neutral, PublicKeyToken=null" name="Constructor2ThrowsWithObjectNotAssignableToType" />
    </UnitTest>
    <UnitTest name="CanReadTypeReturnsExpectedValues" storage="f:\advisorsrepo\wcfhttp\http\test\microsoft.applicationserver.http\unit\bin\release\microsoft.applicationserver.http.cit.unit.dll" id="dc8c21ba-1f52-d330-b11c-f13d4d3a5825">
      <Description>JsonMediaTypeFormatter.CanReadType returns the expected results for all known value and reference types.</Description>
      <Execution timeOut="30000" id="6e5c4309-294f-475f-b6b8-c2dce1767be5" />
      <Owners>
        <Owner name="dravva" />
      </Owners>
      <TestCategory>
        <TestCategoryItem TestCategory="CIT" />
      </TestCategory>
      <TestMethod codeBase="F:/advisorsrepo/wcfhttp/Http/Test/Microsoft.ApplicationServer.Http/Unit/bin/Release/Microsoft.ApplicationServer.Http.CIT.Unit.DLL" adapterTypeName="Microsoft.VisualStudio.TestTools.TestTypes.Unit.UnitTestAdapter, Microsoft.VisualStudio.QualityTools.Tips.UnitTest.Adapter, Version=10.0.0.0, Culture=neutral, PublicKeyToken=b03f5f7f11d50a3a" className="Microsoft.ApplicationServer.Http.JsonMediaTypeFormatterTests, Microsoft.ApplicationServer.Http.CIT.Unit, Version=0.0.0.0, Culture=neutral, PublicKeyToken=null" name="CanReadTypeReturnsExpectedValues" />
    </UnitTest>
    <UnitTest name="OutputParametersDoesNotCallOnGetOutputParmetersTwice" storage="f:\advisorsrepo\wcfhttp\http\test\microsoft.applicationserver.http\unit\bin\release\microsoft.applicationserver.http.cit.unit.dll" id="cddf81f8-e516-cea0-42eb-481cd40d736a">
      <Description>OutputParameters does not invoke virtual OnGetOutputParmeters more than once.</Description>
      <Execution timeOut="30000" id="56ca225e-b7fb-47fd-bd8c-852bf7cafd88" />
      <Owners>
        <Owner name="vinelap" />
      </Owners>
      <TestCategory>
        <TestCategoryItem TestCategory="CIT" />
      </TestCategory>
      <TestMethod codeBase="F:/advisorsrepo/wcfhttp/Http/Test/Microsoft.ApplicationServer.Http/Unit/bin/Release/Microsoft.ApplicationServer.Http.CIT.Unit.DLL" adapterTypeName="Microsoft.VisualStudio.TestTools.TestTypes.Unit.UnitTestAdapter, Microsoft.VisualStudio.QualityTools.Tips.UnitTest.Adapter, Version=10.0.0.0, Culture=neutral, PublicKeyToken=b03f5f7f11d50a3a" className="Microsoft.ApplicationServer.Http.Dispatcher.HttpOperationHandlerTests, Microsoft.ApplicationServer.Http.CIT.Unit, Version=0.0.0.0, Culture=neutral, PublicKeyToken=null" name="OutputParametersDoesNotCallOnGetOutputParmetersTwice" />
    </UnitTest>
    <UnitTest name="UnitTestClassIsCorrect" storage="f:\advisorsrepo\wcfhttp\http\test\microsoft.applicationserver.http\unit\bin\release\microsoft.applicationserver.http.cit.unit.dll" id="e5cebc9e-2ea0-4708-8bfb-5dcb9bfa04a5">
      <Execution timeOut="1800000" id="48992e75-90f8-420b-87e3-5040385ca78e" />
      <TestMethod codeBase="F:/advisorsrepo/wcfhttp/Http/Test/Microsoft.ApplicationServer.Http/Unit/bin/Release/Microsoft.ApplicationServer.Http.CIT.Unit.DLL" adapterTypeName="Microsoft.VisualStudio.TestTools.TestTypes.Unit.UnitTestAdapter, Microsoft.VisualStudio.QualityTools.Tips.UnitTest.Adapter, Version=10.0.0.0, Culture=neutral, PublicKeyToken=b03f5f7f11d50a3a" className="Microsoft.ApplicationServer.Http.Dispatcher.UriTemplateHandlerTests, Microsoft.ApplicationServer.Http.CIT.Unit, Version=0.0.0.0, Culture=neutral, PublicKeyToken=null" name="UnitTestClassIsCorrect" />
    </UnitTest>
    <UnitTest name="Constructor1" storage="f:\advisorsrepo\wcfhttp\http\test\microsoft.applicationserver.http\unit\bin\release\microsoft.applicationserver.http.cit.unit.dll" id="a7042f0f-0cc2-1306-d553-e65d739042f0">
      <Description>MediaRangeMapping(string, string) sets public properties.</Description>
      <Execution timeOut="30000" id="2a0461b5-d6c0-479b-a049-e36c7aae077c" />
      <Owners>
        <Owner name="dravva" />
      </Owners>
      <TestCategory>
        <TestCategoryItem TestCategory="CIT" />
      </TestCategory>
      <TestMethod codeBase="F:/advisorsrepo/wcfhttp/Http/Test/Microsoft.ApplicationServer.Http/Unit/bin/Release/Microsoft.ApplicationServer.Http.CIT.Unit.DLL" adapterTypeName="Microsoft.VisualStudio.TestTools.TestTypes.Unit.UnitTestAdapter, Microsoft.VisualStudio.QualityTools.Tips.UnitTest.Adapter, Version=10.0.0.0, Culture=neutral, PublicKeyToken=b03f5f7f11d50a3a" className="Microsoft.ApplicationServer.Http.MediaRangeMappingTests, Microsoft.ApplicationServer.Http.CIT.Unit, Version=0.0.0.0, Culture=neutral, PublicKeyToken=null" name="Constructor1" />
    </UnitTest>
    <UnitTest name="HandleThrowsWithNullInput" storage="f:\advisorsrepo\wcfhttp\http\test\microsoft.applicationserver.http\unit\bin\release\microsoft.applicationserver.http.cit.unit.dll" id="ca2b9d43-9e0b-4004-773b-48509b1890fa">
      <Description>Handle(object[]) throws with null Input.</Description>
      <Execution timeOut="30000" id="b985d32d-93e9-4c6a-856a-76d11e9a0368" />
      <Owners>
        <Owner name="vinelap" />
      </Owners>
      <TestCategory>
        <TestCategoryItem TestCategory="CIT" />
      </TestCategory>
      <TestMethod codeBase="F:/advisorsrepo/wcfhttp/Http/Test/Microsoft.ApplicationServer.Http/Unit/bin/Release/Microsoft.ApplicationServer.Http.CIT.Unit.DLL" adapterTypeName="Microsoft.VisualStudio.TestTools.TestTypes.Unit.UnitTestAdapter, Microsoft.VisualStudio.QualityTools.Tips.UnitTest.Adapter, Version=10.0.0.0, Culture=neutral, PublicKeyToken=b03f5f7f11d50a3a" className="Microsoft.ApplicationServer.Http.Dispatcher.HttpOperationHandlerTests, Microsoft.ApplicationServer.Http.CIT.Unit, Version=0.0.0.0, Culture=neutral, PublicKeyToken=null" name="HandleThrowsWithNullInput" />
    </UnitTest>
    <UnitTest name="CreateInstance_Null_Request_Throws" storage="f:\advisorsrepo\wcfhttp\http\test\microsoft.applicationserver.http\unit\bin\release\microsoft.applicationserver.http.cit.unit.dll" id="40a9a6c7-9d78-7fdc-c995-859e233d329b">
      <Description>HttpInstanceProvider.CreateInstance with null request throws</Description>
      <Execution timeOut="30000" id="62c6a0cf-6e52-4a2c-8a43-7e2be6f0ded9" />
      <Owners>
        <Owner name="maying" />
      </Owners>
      <TestCategory>
        <TestCategoryItem TestCategory="CIT" />
      </TestCategory>
      <TestMethod codeBase="F:/advisorsrepo/wcfhttp/Http/Test/Microsoft.ApplicationServer.Http/Unit/bin/Release/Microsoft.ApplicationServer.Http.CIT.Unit.DLL" adapterTypeName="Microsoft.VisualStudio.TestTools.TestTypes.Unit.UnitTestAdapter, Microsoft.VisualStudio.QualityTools.Tips.UnitTest.Adapter, Version=10.0.0.0, Culture=neutral, PublicKeyToken=b03f5f7f11d50a3a" className="Microsoft.ApplicationServer.Http.Dispatcher.HttpInstanceProviderTests, Microsoft.ApplicationServer.Http.CIT.Unit, Version=0.0.0.0, Culture=neutral, PublicKeyToken=null" name="CreateInstance_Null_Request_Throws" />
    </UnitTest>
    <UnitTest name="HttpOperationDescription_Update_InputParameters_From_Incomplete_HttpOperationDescription" storage="f:\advisorsrepo\wcfhttp\http\test\microsoft.applicationserver.http\unit\bin\release\microsoft.applicationserver.http.cit.unit.dll" id="95f55900-95f3-ac83-e43e-68e866e38c0c">
      <Description>HttpOperationDescription updating input parameters through incomplete HttpOperationDescription updates in OperationDescription</Description>
      <Execution timeOut="30000" id="e0b3e181-7490-4fc3-a96b-aac79cbcbdd0" />
      <Owners>
        <Owner name="maying" />
      </Owners>
      <TestCategory>
        <TestCategoryItem TestCategory="CIT" />
      </TestCategory>
      <TestMethod codeBase="F:/advisorsrepo/wcfhttp/Http/Test/Microsoft.ApplicationServer.Http/Unit/bin/Release/Microsoft.ApplicationServer.Http.CIT.Unit.DLL" adapterTypeName="Microsoft.VisualStudio.TestTools.TestTypes.Unit.UnitTestAdapter, Microsoft.VisualStudio.QualityTools.Tips.UnitTest.Adapter, Version=10.0.0.0, Culture=neutral, PublicKeyToken=b03f5f7f11d50a3a" className="Microsoft.ApplicationServer.Http.Description.HttpOperationDescriptionTests, Microsoft.ApplicationServer.Http.CIT.Unit, Version=0.0.0.0, Culture=neutral, PublicKeyToken=null" name="HttpOperationDescription_Update_InputParameters_From_Incomplete_HttpOperationDescription" />
    </UnitTest>
    <UnitTest name="ResponseContentReturnsHttpContentHttpParameter" storage="f:\advisorsrepo\wcfhttp\http\test\microsoft.applicationserver.http\unit\bin\release\microsoft.applicationserver.http.cit.unit.dll" id="d7783af3-25c2-80fd-f4cd-42607f0d842b">
      <Description>ResponseContent returns HttpContent HttpParameter.</Description>
      <Execution timeOut="30000" id="477226e9-ddab-4c49-8052-95f17a877ec9" />
      <Owners>
        <Owner name="maying" />
      </Owners>
      <TestCategory>
        <TestCategoryItem TestCategory="CIT" />
      </TestCategory>
      <TestMethod codeBase="F:/advisorsrepo/wcfhttp/Http/Test/Microsoft.ApplicationServer.Http/Unit/bin/Release/Microsoft.ApplicationServer.Http.CIT.Unit.DLL" adapterTypeName="Microsoft.VisualStudio.TestTools.TestTypes.Unit.UnitTestAdapter, Microsoft.VisualStudio.QualityTools.Tips.UnitTest.Adapter, Version=10.0.0.0, Culture=neutral, PublicKeyToken=b03f5f7f11d50a3a" className="Microsoft.ApplicationServer.Http.Description.HttpParameterTests, Microsoft.ApplicationServer.Http.CIT.Unit, Version=0.0.0.0, Culture=neutral, PublicKeyToken=null" name="ResponseContentReturnsHttpContentHttpParameter" />
    </UnitTest>
    <UnitTest name="Reply_Returns_Same_HttpMessage_Instance_When_Response_Is_HttpMessage" storage="f:\advisorsrepo\wcfhttp\http\test\microsoft.applicationserver.http\unit\bin\release\microsoft.applicationserver.http.cit.unit.dll" id="bfd6bbbc-7210-a109-75f2-1a0c034f5e31">
      <Description>HttpMessageEncodingRequestContext.Reply returns the same HttpMessage instance when the response is an HttpMessage.</Description>
      <Execution timeOut="30000" id="3f9a7cb0-953d-4508-a492-6318c2259a2d" />
      <Owners>
        <Owner name="derik" />
      </Owners>
      <TestCategory>
        <TestCategoryItem TestCategory="CIT" />
      </TestCategory>
      <TestMethod codeBase="F:/advisorsrepo/wcfhttp/Http/Test/Microsoft.ApplicationServer.Http/Unit/bin/Release/Microsoft.ApplicationServer.Http.CIT.Unit.DLL" adapterTypeName="Microsoft.VisualStudio.TestTools.TestTypes.Unit.UnitTestAdapter, Microsoft.VisualStudio.QualityTools.Tips.UnitTest.Adapter, Version=10.0.0.0, Culture=neutral, PublicKeyToken=b03f5f7f11d50a3a" className="Microsoft.ApplicationServer.Http.Channels.HttpMessageEncodingRequestContextTests, Microsoft.ApplicationServer.Http.CIT.Unit, Version=0.0.0.0, Culture=neutral, PublicKeyToken=null" name="Reply_Returns_Same_HttpMessage_Instance_When_Response_Is_HttpMessage" />
    </UnitTest>
    <UnitTest name="HttpMessage_Is_An_Internal_Non_Abstract_Class" storage="f:\advisorsrepo\wcfhttp\http\test\microsoft.applicationserver.http\unit\bin\release\microsoft.applicationserver.http.cit.unit.dll" id="6e556b87-c9d7-da12-e7a3-a27d3759ab46">
      <Description>HttpMessage is an internal, non-abstract class.</Description>
      <Execution timeOut="30000" id="f737d8e6-edbd-4307-ad05-c7620a7a98da" />
      <Owners>
        <Owner name="derik" />
      </Owners>
      <TestCategory>
        <TestCategoryItem TestCategory="CIT" />
      </TestCategory>
      <TestMethod codeBase="F:/advisorsrepo/wcfhttp/Http/Test/Microsoft.ApplicationServer.Http/Unit/bin/Release/Microsoft.ApplicationServer.Http.CIT.Unit.DLL" adapterTypeName="Microsoft.VisualStudio.TestTools.TestTypes.Unit.UnitTestAdapter, Microsoft.VisualStudio.QualityTools.Tips.UnitTest.Adapter, Version=10.0.0.0, Culture=neutral, PublicKeyToken=b03f5f7f11d50a3a" className="Microsoft.ApplicationServer.Http.Channels.HttpMessageTests, Microsoft.ApplicationServer.Http.CIT.Unit, Version=0.0.0.0, Culture=neutral, PublicKeyToken=null" name="HttpMessage_Is_An_Internal_Non_Abstract_Class" />
    </UnitTest>
    <UnitTest name="ConvertHttpResponseMessageOfTtoObjectContentOfT" storage="f:\advisorsrepo\wcfhttp\http\test\microsoft.applicationserver.http\unit\bin\release\microsoft.applicationserver.http.cit.unit.dll" id="c0f870ea-7785-9e3a-29be-b0c85aac99d5">
      <Description>Convert(object) HttpResponseMessage&lt;T&gt; to ObjectContent&lt;T&gt;.</Description>
      <Execution timeOut="30000" id="ee7bd6af-de3b-4ce7-81a8-999653c4471b" />
      <Owners>
        <Owner name="dravva" />
      </Owners>
      <TestCategory>
        <TestCategoryItem TestCategory="CIT" />
      </TestCategory>
      <TestMethod codeBase="F:/advisorsrepo/wcfhttp/Http/Test/Microsoft.ApplicationServer.Http/Unit/bin/Release/Microsoft.ApplicationServer.Http.CIT.Unit.DLL" adapterTypeName="Microsoft.VisualStudio.TestTools.TestTypes.Unit.UnitTestAdapter, Microsoft.VisualStudio.QualityTools.Tips.UnitTest.Adapter, Version=10.0.0.0, Culture=neutral, PublicKeyToken=b03f5f7f11d50a3a" className="Microsoft.ApplicationServer.Http.Description.HttpParameterValueConverterTests, Microsoft.ApplicationServer.Http.CIT.Unit, Version=0.0.0.0, Culture=neutral, PublicKeyToken=null" name="ConvertHttpResponseMessageOfTtoObjectContentOfT" />
    </UnitTest>
    <UnitTest name="TypeIsCorrect" storage="f:\advisorsrepo\wcfhttp\http\test\microsoft.applicationserver.http\unit\bin\release\microsoft.applicationserver.http.cit.unit.dll" id="af2b3c4d-ff6a-2963-74fa-f57cf7663346">
      <Description>HttpContentExtensionMethods is public and static.</Description>
      <Execution timeOut="30000" id="3dbfe494-096a-4d03-843e-249374e3dcb7" />
      <Owners>
        <Owner name="vinelap" />
      </Owners>
      <TestCategory>
        <TestCategoryItem TestCategory="CIT" />
      </TestCategory>
      <TestMethod codeBase="F:/advisorsrepo/wcfhttp/Http/Test/Microsoft.ApplicationServer.Http/Unit/bin/Release/Microsoft.ApplicationServer.Http.CIT.Unit.DLL" adapterTypeName="Microsoft.VisualStudio.TestTools.TestTypes.Unit.UnitTestAdapter, Microsoft.VisualStudio.QualityTools.Tips.UnitTest.Adapter, Version=10.0.0.0, Culture=neutral, PublicKeyToken=b03f5f7f11d50a3a" className="Microsoft.ApplicationServer.Http.HttpContentExtensionMethodsTests, Microsoft.ApplicationServer.Http.CIT.Unit, Version=0.0.0.0, Culture=neutral, PublicKeyToken=null" name="TypeIsCorrect" />
    </UnitTest>
    <UnitTest name="Constructor" storage="f:\advisorsrepo\wcfhttp\http\test\microsoft.applicationserver.http\unit\bin\release\microsoft.applicationserver.http.cit.unit.dll" id="82dc611f-dfb2-21bb-9d58-2fad313ceb9d">
      <Description>MediaTypeFormatterCollection() sets XmlFormatter and JsonFormatter.</Description>
      <Execution timeOut="30000" id="b1719f6b-9116-4dca-8c71-446eafe1e4c0" />
      <Owners>
        <Owner name="dravva" />
      </Owners>
      <TestCategory>
        <TestCategoryItem TestCategory="CIT" />
      </TestCategory>
      <TestMethod codeBase="F:/advisorsrepo/wcfhttp/Http/Test/Microsoft.ApplicationServer.Http/Unit/bin/Release/Microsoft.ApplicationServer.Http.CIT.Unit.DLL" adapterTypeName="Microsoft.VisualStudio.TestTools.TestTypes.Unit.UnitTestAdapter, Microsoft.VisualStudio.QualityTools.Tips.UnitTest.Adapter, Version=10.0.0.0, Culture=neutral, PublicKeyToken=b03f5f7f11d50a3a" className="Microsoft.ApplicationServer.Http.MediaTypeFormatterCollectionTests, Microsoft.ApplicationServer.Http.CIT.Unit, Version=0.0.0.0, Culture=neutral, PublicKeyToken=null" name="Constructor" />
    </UnitTest>
    <UnitTest name="HttpMessageHandlerFactory_Is_Get_Set" storage="f:\advisorsrepo\wcfhttp\http\test\microsoft.applicationserver.http\unit\bin\release\microsoft.applicationserver.http.cit.unit.dll" id="03539d34-3a20-9a00-623f-acf2ed866b07">
      <Description>HttpMessageHandlerBindingElement.HttpMessageHandlerFactory property is Get and Set.</Description>
      <Execution timeOut="30000" id="e6b4f7fb-90c3-4a49-9ac5-ef9d47a18fde" />
      <Owners>
        <Owner name="derik" />
      </Owners>
      <TestCategory>
        <TestCategoryItem TestCategory="ADP_Basics" />
        <TestCategoryItem TestCategory="CIT" />
      </TestCategory>
      <TestMethod codeBase="F:/advisorsrepo/wcfhttp/Http/Test/Microsoft.ApplicationServer.Http/Unit/bin/Release/Microsoft.ApplicationServer.Http.CIT.Unit.DLL" adapterTypeName="Microsoft.VisualStudio.TestTools.TestTypes.Unit.UnitTestAdapter, Microsoft.VisualStudio.QualityTools.Tips.UnitTest.Adapter, Version=10.0.0.0, Culture=neutral, PublicKeyToken=b03f5f7f11d50a3a" className="Microsoft.ApplicationServer.Http.Channels.HttpMessageHandlerBindingElementTests, Microsoft.ApplicationServer.Http.CIT.Unit, Version=0.0.0.0, Culture=neutral, PublicKeyToken=null" name="HttpMessageHandlerFactory_Is_Get_Set" />
    </UnitTest>
    <UnitTest name="TrailingSlashMode_Throws_If_Set_To_Invalid_Value" storage="f:\advisorsrepo\wcfhttp\http\test\microsoft.applicationserver.http\unit\bin\release\microsoft.applicationserver.http.cit.unit.dll" id="3ed23609-da9b-07e2-7689-eb47d1cc4edc">
      <Description>HttpBehavior.TrailingSlashMode throws for illegal values</Description>
      <Execution timeOut="30000" id="4b046177-1b64-4973-ad9b-a5594680fbb3" />
      <Owners>
        <Owner name="vinelap" />
      </Owners>
      <TestCategory>
        <TestCategoryItem TestCategory="CIT" />
      </TestCategory>
      <TestMethod codeBase="F:/advisorsrepo/wcfhttp/Http/Test/Microsoft.ApplicationServer.Http/Unit/bin/Release/Microsoft.ApplicationServer.Http.CIT.Unit.DLL" adapterTypeName="Microsoft.VisualStudio.TestTools.TestTypes.Unit.UnitTestAdapter, Microsoft.VisualStudio.QualityTools.Tips.UnitTest.Adapter, Version=10.0.0.0, Culture=neutral, PublicKeyToken=b03f5f7f11d50a3a" className="Microsoft.ApplicationServer.Http.Description.HttpBehaviorTests, Microsoft.ApplicationServer.Http.CIT.Unit, Version=0.0.0.0, Culture=neutral, PublicKeyToken=null" name="TrailingSlashMode_Throws_If_Set_To_Invalid_Value" />
    </UnitTest>
    <UnitTest name="HttpParameterCollection_Synchronized_IndexOf" storage="f:\advisorsrepo\wcfhttp\http\test\microsoft.applicationserver.http\unit\bin\release\microsoft.applicationserver.http.cit.unit.dll" id="2649e114-4d06-7187-2d7d-b9a3b56264f1">
      <Description>HttpParameterCollection created from MessagePartDescriptionCollection implements IndexOf correctly</Description>
      <Execution timeOut="30000" id="373a406b-5b22-408e-a353-70f3efb2e415" />
      <Owners>
        <Owner name="derik" />
      </Owners>
      <TestCategory>
        <TestCategoryItem TestCategory="CIT" />
      </TestCategory>
      <TestMethod codeBase="F:/advisorsrepo/wcfhttp/Http/Test/Microsoft.ApplicationServer.Http/Unit/bin/Release/Microsoft.ApplicationServer.Http.CIT.Unit.DLL" adapterTypeName="Microsoft.VisualStudio.TestTools.TestTypes.Unit.UnitTestAdapter, Microsoft.VisualStudio.QualityTools.Tips.UnitTest.Adapter, Version=10.0.0.0, Culture=neutral, PublicKeyToken=b03f5f7f11d50a3a" className="Microsoft.ApplicationServer.Http.Description.HttpParameterCollectionTests, Microsoft.ApplicationServer.Http.CIT.Unit, Version=0.0.0.0, Culture=neutral, PublicKeyToken=null" name="HttpParameterCollection_Synchronized_IndexOf" />
    </UnitTest>
    <UnitTest name="TypeIsCorrect" storage="f:\advisorsrepo\wcfhttp\http\test\microsoft.applicationserver.http\unit\bin\release\microsoft.applicationserver.http.cit.unit.dll" id="eb29e57e-a249-1ad9-2eeb-8889f130a2bf">
      <Description>MediaTypeFormatterCollection is public, concrete, and unsealed.</Description>
      <Execution timeOut="30000" id="9049ced4-1d2c-4ba5-a8d5-96db4a9d30e0" />
      <Owners>
        <Owner name="dravva" />
      </Owners>
      <TestCategory>
        <TestCategoryItem TestCategory="CIT" />
      </TestCategory>
      <TestMethod codeBase="F:/advisorsrepo/wcfhttp/Http/Test/Microsoft.ApplicationServer.Http/Unit/bin/Release/Microsoft.ApplicationServer.Http.CIT.Unit.DLL" adapterTypeName="Microsoft.VisualStudio.TestTools.TestTypes.Unit.UnitTestAdapter, Microsoft.VisualStudio.QualityTools.Tips.UnitTest.Adapter, Version=10.0.0.0, Culture=neutral, PublicKeyToken=b03f5f7f11d50a3a" className="Microsoft.ApplicationServer.Http.MediaTypeFormatterCollectionTests, Microsoft.ApplicationServer.Http.CIT.Unit, Version=0.0.0.0, Culture=neutral, PublicKeyToken=null" name="TypeIsCorrect" />
    </UnitTest>
    <UnitTest name="DetermineWriteSerializerAndContentType" storage="f:\advisorsrepo\wcfhttp\http\test\microsoft.applicationserver.http\unit\bin\release\microsoft.applicationserver.http.cit.unit.dll" id="2ca66f02-dd3b-9f7c-4a1d-7736d1222940">
      <Description>DetermineWriteSerializerAndContentType() internal method selects formatter and content type.</Description>
      <Execution timeOut="30000" id="470c888f-c3f7-42b9-b561-dcb9c540b004" />
      <Owners>
        <Owner name="dravva" />
      </Owners>
      <TestCategory>
        <TestCategoryItem TestCategory="CIT" />
      </TestCategory>
      <TestMethod codeBase="F:/advisorsrepo/wcfhttp/Http/Test/Microsoft.ApplicationServer.Http/Unit/bin/Release/Microsoft.ApplicationServer.Http.CIT.Unit.DLL" adapterTypeName="Microsoft.VisualStudio.TestTools.TestTypes.Unit.UnitTestAdapter, Microsoft.VisualStudio.QualityTools.Tips.UnitTest.Adapter, Version=10.0.0.0, Culture=neutral, PublicKeyToken=b03f5f7f11d50a3a" className="Microsoft.ApplicationServer.Http.ObjectContentTests, Microsoft.ApplicationServer.Http.CIT.Unit, Version=0.0.0.0, Culture=neutral, PublicKeyToken=null" name="DetermineWriteSerializerAndContentType" />
    </UnitTest>
    <UnitTest name="ReadFromStreamAsyncRoundTripsWriteToStreamUsingDataContractSerializer" storage="f:\advisorsrepo\wcfhttp\http\test\microsoft.applicationserver.http\unit\bin\release\microsoft.applicationserver.http.cit.unit.dll" id="21a7a4fb-54c1-77a7-c0ec-94a9331b74fc">
      <Description>XmlMediaTypeFormatter.ReadFromStream returns all value and reference types serialized via WriteToStream using DataContractSerializer.</Description>
      <Execution timeOut="30000" id="d720e8d7-b3a0-439f-b1e1-18e580c44de9" />
      <Owners>
        <Owner name="dravva" />
      </Owners>
      <TestCategory>
        <TestCategoryItem TestCategory="CIT" />
      </TestCategory>
      <TestMethod codeBase="F:/advisorsrepo/wcfhttp/Http/Test/Microsoft.ApplicationServer.Http/Unit/bin/Release/Microsoft.ApplicationServer.Http.CIT.Unit.DLL" adapterTypeName="Microsoft.VisualStudio.TestTools.TestTypes.Unit.UnitTestAdapter, Microsoft.VisualStudio.QualityTools.Tips.UnitTest.Adapter, Version=10.0.0.0, Culture=neutral, PublicKeyToken=b03f5f7f11d50a3a" className="Microsoft.ApplicationServer.Http.XmlMediaTypeFormatterTests, Microsoft.ApplicationServer.Http.CIT.Unit, Version=0.0.0.0, Culture=neutral, PublicKeyToken=null" name="ReadFromStreamAsyncRoundTripsWriteToStreamUsingDataContractSerializer" />
    </UnitTest>
    <UnitTest name="Validate_Throws_If_Any_Operation_Has_Typed_Message_Request" storage="f:\advisorsrepo\wcfhttp\http\test\microsoft.applicationserver.http\unit\bin\release\microsoft.applicationserver.http.cit.unit.dll" id="281e23ed-6d7e-f495-d2cb-22e873c097f8">
      <Description>HttpBehavior.Validate throws if any operation has a request with a typed message.</Description>
      <Execution timeOut="30000" id="e362f088-3394-4c49-9560-f2f666798461" />
      <Owners>
        <Owner name="vinelap" />
      </Owners>
      <TestCategory>
        <TestCategoryItem TestCategory="CIT" />
      </TestCategory>
      <TestMethod codeBase="F:/advisorsrepo/wcfhttp/Http/Test/Microsoft.ApplicationServer.Http/Unit/bin/Release/Microsoft.ApplicationServer.Http.CIT.Unit.DLL" adapterTypeName="Microsoft.VisualStudio.TestTools.TestTypes.Unit.UnitTestAdapter, Microsoft.VisualStudio.QualityTools.Tips.UnitTest.Adapter, Version=10.0.0.0, Culture=neutral, PublicKeyToken=b03f5f7f11d50a3a" className="Microsoft.ApplicationServer.Http.Description.HttpBehaviorTests, Microsoft.ApplicationServer.Http.CIT.Unit, Version=0.0.0.0, Culture=neutral, PublicKeyToken=null" name="Validate_Throws_If_Any_Operation_Has_Typed_Message_Request" />
    </UnitTest>
    <UnitTest name="RequestMethodReturnsHttpMethodHttpParameter" storage="f:\advisorsrepo\wcfhttp\http\test\microsoft.applicationserver.http\unit\bin\release\microsoft.applicationserver.http.cit.unit.dll" id="c5aef997-2b7d-c017-fff3-6c697c46caaf">
      <Description>RequestMethod returns HttpMethod HttpParameter.</Description>
      <Execution timeOut="30000" id="26cfa271-87dd-49fd-b35a-a6d183374c7f" />
      <Owners>
        <Owner name="maying" />
      </Owners>
      <TestCategory>
        <TestCategoryItem TestCategory="CIT" />
      </TestCategory>
      <TestMethod codeBase="F:/advisorsrepo/wcfhttp/Http/Test/Microsoft.ApplicationServer.Http/Unit/bin/Release/Microsoft.ApplicationServer.Http.CIT.Unit.DLL" adapterTypeName="Microsoft.VisualStudio.TestTools.TestTypes.Unit.UnitTestAdapter, Microsoft.VisualStudio.QualityTools.Tips.UnitTest.Adapter, Version=10.0.0.0, Culture=neutral, PublicKeyToken=b03f5f7f11d50a3a" className="Microsoft.ApplicationServer.Http.Description.HttpParameterTests, Microsoft.ApplicationServer.Http.CIT.Unit, Version=0.0.0.0, Culture=neutral, PublicKeyToken=null" name="RequestMethodReturnsHttpMethodHttpParameter" />
    </UnitTest>
    <UnitTest name="HttpOperationDescription_Delete_InputParameters_From_HttpOperationDescription" storage="f:\advisorsrepo\wcfhttp\http\test\microsoft.applicationserver.http\unit\bin\release\microsoft.applicationserver.http.cit.unit.dll" id="cb4bf09b-8149-1a33-ccf0-30c93d1d2093">
      <Description>HttpOperationDescription delete input parameters through HttpOperationDescription updates in OperationDescription</Description>
      <Execution timeOut="30000" id="5a8f6628-e459-4a8d-b36a-ff7a5df392c2" />
      <Owners>
        <Owner name="maying" />
      </Owners>
      <TestCategory>
        <TestCategoryItem TestCategory="CIT" />
      </TestCategory>
      <TestMethod codeBase="F:/advisorsrepo/wcfhttp/Http/Test/Microsoft.ApplicationServer.Http/Unit/bin/Release/Microsoft.ApplicationServer.Http.CIT.Unit.DLL" adapterTypeName="Microsoft.VisualStudio.TestTools.TestTypes.Unit.UnitTestAdapter, Microsoft.VisualStudio.QualityTools.Tips.UnitTest.Adapter, Version=10.0.0.0, Culture=neutral, PublicKeyToken=b03f5f7f11d50a3a" className="Microsoft.ApplicationServer.Http.Description.HttpOperationDescriptionTests, Microsoft.ApplicationServer.Http.CIT.Unit, Version=0.0.0.0, Culture=neutral, PublicKeyToken=null" name="HttpOperationDescription_Delete_InputParameters_From_HttpOperationDescription" />
    </UnitTest>
    <UnitTest name="Operation_Help_Page_Is_Available" storage="f:\advisorsrepo\wcfhttp\http\test\microsoft.applicationserver.http\unit\bin\release\microsoft.applicationserver.http.cit.unit.dll" id="c561cbd6-7823-a7db-6482-c49f9363df0e">
      <Description>HttpBehavior back compat test an operation help page.</Description>
      <Execution timeOut="30000" id="57be8937-f21f-4853-bac0-2c894350ca4f" />
      <Owners>
        <Owner name="vinelap" />
      </Owners>
      <TestCategory>
        <TestCategoryItem TestCategory="CIT" />
      </TestCategory>
      <TestMethod codeBase="F:/advisorsrepo/wcfhttp/Http/Test/Microsoft.ApplicationServer.Http/Unit/bin/Release/Microsoft.ApplicationServer.Http.CIT.Unit.DLL" adapterTypeName="Microsoft.VisualStudio.TestTools.TestTypes.Unit.UnitTestAdapter, Microsoft.VisualStudio.QualityTools.Tips.UnitTest.Adapter, Version=10.0.0.0, Culture=neutral, PublicKeyToken=b03f5f7f11d50a3a" className="Microsoft.ApplicationServer.Http.Description.HttpBehaviorTests, Microsoft.ApplicationServer.Http.CIT.Unit, Version=0.0.0.0, Culture=neutral, PublicKeyToken=null" name="Operation_Help_Page_Is_Available" />
    </UnitTest>
    <UnitTest name="ToString_With_A_Request_And_Null_HttpContent_Indicates_Zero_Content_Length" storage="f:\advisorsrepo\wcfhttp\http\test\microsoft.applicationserver.http\unit\bin\release\microsoft.applicationserver.http.cit.unit.dll" id="65f989c6-d2a0-e0ae-0be5-c99378eefe76">
      <Description>HttpMessage.ToString() indicates that it is a request message with a content length of zero if the HttpContent is null.</Description>
      <Execution timeOut="30000" id="ec06b75b-e3a4-4953-80e3-482f799da6cc" />
      <Owners>
        <Owner name="derik" />
      </Owners>
      <TestCategory>
        <TestCategoryItem TestCategory="CIT" />
      </TestCategory>
      <TestMethod codeBase="F:/advisorsrepo/wcfhttp/Http/Test/Microsoft.ApplicationServer.Http/Unit/bin/Release/Microsoft.ApplicationServer.Http.CIT.Unit.DLL" adapterTypeName="Microsoft.VisualStudio.TestTools.TestTypes.Unit.UnitTestAdapter, Microsoft.VisualStudio.QualityTools.Tips.UnitTest.Adapter, Version=10.0.0.0, Culture=neutral, PublicKeyToken=b03f5f7f11d50a3a" className="Microsoft.ApplicationServer.Http.Channels.HttpMessageTests, Microsoft.ApplicationServer.Http.CIT.Unit, Version=0.0.0.0, Culture=neutral, PublicKeyToken=null" name="ToString_With_A_Request_And_Null_HttpContent_Indicates_Zero_Content_Length" />
    </UnitTest>
    <UnitTest name="ReadAsAsync1ThrowsWithNullType" storage="f:\advisorsrepo\wcfhttp\http\test\microsoft.applicationserver.http\unit\bin\release\microsoft.applicationserver.http.cit.unit.dll" id="96ca16f4-6b0c-4caa-a2ff-7d1dc08785c0">
      <Description>HttpContentExtensionMethods.ReadAsAsync(HttpContent, Type, IEnumerable&lt;MediaTypeFormatter&gt;) throws with null Type.</Description>
      <Execution timeOut="30000" id="56527965-291c-4189-86f9-52d7189bf4db" />
      <Owners>
        <Owner name="vinelap" />
      </Owners>
      <TestCategory>
        <TestCategoryItem TestCategory="CIT" />
      </TestCategory>
      <TestMethod codeBase="F:/advisorsrepo/wcfhttp/Http/Test/Microsoft.ApplicationServer.Http/Unit/bin/Release/Microsoft.ApplicationServer.Http.CIT.Unit.DLL" adapterTypeName="Microsoft.VisualStudio.TestTools.TestTypes.Unit.UnitTestAdapter, Microsoft.VisualStudio.QualityTools.Tips.UnitTest.Adapter, Version=10.0.0.0, Culture=neutral, PublicKeyToken=b03f5f7f11d50a3a" className="Microsoft.ApplicationServer.Http.HttpContentExtensionMethodsTests, Microsoft.ApplicationServer.Http.CIT.Unit, Version=0.0.0.0, Culture=neutral, PublicKeyToken=null" name="ReadAsAsync1ThrowsWithNullType" />
    </UnitTest>
    <UnitTest name="SupportsMediaType1ThrowsWithNullRequestInHttpResponseMessage" storage="f:\advisorsrepo\wcfhttp\http\test\microsoft.applicationserver.http\unit\bin\release\microsoft.applicationserver.http.cit.unit.dll" id="220aefdd-9270-a0a6-e780-faf7d8c8e36d">
      <Description>SupportsMediaType(HttpResponseMessage) throws with a null HttpRequestMessage in HttpResponseMessage.</Description>
      <Execution timeOut="30000" id="f957eca9-50dc-405d-a1ba-f6d94784371a" />
      <Owners>
        <Owner name="dravva" />
      </Owners>
      <TestCategory>
        <TestCategoryItem TestCategory="CIT" />
      </TestCategory>
      <TestMethod codeBase="F:/advisorsrepo/wcfhttp/Http/Test/Microsoft.ApplicationServer.Http/Unit/bin/Release/Microsoft.ApplicationServer.Http.CIT.Unit.DLL" adapterTypeName="Microsoft.VisualStudio.TestTools.TestTypes.Unit.UnitTestAdapter, Microsoft.VisualStudio.QualityTools.Tips.UnitTest.Adapter, Version=10.0.0.0, Culture=neutral, PublicKeyToken=b03f5f7f11d50a3a" className="Microsoft.ApplicationServer.Http.MediaRangeMappingTests, Microsoft.ApplicationServer.Http.CIT.Unit, Version=0.0.0.0, Culture=neutral, PublicKeyToken=null" name="SupportsMediaType1ThrowsWithNullRequestInHttpResponseMessage" />
    </UnitTest>
    <UnitTest name="HttpParameterCollection_Unsynchronized_RemoveAt" storage="f:\advisorsrepo\wcfhttp\http\test\microsoft.applicationserver.http\unit\bin\release\microsoft.applicationserver.http.cit.unit.dll" id="6a0cad72-1acb-e497-a96b-e3cc78f1fe35">
      <Description>HttpParameterCollection created from default ctor implements RemoveAt correctly</Description>
      <Execution timeOut="30000" id="5ba4815b-54fe-410e-b22a-1523130d2376" />
      <Owners>
        <Owner name="derik" />
      </Owners>
      <TestCategory>
        <TestCategoryItem TestCategory="CIT" />
      </TestCategory>
      <TestMethod codeBase="F:/advisorsrepo/wcfhttp/Http/Test/Microsoft.ApplicationServer.Http/Unit/bin/Release/Microsoft.ApplicationServer.Http.CIT.Unit.DLL" adapterTypeName="Microsoft.VisualStudio.TestTools.TestTypes.Unit.UnitTestAdapter, Microsoft.VisualStudio.QualityTools.Tips.UnitTest.Adapter, Version=10.0.0.0, Culture=neutral, PublicKeyToken=b03f5f7f11d50a3a" className="Microsoft.ApplicationServer.Http.Description.HttpParameterCollectionTests, Microsoft.ApplicationServer.Http.CIT.Unit, Version=0.0.0.0, Culture=neutral, PublicKeyToken=null" name="HttpParameterCollection_Unsynchronized_RemoveAt" />
    </UnitTest>
    <UnitTest name="HttpParameterCollection_Default_Ctor" storage="f:\advisorsrepo\wcfhttp\http\test\microsoft.applicationserver.http\unit\bin\release\microsoft.applicationserver.http.cit.unit.dll" id="e09dbd5c-5114-33e8-8d51-532af0237f99">
      <Description>HttpParameterCollection supports default ctor</Description>
      <Execution timeOut="30000" id="e07ad339-291a-4801-8972-5d82d1a60a5a" />
      <Owners>
        <Owner name="derik" />
      </Owners>
      <TestCategory>
        <TestCategoryItem TestCategory="CIT" />
      </TestCategory>
      <TestMethod codeBase="F:/advisorsrepo/wcfhttp/Http/Test/Microsoft.ApplicationServer.Http/Unit/bin/Release/Microsoft.ApplicationServer.Http.CIT.Unit.DLL" adapterTypeName="Microsoft.VisualStudio.TestTools.TestTypes.Unit.UnitTestAdapter, Microsoft.VisualStudio.QualityTools.Tips.UnitTest.Adapter, Version=10.0.0.0, Culture=neutral, PublicKeyToken=b03f5f7f11d50a3a" className="Microsoft.ApplicationServer.Http.Description.HttpParameterCollectionTests, Microsoft.ApplicationServer.Http.CIT.Unit, Version=0.0.0.0, Culture=neutral, PublicKeyToken=null" name="HttpParameterCollection_Default_Ctor" />
    </UnitTest>
    <UnitTest name="Mode_Can_Be_Set" storage="f:\advisorsrepo\wcfhttp\http\test\microsoft.applicationserver.http\unit\bin\release\microsoft.applicationserver.http.cit.unit.dll" id="70e0ec0c-6af7-b66b-b7fc-e3c04eba84a3">
      <Description>HttpBindingSecurity.Mode can be set.</Description>
      <Execution timeOut="30000" id="06e7c681-7dbf-4f87-81cc-fafad49f01c9" />
      <Owners>
        <Owner name="derik" />
      </Owners>
      <TestCategory>
        <TestCategoryItem TestCategory="CIT" />
      </TestCategory>
      <TestMethod codeBase="F:/advisorsrepo/wcfhttp/Http/Test/Microsoft.ApplicationServer.Http/Unit/bin/Release/Microsoft.ApplicationServer.Http.CIT.Unit.DLL" adapterTypeName="Microsoft.VisualStudio.TestTools.TestTypes.Unit.UnitTestAdapter, Microsoft.VisualStudio.QualityTools.Tips.UnitTest.Adapter, Version=10.0.0.0, Culture=neutral, PublicKeyToken=b03f5f7f11d50a3a" className="Microsoft.ApplicationServer.Http.HttpBindingSecurityTests, Microsoft.ApplicationServer.Http.CIT.Unit, Version=0.0.0.0, Culture=neutral, PublicKeyToken=null" name="Mode_Can_Be_Set" />
    </UnitTest>
    <UnitTest name="HandleCallsOnHandleOfGeneric07" storage="f:\advisorsrepo\wcfhttp\http\test\microsoft.applicationserver.http\unit\bin\release\microsoft.applicationserver.http.cit.unit.dll" id="f0a3d096-56c9-65ff-551f-4b2fdc28c12c">
      <Description>Handle(object[]) calls OnHandle for the generic HttpOperationHandlerOfT.</Description>
      <Execution timeOut="30000" id="4a72b552-7d81-40ab-a7cb-b6a592546a6a" />
      <Owners>
        <Owner name="dravva" />
      </Owners>
      <TestCategory>
        <TestCategoryItem TestCategory="CIT" />
      </TestCategory>
      <TestMethod codeBase="F:/advisorsrepo/wcfhttp/Http/Test/Microsoft.ApplicationServer.Http/Unit/bin/Release/Microsoft.ApplicationServer.Http.CIT.Unit.DLL" adapterTypeName="Microsoft.VisualStudio.TestTools.TestTypes.Unit.UnitTestAdapter, Microsoft.VisualStudio.QualityTools.Tips.UnitTest.Adapter, Version=10.0.0.0, Culture=neutral, PublicKeyToken=b03f5f7f11d50a3a" className="Microsoft.ApplicationServer.Http.Dispatcher.HttpOperationHandlerOfTTests, Microsoft.ApplicationServer.Http.CIT.Unit, Version=0.0.0.0, Culture=neutral, PublicKeyToken=null" name="HandleCallsOnHandleOfGeneric07" />
    </UnitTest>
    <UnitTest name="HttpParameterCollection_Synchronized_Insert" storage="f:\advisorsrepo\wcfhttp\http\test\microsoft.applicationserver.http\unit\bin\release\microsoft.applicationserver.http.cit.unit.dll" id="9b1111f1-8c0a-b403-67eb-fcf31485f3a2">
      <Description>HttpParameterCollection created from MessagePartDescriptionCollection implements Insert correctly</Description>
      <Execution timeOut="30000" id="e41fcbb8-0e22-449f-b944-6aa71e9c0a16" />
      <Owners>
        <Owner name="derik" />
      </Owners>
      <TestCategory>
        <TestCategoryItem TestCategory="CIT" />
      </TestCategory>
      <TestMethod codeBase="F:/advisorsrepo/wcfhttp/Http/Test/Microsoft.ApplicationServer.Http/Unit/bin/Release/Microsoft.ApplicationServer.Http.CIT.Unit.DLL" adapterTypeName="Microsoft.VisualStudio.TestTools.TestTypes.Unit.UnitTestAdapter, Microsoft.VisualStudio.QualityTools.Tips.UnitTest.Adapter, Version=10.0.0.0, Culture=neutral, PublicKeyToken=b03f5f7f11d50a3a" className="Microsoft.ApplicationServer.Http.Description.HttpParameterCollectionTests, Microsoft.ApplicationServer.Http.CIT.Unit, Version=0.0.0.0, Culture=neutral, PublicKeyToken=null" name="HttpParameterCollection_Synchronized_Insert" />
    </UnitTest>
    <UnitTest name="UnitTestClassIsCorrect" storage="f:\advisorsrepo\wcfhttp\http\test\microsoft.applicationserver.http\unit\bin\release\microsoft.applicationserver.http.cit.unit.dll" id="e0d15f5d-2dc8-ac60-2906-b8e70689d720">
      <Execution timeOut="1800000" id="e4b2ae4b-610a-41ec-b2b6-4c9c2abc46b6" />
      <TestMethod codeBase="F:/advisorsrepo/wcfhttp/Http/Test/Microsoft.ApplicationServer.Http/Unit/bin/Release/Microsoft.ApplicationServer.Http.CIT.Unit.DLL" adapterTypeName="Microsoft.VisualStudio.TestTools.TestTypes.Unit.UnitTestAdapter, Microsoft.VisualStudio.QualityTools.Tips.UnitTest.Adapter, Version=10.0.0.0, Culture=neutral, PublicKeyToken=b03f5f7f11d50a3a" className="Microsoft.ApplicationServer.Http.Dispatcher.OperationHandlerPipelineTests, Microsoft.ApplicationServer.Http.CIT.Unit, Version=0.0.0.0, Culture=neutral, PublicKeyToken=null" name="UnitTestClassIsCorrect" />
    </UnitTest>
    <UnitTest name="ConstructorCallsOnGetInputParametersOfAllResponseHandlers" storage="f:\advisorsrepo\wcfhttp\http\test\microsoft.applicationserver.http\unit\bin\release\microsoft.applicationserver.http.cit.unit.dll" id="6a22cae7-67e2-7b24-a40c-24472efb559f">
      <Description>OperationHandlerPipelineInfo(IEnumerable&lt;HttpOperationHandler&gt;, IEnumerable&lt;HttpOperationHandler&gt;, HttpOperationDescription) calls OnGetInputParameters() on all of the responseHandlers.</Description>
      <Execution timeOut="30000" id="e4ed4992-0570-4203-9d7d-c246ee10a9f9" />
      <Owners>
        <Owner name="dravva" />
      </Owners>
      <TestCategory>
        <TestCategoryItem TestCategory="CIT" />
      </TestCategory>
      <TestMethod codeBase="F:/advisorsrepo/wcfhttp/Http/Test/Microsoft.ApplicationServer.Http/Unit/bin/Release/Microsoft.ApplicationServer.Http.CIT.Unit.DLL" adapterTypeName="Microsoft.VisualStudio.TestTools.TestTypes.Unit.UnitTestAdapter, Microsoft.VisualStudio.QualityTools.Tips.UnitTest.Adapter, Version=10.0.0.0, Culture=neutral, PublicKeyToken=b03f5f7f11d50a3a" className="Microsoft.ApplicationServer.Http.Dispatcher.OperationHandlerPipelineInfoTests, Microsoft.ApplicationServer.Http.CIT.Unit, Version=0.0.0.0, Culture=neutral, PublicKeyToken=null" name="ConstructorCallsOnGetInputParametersOfAllResponseHandlers" />
    </UnitTest>
    <UnitTest name="UnitTestClassIsCorrect" storage="f:\advisorsrepo\wcfhttp\http\test\microsoft.applicationserver.http\unit\bin\release\microsoft.applicationserver.http.cit.unit.dll" id="0c381378-4b4b-e9a3-6209-ef85b628a1fc">
      <Execution timeOut="1800000" id="f9fd780a-844f-42af-9a29-65217e8d3e63" />
      <TestMethod codeBase="F:/advisorsrepo/wcfhttp/Http/Test/Microsoft.ApplicationServer.Http/Unit/bin/Release/Microsoft.ApplicationServer.Http.CIT.Unit.DLL" adapterTypeName="Microsoft.VisualStudio.TestTools.TestTypes.Unit.UnitTestAdapter, Microsoft.VisualStudio.QualityTools.Tips.UnitTest.Adapter, Version=10.0.0.0, Culture=neutral, PublicKeyToken=b03f5f7f11d50a3a" className="Microsoft.ApplicationServer.Http.Dispatcher.OperationHandlerPipelineContextTests, Microsoft.ApplicationServer.Http.CIT.Unit, Version=0.0.0.0, Culture=neutral, PublicKeyToken=null" name="UnitTestClassIsCorrect" />
    </UnitTest>
    <UnitTest name="ConstructorThrowsWithNullHttpFormatters" storage="f:\advisorsrepo\wcfhttp\http\test\microsoft.applicationserver.http\unit\bin\release\microsoft.applicationserver.http.cit.unit.dll" id="d64bdb11-2f48-01bf-1cfb-8b9c6ecba2ca">
      <Description>ResponseContentHandler() constructor throws for null Formatters.</Description>
      <Execution timeOut="30000" id="3e1c47e4-3f9e-4abb-a157-dcefe4e824f2" />
      <Owners>
        <Owner name="dravva" />
      </Owners>
      <TestCategory>
        <TestCategoryItem TestCategory="CIT" />
      </TestCategory>
      <TestMethod codeBase="F:/advisorsrepo/wcfhttp/Http/Test/Microsoft.ApplicationServer.Http/Unit/bin/Release/Microsoft.ApplicationServer.Http.CIT.Unit.DLL" adapterTypeName="Microsoft.VisualStudio.TestTools.TestTypes.Unit.UnitTestAdapter, Microsoft.VisualStudio.QualityTools.Tips.UnitTest.Adapter, Version=10.0.0.0, Culture=neutral, PublicKeyToken=b03f5f7f11d50a3a" className="Microsoft.ApplicationServer.Http.Dispatcher.ResponseContentHandlerTests, Microsoft.ApplicationServer.Http.CIT.Unit, Version=0.0.0.0, Culture=neutral, PublicKeyToken=null" name="ConstructorThrowsWithNullHttpFormatters" />
    </UnitTest>
    <UnitTest name="CanWriteAsReturnsTrue" storage="f:\advisorsrepo\wcfhttp\http\test\microsoft.applicationserver.http\unit\bin\release\microsoft.applicationserver.http.cit.unit.dll" id="675ddffd-ce74-5fbf-3d9e-d23b0c5c68fc">
      <Description>CanWriteAs(Type, HttpContent, out MediaTypeHeaderValue) returns true always for supported media types.</Description>
      <Execution timeOut="30000" id="98549318-2230-42ad-9cee-71e1280ee5a0" />
      <Owners>
        <Owner name="dravva" />
      </Owners>
      <TestCategory>
        <TestCategoryItem TestCategory="CIT" />
      </TestCategory>
      <TestMethod codeBase="F:/advisorsrepo/wcfhttp/Http/Test/Microsoft.ApplicationServer.Http/Unit/bin/Release/Microsoft.ApplicationServer.Http.CIT.Unit.DLL" adapterTypeName="Microsoft.VisualStudio.TestTools.TestTypes.Unit.UnitTestAdapter, Microsoft.VisualStudio.QualityTools.Tips.UnitTest.Adapter, Version=10.0.0.0, Culture=neutral, PublicKeyToken=b03f5f7f11d50a3a" className="Microsoft.ApplicationServer.Http.MediaTypeFormatterTests, Microsoft.ApplicationServer.Http.CIT.Unit, Version=0.0.0.0, Culture=neutral, PublicKeyToken=null" name="CanWriteAsReturnsTrue" />
    </UnitTest>
    <UnitTest name="SerializeToStreamCallsFormatter" storage="f:\advisorsrepo\wcfhttp\http\test\microsoft.applicationserver.http\unit\bin\release\microsoft.applicationserver.http.cit.unit.dll" id="d35e30be-f962-9527-dd27-f07d967b4216">
      <Description>SerializeToStream() calls the registered MediaTypeFormatter for SupportedMediaTypes and OnWriteToStream.</Description>
      <Execution timeOut="30000" id="1f1d9000-15b5-4fc7-b838-3e8316d2c483" />
      <Owners>
        <Owner name="dravva" />
      </Owners>
      <TestCategory>
        <TestCategoryItem TestCategory="CIT" />
      </TestCategory>
      <TestMethod codeBase="F:/advisorsrepo/wcfhttp/Http/Test/Microsoft.ApplicationServer.Http/Unit/bin/Release/Microsoft.ApplicationServer.Http.CIT.Unit.DLL" adapterTypeName="Microsoft.VisualStudio.TestTools.TestTypes.Unit.UnitTestAdapter, Microsoft.VisualStudio.QualityTools.Tips.UnitTest.Adapter, Version=10.0.0.0, Culture=neutral, PublicKeyToken=b03f5f7f11d50a3a" className="Microsoft.ApplicationServer.Http.ObjectContentTests, Microsoft.ApplicationServer.Http.CIT.Unit, Version=0.0.0.0, Culture=neutral, PublicKeyToken=null" name="SerializeToStreamCallsFormatter" />
    </UnitTest>
    <UnitTest name="UnitTestClassIsCorrect" storage="f:\advisorsrepo\wcfhttp\http\test\microsoft.applicationserver.http\unit\bin\release\microsoft.applicationserver.http.cit.unit.dll" id="a75f37c7-5518-80d5-b056-c3557585821a">
      <Execution timeOut="1800000" id="fbe35ff0-9a16-4ca5-b67b-1dab7dcfb383" />
      <TestMethod codeBase="F:/advisorsrepo/wcfhttp/Http/Test/Microsoft.ApplicationServer.Http/Unit/bin/Release/Microsoft.ApplicationServer.Http.CIT.Unit.DLL" adapterTypeName="Microsoft.VisualStudio.TestTools.TestTypes.Unit.UnitTestAdapter, Microsoft.VisualStudio.QualityTools.Tips.UnitTest.Adapter, Version=10.0.0.0, Culture=neutral, PublicKeyToken=b03f5f7f11d50a3a" className="Microsoft.ApplicationServer.Http.Dispatcher.OperationHandlerPipelineInfoTests, Microsoft.ApplicationServer.Http.CIT.Unit, Version=0.0.0.0, Culture=neutral, PublicKeyToken=null" name="UnitTestClassIsCorrect" />
    </UnitTest>
    <UnitTest name="Constructor1ThrowsWithObjectNotAssignableToType" storage="f:\advisorsrepo\wcfhttp\http\test\microsoft.applicationserver.http\unit\bin\release\microsoft.applicationserver.http.cit.unit.dll" id="1eebbbea-e8ae-c6e1-eb9e-eb44a6b11863">
      <Description>ObjectContent(Type, object, string) throws if object is not assignable to Type.</Description>
      <Execution timeOut="30000" id="57cf0f48-bca2-45e3-8a4b-92b0a010142d" />
      <Owners>
        <Owner name="dravva" />
      </Owners>
      <TestCategory>
        <TestCategoryItem TestCategory="CIT" />
      </TestCategory>
      <TestMethod codeBase="F:/advisorsrepo/wcfhttp/Http/Test/Microsoft.ApplicationServer.Http/Unit/bin/Release/Microsoft.ApplicationServer.Http.CIT.Unit.DLL" adapterTypeName="Microsoft.VisualStudio.TestTools.TestTypes.Unit.UnitTestAdapter, Microsoft.VisualStudio.QualityTools.Tips.UnitTest.Adapter, Version=10.0.0.0, Culture=neutral, PublicKeyToken=b03f5f7f11d50a3a" className="Microsoft.ApplicationServer.Http.ObjectContentTests, Microsoft.ApplicationServer.Http.CIT.Unit, Version=0.0.0.0, Culture=neutral, PublicKeyToken=null" name="Constructor1ThrowsWithObjectNotAssignableToType" />
    </UnitTest>
    <UnitTest name="ReadMessage_Returns_HttpMessage_With_HttpContent_Given_By_ContentType_Parameter" storage="f:\advisorsrepo\wcfhttp\http\test\microsoft.applicationserver.http\unit\bin\release\microsoft.applicationserver.http.cit.unit.dll" id="96f18576-6cce-4229-e542-02b0250691e9">
      <Description>HttpMessageEncoder.ReadMessage returns an HttpMessage with HttpContent content-type determined by the contentType parameter.</Description>
      <Execution timeOut="30000" id="99005962-a5fe-4dc9-a6c6-9ca40eb9d442" />
      <Owners>
        <Owner name="derik" />
      </Owners>
      <TestCategory>
        <TestCategoryItem TestCategory="CIT" />
      </TestCategory>
      <TestMethod codeBase="F:/advisorsrepo/wcfhttp/Http/Test/Microsoft.ApplicationServer.Http/Unit/bin/Release/Microsoft.ApplicationServer.Http.CIT.Unit.DLL" adapterTypeName="Microsoft.VisualStudio.TestTools.TestTypes.Unit.UnitTestAdapter, Microsoft.VisualStudio.QualityTools.Tips.UnitTest.Adapter, Version=10.0.0.0, Culture=neutral, PublicKeyToken=b03f5f7f11d50a3a" className="Microsoft.ApplicationServer.Http.Channels.HttpMessageEncoderTests, Microsoft.ApplicationServer.Http.CIT.Unit, Version=0.0.0.0, Culture=neutral, PublicKeyToken=null" name="ReadMessage_Returns_HttpMessage_With_HttpContent_Given_By_ContentType_Parameter" />
    </UnitTest>
    <UnitTest name="ReadAsOrDefaultAsyncGetsDefaultWithNoFormatter" storage="f:\advisorsrepo\wcfhttp\http\test\microsoft.applicationserver.http\unit\bin\release\microsoft.applicationserver.http.cit.unit.dll" id="936248ed-1766-7e4e-c04f-d069d5dd040e">
      <Description>ReadAsOrDefaultAsync() gets Task yielding default value for all value and reference types if no formatter is available.</Description>
      <Execution timeOut="30000" id="b382f2af-d512-4781-8d35-68acc4740600" />
      <Owners>
        <Owner name="dravva" />
      </Owners>
      <TestCategory>
        <TestCategoryItem TestCategory="CIT" />
      </TestCategory>
      <TestMethod codeBase="F:/advisorsrepo/wcfhttp/Http/Test/Microsoft.ApplicationServer.Http/Unit/bin/Release/Microsoft.ApplicationServer.Http.CIT.Unit.DLL" adapterTypeName="Microsoft.VisualStudio.TestTools.TestTypes.Unit.UnitTestAdapter, Microsoft.VisualStudio.QualityTools.Tips.UnitTest.Adapter, Version=10.0.0.0, Culture=neutral, PublicKeyToken=b03f5f7f11d50a3a" className="Microsoft.ApplicationServer.Http.ObjectContentTests, Microsoft.ApplicationServer.Http.CIT.Unit, Version=0.0.0.0, Culture=neutral, PublicKeyToken=null" name="ReadAsOrDefaultAsyncGetsDefaultWithNoFormatter" />
    </UnitTest>
    <UnitTest name="Constructor2ThrowsWithNullMediaType" storage="f:\advisorsrepo\wcfhttp\http\test\microsoft.applicationserver.http\unit\bin\release\microsoft.applicationserver.http.cit.unit.dll" id="0341b5b4-77e6-a5db-47bb-fccaa5b5ca9b">
      <Description>ObjectContent(Type, object, MediaTypeHeaderValue) throws for a null media type.</Description>
      <Execution timeOut="30000" id="46b32680-c3ee-46a2-af64-0f627bc3f9cb" />
      <Owners>
        <Owner name="dravva" />
      </Owners>
      <TestCategory>
        <TestCategoryItem TestCategory="CIT" />
      </TestCategory>
      <TestMethod codeBase="F:/advisorsrepo/wcfhttp/Http/Test/Microsoft.ApplicationServer.Http/Unit/bin/Release/Microsoft.ApplicationServer.Http.CIT.Unit.DLL" adapterTypeName="Microsoft.VisualStudio.TestTools.TestTypes.Unit.UnitTestAdapter, Microsoft.VisualStudio.QualityTools.Tips.UnitTest.Adapter, Version=10.0.0.0, Culture=neutral, PublicKeyToken=b03f5f7f11d50a3a" className="Microsoft.ApplicationServer.Http.ObjectContentTests, Microsoft.ApplicationServer.Http.CIT.Unit, Version=0.0.0.0, Culture=neutral, PublicKeyToken=null" name="Constructor2ThrowsWithNullMediaType" />
    </UnitTest>
    <UnitTest name="Constructor" storage="f:\advisorsrepo\wcfhttp\http\test\microsoft.applicationserver.http\unit\bin\release\microsoft.applicationserver.http.cit.unit.dll" id="25bbc356-9eb3-f60f-231f-c366648046fe">
      <Description>HttpResponseMessage&lt;T&gt;(HttpStatusCode) sets StatusCode with all known value and reference types.</Description>
      <Execution timeOut="30000" id="2cec52f5-5887-4c9b-a431-24d3c52a2330" />
      <Owners>
        <Owner name="dravva" />
      </Owners>
      <TestCategory>
        <TestCategoryItem TestCategory="CIT" />
      </TestCategory>
      <TestMethod codeBase="F:/advisorsrepo/wcfhttp/Http/Test/Microsoft.ApplicationServer.Http/Unit/bin/Release/Microsoft.ApplicationServer.Http.CIT.Unit.DLL" adapterTypeName="Microsoft.VisualStudio.TestTools.TestTypes.Unit.UnitTestAdapter, Microsoft.VisualStudio.QualityTools.Tips.UnitTest.Adapter, Version=10.0.0.0, Culture=neutral, PublicKeyToken=b03f5f7f11d50a3a" className="Microsoft.ApplicationServer.Http.HttpResponseMessageOfTTests, Microsoft.ApplicationServer.Http.CIT.Unit, Version=0.0.0.0, Culture=neutral, PublicKeyToken=null" name="Constructor" />
    </UnitTest>
    <UnitTest name="SetSerializer1ThrowsWithNullSerializer" storage="f:\advisorsrepo\wcfhttp\http\test\microsoft.applicationserver.http\unit\bin\release\microsoft.applicationserver.http.cit.unit.dll" id="d8b55c29-bdcb-3e96-d37c-90aaa6c91c8d">
      <Description>JsonMediaTypeFormatter.SetSerializer&lt;T&gt;() throws with null serializer.</Description>
      <Execution timeOut="30000" id="e3019ae4-b1d0-41cb-9e65-a9f320615c4d" />
      <Owners>
        <Owner name="dravva" />
      </Owners>
      <TestCategory>
        <TestCategoryItem TestCategory="CIT" />
      </TestCategory>
      <TestMethod codeBase="F:/advisorsrepo/wcfhttp/Http/Test/Microsoft.ApplicationServer.Http/Unit/bin/Release/Microsoft.ApplicationServer.Http.CIT.Unit.DLL" adapterTypeName="Microsoft.VisualStudio.TestTools.TestTypes.Unit.UnitTestAdapter, Microsoft.VisualStudio.QualityTools.Tips.UnitTest.Adapter, Version=10.0.0.0, Culture=neutral, PublicKeyToken=b03f5f7f11d50a3a" className="Microsoft.ApplicationServer.Http.JsonMediaTypeFormatterTests, Microsoft.ApplicationServer.Http.CIT.Unit, Version=0.0.0.0, Culture=neutral, PublicKeyToken=null" name="SetSerializer1ThrowsWithNullSerializer" />
    </UnitTest>
    <UnitTest name="EqualityComparer_Returns_MediaTypeHeadeValueEqualityComparer" storage="f:\advisorsrepo\wcfhttp\http\test\microsoft.applicationserver.http\unit\bin\release\microsoft.applicationserver.http.cit.unit.dll" id="824966d9-c04d-c68e-419e-057dc1bd1a8d">
      <Description>MediaTypeHeadeValueEqualityComparer.EqualityComparer returns same MediaTypeHeadeValueEqualityComparer instance each time.</Description>
      <Execution timeOut="30000" id="8969f350-3e28-49f5-b702-6c9031935f46" />
      <Owners>
        <Owner name="vinelap" />
      </Owners>
      <TestCategory>
        <TestCategoryItem TestCategory="CIT" />
      </TestCategory>
      <TestMethod codeBase="F:/advisorsrepo/wcfhttp/Http/Test/Microsoft.ApplicationServer.Http/Unit/bin/Release/Microsoft.ApplicationServer.Http.CIT.Unit.DLL" adapterTypeName="Microsoft.VisualStudio.TestTools.TestTypes.Unit.UnitTestAdapter, Microsoft.VisualStudio.QualityTools.Tips.UnitTest.Adapter, Version=10.0.0.0, Culture=neutral, PublicKeyToken=b03f5f7f11d50a3a" className="Microsoft.ApplicationServer.Http.MediaTypeHeadeValueEqualityComparerTests, Microsoft.ApplicationServer.Http.CIT.Unit, Version=0.0.0.0, Culture=neutral, PublicKeyToken=null" name="EqualityComparer_Returns_MediaTypeHeadeValueEqualityComparer" />
    </UnitTest>
    <UnitTest name="ToHttpRequestMessage_Throws_If_Message_Is_Closed" storage="f:\advisorsrepo\wcfhttp\http\test\microsoft.applicationserver.http\unit\bin\release\microsoft.applicationserver.http.cit.unit.dll" id="9e0af293-5fc7-ebbd-91c0-62036c809cc8">
      <Description>Message.ToHttpRequestMessage throws ObjectDisposedException if the message has been closed.</Description>
      <Execution timeOut="30000" id="9d768e8b-8615-49f8-92b4-11744009731b" />
      <Owners>
        <Owner name="derik" />
      </Owners>
      <TestCategory>
        <TestCategoryItem TestCategory="CIT" />
      </TestCategory>
      <TestMethod codeBase="F:/advisorsrepo/wcfhttp/Http/Test/Microsoft.ApplicationServer.Http/Unit/bin/Release/Microsoft.ApplicationServer.Http.CIT.Unit.DLL" adapterTypeName="Microsoft.VisualStudio.TestTools.TestTypes.Unit.UnitTestAdapter, Microsoft.VisualStudio.QualityTools.Tips.UnitTest.Adapter, Version=10.0.0.0, Culture=neutral, PublicKeyToken=b03f5f7f11d50a3a" className="Microsoft.ApplicationServer.Http.Channels.HttpMessageExtensionMethodsTests, Microsoft.ApplicationServer.Http.CIT.Unit, Version=0.0.0.0, Culture=neutral, PublicKeyToken=null" name="ToHttpRequestMessage_Throws_If_Message_Is_Closed" />
    </UnitTest>
    <UnitTest name="ReadMessage_Returns_A_Message_That_Returns_The_Array_To_The_Buffer_Manager_When_Closed" storage="f:\advisorsrepo\wcfhttp\http\test\microsoft.applicationserver.http\unit\bin\release\microsoft.applicationserver.http.cit.unit.dll" id="1a5ec6c5-2b48-fb22-ba0e-b333066f0cc4">
      <Description>HttpMessageEncoder.ReadMessage returns the buffer to the buffer manager.</Description>
      <Execution timeOut="30000" id="974400df-2057-4cd5-95da-9fd6c865b15c" />
      <Owners>
        <Owner name="derik" />
      </Owners>
      <TestCategory>
        <TestCategoryItem TestCategory="CIT" />
      </TestCategory>
      <TestMethod codeBase="F:/advisorsrepo/wcfhttp/Http/Test/Microsoft.ApplicationServer.Http/Unit/bin/Release/Microsoft.ApplicationServer.Http.CIT.Unit.DLL" adapterTypeName="Microsoft.VisualStudio.TestTools.TestTypes.Unit.UnitTestAdapter, Microsoft.VisualStudio.QualityTools.Tips.UnitTest.Adapter, Version=10.0.0.0, Culture=neutral, PublicKeyToken=b03f5f7f11d50a3a" className="Microsoft.ApplicationServer.Http.Channels.HttpMessageEncoderTests, Microsoft.ApplicationServer.Http.CIT.Unit, Version=0.0.0.0, Culture=neutral, PublicKeyToken=null" name="ReadMessage_Returns_A_Message_That_Returns_The_Array_To_The_Buffer_Manager_When_Closed" />
    </UnitTest>
    <UnitTest name="HttpMessagePluginBindingElement_Constructor2" storage="f:\advisorsrepo\wcfhttp\http\test\microsoft.applicationserver.http\unit\bin\release\microsoft.applicationserver.http.cit.unit.dll" id="d8615463-ecdc-4a86-a76f-4f89d2aac408">
      <Execution timeOut="30000" id="fecbe5f5-9f1b-47cb-b782-ad706d7f9bea" />
      <Owners>
        <Owner name="derik" />
      </Owners>
      <TestCategory>
        <TestCategoryItem TestCategory="CIT" />
        <TestCategoryItem TestCategory="ADP_Basics" />
      </TestCategory>
      <TestMethod codeBase="F:/advisorsrepo/wcfhttp/Http/Test/Microsoft.ApplicationServer.Http/Unit/bin/Release/Microsoft.ApplicationServer.Http.CIT.Unit.DLL" adapterTypeName="Microsoft.VisualStudio.TestTools.TestTypes.Unit.UnitTestAdapter, Microsoft.VisualStudio.QualityTools.Tips.UnitTest.Adapter, Version=10.0.0.0, Culture=neutral, PublicKeyToken=b03f5f7f11d50a3a" className="Microsoft.ApplicationServer.Http.Channels.HttpMessageHandlerChannelBindingElementTests, Microsoft.ApplicationServer.Http.CIT.Unit, Version=0.0.0.0, Culture=neutral, PublicKeyToken=null" name="HttpMessagePluginBindingElement_Constructor2" />
    </UnitTest>
    <UnitTest name="TypeIsCorrect" storage="f:\advisorsrepo\wcfhttp\http\test\microsoft.applicationserver.http\unit\bin\release\microsoft.applicationserver.http.cit.unit.dll" id="f80fe207-0c24-c3ea-3fe9-12b6f7d97ed2">
      <Description>HttpResponseMessage&lt;T&gt; is public, concrete, unsealed and generic.</Description>
      <Execution timeOut="30000" id="caebf3c7-291c-4727-a13a-68a8ab60c02a" />
      <Owners>
        <Owner name="dravva" />
      </Owners>
      <TestCategory>
        <TestCategoryItem TestCategory="CIT" />
      </TestCategory>
      <TestMethod codeBase="F:/advisorsrepo/wcfhttp/Http/Test/Microsoft.ApplicationServer.Http/Unit/bin/Release/Microsoft.ApplicationServer.Http.CIT.Unit.DLL" adapterTypeName="Microsoft.VisualStudio.TestTools.TestTypes.Unit.UnitTestAdapter, Microsoft.VisualStudio.QualityTools.Tips.UnitTest.Adapter, Version=10.0.0.0, Culture=neutral, PublicKeyToken=b03f5f7f11d50a3a" className="Microsoft.ApplicationServer.Http.HttpResponseMessageOfTTests, Microsoft.ApplicationServer.Http.CIT.Unit, Version=0.0.0.0, Culture=neutral, PublicKeyToken=null" name="TypeIsCorrect" />
    </UnitTest>
    <UnitTest name="Constructor" storage="f:\advisorsrepo\wcfhttp\http\test\microsoft.applicationserver.http\unit\bin\release\microsoft.applicationserver.http.cit.unit.dll" id="9d27f9dd-bee5-ad4d-4d08-322e0473c6d1">
      <Description>OperationHandlerPipeline() initializes.</Description>
      <Execution timeOut="30000" id="433e78d0-5ac5-4df5-bb76-09a45fc20e59" />
      <Owners>
        <Owner name="dravva" />
      </Owners>
      <TestCategory>
        <TestCategoryItem TestCategory="CIT" />
      </TestCategory>
      <TestMethod codeBase="F:/advisorsrepo/wcfhttp/Http/Test/Microsoft.ApplicationServer.Http/Unit/bin/Release/Microsoft.ApplicationServer.Http.CIT.Unit.DLL" adapterTypeName="Microsoft.VisualStudio.TestTools.TestTypes.Unit.UnitTestAdapter, Microsoft.VisualStudio.QualityTools.Tips.UnitTest.Adapter, Version=10.0.0.0, Culture=neutral, PublicKeyToken=b03f5f7f11d50a3a" className="Microsoft.ApplicationServer.Http.Dispatcher.OperationHandlerPipelineTests, Microsoft.ApplicationServer.Http.CIT.Unit, Version=0.0.0.0, Culture=neutral, PublicKeyToken=null" name="Constructor" />
    </UnitTest>
    <UnitTest name="UnitTestClassIsCorrect" storage="f:\advisorsrepo\wcfhttp\http\test\microsoft.applicationserver.http\unit\bin\release\microsoft.applicationserver.http.cit.unit.dll" id="34100be6-f59f-bbd4-ecd6-808bfb549f94">
      <Execution timeOut="1800000" id="1765c229-5000-4a80-a343-68a4b800532f" />
      <TestMethod codeBase="F:/advisorsrepo/wcfhttp/Http/Test/Microsoft.ApplicationServer.Http/Unit/bin/Release/Microsoft.ApplicationServer.Http.CIT.Unit.DLL" adapterTypeName="Microsoft.VisualStudio.TestTools.TestTypes.Unit.UnitTestAdapter, Microsoft.VisualStudio.QualityTools.Tips.UnitTest.Adapter, Version=10.0.0.0, Culture=neutral, PublicKeyToken=b03f5f7f11d50a3a" className="Microsoft.ApplicationServer.Http.MediaTypeFormatterTests, Microsoft.ApplicationServer.Http.CIT.Unit, Version=0.0.0.0, Culture=neutral, PublicKeyToken=null" name="UnitTestClassIsCorrect" />
    </UnitTest>
    <UnitTest name="Constructor1ThrowsWithNullType" storage="f:\advisorsrepo\wcfhttp\http\test\microsoft.applicationserver.http\unit\bin\release\microsoft.applicationserver.http.cit.unit.dll" id="5df9aad4-1bca-eb8e-8db2-74cbfd226dd4">
      <Description>ObjectContent(Type, object, string) throws for a null Type parameter.</Description>
      <Execution timeOut="30000" id="754408ca-136e-42e1-95b1-75f93d887216" />
      <Owners>
        <Owner name="dravva" />
      </Owners>
      <TestCategory>
        <TestCategoryItem TestCategory="CIT" />
      </TestCategory>
      <TestMethod codeBase="F:/advisorsrepo/wcfhttp/Http/Test/Microsoft.ApplicationServer.Http/Unit/bin/Release/Microsoft.ApplicationServer.Http.CIT.Unit.DLL" adapterTypeName="Microsoft.VisualStudio.TestTools.TestTypes.Unit.UnitTestAdapter, Microsoft.VisualStudio.QualityTools.Tips.UnitTest.Adapter, Version=10.0.0.0, Culture=neutral, PublicKeyToken=b03f5f7f11d50a3a" className="Microsoft.ApplicationServer.Http.ObjectContentTests, Microsoft.ApplicationServer.Http.CIT.Unit, Version=0.0.0.0, Culture=neutral, PublicKeyToken=null" name="Constructor1ThrowsWithNullType" />
    </UnitTest>
    <UnitTest name="NoDuplicateHelpOperationByDefault" storage="f:\advisorsrepo\wcfhttp\http\test\microsoft.applicationserver.http\unit\bin\release\microsoft.applicationserver.http.cit.unit.dll" id="a6daef1f-01aa-f3c9-2b6e-dd7c7000e597">
      <Description>By default help page should be disabled</Description>
      <Execution timeOut="1800000" id="150fb3b0-21a1-4961-91c7-ee58f8665f6f" />
      <TestMethod codeBase="F:/advisorsrepo/wcfhttp/Http/Test/Microsoft.ApplicationServer.Http/Unit/bin/Release/Microsoft.ApplicationServer.Http.CIT.Unit.DLL" adapterTypeName="Microsoft.VisualStudio.TestTools.TestTypes.Unit.UnitTestAdapter, Microsoft.VisualStudio.QualityTools.Tips.UnitTest.Adapter, Version=10.0.0.0, Culture=neutral, PublicKeyToken=b03f5f7f11d50a3a" className="Microsoft.ApplicationServer.Http.Dispatcher.HelpPageTests, Microsoft.ApplicationServer.Http.CIT.Unit, Version=0.0.0.0, Culture=neutral, PublicKeyToken=null" name="NoDuplicateHelpOperationByDefault" />
    </UnitTest>
    <UnitTest name="HttpRequestMessageGetsValueWithPairing" storage="f:\advisorsrepo\wcfhttp\http\test\microsoft.applicationserver.http\unit\bin\release\microsoft.applicationserver.http.cit.unit.dll" id="4207b3de-ff15-c5ba-57ca-ff97b8105ac4">
      <Description>HttpRequestMessage internal property returns HttpRequestMessage if they are pairs.</Description>
      <Execution timeOut="30000" id="c7ddd046-ef16-4cb3-ad97-1c30be92e629" />
      <Owners>
        <Owner name="dravva" />
      </Owners>
      <TestCategory>
        <TestCategoryItem TestCategory="CIT" />
      </TestCategory>
      <TestMethod codeBase="F:/advisorsrepo/wcfhttp/Http/Test/Microsoft.ApplicationServer.Http/Unit/bin/Release/Microsoft.ApplicationServer.Http.CIT.Unit.DLL" adapterTypeName="Microsoft.VisualStudio.TestTools.TestTypes.Unit.UnitTestAdapter, Microsoft.VisualStudio.QualityTools.Tips.UnitTest.Adapter, Version=10.0.0.0, Culture=neutral, PublicKeyToken=b03f5f7f11d50a3a" className="Microsoft.ApplicationServer.Http.ObjectContentTests, Microsoft.ApplicationServer.Http.CIT.Unit, Version=0.0.0.0, Culture=neutral, PublicKeyToken=null" name="HttpRequestMessageGetsValueWithPairing" />
    </UnitTest>
    <UnitTest name="ToHttpRequestMessage_Returns_Null" storage="f:\advisorsrepo\wcfhttp\http\test\microsoft.applicationserver.http\unit\bin\release\microsoft.applicationserver.http.cit.unit.dll" id="63dd830f-9b3d-c61b-d868-eea4568d5090">
      <Description>Message.ToHttpRequestMessage returns null for non-HttpMessage instances.</Description>
      <Execution timeOut="30000" id="3eed7df3-bec7-4ba2-b370-956f3f5673cb" />
      <Owners>
        <Owner name="derik" />
      </Owners>
      <TestCategory>
        <TestCategoryItem TestCategory="CIT" />
      </TestCategory>
      <TestMethod codeBase="F:/advisorsrepo/wcfhttp/Http/Test/Microsoft.ApplicationServer.Http/Unit/bin/Release/Microsoft.ApplicationServer.Http.CIT.Unit.DLL" adapterTypeName="Microsoft.VisualStudio.TestTools.TestTypes.Unit.UnitTestAdapter, Microsoft.VisualStudio.QualityTools.Tips.UnitTest.Adapter, Version=10.0.0.0, Culture=neutral, PublicKeyToken=b03f5f7f11d50a3a" className="Microsoft.ApplicationServer.Http.Channels.HttpMessageExtensionMethodsTests, Microsoft.ApplicationServer.Http.CIT.Unit, Version=0.0.0.0, Culture=neutral, PublicKeyToken=null" name="ToHttpRequestMessage_Returns_Null" />
    </UnitTest>
    <UnitTest name="Compare_Returns_Negative_1_If_MediaType1_Has_Larger_Q_Value" storage="f:\advisorsrepo\wcfhttp\http\test\microsoft.applicationserver.http\unit\bin\release\microsoft.applicationserver.http.cit.unit.dll" id="9370f000-ddf5-1f5d-2c4b-b3735fa045de">
      <Description>MediaTypeHeadeValueComparer.Compare returns -1 if the first parameter has a larger Q value.</Description>
      <Execution timeOut="30000" id="4b0ca0ab-715e-40b4-a5c5-85039a2bfe87" />
      <Owners>
        <Owner name="vinelap" />
      </Owners>
      <TestCategory>
        <TestCategoryItem TestCategory="CIT" />
      </TestCategory>
      <TestMethod codeBase="F:/advisorsrepo/wcfhttp/Http/Test/Microsoft.ApplicationServer.Http/Unit/bin/Release/Microsoft.ApplicationServer.Http.CIT.Unit.DLL" adapterTypeName="Microsoft.VisualStudio.TestTools.TestTypes.Unit.UnitTestAdapter, Microsoft.VisualStudio.QualityTools.Tips.UnitTest.Adapter, Version=10.0.0.0, Culture=neutral, PublicKeyToken=b03f5f7f11d50a3a" className="Microsoft.ApplicationServer.Http.MediaTypeHeadeValueComparerTests, Microsoft.ApplicationServer.Http.CIT.Unit, Version=0.0.0.0, Culture=neutral, PublicKeyToken=null" name="Compare_Returns_Negative_1_If_MediaType1_Has_Larger_Q_Value" />
    </UnitTest>
    <UnitTest name="CreateInstance_Null_InstanceContext_Throws" storage="f:\advisorsrepo\wcfhttp\http\test\microsoft.applicationserver.http\unit\bin\release\microsoft.applicationserver.http.cit.unit.dll" id="1e9edc48-e0e9-1137-2dcc-0a2de7c70485">
      <Description>HttpInstanceProvider.CreateInstance with null InstanceContext throws</Description>
      <Execution timeOut="30000" id="8a6c3055-cf29-4545-a388-a9d000ce7c3f" />
      <Owners>
        <Owner name="maying" />
      </Owners>
      <TestCategory>
        <TestCategoryItem TestCategory="CIT" />
      </TestCategory>
      <TestMethod codeBase="F:/advisorsrepo/wcfhttp/Http/Test/Microsoft.ApplicationServer.Http/Unit/bin/Release/Microsoft.ApplicationServer.Http.CIT.Unit.DLL" adapterTypeName="Microsoft.VisualStudio.TestTools.TestTypes.Unit.UnitTestAdapter, Microsoft.VisualStudio.QualityTools.Tips.UnitTest.Adapter, Version=10.0.0.0, Culture=neutral, PublicKeyToken=b03f5f7f11d50a3a" className="Microsoft.ApplicationServer.Http.Dispatcher.HttpInstanceProviderTests, Microsoft.ApplicationServer.Http.CIT.Unit, Version=0.0.0.0, Culture=neutral, PublicKeyToken=null" name="CreateInstance_Null_InstanceContext_Throws" />
    </UnitTest>
    <UnitTest name="SupportsMediaTypeReturnsFalseWithExtensionNotInUri" storage="f:\advisorsrepo\wcfhttp\http\test\microsoft.applicationserver.http\unit\bin\release\microsoft.applicationserver.http.cit.unit.dll" id="bb7daf1a-09a6-5de5-6c16-05de18972e7b">
      <Description>SupportsMediaType(HttpRequestMessage) returns false when the extension is not in the Uri.</Description>
      <Execution timeOut="30000" id="2a745ff5-add3-4106-8bbf-613d03e632d9" />
      <Owners>
        <Owner name="dravva" />
      </Owners>
      <TestCategory>
        <TestCategoryItem TestCategory="CIT" />
      </TestCategory>
      <TestMethod codeBase="F:/advisorsrepo/wcfhttp/Http/Test/Microsoft.ApplicationServer.Http/Unit/bin/Release/Microsoft.ApplicationServer.Http.CIT.Unit.DLL" adapterTypeName="Microsoft.VisualStudio.TestTools.TestTypes.Unit.UnitTestAdapter, Microsoft.VisualStudio.QualityTools.Tips.UnitTest.Adapter, Version=10.0.0.0, Culture=neutral, PublicKeyToken=b03f5f7f11d50a3a" className="Microsoft.ApplicationServer.Http.UriPathExtensionMappingTests, Microsoft.ApplicationServer.Http.CIT.Unit, Version=0.0.0.0, Culture=neutral, PublicKeyToken=null" name="SupportsMediaTypeReturnsFalseWithExtensionNotInUri" />
    </UnitTest>
    <UnitTest name="ServiceHost_Ctors" storage="f:\advisorsrepo\wcfhttp\http\test\microsoft.applicationserver.http\unit\bin\release\microsoft.applicationserver.http.cit.unit.dll" id="fc220089-2fae-e915-4151-04fff78a31a2">
      <Description>HttpServiceHost ctors function</Description>
      <Execution timeOut="30000" id="346d6b61-9f2d-48c9-8f34-c0f16fe52795" />
      <Owners>
        <Owner name="vinelap" />
      </Owners>
      <TestCategory>
        <TestCategoryItem TestCategory="CIT" />
      </TestCategory>
      <TestMethod codeBase="F:/advisorsrepo/wcfhttp/Http/Test/Microsoft.ApplicationServer.Http/Unit/bin/Release/Microsoft.ApplicationServer.Http.CIT.Unit.DLL" adapterTypeName="Microsoft.VisualStudio.TestTools.TestTypes.Unit.UnitTestAdapter, Microsoft.VisualStudio.QualityTools.Tips.UnitTest.Adapter, Version=10.0.0.0, Culture=neutral, PublicKeyToken=b03f5f7f11d50a3a" className="Microsoft.ApplicationServer.Http.HttpServiceHostTests, Microsoft.ApplicationServer.Http.CIT.Unit, Version=0.0.0.0, Culture=neutral, PublicKeyToken=null" name="ServiceHost_Ctors" />
    </UnitTest>
    <UnitTest name="RemoveSerializerThrowsWithNullType" storage="f:\advisorsrepo\wcfhttp\http\test\microsoft.applicationserver.http\unit\bin\release\microsoft.applicationserver.http.cit.unit.dll" id="a15d5cc9-12f0-e016-a487-867576b2c529">
      <Description>JsonMediaTypeFormatter.RemoveSerializer throws with null type.</Description>
      <Execution timeOut="30000" id="41664610-6b53-4014-9aef-493c29e73493" />
      <Owners>
        <Owner name="dravva" />
      </Owners>
      <TestCategory>
        <TestCategoryItem TestCategory="CIT" />
      </TestCategory>
      <TestMethod codeBase="F:/advisorsrepo/wcfhttp/Http/Test/Microsoft.ApplicationServer.Http/Unit/bin/Release/Microsoft.ApplicationServer.Http.CIT.Unit.DLL" adapterTypeName="Microsoft.VisualStudio.TestTools.TestTypes.Unit.UnitTestAdapter, Microsoft.VisualStudio.QualityTools.Tips.UnitTest.Adapter, Version=10.0.0.0, Culture=neutral, PublicKeyToken=b03f5f7f11d50a3a" className="Microsoft.ApplicationServer.Http.JsonMediaTypeFormatterTests, Microsoft.ApplicationServer.Http.CIT.Unit, Version=0.0.0.0, Culture=neutral, PublicKeyToken=null" name="RemoveSerializerThrowsWithNullType" />
    </UnitTest>
    <UnitTest name="ConstructorThrowsWithNullOperation" storage="f:\advisorsrepo\wcfhttp\http\test\microsoft.applicationserver.http\unit\bin\release\microsoft.applicationserver.http.cit.unit.dll" id="f670a450-6b7b-0350-b2e2-e6ba33890789">
      <Description>OperationHandlerPipelineInfo(IEnumerable&lt;HttpOperationHandler&gt;, IEnumerable&lt;HttpOperationHandler&gt;, HttpOperationDescription) throws with null operation.</Description>
      <Execution timeOut="30000" id="b5abb6ea-9e98-491b-acc6-14177696e92a" />
      <Owners>
        <Owner name="dravva" />
      </Owners>
      <TestCategory>
        <TestCategoryItem TestCategory="CIT" />
      </TestCategory>
      <TestMethod codeBase="F:/advisorsrepo/wcfhttp/Http/Test/Microsoft.ApplicationServer.Http/Unit/bin/Release/Microsoft.ApplicationServer.Http.CIT.Unit.DLL" adapterTypeName="Microsoft.VisualStudio.TestTools.TestTypes.Unit.UnitTestAdapter, Microsoft.VisualStudio.QualityTools.Tips.UnitTest.Adapter, Version=10.0.0.0, Culture=neutral, PublicKeyToken=b03f5f7f11d50a3a" className="Microsoft.ApplicationServer.Http.Dispatcher.OperationHandlerPipelineInfoTests, Microsoft.ApplicationServer.Http.CIT.Unit, Version=0.0.0.0, Culture=neutral, PublicKeyToken=null" name="ConstructorThrowsWithNullOperation" />
    </UnitTest>
    <UnitTest name="GetValueConverterHttpContent" storage="f:\advisorsrepo\wcfhttp\http\test\microsoft.applicationserver.http\unit\bin\release\microsoft.applicationserver.http.cit.unit.dll" id="5eb70039-0311-fb71-d2da-f81a66a2eb11">
      <Description>GetValueConverter(Type) returns a converter for all HttpContent types.</Description>
      <Execution timeOut="30000" id="f24d7c7e-9dbe-4c7a-9869-b08f3d3b0c78" />
      <Owners>
        <Owner name="dravva" />
      </Owners>
      <TestCategory>
        <TestCategoryItem TestCategory="CIT" />
      </TestCategory>
      <TestMethod codeBase="F:/advisorsrepo/wcfhttp/Http/Test/Microsoft.ApplicationServer.Http/Unit/bin/Release/Microsoft.ApplicationServer.Http.CIT.Unit.DLL" adapterTypeName="Microsoft.VisualStudio.TestTools.TestTypes.Unit.UnitTestAdapter, Microsoft.VisualStudio.QualityTools.Tips.UnitTest.Adapter, Version=10.0.0.0, Culture=neutral, PublicKeyToken=b03f5f7f11d50a3a" className="Microsoft.ApplicationServer.Http.Description.HttpParameterValueConverterTests, Microsoft.ApplicationServer.Http.CIT.Unit, Version=0.0.0.0, Culture=neutral, PublicKeyToken=null" name="GetValueConverterHttpContent" />
    </UnitTest>
    <UnitTest name="TypeIsCorrect" storage="f:\advisorsrepo\wcfhttp\http\test\microsoft.applicationserver.http\unit\bin\release\microsoft.applicationserver.http.cit.unit.dll" id="2c3fa87e-8917-2aa9-356f-fb672837cd4f">
      <Description>HttpOperationHandler is public and abstract.</Description>
      <Execution timeOut="30000" id="6f2936ca-2d82-438b-b1ff-6e3cfb367d81" />
      <Owners>
        <Owner name="dravva" />
      </Owners>
      <TestCategory>
        <TestCategoryItem TestCategory="CIT" />
      </TestCategory>
      <TestMethod codeBase="F:/advisorsrepo/wcfhttp/Http/Test/Microsoft.ApplicationServer.Http/Unit/bin/Release/Microsoft.ApplicationServer.Http.CIT.Unit.DLL" adapterTypeName="Microsoft.VisualStudio.TestTools.TestTypes.Unit.UnitTestAdapter, Microsoft.VisualStudio.QualityTools.Tips.UnitTest.Adapter, Version=10.0.0.0, Culture=neutral, PublicKeyToken=b03f5f7f11d50a3a" className="Microsoft.ApplicationServer.Http.Dispatcher.HttpOperationHandlerTests, Microsoft.ApplicationServer.Http.CIT.Unit, Version=0.0.0.0, Culture=neutral, PublicKeyToken=null" name="TypeIsCorrect" />
    </UnitTest>
    <UnitTest name="IsWithinMediaRange_Returns_True_For_Media_Types_More_Specific_Than_The_Media_Range" storage="f:\advisorsrepo\wcfhttp\http\test\microsoft.applicationserver.http\unit\bin\release\microsoft.applicationserver.http.cit.unit.dll" id="bf1535cc-9979-5a63-10ce-2a8917553c35">
      <Description>MediaTypeHeadeValueExtensionMethods.IsWithinMediaRange returns true when the media type is a media range more specific than the given media range.</Description>
      <Execution timeOut="30000" id="eb552b11-4a2c-44f6-862e-33436ed37263" />
      <Owners>
        <Owner name="vinelap" />
      </Owners>
      <TestCategory>
        <TestCategoryItem TestCategory="CIT" />
      </TestCategory>
      <TestMethod codeBase="F:/advisorsrepo/wcfhttp/Http/Test/Microsoft.ApplicationServer.Http/Unit/bin/Release/Microsoft.ApplicationServer.Http.CIT.Unit.DLL" adapterTypeName="Microsoft.VisualStudio.TestTools.TestTypes.Unit.UnitTestAdapter, Microsoft.VisualStudio.QualityTools.Tips.UnitTest.Adapter, Version=10.0.0.0, Culture=neutral, PublicKeyToken=b03f5f7f11d50a3a" className="Microsoft.ApplicationServer.Http.MediaTypeHeadeValueExtensionMethodsTests, Microsoft.ApplicationServer.Http.CIT.Unit, Version=0.0.0.0, Culture=neutral, PublicKeyToken=null" name="IsWithinMediaRange_Returns_True_For_Media_Types_More_Specific_Than_The_Media_Range" />
    </UnitTest>
    <UnitTest name="SerializeReply_Receives_Parameters_And_Result" storage="f:\advisorsrepo\wcfhttp\http\test\microsoft.applicationserver.http\unit\bin\release\microsoft.applicationserver.http.cit.unit.dll" id="33946e1e-05a4-7a63-49f0-71ab240a892a">
      <Description>SerializeReply() receives parameters and result.</Description>
      <Execution timeOut="30000" id="59c81f95-f453-482e-b71e-792c40cf0f2b" />
      <Owners>
        <Owner name="maying" />
      </Owners>
      <TestCategory>
        <TestCategoryItem TestCategory="CIT" />
      </TestCategory>
      <TestMethod codeBase="F:/advisorsrepo/wcfhttp/Http/Test/Microsoft.ApplicationServer.Http/Unit/bin/Release/Microsoft.ApplicationServer.Http.CIT.Unit.DLL" adapterTypeName="Microsoft.VisualStudio.TestTools.TestTypes.Unit.UnitTestAdapter, Microsoft.VisualStudio.QualityTools.Tips.UnitTest.Adapter, Version=10.0.0.0, Culture=neutral, PublicKeyToken=b03f5f7f11d50a3a" className="Microsoft.ApplicationServer.Http.Dispatcher.HttpMessageFormatterTests, Microsoft.ApplicationServer.Http.CIT.Unit, Version=0.0.0.0, Culture=neutral, PublicKeyToken=null" name="SerializeReply_Receives_Parameters_And_Result" />
    </UnitTest>
    <UnitTest name="Setting_MessageVersion_To_Other_Than_None_Throws" storage="f:\advisorsrepo\wcfhttp\http\test\microsoft.applicationserver.http\unit\bin\release\microsoft.applicationserver.http.cit.unit.dll" id="ebf0877c-f92f-4a7d-d78e-d27494e6c508">
      <Description>Setting HttpMessageEncodingBindingElement.MessageVersion to something other than MessageVersion.None throws.</Description>
      <Execution timeOut="30000" id="c65257fe-63fd-48fd-bc0c-0b8f87a46857" />
      <Owners>
        <Owner name="derik" />
      </Owners>
      <TestCategory>
        <TestCategoryItem TestCategory="CIT" />
      </TestCategory>
      <TestMethod codeBase="F:/advisorsrepo/wcfhttp/Http/Test/Microsoft.ApplicationServer.Http/Unit/bin/Release/Microsoft.ApplicationServer.Http.CIT.Unit.DLL" adapterTypeName="Microsoft.VisualStudio.TestTools.TestTypes.Unit.UnitTestAdapter, Microsoft.VisualStudio.QualityTools.Tips.UnitTest.Adapter, Version=10.0.0.0, Culture=neutral, PublicKeyToken=b03f5f7f11d50a3a" className="Microsoft.ApplicationServer.Http.Channels.HttpMessageEncodingBindingElementTests, Microsoft.ApplicationServer.Http.CIT.Unit, Version=0.0.0.0, Culture=neutral, PublicKeyToken=null" name="Setting_MessageVersion_To_Other_Than_None_Throws" />
    </UnitTest>
    <UnitTest name="SupportsMediaType1ThrowsWithNullHttpResponseMessage" storage="f:\advisorsrepo\wcfhttp\http\test\microsoft.applicationserver.http\unit\bin\release\microsoft.applicationserver.http.cit.unit.dll" id="24250228-198e-e55c-31f8-e73c614c813e">
      <Description>SupportsMediaType(HttpResponseMessage) throws with a null HttpResponseMessage.</Description>
      <Execution timeOut="30000" id="71b8638f-a2d7-4f47-9fb2-768b69505ac9" />
      <Owners>
        <Owner name="dravva" />
      </Owners>
      <TestCategory>
        <TestCategoryItem TestCategory="CIT" />
      </TestCategory>
      <TestMethod codeBase="F:/advisorsrepo/wcfhttp/Http/Test/Microsoft.ApplicationServer.Http/Unit/bin/Release/Microsoft.ApplicationServer.Http.CIT.Unit.DLL" adapterTypeName="Microsoft.VisualStudio.TestTools.TestTypes.Unit.UnitTestAdapter, Microsoft.VisualStudio.QualityTools.Tips.UnitTest.Adapter, Version=10.0.0.0, Culture=neutral, PublicKeyToken=b03f5f7f11d50a3a" className="Microsoft.ApplicationServer.Http.QueryStringMappingTests, Microsoft.ApplicationServer.Http.CIT.Unit, Version=0.0.0.0, Culture=neutral, PublicKeyToken=null" name="SupportsMediaType1ThrowsWithNullHttpResponseMessage" />
    </UnitTest>
    <UnitTest name="CanReadAs1ThrowsWithNullContent" storage="f:\advisorsrepo\wcfhttp\http\test\microsoft.applicationserver.http\unit\bin\release\microsoft.applicationserver.http.cit.unit.dll" id="1d4ad57c-d407-0626-f6b4-fd3516c569b9">
      <Description>CanReadAs(Type, HttpRequestMessage) throws with null ObjectContent.</Description>
      <Execution timeOut="30000" id="c48f9dfe-2482-42ca-b94d-89d41286ffb9" />
      <Owners>
        <Owner name="dravva" />
      </Owners>
      <TestCategory>
        <TestCategoryItem TestCategory="CIT" />
      </TestCategory>
      <TestMethod codeBase="F:/advisorsrepo/wcfhttp/Http/Test/Microsoft.ApplicationServer.Http/Unit/bin/Release/Microsoft.ApplicationServer.Http.CIT.Unit.DLL" adapterTypeName="Microsoft.VisualStudio.TestTools.TestTypes.Unit.UnitTestAdapter, Microsoft.VisualStudio.QualityTools.Tips.UnitTest.Adapter, Version=10.0.0.0, Culture=neutral, PublicKeyToken=b03f5f7f11d50a3a" className="Microsoft.ApplicationServer.Http.MediaTypeFormatterTests, Microsoft.ApplicationServer.Http.CIT.Unit, Version=0.0.0.0, Culture=neutral, PublicKeyToken=null" name="CanReadAs1ThrowsWithNullContent" />
    </UnitTest>
    <UnitTest name="ConstructorThrowsWithNullRequestHandlers" storage="f:\advisorsrepo\wcfhttp\http\test\microsoft.applicationserver.http\unit\bin\release\microsoft.applicationserver.http.cit.unit.dll" id="714489df-87a9-13d9-5af6-5d3b484159c4">
      <Description>OperationHandlerPipelineInfo(IEnumerable&lt;HttpOperationHandler&gt;, IEnumerable&lt;HttpOperationHandler&gt;, HttpOperationDescription) throws with null requestHandlers.</Description>
      <Execution timeOut="30000" id="a1ba8d66-886f-42cb-a12b-5e6b5a16eb9a" />
      <Owners>
        <Owner name="dravva" />
      </Owners>
      <TestCategory>
        <TestCategoryItem TestCategory="CIT" />
      </TestCategory>
      <TestMethod codeBase="F:/advisorsrepo/wcfhttp/Http/Test/Microsoft.ApplicationServer.Http/Unit/bin/Release/Microsoft.ApplicationServer.Http.CIT.Unit.DLL" adapterTypeName="Microsoft.VisualStudio.TestTools.TestTypes.Unit.UnitTestAdapter, Microsoft.VisualStudio.QualityTools.Tips.UnitTest.Adapter, Version=10.0.0.0, Culture=neutral, PublicKeyToken=b03f5f7f11d50a3a" className="Microsoft.ApplicationServer.Http.Dispatcher.OperationHandlerPipelineInfoTests, Microsoft.ApplicationServer.Http.CIT.Unit, Version=0.0.0.0, Culture=neutral, PublicKeyToken=null" name="ConstructorThrowsWithNullRequestHandlers" />
    </UnitTest>
    <UnitTest name="BuildChannelListener_Returns_ChannelListener_For_IReplyChannel" storage="f:\advisorsrepo\wcfhttp\http\test\microsoft.applicationserver.http\unit\bin\release\microsoft.applicationserver.http.cit.unit.dll" id="4202ad62-c627-e1a0-3613-464feb7b01ef">
      <Description>HttpMessageEncodingBindingElement.BuildChannelListener returns an HttpMessageEncodingChannelListener for IReplyChannel.</Description>
      <Execution timeOut="30000" id="7b6b6fc8-3771-4c45-9ce0-5dd37ee16048" />
      <Owners>
        <Owner name="derik" />
      </Owners>
      <TestCategory>
        <TestCategoryItem TestCategory="CIT" />
      </TestCategory>
      <TestMethod codeBase="F:/advisorsrepo/wcfhttp/Http/Test/Microsoft.ApplicationServer.Http/Unit/bin/Release/Microsoft.ApplicationServer.Http.CIT.Unit.DLL" adapterTypeName="Microsoft.VisualStudio.TestTools.TestTypes.Unit.UnitTestAdapter, Microsoft.VisualStudio.QualityTools.Tips.UnitTest.Adapter, Version=10.0.0.0, Culture=neutral, PublicKeyToken=b03f5f7f11d50a3a" className="Microsoft.ApplicationServer.Http.Channels.HttpMessageEncodingBindingElementTests, Microsoft.ApplicationServer.Http.CIT.Unit, Version=0.0.0.0, Culture=neutral, PublicKeyToken=null" name="BuildChannelListener_Returns_ChannelListener_For_IReplyChannel" />
    </UnitTest>
    <UnitTest name="BeginReply_Replaces_HttpResponseMessageProperty_When_Response_Is_HttpMessage" storage="f:\advisorsrepo\wcfhttp\http\test\microsoft.applicationserver.http\unit\bin\release\microsoft.applicationserver.http.cit.unit.dll" id="d795853e-a1f2-c3a3-d6a5-a2ddacddf22a">
      <Description>HttpMessageEncodingRequestContext.BeginReply replaces the HttpResponseMessageProperty with the values from the HttpResponseMessage.</Description>
      <Execution timeOut="30000" id="be59f5cd-c75c-439f-98c7-952c61928d4e" />
      <Owners>
        <Owner name="derik" />
      </Owners>
      <TestCategory>
        <TestCategoryItem TestCategory="CIT" />
      </TestCategory>
      <TestMethod codeBase="F:/advisorsrepo/wcfhttp/Http/Test/Microsoft.ApplicationServer.Http/Unit/bin/Release/Microsoft.ApplicationServer.Http.CIT.Unit.DLL" adapterTypeName="Microsoft.VisualStudio.TestTools.TestTypes.Unit.UnitTestAdapter, Microsoft.VisualStudio.QualityTools.Tips.UnitTest.Adapter, Version=10.0.0.0, Culture=neutral, PublicKeyToken=b03f5f7f11d50a3a" className="Microsoft.ApplicationServer.Http.Channels.HttpMessageEncodingRequestContextTests, Microsoft.ApplicationServer.Http.CIT.Unit, Version=0.0.0.0, Culture=neutral, PublicKeyToken=null" name="BeginReply_Replaces_HttpResponseMessageProperty_When_Response_Is_HttpMessage" />
    </UnitTest>
    <UnitTest name="Validate_Throws_If_Request_Message_Headers_Present" storage="f:\advisorsrepo\wcfhttp\http\test\microsoft.applicationserver.http\unit\bin\release\microsoft.applicationserver.http.cit.unit.dll" id="1aa8af33-1e3d-f891-bfcb-7f5fd685f919">
      <Description>HttpBehavior.Validate throws if any operation has a request message with headers.</Description>
      <Execution timeOut="30000" id="1480332b-febc-4836-8020-d453ed8843a1" />
      <Owners>
        <Owner name="vinelap" />
      </Owners>
      <TestCategory>
        <TestCategoryItem TestCategory="CIT" />
      </TestCategory>
      <TestMethod codeBase="F:/advisorsrepo/wcfhttp/Http/Test/Microsoft.ApplicationServer.Http/Unit/bin/Release/Microsoft.ApplicationServer.Http.CIT.Unit.DLL" adapterTypeName="Microsoft.VisualStudio.TestTools.TestTypes.Unit.UnitTestAdapter, Microsoft.VisualStudio.QualityTools.Tips.UnitTest.Adapter, Version=10.0.0.0, Culture=neutral, PublicKeyToken=b03f5f7f11d50a3a" className="Microsoft.ApplicationServer.Http.Description.HttpBehaviorTests, Microsoft.ApplicationServer.Http.CIT.Unit, Version=0.0.0.0, Culture=neutral, PublicKeyToken=null" name="Validate_Throws_If_Request_Message_Headers_Present" />
    </UnitTest>
    <UnitTest name="SupportsMediaType1ReturnsTrueWithMediaRangeInAcceptHeader" storage="f:\advisorsrepo\wcfhttp\http\test\microsoft.applicationserver.http\unit\bin\release\microsoft.applicationserver.http.cit.unit.dll" id="0f7f2b0a-930d-b02c-945d-482143abd835">
      <Description>SupportsMediaType(HttpResponseMessage) returns true when the MediaRange is in the accept headers.</Description>
      <Execution timeOut="30000" id="f8fe8bb7-4e63-4c94-b829-81abdee96bdc" />
      <Owners>
        <Owner name="dravva" />
      </Owners>
      <TestCategory>
        <TestCategoryItem TestCategory="CIT" />
      </TestCategory>
      <TestMethod codeBase="F:/advisorsrepo/wcfhttp/Http/Test/Microsoft.ApplicationServer.Http/Unit/bin/Release/Microsoft.ApplicationServer.Http.CIT.Unit.DLL" adapterTypeName="Microsoft.VisualStudio.TestTools.TestTypes.Unit.UnitTestAdapter, Microsoft.VisualStudio.QualityTools.Tips.UnitTest.Adapter, Version=10.0.0.0, Culture=neutral, PublicKeyToken=b03f5f7f11d50a3a" className="Microsoft.ApplicationServer.Http.MediaRangeMappingTests, Microsoft.ApplicationServer.Http.CIT.Unit, Version=0.0.0.0, Culture=neutral, PublicKeyToken=null" name="SupportsMediaType1ReturnsTrueWithMediaRangeInAcceptHeader" />
    </UnitTest>
    <UnitTest name="ConstructorSetsTrailingSlashMode" storage="f:\advisorsrepo\wcfhttp\http\test\microsoft.applicationserver.http\unit\bin\release\microsoft.applicationserver.http.cit.unit.dll" id="43e51f6c-eb37-f708-5321-df9c86c2d655">
      <Description>UriAndMethodOperationSelector(Uri, IEnumerable&lt;HttpOperationDescription&gt;) sets TrailingSlashMode to TrailingSlashMode.AutoRedirect.</Description>
      <Execution timeOut="30000" id="4f78a9f9-74dc-41cc-bdc9-63afc7f747b2" />
      <Owners>
        <Owner name="dravva" />
      </Owners>
      <TestCategory>
        <TestCategoryItem TestCategory="CIT" />
      </TestCategory>
      <TestMethod codeBase="F:/advisorsrepo/wcfhttp/Http/Test/Microsoft.ApplicationServer.Http/Unit/bin/Release/Microsoft.ApplicationServer.Http.CIT.Unit.DLL" adapterTypeName="Microsoft.VisualStudio.TestTools.TestTypes.Unit.UnitTestAdapter, Microsoft.VisualStudio.QualityTools.Tips.UnitTest.Adapter, Version=10.0.0.0, Culture=neutral, PublicKeyToken=b03f5f7f11d50a3a" className="Microsoft.ApplicationServer.Http.Dispatcher.UriAndMethodOperationSelectorTests, Microsoft.ApplicationServer.Http.CIT.Unit, Version=0.0.0.0, Culture=neutral, PublicKeyToken=null" name="ConstructorSetsTrailingSlashMode" />
    </UnitTest>
    <UnitTest name="ReadMessage_With_Stream_Returns_HttpMessage_With_IsRequest_True" storage="f:\advisorsrepo\wcfhttp\http\test\microsoft.applicationserver.http\unit\bin\release\microsoft.applicationserver.http.cit.unit.dll" id="296ecf9a-eed8-31df-73f8-8db6be13715e">
      <Description>HttpMessageEncoder.ReadMessage that takes a stream parameter returns an HttpMessage with IsRequest set to 'true'.</Description>
      <Execution timeOut="30000" id="4d2bb16a-cc77-45a2-932e-ef7ceea67f05" />
      <Owners>
        <Owner name="derik" />
      </Owners>
      <TestCategory>
        <TestCategoryItem TestCategory="CIT" />
      </TestCategory>
      <TestMethod codeBase="F:/advisorsrepo/wcfhttp/Http/Test/Microsoft.ApplicationServer.Http/Unit/bin/Release/Microsoft.ApplicationServer.Http.CIT.Unit.DLL" adapterTypeName="Microsoft.VisualStudio.TestTools.TestTypes.Unit.UnitTestAdapter, Microsoft.VisualStudio.QualityTools.Tips.UnitTest.Adapter, Version=10.0.0.0, Culture=neutral, PublicKeyToken=b03f5f7f11d50a3a" className="Microsoft.ApplicationServer.Http.Channels.HttpMessageEncoderTests, Microsoft.ApplicationServer.Http.CIT.Unit, Version=0.0.0.0, Culture=neutral, PublicKeyToken=null" name="ReadMessage_With_Stream_Returns_HttpMessage_With_IsRequest_True" />
    </UnitTest>
    <UnitTest name="HttpParameterCollection_Synchronized_Incomplete_Implements_Contains" storage="f:\advisorsrepo\wcfhttp\http\test\microsoft.applicationserver.http\unit\bin\release\microsoft.applicationserver.http.cit.unit.dll" id="3efb2ccf-f363-81d1-1c64-c051e2994e9d">
      <Description>HttpParameterCollection created from incomplete MessagePartDescriptionCollection implements Contains correctly</Description>
      <Execution timeOut="30000" id="7ce9bdb8-931a-41ef-802f-7cb04eb1f4e8" />
      <Owners>
        <Owner name="derik" />
      </Owners>
      <TestCategory>
        <TestCategoryItem TestCategory="CIT" />
      </TestCategory>
      <TestMethod codeBase="F:/advisorsrepo/wcfhttp/Http/Test/Microsoft.ApplicationServer.Http/Unit/bin/Release/Microsoft.ApplicationServer.Http.CIT.Unit.DLL" adapterTypeName="Microsoft.VisualStudio.TestTools.TestTypes.Unit.UnitTestAdapter, Microsoft.VisualStudio.QualityTools.Tips.UnitTest.Adapter, Version=10.0.0.0, Culture=neutral, PublicKeyToken=b03f5f7f11d50a3a" className="Microsoft.ApplicationServer.Http.Description.HttpParameterCollectionTests, Microsoft.ApplicationServer.Http.CIT.Unit, Version=0.0.0.0, Culture=neutral, PublicKeyToken=null" name="HttpParameterCollection_Synchronized_Incomplete_Implements_Contains" />
    </UnitTest>
    <UnitTest name="Constructor6ThrowsWithHttpContentAsT" storage="f:\advisorsrepo\wcfhttp\http\test\microsoft.applicationserver.http\unit\bin\release\microsoft.applicationserver.http.cit.unit.dll" id="30811b3b-be5a-d7d4-d49d-fc4c8b55356f">
      <Description>ObjectContent&lt;T&gt;(T, MediaTypeHeaderValue, IEnumerable&lt;MediaTypeFormatter&gt;) throws with HttpContent as T.</Description>
      <Execution timeOut="30000" id="7a5e6674-530c-4a18-826a-a3251398fee6" />
      <Owners>
        <Owner name="dravva" />
      </Owners>
      <TestCategory>
        <TestCategoryItem TestCategory="CIT" />
      </TestCategory>
      <TestMethod codeBase="F:/advisorsrepo/wcfhttp/Http/Test/Microsoft.ApplicationServer.Http/Unit/bin/Release/Microsoft.ApplicationServer.Http.CIT.Unit.DLL" adapterTypeName="Microsoft.VisualStudio.TestTools.TestTypes.Unit.UnitTestAdapter, Microsoft.VisualStudio.QualityTools.Tips.UnitTest.Adapter, Version=10.0.0.0, Culture=neutral, PublicKeyToken=b03f5f7f11d50a3a" className="Microsoft.ApplicationServer.Http.ObjectContentOfTTests, Microsoft.ApplicationServer.Http.CIT.Unit, Version=0.0.0.0, Culture=neutral, PublicKeyToken=null" name="Constructor6ThrowsWithHttpContentAsT" />
    </UnitTest>
    <UnitTest name="Constructor5" storage="f:\advisorsrepo\wcfhttp\http\test\microsoft.applicationserver.http\unit\bin\release\microsoft.applicationserver.http.cit.unit.dll" id="55bad3db-84e3-3925-7acd-530fb8734ca3">
      <Description>ObjectContent&lt;T&gt;(T, string, IEnumerable&lt;MediaTypeFormatter&gt;) sets Type, content header's media type, Formatters and (private) ObjectInstance properties with all known value and reference types.</Description>
      <Execution timeOut="30000" id="fa3e3b92-ee42-4b15-bf34-2fb26a5a14e0" />
      <Owners>
        <Owner name="dravva" />
      </Owners>
      <TestCategory>
        <TestCategoryItem TestCategory="CIT" />
      </TestCategory>
      <TestMethod codeBase="F:/advisorsrepo/wcfhttp/Http/Test/Microsoft.ApplicationServer.Http/Unit/bin/Release/Microsoft.ApplicationServer.Http.CIT.Unit.DLL" adapterTypeName="Microsoft.VisualStudio.TestTools.TestTypes.Unit.UnitTestAdapter, Microsoft.VisualStudio.QualityTools.Tips.UnitTest.Adapter, Version=10.0.0.0, Culture=neutral, PublicKeyToken=b03f5f7f11d50a3a" className="Microsoft.ApplicationServer.Http.ObjectContentOfTTests, Microsoft.ApplicationServer.Http.CIT.Unit, Version=0.0.0.0, Culture=neutral, PublicKeyToken=null" name="Constructor5" />
    </UnitTest>
    <UnitTest name="IsWithinMediaRange_Returns_False_When_SubType_Is_Different" storage="f:\advisorsrepo\wcfhttp\http\test\microsoft.applicationserver.http\unit\bin\release\microsoft.applicationserver.http.cit.unit.dll" id="40a8a6d7-c80b-7c82-f9cd-09bb545bf40e">
      <Description>MediaTypeHeadeValueExtensionMethods.IsMediaRange returns false when the media type and media range have different sub types.</Description>
      <Execution timeOut="30000" id="b5f89f63-9bdc-4164-a886-8854d34071c4" />
      <Owners>
        <Owner name="vinelap" />
      </Owners>
      <TestCategory>
        <TestCategoryItem TestCategory="CIT" />
      </TestCategory>
      <TestMethod codeBase="F:/advisorsrepo/wcfhttp/Http/Test/Microsoft.ApplicationServer.Http/Unit/bin/Release/Microsoft.ApplicationServer.Http.CIT.Unit.DLL" adapterTypeName="Microsoft.VisualStudio.TestTools.TestTypes.Unit.UnitTestAdapter, Microsoft.VisualStudio.QualityTools.Tips.UnitTest.Adapter, Version=10.0.0.0, Culture=neutral, PublicKeyToken=b03f5f7f11d50a3a" className="Microsoft.ApplicationServer.Http.MediaTypeHeadeValueExtensionMethodsTests, Microsoft.ApplicationServer.Http.CIT.Unit, Version=0.0.0.0, Culture=neutral, PublicKeyToken=null" name="IsWithinMediaRange_Returns_False_When_SubType_Is_Different" />
    </UnitTest>
    <UnitTest name="GetHttpMethod_Returns_HttpMethod" storage="f:\advisorsrepo\wcfhttp\http\test\microsoft.applicationserver.http\unit\bin\release\microsoft.applicationserver.http.cit.unit.dll" id="f823f20c-4a40-5164-0931-cc4762527957">
      <Description>HttpOperationDescription.GetHttpMethod returns the correct HttpMethod for the operation.</Description>
      <Execution timeOut="30000" id="5e899ba2-163c-4fd3-acdb-e51d7182f418" />
      <Owners>
        <Owner name="vinelap" />
      </Owners>
      <TestCategory>
        <TestCategoryItem TestCategory="CIT" />
      </TestCategory>
      <TestMethod codeBase="F:/advisorsrepo/wcfhttp/Http/Test/Microsoft.ApplicationServer.Http/Unit/bin/Release/Microsoft.ApplicationServer.Http.CIT.Unit.DLL" adapterTypeName="Microsoft.VisualStudio.TestTools.TestTypes.Unit.UnitTestAdapter, Microsoft.VisualStudio.QualityTools.Tips.UnitTest.Adapter, Version=10.0.0.0, Culture=neutral, PublicKeyToken=b03f5f7f11d50a3a" className="Microsoft.ApplicationServer.Http.Description.HttpOperationDescriptionExtensionMethodsTests, Microsoft.ApplicationServer.Http.CIT.Unit, Version=0.0.0.0, Culture=neutral, PublicKeyToken=null" name="GetHttpMethod_Returns_HttpMethod" />
    </UnitTest>
    <UnitTest name="HelpUriGetsSetsValue" storage="f:\advisorsrepo\wcfhttp\http\test\microsoft.applicationserver.http\unit\bin\release\microsoft.applicationserver.http.cit.unit.dll" id="03215f74-0ff4-6f05-f3d6-7ce9f1eaa7df">
      <Description>HelpPageUri property has a getter and a setter and is null by default.</Description>
      <Execution timeOut="30000" id="aa2e2185-b2e9-4e6e-a43f-2afc31fda43e" />
      <Owners>
        <Owner name="dravva" />
      </Owners>
      <TestCategory>
        <TestCategoryItem TestCategory="CIT" />
      </TestCategory>
      <TestMethod codeBase="F:/advisorsrepo/wcfhttp/Http/Test/Microsoft.ApplicationServer.Http/Unit/bin/Release/Microsoft.ApplicationServer.Http.CIT.Unit.DLL" adapterTypeName="Microsoft.VisualStudio.TestTools.TestTypes.Unit.UnitTestAdapter, Microsoft.VisualStudio.QualityTools.Tips.UnitTest.Adapter, Version=10.0.0.0, Culture=neutral, PublicKeyToken=b03f5f7f11d50a3a" className="Microsoft.ApplicationServer.Http.Dispatcher.UriAndMethodOperationSelectorTests, Microsoft.ApplicationServer.Http.CIT.Unit, Version=0.0.0.0, Culture=neutral, PublicKeyToken=null" name="HelpUriGetsSetsValue" />
    </UnitTest>
    <UnitTest name="WebGet_With_Template_Parameter_Mismatch_Test" storage="f:\advisorsrepo\wcfhttp\http\test\microsoft.applicationserver.http\unit\bin\release\microsoft.applicationserver.http.cit.unit.dll" id="20ecf82a-b6b4-690c-3e9c-b8276eb265e8">
      <Description>Generated OperationDescription will only show the uritemplate variables when operation parameter is not matching</Description>
      <Execution timeOut="30000" id="494b2633-0138-4e98-8d31-496b4ea78dda" />
      <Owners>
        <Owner name="vinelap" />
      </Owners>
      <TestCategory>
        <TestCategoryItem TestCategory="CIT" />
      </TestCategory>
      <TestMethod codeBase="F:/advisorsrepo/wcfhttp/Http/Test/Microsoft.ApplicationServer.Http/Unit/bin/Release/Microsoft.ApplicationServer.Http.CIT.Unit.DLL" adapterTypeName="Microsoft.VisualStudio.TestTools.TestTypes.Unit.UnitTestAdapter, Microsoft.VisualStudio.QualityTools.Tips.UnitTest.Adapter, Version=10.0.0.0, Culture=neutral, PublicKeyToken=b03f5f7f11d50a3a" className="Microsoft.ApplicationServer.Http.Dispatcher.HelpPageTests, Microsoft.ApplicationServer.Http.CIT.Unit, Version=0.0.0.0, Culture=neutral, PublicKeyToken=null" name="WebGet_With_Template_Parameter_Mismatch_Test" />
    </UnitTest>
    <UnitTest name="RemoveSetsXmlFormatter" storage="f:\advisorsrepo\wcfhttp\http\test\microsoft.applicationserver.http\unit\bin\release\microsoft.applicationserver.http.cit.unit.dll" id="e87195f5-eeb3-9f5f-6061-3e853946ae6e">
      <Description>MediaTypeFormatterCollection.Remove sets XmlFormatter to null.</Description>
      <Execution timeOut="30000" id="a4f020a1-0b54-40f5-a4bb-c9100eb79c23" />
      <Owners>
        <Owner name="dravva" />
      </Owners>
      <TestCategory>
        <TestCategoryItem TestCategory="CIT" />
      </TestCategory>
      <TestMethod codeBase="F:/advisorsrepo/wcfhttp/Http/Test/Microsoft.ApplicationServer.Http/Unit/bin/Release/Microsoft.ApplicationServer.Http.CIT.Unit.DLL" adapterTypeName="Microsoft.VisualStudio.TestTools.TestTypes.Unit.UnitTestAdapter, Microsoft.VisualStudio.QualityTools.Tips.UnitTest.Adapter, Version=10.0.0.0, Culture=neutral, PublicKeyToken=b03f5f7f11d50a3a" className="Microsoft.ApplicationServer.Http.MediaTypeFormatterCollectionTests, Microsoft.ApplicationServer.Http.CIT.Unit, Version=0.0.0.0, Culture=neutral, PublicKeyToken=null" name="RemoveSetsXmlFormatter" />
    </UnitTest>
    <UnitTest name="Constructor4" storage="f:\advisorsrepo\wcfhttp\http\test\microsoft.applicationserver.http\unit\bin\release\microsoft.applicationserver.http.cit.unit.dll" id="b4326cab-2fe8-ac16-621b-e72753e6a588">
      <Description>HttpResponseMessage&lt;T&gt;(T, HttpStatusCode, IEnumerable&lt;MediaTypeFormatter&gt;) sets Content and StatusCode properties with all known value and reference types.</Description>
      <Execution timeOut="30000" id="86745789-1876-4af5-9e02-ee6be67ecf63" />
      <Owners>
        <Owner name="dravva" />
      </Owners>
      <TestCategory>
        <TestCategoryItem TestCategory="CIT" />
      </TestCategory>
      <TestMethod codeBase="F:/advisorsrepo/wcfhttp/Http/Test/Microsoft.ApplicationServer.Http/Unit/bin/Release/Microsoft.ApplicationServer.Http.CIT.Unit.DLL" adapterTypeName="Microsoft.VisualStudio.TestTools.TestTypes.Unit.UnitTestAdapter, Microsoft.VisualStudio.QualityTools.Tips.UnitTest.Adapter, Version=10.0.0.0, Culture=neutral, PublicKeyToken=b03f5f7f11d50a3a" className="Microsoft.ApplicationServer.Http.HttpResponseMessageOfTTests, Microsoft.ApplicationServer.Http.CIT.Unit, Version=0.0.0.0, Culture=neutral, PublicKeyToken=null" name="Constructor4" />
    </UnitTest>
    <UnitTest name="BaseAddress_Returns_Same_Instance_From_Constructor" storage="f:\advisorsrepo\wcfhttp\http\test\microsoft.applicationserver.http\unit\bin\release\microsoft.applicationserver.http.cit.unit.dll" id="abdb31d5-7c12-44af-d6c9-b20415ed9388">
      <Description>UriTemplateHttpOperationHandler.BaseAddress returns the same instance as was passed in to the constructor.</Description>
      <Execution timeOut="30000" id="9424ad52-e247-4498-a30c-077f6b777b75" />
      <Owners>
        <Owner name="vinelap" />
      </Owners>
      <TestCategory>
        <TestCategoryItem TestCategory="CIT" />
      </TestCategory>
      <TestMethod codeBase="F:/advisorsrepo/wcfhttp/Http/Test/Microsoft.ApplicationServer.Http/Unit/bin/Release/Microsoft.ApplicationServer.Http.CIT.Unit.DLL" adapterTypeName="Microsoft.VisualStudio.TestTools.TestTypes.Unit.UnitTestAdapter, Microsoft.VisualStudio.QualityTools.Tips.UnitTest.Adapter, Version=10.0.0.0, Culture=neutral, PublicKeyToken=b03f5f7f11d50a3a" className="Microsoft.ApplicationServer.Http.Dispatcher.UriTemplateHandlerTests, Microsoft.ApplicationServer.Http.CIT.Unit, Version=0.0.0.0, Culture=neutral, PublicKeyToken=null" name="BaseAddress_Returns_Same_Instance_From_Constructor" />
    </UnitTest>
    <UnitTest name="ConstructorSetsHttpContentWithStreamAsObject" storage="f:\advisorsrepo\wcfhttp\http\test\microsoft.applicationserver.http\unit\bin\release\microsoft.applicationserver.http.cit.unit.dll" id="88f99648-2687-a586-ec71-6a509aa2c591">
      <Description>ObjectContent(Type, object) sets HttpContent property to a StreamContent when Object parameter is a Stream.</Description>
      <Execution timeOut="30000" id="1ca11ffc-5de9-41b2-afd0-7e931fa39abd" />
      <Owners>
        <Owner name="dravva" />
      </Owners>
      <TestCategory>
        <TestCategoryItem TestCategory="CIT" />
      </TestCategory>
      <TestMethod codeBase="F:/advisorsrepo/wcfhttp/Http/Test/Microsoft.ApplicationServer.Http/Unit/bin/Release/Microsoft.ApplicationServer.Http.CIT.Unit.DLL" adapterTypeName="Microsoft.VisualStudio.TestTools.TestTypes.Unit.UnitTestAdapter, Microsoft.VisualStudio.QualityTools.Tips.UnitTest.Adapter, Version=10.0.0.0, Culture=neutral, PublicKeyToken=b03f5f7f11d50a3a" className="Microsoft.ApplicationServer.Http.ObjectContentTests, Microsoft.ApplicationServer.Http.CIT.Unit, Version=0.0.0.0, Culture=neutral, PublicKeyToken=null" name="ConstructorSetsHttpContentWithStreamAsObject" />
    </UnitTest>
    <UnitTest name="ConstructorCallsOnGetInputParametersOfAllRequestHandlers" storage="f:\advisorsrepo\wcfhttp\http\test\microsoft.applicationserver.http\unit\bin\release\microsoft.applicationserver.http.cit.unit.dll" id="2b1d03d6-f697-8b7a-4ea6-50437b21c27d">
      <Description>OperationHandlerPipelineInfo(IEnumerable&lt;HttpOperationHandler&gt;, IEnumerable&lt;HttpOperationHandler&gt;, HttpOperationDescription) calls OnGetInputParameters() on all of the requestHandlers.</Description>
      <Execution timeOut="30000" id="c699c86e-6566-4cdc-8918-c958d2396246" />
      <Owners>
        <Owner name="dravva" />
      </Owners>
      <TestCategory>
        <TestCategoryItem TestCategory="CIT" />
      </TestCategory>
      <TestMethod codeBase="F:/advisorsrepo/wcfhttp/Http/Test/Microsoft.ApplicationServer.Http/Unit/bin/Release/Microsoft.ApplicationServer.Http.CIT.Unit.DLL" adapterTypeName="Microsoft.VisualStudio.TestTools.TestTypes.Unit.UnitTestAdapter, Microsoft.VisualStudio.QualityTools.Tips.UnitTest.Adapter, Version=10.0.0.0, Culture=neutral, PublicKeyToken=b03f5f7f11d50a3a" className="Microsoft.ApplicationServer.Http.Dispatcher.OperationHandlerPipelineInfoTests, Microsoft.ApplicationServer.Http.CIT.Unit, Version=0.0.0.0, Culture=neutral, PublicKeyToken=null" name="ConstructorCallsOnGetInputParametersOfAllRequestHandlers" />
    </UnitTest>
    <UnitTest name="IsWithinMediaRange_Returns_True_For_Media_Types_That_Are_Equaivalent_Media_Ranges" storage="f:\advisorsrepo\wcfhttp\http\test\microsoft.applicationserver.http\unit\bin\release\microsoft.applicationserver.http.cit.unit.dll" id="c98aa690-8aa5-b222-0ec9-dbe127e5edbe">
      <Description>MediaTypeHeadeValueExtensionMethods.IsWithinMediaRange returns true when the media type is a media range equaivalent to the given media range.</Description>
      <Execution timeOut="30000" id="2248e3c8-19e6-4174-9f65-c84074049f31" />
      <Owners>
        <Owner name="vinelap" />
      </Owners>
      <TestCategory>
        <TestCategoryItem TestCategory="CIT" />
      </TestCategory>
      <TestMethod codeBase="F:/advisorsrepo/wcfhttp/Http/Test/Microsoft.ApplicationServer.Http/Unit/bin/Release/Microsoft.ApplicationServer.Http.CIT.Unit.DLL" adapterTypeName="Microsoft.VisualStudio.TestTools.TestTypes.Unit.UnitTestAdapter, Microsoft.VisualStudio.QualityTools.Tips.UnitTest.Adapter, Version=10.0.0.0, Culture=neutral, PublicKeyToken=b03f5f7f11d50a3a" className="Microsoft.ApplicationServer.Http.MediaTypeHeadeValueExtensionMethodsTests, Microsoft.ApplicationServer.Http.CIT.Unit, Version=0.0.0.0, Culture=neutral, PublicKeyToken=null" name="IsWithinMediaRange_Returns_True_For_Media_Types_That_Are_Equaivalent_Media_Ranges" />
    </UnitTest>
    <UnitTest name="IsWithinMediaRange_Returns_True_For_Media_Types_Equaivalent_To_The_Media_Range" storage="f:\advisorsrepo\wcfhttp\http\test\microsoft.applicationserver.http\unit\bin\release\microsoft.applicationserver.http.cit.unit.dll" id="33c7a03f-dd60-1714-4753-466162484f1c">
      <Description>MediaTypeHeadeValueExtensionMethods.IsWithinMediaRange returns true when the media type is equaivalent to the media range.</Description>
      <Execution timeOut="30000" id="d184d6af-ffa7-4345-a920-b31c4e040760" />
      <Owners>
        <Owner name="vinelap" />
      </Owners>
      <TestCategory>
        <TestCategoryItem TestCategory="CIT" />
      </TestCategory>
      <TestMethod codeBase="F:/advisorsrepo/wcfhttp/Http/Test/Microsoft.ApplicationServer.Http/Unit/bin/Release/Microsoft.ApplicationServer.Http.CIT.Unit.DLL" adapterTypeName="Microsoft.VisualStudio.TestTools.TestTypes.Unit.UnitTestAdapter, Microsoft.VisualStudio.QualityTools.Tips.UnitTest.Adapter, Version=10.0.0.0, Culture=neutral, PublicKeyToken=b03f5f7f11d50a3a" className="Microsoft.ApplicationServer.Http.MediaTypeHeadeValueExtensionMethodsTests, Microsoft.ApplicationServer.Http.CIT.Unit, Version=0.0.0.0, Culture=neutral, PublicKeyToken=null" name="IsWithinMediaRange_Returns_True_For_Media_Types_Equaivalent_To_The_Media_Range" />
    </UnitTest>
    <UnitTest name="HttpOperationDescription_Return_Parameter_Matches_Void_Method" storage="f:\advisorsrepo\wcfhttp\http\test\microsoft.applicationserver.http\unit\bin\release\microsoft.applicationserver.http.cit.unit.dll" id="ad767ec5-e5a5-94fa-3000-87a6b5b6e54c">
      <Description>HttpOperationDescription return parameter matches a void method</Description>
      <Execution timeOut="30000" id="8a92551e-3f70-4e19-89a8-2fdb106cd1d2" />
      <Owners>
        <Owner name="maying" />
      </Owners>
      <TestCategory>
        <TestCategoryItem TestCategory="CIT" />
      </TestCategory>
      <TestMethod codeBase="F:/advisorsrepo/wcfhttp/Http/Test/Microsoft.ApplicationServer.Http/Unit/bin/Release/Microsoft.ApplicationServer.Http.CIT.Unit.DLL" adapterTypeName="Microsoft.VisualStudio.TestTools.TestTypes.Unit.UnitTestAdapter, Microsoft.VisualStudio.QualityTools.Tips.UnitTest.Adapter, Version=10.0.0.0, Culture=neutral, PublicKeyToken=b03f5f7f11d50a3a" className="Microsoft.ApplicationServer.Http.Description.HttpOperationDescriptionTests, Microsoft.ApplicationServer.Http.CIT.Unit, Version=0.0.0.0, Culture=neutral, PublicKeyToken=null" name="HttpOperationDescription_Return_Parameter_Matches_Void_Method" />
    </UnitTest>
    <UnitTest name="CanConvertFromStringReturnsFalseForObjectContent" storage="f:\advisorsrepo\wcfhttp\http\test\microsoft.applicationserver.http\unit\bin\release\microsoft.applicationserver.http.cit.unit.dll" id="60ac7977-8e9c-5b6b-4e28-1b2c6d165493">
      <Description>CanConvertFromString returns false for ObjectContent converters.</Description>
      <Execution timeOut="30000" id="51854341-3903-4eb5-8666-e2f0a94843c0" />
      <Owners>
        <Owner name="dravva" />
      </Owners>
      <TestCategory>
        <TestCategoryItem TestCategory="CIT" />
      </TestCategory>
      <TestMethod codeBase="F:/advisorsrepo/wcfhttp/Http/Test/Microsoft.ApplicationServer.Http/Unit/bin/Release/Microsoft.ApplicationServer.Http.CIT.Unit.DLL" adapterTypeName="Microsoft.VisualStudio.TestTools.TestTypes.Unit.UnitTestAdapter, Microsoft.VisualStudio.QualityTools.Tips.UnitTest.Adapter, Version=10.0.0.0, Culture=neutral, PublicKeyToken=b03f5f7f11d50a3a" className="Microsoft.ApplicationServer.Http.Description.HttpParameterValueConverterTests, Microsoft.ApplicationServer.Http.CIT.Unit, Version=0.0.0.0, Culture=neutral, PublicKeyToken=null" name="CanConvertFromStringReturnsFalseForObjectContent" />
    </UnitTest>
    <UnitTest name="Constructor7SetsContentHeadersWithHttpContent" storage="f:\advisorsrepo\wcfhttp\http\test\microsoft.applicationserver.http\unit\bin\release\microsoft.applicationserver.http.cit.unit.dll" id="a46221d6-7504-b219-2a3c-d1a899d1c957">
      <Description>ObjectContent&lt;T&gt;(HttpContent, IEnumerable&lt;MediaTypeFormatter&gt;) sets ContentHeaders with input HttpContent.</Description>
      <Execution timeOut="30000" id="c03ed875-5ff4-4d0c-8754-24def985c3ff" />
      <Owners>
        <Owner name="dravva" />
      </Owners>
      <TestCategory>
        <TestCategoryItem TestCategory="CIT" />
      </TestCategory>
      <TestMethod codeBase="F:/advisorsrepo/wcfhttp/Http/Test/Microsoft.ApplicationServer.Http/Unit/bin/Release/Microsoft.ApplicationServer.Http.CIT.Unit.DLL" adapterTypeName="Microsoft.VisualStudio.TestTools.TestTypes.Unit.UnitTestAdapter, Microsoft.VisualStudio.QualityTools.Tips.UnitTest.Adapter, Version=10.0.0.0, Culture=neutral, PublicKeyToken=b03f5f7f11d50a3a" className="Microsoft.ApplicationServer.Http.ObjectContentOfTTests, Microsoft.ApplicationServer.Http.CIT.Unit, Version=0.0.0.0, Culture=neutral, PublicKeyToken=null" name="Constructor7SetsContentHeadersWithHttpContent" />
    </UnitTest>
    <UnitTest name="ResponseHeadersReturnsHttpResponseHeadersHttpParameter" storage="f:\advisorsrepo\wcfhttp\http\test\microsoft.applicationserver.http\unit\bin\release\microsoft.applicationserver.http.cit.unit.dll" id="baeb4ade-1830-e8ce-6809-0098cc92a6fc">
      <Description>ResponseHeaders returns HttpResponseHeaders HttpParameter.</Description>
      <Execution timeOut="30000" id="e4ba67e5-157a-4282-b149-5cca674cf448" />
      <Owners>
        <Owner name="maying" />
      </Owners>
      <TestCategory>
        <TestCategoryItem TestCategory="CIT" />
      </TestCategory>
      <TestMethod codeBase="F:/advisorsrepo/wcfhttp/Http/Test/Microsoft.ApplicationServer.Http/Unit/bin/Release/Microsoft.ApplicationServer.Http.CIT.Unit.DLL" adapterTypeName="Microsoft.VisualStudio.TestTools.TestTypes.Unit.UnitTestAdapter, Microsoft.VisualStudio.QualityTools.Tips.UnitTest.Adapter, Version=10.0.0.0, Culture=neutral, PublicKeyToken=b03f5f7f11d50a3a" className="Microsoft.ApplicationServer.Http.Description.HttpParameterTests, Microsoft.ApplicationServer.Http.CIT.Unit, Version=0.0.0.0, Culture=neutral, PublicKeyToken=null" name="ResponseHeadersReturnsHttpResponseHeadersHttpParameter" />
    </UnitTest>
    <UnitTest name="HttpParameter_ExtensionMethod_Throws_Null_MessagePartDescription" storage="f:\advisorsrepo\wcfhttp\http\test\microsoft.applicationserver.http\unit\bin\release\microsoft.applicationserver.http.cit.unit.dll" id="b11c5657-e9b5-1fe3-c545-07248e682949">
      <Description>HttpParameter can be constructed via extension method from MessagePartDescription.</Description>
      <Execution timeOut="30000" id="7bf5ab6e-8827-414f-8f27-f47d6d5545b2" />
      <Owners>
        <Owner name="maying" />
      </Owners>
      <TestCategory>
        <TestCategoryItem TestCategory="CIT" />
      </TestCategory>
      <TestMethod codeBase="F:/advisorsrepo/wcfhttp/Http/Test/Microsoft.ApplicationServer.Http/Unit/bin/Release/Microsoft.ApplicationServer.Http.CIT.Unit.DLL" adapterTypeName="Microsoft.VisualStudio.TestTools.TestTypes.Unit.UnitTestAdapter, Microsoft.VisualStudio.QualityTools.Tips.UnitTest.Adapter, Version=10.0.0.0, Culture=neutral, PublicKeyToken=b03f5f7f11d50a3a" className="Microsoft.ApplicationServer.Http.Description.HttpOperationDescriptionExtensionMethodsTests, Microsoft.ApplicationServer.Http.CIT.Unit, Version=0.0.0.0, Culture=neutral, PublicKeyToken=null" name="HttpParameter_ExtensionMethod_Throws_Null_MessagePartDescription" />
    </UnitTest>
    <UnitTest name="GetBodyAttribute_Throws" storage="f:\advisorsrepo\wcfhttp\http\test\microsoft.applicationserver.http\unit\bin\release\microsoft.applicationserver.http.cit.unit.dll" id="ff35a6f4-4735-15c6-6341-d9e099504b7b">
      <Description>HttpMessage.GetBodyAttribute always throws.</Description>
      <Execution timeOut="30000" id="7ff2764c-0419-4a84-803d-cc1ab1588f63" />
      <Owners>
        <Owner name="derik" />
      </Owners>
      <TestCategory>
        <TestCategoryItem TestCategory="CIT" />
      </TestCategory>
      <TestMethod codeBase="F:/advisorsrepo/wcfhttp/Http/Test/Microsoft.ApplicationServer.Http/Unit/bin/Release/Microsoft.ApplicationServer.Http.CIT.Unit.DLL" adapterTypeName="Microsoft.VisualStudio.TestTools.TestTypes.Unit.UnitTestAdapter, Microsoft.VisualStudio.QualityTools.Tips.UnitTest.Adapter, Version=10.0.0.0, Culture=neutral, PublicKeyToken=b03f5f7f11d50a3a" className="Microsoft.ApplicationServer.Http.Channels.HttpMessageTests, Microsoft.ApplicationServer.Http.CIT.Unit, Version=0.0.0.0, Culture=neutral, PublicKeyToken=null" name="GetBodyAttribute_Throws" />
    </UnitTest>
    <UnitTest name="Method_Not_Allowed_Is_Handled" storage="f:\advisorsrepo\wcfhttp\http\test\microsoft.applicationserver.http\unit\bin\release\microsoft.applicationserver.http.cit.unit.dll" id="ead58771-e43c-07b7-dc6f-09d662cac301">
      <Description>HttpBehavior back compat test for method not allowed.</Description>
      <Execution timeOut="30000" id="73ed4d12-c3bb-41bb-ba20-cba09ac41cd7" />
      <Owners>
        <Owner name="vinelap" />
      </Owners>
      <TestCategory>
        <TestCategoryItem TestCategory="CIT" />
      </TestCategory>
      <TestMethod codeBase="F:/advisorsrepo/wcfhttp/Http/Test/Microsoft.ApplicationServer.Http/Unit/bin/Release/Microsoft.ApplicationServer.Http.CIT.Unit.DLL" adapterTypeName="Microsoft.VisualStudio.TestTools.TestTypes.Unit.UnitTestAdapter, Microsoft.VisualStudio.QualityTools.Tips.UnitTest.Adapter, Version=10.0.0.0, Culture=neutral, PublicKeyToken=b03f5f7f11d50a3a" className="Microsoft.ApplicationServer.Http.Description.HttpBehaviorTests, Microsoft.ApplicationServer.Http.CIT.Unit, Version=0.0.0.0, Culture=neutral, PublicKeyToken=null" name="Method_Not_Allowed_Is_Handled" />
    </UnitTest>
    <UnitTest name="TypeIsCorrect" storage="f:\advisorsrepo\wcfhttp\http\test\microsoft.applicationserver.http\unit\bin\release\microsoft.applicationserver.http.cit.unit.dll" id="e6212808-3bad-54a5-b37e-b4b8b151e6ed">
      <Description>RequestContentHandler is public and concrete.</Description>
      <Execution timeOut="30000" id="6305f35a-3765-43b8-ac9a-d094df1925c9" />
      <Owners>
        <Owner name="dravva" />
      </Owners>
      <TestCategory>
        <TestCategoryItem TestCategory="CIT" />
      </TestCategory>
      <TestMethod codeBase="F:/advisorsrepo/wcfhttp/Http/Test/Microsoft.ApplicationServer.Http/Unit/bin/Release/Microsoft.ApplicationServer.Http.CIT.Unit.DLL" adapterTypeName="Microsoft.VisualStudio.TestTools.TestTypes.Unit.UnitTestAdapter, Microsoft.VisualStudio.QualityTools.Tips.UnitTest.Adapter, Version=10.0.0.0, Culture=neutral, PublicKeyToken=b03f5f7f11d50a3a" className="Microsoft.ApplicationServer.Http.Dispatcher.RequestContentHandlerTests, Microsoft.ApplicationServer.Http.CIT.Unit, Version=0.0.0.0, Culture=neutral, PublicKeyToken=null" name="TypeIsCorrect" />
    </UnitTest>
    <UnitTest name="Constructor1ThrowsWithEmptyMediaType" storage="f:\advisorsrepo\wcfhttp\http\test\microsoft.applicationserver.http\unit\bin\release\microsoft.applicationserver.http.cit.unit.dll" id="9a08d95a-13a2-7dee-5673-b1181b02739d">
      <Description>MediaRangeMapping(Mstring, string) throws if the MediaType parameter is empty.</Description>
      <Execution timeOut="30000" id="d8ee8ebd-f732-4a82-a339-683d7411b6aa" />
      <Owners>
        <Owner name="dravva" />
      </Owners>
      <TestCategory>
        <TestCategoryItem TestCategory="CIT" />
      </TestCategory>
      <TestMethod codeBase="F:/advisorsrepo/wcfhttp/Http/Test/Microsoft.ApplicationServer.Http/Unit/bin/Release/Microsoft.ApplicationServer.Http.CIT.Unit.DLL" adapterTypeName="Microsoft.VisualStudio.TestTools.TestTypes.Unit.UnitTestAdapter, Microsoft.VisualStudio.QualityTools.Tips.UnitTest.Adapter, Version=10.0.0.0, Culture=neutral, PublicKeyToken=b03f5f7f11d50a3a" className="Microsoft.ApplicationServer.Http.MediaRangeMappingTests, Microsoft.ApplicationServer.Http.CIT.Unit, Version=0.0.0.0, Culture=neutral, PublicKeyToken=null" name="Constructor1ThrowsWithEmptyMediaType" />
    </UnitTest>
    <UnitTest name="Unknown_Uri_Is_Handled" storage="f:\advisorsrepo\wcfhttp\http\test\microsoft.applicationserver.http\unit\bin\release\microsoft.applicationserver.http.cit.unit.dll" id="588ddace-5bcd-da86-6d93-14ccc3b98219">
      <Description>HttpBehavior back compat test for unknown endpoint.</Description>
      <Execution timeOut="30000" id="5e65583d-58da-4336-aff5-7b3d99d2feea" />
      <Owners>
        <Owner name="vinelap" />
      </Owners>
      <TestCategory>
        <TestCategoryItem TestCategory="CIT" />
      </TestCategory>
      <TestMethod codeBase="F:/advisorsrepo/wcfhttp/Http/Test/Microsoft.ApplicationServer.Http/Unit/bin/Release/Microsoft.ApplicationServer.Http.CIT.Unit.DLL" adapterTypeName="Microsoft.VisualStudio.TestTools.TestTypes.Unit.UnitTestAdapter, Microsoft.VisualStudio.QualityTools.Tips.UnitTest.Adapter, Version=10.0.0.0, Culture=neutral, PublicKeyToken=b03f5f7f11d50a3a" className="Microsoft.ApplicationServer.Http.Description.HttpBehaviorTests, Microsoft.ApplicationServer.Http.CIT.Unit, Version=0.0.0.0, Culture=neutral, PublicKeyToken=null" name="Unknown_Uri_Is_Handled" />
    </UnitTest>
    <UnitTest name="Validate_Throws_With_Non_HttpMessageEncodingBindingElement" storage="f:\advisorsrepo\wcfhttp\http\test\microsoft.applicationserver.http\unit\bin\release\microsoft.applicationserver.http.cit.unit.dll" id="2f8aa70b-b943-d207-a0b2-5fda8f3db0a5">
      <Description>HttpBehavior.Validate throws if the MessageEncodingBindingElement is not HttpMessageEncodingBindingElement.</Description>
      <Execution timeOut="30000" id="0d0661f7-ef68-4b6c-9803-4f6fa09b83b8" />
      <Owners>
        <Owner name="vinelap" />
      </Owners>
      <TestCategory>
        <TestCategoryItem TestCategory="CIT" />
      </TestCategory>
      <TestMethod codeBase="F:/advisorsrepo/wcfhttp/Http/Test/Microsoft.ApplicationServer.Http/Unit/bin/Release/Microsoft.ApplicationServer.Http.CIT.Unit.DLL" adapterTypeName="Microsoft.VisualStudio.TestTools.TestTypes.Unit.UnitTestAdapter, Microsoft.VisualStudio.QualityTools.Tips.UnitTest.Adapter, Version=10.0.0.0, Culture=neutral, PublicKeyToken=b03f5f7f11d50a3a" className="Microsoft.ApplicationServer.Http.Description.HttpBehaviorTests, Microsoft.ApplicationServer.Http.CIT.Unit, Version=0.0.0.0, Culture=neutral, PublicKeyToken=null" name="Validate_Throws_With_Non_HttpMessageEncodingBindingElement" />
    </UnitTest>
    <UnitTest name="Transport_Realm_Is_Empty_String_By_Default" storage="f:\advisorsrepo\wcfhttp\http\test\microsoft.applicationserver.http\unit\bin\release\microsoft.applicationserver.http.cit.unit.dll" id="14c10437-25fa-f41b-f703-31f4d47e74f4">
      <Description>HttpBindingSecurity.Transport.Realm is empty string by default.</Description>
      <Execution timeOut="30000" id="0f9ba2d1-d6b0-437a-80e4-20d94b6d365e" />
      <Owners>
        <Owner name="derik" />
      </Owners>
      <TestCategory>
        <TestCategoryItem TestCategory="CIT" />
      </TestCategory>
      <TestMethod codeBase="F:/advisorsrepo/wcfhttp/Http/Test/Microsoft.ApplicationServer.Http/Unit/bin/Release/Microsoft.ApplicationServer.Http.CIT.Unit.DLL" adapterTypeName="Microsoft.VisualStudio.TestTools.TestTypes.Unit.UnitTestAdapter, Microsoft.VisualStudio.QualityTools.Tips.UnitTest.Adapter, Version=10.0.0.0, Culture=neutral, PublicKeyToken=b03f5f7f11d50a3a" className="Microsoft.ApplicationServer.Http.HttpBindingSecurityTests, Microsoft.ApplicationServer.Http.CIT.Unit, Version=0.0.0.0, Culture=neutral, PublicKeyToken=null" name="Transport_Realm_Is_Empty_String_By_Default" />
    </UnitTest>
    <UnitTest name="ReadAsOrDefaultAsync1ThrowsWithNullThis" storage="f:\advisorsrepo\wcfhttp\http\test\microsoft.applicationserver.http\unit\bin\release\microsoft.applicationserver.http.cit.unit.dll" id="52d86c1e-8881-f066-eec9-8d7c2a823dd8">
      <Description>HttpContentExtensionMethods.ReadAsOrDefaultAsync(HttpContent, Type, IEnumerable&lt;MediaTypeFormatter&gt;) throws with null 'this'.</Description>
      <Execution timeOut="30000" id="33718082-bfa7-49a5-8753-be0d182414a9" />
      <Owners>
        <Owner name="vinelap" />
      </Owners>
      <TestCategory>
        <TestCategoryItem TestCategory="CIT" />
      </TestCategory>
      <TestMethod codeBase="F:/advisorsrepo/wcfhttp/Http/Test/Microsoft.ApplicationServer.Http/Unit/bin/Release/Microsoft.ApplicationServer.Http.CIT.Unit.DLL" adapterTypeName="Microsoft.VisualStudio.TestTools.TestTypes.Unit.UnitTestAdapter, Microsoft.VisualStudio.QualityTools.Tips.UnitTest.Adapter, Version=10.0.0.0, Culture=neutral, PublicKeyToken=b03f5f7f11d50a3a" className="Microsoft.ApplicationServer.Http.HttpContentExtensionMethodsTests, Microsoft.ApplicationServer.Http.CIT.Unit, Version=0.0.0.0, Culture=neutral, PublicKeyToken=null" name="ReadAsOrDefaultAsync1ThrowsWithNullThis" />
    </UnitTest>
    <UnitTest name="ReadAsAsyncThrowsWithNoFormatter" storage="f:\advisorsrepo\wcfhttp\http\test\microsoft.applicationserver.http\unit\bin\release\microsoft.applicationserver.http.cit.unit.dll" id="af6ab763-ee7b-c074-0d35-e76f7e7bee4f">
      <Description>ReadAsAsync() throws for all value and reference types if no formatter is available.</Description>
      <Execution timeOut="30000" id="774fcfe0-842d-4c59-8cb3-b1c44a675779" />
      <Owners>
        <Owner name="dravva" />
      </Owners>
      <TestCategory>
        <TestCategoryItem TestCategory="CIT" />
      </TestCategory>
      <TestMethod codeBase="F:/advisorsrepo/wcfhttp/Http/Test/Microsoft.ApplicationServer.Http/Unit/bin/Release/Microsoft.ApplicationServer.Http.CIT.Unit.DLL" adapterTypeName="Microsoft.VisualStudio.TestTools.TestTypes.Unit.UnitTestAdapter, Microsoft.VisualStudio.QualityTools.Tips.UnitTest.Adapter, Version=10.0.0.0, Culture=neutral, PublicKeyToken=b03f5f7f11d50a3a" className="Microsoft.ApplicationServer.Http.ObjectContentOfTTests, Microsoft.ApplicationServer.Http.CIT.Unit, Version=0.0.0.0, Culture=neutral, PublicKeyToken=null" name="ReadAsAsyncThrowsWithNoFormatter" />
    </UnitTest>
    <UnitTest name="HttpParameterCollection_Unsynchronized_IsReadOnly" storage="f:\advisorsrepo\wcfhttp\http\test\microsoft.applicationserver.http\unit\bin\release\microsoft.applicationserver.http.cit.unit.dll" id="425be434-a642-3d7d-9374-c9442d222d12">
      <Description>HttpParameterCollection created from default ctor implements IsReadOnly correctly</Description>
      <Execution timeOut="30000" id="b8ef48dd-2229-4d51-81a9-5d6ce7073835" />
      <Owners>
        <Owner name="derik" />
      </Owners>
      <TestCategory>
        <TestCategoryItem TestCategory="CIT" />
      </TestCategory>
      <TestMethod codeBase="F:/advisorsrepo/wcfhttp/Http/Test/Microsoft.ApplicationServer.Http/Unit/bin/Release/Microsoft.ApplicationServer.Http.CIT.Unit.DLL" adapterTypeName="Microsoft.VisualStudio.TestTools.TestTypes.Unit.UnitTestAdapter, Microsoft.VisualStudio.QualityTools.Tips.UnitTest.Adapter, Version=10.0.0.0, Culture=neutral, PublicKeyToken=b03f5f7f11d50a3a" className="Microsoft.ApplicationServer.Http.Description.HttpParameterCollectionTests, Microsoft.ApplicationServer.Http.CIT.Unit, Version=0.0.0.0, Culture=neutral, PublicKeyToken=null" name="HttpParameterCollection_Unsynchronized_IsReadOnly" />
    </UnitTest>
    <UnitTest name="ToString_With_A_Response_And_Null_HttpContent_Indicates_Zero_Content_Length" storage="f:\advisorsrepo\wcfhttp\http\test\microsoft.applicationserver.http\unit\bin\release\microsoft.applicationserver.http.cit.unit.dll" id="1ca93926-62aa-c9b0-28ff-4752933080c3">
      <Description>HttpMessage.ToString() indicates that it is a response message with a content length of zero if the HttpContent is null.</Description>
      <Execution timeOut="30000" id="70875c3c-ebce-40ec-9230-66f40a8eb37c" />
      <Owners>
        <Owner name="derik" />
      </Owners>
      <TestCategory>
        <TestCategoryItem TestCategory="CIT" />
      </TestCategory>
      <TestMethod codeBase="F:/advisorsrepo/wcfhttp/Http/Test/Microsoft.ApplicationServer.Http/Unit/bin/Release/Microsoft.ApplicationServer.Http.CIT.Unit.DLL" adapterTypeName="Microsoft.VisualStudio.TestTools.TestTypes.Unit.UnitTestAdapter, Microsoft.VisualStudio.QualityTools.Tips.UnitTest.Adapter, Version=10.0.0.0, Culture=neutral, PublicKeyToken=b03f5f7f11d50a3a" className="Microsoft.ApplicationServer.Http.Channels.HttpMessageTests, Microsoft.ApplicationServer.Http.CIT.Unit, Version=0.0.0.0, Culture=neutral, PublicKeyToken=null" name="ToString_With_A_Response_And_Null_HttpContent_Indicates_Zero_Content_Length" />
    </UnitTest>
    <UnitTest name="WebInvoke_HttpRequest_And_HttpResponse_As_Parameters_Test" storage="f:\advisorsrepo\wcfhttp\http\test\microsoft.applicationserver.http\unit\bin\release\microsoft.applicationserver.http.cit.unit.dll" id="9d2c751b-af70-742d-4e34-13936512fe55">
      <Description>Test for HttpRequestMessage and HttpResponseMessage as parameters to a WebInvoke operation.</Description>
      <Execution timeOut="30000" id="22731fb1-92fb-41fa-b625-7d43931b15fa" />
      <Owners>
        <Owner name="vinelap" />
      </Owners>
      <TestCategory>
        <TestCategoryItem TestCategory="CIT" />
      </TestCategory>
      <TestMethod codeBase="F:/advisorsrepo/wcfhttp/Http/Test/Microsoft.ApplicationServer.Http/Unit/bin/Release/Microsoft.ApplicationServer.Http.CIT.Unit.DLL" adapterTypeName="Microsoft.VisualStudio.TestTools.TestTypes.Unit.UnitTestAdapter, Microsoft.VisualStudio.QualityTools.Tips.UnitTest.Adapter, Version=10.0.0.0, Culture=neutral, PublicKeyToken=b03f5f7f11d50a3a" className="Microsoft.ApplicationServer.Http.Dispatcher.HelpPageTests, Microsoft.ApplicationServer.Http.CIT.Unit, Version=0.0.0.0, Culture=neutral, PublicKeyToken=null" name="WebInvoke_HttpRequest_And_HttpResponse_As_Parameters_Test" />
    </UnitTest>
    <UnitTest name="CanReadAsThrowsWithNullContent" storage="f:\advisorsrepo\wcfhttp\http\test\microsoft.applicationserver.http\unit\bin\release\microsoft.applicationserver.http.cit.unit.dll" id="ebc721cd-48ad-ac5c-86d0-2d87fa71c54e">
      <Description>CanReadAs(Type, HttpContent) throws with null content.</Description>
      <Execution timeOut="30000" id="e2432bd3-c243-4f90-8273-93a5d1c3e8fb" />
      <Owners>
        <Owner name="dravva" />
      </Owners>
      <TestCategory>
        <TestCategoryItem TestCategory="CIT" />
      </TestCategory>
      <TestMethod codeBase="F:/advisorsrepo/wcfhttp/Http/Test/Microsoft.ApplicationServer.Http/Unit/bin/Release/Microsoft.ApplicationServer.Http.CIT.Unit.DLL" adapterTypeName="Microsoft.VisualStudio.TestTools.TestTypes.Unit.UnitTestAdapter, Microsoft.VisualStudio.QualityTools.Tips.UnitTest.Adapter, Version=10.0.0.0, Culture=neutral, PublicKeyToken=b03f5f7f11d50a3a" className="Microsoft.ApplicationServer.Http.MediaTypeFormatterTests, Microsoft.ApplicationServer.Http.CIT.Unit, Version=0.0.0.0, Culture=neutral, PublicKeyToken=null" name="CanReadAsThrowsWithNullContent" />
    </UnitTest>
    <UnitTest name="TypeIsCorrect" storage="f:\advisorsrepo\wcfhttp\http\test\microsoft.applicationserver.http\unit\bin\release\microsoft.applicationserver.http.cit.unit.dll" id="bef2b608-26e8-810c-9b40-c028519d7c9a">
      <Description>XmlMediaTypeFormatter is public, concrete, and unsealed.</Description>
      <Execution timeOut="30000" id="5c3c7af5-3b86-4e79-b255-69bf1805a681" />
      <Owners>
        <Owner name="dravva" />
      </Owners>
      <TestCategory>
        <TestCategoryItem TestCategory="CIT" />
      </TestCategory>
      <TestMethod codeBase="F:/advisorsrepo/wcfhttp/Http/Test/Microsoft.ApplicationServer.Http/Unit/bin/Release/Microsoft.ApplicationServer.Http.CIT.Unit.DLL" adapterTypeName="Microsoft.VisualStudio.TestTools.TestTypes.Unit.UnitTestAdapter, Microsoft.VisualStudio.QualityTools.Tips.UnitTest.Adapter, Version=10.0.0.0, Culture=neutral, PublicKeyToken=b03f5f7f11d50a3a" className="Microsoft.ApplicationServer.Http.XmlMediaTypeFormatterTests, Microsoft.ApplicationServer.Http.CIT.Unit, Version=0.0.0.0, Culture=neutral, PublicKeyToken=null" name="TypeIsCorrect" />
    </UnitTest>
    <UnitTest name="SerializeReply_MessageVersion_Not_None_Throws" storage="f:\advisorsrepo\wcfhttp\http\test\microsoft.applicationserver.http\unit\bin\release\microsoft.applicationserver.http.cit.unit.dll" id="eb8a42cb-c2d6-88d7-fe89-b6d1b9c62cc2">
      <Description>SerializeReply() throws NotSupportedException if MessageVersion is not MessageVersion.None.</Description>
      <Execution timeOut="30000" id="71876f75-f237-4d12-a730-b89c12c9a2e6" />
      <Owners>
        <Owner name="maying" />
      </Owners>
      <TestCategory>
        <TestCategoryItem TestCategory="CIT" />
      </TestCategory>
      <TestMethod codeBase="F:/advisorsrepo/wcfhttp/Http/Test/Microsoft.ApplicationServer.Http/Unit/bin/Release/Microsoft.ApplicationServer.Http.CIT.Unit.DLL" adapterTypeName="Microsoft.VisualStudio.TestTools.TestTypes.Unit.UnitTestAdapter, Microsoft.VisualStudio.QualityTools.Tips.UnitTest.Adapter, Version=10.0.0.0, Culture=neutral, PublicKeyToken=b03f5f7f11d50a3a" className="Microsoft.ApplicationServer.Http.Dispatcher.HttpMessageFormatterTests, Microsoft.ApplicationServer.Http.CIT.Unit, Version=0.0.0.0, Culture=neutral, PublicKeyToken=null" name="SerializeReply_MessageVersion_Not_None_Throws" />
    </UnitTest>
    <UnitTest name="Constructor1ThrowsWithNullOperations" storage="f:\advisorsrepo\wcfhttp\http\test\microsoft.applicationserver.http\unit\bin\release\microsoft.applicationserver.http.cit.unit.dll" id="5303f64e-f492-32f7-bfd1-5b29f642f2a3">
      <Description>UriAndMethodOperationSelector(Uri, IEnumerable&lt;HttpOperationDescription&gt;, TrailingSlashMode) throws if the operations parameter is null.</Description>
      <Execution timeOut="30000" id="256ff304-4e32-4dda-834b-54d43b9d82aa" />
      <Owners>
        <Owner name="dravva" />
      </Owners>
      <TestCategory>
        <TestCategoryItem TestCategory="CIT" />
      </TestCategory>
      <TestMethod codeBase="F:/advisorsrepo/wcfhttp/Http/Test/Microsoft.ApplicationServer.Http/Unit/bin/Release/Microsoft.ApplicationServer.Http.CIT.Unit.DLL" adapterTypeName="Microsoft.VisualStudio.TestTools.TestTypes.Unit.UnitTestAdapter, Microsoft.VisualStudio.QualityTools.Tips.UnitTest.Adapter, Version=10.0.0.0, Culture=neutral, PublicKeyToken=b03f5f7f11d50a3a" className="Microsoft.ApplicationServer.Http.Dispatcher.UriAndMethodOperationSelectorTests, Microsoft.ApplicationServer.Http.CIT.Unit, Version=0.0.0.0, Culture=neutral, PublicKeyToken=null" name="Constructor1ThrowsWithNullOperations" />
    </UnitTest>
    <UnitTest name="ReadAsAsyncCallsFormatterOnceOnly" storage="f:\advisorsrepo\wcfhttp\http\test\microsoft.applicationserver.http\unit\bin\release\microsoft.applicationserver.http.cit.unit.dll" id="73d6890c-0157-76e1-2157-ca22e239035b">
      <Description>ReadAsAsync() calls the registered MediaTypeFormatter for SupportedMediaTypes and ReadFromStream only once, and then uses the cached value.</Description>
      <Execution timeOut="30000" id="c9ff305b-68bf-4f12-a305-2e193a417e1f" />
      <Owners>
        <Owner name="dravva" />
      </Owners>
      <TestCategory>
        <TestCategoryItem TestCategory="CIT" />
      </TestCategory>
      <TestMethod codeBase="F:/advisorsrepo/wcfhttp/Http/Test/Microsoft.ApplicationServer.Http/Unit/bin/Release/Microsoft.ApplicationServer.Http.CIT.Unit.DLL" adapterTypeName="Microsoft.VisualStudio.TestTools.TestTypes.Unit.UnitTestAdapter, Microsoft.VisualStudio.QualityTools.Tips.UnitTest.Adapter, Version=10.0.0.0, Culture=neutral, PublicKeyToken=b03f5f7f11d50a3a" className="Microsoft.ApplicationServer.Http.ObjectContentOfTTests, Microsoft.ApplicationServer.Http.CIT.Unit, Version=0.0.0.0, Culture=neutral, PublicKeyToken=null" name="ReadAsAsyncCallsFormatterOnceOnly" />
    </UnitTest>
    <UnitTest name="HttpParameterCollection_Unsynchronized_Contains" storage="f:\advisorsrepo\wcfhttp\http\test\microsoft.applicationserver.http\unit\bin\release\microsoft.applicationserver.http.cit.unit.dll" id="96076a2f-a94c-d983-91d1-81dba1e3d33b">
      <Description>HttpParameterCollection created from default ctor implements Contains correctly</Description>
      <Execution timeOut="30000" id="158207d1-4ebe-4e6d-8e09-2c82d6a41fa0" />
      <Owners>
        <Owner name="derik" />
      </Owners>
      <TestCategory>
        <TestCategoryItem TestCategory="CIT" />
      </TestCategory>
      <TestMethod codeBase="F:/advisorsrepo/wcfhttp/Http/Test/Microsoft.ApplicationServer.Http/Unit/bin/Release/Microsoft.ApplicationServer.Http.CIT.Unit.DLL" adapterTypeName="Microsoft.VisualStudio.TestTools.TestTypes.Unit.UnitTestAdapter, Microsoft.VisualStudio.QualityTools.Tips.UnitTest.Adapter, Version=10.0.0.0, Culture=neutral, PublicKeyToken=b03f5f7f11d50a3a" className="Microsoft.ApplicationServer.Http.Description.HttpParameterCollectionTests, Microsoft.ApplicationServer.Http.CIT.Unit, Version=0.0.0.0, Culture=neutral, PublicKeyToken=null" name="HttpParameterCollection_Unsynchronized_Contains" />
    </UnitTest>
    <UnitTest name="EndClose_Calls_EndClose_On_The_Inner_Channel" storage="f:\advisorsrepo\wcfhttp\http\test\microsoft.applicationserver.http\unit\bin\release\microsoft.applicationserver.http.cit.unit.dll" id="d665cace-c5e6-763d-78e1-a8324faf0801">
      <Description>HttpMessageEncodingReplyChannel.EndClose calls EndClose on the inner channel.</Description>
      <Execution timeOut="30000" id="62303a7c-3d63-4d2e-a0a6-3aee7913a80e" />
      <Owners>
        <Owner name="derik" />
      </Owners>
      <TestCategory>
        <TestCategoryItem TestCategory="CIT" />
      </TestCategory>
      <TestMethod codeBase="F:/advisorsrepo/wcfhttp/Http/Test/Microsoft.ApplicationServer.Http/Unit/bin/Release/Microsoft.ApplicationServer.Http.CIT.Unit.DLL" adapterTypeName="Microsoft.VisualStudio.TestTools.TestTypes.Unit.UnitTestAdapter, Microsoft.VisualStudio.QualityTools.Tips.UnitTest.Adapter, Version=10.0.0.0, Culture=neutral, PublicKeyToken=b03f5f7f11d50a3a" className="Microsoft.ApplicationServer.Http.Channels.HttpMessageEncodingReplyChannelTests, Microsoft.ApplicationServer.Http.CIT.Unit, Version=0.0.0.0, Culture=neutral, PublicKeyToken=null" name="EndClose_Calls_EndClose_On_The_Inner_Channel" />
    </UnitTest>
    <UnitTest name="IsEmpty_Is_False_When_HttpContent_Length_Is_Not_Zero" storage="f:\advisorsrepo\wcfhttp\http\test\microsoft.applicationserver.http\unit\bin\release\microsoft.applicationserver.http.cit.unit.dll" id="71d50a3c-e53a-31fd-17c2-8385ce3b92a4">
      <Description>HttpMessage.IsEmpty is true if the HttpContent length is zero.</Description>
      <Execution timeOut="30000" id="f18a7eb3-c5e2-4e77-a0a4-1baf8e9430b8" />
      <Owners>
        <Owner name="derik" />
      </Owners>
      <TestCategory>
        <TestCategoryItem TestCategory="CIT" />
      </TestCategory>
      <TestMethod codeBase="F:/advisorsrepo/wcfhttp/Http/Test/Microsoft.ApplicationServer.Http/Unit/bin/Release/Microsoft.ApplicationServer.Http.CIT.Unit.DLL" adapterTypeName="Microsoft.VisualStudio.TestTools.TestTypes.Unit.UnitTestAdapter, Microsoft.VisualStudio.QualityTools.Tips.UnitTest.Adapter, Version=10.0.0.0, Culture=neutral, PublicKeyToken=b03f5f7f11d50a3a" className="Microsoft.ApplicationServer.Http.Channels.HttpMessageTests, Microsoft.ApplicationServer.Http.CIT.Unit, Version=0.0.0.0, Culture=neutral, PublicKeyToken=null" name="IsEmpty_Is_False_When_HttpContent_Length_Is_Not_Zero" />
    </UnitTest>
    <UnitTest name="CreateInstance_Non_Http_Message_Throws" storage="f:\advisorsrepo\wcfhttp\http\test\microsoft.applicationserver.http\unit\bin\release\microsoft.applicationserver.http.cit.unit.dll" id="649414b9-c028-081e-3e03-1f1513941521">
      <Description>HttpInstanceProvider.CreateInstance with non-http message throws</Description>
      <Execution timeOut="30000" id="3be18c9b-952b-4a95-8299-1dd1f97612b8" />
      <Owners>
        <Owner name="maying" />
      </Owners>
      <TestCategory>
        <TestCategoryItem TestCategory="CIT" />
      </TestCategory>
      <TestMethod codeBase="F:/advisorsrepo/wcfhttp/Http/Test/Microsoft.ApplicationServer.Http/Unit/bin/Release/Microsoft.ApplicationServer.Http.CIT.Unit.DLL" adapterTypeName="Microsoft.VisualStudio.TestTools.TestTypes.Unit.UnitTestAdapter, Microsoft.VisualStudio.QualityTools.Tips.UnitTest.Adapter, Version=10.0.0.0, Culture=neutral, PublicKeyToken=b03f5f7f11d50a3a" className="Microsoft.ApplicationServer.Http.Dispatcher.HttpInstanceProviderTests, Microsoft.ApplicationServer.Http.CIT.Unit, Version=0.0.0.0, Culture=neutral, PublicKeyToken=null" name="CreateInstance_Non_Http_Message_Throws" />
    </UnitTest>
    <UnitTest name="BeginOpen_Calls_BeginOpen_On_The_Inner_Channel" storage="f:\advisorsrepo\wcfhttp\http\test\microsoft.applicationserver.http\unit\bin\release\microsoft.applicationserver.http.cit.unit.dll" id="d92e6541-9cc5-ef91-c2b6-ba3c3977772a">
      <Description>HttpMessageEncodingReplyChannel.BeginOpen calls BeginOpen on the inner channel.</Description>
      <Execution timeOut="30000" id="8080d231-0ee3-4a76-a308-8750451a1c99" />
      <Owners>
        <Owner name="derik" />
      </Owners>
      <TestCategory>
        <TestCategoryItem TestCategory="CIT" />
      </TestCategory>
      <TestMethod codeBase="F:/advisorsrepo/wcfhttp/Http/Test/Microsoft.ApplicationServer.Http/Unit/bin/Release/Microsoft.ApplicationServer.Http.CIT.Unit.DLL" adapterTypeName="Microsoft.VisualStudio.TestTools.TestTypes.Unit.UnitTestAdapter, Microsoft.VisualStudio.QualityTools.Tips.UnitTest.Adapter, Version=10.0.0.0, Culture=neutral, PublicKeyToken=b03f5f7f11d50a3a" className="Microsoft.ApplicationServer.Http.Channels.HttpMessageEncodingReplyChannelTests, Microsoft.ApplicationServer.Http.CIT.Unit, Version=0.0.0.0, Culture=neutral, PublicKeyToken=null" name="BeginOpen_Calls_BeginOpen_On_The_Inner_Channel" />
    </UnitTest>
    <UnitTest name="SerializeReply_HttpMessageFormatter_Null_Parameters_Throws" storage="f:\advisorsrepo\wcfhttp\http\test\microsoft.applicationserver.http\unit\bin\release\microsoft.applicationserver.http.cit.unit.dll" id="195de69e-e002-f2ec-fce6-22a2b3405c21">
      <Description>HttpMessageFormatter.SerializeReply throws for null parameters argument.</Description>
      <Execution timeOut="30000" id="172381c3-2070-4c9f-8018-d9df18dc754f" />
      <Owners>
        <Owner name="maying" />
      </Owners>
      <TestCategory>
        <TestCategoryItem TestCategory="CIT" />
      </TestCategory>
      <TestMethod codeBase="F:/advisorsrepo/wcfhttp/Http/Test/Microsoft.ApplicationServer.Http/Unit/bin/Release/Microsoft.ApplicationServer.Http.CIT.Unit.DLL" adapterTypeName="Microsoft.VisualStudio.TestTools.TestTypes.Unit.UnitTestAdapter, Microsoft.VisualStudio.QualityTools.Tips.UnitTest.Adapter, Version=10.0.0.0, Culture=neutral, PublicKeyToken=b03f5f7f11d50a3a" className="Microsoft.ApplicationServer.Http.Dispatcher.HttpMessageFormatterTests, Microsoft.ApplicationServer.Http.CIT.Unit, Version=0.0.0.0, Culture=neutral, PublicKeyToken=null" name="SerializeReply_HttpMessageFormatter_Null_Parameters_Throws" />
    </UnitTest>
    <UnitTest name="ReadFromStreamRoundTripsWriteToStreamUsingDataContractSerializer" storage="f:\advisorsrepo\wcfhttp\http\test\microsoft.applicationserver.http\unit\bin\release\microsoft.applicationserver.http.cit.unit.dll" id="a95f1344-57a9-d55d-960f-ca466331cf7d">
      <Description>XmlMediaTypeFormatter.ReadFromStream returns all value and reference types serialized via WriteToStream using DataContractSerializer.</Description>
      <Execution timeOut="30000" id="5c4d2577-8705-40fe-b3e0-83f4b06403a6" />
      <Owners>
        <Owner name="dravva" />
      </Owners>
      <TestCategory>
        <TestCategoryItem TestCategory="CIT" />
      </TestCategory>
      <TestMethod codeBase="F:/advisorsrepo/wcfhttp/Http/Test/Microsoft.ApplicationServer.Http/Unit/bin/Release/Microsoft.ApplicationServer.Http.CIT.Unit.DLL" adapterTypeName="Microsoft.VisualStudio.TestTools.TestTypes.Unit.UnitTestAdapter, Microsoft.VisualStudio.QualityTools.Tips.UnitTest.Adapter, Version=10.0.0.0, Culture=neutral, PublicKeyToken=b03f5f7f11d50a3a" className="Microsoft.ApplicationServer.Http.XmlMediaTypeFormatterTests, Microsoft.ApplicationServer.Http.CIT.Unit, Version=0.0.0.0, Culture=neutral, PublicKeyToken=null" name="ReadFromStreamRoundTripsWriteToStreamUsingDataContractSerializer" />
    </UnitTest>
    <UnitTest name="Constructor1SetsHttpContentWithHttpContentAsObject" storage="f:\advisorsrepo\wcfhttp\http\test\microsoft.applicationserver.http\unit\bin\release\microsoft.applicationserver.http.cit.unit.dll" id="be735f43-e1a0-0a6c-895e-0baa4e896021">
      <Description>ObjectContent(Type, object, string) sets HttpContent property with object parameter==HttpContent.</Description>
      <Execution timeOut="30000" id="392177b3-658c-4354-9a86-78766fdf6817" />
      <Owners>
        <Owner name="dravva" />
      </Owners>
      <TestCategory>
        <TestCategoryItem TestCategory="CIT" />
      </TestCategory>
      <TestMethod codeBase="F:/advisorsrepo/wcfhttp/Http/Test/Microsoft.ApplicationServer.Http/Unit/bin/Release/Microsoft.ApplicationServer.Http.CIT.Unit.DLL" adapterTypeName="Microsoft.VisualStudio.TestTools.TestTypes.Unit.UnitTestAdapter, Microsoft.VisualStudio.QualityTools.Tips.UnitTest.Adapter, Version=10.0.0.0, Culture=neutral, PublicKeyToken=b03f5f7f11d50a3a" className="Microsoft.ApplicationServer.Http.ObjectContentTests, Microsoft.ApplicationServer.Http.CIT.Unit, Version=0.0.0.0, Culture=neutral, PublicKeyToken=null" name="Constructor1SetsHttpContentWithHttpContentAsObject" />
    </UnitTest>
    <UnitTest name="WriteMessage_That_Takes_A_Stream_Throws_If_The_Stream_Parameter_Is_Null" storage="f:\advisorsrepo\wcfhttp\http\test\microsoft.applicationserver.http\unit\bin\release\microsoft.applicationserver.http.cit.unit.dll" id="ab025d3d-0e73-0f0f-1a6b-c6e01cce31bb">
      <Description>HttpMessageEncoder.WriteMessage that takes a stream parameter throws if the stream parameter is null.</Description>
      <Execution timeOut="30000" id="bb8428ff-bf61-48cf-8c7d-ee4fe8f904db" />
      <Owners>
        <Owner name="derik" />
      </Owners>
      <TestCategory>
        <TestCategoryItem TestCategory="CIT" />
      </TestCategory>
      <TestMethod codeBase="F:/advisorsrepo/wcfhttp/Http/Test/Microsoft.ApplicationServer.Http/Unit/bin/Release/Microsoft.ApplicationServer.Http.CIT.Unit.DLL" adapterTypeName="Microsoft.VisualStudio.TestTools.TestTypes.Unit.UnitTestAdapter, Microsoft.VisualStudio.QualityTools.Tips.UnitTest.Adapter, Version=10.0.0.0, Culture=neutral, PublicKeyToken=b03f5f7f11d50a3a" className="Microsoft.ApplicationServer.Http.Channels.HttpMessageEncoderTests, Microsoft.ApplicationServer.Http.CIT.Unit, Version=0.0.0.0, Culture=neutral, PublicKeyToken=null" name="WriteMessage_That_Takes_A_Stream_Throws_If_The_Stream_Parameter_Is_Null" />
    </UnitTest>
    <UnitTest name="EndReply_Calls_Inner_RequestContext" storage="f:\advisorsrepo\wcfhttp\http\test\microsoft.applicationserver.http\unit\bin\release\microsoft.applicationserver.http.cit.unit.dll" id="3c7a07c6-716d-7cb2-71f5-18005302589a">
      <Description>HttpMessageEncodingRequestContext.EndReply calls EndReply on the inner RequestContext.</Description>
      <Execution timeOut="30000" id="6eb31ff9-1e46-4e44-9471-8503e584acd4" />
      <Owners>
        <Owner name="derik" />
      </Owners>
      <TestCategory>
        <TestCategoryItem TestCategory="CIT" />
      </TestCategory>
      <TestMethod codeBase="F:/advisorsrepo/wcfhttp/Http/Test/Microsoft.ApplicationServer.Http/Unit/bin/Release/Microsoft.ApplicationServer.Http.CIT.Unit.DLL" adapterTypeName="Microsoft.VisualStudio.TestTools.TestTypes.Unit.UnitTestAdapter, Microsoft.VisualStudio.QualityTools.Tips.UnitTest.Adapter, Version=10.0.0.0, Culture=neutral, PublicKeyToken=b03f5f7f11d50a3a" className="Microsoft.ApplicationServer.Http.Channels.HttpMessageEncodingRequestContextTests, Microsoft.ApplicationServer.Http.CIT.Unit, Version=0.0.0.0, Culture=neutral, PublicKeyToken=null" name="EndReply_Calls_Inner_RequestContext" />
    </UnitTest>
    <UnitTest name="TypeIsCorrect" storage="f:\advisorsrepo\wcfhttp\http\test\microsoft.applicationserver.http\unit\bin\release\microsoft.applicationserver.http.cit.unit.dll" id="208d3d67-c614-fdee-e7ac-f14be5861b9b">
      <Description>MediaRangeMapping is public, concrete, and sealed.</Description>
      <Execution timeOut="30000" id="e2fcd86f-4ecd-4bf4-8036-da098409f33c" />
      <Owners>
        <Owner name="dravva" />
      </Owners>
      <TestCategory>
        <TestCategoryItem TestCategory="CIT" />
      </TestCategory>
      <TestMethod codeBase="F:/advisorsrepo/wcfhttp/Http/Test/Microsoft.ApplicationServer.Http/Unit/bin/Release/Microsoft.ApplicationServer.Http.CIT.Unit.DLL" adapterTypeName="Microsoft.VisualStudio.TestTools.TestTypes.Unit.UnitTestAdapter, Microsoft.VisualStudio.QualityTools.Tips.UnitTest.Adapter, Version=10.0.0.0, Culture=neutral, PublicKeyToken=b03f5f7f11d50a3a" className="Microsoft.ApplicationServer.Http.MediaRangeMappingTests, Microsoft.ApplicationServer.Http.CIT.Unit, Version=0.0.0.0, Culture=neutral, PublicKeyToken=null" name="TypeIsCorrect" />
    </UnitTest>
    <UnitTest name="HttpMessage_Constructor_Takes_An_HttpRequestMessage" storage="f:\advisorsrepo\wcfhttp\http\test\microsoft.applicationserver.http\unit\bin\release\microsoft.applicationserver.http.cit.unit.dll" id="e668e451-47a3-6c7d-84d9-ca3aa87d8af0">
      <Description>HttpMessage constructor takes an HttpRequestMessage parameter.</Description>
      <Execution timeOut="30000" id="cd4999c1-85e7-4a93-a77f-7b66926c357e" />
      <Owners>
        <Owner name="derik" />
      </Owners>
      <TestCategory>
        <TestCategoryItem TestCategory="CIT" />
      </TestCategory>
      <TestMethod codeBase="F:/advisorsrepo/wcfhttp/Http/Test/Microsoft.ApplicationServer.Http/Unit/bin/Release/Microsoft.ApplicationServer.Http.CIT.Unit.DLL" adapterTypeName="Microsoft.VisualStudio.TestTools.TestTypes.Unit.UnitTestAdapter, Microsoft.VisualStudio.QualityTools.Tips.UnitTest.Adapter, Version=10.0.0.0, Culture=neutral, PublicKeyToken=b03f5f7f11d50a3a" className="Microsoft.ApplicationServer.Http.Channels.HttpMessageTests, Microsoft.ApplicationServer.Http.CIT.Unit, Version=0.0.0.0, Culture=neutral, PublicKeyToken=null" name="HttpMessage_Constructor_Takes_An_HttpRequestMessage" />
    </UnitTest>
    <UnitTest name="ServiceHost_Works_With_OneWay_Operation" storage="f:\advisorsrepo\wcfhttp\http\test\microsoft.applicationserver.http\unit\bin\release\microsoft.applicationserver.http.cit.unit.dll" id="0c1ae598-ce2f-1154-e8fa-56c68a97164a">
      <Description>HttpServiceHost works for one-way operation</Description>
      <Execution timeOut="30000" id="07de91e1-59ff-4484-965d-e8f05ae07dc1" />
      <Owners>
        <Owner name="vinelap" />
      </Owners>
      <TestCategory>
        <TestCategoryItem TestCategory="CIT" />
      </TestCategory>
      <TestMethod codeBase="F:/advisorsrepo/wcfhttp/Http/Test/Microsoft.ApplicationServer.Http/Unit/bin/Release/Microsoft.ApplicationServer.Http.CIT.Unit.DLL" adapterTypeName="Microsoft.VisualStudio.TestTools.TestTypes.Unit.UnitTestAdapter, Microsoft.VisualStudio.QualityTools.Tips.UnitTest.Adapter, Version=10.0.0.0, Culture=neutral, PublicKeyToken=b03f5f7f11d50a3a" className="Microsoft.ApplicationServer.Http.HttpServiceHostTests, Microsoft.ApplicationServer.Http.CIT.Unit, Version=0.0.0.0, Culture=neutral, PublicKeyToken=null" name="ServiceHost_Works_With_OneWay_Operation" />
    </UnitTest>
    <UnitTest name="RequestMessage_Throws_If_HttpRequestMessageProperty_Not_Present" storage="f:\advisorsrepo\wcfhttp\http\test\microsoft.applicationserver.http\unit\bin\release\microsoft.applicationserver.http.cit.unit.dll" id="906746d8-b4a6-202a-296d-d95b4f4725b9">
      <Description>HttpMessageEncodingRequestContext.RequestMessage throws if the innerRequest message does not have an HttpRequestMessageProperty.</Description>
      <Execution timeOut="30000" id="dbd615cc-9814-4e14-8a56-11e18f0cd1b3" />
      <Owners>
        <Owner name="derik" />
      </Owners>
      <TestCategory>
        <TestCategoryItem TestCategory="CIT" />
      </TestCategory>
      <TestMethod codeBase="F:/advisorsrepo/wcfhttp/Http/Test/Microsoft.ApplicationServer.Http/Unit/bin/Release/Microsoft.ApplicationServer.Http.CIT.Unit.DLL" adapterTypeName="Microsoft.VisualStudio.TestTools.TestTypes.Unit.UnitTestAdapter, Microsoft.VisualStudio.QualityTools.Tips.UnitTest.Adapter, Version=10.0.0.0, Culture=neutral, PublicKeyToken=b03f5f7f11d50a3a" className="Microsoft.ApplicationServer.Http.Channels.HttpMessageEncodingRequestContextTests, Microsoft.ApplicationServer.Http.CIT.Unit, Version=0.0.0.0, Culture=neutral, PublicKeyToken=null" name="RequestMessage_Throws_If_HttpRequestMessageProperty_Not_Present" />
    </UnitTest>
    <UnitTest name="IsWithinMediaRange_Returns_False_When_Type_Is_Different" storage="f:\advisorsrepo\wcfhttp\http\test\microsoft.applicationserver.http\unit\bin\release\microsoft.applicationserver.http.cit.unit.dll" id="83849ae5-feb5-a21b-8923-be3696ead3ff">
      <Description>MediaTypeHeadeValueExtensionMethods.IsMediaRange returns false when the media type and media range have different types.</Description>
      <Execution timeOut="30000" id="009ce961-f68a-44d4-83af-6c6832122ff4" />
      <Owners>
        <Owner name="vinelap" />
      </Owners>
      <TestCategory>
        <TestCategoryItem TestCategory="CIT" />
      </TestCategory>
      <TestMethod codeBase="F:/advisorsrepo/wcfhttp/Http/Test/Microsoft.ApplicationServer.Http/Unit/bin/Release/Microsoft.ApplicationServer.Http.CIT.Unit.DLL" adapterTypeName="Microsoft.VisualStudio.TestTools.TestTypes.Unit.UnitTestAdapter, Microsoft.VisualStudio.QualityTools.Tips.UnitTest.Adapter, Version=10.0.0.0, Culture=neutral, PublicKeyToken=b03f5f7f11d50a3a" className="Microsoft.ApplicationServer.Http.MediaTypeHeadeValueExtensionMethodsTests, Microsoft.ApplicationServer.Http.CIT.Unit, Version=0.0.0.0, Culture=neutral, PublicKeyToken=null" name="IsWithinMediaRange_Returns_False_When_Type_Is_Different" />
    </UnitTest>
    <UnitTest name="BeginReply_Does_Not_Change_Message_State_When_Response_Is_HttpMessage" storage="f:\advisorsrepo\wcfhttp\http\test\microsoft.applicationserver.http\unit\bin\release\microsoft.applicationserver.http.cit.unit.dll" id="33010c50-8c1b-4e5d-dc8d-57af2c9ac4af">
      <Description>HttpMessageEncodingRequestContext.BeginReply doesn't change the message state when the response is an HttpMessage.</Description>
      <Execution timeOut="30000" id="63742939-a151-4734-845f-ff5c4209370d" />
      <Owners>
        <Owner name="derik" />
      </Owners>
      <TestCategory>
        <TestCategoryItem TestCategory="CIT" />
      </TestCategory>
      <TestMethod codeBase="F:/advisorsrepo/wcfhttp/Http/Test/Microsoft.ApplicationServer.Http/Unit/bin/Release/Microsoft.ApplicationServer.Http.CIT.Unit.DLL" adapterTypeName="Microsoft.VisualStudio.TestTools.TestTypes.Unit.UnitTestAdapter, Microsoft.VisualStudio.QualityTools.Tips.UnitTest.Adapter, Version=10.0.0.0, Culture=neutral, PublicKeyToken=b03f5f7f11d50a3a" className="Microsoft.ApplicationServer.Http.Channels.HttpMessageEncodingRequestContextTests, Microsoft.ApplicationServer.Http.CIT.Unit, Version=0.0.0.0, Culture=neutral, PublicKeyToken=null" name="BeginReply_Does_Not_Change_Message_State_When_Response_Is_HttpMessage" />
    </UnitTest>
    <UnitTest name="ConstructorThrowsWithNullHttpFormatters" storage="f:\advisorsrepo\wcfhttp\http\test\microsoft.applicationserver.http\unit\bin\release\microsoft.applicationserver.http.cit.unit.dll" id="5ea6c6be-bfb7-8408-77c4-c7625fb781eb">
      <Description>RequestContentHandler() constructor throws for null Formatters.</Description>
      <Execution timeOut="30000" id="3f89474d-28a7-452b-a67b-286c3a0ac38d" />
      <Owners>
        <Owner name="dravva" />
      </Owners>
      <TestCategory>
        <TestCategoryItem TestCategory="CIT" />
      </TestCategory>
      <TestMethod codeBase="F:/advisorsrepo/wcfhttp/Http/Test/Microsoft.ApplicationServer.Http/Unit/bin/Release/Microsoft.ApplicationServer.Http.CIT.Unit.DLL" adapterTypeName="Microsoft.VisualStudio.TestTools.TestTypes.Unit.UnitTestAdapter, Microsoft.VisualStudio.QualityTools.Tips.UnitTest.Adapter, Version=10.0.0.0, Culture=neutral, PublicKeyToken=b03f5f7f11d50a3a" className="Microsoft.ApplicationServer.Http.Dispatcher.RequestContentHandlerTests, Microsoft.ApplicationServer.Http.CIT.Unit, Version=0.0.0.0, Culture=neutral, PublicKeyToken=null" name="ConstructorThrowsWithNullHttpFormatters" />
    </UnitTest>
    <UnitTest name="Constructor1" storage="f:\advisorsrepo\wcfhttp\http\test\microsoft.applicationserver.http\unit\bin\release\microsoft.applicationserver.http.cit.unit.dll" id="5c2d91f5-e644-2e61-be83-50abd115fa8b">
      <Description>HttpRequestMessage&lt;T&gt;(T) sets Content property with all known value and reference types.</Description>
      <Execution timeOut="30000" id="988ff436-ca7b-4245-a77d-f8d4870100b5" />
      <Owners>
        <Owner name="dravva" />
      </Owners>
      <TestCategory>
        <TestCategoryItem TestCategory="CIT" />
      </TestCategory>
      <TestMethod codeBase="F:/advisorsrepo/wcfhttp/Http/Test/Microsoft.ApplicationServer.Http/Unit/bin/Release/Microsoft.ApplicationServer.Http.CIT.Unit.DLL" adapterTypeName="Microsoft.VisualStudio.TestTools.TestTypes.Unit.UnitTestAdapter, Microsoft.VisualStudio.QualityTools.Tips.UnitTest.Adapter, Version=10.0.0.0, Culture=neutral, PublicKeyToken=b03f5f7f11d50a3a" className="Microsoft.ApplicationServer.Http.HttpRequestMessageOfTTests, Microsoft.ApplicationServer.Http.CIT.Unit, Version=0.0.0.0, Culture=neutral, PublicKeyToken=null" name="Constructor1" />
    </UnitTest>
    <UnitTest name="SerializeReply_Null_HttpResponseMessage_Throws" storage="f:\advisorsrepo\wcfhttp\http\test\microsoft.applicationserver.http\unit\bin\release\microsoft.applicationserver.http.cit.unit.dll" id="9583e842-e7a8-765c-06b3-473b6d4581a8">
      <Description>SerializeReply() throws InvalidOperationException for null returned HttpResponseMessage.</Description>
      <Execution timeOut="30000" id="abe0392d-ecf1-4466-98c3-ba4fd4f19851" />
      <Owners>
        <Owner name="maying" />
      </Owners>
      <TestCategory>
        <TestCategoryItem TestCategory="CIT" />
      </TestCategory>
      <TestMethod codeBase="F:/advisorsrepo/wcfhttp/Http/Test/Microsoft.ApplicationServer.Http/Unit/bin/Release/Microsoft.ApplicationServer.Http.CIT.Unit.DLL" adapterTypeName="Microsoft.VisualStudio.TestTools.TestTypes.Unit.UnitTestAdapter, Microsoft.VisualStudio.QualityTools.Tips.UnitTest.Adapter, Version=10.0.0.0, Culture=neutral, PublicKeyToken=b03f5f7f11d50a3a" className="Microsoft.ApplicationServer.Http.Dispatcher.HttpMessageFormatterTests, Microsoft.ApplicationServer.Http.CIT.Unit, Version=0.0.0.0, Culture=neutral, PublicKeyToken=null" name="SerializeReply_Null_HttpResponseMessage_Throws" />
    </UnitTest>
    <UnitTest name="ValueConverterReturnsConverterForAllHttpRequestMessageOfTTypes" storage="f:\advisorsrepo\wcfhttp\http\test\microsoft.applicationserver.http\unit\bin\release\microsoft.applicationserver.http.cit.unit.dll" id="3aea8643-f5c0-57cb-1036-f129bc5087f5">
      <Description>ValueConverter returns a converter for all HttpRequestMessage&lt;T&gt; types.</Description>
      <Execution timeOut="30000" id="459947a3-eca0-47ec-9a85-80d19d39ae0b" />
      <Owners>
        <Owner name="dravva" />
      </Owners>
      <TestCategory>
        <TestCategoryItem TestCategory="CIT" />
      </TestCategory>
      <TestMethod codeBase="F:/advisorsrepo/wcfhttp/Http/Test/Microsoft.ApplicationServer.Http/Unit/bin/Release/Microsoft.ApplicationServer.Http.CIT.Unit.DLL" adapterTypeName="Microsoft.VisualStudio.TestTools.TestTypes.Unit.UnitTestAdapter, Microsoft.VisualStudio.QualityTools.Tips.UnitTest.Adapter, Version=10.0.0.0, Culture=neutral, PublicKeyToken=b03f5f7f11d50a3a" className="Microsoft.ApplicationServer.Http.Description.HttpParameterTests, Microsoft.ApplicationServer.Http.CIT.Unit, Version=0.0.0.0, Culture=neutral, PublicKeyToken=null" name="ValueConverterReturnsConverterForAllHttpRequestMessageOfTTypes" />
    </UnitTest>
    <UnitTest name="ReadAsOrDefaultAsyncThrowsWithNullType" storage="f:\advisorsrepo\wcfhttp\http\test\microsoft.applicationserver.http\unit\bin\release\microsoft.applicationserver.http.cit.unit.dll" id="ff8206f4-1a70-a4a1-d105-e957983d011b">
      <Description>HttpContentExtensionMethods.ReadAsOrDefaultAsync(HttpContent, Type) throws with null Type.</Description>
      <Execution timeOut="30000" id="ea6f8edd-ba75-47b3-994b-a6f883199059" />
      <Owners>
        <Owner name="vinelap" />
      </Owners>
      <TestCategory>
        <TestCategoryItem TestCategory="CIT" />
      </TestCategory>
      <TestMethod codeBase="F:/advisorsrepo/wcfhttp/Http/Test/Microsoft.ApplicationServer.Http/Unit/bin/Release/Microsoft.ApplicationServer.Http.CIT.Unit.DLL" adapterTypeName="Microsoft.VisualStudio.TestTools.TestTypes.Unit.UnitTestAdapter, Microsoft.VisualStudio.QualityTools.Tips.UnitTest.Adapter, Version=10.0.0.0, Culture=neutral, PublicKeyToken=b03f5f7f11d50a3a" className="Microsoft.ApplicationServer.Http.HttpContentExtensionMethodsTests, Microsoft.ApplicationServer.Http.CIT.Unit, Version=0.0.0.0, Culture=neutral, PublicKeyToken=null" name="ReadAsOrDefaultAsyncThrowsWithNullType" />
    </UnitTest>
    <UnitTest name="Constructor3ThrowsWithNullHttpContent" storage="f:\advisorsrepo\wcfhttp\http\test\microsoft.applicationserver.http\unit\bin\release\microsoft.applicationserver.http.cit.unit.dll" id="22badf18-a1b8-1461-c0e6-c29aa2e53f63">
      <Description>ObjectContent(Type, HttpContent) throws for a null HttpContent.</Description>
      <Execution timeOut="30000" id="d6a63130-d802-41b9-acfd-2f9b1e7afea2" />
      <Owners>
        <Owner name="dravva" />
      </Owners>
      <TestCategory>
        <TestCategoryItem TestCategory="CIT" />
      </TestCategory>
      <TestMethod codeBase="F:/advisorsrepo/wcfhttp/Http/Test/Microsoft.ApplicationServer.Http/Unit/bin/Release/Microsoft.ApplicationServer.Http.CIT.Unit.DLL" adapterTypeName="Microsoft.VisualStudio.TestTools.TestTypes.Unit.UnitTestAdapter, Microsoft.VisualStudio.QualityTools.Tips.UnitTest.Adapter, Version=10.0.0.0, Culture=neutral, PublicKeyToken=b03f5f7f11d50a3a" className="Microsoft.ApplicationServer.Http.ObjectContentTests, Microsoft.ApplicationServer.Http.CIT.Unit, Version=0.0.0.0, Culture=neutral, PublicKeyToken=null" name="Constructor3ThrowsWithNullHttpContent" />
    </UnitTest>
    <UnitTest name="Error_Handler_Default_Is_Html_For_General_Exceptions" storage="f:\advisorsrepo\wcfhttp\http\test\microsoft.applicationserver.http\unit\bin\release\microsoft.applicationserver.http.cit.unit.dll" id="48b83909-6bf5-7692-a08b-73745bbe56b6">
      <Description>HttpBehavior back compat test that the default reponse is html for general exceptions.</Description>
      <Execution timeOut="30000" id="edc08c27-f0bf-42cc-b409-26afb7f34c33" />
      <Owners>
        <Owner name="vinelap" />
      </Owners>
      <TestCategory>
        <TestCategoryItem TestCategory="CIT" />
      </TestCategory>
      <TestMethod codeBase="F:/advisorsrepo/wcfhttp/Http/Test/Microsoft.ApplicationServer.Http/Unit/bin/Release/Microsoft.ApplicationServer.Http.CIT.Unit.DLL" adapterTypeName="Microsoft.VisualStudio.TestTools.TestTypes.Unit.UnitTestAdapter, Microsoft.VisualStudio.QualityTools.Tips.UnitTest.Adapter, Version=10.0.0.0, Culture=neutral, PublicKeyToken=b03f5f7f11d50a3a" className="Microsoft.ApplicationServer.Http.Description.HttpBehaviorTests, Microsoft.ApplicationServer.Http.CIT.Unit, Version=0.0.0.0, Culture=neutral, PublicKeyToken=null" name="Error_Handler_Default_Is_Html_For_General_Exceptions" />
    </UnitTest>
    <UnitTest name="HttpBehaviorElement_Set_Properties" storage="f:\advisorsrepo\wcfhttp\http\test\microsoft.applicationserver.http\unit\bin\release\microsoft.applicationserver.http.cit.unit.dll" id="763d3b3b-fc9d-20b6-5051-3b6750ff34cd">
      <Description>HttpBehaviorElement set and test all mutable properties</Description>
      <Execution timeOut="30000" id="2b3ebbbd-287b-422a-8dcc-0b3b8a1194bd" />
      <Owners>
        <Owner name="vinelap" />
      </Owners>
      <TestCategory>
        <TestCategoryItem TestCategory="CIT" />
      </TestCategory>
      <TestMethod codeBase="F:/advisorsrepo/wcfhttp/Http/Test/Microsoft.ApplicationServer.Http/Unit/bin/Release/Microsoft.ApplicationServer.Http.CIT.Unit.DLL" adapterTypeName="Microsoft.VisualStudio.TestTools.TestTypes.Unit.UnitTestAdapter, Microsoft.VisualStudio.QualityTools.Tips.UnitTest.Adapter, Version=10.0.0.0, Culture=neutral, PublicKeyToken=b03f5f7f11d50a3a" className="Microsoft.ApplicationServer.Http.Configuration.HttpBehaviorElementTests, Microsoft.ApplicationServer.Http.CIT.Unit, Version=0.0.0.0, Culture=neutral, PublicKeyToken=null" name="HttpBehaviorElement_Set_Properties" />
    </UnitTest>
    <UnitTest name="DefaultHttpMessagePluginFactory_Type1" storage="f:\advisorsrepo\wcfhttp\http\test\microsoft.applicationserver.http\unit\bin\release\microsoft.applicationserver.http.cit.unit.dll" id="55f13d85-fbd8-3e30-cc6e-4c99df692c17">
      <Execution timeOut="30000" id="469cba7b-42a5-4eaf-844c-7ae06fdbc1d6" />
      <Owners>
        <Owner name="derik" />
      </Owners>
      <TestCategory>
        <TestCategoryItem TestCategory="CIT" />
        <TestCategoryItem TestCategory="ADP_Basics" />
      </TestCategory>
      <TestMethod codeBase="F:/advisorsrepo/wcfhttp/Http/Test/Microsoft.ApplicationServer.Http/Unit/bin/Release/Microsoft.ApplicationServer.Http.CIT.Unit.DLL" adapterTypeName="Microsoft.VisualStudio.TestTools.TestTypes.Unit.UnitTestAdapter, Microsoft.VisualStudio.QualityTools.Tips.UnitTest.Adapter, Version=10.0.0.0, Culture=neutral, PublicKeyToken=b03f5f7f11d50a3a" className="Microsoft.ApplicationServer.Http.Channels.HttpMessageHandlerChannelFactoryTests, Microsoft.ApplicationServer.Http.CIT.Unit, Version=0.0.0.0, Culture=neutral, PublicKeyToken=null" name="DefaultHttpMessagePluginFactory_Type1" />
    </UnitTest>
    <UnitTest name="HttpTransportSecurityElement_InitializeFrom" storage="f:\advisorsrepo\wcfhttp\http\test\microsoft.applicationserver.http\unit\bin\release\microsoft.applicationserver.http.cit.unit.dll" id="c4da800f-f26c-aa84-eeb0-04e6a07fb9b2">
      <Description>HttpTransportSecurityElementInitializeFrom works properly</Description>
      <Execution timeOut="30000" id="d944f377-6c75-45bb-a921-b9464f55f50c" />
      <Owners>
        <Owner name="derik" />
      </Owners>
      <TestCategory>
        <TestCategoryItem TestCategory="CIT" />
      </TestCategory>
      <TestMethod codeBase="F:/advisorsrepo/wcfhttp/Http/Test/Microsoft.ApplicationServer.Http/Unit/bin/Release/Microsoft.ApplicationServer.Http.CIT.Unit.DLL" adapterTypeName="Microsoft.VisualStudio.TestTools.TestTypes.Unit.UnitTestAdapter, Microsoft.VisualStudio.QualityTools.Tips.UnitTest.Adapter, Version=10.0.0.0, Culture=neutral, PublicKeyToken=b03f5f7f11d50a3a" className="Microsoft.ApplicationServer.Http.Configuration.HttpTransportSecurityElementTests, Microsoft.ApplicationServer.Http.CIT.Unit, Version=0.0.0.0, Culture=neutral, PublicKeyToken=null" name="HttpTransportSecurityElement_InitializeFrom" />
    </UnitTest>
    <UnitTest name="ReadFromStreamCallsOnReadFromStream" storage="f:\advisorsrepo\wcfhttp\http\test\microsoft.applicationserver.http\unit\bin\release\microsoft.applicationserver.http.cit.unit.dll" id="d9d97bf3-6d1b-4638-d264-99c5a38737fb">
      <Description>ReadFromStream() calls protected OnReadFromStream().</Description>
      <Execution timeOut="30000" id="c8140c9d-13d2-4d4a-b349-20291cb94fce" />
      <Owners>
        <Owner name="dravva" />
      </Owners>
      <TestCategory>
        <TestCategoryItem TestCategory="CIT" />
      </TestCategory>
      <TestMethod codeBase="F:/advisorsrepo/wcfhttp/Http/Test/Microsoft.ApplicationServer.Http/Unit/bin/Release/Microsoft.ApplicationServer.Http.CIT.Unit.DLL" adapterTypeName="Microsoft.VisualStudio.TestTools.TestTypes.Unit.UnitTestAdapter, Microsoft.VisualStudio.QualityTools.Tips.UnitTest.Adapter, Version=10.0.0.0, Culture=neutral, PublicKeyToken=b03f5f7f11d50a3a" className="Microsoft.ApplicationServer.Http.MediaTypeFormatterTests, Microsoft.ApplicationServer.Http.CIT.Unit, Version=0.0.0.0, Culture=neutral, PublicKeyToken=null" name="ReadFromStreamCallsOnReadFromStream" />
    </UnitTest>
    <UnitTest name="SupportsMediaType1ReturnsFalseWithExtensionNotInUri" storage="f:\advisorsrepo\wcfhttp\http\test\microsoft.applicationserver.http\unit\bin\release\microsoft.applicationserver.http.cit.unit.dll" id="7edae74c-575c-8b6a-90c0-b64f1fb385f8">
      <Description>SupportsMediaType(HttpResponseMessage) returns false when the extension is not in the Uri.</Description>
      <Execution timeOut="30000" id="9f0cbee6-8171-48e7-bf5d-646f9641bdd8" />
      <Owners>
        <Owner name="dravva" />
      </Owners>
      <TestCategory>
        <TestCategoryItem TestCategory="CIT" />
      </TestCategory>
      <TestMethod codeBase="F:/advisorsrepo/wcfhttp/Http/Test/Microsoft.ApplicationServer.Http/Unit/bin/Release/Microsoft.ApplicationServer.Http.CIT.Unit.DLL" adapterTypeName="Microsoft.VisualStudio.TestTools.TestTypes.Unit.UnitTestAdapter, Microsoft.VisualStudio.QualityTools.Tips.UnitTest.Adapter, Version=10.0.0.0, Culture=neutral, PublicKeyToken=b03f5f7f11d50a3a" className="Microsoft.ApplicationServer.Http.UriPathExtensionMappingTests, Microsoft.ApplicationServer.Http.CIT.Unit, Version=0.0.0.0, Culture=neutral, PublicKeyToken=null" name="SupportsMediaType1ReturnsFalseWithExtensionNotInUri" />
    </UnitTest>
    <UnitTest name="SelectOperationThrowsWithUriMatchingButMethodNotMatching" storage="f:\advisorsrepo\wcfhttp\http\test\microsoft.applicationserver.http\unit\bin\release\microsoft.applicationserver.http.cit.unit.dll" id="6cc11660-c5a6-443d-c7d8-a887f0792a21">
      <Description>SelectOperation(HttpRequestMessage) throws HttpResponseException (Method Not Allowed) if the request URI matches but the HTTP Method does not.</Description>
      <Execution timeOut="30000" id="b1aaab10-c2e1-469c-8c35-01aa73ba649b" />
      <Owners>
        <Owner name="dravva" />
      </Owners>
      <TestCategory>
        <TestCategoryItem TestCategory="CIT" />
      </TestCategory>
      <TestMethod codeBase="F:/advisorsrepo/wcfhttp/Http/Test/Microsoft.ApplicationServer.Http/Unit/bin/Release/Microsoft.ApplicationServer.Http.CIT.Unit.DLL" adapterTypeName="Microsoft.VisualStudio.TestTools.TestTypes.Unit.UnitTestAdapter, Microsoft.VisualStudio.QualityTools.Tips.UnitTest.Adapter, Version=10.0.0.0, Culture=neutral, PublicKeyToken=b03f5f7f11d50a3a" className="Microsoft.ApplicationServer.Http.Dispatcher.UriAndMethodOperationSelectorTests, Microsoft.ApplicationServer.Http.CIT.Unit, Version=0.0.0.0, Culture=neutral, PublicKeyToken=null" name="SelectOperationThrowsWithUriMatchingButMethodNotMatching" />
    </UnitTest>
    <UnitTest name="HttpMessageHandlerFactory_Constructor_Throws_With_Abstract_Types" storage="f:\advisorsrepo\wcfhttp\http\test\microsoft.applicationserver.http\unit\bin\release\microsoft.applicationserver.http.cit.unit.dll" id="d8645284-59b9-575f-f264-ec995329d429">
      <Description>HttpMessageHandlerFactory constructor throws with abstract types.</Description>
      <Execution timeOut="30000" id="212837bf-7e1d-4470-8ffc-e06715fc1417" />
      <Owners>
        <Owner name="derik" />
      </Owners>
      <TestCategory>
        <TestCategoryItem TestCategory="ADP_Basics" />
        <TestCategoryItem TestCategory="CIT" />
      </TestCategory>
      <TestMethod codeBase="F:/advisorsrepo/wcfhttp/Http/Test/Microsoft.ApplicationServer.Http/Unit/bin/Release/Microsoft.ApplicationServer.Http.CIT.Unit.DLL" adapterTypeName="Microsoft.VisualStudio.TestTools.TestTypes.Unit.UnitTestAdapter, Microsoft.VisualStudio.QualityTools.Tips.UnitTest.Adapter, Version=10.0.0.0, Culture=neutral, PublicKeyToken=b03f5f7f11d50a3a" className="Microsoft.ApplicationServer.Http.Channels.HttpMessageHandlerFactoryTests, Microsoft.ApplicationServer.Http.CIT.Unit, Version=0.0.0.0, Culture=neutral, PublicKeyToken=null" name="HttpMessageHandlerFactory_Constructor_Throws_With_Abstract_Types" />
    </UnitTest>
    <UnitTest name="ConstructorThrowsWithNullType" storage="f:\advisorsrepo\wcfhttp\http\test\microsoft.applicationserver.http\unit\bin\release\microsoft.applicationserver.http.cit.unit.dll" id="b62ec78c-590a-fab6-c50b-b77762b35d63">
      <Description>ObjectContent(Type, object) throws for a null Type parameter.</Description>
      <Execution timeOut="30000" id="1598c926-e11e-4bce-8961-f225f1c8eae5" />
      <Owners>
        <Owner name="dravva" />
      </Owners>
      <TestCategory>
        <TestCategoryItem TestCategory="CIT" />
      </TestCategory>
      <TestMethod codeBase="F:/advisorsrepo/wcfhttp/Http/Test/Microsoft.ApplicationServer.Http/Unit/bin/Release/Microsoft.ApplicationServer.Http.CIT.Unit.DLL" adapterTypeName="Microsoft.VisualStudio.TestTools.TestTypes.Unit.UnitTestAdapter, Microsoft.VisualStudio.QualityTools.Tips.UnitTest.Adapter, Version=10.0.0.0, Culture=neutral, PublicKeyToken=b03f5f7f11d50a3a" className="Microsoft.ApplicationServer.Http.ObjectContentTests, Microsoft.ApplicationServer.Http.CIT.Unit, Version=0.0.0.0, Culture=neutral, PublicKeyToken=null" name="ConstructorThrowsWithNullType" />
    </UnitTest>
    <UnitTest name="CreateSessionEncoder_Throws" storage="f:\advisorsrepo\wcfhttp\http\test\microsoft.applicationserver.http\unit\bin\release\microsoft.applicationserver.http.cit.unit.dll" id="5804b88e-4743-ef04-dbe6-034fbcc7fc54">
      <Description>HttpMessageEncoderFactory.CreateSessionEncoder always throws.</Description>
      <Execution timeOut="30000" id="4eacab98-586b-46f3-bf93-83f892667fc1" />
      <Owners>
        <Owner name="derik" />
      </Owners>
      <TestCategory>
        <TestCategoryItem TestCategory="CIT" />
      </TestCategory>
      <TestMethod codeBase="F:/advisorsrepo/wcfhttp/Http/Test/Microsoft.ApplicationServer.Http/Unit/bin/Release/Microsoft.ApplicationServer.Http.CIT.Unit.DLL" adapterTypeName="Microsoft.VisualStudio.TestTools.TestTypes.Unit.UnitTestAdapter, Microsoft.VisualStudio.QualityTools.Tips.UnitTest.Adapter, Version=10.0.0.0, Culture=neutral, PublicKeyToken=b03f5f7f11d50a3a" className="Microsoft.ApplicationServer.Http.Channels.HttpMessageEncoderFactoryTests, Microsoft.ApplicationServer.Http.CIT.Unit, Version=0.0.0.0, Culture=neutral, PublicKeyToken=null" name="CreateSessionEncoder_Throws" />
    </UnitTest>
    <UnitTest name="HttpMessagePluginBindingElement_Constructor1" storage="f:\advisorsrepo\wcfhttp\http\test\microsoft.applicationserver.http\unit\bin\release\microsoft.applicationserver.http.cit.unit.dll" id="5b395cdb-87dc-9820-7e23-2d35737af0b9">
      <Execution timeOut="30000" id="5dc9dd3f-22ef-4147-85bb-a4b16ddda6a0" />
      <Owners>
        <Owner name="derik" />
      </Owners>
      <TestCategory>
        <TestCategoryItem TestCategory="ADP_Basics" />
        <TestCategoryItem TestCategory="CIT" />
      </TestCategory>
      <TestMethod codeBase="F:/advisorsrepo/wcfhttp/Http/Test/Microsoft.ApplicationServer.Http/Unit/bin/Release/Microsoft.ApplicationServer.Http.CIT.Unit.DLL" adapterTypeName="Microsoft.VisualStudio.TestTools.TestTypes.Unit.UnitTestAdapter, Microsoft.VisualStudio.QualityTools.Tips.UnitTest.Adapter, Version=10.0.0.0, Culture=neutral, PublicKeyToken=b03f5f7f11d50a3a" className="Microsoft.ApplicationServer.Http.Channels.HttpMessageHandlerChannelBindingElementTests, Microsoft.ApplicationServer.Http.CIT.Unit, Version=0.0.0.0, Culture=neutral, PublicKeyToken=null" name="HttpMessagePluginBindingElement_Constructor1" />
    </UnitTest>
    <UnitTest name="ReleaseInstance_Calls_OnReleaseInstance" storage="f:\advisorsrepo\wcfhttp\http\test\microsoft.applicationserver.http\unit\bin\release\microsoft.applicationserver.http.cit.unit.dll" id="e2266c17-0caa-081d-5b3a-f6b512e4ff32">
      <Description>HttpInstanceProvider.ReleaseInstance calls protected OnReleaseInstance</Description>
      <Execution timeOut="30000" id="b51c0fc1-8cf3-486b-ba77-3e36a1652d27" />
      <Owners>
        <Owner name="maying" />
      </Owners>
      <TestCategory>
        <TestCategoryItem TestCategory="CIT" />
      </TestCategory>
      <TestMethod codeBase="F:/advisorsrepo/wcfhttp/Http/Test/Microsoft.ApplicationServer.Http/Unit/bin/Release/Microsoft.ApplicationServer.Http.CIT.Unit.DLL" adapterTypeName="Microsoft.VisualStudio.TestTools.TestTypes.Unit.UnitTestAdapter, Microsoft.VisualStudio.QualityTools.Tips.UnitTest.Adapter, Version=10.0.0.0, Culture=neutral, PublicKeyToken=b03f5f7f11d50a3a" className="Microsoft.ApplicationServer.Http.Dispatcher.HttpInstanceProviderTests, Microsoft.ApplicationServer.Http.CIT.Unit, Version=0.0.0.0, Culture=neutral, PublicKeyToken=null" name="ReleaseInstance_Calls_OnReleaseInstance" />
    </UnitTest>
    <UnitTest name="HandleCallsOnHandleOfGeneric09" storage="f:\advisorsrepo\wcfhttp\http\test\microsoft.applicationserver.http\unit\bin\release\microsoft.applicationserver.http.cit.unit.dll" id="87ae2a05-ce81-9c8f-2bd2-ba739c6baaea">
      <Description>Handle(object[]) calls OnHandle for the generic HttpOperationHandlerOfT.</Description>
      <Execution timeOut="30000" id="751585dd-2296-495d-a975-478f82984cf5" />
      <Owners>
        <Owner name="dravva" />
      </Owners>
      <TestCategory>
        <TestCategoryItem TestCategory="CIT" />
      </TestCategory>
      <TestMethod codeBase="F:/advisorsrepo/wcfhttp/Http/Test/Microsoft.ApplicationServer.Http/Unit/bin/Release/Microsoft.ApplicationServer.Http.CIT.Unit.DLL" adapterTypeName="Microsoft.VisualStudio.TestTools.TestTypes.Unit.UnitTestAdapter, Microsoft.VisualStudio.QualityTools.Tips.UnitTest.Adapter, Version=10.0.0.0, Culture=neutral, PublicKeyToken=b03f5f7f11d50a3a" className="Microsoft.ApplicationServer.Http.Dispatcher.HttpOperationHandlerOfTTests, Microsoft.ApplicationServer.Http.CIT.Unit, Version=0.0.0.0, Culture=neutral, PublicKeyToken=null" name="HandleCallsOnHandleOfGeneric09" />
    </UnitTest>
    <UnitTest name="EndAcceptChannel_Returns_Null_If_The_Inner_Listener_Returns_Null" storage="f:\advisorsrepo\wcfhttp\http\test\microsoft.applicationserver.http\unit\bin\release\microsoft.applicationserver.http.cit.unit.dll" id="77d1f27d-0072-0fc5-1ae7-a43588d07a4c">
      <Description>HttpMessageEncodingChannelListener.EndAcceptChannel returns null if the inner listener returns null.</Description>
      <Execution timeOut="30000" id="636a4eb8-6731-4c82-9def-c7449eeeecd4" />
      <Owners>
        <Owner name="derik" />
      </Owners>
      <TestCategory>
        <TestCategoryItem TestCategory="CIT" />
      </TestCategory>
      <TestMethod codeBase="F:/advisorsrepo/wcfhttp/Http/Test/Microsoft.ApplicationServer.Http/Unit/bin/Release/Microsoft.ApplicationServer.Http.CIT.Unit.DLL" adapterTypeName="Microsoft.VisualStudio.TestTools.TestTypes.Unit.UnitTestAdapter, Microsoft.VisualStudio.QualityTools.Tips.UnitTest.Adapter, Version=10.0.0.0, Culture=neutral, PublicKeyToken=b03f5f7f11d50a3a" className="Microsoft.ApplicationServer.Http.Channels.HttpMessageEncodingChannelListenerTests, Microsoft.ApplicationServer.Http.CIT.Unit, Version=0.0.0.0, Culture=neutral, PublicKeyToken=null" name="EndAcceptChannel_Returns_Null_If_The_Inner_Listener_Returns_Null" />
    </UnitTest>
    <UnitTest name="HandlePropagatesExceptionFromOnHandle" storage="f:\advisorsrepo\wcfhttp\http\test\microsoft.applicationserver.http\unit\bin\release\microsoft.applicationserver.http.cit.unit.dll" id="53516993-c95f-aa4d-cf2c-c8bfb5e7c7a1">
      <Description>Handle(object[]) propagates any exception thrown from OnHandle.</Description>
      <Execution timeOut="30000" id="eebd75a8-4eef-4d5c-a84e-c2f5d76ddec6" />
      <Owners>
        <Owner name="vinelap" />
      </Owners>
      <TestCategory>
        <TestCategoryItem TestCategory="CIT" />
      </TestCategory>
      <TestMethod codeBase="F:/advisorsrepo/wcfhttp/Http/Test/Microsoft.ApplicationServer.Http/Unit/bin/Release/Microsoft.ApplicationServer.Http.CIT.Unit.DLL" adapterTypeName="Microsoft.VisualStudio.TestTools.TestTypes.Unit.UnitTestAdapter, Microsoft.VisualStudio.QualityTools.Tips.UnitTest.Adapter, Version=10.0.0.0, Culture=neutral, PublicKeyToken=b03f5f7f11d50a3a" className="Microsoft.ApplicationServer.Http.Dispatcher.HttpOperationHandlerTests, Microsoft.ApplicationServer.Http.CIT.Unit, Version=0.0.0.0, Culture=neutral, PublicKeyToken=null" name="HandlePropagatesExceptionFromOnHandle" />
    </UnitTest>
    <UnitTest name="AddMediaRangeMappingThrowsWithNullThis" storage="f:\advisorsrepo\wcfhttp\http\test\microsoft.applicationserver.http\unit\bin\release\microsoft.applicationserver.http.cit.unit.dll" id="4d93a656-208a-14c0-683e-86805301db11">
      <Description>MediaTypeFormatterExtensionMethods.AddMediaRangeMapping(MediaTypeHeaderValue, MediaTypeHeaderValue) throws for null 'this'.</Description>
      <Execution timeOut="30000" id="0fc866db-bd80-493a-b12a-69070e8fadaa" />
      <Owners>
        <Owner name="dravva" />
      </Owners>
      <TestCategory>
        <TestCategoryItem TestCategory="CIT" />
      </TestCategory>
      <TestMethod codeBase="F:/advisorsrepo/wcfhttp/Http/Test/Microsoft.ApplicationServer.Http/Unit/bin/Release/Microsoft.ApplicationServer.Http.CIT.Unit.DLL" adapterTypeName="Microsoft.VisualStudio.TestTools.TestTypes.Unit.UnitTestAdapter, Microsoft.VisualStudio.QualityTools.Tips.UnitTest.Adapter, Version=10.0.0.0, Culture=neutral, PublicKeyToken=b03f5f7f11d50a3a" className="Microsoft.ApplicationServer.Http.MediaTypeFormatterExtensionMethodsTests, Microsoft.ApplicationServer.Http.CIT.Unit, Version=0.0.0.0, Culture=neutral, PublicKeyToken=null" name="AddMediaRangeMappingThrowsWithNullThis" />
    </UnitTest>
    <UnitTest name="ReadAsCallsFormatter" storage="f:\advisorsrepo\wcfhttp\http\test\microsoft.applicationserver.http\unit\bin\release\microsoft.applicationserver.http.cit.unit.dll" id="190dff6b-a724-690c-2bef-ad9c25558495">
      <Description>ReadAs() calls the registered MediaTypeFormatter for SupportedMediaTypes and ReadFromStream.</Description>
      <Execution timeOut="30000" id="c04e1a82-9108-4e98-becf-5a469972ba0e" />
      <Owners>
        <Owner name="dravva" />
      </Owners>
      <TestCategory>
        <TestCategoryItem TestCategory="CIT" />
      </TestCategory>
      <TestMethod codeBase="F:/advisorsrepo/wcfhttp/Http/Test/Microsoft.ApplicationServer.Http/Unit/bin/Release/Microsoft.ApplicationServer.Http.CIT.Unit.DLL" adapterTypeName="Microsoft.VisualStudio.TestTools.TestTypes.Unit.UnitTestAdapter, Microsoft.VisualStudio.QualityTools.Tips.UnitTest.Adapter, Version=10.0.0.0, Culture=neutral, PublicKeyToken=b03f5f7f11d50a3a" className="Microsoft.ApplicationServer.Http.ObjectContentTests, Microsoft.ApplicationServer.Http.CIT.Unit, Version=0.0.0.0, Culture=neutral, PublicKeyToken=null" name="ReadAsCallsFormatter" />
    </UnitTest>
    <UnitTest name="SupportsMediaType1ThrowsWithNullHttpResponseMessage" storage="f:\advisorsrepo\wcfhttp\http\test\microsoft.applicationserver.http\unit\bin\release\microsoft.applicationserver.http.cit.unit.dll" id="b35c34ac-9df1-147d-e4ac-701c61038409">
      <Description>SupportsMediaType(HttpResponseMessage) throws if the response is null.</Description>
      <Execution timeOut="30000" id="1d4ec6aa-7966-4d9e-897c-773d7e32ede0" />
      <Owners>
        <Owner name="dravva" />
      </Owners>
      <TestCategory>
        <TestCategoryItem TestCategory="CIT" />
      </TestCategory>
      <TestMethod codeBase="F:/advisorsrepo/wcfhttp/Http/Test/Microsoft.ApplicationServer.Http/Unit/bin/Release/Microsoft.ApplicationServer.Http.CIT.Unit.DLL" adapterTypeName="Microsoft.VisualStudio.TestTools.TestTypes.Unit.UnitTestAdapter, Microsoft.VisualStudio.QualityTools.Tips.UnitTest.Adapter, Version=10.0.0.0, Culture=neutral, PublicKeyToken=b03f5f7f11d50a3a" className="Microsoft.ApplicationServer.Http.UriPathExtensionMappingTests, Microsoft.ApplicationServer.Http.CIT.Unit, Version=0.0.0.0, Culture=neutral, PublicKeyToken=null" name="SupportsMediaType1ThrowsWithNullHttpResponseMessage" />
    </UnitTest>
    <UnitTest name="DefaultMediaTypeReturnsApplicationJson" storage="f:\advisorsrepo\wcfhttp\http\test\microsoft.applicationserver.http\unit\bin\release\microsoft.applicationserver.http.cit.unit.dll" id="71316403-a8c7-5b00-bb35-3bef40901945">
      <Description>DefaultMediaType property returns application/json.</Description>
      <Execution timeOut="30000" id="4077bc5f-9c77-40f5-b050-3e7e6bf743bb" />
      <Owners>
        <Owner name="dravva" />
      </Owners>
      <TestCategory>
        <TestCategoryItem TestCategory="CIT" />
      </TestCategory>
      <TestMethod codeBase="F:/advisorsrepo/wcfhttp/Http/Test/Microsoft.ApplicationServer.Http/Unit/bin/Release/Microsoft.ApplicationServer.Http.CIT.Unit.DLL" adapterTypeName="Microsoft.VisualStudio.TestTools.TestTypes.Unit.UnitTestAdapter, Microsoft.VisualStudio.QualityTools.Tips.UnitTest.Adapter, Version=10.0.0.0, Culture=neutral, PublicKeyToken=b03f5f7f11d50a3a" className="Microsoft.ApplicationServer.Http.JsonMediaTypeFormatterTests, Microsoft.ApplicationServer.Http.CIT.Unit, Version=0.0.0.0, Culture=neutral, PublicKeyToken=null" name="DefaultMediaTypeReturnsApplicationJson" />
    </UnitTest>
    <UnitTest name="ConstructorSetsHttpContentWithHttpContentAsObject" storage="f:\advisorsrepo\wcfhttp\http\test\microsoft.applicationserver.http\unit\bin\release\microsoft.applicationserver.http.cit.unit.dll" id="ccdce0d0-74b3-ebbc-76a6-d43c64101b8e">
      <Description>ObjectContent(Type, object) sets HttpContent property with object parameter==HttpContent.</Description>
      <Execution timeOut="30000" id="cd5f5d6e-5434-41c4-8db0-d3149a00440d" />
      <Owners>
        <Owner name="dravva" />
      </Owners>
      <TestCategory>
        <TestCategoryItem TestCategory="CIT" />
      </TestCategory>
      <TestMethod codeBase="F:/advisorsrepo/wcfhttp/Http/Test/Microsoft.ApplicationServer.Http/Unit/bin/Release/Microsoft.ApplicationServer.Http.CIT.Unit.DLL" adapterTypeName="Microsoft.VisualStudio.TestTools.TestTypes.Unit.UnitTestAdapter, Microsoft.VisualStudio.QualityTools.Tips.UnitTest.Adapter, Version=10.0.0.0, Culture=neutral, PublicKeyToken=b03f5f7f11d50a3a" className="Microsoft.ApplicationServer.Http.ObjectContentTests, Microsoft.ApplicationServer.Http.CIT.Unit, Version=0.0.0.0, Culture=neutral, PublicKeyToken=null" name="ConstructorSetsHttpContentWithHttpContentAsObject" />
    </UnitTest>
    <UnitTest name="Transport_Resets_To_New_Instance_If_Set_To_Null" storage="f:\advisorsrepo\wcfhttp\http\test\microsoft.applicationserver.http\unit\bin\release\microsoft.applicationserver.http.cit.unit.dll" id="5dc15847-25cd-f5bf-cc86-b343b84e55ea">
      <Description>HttpBindingSecurity.Transport is reset to a new HttpTransportSecurity instance if Transport is set to null.</Description>
      <Execution timeOut="30000" id="1fc75320-1288-4aeb-b7a8-9d9602f76316" />
      <Owners>
        <Owner name="derik" />
      </Owners>
      <TestCategory>
        <TestCategoryItem TestCategory="CIT" />
      </TestCategory>
      <TestMethod codeBase="F:/advisorsrepo/wcfhttp/Http/Test/Microsoft.ApplicationServer.Http/Unit/bin/Release/Microsoft.ApplicationServer.Http.CIT.Unit.DLL" adapterTypeName="Microsoft.VisualStudio.TestTools.TestTypes.Unit.UnitTestAdapter, Microsoft.VisualStudio.QualityTools.Tips.UnitTest.Adapter, Version=10.0.0.0, Culture=neutral, PublicKeyToken=b03f5f7f11d50a3a" className="Microsoft.ApplicationServer.Http.HttpBindingSecurityTests, Microsoft.ApplicationServer.Http.CIT.Unit, Version=0.0.0.0, Culture=neutral, PublicKeyToken=null" name="Transport_Resets_To_New_Instance_If_Set_To_Null" />
    </UnitTest>
    <UnitTest name="ReadAs1ThrowsWithNullType" storage="f:\advisorsrepo\wcfhttp\http\test\microsoft.applicationserver.http\unit\bin\release\microsoft.applicationserver.http.cit.unit.dll" id="80e86035-bbfa-5df5-fbcd-37c7751d1ecd">
      <Description>HttpContentExtensionMethods.ReadAs(HttpContent, Type, IEnumerable&lt;MediaTypeFormatter&gt;) throws with null Type.</Description>
      <Execution timeOut="30000" id="a13fccd1-722f-488d-a6de-7beb79676ecc" />
      <Owners>
        <Owner name="vinelap" />
      </Owners>
      <TestCategory>
        <TestCategoryItem TestCategory="CIT" />
      </TestCategory>
      <TestMethod codeBase="F:/advisorsrepo/wcfhttp/Http/Test/Microsoft.ApplicationServer.Http/Unit/bin/Release/Microsoft.ApplicationServer.Http.CIT.Unit.DLL" adapterTypeName="Microsoft.VisualStudio.TestTools.TestTypes.Unit.UnitTestAdapter, Microsoft.VisualStudio.QualityTools.Tips.UnitTest.Adapter, Version=10.0.0.0, Culture=neutral, PublicKeyToken=b03f5f7f11d50a3a" className="Microsoft.ApplicationServer.Http.HttpContentExtensionMethodsTests, Microsoft.ApplicationServer.Http.CIT.Unit, Version=0.0.0.0, Culture=neutral, PublicKeyToken=null" name="ReadAs1ThrowsWithNullType" />
    </UnitTest>
    <UnitTest name="BeginWaitForRequest_Calls_BeginWaitForRequest_On_The_Inner_Channel" storage="f:\advisorsrepo\wcfhttp\http\test\microsoft.applicationserver.http\unit\bin\release\microsoft.applicationserver.http.cit.unit.dll" id="b23adb46-fad3-5ef1-4e0b-decc460039f1">
      <Description>HttpMessageEncodingReplyChannel.BeginWaitForRequest calls BeginWaitForRequest on the inner channel.</Description>
      <Execution timeOut="30000" id="46f2605f-d7d8-47a3-8ce9-849082d52e36" />
      <Owners>
        <Owner name="derik" />
      </Owners>
      <TestCategory>
        <TestCategoryItem TestCategory="CIT" />
      </TestCategory>
      <TestMethod codeBase="F:/advisorsrepo/wcfhttp/Http/Test/Microsoft.ApplicationServer.Http/Unit/bin/Release/Microsoft.ApplicationServer.Http.CIT.Unit.DLL" adapterTypeName="Microsoft.VisualStudio.TestTools.TestTypes.Unit.UnitTestAdapter, Microsoft.VisualStudio.QualityTools.Tips.UnitTest.Adapter, Version=10.0.0.0, Culture=neutral, PublicKeyToken=b03f5f7f11d50a3a" className="Microsoft.ApplicationServer.Http.Channels.HttpMessageEncodingReplyChannelTests, Microsoft.ApplicationServer.Http.CIT.Unit, Version=0.0.0.0, Culture=neutral, PublicKeyToken=null" name="BeginWaitForRequest_Calls_BeginWaitForRequest_On_The_Inner_Channel" />
    </UnitTest>
    <UnitTest name="HttpParameterCollection_Unsynchronized_Remove" storage="f:\advisorsrepo\wcfhttp\http\test\microsoft.applicationserver.http\unit\bin\release\microsoft.applicationserver.http.cit.unit.dll" id="70144da5-e0ec-dc6a-8906-80f2a8070903">
      <Description>HttpParameterCollection created from default ctor implements Remove correctly</Description>
      <Execution timeOut="30000" id="6139f02b-68d8-49b0-8846-e74c8988416f" />
      <Owners>
        <Owner name="derik" />
      </Owners>
      <TestCategory>
        <TestCategoryItem TestCategory="CIT" />
      </TestCategory>
      <TestMethod codeBase="F:/advisorsrepo/wcfhttp/Http/Test/Microsoft.ApplicationServer.Http/Unit/bin/Release/Microsoft.ApplicationServer.Http.CIT.Unit.DLL" adapterTypeName="Microsoft.VisualStudio.TestTools.TestTypes.Unit.UnitTestAdapter, Microsoft.VisualStudio.QualityTools.Tips.UnitTest.Adapter, Version=10.0.0.0, Culture=neutral, PublicKeyToken=b03f5f7f11d50a3a" className="Microsoft.ApplicationServer.Http.Description.HttpParameterCollectionTests, Microsoft.ApplicationServer.Http.CIT.Unit, Version=0.0.0.0, Culture=neutral, PublicKeyToken=null" name="HttpParameterCollection_Unsynchronized_Remove" />
    </UnitTest>
    <UnitTest name="RequestMessage_Throws_If_To_Header_Not_Present" storage="f:\advisorsrepo\wcfhttp\http\test\microsoft.applicationserver.http\unit\bin\release\microsoft.applicationserver.http.cit.unit.dll" id="0c7fb215-92f0-71a9-2b3f-3359cd2cac56">
      <Description>HttpMessageEncodingRequestContext.RequestMessage throws if the innerRequest message does not have a To Header.</Description>
      <Execution timeOut="30000" id="f72f9953-12dc-4785-bb7a-27f20c0d0e0b" />
      <Owners>
        <Owner name="derik" />
      </Owners>
      <TestCategory>
        <TestCategoryItem TestCategory="CIT" />
      </TestCategory>
      <TestMethod codeBase="F:/advisorsrepo/wcfhttp/Http/Test/Microsoft.ApplicationServer.Http/Unit/bin/Release/Microsoft.ApplicationServer.Http.CIT.Unit.DLL" adapterTypeName="Microsoft.VisualStudio.TestTools.TestTypes.Unit.UnitTestAdapter, Microsoft.VisualStudio.QualityTools.Tips.UnitTest.Adapter, Version=10.0.0.0, Culture=neutral, PublicKeyToken=b03f5f7f11d50a3a" className="Microsoft.ApplicationServer.Http.Channels.HttpMessageEncodingRequestContextTests, Microsoft.ApplicationServer.Http.CIT.Unit, Version=0.0.0.0, Culture=neutral, PublicKeyToken=null" name="RequestMessage_Throws_If_To_Header_Not_Present" />
    </UnitTest>
    <UnitTest name="Constructor4ThrowsWithObjectNotAssignableToType" storage="f:\advisorsrepo\wcfhttp\http\test\microsoft.applicationserver.http\unit\bin\release\microsoft.applicationserver.http.cit.unit.dll" id="5522eda8-fa07-1270-5632-8056a1650af0">
      <Description>ObjectContent(Type, object,  IEnumerable&lt;MediaTypeFormatter&gt;) throws if object is not assignable to Type.</Description>
      <Execution timeOut="30000" id="331dc91a-e9ff-4f39-9be6-e06c99df755b" />
      <Owners>
        <Owner name="dravva" />
      </Owners>
      <TestCategory>
        <TestCategoryItem TestCategory="CIT" />
      </TestCategory>
      <TestMethod codeBase="F:/advisorsrepo/wcfhttp/Http/Test/Microsoft.ApplicationServer.Http/Unit/bin/Release/Microsoft.ApplicationServer.Http.CIT.Unit.DLL" adapterTypeName="Microsoft.VisualStudio.TestTools.TestTypes.Unit.UnitTestAdapter, Microsoft.VisualStudio.QualityTools.Tips.UnitTest.Adapter, Version=10.0.0.0, Culture=neutral, PublicKeyToken=b03f5f7f11d50a3a" className="Microsoft.ApplicationServer.Http.ObjectContentTests, Microsoft.ApplicationServer.Http.CIT.Unit, Version=0.0.0.0, Culture=neutral, PublicKeyToken=null" name="Constructor4ThrowsWithObjectNotAssignableToType" />
    </UnitTest>
    <UnitTest name="CanWriteAs2ReturnsTrue" storage="f:\advisorsrepo\wcfhttp\http\test\microsoft.applicationserver.http\unit\bin\release\microsoft.applicationserver.http.cit.unit.dll" id="776bf259-2f9d-d4cb-b03d-0543628cd066">
      <Description>CanWriteAs(Type, HttpResponseMessage, out MediaTypeHeaderValue) returns true always for supported media types.</Description>
      <Execution timeOut="30000" id="5f2f0790-cb1a-4aad-ba0a-50ee2ac8b78b" />
      <Owners>
        <Owner name="dravva" />
      </Owners>
      <TestCategory>
        <TestCategoryItem TestCategory="CIT" />
      </TestCategory>
      <TestMethod codeBase="F:/advisorsrepo/wcfhttp/Http/Test/Microsoft.ApplicationServer.Http/Unit/bin/Release/Microsoft.ApplicationServer.Http.CIT.Unit.DLL" adapterTypeName="Microsoft.VisualStudio.TestTools.TestTypes.Unit.UnitTestAdapter, Microsoft.VisualStudio.QualityTools.Tips.UnitTest.Adapter, Version=10.0.0.0, Culture=neutral, PublicKeyToken=b03f5f7f11d50a3a" className="Microsoft.ApplicationServer.Http.MediaTypeFormatterTests, Microsoft.ApplicationServer.Http.CIT.Unit, Version=0.0.0.0, Culture=neutral, PublicKeyToken=null" name="CanWriteAs2ReturnsTrue" />
    </UnitTest>
    <UnitTest name="RequestMessage_Returns_Same_HttpContent_Instance_When_Inner_Request_Is_HttpMessage" storage="f:\advisorsrepo\wcfhttp\http\test\microsoft.applicationserver.http\unit\bin\release\microsoft.applicationserver.http.cit.unit.dll" id="9e481ccd-eac5-26b0-34b1-d6742a2e9bea">
      <Description>HttpMessageEncodingRequestContext.RequestMessage returns an the same HttpContent instance when the inner request is an HttpMessage.</Description>
      <Execution timeOut="30000" id="4a69feaf-938e-4ab0-a6db-228bd6f327b2" />
      <Owners>
        <Owner name="derik" />
      </Owners>
      <TestCategory>
        <TestCategoryItem TestCategory="CIT" />
      </TestCategory>
      <TestMethod codeBase="F:/advisorsrepo/wcfhttp/Http/Test/Microsoft.ApplicationServer.Http/Unit/bin/Release/Microsoft.ApplicationServer.Http.CIT.Unit.DLL" adapterTypeName="Microsoft.VisualStudio.TestTools.TestTypes.Unit.UnitTestAdapter, Microsoft.VisualStudio.QualityTools.Tips.UnitTest.Adapter, Version=10.0.0.0, Culture=neutral, PublicKeyToken=b03f5f7f11d50a3a" className="Microsoft.ApplicationServer.Http.Channels.HttpMessageEncodingRequestContextTests, Microsoft.ApplicationServer.Http.CIT.Unit, Version=0.0.0.0, Culture=neutral, PublicKeyToken=null" name="RequestMessage_Returns_Same_HttpContent_Instance_When_Inner_Request_Is_HttpMessage" />
    </UnitTest>
    <UnitTest name="Compare_Returns_Negative_1_If_Q_Value_Is_Same_But_MediaType2_Is_Media_Range" storage="f:\advisorsrepo\wcfhttp\http\test\microsoft.applicationserver.http\unit\bin\release\microsoft.applicationserver.http.cit.unit.dll" id="1c50c0de-4519-197b-71ea-fd9a57c54159">
      <Description>MediaTypeHeadeValueComparer.Compare returns negative 1 if the Q values are the same but the second parameter is a less specific media range.</Description>
      <Execution timeOut="30000" id="bf7965bb-8249-47dc-ae72-6dd8c9f9151a" />
      <Owners>
        <Owner name="vinelap" />
      </Owners>
      <TestCategory>
        <TestCategoryItem TestCategory="CIT" />
      </TestCategory>
      <TestMethod codeBase="F:/advisorsrepo/wcfhttp/Http/Test/Microsoft.ApplicationServer.Http/Unit/bin/Release/Microsoft.ApplicationServer.Http.CIT.Unit.DLL" adapterTypeName="Microsoft.VisualStudio.TestTools.TestTypes.Unit.UnitTestAdapter, Microsoft.VisualStudio.QualityTools.Tips.UnitTest.Adapter, Version=10.0.0.0, Culture=neutral, PublicKeyToken=b03f5f7f11d50a3a" className="Microsoft.ApplicationServer.Http.MediaTypeHeadeValueComparerTests, Microsoft.ApplicationServer.Http.CIT.Unit, Version=0.0.0.0, Culture=neutral, PublicKeyToken=null" name="Compare_Returns_Negative_1_If_Q_Value_Is_Same_But_MediaType2_Is_Media_Range" />
    </UnitTest>
    <UnitTest name="TrySelectOperationThrowsWithNullRequest" storage="f:\advisorsrepo\wcfhttp\http\test\microsoft.applicationserver.http\unit\bin\release\microsoft.applicationserver.http.cit.unit.dll" id="49560d8b-036f-c3f2-286d-423dc2b6d044">
      <Description>TrySelectOperation(HttpRequestMessage, out string, out bool) throws in the request parameter is null.</Description>
      <Execution timeOut="30000" id="64e1a78f-080d-48cc-8e0d-d340e5245e26" />
      <Owners>
        <Owner name="dravva" />
      </Owners>
      <TestCategory>
        <TestCategoryItem TestCategory="CIT" />
      </TestCategory>
      <TestMethod codeBase="F:/advisorsrepo/wcfhttp/Http/Test/Microsoft.ApplicationServer.Http/Unit/bin/Release/Microsoft.ApplicationServer.Http.CIT.Unit.DLL" adapterTypeName="Microsoft.VisualStudio.TestTools.TestTypes.Unit.UnitTestAdapter, Microsoft.VisualStudio.QualityTools.Tips.UnitTest.Adapter, Version=10.0.0.0, Culture=neutral, PublicKeyToken=b03f5f7f11d50a3a" className="Microsoft.ApplicationServer.Http.Dispatcher.UriAndMethodOperationSelectorTests, Microsoft.ApplicationServer.Http.CIT.Unit, Version=0.0.0.0, Culture=neutral, PublicKeyToken=null" name="TrySelectOperationThrowsWithNullRequest" />
    </UnitTest>
    <UnitTest name="CanWriteAs1ReturnsTrue" storage="f:\advisorsrepo\wcfhttp\http\test\microsoft.applicationserver.http\unit\bin\release\microsoft.applicationserver.http.cit.unit.dll" id="722d388c-f9da-caf0-a67f-8c472282b1ae">
      <Description>CanWriteAs(Type, HttpRequestMessage, out MediaTypeHeaderValue) returns true always for supported media types.</Description>
      <Execution timeOut="30000" id="e8d97b3c-dfc6-4f23-b5b4-69b51f176b84" />
      <Owners>
        <Owner name="dravva" />
      </Owners>
      <TestCategory>
        <TestCategoryItem TestCategory="CIT" />
      </TestCategory>
      <TestMethod codeBase="F:/advisorsrepo/wcfhttp/Http/Test/Microsoft.ApplicationServer.Http/Unit/bin/Release/Microsoft.ApplicationServer.Http.CIT.Unit.DLL" adapterTypeName="Microsoft.VisualStudio.TestTools.TestTypes.Unit.UnitTestAdapter, Microsoft.VisualStudio.QualityTools.Tips.UnitTest.Adapter, Version=10.0.0.0, Culture=neutral, PublicKeyToken=b03f5f7f11d50a3a" className="Microsoft.ApplicationServer.Http.MediaTypeFormatterTests, Microsoft.ApplicationServer.Http.CIT.Unit, Version=0.0.0.0, Culture=neutral, PublicKeyToken=null" name="CanWriteAs1ReturnsTrue" />
    </UnitTest>
    <UnitTest name="UnitTestClassIsCorrect" storage="f:\advisorsrepo\wcfhttp\http\test\microsoft.applicationserver.http\unit\bin\release\microsoft.applicationserver.http.cit.unit.dll" id="fbe27a04-ed05-1c89-6428-8082f3dd90af">
      <Execution timeOut="1800000" id="71f1cbad-0148-4554-a05f-81f8da6fb416" />
      <TestMethod codeBase="F:/advisorsrepo/wcfhttp/Http/Test/Microsoft.ApplicationServer.Http/Unit/bin/Release/Microsoft.ApplicationServer.Http.CIT.Unit.DLL" adapterTypeName="Microsoft.VisualStudio.TestTools.TestTypes.Unit.UnitTestAdapter, Microsoft.VisualStudio.QualityTools.Tips.UnitTest.Adapter, Version=10.0.0.0, Culture=neutral, PublicKeyToken=b03f5f7f11d50a3a" className="Microsoft.ApplicationServer.Http.JsonMediaTypeFormatterTests, Microsoft.ApplicationServer.Http.CIT.Unit, Version=0.0.0.0, Culture=neutral, PublicKeyToken=null" name="UnitTestClassIsCorrect" />
    </UnitTest>
    <UnitTest name="ValueConverterReturnsConverterForAllValueTypes" storage="f:\advisorsrepo\wcfhttp\http\test\microsoft.applicationserver.http\unit\bin\release\microsoft.applicationserver.http.cit.unit.dll" id="ef975652-d731-fd7d-a2c6-4d1826c3414f">
      <Description>ValueConverter returns a converter for all values type.</Description>
      <Execution timeOut="30000" id="4765d050-370a-4b6d-a534-300f911dcd96" />
      <Owners>
        <Owner name="dravva" />
      </Owners>
      <TestCategory>
        <TestCategoryItem TestCategory="CIT" />
      </TestCategory>
      <TestMethod codeBase="F:/advisorsrepo/wcfhttp/Http/Test/Microsoft.ApplicationServer.Http/Unit/bin/Release/Microsoft.ApplicationServer.Http.CIT.Unit.DLL" adapterTypeName="Microsoft.VisualStudio.TestTools.TestTypes.Unit.UnitTestAdapter, Microsoft.VisualStudio.QualityTools.Tips.UnitTest.Adapter, Version=10.0.0.0, Culture=neutral, PublicKeyToken=b03f5f7f11d50a3a" className="Microsoft.ApplicationServer.Http.Description.HttpParameterTests, Microsoft.ApplicationServer.Http.CIT.Unit, Version=0.0.0.0, Culture=neutral, PublicKeyToken=null" name="ValueConverterReturnsConverterForAllValueTypes" />
    </UnitTest>
    <UnitTest name="TypeIsCorrect" storage="f:\advisorsrepo\wcfhttp\http\test\microsoft.applicationserver.http\unit\bin\release\microsoft.applicationserver.http.cit.unit.dll" id="aa0ca960-f980-5f54-0e03-c4de6ae56224">
      <Description>HttpErrorHandler is public abstract class.</Description>
      <Execution timeOut="30000" id="cd82d72f-6977-4f33-926e-0392e64ebdb8" />
      <Owners>
        <Owner name="dravva" />
      </Owners>
      <TestCategory>
        <TestCategoryItem TestCategory="CIT" />
      </TestCategory>
      <TestMethod codeBase="F:/advisorsrepo/wcfhttp/Http/Test/Microsoft.ApplicationServer.Http/Unit/bin/Release/Microsoft.ApplicationServer.Http.CIT.Unit.DLL" adapterTypeName="Microsoft.VisualStudio.TestTools.TestTypes.Unit.UnitTestAdapter, Microsoft.VisualStudio.QualityTools.Tips.UnitTest.Adapter, Version=10.0.0.0, Culture=neutral, PublicKeyToken=b03f5f7f11d50a3a" className="Microsoft.ApplicationServer.Http.Dispatcher.HttpErrorHandlerTests, Microsoft.ApplicationServer.Http.CIT.Unit, Version=0.0.0.0, Culture=neutral, PublicKeyToken=null" name="TypeIsCorrect" />
    </UnitTest>
    <UnitTest name="ReleaseInstance_HttpInstanceProvider_Null_Instance_Throws" storage="f:\advisorsrepo\wcfhttp\http\test\microsoft.applicationserver.http\unit\bin\release\microsoft.applicationserver.http.cit.unit.dll" id="328e658c-40bf-1048-20b8-ff789af9961c">
      <Description>HttpInstanceProvider.ReleaseInstance with null instance throws</Description>
      <Execution timeOut="30000" id="65d1845e-a3d3-4798-ad79-466166240810" />
      <Owners>
        <Owner name="maying" />
      </Owners>
      <TestCategory>
        <TestCategoryItem TestCategory="CIT" />
      </TestCategory>
      <TestMethod codeBase="F:/advisorsrepo/wcfhttp/Http/Test/Microsoft.ApplicationServer.Http/Unit/bin/Release/Microsoft.ApplicationServer.Http.CIT.Unit.DLL" adapterTypeName="Microsoft.VisualStudio.TestTools.TestTypes.Unit.UnitTestAdapter, Microsoft.VisualStudio.QualityTools.Tips.UnitTest.Adapter, Version=10.0.0.0, Culture=neutral, PublicKeyToken=b03f5f7f11d50a3a" className="Microsoft.ApplicationServer.Http.Dispatcher.HttpInstanceProviderTests, Microsoft.ApplicationServer.Http.CIT.Unit, Version=0.0.0.0, Culture=neutral, PublicKeyToken=null" name="ReleaseInstance_HttpInstanceProvider_Null_Instance_Throws" />
    </UnitTest>
    <UnitTest name="Constructor" storage="f:\advisorsrepo\wcfhttp\http\test\microsoft.applicationserver.http\unit\bin\release\microsoft.applicationserver.http.cit.unit.dll" id="5fa04aa5-97a5-b23e-5191-2c8c0bc677ab">
      <Description>HttpRequestMessage&lt;T&gt;() works with all known value and reference types.</Description>
      <Execution timeOut="30000" id="7602444a-a248-47e4-9886-9e7f312ca196" />
      <Owners>
        <Owner name="dravva" />
      </Owners>
      <TestCategory>
        <TestCategoryItem TestCategory="CIT" />
      </TestCategory>
      <TestMethod codeBase="F:/advisorsrepo/wcfhttp/Http/Test/Microsoft.ApplicationServer.Http/Unit/bin/Release/Microsoft.ApplicationServer.Http.CIT.Unit.DLL" adapterTypeName="Microsoft.VisualStudio.TestTools.TestTypes.Unit.UnitTestAdapter, Microsoft.VisualStudio.QualityTools.Tips.UnitTest.Adapter, Version=10.0.0.0, Culture=neutral, PublicKeyToken=b03f5f7f11d50a3a" className="Microsoft.ApplicationServer.Http.HttpRequestMessageOfTTests, Microsoft.ApplicationServer.Http.CIT.Unit, Version=0.0.0.0, Culture=neutral, PublicKeyToken=null" name="Constructor" />
    </UnitTest>
    <UnitTest name="SupportsMediaTypeReturnsTrueWithQueryStringParameterNameAndValueInUri" storage="f:\advisorsrepo\wcfhttp\http\test\microsoft.applicationserver.http\unit\bin\release\microsoft.applicationserver.http.cit.unit.dll" id="cbcf6cd8-6d03-b6e2-4979-09f79c239bad">
      <Description>SupportsMediaType(HttpRequestMessage) returns true when the QueryStringParameterName and QueryStringParameterValue are in the Uri.</Description>
      <Execution timeOut="30000" id="4bde8661-ec12-4d71-9d67-0d0fe0b6e5a9" />
      <Owners>
        <Owner name="dravva" />
      </Owners>
      <TestCategory>
        <TestCategoryItem TestCategory="CIT" />
      </TestCategory>
      <TestMethod codeBase="F:/advisorsrepo/wcfhttp/Http/Test/Microsoft.ApplicationServer.Http/Unit/bin/Release/Microsoft.ApplicationServer.Http.CIT.Unit.DLL" adapterTypeName="Microsoft.VisualStudio.TestTools.TestTypes.Unit.UnitTestAdapter, Microsoft.VisualStudio.QualityTools.Tips.UnitTest.Adapter, Version=10.0.0.0, Culture=neutral, PublicKeyToken=b03f5f7f11d50a3a" className="Microsoft.ApplicationServer.Http.QueryStringMappingTests, Microsoft.ApplicationServer.Http.CIT.Unit, Version=0.0.0.0, Culture=neutral, PublicKeyToken=null" name="SupportsMediaTypeReturnsTrueWithQueryStringParameterNameAndValueInUri" />
    </UnitTest>
    <UnitTest name="EndReceiveRequest_Calls_EndReceiveRequest_On_The_Inner_Channel" storage="f:\advisorsrepo\wcfhttp\http\test\microsoft.applicationserver.http\unit\bin\release\microsoft.applicationserver.http.cit.unit.dll" id="57f41632-af22-859f-fddb-7e5ced8e326f">
      <Description>HttpMessageEncodingReplyChannel.EndReceiveRequest calls EndReceiveRequest on the inner channel.</Description>
      <Execution timeOut="30000" id="d604329f-d374-4af2-8855-8be9155402d9" />
      <Owners>
        <Owner name="derik" />
      </Owners>
      <TestCategory>
        <TestCategoryItem TestCategory="CIT" />
      </TestCategory>
      <TestMethod codeBase="F:/advisorsrepo/wcfhttp/Http/Test/Microsoft.ApplicationServer.Http/Unit/bin/Release/Microsoft.ApplicationServer.Http.CIT.Unit.DLL" adapterTypeName="Microsoft.VisualStudio.TestTools.TestTypes.Unit.UnitTestAdapter, Microsoft.VisualStudio.QualityTools.Tips.UnitTest.Adapter, Version=10.0.0.0, Culture=neutral, PublicKeyToken=b03f5f7f11d50a3a" className="Microsoft.ApplicationServer.Http.Channels.HttpMessageEncodingReplyChannelTests, Microsoft.ApplicationServer.Http.CIT.Unit, Version=0.0.0.0, Culture=neutral, PublicKeyToken=null" name="EndReceiveRequest_Calls_EndReceiveRequest_On_The_Inner_Channel" />
    </UnitTest>
    <UnitTest name="TypeIsCorrect" storage="f:\advisorsrepo\wcfhttp\http\test\microsoft.applicationserver.http\unit\bin\release\microsoft.applicationserver.http.cit.unit.dll" id="45d1f76c-9205-e4fd-beac-dd46879f686a">
      <Description>MediaTypeFormatter is public, abstract, and unsealed.</Description>
      <Execution timeOut="30000" id="6d0ae5d2-14b6-4c44-9ae9-a72581ddc6d3" />
      <Owners>
        <Owner name="dravva" />
      </Owners>
      <TestCategory>
        <TestCategoryItem TestCategory="CIT" />
      </TestCategory>
      <TestMethod codeBase="F:/advisorsrepo/wcfhttp/Http/Test/Microsoft.ApplicationServer.Http/Unit/bin/Release/Microsoft.ApplicationServer.Http.CIT.Unit.DLL" adapterTypeName="Microsoft.VisualStudio.TestTools.TestTypes.Unit.UnitTestAdapter, Microsoft.VisualStudio.QualityTools.Tips.UnitTest.Adapter, Version=10.0.0.0, Culture=neutral, PublicKeyToken=b03f5f7f11d50a3a" className="Microsoft.ApplicationServer.Http.MediaTypeFormatterTests, Microsoft.ApplicationServer.Http.CIT.Unit, Version=0.0.0.0, Culture=neutral, PublicKeyToken=null" name="TypeIsCorrect" />
    </UnitTest>
    <UnitTest name="ReadAsThrowsWithNoFormatter" storage="f:\advisorsrepo\wcfhttp\http\test\microsoft.applicationserver.http\unit\bin\release\microsoft.applicationserver.http.cit.unit.dll" id="1ab0154a-4246-49b6-5df2-1392a91ff78e">
      <Description>ReadAs() throws for all value and reference types if no formatter is available.</Description>
      <Execution timeOut="30000" id="5047bbe4-16c6-4c20-b552-b71f4f1936f3" />
      <Owners>
        <Owner name="dravva" />
      </Owners>
      <TestCategory>
        <TestCategoryItem TestCategory="CIT" />
      </TestCategory>
      <TestMethod codeBase="F:/advisorsrepo/wcfhttp/Http/Test/Microsoft.ApplicationServer.Http/Unit/bin/Release/Microsoft.ApplicationServer.Http.CIT.Unit.DLL" adapterTypeName="Microsoft.VisualStudio.TestTools.TestTypes.Unit.UnitTestAdapter, Microsoft.VisualStudio.QualityTools.Tips.UnitTest.Adapter, Version=10.0.0.0, Culture=neutral, PublicKeyToken=b03f5f7f11d50a3a" className="Microsoft.ApplicationServer.Http.ObjectContentOfTTests, Microsoft.ApplicationServer.Http.CIT.Unit, Version=0.0.0.0, Culture=neutral, PublicKeyToken=null" name="ReadAsThrowsWithNoFormatter" />
    </UnitTest>
    <UnitTest name="DeserializeRequest_Null_Parameters_Throws" storage="f:\advisorsrepo\wcfhttp\http\test\microsoft.applicationserver.http\unit\bin\release\microsoft.applicationserver.http.cit.unit.dll" id="213e5880-64c5-9a93-a07a-9aac2df36d21">
      <Description>DeserializeRequest() throws ArgumentNullException for null parameters.</Description>
      <Execution timeOut="30000" id="faa74f1c-73c9-4dfb-b81e-5422501eb1ca" />
      <Owners>
        <Owner name="maying" />
      </Owners>
      <TestCategory>
        <TestCategoryItem TestCategory="CIT" />
      </TestCategory>
      <TestMethod codeBase="F:/advisorsrepo/wcfhttp/Http/Test/Microsoft.ApplicationServer.Http/Unit/bin/Release/Microsoft.ApplicationServer.Http.CIT.Unit.DLL" adapterTypeName="Microsoft.VisualStudio.TestTools.TestTypes.Unit.UnitTestAdapter, Microsoft.VisualStudio.QualityTools.Tips.UnitTest.Adapter, Version=10.0.0.0, Culture=neutral, PublicKeyToken=b03f5f7f11d50a3a" className="Microsoft.ApplicationServer.Http.Dispatcher.HttpMessageFormatterTests, Microsoft.ApplicationServer.Http.CIT.Unit, Version=0.0.0.0, Culture=neutral, PublicKeyToken=null" name="DeserializeRequest_Null_Parameters_Throws" />
    </UnitTest>
    <UnitTest name="TypeIsCorrect" storage="f:\advisorsrepo\wcfhttp\http\test\microsoft.applicationserver.http\unit\bin\release\microsoft.applicationserver.http.cit.unit.dll" id="a92e8b08-8992-7f4a-f30c-eab17c373f76">
      <Description>HttpTypeHelper is internal and static.</Description>
      <Execution timeOut="30000" id="b5800bad-6a7e-47e1-9d60-1b637bf59a7c" />
      <Owners>
        <Owner name="dravva" />
      </Owners>
      <TestCategory>
        <TestCategoryItem TestCategory="CIT" />
      </TestCategory>
      <TestMethod codeBase="F:/advisorsrepo/wcfhttp/Http/Test/Microsoft.ApplicationServer.Http/Unit/bin/Release/Microsoft.ApplicationServer.Http.CIT.Unit.DLL" adapterTypeName="Microsoft.VisualStudio.TestTools.TestTypes.Unit.UnitTestAdapter, Microsoft.VisualStudio.QualityTools.Tips.UnitTest.Adapter, Version=10.0.0.0, Culture=neutral, PublicKeyToken=b03f5f7f11d50a3a" className="Microsoft.ApplicationServer.Http.Dispatcher.HttpTypeHelperTests, Microsoft.ApplicationServer.Http.CIT.Unit, Version=0.0.0.0, Culture=neutral, PublicKeyToken=null" name="TypeIsCorrect" />
    </UnitTest>
    <UnitTest name="BuildChannelListener_Returns_ChannelListener_For_IReplyChannel" storage="f:\advisorsrepo\wcfhttp\http\test\microsoft.applicationserver.http\unit\bin\release\microsoft.applicationserver.http.cit.unit.dll" id="f99c4824-fd8b-1c11-be37-46b3bf80083f">
      <Description>HttpMessageHandlerBindingElement.BuildChannelListener returns an HttpMessageHandlerChannelListener for IReplyChannel.</Description>
      <Execution timeOut="30000" id="5fe3b533-a48c-4e0d-af86-2be8010be4db" />
      <Owners>
        <Owner name="derik" />
      </Owners>
      <TestCategory>
        <TestCategoryItem TestCategory="CIT" />
      </TestCategory>
      <TestMethod codeBase="F:/advisorsrepo/wcfhttp/Http/Test/Microsoft.ApplicationServer.Http/Unit/bin/Release/Microsoft.ApplicationServer.Http.CIT.Unit.DLL" adapterTypeName="Microsoft.VisualStudio.TestTools.TestTypes.Unit.UnitTestAdapter, Microsoft.VisualStudio.QualityTools.Tips.UnitTest.Adapter, Version=10.0.0.0, Culture=neutral, PublicKeyToken=b03f5f7f11d50a3a" className="Microsoft.ApplicationServer.Http.Channels.HttpMessageHandlerBindingElementTests, Microsoft.ApplicationServer.Http.CIT.Unit, Version=0.0.0.0, Culture=neutral, PublicKeyToken=null" name="BuildChannelListener_Returns_ChannelListener_For_IReplyChannel" />
    </UnitTest>
    <UnitTest name="Validate_Throws_With_Null_Endpoint" storage="f:\advisorsrepo\wcfhttp\http\test\microsoft.applicationserver.http\unit\bin\release\microsoft.applicationserver.http.cit.unit.dll" id="251aa554-b291-b72b-39c4-bcb14e1b0736">
      <Description>HttpBehavior.Validate throws if the 'endpoint' parameter is null.</Description>
      <Execution timeOut="30000" id="3fa60699-503c-49fd-8fc9-5df08045ef5d" />
      <Owners>
        <Owner name="vinelap" />
      </Owners>
      <TestCategory>
        <TestCategoryItem TestCategory="CIT" />
      </TestCategory>
      <TestMethod codeBase="F:/advisorsrepo/wcfhttp/Http/Test/Microsoft.ApplicationServer.Http/Unit/bin/Release/Microsoft.ApplicationServer.Http.CIT.Unit.DLL" adapterTypeName="Microsoft.VisualStudio.TestTools.TestTypes.Unit.UnitTestAdapter, Microsoft.VisualStudio.QualityTools.Tips.UnitTest.Adapter, Version=10.0.0.0, Culture=neutral, PublicKeyToken=b03f5f7f11d50a3a" className="Microsoft.ApplicationServer.Http.Description.HttpBehaviorTests, Microsoft.ApplicationServer.Http.CIT.Unit, Version=0.0.0.0, Culture=neutral, PublicKeyToken=null" name="Validate_Throws_With_Null_Endpoint" />
    </UnitTest>
    <UnitTest name="UnitTestClassIsCorrect" storage="f:\advisorsrepo\wcfhttp\http\test\microsoft.applicationserver.http\unit\bin\release\microsoft.applicationserver.http.cit.unit.dll" id="0e565888-2647-686d-4231-9d0b501f9bab">
      <Execution timeOut="1800000" id="0443e4ec-9c48-441f-93da-176ada416e2b" />
      <TestMethod codeBase="F:/advisorsrepo/wcfhttp/Http/Test/Microsoft.ApplicationServer.Http/Unit/bin/Release/Microsoft.ApplicationServer.Http.CIT.Unit.DLL" adapterTypeName="Microsoft.VisualStudio.TestTools.TestTypes.Unit.UnitTestAdapter, Microsoft.VisualStudio.QualityTools.Tips.UnitTest.Adapter, Version=10.0.0.0, Culture=neutral, PublicKeyToken=b03f5f7f11d50a3a" className="Microsoft.ApplicationServer.Http.MediaTypeFormatterExtensionMethodsTests, Microsoft.ApplicationServer.Http.CIT.Unit, Version=0.0.0.0, Culture=neutral, PublicKeyToken=null" name="UnitTestClassIsCorrect" />
    </UnitTest>
    <UnitTest name="ReadAsCallsFormatter" storage="f:\advisorsrepo\wcfhttp\http\test\microsoft.applicationserver.http\unit\bin\release\microsoft.applicationserver.http.cit.unit.dll" id="58eb5de8-b1b5-f9f6-827a-029f24a0baeb">
      <Description>ReadAs() calls the registered MediaTypeFormatter for SupportedMediaTypes and ReadFromStream.</Description>
      <Execution timeOut="30000" id="79d9a7a1-6f19-42be-be83-23dcd5fbab63" />
      <Owners>
        <Owner name="dravva" />
      </Owners>
      <TestCategory>
        <TestCategoryItem TestCategory="CIT" />
      </TestCategory>
      <TestMethod codeBase="F:/advisorsrepo/wcfhttp/Http/Test/Microsoft.ApplicationServer.Http/Unit/bin/Release/Microsoft.ApplicationServer.Http.CIT.Unit.DLL" adapterTypeName="Microsoft.VisualStudio.TestTools.TestTypes.Unit.UnitTestAdapter, Microsoft.VisualStudio.QualityTools.Tips.UnitTest.Adapter, Version=10.0.0.0, Culture=neutral, PublicKeyToken=b03f5f7f11d50a3a" className="Microsoft.ApplicationServer.Http.ObjectContentOfTTests, Microsoft.ApplicationServer.Http.CIT.Unit, Version=0.0.0.0, Culture=neutral, PublicKeyToken=null" name="ReadAsCallsFormatter" />
    </UnitTest>
    <UnitTest name="Constructor5SetsHttpContentWithHttpContentAsObject" storage="f:\advisorsrepo\wcfhttp\http\test\microsoft.applicationserver.http\unit\bin\release\microsoft.applicationserver.http.cit.unit.dll" id="b55eac9d-f9b3-b23a-7f51-5df2a72f36a7">
      <Description>ObjectContent(Type, object, string, IEnumerable&lt;MediaTypeFormatter&gt;) sets HttpContent property with object parameter==HttpContent.</Description>
      <Execution timeOut="30000" id="f9e62804-c39b-490c-958e-bc05e2f06a6c" />
      <Owners>
        <Owner name="dravva" />
      </Owners>
      <TestCategory>
        <TestCategoryItem TestCategory="CIT" />
      </TestCategory>
      <TestMethod codeBase="F:/advisorsrepo/wcfhttp/Http/Test/Microsoft.ApplicationServer.Http/Unit/bin/Release/Microsoft.ApplicationServer.Http.CIT.Unit.DLL" adapterTypeName="Microsoft.VisualStudio.TestTools.TestTypes.Unit.UnitTestAdapter, Microsoft.VisualStudio.QualityTools.Tips.UnitTest.Adapter, Version=10.0.0.0, Culture=neutral, PublicKeyToken=b03f5f7f11d50a3a" className="Microsoft.ApplicationServer.Http.ObjectContentTests, Microsoft.ApplicationServer.Http.CIT.Unit, Version=0.0.0.0, Culture=neutral, PublicKeyToken=null" name="Constructor5SetsHttpContentWithHttpContentAsObject" />
    </UnitTest>
    <UnitTest name="CreateInstance_HttpInstanceProvider_Null_InstanceContext_Throws" storage="f:\advisorsrepo\wcfhttp\http\test\microsoft.applicationserver.http\unit\bin\release\microsoft.applicationserver.http.cit.unit.dll" id="2aa6643b-e9fb-7cde-03c9-95a1f234012a">
      <Description>HttpInstanceProvider.CreateInstance with null instanceContext throws</Description>
      <Execution timeOut="30000" id="9fc69832-432b-4fc6-9e64-92b7f8c8e489" />
      <Owners>
        <Owner name="maying" />
      </Owners>
      <TestCategory>
        <TestCategoryItem TestCategory="CIT" />
      </TestCategory>
      <TestMethod codeBase="F:/advisorsrepo/wcfhttp/Http/Test/Microsoft.ApplicationServer.Http/Unit/bin/Release/Microsoft.ApplicationServer.Http.CIT.Unit.DLL" adapterTypeName="Microsoft.VisualStudio.TestTools.TestTypes.Unit.UnitTestAdapter, Microsoft.VisualStudio.QualityTools.Tips.UnitTest.Adapter, Version=10.0.0.0, Culture=neutral, PublicKeyToken=b03f5f7f11d50a3a" className="Microsoft.ApplicationServer.Http.Dispatcher.HttpInstanceProviderTests, Microsoft.ApplicationServer.Http.CIT.Unit, Version=0.0.0.0, Culture=neutral, PublicKeyToken=null" name="CreateInstance_HttpInstanceProvider_Null_InstanceContext_Throws" />
    </UnitTest>
    <UnitTest name="ConstructorThrowsWithEmptyQueryParameterValue" storage="f:\advisorsrepo\wcfhttp\http\test\microsoft.applicationserver.http\unit\bin\release\microsoft.applicationserver.http.cit.unit.dll" id="fb21d2b2-0bbe-1548-c3f3-044cea206a55">
      <Description>QueryStringMapping(string, string, MediaTypeHeaderValue) throws with empty QueryStringParameterValue.</Description>
      <Execution timeOut="30000" id="9002ea21-ad0a-431a-8c99-356da9575627" />
      <Owners>
        <Owner name="dravva" />
      </Owners>
      <TestCategory>
        <TestCategoryItem TestCategory="CIT" />
      </TestCategory>
      <TestMethod codeBase="F:/advisorsrepo/wcfhttp/Http/Test/Microsoft.ApplicationServer.Http/Unit/bin/Release/Microsoft.ApplicationServer.Http.CIT.Unit.DLL" adapterTypeName="Microsoft.VisualStudio.TestTools.TestTypes.Unit.UnitTestAdapter, Microsoft.VisualStudio.QualityTools.Tips.UnitTest.Adapter, Version=10.0.0.0, Culture=neutral, PublicKeyToken=b03f5f7f11d50a3a" className="Microsoft.ApplicationServer.Http.QueryStringMappingTests, Microsoft.ApplicationServer.Http.CIT.Unit, Version=0.0.0.0, Culture=neutral, PublicKeyToken=null" name="ConstructorThrowsWithEmptyQueryParameterValue" />
    </UnitTest>
    <UnitTest name="MediaType_Is_Empty_String" storage="f:\advisorsrepo\wcfhttp\http\test\microsoft.applicationserver.http\unit\bin\release\microsoft.applicationserver.http.cit.unit.dll" id="12bc9506-997f-1268-f18a-59db090ee2b6">
      <Description>HttpMessageEncoder.MediaType always returns an empty string.</Description>
      <Execution timeOut="30000" id="725ae06b-e197-4f39-b751-03fa9c9701f3" />
      <Owners>
        <Owner name="derik" />
      </Owners>
      <TestCategory>
        <TestCategoryItem TestCategory="CIT" />
      </TestCategory>
      <TestMethod codeBase="F:/advisorsrepo/wcfhttp/Http/Test/Microsoft.ApplicationServer.Http/Unit/bin/Release/Microsoft.ApplicationServer.Http.CIT.Unit.DLL" adapterTypeName="Microsoft.VisualStudio.TestTools.TestTypes.Unit.UnitTestAdapter, Microsoft.VisualStudio.QualityTools.Tips.UnitTest.Adapter, Version=10.0.0.0, Culture=neutral, PublicKeyToken=b03f5f7f11d50a3a" className="Microsoft.ApplicationServer.Http.Channels.HttpMessageEncoderTests, Microsoft.ApplicationServer.Http.CIT.Unit, Version=0.0.0.0, Culture=neutral, PublicKeyToken=null" name="MediaType_Is_Empty_String" />
    </UnitTest>
    <UnitTest name="Transport_HttpProxyCredentialType_Is_None_By_Default" storage="f:\advisorsrepo\wcfhttp\http\test\microsoft.applicationserver.http\unit\bin\release\microsoft.applicationserver.http.cit.unit.dll" id="6af232ed-195b-d67c-6d1a-f52901f0218f">
      <Description>HttpBindingSecurity.Transport.HttpProxyCredentialType is HttpProxyCredentialType.None by default.</Description>
      <Execution timeOut="30000" id="54368449-68ee-4ae0-88d1-fe2cbe042398" />
      <Owners>
        <Owner name="derik" />
      </Owners>
      <TestCategory>
        <TestCategoryItem TestCategory="CIT" />
      </TestCategory>
      <TestMethod codeBase="F:/advisorsrepo/wcfhttp/Http/Test/Microsoft.ApplicationServer.Http/Unit/bin/Release/Microsoft.ApplicationServer.Http.CIT.Unit.DLL" adapterTypeName="Microsoft.VisualStudio.TestTools.TestTypes.Unit.UnitTestAdapter, Microsoft.VisualStudio.QualityTools.Tips.UnitTest.Adapter, Version=10.0.0.0, Culture=neutral, PublicKeyToken=b03f5f7f11d50a3a" className="Microsoft.ApplicationServer.Http.HttpBindingSecurityTests, Microsoft.ApplicationServer.Http.CIT.Unit, Version=0.0.0.0, Culture=neutral, PublicKeyToken=null" name="Transport_HttpProxyCredentialType_Is_None_By_Default" />
    </UnitTest>
    <UnitTest name="HttpParameterCollection_Synchronized_IsReadOnly" storage="f:\advisorsrepo\wcfhttp\http\test\microsoft.applicationserver.http\unit\bin\release\microsoft.applicationserver.http.cit.unit.dll" id="c2d216c7-e519-601d-d75c-bbd0ba778eee">
      <Description>HttpParameterCollection created from MessagePartDescriptionCollection implements IsReadOnly correctly</Description>
      <Execution timeOut="30000" id="efcc07ee-f8d7-4c1e-bd30-b7fba31eb272" />
      <Owners>
        <Owner name="derik" />
      </Owners>
      <TestCategory>
        <TestCategoryItem TestCategory="CIT" />
      </TestCategory>
      <TestMethod codeBase="F:/advisorsrepo/wcfhttp/Http/Test/Microsoft.ApplicationServer.Http/Unit/bin/Release/Microsoft.ApplicationServer.Http.CIT.Unit.DLL" adapterTypeName="Microsoft.VisualStudio.TestTools.TestTypes.Unit.UnitTestAdapter, Microsoft.VisualStudio.QualityTools.Tips.UnitTest.Adapter, Version=10.0.0.0, Culture=neutral, PublicKeyToken=b03f5f7f11d50a3a" className="Microsoft.ApplicationServer.Http.Description.HttpParameterCollectionTests, Microsoft.ApplicationServer.Http.CIT.Unit, Version=0.0.0.0, Culture=neutral, PublicKeyToken=null" name="HttpParameterCollection_Synchronized_IsReadOnly" />
    </UnitTest>
    <UnitTest name="LocalAddress_Calls_LocalAdress_On_The_Inner_Channel" storage="f:\advisorsrepo\wcfhttp\http\test\microsoft.applicationserver.http\unit\bin\release\microsoft.applicationserver.http.cit.unit.dll" id="c5b2dc8f-6cfc-b0de-1152-5c6441d70557">
      <Description>HttpMessageEncodingReplyChannel.LocalAddress calls LocalAddress on the inner channel.</Description>
      <Execution timeOut="30000" id="6913ac9b-9f13-4469-9baf-6783e441b9fa" />
      <Owners>
        <Owner name="derik" />
      </Owners>
      <TestCategory>
        <TestCategoryItem TestCategory="CIT" />
      </TestCategory>
      <TestMethod codeBase="F:/advisorsrepo/wcfhttp/Http/Test/Microsoft.ApplicationServer.Http/Unit/bin/Release/Microsoft.ApplicationServer.Http.CIT.Unit.DLL" adapterTypeName="Microsoft.VisualStudio.TestTools.TestTypes.Unit.UnitTestAdapter, Microsoft.VisualStudio.QualityTools.Tips.UnitTest.Adapter, Version=10.0.0.0, Culture=neutral, PublicKeyToken=b03f5f7f11d50a3a" className="Microsoft.ApplicationServer.Http.Channels.HttpMessageEncodingReplyChannelTests, Microsoft.ApplicationServer.Http.CIT.Unit, Version=0.0.0.0, Culture=neutral, PublicKeyToken=null" name="LocalAddress_Calls_LocalAdress_On_The_Inner_Channel" />
    </UnitTest>
    <UnitTest name="SupportsMediaTypeReturnsFalseWithQueryStringParameterValueNotInUri" storage="f:\advisorsrepo\wcfhttp\http\test\microsoft.applicationserver.http\unit\bin\release\microsoft.applicationserver.http.cit.unit.dll" id="26f358ab-5741-cc97-3cb6-e3525cf63d9d">
      <Description>SupportsMediaType(HttpRequestMessage) returns false when the QueryStringParameterValue is not in the Uri.</Description>
      <Execution timeOut="30000" id="23d7428d-9299-40ee-a0b4-47aaaddb6bf5" />
      <Owners>
        <Owner name="dravva" />
      </Owners>
      <TestCategory>
        <TestCategoryItem TestCategory="CIT" />
      </TestCategory>
      <TestMethod codeBase="F:/advisorsrepo/wcfhttp/Http/Test/Microsoft.ApplicationServer.Http/Unit/bin/Release/Microsoft.ApplicationServer.Http.CIT.Unit.DLL" adapterTypeName="Microsoft.VisualStudio.TestTools.TestTypes.Unit.UnitTestAdapter, Microsoft.VisualStudio.QualityTools.Tips.UnitTest.Adapter, Version=10.0.0.0, Culture=neutral, PublicKeyToken=b03f5f7f11d50a3a" className="Microsoft.ApplicationServer.Http.QueryStringMappingTests, Microsoft.ApplicationServer.Http.CIT.Unit, Version=0.0.0.0, Culture=neutral, PublicKeyToken=null" name="SupportsMediaTypeReturnsFalseWithQueryStringParameterValueNotInUri" />
    </UnitTest>
    <UnitTest name="SupportsMediaType1ReturnsTrueWithQueryStringParameterNameAndValueInUri" storage="f:\advisorsrepo\wcfhttp\http\test\microsoft.applicationserver.http\unit\bin\release\microsoft.applicationserver.http.cit.unit.dll" id="57034684-30d0-0abe-d98c-ccad6751313c">
      <Description>SupportsMediaType(HttpResponseMessage) returns true when the QueryStringParameterName and QueryStringParameterValue are in the Uri.</Description>
      <Execution timeOut="30000" id="1428a987-f72b-4db7-b4eb-92c3d5573f10" />
      <Owners>
        <Owner name="dravva" />
      </Owners>
      <TestCategory>
        <TestCategoryItem TestCategory="CIT" />
      </TestCategory>
      <TestMethod codeBase="F:/advisorsrepo/wcfhttp/Http/Test/Microsoft.ApplicationServer.Http/Unit/bin/Release/Microsoft.ApplicationServer.Http.CIT.Unit.DLL" adapterTypeName="Microsoft.VisualStudio.TestTools.TestTypes.Unit.UnitTestAdapter, Microsoft.VisualStudio.QualityTools.Tips.UnitTest.Adapter, Version=10.0.0.0, Culture=neutral, PublicKeyToken=b03f5f7f11d50a3a" className="Microsoft.ApplicationServer.Http.QueryStringMappingTests, Microsoft.ApplicationServer.Http.CIT.Unit, Version=0.0.0.0, Culture=neutral, PublicKeyToken=null" name="SupportsMediaType1ReturnsTrueWithQueryStringParameterNameAndValueInUri" />
    </UnitTest>
    <UnitTest name="HandleCallsOnHandleOfGeneric03" storage="f:\advisorsrepo\wcfhttp\http\test\microsoft.applicationserver.http\unit\bin\release\microsoft.applicationserver.http.cit.unit.dll" id="69f04631-9972-f8c7-7691-95db6c883cf9">
      <Description>Handle(object[]) calls OnHandle for the generic HttpOperationHandlerOfT.</Description>
      <Execution timeOut="30000" id="a5c7fdc3-a9ce-48b5-a147-9cbdaca6c58c" />
      <Owners>
        <Owner name="dravva" />
      </Owners>
      <TestCategory>
        <TestCategoryItem TestCategory="CIT" />
      </TestCategory>
      <TestMethod codeBase="F:/advisorsrepo/wcfhttp/Http/Test/Microsoft.ApplicationServer.Http/Unit/bin/Release/Microsoft.ApplicationServer.Http.CIT.Unit.DLL" adapterTypeName="Microsoft.VisualStudio.TestTools.TestTypes.Unit.UnitTestAdapter, Microsoft.VisualStudio.QualityTools.Tips.UnitTest.Adapter, Version=10.0.0.0, Culture=neutral, PublicKeyToken=b03f5f7f11d50a3a" className="Microsoft.ApplicationServer.Http.Dispatcher.HttpOperationHandlerOfTTests, Microsoft.ApplicationServer.Http.CIT.Unit, Version=0.0.0.0, Culture=neutral, PublicKeyToken=null" name="HandleCallsOnHandleOfGeneric03" />
    </UnitTest>
    <UnitTest name="RequestMessage_Returns_HttpMessage_With_Only_To_Header" storage="f:\advisorsrepo\wcfhttp\http\test\microsoft.applicationserver.http\unit\bin\release\microsoft.applicationserver.http.cit.unit.dll" id="b75452f6-bea4-b566-9583-21b448efefa5">
      <Description>HttpMessageEncodingRequestContext.RequestMessage returns an HttpMessage with only a 'To' header.</Description>
      <Execution timeOut="30000" id="c4db7502-99e4-4d19-a6e5-d915565daddb" />
      <Owners>
        <Owner name="derik" />
      </Owners>
      <TestCategory>
        <TestCategoryItem TestCategory="CIT" />
      </TestCategory>
      <TestMethod codeBase="F:/advisorsrepo/wcfhttp/Http/Test/Microsoft.ApplicationServer.Http/Unit/bin/Release/Microsoft.ApplicationServer.Http.CIT.Unit.DLL" adapterTypeName="Microsoft.VisualStudio.TestTools.TestTypes.Unit.UnitTestAdapter, Microsoft.VisualStudio.QualityTools.Tips.UnitTest.Adapter, Version=10.0.0.0, Culture=neutral, PublicKeyToken=b03f5f7f11d50a3a" className="Microsoft.ApplicationServer.Http.Channels.HttpMessageEncodingRequestContextTests, Microsoft.ApplicationServer.Http.CIT.Unit, Version=0.0.0.0, Culture=neutral, PublicKeyToken=null" name="RequestMessage_Returns_HttpMessage_With_Only_To_Header" />
    </UnitTest>
    <UnitTest name="SetSerializerThrowsWithNullSerializer" storage="f:\advisorsrepo\wcfhttp\http\test\microsoft.applicationserver.http\unit\bin\release\microsoft.applicationserver.http.cit.unit.dll" id="5b035ccb-710f-4b2a-20d3-81cf4dca64d2">
      <Description>JsonMediaTypeFormatter.SetSerializer throws with null serializer.</Description>
      <Execution timeOut="30000" id="7da8e434-c795-46e6-ae37-bca1e5ae5ab5" />
      <Owners>
        <Owner name="dravva" />
      </Owners>
      <TestCategory>
        <TestCategoryItem TestCategory="CIT" />
      </TestCategory>
      <TestMethod codeBase="F:/advisorsrepo/wcfhttp/Http/Test/Microsoft.ApplicationServer.Http/Unit/bin/Release/Microsoft.ApplicationServer.Http.CIT.Unit.DLL" adapterTypeName="Microsoft.VisualStudio.TestTools.TestTypes.Unit.UnitTestAdapter, Microsoft.VisualStudio.QualityTools.Tips.UnitTest.Adapter, Version=10.0.0.0, Culture=neutral, PublicKeyToken=b03f5f7f11d50a3a" className="Microsoft.ApplicationServer.Http.JsonMediaTypeFormatterTests, Microsoft.ApplicationServer.Http.CIT.Unit, Version=0.0.0.0, Culture=neutral, PublicKeyToken=null" name="SetSerializerThrowsWithNullSerializer" />
    </UnitTest>
    <UnitTest name="ConvertHttpResponseMessageOfNullableTtoT" storage="f:\advisorsrepo\wcfhttp\http\test\microsoft.applicationserver.http\unit\bin\release\microsoft.applicationserver.http.cit.unit.dll" id="d1f9c7c4-3905-0893-768e-4a7f221173cf">
      <Description>Convert(object) HttpResponseMessage&lt;Nullable&lt;T&gt;&gt; to T.</Description>
      <Execution timeOut="30000" id="e66c7b66-e369-4d1a-979b-e3774d1d3a87" />
      <Owners>
        <Owner name="dravva" />
      </Owners>
      <TestCategory>
        <TestCategoryItem TestCategory="CIT" />
      </TestCategory>
      <TestMethod codeBase="F:/advisorsrepo/wcfhttp/Http/Test/Microsoft.ApplicationServer.Http/Unit/bin/Release/Microsoft.ApplicationServer.Http.CIT.Unit.DLL" adapterTypeName="Microsoft.VisualStudio.TestTools.TestTypes.Unit.UnitTestAdapter, Microsoft.VisualStudio.QualityTools.Tips.UnitTest.Adapter, Version=10.0.0.0, Culture=neutral, PublicKeyToken=b03f5f7f11d50a3a" className="Microsoft.ApplicationServer.Http.Description.HttpParameterValueConverterTests, Microsoft.ApplicationServer.Http.CIT.Unit, Version=0.0.0.0, Culture=neutral, PublicKeyToken=null" name="ConvertHttpResponseMessageOfNullableTtoT" />
    </UnitTest>
    <UnitTest name="HttpMessageEncodingBindingElement_Is_A_Public_Non_Abstract_Class" storage="f:\advisorsrepo\wcfhttp\http\test\microsoft.applicationserver.http\unit\bin\release\microsoft.applicationserver.http.cit.unit.dll" id="5af2cf35-46bb-fe87-ea03-650c503aff19">
      <Description>HttpMessageEncodingBindingElement is a non-public, non-abstract class.</Description>
      <Execution timeOut="30000" id="cec49ef6-0fec-4949-8e0b-e51d25a76eff" />
      <Owners>
        <Owner name="derik" />
      </Owners>
      <TestCategory>
        <TestCategoryItem TestCategory="CIT" />
      </TestCategory>
      <TestMethod codeBase="F:/advisorsrepo/wcfhttp/Http/Test/Microsoft.ApplicationServer.Http/Unit/bin/Release/Microsoft.ApplicationServer.Http.CIT.Unit.DLL" adapterTypeName="Microsoft.VisualStudio.TestTools.TestTypes.Unit.UnitTestAdapter, Microsoft.VisualStudio.QualityTools.Tips.UnitTest.Adapter, Version=10.0.0.0, Culture=neutral, PublicKeyToken=b03f5f7f11d50a3a" className="Microsoft.ApplicationServer.Http.Channels.HttpMessageEncodingBindingElementTests, Microsoft.ApplicationServer.Http.CIT.Unit, Version=0.0.0.0, Culture=neutral, PublicKeyToken=null" name="HttpMessageEncodingBindingElement_Is_A_Public_Non_Abstract_Class" />
    </UnitTest>
    <UnitTest name="Reply_Replaces_HttpResponseMessageProperty_When_Response_Is_HttpMessage" storage="f:\advisorsrepo\wcfhttp\http\test\microsoft.applicationserver.http\unit\bin\release\microsoft.applicationserver.http.cit.unit.dll" id="70a9c1b7-54a6-88cb-819e-7feb99bc3b1e">
      <Description>HttpMessageEncodingRequestContext.Reply replaces the HttpResponseMessageProperty with the values from the HttpResponseMessage.</Description>
      <Execution timeOut="30000" id="ed1b79b7-cdce-401d-bf75-9f3075459030" />
      <Owners>
        <Owner name="derik" />
      </Owners>
      <TestCategory>
        <TestCategoryItem TestCategory="CIT" />
      </TestCategory>
      <TestMethod codeBase="F:/advisorsrepo/wcfhttp/Http/Test/Microsoft.ApplicationServer.Http/Unit/bin/Release/Microsoft.ApplicationServer.Http.CIT.Unit.DLL" adapterTypeName="Microsoft.VisualStudio.TestTools.TestTypes.Unit.UnitTestAdapter, Microsoft.VisualStudio.QualityTools.Tips.UnitTest.Adapter, Version=10.0.0.0, Culture=neutral, PublicKeyToken=b03f5f7f11d50a3a" className="Microsoft.ApplicationServer.Http.Channels.HttpMessageEncodingRequestContextTests, Microsoft.ApplicationServer.Http.CIT.Unit, Version=0.0.0.0, Culture=neutral, PublicKeyToken=null" name="Reply_Replaces_HttpResponseMessageProperty_When_Response_Is_HttpMessage" />
    </UnitTest>
    <UnitTest name="HttpResponseMessageSetsHttpRequestMessageToNull" storage="f:\advisorsrepo\wcfhttp\http\test\microsoft.applicationserver.http\unit\bin\release\microsoft.applicationserver.http.cit.unit.dll" id="5891b51a-c506-242c-aa58-b2a9e9cb411a">
      <Description>HttpResponseMessage property setter clears the HttpRequestMessage property.</Description>
      <Execution timeOut="30000" id="949278b0-52de-4b97-8852-cce789770491" />
      <Owners>
        <Owner name="dravva" />
      </Owners>
      <TestCategory>
        <TestCategoryItem TestCategory="CIT" />
      </TestCategory>
      <TestMethod codeBase="F:/advisorsrepo/wcfhttp/Http/Test/Microsoft.ApplicationServer.Http/Unit/bin/Release/Microsoft.ApplicationServer.Http.CIT.Unit.DLL" adapterTypeName="Microsoft.VisualStudio.TestTools.TestTypes.Unit.UnitTestAdapter, Microsoft.VisualStudio.QualityTools.Tips.UnitTest.Adapter, Version=10.0.0.0, Culture=neutral, PublicKeyToken=b03f5f7f11d50a3a" className="Microsoft.ApplicationServer.Http.ObjectContentTests, Microsoft.ApplicationServer.Http.CIT.Unit, Version=0.0.0.0, Culture=neutral, PublicKeyToken=null" name="HttpResponseMessageSetsHttpRequestMessageToNull" />
    </UnitTest>
    <UnitTest name="HttpRequestMessageSetsHttpResponseMessageToNull" storage="f:\advisorsrepo\wcfhttp\http\test\microsoft.applicationserver.http\unit\bin\release\microsoft.applicationserver.http.cit.unit.dll" id="b4e134b8-c4de-ba5e-fb65-ae4de5691e81">
      <Description>HttpRequestMessage property setter clears the HttpResponseMessage property.</Description>
      <Execution timeOut="30000" id="452c7ca7-8803-41f3-a230-6b03d2d9ab45" />
      <Owners>
        <Owner name="dravva" />
      </Owners>
      <TestCategory>
        <TestCategoryItem TestCategory="CIT" />
      </TestCategory>
      <TestMethod codeBase="F:/advisorsrepo/wcfhttp/Http/Test/Microsoft.ApplicationServer.Http/Unit/bin/Release/Microsoft.ApplicationServer.Http.CIT.Unit.DLL" adapterTypeName="Microsoft.VisualStudio.TestTools.TestTypes.Unit.UnitTestAdapter, Microsoft.VisualStudio.QualityTools.Tips.UnitTest.Adapter, Version=10.0.0.0, Culture=neutral, PublicKeyToken=b03f5f7f11d50a3a" className="Microsoft.ApplicationServer.Http.ObjectContentTests, Microsoft.ApplicationServer.Http.CIT.Unit, Version=0.0.0.0, Culture=neutral, PublicKeyToken=null" name="HttpRequestMessageSetsHttpResponseMessageToNull" />
    </UnitTest>
    <UnitTest name="ReadMessage_Throws_If_The_BufferManager_Parameter_Is_Null" storage="f:\advisorsrepo\wcfhttp\http\test\microsoft.applicationserver.http\unit\bin\release\microsoft.applicationserver.http.cit.unit.dll" id="def792f9-97ef-5813-60f4-378386b349d9">
      <Description>HttpMessageEncoder.ReadMessage if the bufferManager parameter is null.</Description>
      <Execution timeOut="30000" id="84c1542e-e05d-41b6-a82c-860077429f8d" />
      <Owners>
        <Owner name="derik" />
      </Owners>
      <TestCategory>
        <TestCategoryItem TestCategory="CIT" />
      </TestCategory>
      <TestMethod codeBase="F:/advisorsrepo/wcfhttp/Http/Test/Microsoft.ApplicationServer.Http/Unit/bin/Release/Microsoft.ApplicationServer.Http.CIT.Unit.DLL" adapterTypeName="Microsoft.VisualStudio.TestTools.TestTypes.Unit.UnitTestAdapter, Microsoft.VisualStudio.QualityTools.Tips.UnitTest.Adapter, Version=10.0.0.0, Culture=neutral, PublicKeyToken=b03f5f7f11d50a3a" className="Microsoft.ApplicationServer.Http.Channels.HttpMessageEncoderTests, Microsoft.ApplicationServer.Http.CIT.Unit, Version=0.0.0.0, Culture=neutral, PublicKeyToken=null" name="ReadMessage_Throws_If_The_BufferManager_Parameter_Is_Null" />
    </UnitTest>
    <UnitTest name="ConstructorThrowsWithNullMediaTypeHeaderValue" storage="f:\advisorsrepo\wcfhttp\http\test\microsoft.applicationserver.http\unit\bin\release\microsoft.applicationserver.http.cit.unit.dll" id="60ca3a90-4ac0-0a3c-3175-5d4ecdf80936">
      <Description>QueryStringMapping(string, string, MediaTypeHeaderValue) throws with null MediaTypeHeaderValue.</Description>
      <Execution timeOut="30000" id="bf3b33fc-566a-414e-a0cd-06b0079c8f89" />
      <Owners>
        <Owner name="dravva" />
      </Owners>
      <TestCategory>
        <TestCategoryItem TestCategory="CIT" />
      </TestCategory>
      <TestMethod codeBase="F:/advisorsrepo/wcfhttp/Http/Test/Microsoft.ApplicationServer.Http/Unit/bin/Release/Microsoft.ApplicationServer.Http.CIT.Unit.DLL" adapterTypeName="Microsoft.VisualStudio.TestTools.TestTypes.Unit.UnitTestAdapter, Microsoft.VisualStudio.QualityTools.Tips.UnitTest.Adapter, Version=10.0.0.0, Culture=neutral, PublicKeyToken=b03f5f7f11d50a3a" className="Microsoft.ApplicationServer.Http.QueryStringMappingTests, Microsoft.ApplicationServer.Http.CIT.Unit, Version=0.0.0.0, Culture=neutral, PublicKeyToken=null" name="ConstructorThrowsWithNullMediaTypeHeaderValue" />
    </UnitTest>
    <UnitTest name="MessageExtensionMethods_Is_A_Public_Class" storage="f:\advisorsrepo\wcfhttp\http\test\microsoft.applicationserver.http\unit\bin\release\microsoft.applicationserver.http.cit.unit.dll" id="42217d1d-32c1-6a5b-4ac5-f14ca6e03cc5">
      <Description>MessageExtensionMethods is a public class.</Description>
      <Execution timeOut="30000" id="0dd86d20-e225-4138-92aa-6db986be3697" />
      <Owners>
        <Owner name="derik" />
      </Owners>
      <TestCategory>
        <TestCategoryItem TestCategory="CIT" />
      </TestCategory>
      <TestMethod codeBase="F:/advisorsrepo/wcfhttp/Http/Test/Microsoft.ApplicationServer.Http/Unit/bin/Release/Microsoft.ApplicationServer.Http.CIT.Unit.DLL" adapterTypeName="Microsoft.VisualStudio.TestTools.TestTypes.Unit.UnitTestAdapter, Microsoft.VisualStudio.QualityTools.Tips.UnitTest.Adapter, Version=10.0.0.0, Culture=neutral, PublicKeyToken=b03f5f7f11d50a3a" className="Microsoft.ApplicationServer.Http.Channels.HttpMessageExtensionMethodsTests, Microsoft.ApplicationServer.Http.CIT.Unit, Version=0.0.0.0, Culture=neutral, PublicKeyToken=null" name="MessageExtensionMethods_Is_A_Public_Class" />
    </UnitTest>
    <UnitTest name="ToString_With_A_Request_And_UnSeekable_HttpContent_Indicates_Unknown_Content_Length" storage="f:\advisorsrepo\wcfhttp\http\test\microsoft.applicationserver.http\unit\bin\release\microsoft.applicationserver.http.cit.unit.dll" id="3f29892c-a378-c081-dbed-3f7f2b204d91">
      <Description>HttpMessage.ToString() indicates that it is a request message with an unknown content length if the HttpContent is not seekable.</Description>
      <Execution timeOut="30000" id="8798d4a2-ccfa-4ce7-88ff-fca4747184d8" />
      <Owners>
        <Owner name="derik" />
      </Owners>
      <TestCategory>
        <TestCategoryItem TestCategory="CIT" />
      </TestCategory>
      <TestMethod codeBase="F:/advisorsrepo/wcfhttp/Http/Test/Microsoft.ApplicationServer.Http/Unit/bin/Release/Microsoft.ApplicationServer.Http.CIT.Unit.DLL" adapterTypeName="Microsoft.VisualStudio.TestTools.TestTypes.Unit.UnitTestAdapter, Microsoft.VisualStudio.QualityTools.Tips.UnitTest.Adapter, Version=10.0.0.0, Culture=neutral, PublicKeyToken=b03f5f7f11d50a3a" className="Microsoft.ApplicationServer.Http.Channels.HttpMessageTests, Microsoft.ApplicationServer.Http.CIT.Unit, Version=0.0.0.0, Culture=neutral, PublicKeyToken=null" name="ToString_With_A_Request_And_UnSeekable_HttpContent_Indicates_Unknown_Content_Length" />
    </UnitTest>
    <UnitTest name="IsAssignableFromParameterReturnsTrueForAllValueTypes" storage="f:\advisorsrepo\wcfhttp\http\test\microsoft.applicationserver.http\unit\bin\release\microsoft.applicationserver.http.cit.unit.dll" id="4cb17b90-2997-6bc7-f26e-5a66ff5278d0">
      <Description>IsAssignableFromParameter(Type) returns true for all values type.</Description>
      <Execution timeOut="30000" id="b7f23c4d-1f73-4be9-8290-72dc421cf44b" />
      <Owners>
        <Owner name="dravva" />
      </Owners>
      <TestCategory>
        <TestCategoryItem TestCategory="CIT" />
      </TestCategory>
      <TestMethod codeBase="F:/advisorsrepo/wcfhttp/Http/Test/Microsoft.ApplicationServer.Http/Unit/bin/Release/Microsoft.ApplicationServer.Http.CIT.Unit.DLL" adapterTypeName="Microsoft.VisualStudio.TestTools.TestTypes.Unit.UnitTestAdapter, Microsoft.VisualStudio.QualityTools.Tips.UnitTest.Adapter, Version=10.0.0.0, Culture=neutral, PublicKeyToken=b03f5f7f11d50a3a" className="Microsoft.ApplicationServer.Http.Description.HttpParameterTests, Microsoft.ApplicationServer.Http.CIT.Unit, Version=0.0.0.0, Culture=neutral, PublicKeyToken=null" name="IsAssignableFromParameterReturnsTrueForAllValueTypes" />
    </UnitTest>
    <UnitTest name="Constructor7" storage="f:\advisorsrepo\wcfhttp\http\test\microsoft.applicationserver.http\unit\bin\release\microsoft.applicationserver.http.cit.unit.dll" id="11dbf517-9cc0-4232-22bd-077ff8f89a4c">
      <Description>ObjectContent(Type, HttpContent, IEnumerable&lt;MediaTypeFormatter&gt;) sets Type, HttpContent and Formatter properties, and sets MediaType from HttpContent.</Description>
      <Execution timeOut="30000" id="607a5d32-a6ba-4363-b412-e8d413b8ccec" />
      <Owners>
        <Owner name="dravva" />
      </Owners>
      <TestCategory>
        <TestCategoryItem TestCategory="CIT" />
      </TestCategory>
      <TestMethod codeBase="F:/advisorsrepo/wcfhttp/Http/Test/Microsoft.ApplicationServer.Http/Unit/bin/Release/Microsoft.ApplicationServer.Http.CIT.Unit.DLL" adapterTypeName="Microsoft.VisualStudio.TestTools.TestTypes.Unit.UnitTestAdapter, Microsoft.VisualStudio.QualityTools.Tips.UnitTest.Adapter, Version=10.0.0.0, Culture=neutral, PublicKeyToken=b03f5f7f11d50a3a" className="Microsoft.ApplicationServer.Http.ObjectContentTests, Microsoft.ApplicationServer.Http.CIT.Unit, Version=0.0.0.0, Culture=neutral, PublicKeyToken=null" name="Constructor7" />
    </UnitTest>
    <UnitTest name="Constructor3" storage="f:\advisorsrepo\wcfhttp\http\test\microsoft.applicationserver.http\unit\bin\release\microsoft.applicationserver.http.cit.unit.dll" id="b0e2e929-2314-301a-1ce9-b3de2c24eb9d">
      <Description>ObjectContent(Type, HttpContent) sets Type and HttpContent properties and sets MediaType from HttpContent.</Description>
      <Execution timeOut="30000" id="c3bdfbd2-e8a1-405f-a8c0-b350089b63a7" />
      <Owners>
        <Owner name="dravva" />
      </Owners>
      <TestCategory>
        <TestCategoryItem TestCategory="CIT" />
      </TestCategory>
      <TestMethod codeBase="F:/advisorsrepo/wcfhttp/Http/Test/Microsoft.ApplicationServer.Http/Unit/bin/Release/Microsoft.ApplicationServer.Http.CIT.Unit.DLL" adapterTypeName="Microsoft.VisualStudio.TestTools.TestTypes.Unit.UnitTestAdapter, Microsoft.VisualStudio.QualityTools.Tips.UnitTest.Adapter, Version=10.0.0.0, Culture=neutral, PublicKeyToken=b03f5f7f11d50a3a" className="Microsoft.ApplicationServer.Http.ObjectContentTests, Microsoft.ApplicationServer.Http.CIT.Unit, Version=0.0.0.0, Culture=neutral, PublicKeyToken=null" name="Constructor3" />
    </UnitTest>
    <UnitTest name="ConstructorThrowsIfARequestHandlerInputHasMultipleTypeOnlyBindings" storage="f:\advisorsrepo\wcfhttp\http\test\microsoft.applicationserver.http\unit\bin\release\microsoft.applicationserver.http.cit.unit.dll" id="9218e424-6a31-6414-61ab-29fa5bc92ab0">
      <Description>OperationHandlerPipelineInfo(IEnumerable&lt;HttpOperationHandler&gt;, IEnumerable&lt;HttpOperationHandler&gt;, HttpOperationDescription) throws if a request HttpOperationHandler input parameter can not be bound because there are multiple type-only matches.</Description>
      <Execution timeOut="30000" id="def2680a-d8d5-4f82-8bb7-4e3f5f9bb07d" />
      <Owners>
        <Owner name="dravva" />
      </Owners>
      <TestCategory>
        <TestCategoryItem TestCategory="CIT" />
      </TestCategory>
      <TestMethod codeBase="F:/advisorsrepo/wcfhttp/Http/Test/Microsoft.ApplicationServer.Http/Unit/bin/Release/Microsoft.ApplicationServer.Http.CIT.Unit.DLL" adapterTypeName="Microsoft.VisualStudio.TestTools.TestTypes.Unit.UnitTestAdapter, Microsoft.VisualStudio.QualityTools.Tips.UnitTest.Adapter, Version=10.0.0.0, Culture=neutral, PublicKeyToken=b03f5f7f11d50a3a" className="Microsoft.ApplicationServer.Http.Dispatcher.OperationHandlerPipelineInfoTests, Microsoft.ApplicationServer.Http.CIT.Unit, Version=0.0.0.0, Culture=neutral, PublicKeyToken=null" name="ConstructorThrowsIfARequestHandlerInputHasMultipleTypeOnlyBindings" />
    </UnitTest>
    <UnitTest name="Validate_Throws_With_Non_MessageVersion_None" storage="f:\advisorsrepo\wcfhttp\http\test\microsoft.applicationserver.http\unit\bin\release\microsoft.applicationserver.http.cit.unit.dll" id="10ed31ef-fec4-aff3-12ba-a53f4c0d8765">
      <Description>HttpBehavior.Validate throws if the MessageVersion is not MessageVersion.None.</Description>
      <Execution timeOut="30000" id="f00b9159-ec52-46e1-93f3-17cf4aef70ca" />
      <Owners>
        <Owner name="vinelap" />
      </Owners>
      <TestCategory>
        <TestCategoryItem TestCategory="CIT" />
      </TestCategory>
      <TestMethod codeBase="F:/advisorsrepo/wcfhttp/Http/Test/Microsoft.ApplicationServer.Http/Unit/bin/Release/Microsoft.ApplicationServer.Http.CIT.Unit.DLL" adapterTypeName="Microsoft.VisualStudio.TestTools.TestTypes.Unit.UnitTestAdapter, Microsoft.VisualStudio.QualityTools.Tips.UnitTest.Adapter, Version=10.0.0.0, Culture=neutral, PublicKeyToken=b03f5f7f11d50a3a" className="Microsoft.ApplicationServer.Http.Description.HttpBehaviorTests, Microsoft.ApplicationServer.Http.CIT.Unit, Version=0.0.0.0, Culture=neutral, PublicKeyToken=null" name="Validate_Throws_With_Non_MessageVersion_None" />
    </UnitTest>
    <UnitTest name="TryReceiveRequest_Returns_Null_If_Inner_Channel_Returns_Null" storage="f:\advisorsrepo\wcfhttp\http\test\microsoft.applicationserver.http\unit\bin\release\microsoft.applicationserver.http.cit.unit.dll" id="2f23b51e-af59-c817-0a14-e5971a5d1ce4">
      <Description>HttpMessageEncodingReplyChannel.TryReceiveRequest returns null if the inner channel returns null.</Description>
      <Execution timeOut="30000" id="ff573425-83c3-43d8-9890-fb8ae783a40f" />
      <Owners>
        <Owner name="derik" />
      </Owners>
      <TestCategory>
        <TestCategoryItem TestCategory="CIT" />
      </TestCategory>
      <TestMethod codeBase="F:/advisorsrepo/wcfhttp/Http/Test/Microsoft.ApplicationServer.Http/Unit/bin/Release/Microsoft.ApplicationServer.Http.CIT.Unit.DLL" adapterTypeName="Microsoft.VisualStudio.TestTools.TestTypes.Unit.UnitTestAdapter, Microsoft.VisualStudio.QualityTools.Tips.UnitTest.Adapter, Version=10.0.0.0, Culture=neutral, PublicKeyToken=b03f5f7f11d50a3a" className="Microsoft.ApplicationServer.Http.Channels.HttpMessageEncodingReplyChannelTests, Microsoft.ApplicationServer.Http.CIT.Unit, Version=0.0.0.0, Culture=neutral, PublicKeyToken=null" name="TryReceiveRequest_Returns_Null_If_Inner_Channel_Returns_Null" />
    </UnitTest>
    <UnitTest name="MessageVersion_Is_None" storage="f:\advisorsrepo\wcfhttp\http\test\microsoft.applicationserver.http\unit\bin\release\microsoft.applicationserver.http.cit.unit.dll" id="e306ac76-b0a9-769e-dcc5-20bd163c71bc">
      <Description>HttpMessageEncoderFactory.MessageVersion is always MessageVersion.None.</Description>
      <Execution timeOut="30000" id="586db4d2-ab7d-4008-b456-b727868657e5" />
      <Owners>
        <Owner name="derik" />
      </Owners>
      <TestCategory>
        <TestCategoryItem TestCategory="CIT" />
      </TestCategory>
      <TestMethod codeBase="F:/advisorsrepo/wcfhttp/Http/Test/Microsoft.ApplicationServer.Http/Unit/bin/Release/Microsoft.ApplicationServer.Http.CIT.Unit.DLL" adapterTypeName="Microsoft.VisualStudio.TestTools.TestTypes.Unit.UnitTestAdapter, Microsoft.VisualStudio.QualityTools.Tips.UnitTest.Adapter, Version=10.0.0.0, Culture=neutral, PublicKeyToken=b03f5f7f11d50a3a" className="Microsoft.ApplicationServer.Http.Channels.HttpMessageEncoderFactoryTests, Microsoft.ApplicationServer.Http.CIT.Unit, Version=0.0.0.0, Culture=neutral, PublicKeyToken=null" name="MessageVersion_Is_None" />
    </UnitTest>
    <UnitTest name="ConvertHttpResponseMessageOfTtoT" storage="f:\advisorsrepo\wcfhttp\http\test\microsoft.applicationserver.http\unit\bin\release\microsoft.applicationserver.http.cit.unit.dll" id="dfe684c0-6493-60aa-ad78-d367e8f9b0d8">
      <Description>Convert(object) HttpResponseMessage&lt;T&gt; to T.</Description>
      <Execution timeOut="30000" id="b73cf389-5ea0-4c88-a6ce-c9df38d1d634" />
      <Owners>
        <Owner name="dravva" />
      </Owners>
      <TestCategory>
        <TestCategoryItem TestCategory="CIT" />
      </TestCategory>
      <TestMethod codeBase="F:/advisorsrepo/wcfhttp/Http/Test/Microsoft.ApplicationServer.Http/Unit/bin/Release/Microsoft.ApplicationServer.Http.CIT.Unit.DLL" adapterTypeName="Microsoft.VisualStudio.TestTools.TestTypes.Unit.UnitTestAdapter, Microsoft.VisualStudio.QualityTools.Tips.UnitTest.Adapter, Version=10.0.0.0, Culture=neutral, PublicKeyToken=b03f5f7f11d50a3a" className="Microsoft.ApplicationServer.Http.Description.HttpParameterValueConverterTests, Microsoft.ApplicationServer.Http.CIT.Unit, Version=0.0.0.0, Culture=neutral, PublicKeyToken=null" name="ConvertHttpResponseMessageOfTtoT" />
    </UnitTest>
    <UnitTest name="ReadFromStreamRoundTripsWriteToStreamUsingXmlSerializer" storage="f:\advisorsrepo\wcfhttp\http\test\microsoft.applicationserver.http\unit\bin\release\microsoft.applicationserver.http.cit.unit.dll" id="fc15c370-1f51-a438-ec8e-730f66c61a64">
      <Description>XmlMediaTypeFormatter.ReadFromStream returns all value and reference types serialized via WriteToStream using XmlSerializer.</Description>
      <Execution timeOut="240000" id="09210341-629b-4c34-bb02-4af8848d0fdf" />
      <Owners>
        <Owner name="dravva" />
      </Owners>
      <TestCategory>
        <TestCategoryItem TestCategory="CIT" />
      </TestCategory>
      <TestMethod codeBase="F:/advisorsrepo/wcfhttp/Http/Test/Microsoft.ApplicationServer.Http/Unit/bin/Release/Microsoft.ApplicationServer.Http.CIT.Unit.DLL" adapterTypeName="Microsoft.VisualStudio.TestTools.TestTypes.Unit.UnitTestAdapter, Microsoft.VisualStudio.QualityTools.Tips.UnitTest.Adapter, Version=10.0.0.0, Culture=neutral, PublicKeyToken=b03f5f7f11d50a3a" className="Microsoft.ApplicationServer.Http.XmlMediaTypeFormatterTests, Microsoft.ApplicationServer.Http.CIT.Unit, Version=0.0.0.0, Culture=neutral, PublicKeyToken=null" name="ReadFromStreamRoundTripsWriteToStreamUsingXmlSerializer" />
    </UnitTest>
    <UnitTest name="RequestMessage_Does_Not_Change_The_Message_State_When_Inner_Request_Is_HttpMessage" storage="f:\advisorsrepo\wcfhttp\http\test\microsoft.applicationserver.http\unit\bin\release\microsoft.applicationserver.http.cit.unit.dll" id="04e87aed-e083-50f3-8d51-46f5680d6b89">
      <Description>HttpMessageEncodingRequestContext.RequestMessage does not change the state of the message when the inner request is an HttpMessage.</Description>
      <Execution timeOut="30000" id="59440b62-8997-4d1f-8c27-1858a40b34cd" />
      <Owners>
        <Owner name="derik" />
      </Owners>
      <TestCategory>
        <TestCategoryItem TestCategory="CIT" />
      </TestCategory>
      <TestMethod codeBase="F:/advisorsrepo/wcfhttp/Http/Test/Microsoft.ApplicationServer.Http/Unit/bin/Release/Microsoft.ApplicationServer.Http.CIT.Unit.DLL" adapterTypeName="Microsoft.VisualStudio.TestTools.TestTypes.Unit.UnitTestAdapter, Microsoft.VisualStudio.QualityTools.Tips.UnitTest.Adapter, Version=10.0.0.0, Culture=neutral, PublicKeyToken=b03f5f7f11d50a3a" className="Microsoft.ApplicationServer.Http.Channels.HttpMessageEncodingRequestContextTests, Microsoft.ApplicationServer.Http.CIT.Unit, Version=0.0.0.0, Culture=neutral, PublicKeyToken=null" name="RequestMessage_Does_Not_Change_The_Message_State_When_Inner_Request_Is_HttpMessage" />
    </UnitTest>
    <UnitTest name="HttpMessagePluginBindingElement_Method4" storage="f:\advisorsrepo\wcfhttp\http\test\microsoft.applicationserver.http\unit\bin\release\microsoft.applicationserver.http.cit.unit.dll" id="c056ad4f-c1a8-8638-aa2b-f2248cd7a1f3">
      <Execution timeOut="30000" id="200d0a9f-9138-42df-97e1-8b68b4528bea" />
      <Owners>
        <Owner name="derik" />
      </Owners>
      <TestCategory>
        <TestCategoryItem TestCategory="ADP_Basics" />
        <TestCategoryItem TestCategory="CIT" />
      </TestCategory>
      <TestMethod codeBase="F:/advisorsrepo/wcfhttp/Http/Test/Microsoft.ApplicationServer.Http/Unit/bin/Release/Microsoft.ApplicationServer.Http.CIT.Unit.DLL" adapterTypeName="Microsoft.VisualStudio.TestTools.TestTypes.Unit.UnitTestAdapter, Microsoft.VisualStudio.QualityTools.Tips.UnitTest.Adapter, Version=10.0.0.0, Culture=neutral, PublicKeyToken=b03f5f7f11d50a3a" className="Microsoft.ApplicationServer.Http.Channels.HttpMessageHandlerChannelBindingElementTests, Microsoft.ApplicationServer.Http.CIT.Unit, Version=0.0.0.0, Culture=neutral, PublicKeyToken=null" name="HttpMessagePluginBindingElement_Method4" />
    </UnitTest>
    <UnitTest name="BackCompatSerializedAsDataContractInJson" storage="f:\advisorsrepo\wcfhttp\http\test\microsoft.applicationserver.http\unit\bin\release\microsoft.applicationserver.http.cit.unit.dll" id="915ab241-782d-6998-970c-2313bcdd6f6a">
      <Description>HttpBehavior is backwards compatible when serializing types using the DataContractSerializer for Json.</Description>
      <Execution timeOut="30000" id="f0ef5dd2-cc4e-466a-a062-14400d1562ea" />
      <Owners>
        <Owner name="vinelap" />
      </Owners>
      <TestCategory>
        <TestCategoryItem TestCategory="CIT" />
      </TestCategory>
      <TestMethod codeBase="F:/advisorsrepo/wcfhttp/Http/Test/Microsoft.ApplicationServer.Http/Unit/bin/Release/Microsoft.ApplicationServer.Http.CIT.Unit.DLL" adapterTypeName="Microsoft.VisualStudio.TestTools.TestTypes.Unit.UnitTestAdapter, Microsoft.VisualStudio.QualityTools.Tips.UnitTest.Adapter, Version=10.0.0.0, Culture=neutral, PublicKeyToken=b03f5f7f11d50a3a" className="Microsoft.ApplicationServer.Http.Description.HttpBehaviorTests, Microsoft.ApplicationServer.Http.CIT.Unit, Version=0.0.0.0, Culture=neutral, PublicKeyToken=null" name="BackCompatSerializedAsDataContractInJson" />
    </UnitTest>
    <UnitTest name="ConvertThrowsWithTtoHttpResponseMessageOfT" storage="f:\advisorsrepo\wcfhttp\http\test\microsoft.applicationserver.http\unit\bin\release\microsoft.applicationserver.http.cit.unit.dll" id="a0d98fed-19e5-2c8f-3b27-5986eaf2a9e9">
      <Description>Convert(object) throws converting from T to HttpResponseMessage&lt;T&gt;).</Description>
      <Execution timeOut="30000" id="f09a054a-530f-4be3-820f-43e076887562" />
      <Owners>
        <Owner name="dravva" />
      </Owners>
      <TestCategory>
        <TestCategoryItem TestCategory="CIT" />
      </TestCategory>
      <TestMethod codeBase="F:/advisorsrepo/wcfhttp/Http/Test/Microsoft.ApplicationServer.Http/Unit/bin/Release/Microsoft.ApplicationServer.Http.CIT.Unit.DLL" adapterTypeName="Microsoft.VisualStudio.TestTools.TestTypes.Unit.UnitTestAdapter, Microsoft.VisualStudio.QualityTools.Tips.UnitTest.Adapter, Version=10.0.0.0, Culture=neutral, PublicKeyToken=b03f5f7f11d50a3a" className="Microsoft.ApplicationServer.Http.Description.HttpParameterValueConverterTests, Microsoft.ApplicationServer.Http.CIT.Unit, Version=0.0.0.0, Culture=neutral, PublicKeyToken=null" name="ConvertThrowsWithTtoHttpResponseMessageOfT" />
    </UnitTest>
    <UnitTest name="Transport_Is_Not_Null" storage="f:\advisorsrepo\wcfhttp\http\test\microsoft.applicationserver.http\unit\bin\release\microsoft.applicationserver.http.cit.unit.dll" id="d6dfba1f-38f3-4f84-7166-2635b00c9864">
      <Description>HttpBindingSecurity.Transport is not null.</Description>
      <Execution timeOut="30000" id="825a5dfc-20a9-458e-9b26-c75d6e4455e5" />
      <Owners>
        <Owner name="derik" />
      </Owners>
      <TestCategory>
        <TestCategoryItem TestCategory="CIT" />
      </TestCategory>
      <TestMethod codeBase="F:/advisorsrepo/wcfhttp/Http/Test/Microsoft.ApplicationServer.Http/Unit/bin/Release/Microsoft.ApplicationServer.Http.CIT.Unit.DLL" adapterTypeName="Microsoft.VisualStudio.TestTools.TestTypes.Unit.UnitTestAdapter, Microsoft.VisualStudio.QualityTools.Tips.UnitTest.Adapter, Version=10.0.0.0, Culture=neutral, PublicKeyToken=b03f5f7f11d50a3a" className="Microsoft.ApplicationServer.Http.HttpBindingSecurityTests, Microsoft.ApplicationServer.Http.CIT.Unit, Version=0.0.0.0, Culture=neutral, PublicKeyToken=null" name="Transport_Is_Not_Null" />
    </UnitTest>
    <UnitTest name="HttpBinding_Throws_When_No_Config_File" storage="f:\advisorsrepo\wcfhttp\http\test\microsoft.applicationserver.http\unit\bin\release\microsoft.applicationserver.http.cit.unit.dll" id="d52da88f-aa20-0f2a-af23-da94faaa863b">
      <Description>The HttpBinding constructor throws when there is no config file for the AppDomain.</Description>
      <Execution timeOut="30000" id="89fcb514-9876-4c9f-9dff-336e883c71ff" />
      <Owners>
        <Owner name="derik" />
      </Owners>
      <TestCategory>
        <TestCategoryItem TestCategory="CIT" />
      </TestCategory>
      <TestMethod codeBase="F:/advisorsrepo/wcfhttp/Http/Test/Microsoft.ApplicationServer.Http/Unit/bin/Release/Microsoft.ApplicationServer.Http.CIT.Unit.DLL" adapterTypeName="Microsoft.VisualStudio.TestTools.TestTypes.Unit.UnitTestAdapter, Microsoft.VisualStudio.QualityTools.Tips.UnitTest.Adapter, Version=10.0.0.0, Culture=neutral, PublicKeyToken=b03f5f7f11d50a3a" className="Microsoft.ApplicationServer.Http.Configuration.HttpBindingElementTests, Microsoft.ApplicationServer.Http.CIT.Unit, Version=0.0.0.0, Culture=neutral, PublicKeyToken=null" name="HttpBinding_Throws_When_No_Config_File" />
    </UnitTest>
    <UnitTest name="HttpOperationDescription_InputParameter_Matches_Method" storage="f:\advisorsrepo\wcfhttp\http\test\microsoft.applicationserver.http\unit\bin\release\microsoft.applicationserver.http.cit.unit.dll" id="ea774688-86e4-7957-2359-a29751b87db8">
      <Description>HttpOperationDescription InputParameters matches method</Description>
      <Execution timeOut="30000" id="899cdcd1-3808-4dc1-9027-48c72b83f56e" />
      <Owners>
        <Owner name="maying" />
      </Owners>
      <TestCategory>
        <TestCategoryItem TestCategory="CIT" />
      </TestCategory>
      <TestMethod codeBase="F:/advisorsrepo/wcfhttp/Http/Test/Microsoft.ApplicationServer.Http/Unit/bin/Release/Microsoft.ApplicationServer.Http.CIT.Unit.DLL" adapterTypeName="Microsoft.VisualStudio.TestTools.TestTypes.Unit.UnitTestAdapter, Microsoft.VisualStudio.QualityTools.Tips.UnitTest.Adapter, Version=10.0.0.0, Culture=neutral, PublicKeyToken=b03f5f7f11d50a3a" className="Microsoft.ApplicationServer.Http.Description.HttpOperationDescriptionTests, Microsoft.ApplicationServer.Http.CIT.Unit, Version=0.0.0.0, Culture=neutral, PublicKeyToken=null" name="HttpOperationDescription_InputParameter_Matches_Method" />
    </UnitTest>
    <UnitTest name="AddUriPathExtensionMapping1ThrowsWithNullThis" storage="f:\advisorsrepo\wcfhttp\http\test\microsoft.applicationserver.http\unit\bin\release\microsoft.applicationserver.http.cit.unit.dll" id="b05b6d23-23c3-534e-6813-5c855e9f98c5">
      <Description>MediaTypeFormatterExtensionMethods.AddUriPathExtensionMapping(string, string) throws for null 'this'.</Description>
      <Execution timeOut="30000" id="ea0a81d6-9796-4142-bda6-bc1658f790dc" />
      <Owners>
        <Owner name="dravva" />
      </Owners>
      <TestCategory>
        <TestCategoryItem TestCategory="CIT" />
      </TestCategory>
      <TestMethod codeBase="F:/advisorsrepo/wcfhttp/Http/Test/Microsoft.ApplicationServer.Http/Unit/bin/Release/Microsoft.ApplicationServer.Http.CIT.Unit.DLL" adapterTypeName="Microsoft.VisualStudio.TestTools.TestTypes.Unit.UnitTestAdapter, Microsoft.VisualStudio.QualityTools.Tips.UnitTest.Adapter, Version=10.0.0.0, Culture=neutral, PublicKeyToken=b03f5f7f11d50a3a" className="Microsoft.ApplicationServer.Http.MediaTypeFormatterExtensionMethodsTests, Microsoft.ApplicationServer.Http.CIT.Unit, Version=0.0.0.0, Culture=neutral, PublicKeyToken=null" name="AddUriPathExtensionMapping1ThrowsWithNullThis" />
    </UnitTest>
    <UnitTest name="ConvertHttpRequestMessageOfNullableOfTtoT" storage="f:\advisorsrepo\wcfhttp\http\test\microsoft.applicationserver.http\unit\bin\release\microsoft.applicationserver.http.cit.unit.dll" id="fc3dd4f3-3a10-3b4e-fc3b-5cb1f32280aa">
      <Description>Convert(object) HttpRequestMessage&lt;Nullable&lt;T&gt;&gt; to T.</Description>
      <Execution timeOut="30000" id="4b0c922d-8f62-41f6-b56f-b0cb9a72c5fc" />
      <Owners>
        <Owner name="dravva" />
      </Owners>
      <TestCategory>
        <TestCategoryItem TestCategory="CIT" />
      </TestCategory>
      <TestMethod codeBase="F:/advisorsrepo/wcfhttp/Http/Test/Microsoft.ApplicationServer.Http/Unit/bin/Release/Microsoft.ApplicationServer.Http.CIT.Unit.DLL" adapterTypeName="Microsoft.VisualStudio.TestTools.TestTypes.Unit.UnitTestAdapter, Microsoft.VisualStudio.QualityTools.Tips.UnitTest.Adapter, Version=10.0.0.0, Culture=neutral, PublicKeyToken=b03f5f7f11d50a3a" className="Microsoft.ApplicationServer.Http.Description.HttpParameterValueConverterTests, Microsoft.ApplicationServer.Http.CIT.Unit, Version=0.0.0.0, Culture=neutral, PublicKeyToken=null" name="ConvertHttpRequestMessageOfNullableOfTtoT" />
    </UnitTest>
    <UnitTest name="HttpParameterCollection_Synchronized_Implements_Clear" storage="f:\advisorsrepo\wcfhttp\http\test\microsoft.applicationserver.http\unit\bin\release\microsoft.applicationserver.http.cit.unit.dll" id="b7ecd5f1-c477-df2f-c20d-ae3566d5fd42">
      <Description>HttpParameterCollection created from MessagePartDescriptionCollection implements Clear correctly</Description>
      <Execution timeOut="30000" id="99d70b69-3686-43c8-81c8-cd18ebf7ea98" />
      <Owners>
        <Owner name="derik" />
      </Owners>
      <TestCategory>
        <TestCategoryItem TestCategory="CIT" />
      </TestCategory>
      <TestMethod codeBase="F:/advisorsrepo/wcfhttp/Http/Test/Microsoft.ApplicationServer.Http/Unit/bin/Release/Microsoft.ApplicationServer.Http.CIT.Unit.DLL" adapterTypeName="Microsoft.VisualStudio.TestTools.TestTypes.Unit.UnitTestAdapter, Microsoft.VisualStudio.QualityTools.Tips.UnitTest.Adapter, Version=10.0.0.0, Culture=neutral, PublicKeyToken=b03f5f7f11d50a3a" className="Microsoft.ApplicationServer.Http.Description.HttpParameterCollectionTests, Microsoft.ApplicationServer.Http.CIT.Unit, Version=0.0.0.0, Culture=neutral, PublicKeyToken=null" name="HttpParameterCollection_Synchronized_Implements_Clear" />
    </UnitTest>
    <UnitTest name="HttpMessageEncodingChannelListener_Is_An_Internal_Non_Abstract_Class" storage="f:\advisorsrepo\wcfhttp\http\test\microsoft.applicationserver.http\unit\bin\release\microsoft.applicationserver.http.cit.unit.dll" id="8cb35d14-c3b7-70c7-af89-a6eb8405fa46">
      <Description>HttpMessageEncodingChannelListener is an internal, non-abstract class.</Description>
      <Execution timeOut="30000" id="083a3bca-0794-45c8-90e2-de0d1b33303a" />
      <Owners>
        <Owner name="derik" />
      </Owners>
      <TestCategory>
        <TestCategoryItem TestCategory="CIT" />
      </TestCategory>
      <TestMethod codeBase="F:/advisorsrepo/wcfhttp/Http/Test/Microsoft.ApplicationServer.Http/Unit/bin/Release/Microsoft.ApplicationServer.Http.CIT.Unit.DLL" adapterTypeName="Microsoft.VisualStudio.TestTools.TestTypes.Unit.UnitTestAdapter, Microsoft.VisualStudio.QualityTools.Tips.UnitTest.Adapter, Version=10.0.0.0, Culture=neutral, PublicKeyToken=b03f5f7f11d50a3a" className="Microsoft.ApplicationServer.Http.Channels.HttpMessageEncodingChannelListenerTests, Microsoft.ApplicationServer.Http.CIT.Unit, Version=0.0.0.0, Culture=neutral, PublicKeyToken=null" name="HttpMessageEncodingChannelListener_Is_An_Internal_Non_Abstract_Class" />
    </UnitTest>
    <UnitTest name="ReadAsAsync1ThrowsWithNullThis" storage="f:\advisorsrepo\wcfhttp\http\test\microsoft.applicationserver.http\unit\bin\release\microsoft.applicationserver.http.cit.unit.dll" id="aca41d65-e1e2-6800-3868-f8fa5c5ab7d5">
      <Description>HttpContentExtensionMethods.ReadAsAsync(HttpContent, Type, IEnumerable&lt;MediaTypeFormatter&gt;) throws with null 'this'.</Description>
      <Execution timeOut="30000" id="7ddd2efd-bc3d-48a7-ad3c-bbd1c1cdc150" />
      <Owners>
        <Owner name="vinelap" />
      </Owners>
      <TestCategory>
        <TestCategoryItem TestCategory="CIT" />
      </TestCategory>
      <TestMethod codeBase="F:/advisorsrepo/wcfhttp/Http/Test/Microsoft.ApplicationServer.Http/Unit/bin/Release/Microsoft.ApplicationServer.Http.CIT.Unit.DLL" adapterTypeName="Microsoft.VisualStudio.TestTools.TestTypes.Unit.UnitTestAdapter, Microsoft.VisualStudio.QualityTools.Tips.UnitTest.Adapter, Version=10.0.0.0, Culture=neutral, PublicKeyToken=b03f5f7f11d50a3a" className="Microsoft.ApplicationServer.Http.HttpContentExtensionMethodsTests, Microsoft.ApplicationServer.Http.CIT.Unit, Version=0.0.0.0, Culture=neutral, PublicKeyToken=null" name="ReadAsAsync1ThrowsWithNullThis" />
    </UnitTest>
    <UnitTest name="OutputParameterAreCreatedAllValueAndReferenceTypes" storage="f:\advisorsrepo\wcfhttp\http\test\microsoft.applicationserver.http\unit\bin\release\microsoft.applicationserver.http.cit.unit.dll" id="708b5838-525b-9732-163a-d8206b4b1007">
      <Description>OutputParameters are created a content parameter for all legal types for content.</Description>
      <Execution timeOut="30000" id="4ed08e41-fde9-427d-a2a8-e3e86f0d2de3" />
      <Owners>
        <Owner name="dravva" />
      </Owners>
      <TestCategory>
        <TestCategoryItem TestCategory="CIT" />
      </TestCategory>
      <TestMethod codeBase="F:/advisorsrepo/wcfhttp/Http/Test/Microsoft.ApplicationServer.Http/Unit/bin/Release/Microsoft.ApplicationServer.Http.CIT.Unit.DLL" adapterTypeName="Microsoft.VisualStudio.TestTools.TestTypes.Unit.UnitTestAdapter, Microsoft.VisualStudio.QualityTools.Tips.UnitTest.Adapter, Version=10.0.0.0, Culture=neutral, PublicKeyToken=b03f5f7f11d50a3a" className="Microsoft.ApplicationServer.Http.Dispatcher.RequestContentHandlerTests, Microsoft.ApplicationServer.Http.CIT.Unit, Version=0.0.0.0, Culture=neutral, PublicKeyToken=null" name="OutputParameterAreCreatedAllValueAndReferenceTypes" />
    </UnitTest>
    <UnitTest name="RequestMessageReturnsHttpRequestMessageHttpParameter" storage="f:\advisorsrepo\wcfhttp\http\test\microsoft.applicationserver.http\unit\bin\release\microsoft.applicationserver.http.cit.unit.dll" id="2f2db280-83df-407d-afc4-c1315b5f3073">
      <Description>RequestMessage returns HttpRequestMessage HttpParameter.</Description>
      <Execution timeOut="30000" id="22139020-5af1-4958-bc4b-8d405cf7d7af" />
      <Owners>
        <Owner name="maying" />
      </Owners>
      <TestCategory>
        <TestCategoryItem TestCategory="CIT" />
      </TestCategory>
      <TestMethod codeBase="F:/advisorsrepo/wcfhttp/Http/Test/Microsoft.ApplicationServer.Http/Unit/bin/Release/Microsoft.ApplicationServer.Http.CIT.Unit.DLL" adapterTypeName="Microsoft.VisualStudio.TestTools.TestTypes.Unit.UnitTestAdapter, Microsoft.VisualStudio.QualityTools.Tips.UnitTest.Adapter, Version=10.0.0.0, Culture=neutral, PublicKeyToken=b03f5f7f11d50a3a" className="Microsoft.ApplicationServer.Http.Description.HttpParameterTests, Microsoft.ApplicationServer.Http.CIT.Unit, Version=0.0.0.0, Culture=neutral, PublicKeyToken=null" name="RequestMessageReturnsHttpRequestMessageHttpParameter" />
    </UnitTest>
    <UnitTest name="Constructor1SetsDerivedFormatters" storage="f:\advisorsrepo\wcfhttp\http\test\microsoft.applicationserver.http\unit\bin\release\microsoft.applicationserver.http.cit.unit.dll" id="f1a496c4-1265-c9e3-0a3e-14e10cc26c2f">
      <Description>MediaTypeFormatterCollection(IEnumerable&lt;MediaTypeFormatter&gt;) sets derived classes of Xml and Json formatters.</Description>
      <Execution timeOut="30000" id="9c81852b-0a69-48a2-baa5-5fcbd9545e70" />
      <Owners>
        <Owner name="dravva" />
      </Owners>
      <TestCategory>
        <TestCategoryItem TestCategory="CIT" />
      </TestCategory>
      <TestMethod codeBase="F:/advisorsrepo/wcfhttp/Http/Test/Microsoft.ApplicationServer.Http/Unit/bin/Release/Microsoft.ApplicationServer.Http.CIT.Unit.DLL" adapterTypeName="Microsoft.VisualStudio.TestTools.TestTypes.Unit.UnitTestAdapter, Microsoft.VisualStudio.QualityTools.Tips.UnitTest.Adapter, Version=10.0.0.0, Culture=neutral, PublicKeyToken=b03f5f7f11d50a3a" className="Microsoft.ApplicationServer.Http.MediaTypeFormatterCollectionTests, Microsoft.ApplicationServer.Http.CIT.Unit, Version=0.0.0.0, Culture=neutral, PublicKeyToken=null" name="Constructor1SetsDerivedFormatters" />
    </UnitTest>
    <UnitTest name="Constructor6" storage="f:\advisorsrepo\wcfhttp\http\test\microsoft.applicationserver.http\unit\bin\release\microsoft.applicationserver.http.cit.unit.dll" id="a387f863-3503-43b5-f2cd-b69c3ffdcc44">
      <Description>ObjectContent(Type, object, MediaTypeHeaderValue, IEnumerable&lt;MediaTypeFormatter&gt;) sets Type, content header's media type, Formatters and (private) ObjectInstance properties.</Description>
      <Execution timeOut="30000" id="84663b0d-2d48-47d9-a1f0-37f8d3965a2d" />
      <Owners>
        <Owner name="dravva" />
      </Owners>
      <TestCategory>
        <TestCategoryItem TestCategory="CIT" />
      </TestCategory>
      <TestMethod codeBase="F:/advisorsrepo/wcfhttp/Http/Test/Microsoft.ApplicationServer.Http/Unit/bin/Release/Microsoft.ApplicationServer.Http.CIT.Unit.DLL" adapterTypeName="Microsoft.VisualStudio.TestTools.TestTypes.Unit.UnitTestAdapter, Microsoft.VisualStudio.QualityTools.Tips.UnitTest.Adapter, Version=10.0.0.0, Culture=neutral, PublicKeyToken=b03f5f7f11d50a3a" className="Microsoft.ApplicationServer.Http.ObjectContentTests, Microsoft.ApplicationServer.Http.CIT.Unit, Version=0.0.0.0, Culture=neutral, PublicKeyToken=null" name="Constructor6" />
    </UnitTest>
    <UnitTest name="GetHttpResponseMessageReturnsNullIfNoHttpResponseMessage" storage="f:\advisorsrepo\wcfhttp\http\test\microsoft.applicationserver.http\unit\bin\release\microsoft.applicationserver.http.cit.unit.dll" id="45fb0c03-4d57-8b81-26da-0d3ef3bfbbbd">
      <Description>GetHttpResponseMessage(object[]) returns the null if the last indice of the object[] is null.</Description>
      <Execution timeOut="30000" id="23c7cf9c-feb5-4bf5-8099-b84e1bc15aff" />
      <Owners>
        <Owner name="dravva" />
      </Owners>
      <TestCategory>
        <TestCategoryItem TestCategory="CIT" />
      </TestCategory>
      <TestMethod codeBase="F:/advisorsrepo/wcfhttp/Http/Test/Microsoft.ApplicationServer.Http/Unit/bin/Release/Microsoft.ApplicationServer.Http.CIT.Unit.DLL" adapterTypeName="Microsoft.VisualStudio.TestTools.TestTypes.Unit.UnitTestAdapter, Microsoft.VisualStudio.QualityTools.Tips.UnitTest.Adapter, Version=10.0.0.0, Culture=neutral, PublicKeyToken=b03f5f7f11d50a3a" className="Microsoft.ApplicationServer.Http.Dispatcher.OperationHandlerPipelineInfoTests, Microsoft.ApplicationServer.Http.CIT.Unit, Version=0.0.0.0, Culture=neutral, PublicKeyToken=null" name="GetHttpResponseMessageReturnsNullIfNoHttpResponseMessage" />
    </UnitTest>
    <UnitTest name="CanReadAs1ReturnsTrue" storage="f:\advisorsrepo\wcfhttp\http\test\microsoft.applicationserver.http\unit\bin\release\microsoft.applicationserver.http.cit.unit.dll" id="dcab3ea3-1833-775e-3373-ebe195f18383">
      <Description>CanReadAs(ObjectContent, HttpRequestMessage, out MediaTypeHeaderValue) returns true for all standard media types.</Description>
      <Execution timeOut="30000" id="e96c063e-b5f1-4b75-a5b5-41daf4d2ccbd" />
      <Owners>
        <Owner name="dravva" />
      </Owners>
      <TestCategory>
        <TestCategoryItem TestCategory="CIT" />
      </TestCategory>
      <TestMethod codeBase="F:/advisorsrepo/wcfhttp/Http/Test/Microsoft.ApplicationServer.Http/Unit/bin/Release/Microsoft.ApplicationServer.Http.CIT.Unit.DLL" adapterTypeName="Microsoft.VisualStudio.TestTools.TestTypes.Unit.UnitTestAdapter, Microsoft.VisualStudio.QualityTools.Tips.UnitTest.Adapter, Version=10.0.0.0, Culture=neutral, PublicKeyToken=b03f5f7f11d50a3a" className="Microsoft.ApplicationServer.Http.MediaTypeFormatterTests, Microsoft.ApplicationServer.Http.CIT.Unit, Version=0.0.0.0, Culture=neutral, PublicKeyToken=null" name="CanReadAs1ReturnsTrue" />
    </UnitTest>
    <UnitTest name="EndAcceptChannel_Returns_HttpMessageEncodingChannel" storage="f:\advisorsrepo\wcfhttp\http\test\microsoft.applicationserver.http\unit\bin\release\microsoft.applicationserver.http.cit.unit.dll" id="1b68a509-5077-b718-250b-fccc6fd48cc4">
      <Description>HttpMessageEncodingChannelListener.EndAcceptChannel returns HttpMessageEncodingReplyChannel if the inner listener does not return null.</Description>
      <Execution timeOut="30000" id="ae5cb1fe-7b71-4814-b198-4cc92bf8f258" />
      <Owners>
        <Owner name="derik" />
      </Owners>
      <TestCategory>
        <TestCategoryItem TestCategory="CIT" />
      </TestCategory>
      <TestMethod codeBase="F:/advisorsrepo/wcfhttp/Http/Test/Microsoft.ApplicationServer.Http/Unit/bin/Release/Microsoft.ApplicationServer.Http.CIT.Unit.DLL" adapterTypeName="Microsoft.VisualStudio.TestTools.TestTypes.Unit.UnitTestAdapter, Microsoft.VisualStudio.QualityTools.Tips.UnitTest.Adapter, Version=10.0.0.0, Culture=neutral, PublicKeyToken=b03f5f7f11d50a3a" className="Microsoft.ApplicationServer.Http.Channels.HttpMessageEncodingChannelListenerTests, Microsoft.ApplicationServer.Http.CIT.Unit, Version=0.0.0.0, Culture=neutral, PublicKeyToken=null" name="EndAcceptChannel_Returns_HttpMessageEncodingChannel" />
    </UnitTest>
    <UnitTest name="Constructor5ThrowsWithIllegalMediaType" storage="f:\advisorsrepo\wcfhttp\http\test\microsoft.applicationserver.http\unit\bin\release\microsoft.applicationserver.http.cit.unit.dll" id="ad7717dc-a213-7ac3-d7df-3de15423034b">
      <Description>ObjectContent&lt;T&gt;(T, string, IEnumerable&lt;MediaTypeFormatter&gt;) throws with an illegal media type.</Description>
      <Execution timeOut="30000" id="cdd47420-84d5-4033-959b-3e76d2cd5264" />
      <Owners>
        <Owner name="dravva" />
      </Owners>
      <TestCategory>
        <TestCategoryItem TestCategory="CIT" />
      </TestCategory>
      <TestMethod codeBase="F:/advisorsrepo/wcfhttp/Http/Test/Microsoft.ApplicationServer.Http/Unit/bin/Release/Microsoft.ApplicationServer.Http.CIT.Unit.DLL" adapterTypeName="Microsoft.VisualStudio.TestTools.TestTypes.Unit.UnitTestAdapter, Microsoft.VisualStudio.QualityTools.Tips.UnitTest.Adapter, Version=10.0.0.0, Culture=neutral, PublicKeyToken=b03f5f7f11d50a3a" className="Microsoft.ApplicationServer.Http.ObjectContentOfTTests, Microsoft.ApplicationServer.Http.CIT.Unit, Version=0.0.0.0, Culture=neutral, PublicKeyToken=null" name="Constructor5ThrowsWithIllegalMediaType" />
    </UnitTest>
    <UnitTest name="WriteMessage_That_Takes_A_Stream_Throws_If_The_Message_Parameter_Is_Null" storage="f:\advisorsrepo\wcfhttp\http\test\microsoft.applicationserver.http\unit\bin\release\microsoft.applicationserver.http.cit.unit.dll" id="5051e5fb-4dc4-682e-02eb-f18f7a360b2d">
      <Description>HttpMessageEncoder.WriteMessage that takes a stream parameter throws if the message parameter is null.</Description>
      <Execution timeOut="30000" id="9cb65087-cd93-4f43-9357-93f87a3870f3" />
      <Owners>
        <Owner name="derik" />
      </Owners>
      <TestCategory>
        <TestCategoryItem TestCategory="CIT" />
      </TestCategory>
      <TestMethod codeBase="F:/advisorsrepo/wcfhttp/Http/Test/Microsoft.ApplicationServer.Http/Unit/bin/Release/Microsoft.ApplicationServer.Http.CIT.Unit.DLL" adapterTypeName="Microsoft.VisualStudio.TestTools.TestTypes.Unit.UnitTestAdapter, Microsoft.VisualStudio.QualityTools.Tips.UnitTest.Adapter, Version=10.0.0.0, Culture=neutral, PublicKeyToken=b03f5f7f11d50a3a" className="Microsoft.ApplicationServer.Http.Channels.HttpMessageEncoderTests, Microsoft.ApplicationServer.Http.CIT.Unit, Version=0.0.0.0, Culture=neutral, PublicKeyToken=null" name="WriteMessage_That_Takes_A_Stream_Throws_If_The_Message_Parameter_Is_Null" />
    </UnitTest>
    <UnitTest name="UnitTestClassIsCorrect" storage="f:\advisorsrepo\wcfhttp\http\test\microsoft.applicationserver.http\unit\bin\release\microsoft.applicationserver.http.cit.unit.dll" id="ae87dd37-e2a0-72d6-32c8-8637a75e65f9">
      <Execution timeOut="1800000" id="a198f043-b5b1-49e6-a47a-2afd9a4e54ec" />
      <TestMethod codeBase="F:/advisorsrepo/wcfhttp/Http/Test/Microsoft.ApplicationServer.Http/Unit/bin/Release/Microsoft.ApplicationServer.Http.CIT.Unit.DLL" adapterTypeName="Microsoft.VisualStudio.TestTools.TestTypes.Unit.UnitTestAdapter, Microsoft.VisualStudio.QualityTools.Tips.UnitTest.Adapter, Version=10.0.0.0, Culture=neutral, PublicKeyToken=b03f5f7f11d50a3a" className="Microsoft.ApplicationServer.Http.Dispatcher.ResponseContentHandlerTests, Microsoft.ApplicationServer.Http.CIT.Unit, Version=0.0.0.0, Culture=neutral, PublicKeyToken=null" name="UnitTestClassIsCorrect" />
    </UnitTest>
    <UnitTest name="ReadAsThrowsWithNullType" storage="f:\advisorsrepo\wcfhttp\http\test\microsoft.applicationserver.http\unit\bin\release\microsoft.applicationserver.http.cit.unit.dll" id="a9ed2ab8-589f-953c-bf2b-07fe789da964">
      <Description>HttpContentExtensionMethods.ReadAs(HttpContent, Type) throws with null Type.</Description>
      <Execution timeOut="30000" id="967c7cd6-5693-43b8-8194-44d0cda0cc80" />
      <Owners>
        <Owner name="vinelap" />
      </Owners>
      <TestCategory>
        <TestCategoryItem TestCategory="CIT" />
      </TestCategory>
      <TestMethod codeBase="F:/advisorsrepo/wcfhttp/Http/Test/Microsoft.ApplicationServer.Http/Unit/bin/Release/Microsoft.ApplicationServer.Http.CIT.Unit.DLL" adapterTypeName="Microsoft.VisualStudio.TestTools.TestTypes.Unit.UnitTestAdapter, Microsoft.VisualStudio.QualityTools.Tips.UnitTest.Adapter, Version=10.0.0.0, Culture=neutral, PublicKeyToken=b03f5f7f11d50a3a" className="Microsoft.ApplicationServer.Http.HttpContentExtensionMethodsTests, Microsoft.ApplicationServer.Http.CIT.Unit, Version=0.0.0.0, Culture=neutral, PublicKeyToken=null" name="ReadAsThrowsWithNullType" />
    </UnitTest>
    <UnitTest name="HttpParameterCollection_Synchronized_GetEnumerator" storage="f:\advisorsrepo\wcfhttp\http\test\microsoft.applicationserver.http\unit\bin\release\microsoft.applicationserver.http.cit.unit.dll" id="8d1b7c7c-a5d2-38ad-b54f-2cf653ddeb95">
      <Description>HttpParameterCollection created from MessagePartDescriptionCollection implements GetEnumerator correctly</Description>
      <Execution timeOut="30000" id="49420a01-4b21-4989-9d2a-64739c2bcb4f" />
      <Owners>
        <Owner name="derik" />
      </Owners>
      <TestCategory>
        <TestCategoryItem TestCategory="CIT" />
      </TestCategory>
      <TestMethod codeBase="F:/advisorsrepo/wcfhttp/Http/Test/Microsoft.ApplicationServer.Http/Unit/bin/Release/Microsoft.ApplicationServer.Http.CIT.Unit.DLL" adapterTypeName="Microsoft.VisualStudio.TestTools.TestTypes.Unit.UnitTestAdapter, Microsoft.VisualStudio.QualityTools.Tips.UnitTest.Adapter, Version=10.0.0.0, Culture=neutral, PublicKeyToken=b03f5f7f11d50a3a" className="Microsoft.ApplicationServer.Http.Description.HttpParameterCollectionTests, Microsoft.ApplicationServer.Http.CIT.Unit, Version=0.0.0.0, Culture=neutral, PublicKeyToken=null" name="HttpParameterCollection_Synchronized_GetEnumerator" />
    </UnitTest>
    <UnitTest name="Validate_Throws_If_Response_Message_Headers_Present" storage="f:\advisorsrepo\wcfhttp\http\test\microsoft.applicationserver.http\unit\bin\release\microsoft.applicationserver.http.cit.unit.dll" id="2afa4f08-1764-1bce-3479-911fd8660c84">
      <Description>HttpBehavior.Validate throws if any operation has a response message with headers.</Description>
      <Execution timeOut="30000" id="def9aa73-1f73-463c-ae7f-cded444e7cac" />
      <Owners>
        <Owner name="vinelap" />
      </Owners>
      <TestCategory>
        <TestCategoryItem TestCategory="CIT" />
      </TestCategory>
      <TestMethod codeBase="F:/advisorsrepo/wcfhttp/Http/Test/Microsoft.ApplicationServer.Http/Unit/bin/Release/Microsoft.ApplicationServer.Http.CIT.Unit.DLL" adapterTypeName="Microsoft.VisualStudio.TestTools.TestTypes.Unit.UnitTestAdapter, Microsoft.VisualStudio.QualityTools.Tips.UnitTest.Adapter, Version=10.0.0.0, Culture=neutral, PublicKeyToken=b03f5f7f11d50a3a" className="Microsoft.ApplicationServer.Http.Description.HttpBehaviorTests, Microsoft.ApplicationServer.Http.CIT.Unit, Version=0.0.0.0, Culture=neutral, PublicKeyToken=null" name="Validate_Throws_If_Response_Message_Headers_Present" />
    </UnitTest>
    <UnitTest name="Constructor5ConvertsNullValueTypeToDefault" storage="f:\advisorsrepo\wcfhttp\http\test\microsoft.applicationserver.http\unit\bin\release\microsoft.applicationserver.http.cit.unit.dll" id="8ca09e05-fbe4-485b-5248-b4afe8602b96">
      <Description>ObjectContent&lt;T&gt;(T, string, IEnumerable&lt;MediaTypeFormatter&gt;) converts null value types to that type's default value and sets (private) ObjectInstance.</Description>
      <Execution timeOut="30000" id="91bf4b61-b3a2-477a-8abc-3c72d1c477b2" />
      <Owners>
        <Owner name="dravva" />
      </Owners>
      <TestCategory>
        <TestCategoryItem TestCategory="CIT" />
      </TestCategory>
      <TestMethod codeBase="F:/advisorsrepo/wcfhttp/Http/Test/Microsoft.ApplicationServer.Http/Unit/bin/Release/Microsoft.ApplicationServer.Http.CIT.Unit.DLL" adapterTypeName="Microsoft.VisualStudio.TestTools.TestTypes.Unit.UnitTestAdapter, Microsoft.VisualStudio.QualityTools.Tips.UnitTest.Adapter, Version=10.0.0.0, Culture=neutral, PublicKeyToken=b03f5f7f11d50a3a" className="Microsoft.ApplicationServer.Http.ObjectContentOfTTests, Microsoft.ApplicationServer.Http.CIT.Unit, Version=0.0.0.0, Culture=neutral, PublicKeyToken=null" name="Constructor5ConvertsNullValueTypeToDefault" />
    </UnitTest>
    <UnitTest name="EndClose_Calls_The_Inner_Listener" storage="f:\advisorsrepo\wcfhttp\http\test\microsoft.applicationserver.http\unit\bin\release\microsoft.applicationserver.http.cit.unit.dll" id="62456cd9-027f-cf5b-40ed-1908193d9098">
      <Description>HttpMessageEncodingChannelListener.EndClose calls EndClose on the inner listener with the given parameters.</Description>
      <Execution timeOut="30000" id="6e60fc9c-8c4a-46e0-9a39-8fb968234d8c" />
      <Owners>
        <Owner name="derik" />
      </Owners>
      <TestCategory>
        <TestCategoryItem TestCategory="CIT" />
      </TestCategory>
      <TestMethod codeBase="F:/advisorsrepo/wcfhttp/Http/Test/Microsoft.ApplicationServer.Http/Unit/bin/Release/Microsoft.ApplicationServer.Http.CIT.Unit.DLL" adapterTypeName="Microsoft.VisualStudio.TestTools.TestTypes.Unit.UnitTestAdapter, Microsoft.VisualStudio.QualityTools.Tips.UnitTest.Adapter, Version=10.0.0.0, Culture=neutral, PublicKeyToken=b03f5f7f11d50a3a" className="Microsoft.ApplicationServer.Http.Channels.HttpMessageEncodingChannelListenerTests, Microsoft.ApplicationServer.Http.CIT.Unit, Version=0.0.0.0, Culture=neutral, PublicKeyToken=null" name="EndClose_Calls_The_Inner_Listener" />
    </UnitTest>
    <UnitTest name="SupportsMediaType1ReturnsFalseWithQueryStringParameterValueNotInUri" storage="f:\advisorsrepo\wcfhttp\http\test\microsoft.applicationserver.http\unit\bin\release\microsoft.applicationserver.http.cit.unit.dll" id="a991d121-fd05-250d-e434-8553ba0f9d03">
      <Description>SupportsMediaType(HttpResponseMessage) returns false when the QueryStringParameterValue is not in the Uri.</Description>
      <Execution timeOut="30000" id="336ded59-b631-4550-99f6-0fb5d34fde22" />
      <Owners>
        <Owner name="dravva" />
      </Owners>
      <TestCategory>
        <TestCategoryItem TestCategory="CIT" />
      </TestCategory>
      <TestMethod codeBase="F:/advisorsrepo/wcfhttp/Http/Test/Microsoft.ApplicationServer.Http/Unit/bin/Release/Microsoft.ApplicationServer.Http.CIT.Unit.DLL" adapterTypeName="Microsoft.VisualStudio.TestTools.TestTypes.Unit.UnitTestAdapter, Microsoft.VisualStudio.QualityTools.Tips.UnitTest.Adapter, Version=10.0.0.0, Culture=neutral, PublicKeyToken=b03f5f7f11d50a3a" className="Microsoft.ApplicationServer.Http.QueryStringMappingTests, Microsoft.ApplicationServer.Http.CIT.Unit, Version=0.0.0.0, Culture=neutral, PublicKeyToken=null" name="SupportsMediaType1ReturnsFalseWithQueryStringParameterValueNotInUri" />
    </UnitTest>
    <UnitTest name="ReadAsOrDefaultThrowsWithNullType" storage="f:\advisorsrepo\wcfhttp\http\test\microsoft.applicationserver.http\unit\bin\release\microsoft.applicationserver.http.cit.unit.dll" id="231c35e5-68fd-0174-0a99-57d467811311">
      <Description>HttpContentExtensionMethods.ReadAsOrDefault(HttpContent, Type) throws with null Type.</Description>
      <Execution timeOut="30000" id="7420530d-4ade-4eee-b836-72ff015152ff" />
      <Owners>
        <Owner name="vinelap" />
      </Owners>
      <TestCategory>
        <TestCategoryItem TestCategory="CIT" />
      </TestCategory>
      <TestMethod codeBase="F:/advisorsrepo/wcfhttp/Http/Test/Microsoft.ApplicationServer.Http/Unit/bin/Release/Microsoft.ApplicationServer.Http.CIT.Unit.DLL" adapterTypeName="Microsoft.VisualStudio.TestTools.TestTypes.Unit.UnitTestAdapter, Microsoft.VisualStudio.QualityTools.Tips.UnitTest.Adapter, Version=10.0.0.0, Culture=neutral, PublicKeyToken=b03f5f7f11d50a3a" className="Microsoft.ApplicationServer.Http.HttpContentExtensionMethodsTests, Microsoft.ApplicationServer.Http.CIT.Unit, Version=0.0.0.0, Culture=neutral, PublicKeyToken=null" name="ReadAsOrDefaultThrowsWithNullType" />
    </UnitTest>
    <UnitTest name="GetHttpResponseMessageReturnsAnHttpResponseMessage" storage="f:\advisorsrepo\wcfhttp\http\test\microsoft.applicationserver.http\unit\bin\release\microsoft.applicationserver.http.cit.unit.dll" id="493e28ee-b747-9a51-57f5-e25835ab26b9">
      <Description>GetHttpResponseMessage(object[]) returns the HttpResponseMessage instance in the last indice of the object[].</Description>
      <Execution timeOut="30000" id="f4544ce1-a18a-46a4-880c-8bca7ee65b4d" />
      <Owners>
        <Owner name="dravva" />
      </Owners>
      <TestCategory>
        <TestCategoryItem TestCategory="CIT" />
      </TestCategory>
      <TestMethod codeBase="F:/advisorsrepo/wcfhttp/Http/Test/Microsoft.ApplicationServer.Http/Unit/bin/Release/Microsoft.ApplicationServer.Http.CIT.Unit.DLL" adapterTypeName="Microsoft.VisualStudio.TestTools.TestTypes.Unit.UnitTestAdapter, Microsoft.VisualStudio.QualityTools.Tips.UnitTest.Adapter, Version=10.0.0.0, Culture=neutral, PublicKeyToken=b03f5f7f11d50a3a" className="Microsoft.ApplicationServer.Http.Dispatcher.OperationHandlerPipelineInfoTests, Microsoft.ApplicationServer.Http.CIT.Unit, Version=0.0.0.0, Culture=neutral, PublicKeyToken=null" name="GetHttpResponseMessageReturnsAnHttpResponseMessage" />
    </UnitTest>
    <UnitTest name="BuildChannelListener_Throws_For_Non_IReplyChannel" storage="f:\advisorsrepo\wcfhttp\http\test\microsoft.applicationserver.http\unit\bin\release\microsoft.applicationserver.http.cit.unit.dll" id="3c8c189c-a766-562c-fa23-4df2f0aa2056">
      <Description>HttpMessageEncodingBindingElement.BuildChannelListener throws for non-IReplyChannel.</Description>
      <Execution timeOut="30000" id="81105972-7c90-45d4-b7ac-f24c1967d5af" />
      <Owners>
        <Owner name="derik" />
      </Owners>
      <TestCategory>
        <TestCategoryItem TestCategory="CIT" />
      </TestCategory>
      <TestMethod codeBase="F:/advisorsrepo/wcfhttp/Http/Test/Microsoft.ApplicationServer.Http/Unit/bin/Release/Microsoft.ApplicationServer.Http.CIT.Unit.DLL" adapterTypeName="Microsoft.VisualStudio.TestTools.TestTypes.Unit.UnitTestAdapter, Microsoft.VisualStudio.QualityTools.Tips.UnitTest.Adapter, Version=10.0.0.0, Culture=neutral, PublicKeyToken=b03f5f7f11d50a3a" className="Microsoft.ApplicationServer.Http.Channels.HttpMessageEncodingBindingElementTests, Microsoft.ApplicationServer.Http.CIT.Unit, Version=0.0.0.0, Culture=neutral, PublicKeyToken=null" name="BuildChannelListener_Throws_For_Non_IReplyChannel" />
    </UnitTest>
    <UnitTest name="Mode_Throws_With_Invalid_HttpBindingSecurityMode_Value" storage="f:\advisorsrepo\wcfhttp\http\test\microsoft.applicationserver.http\unit\bin\release\microsoft.applicationserver.http.cit.unit.dll" id="f67354a7-7c4d-3d09-3f7a-a780c4ddbab2">
      <Description>HttpBindingSecurity.Mode throws with an invalid HttpBindingSecurityMode value.</Description>
      <Execution timeOut="30000" id="9d1d210b-555a-4495-9ad1-6f5060789388" />
      <Owners>
        <Owner name="derik" />
      </Owners>
      <TestCategory>
        <TestCategoryItem TestCategory="CIT" />
      </TestCategory>
      <TestMethod codeBase="F:/advisorsrepo/wcfhttp/Http/Test/Microsoft.ApplicationServer.Http/Unit/bin/Release/Microsoft.ApplicationServer.Http.CIT.Unit.DLL" adapterTypeName="Microsoft.VisualStudio.TestTools.TestTypes.Unit.UnitTestAdapter, Microsoft.VisualStudio.QualityTools.Tips.UnitTest.Adapter, Version=10.0.0.0, Culture=neutral, PublicKeyToken=b03f5f7f11d50a3a" className="Microsoft.ApplicationServer.Http.HttpBindingSecurityTests, Microsoft.ApplicationServer.Http.CIT.Unit, Version=0.0.0.0, Culture=neutral, PublicKeyToken=null" name="Mode_Throws_With_Invalid_HttpBindingSecurityMode_Value" />
    </UnitTest>
    <UnitTest name="CanReadTypeReturnsSameResultAsXmlSerializerConstructor" storage="f:\advisorsrepo\wcfhttp\http\test\microsoft.applicationserver.http\unit\bin\release\microsoft.applicationserver.http.cit.unit.dll" id="5c5de329-4b40-daad-ece3-4f0d7e8dfdca">
      <Description>XmlMediaTypeFormatter.CanReadType returns the same result as the XmlSerializer constructor.</Description>
      <Execution timeOut="240000" id="65edf513-88ed-428a-9255-6d628b3c3a10" />
      <Owners>
        <Owner name="dravva" />
      </Owners>
      <TestCategory>
        <TestCategoryItem TestCategory="CIT" />
      </TestCategory>
      <TestMethod codeBase="F:/advisorsrepo/wcfhttp/Http/Test/Microsoft.ApplicationServer.Http/Unit/bin/Release/Microsoft.ApplicationServer.Http.CIT.Unit.DLL" adapterTypeName="Microsoft.VisualStudio.TestTools.TestTypes.Unit.UnitTestAdapter, Microsoft.VisualStudio.QualityTools.Tips.UnitTest.Adapter, Version=10.0.0.0, Culture=neutral, PublicKeyToken=b03f5f7f11d50a3a" className="Microsoft.ApplicationServer.Http.XmlMediaTypeFormatterTests, Microsoft.ApplicationServer.Http.CIT.Unit, Version=0.0.0.0, Culture=neutral, PublicKeyToken=null" name="CanReadTypeReturnsSameResultAsXmlSerializerConstructor" />
    </UnitTest>
    <UnitTest name="ConstructorThrowsIfAServiceOperationInputCanNotBeBoundAndItCanBeConvertedToFromAString" storage="f:\advisorsrepo\wcfhttp\http\test\microsoft.applicationserver.http\unit\bin\release\microsoft.applicationserver.http.cit.unit.dll" id="40e30ed1-79e1-7268-30b1-c2dfa0104ff1">
      <Description>OperationHandlerPipelineInfo(IEnumerable&lt;HttpOperationHandler&gt;, IEnumerable&lt;HttpOperationHandler&gt;, HttpOperationDescription) throws if a service operation input parameter can not bound and it can be conveted to from a string.</Description>
      <Execution timeOut="30000" id="09194d48-25a7-406b-8c40-c46f502423f5" />
      <Owners>
        <Owner name="dravva" />
      </Owners>
      <TestCategory>
        <TestCategoryItem TestCategory="CIT" />
      </TestCategory>
      <TestMethod codeBase="F:/advisorsrepo/wcfhttp/Http/Test/Microsoft.ApplicationServer.Http/Unit/bin/Release/Microsoft.ApplicationServer.Http.CIT.Unit.DLL" adapterTypeName="Microsoft.VisualStudio.TestTools.TestTypes.Unit.UnitTestAdapter, Microsoft.VisualStudio.QualityTools.Tips.UnitTest.Adapter, Version=10.0.0.0, Culture=neutral, PublicKeyToken=b03f5f7f11d50a3a" className="Microsoft.ApplicationServer.Http.Dispatcher.OperationHandlerPipelineInfoTests, Microsoft.ApplicationServer.Http.CIT.Unit, Version=0.0.0.0, Culture=neutral, PublicKeyToken=null" name="ConstructorThrowsIfAServiceOperationInputCanNotBeBoundAndItCanBeConvertedToFromAString" />
    </UnitTest>
    <UnitTest name="WriteMessage_Throws_If_MaxMessageSize_Parameter_Is_Negative" storage="f:\advisorsrepo\wcfhttp\http\test\microsoft.applicationserver.http\unit\bin\release\microsoft.applicationserver.http.cit.unit.dll" id="7c122e73-cebb-cdb0-4e93-333ad11bd4aa">
      <Description>HttpMessageEncoder.WriteMessage throws if the maxMessageSize parameter is negative.</Description>
      <Execution timeOut="30000" id="1ee0ff3f-8c04-4d08-bcb0-a0e15a1c2b66" />
      <Owners>
        <Owner name="derik" />
      </Owners>
      <TestCategory>
        <TestCategoryItem TestCategory="CIT" />
      </TestCategory>
      <TestMethod codeBase="F:/advisorsrepo/wcfhttp/Http/Test/Microsoft.ApplicationServer.Http/Unit/bin/Release/Microsoft.ApplicationServer.Http.CIT.Unit.DLL" adapterTypeName="Microsoft.VisualStudio.TestTools.TestTypes.Unit.UnitTestAdapter, Microsoft.VisualStudio.QualityTools.Tips.UnitTest.Adapter, Version=10.0.0.0, Culture=neutral, PublicKeyToken=b03f5f7f11d50a3a" className="Microsoft.ApplicationServer.Http.Channels.HttpMessageEncoderTests, Microsoft.ApplicationServer.Http.CIT.Unit, Version=0.0.0.0, Culture=neutral, PublicKeyToken=null" name="WriteMessage_Throws_If_MaxMessageSize_Parameter_Is_Negative" />
    </UnitTest>
    <UnitTest name="SerializeToStreamAsyncUsesXmlMediaTypeFormatterWithNoMatchingFormatters" storage="f:\advisorsrepo\wcfhttp\http\test\microsoft.applicationserver.http\unit\bin\release\microsoft.applicationserver.http.cit.unit.dll" id="32ff42a4-f2ea-bcd3-b1f4-e1c431b3394f">
      <Description>SerializeToStreamAsync() uses the XmlMediaTypeFormatter if no matching formatters are available.</Description>
      <Execution timeOut="30000" id="55705ea1-3eef-408e-b7bf-7364565cbf83" />
      <Owners>
        <Owner name="dravva" />
      </Owners>
      <TestCategory>
        <TestCategoryItem TestCategory="CIT" />
      </TestCategory>
      <TestMethod codeBase="F:/advisorsrepo/wcfhttp/Http/Test/Microsoft.ApplicationServer.Http/Unit/bin/Release/Microsoft.ApplicationServer.Http.CIT.Unit.DLL" adapterTypeName="Microsoft.VisualStudio.TestTools.TestTypes.Unit.UnitTestAdapter, Microsoft.VisualStudio.QualityTools.Tips.UnitTest.Adapter, Version=10.0.0.0, Culture=neutral, PublicKeyToken=b03f5f7f11d50a3a" className="Microsoft.ApplicationServer.Http.ObjectContentTests, Microsoft.ApplicationServer.Http.CIT.Unit, Version=0.0.0.0, Culture=neutral, PublicKeyToken=null" name="SerializeToStreamAsyncUsesXmlMediaTypeFormatterWithNoMatchingFormatters" />
    </UnitTest>
    <UnitTest name="Constructor6ThrowsWithNullType" storage="f:\advisorsrepo\wcfhttp\http\test\microsoft.applicationserver.http\unit\bin\release\microsoft.applicationserver.http.cit.unit.dll" id="24665181-53e6-c43d-e8fb-25326bb6eb8a">
      <Description>ObjectContent(Type, object, MediaTypeHeaderValue, IEnumerable&lt;MediaTypeFormatter&gt;) throws for a null Type parameter.</Description>
      <Execution timeOut="30000" id="1099c984-cf02-479b-a825-026d7e9038af" />
      <Owners>
        <Owner name="dravva" />
      </Owners>
      <TestCategory>
        <TestCategoryItem TestCategory="CIT" />
      </TestCategory>
      <TestMethod codeBase="F:/advisorsrepo/wcfhttp/Http/Test/Microsoft.ApplicationServer.Http/Unit/bin/Release/Microsoft.ApplicationServer.Http.CIT.Unit.DLL" adapterTypeName="Microsoft.VisualStudio.TestTools.TestTypes.Unit.UnitTestAdapter, Microsoft.VisualStudio.QualityTools.Tips.UnitTest.Adapter, Version=10.0.0.0, Culture=neutral, PublicKeyToken=b03f5f7f11d50a3a" className="Microsoft.ApplicationServer.Http.ObjectContentTests, Microsoft.ApplicationServer.Http.CIT.Unit, Version=0.0.0.0, Culture=neutral, PublicKeyToken=null" name="Constructor6ThrowsWithNullType" />
    </UnitTest>
    <UnitTest name="ReadMessage_With_Stream_Throws_If_Stream_Parameter_Is_Null" storage="f:\advisorsrepo\wcfhttp\http\test\microsoft.applicationserver.http\unit\bin\release\microsoft.applicationserver.http.cit.unit.dll" id="6522201c-65d0-1959-c02c-bcdadc980e72">
      <Description>HttpMessageEncoder.ReadMessage throws if the stream parameter is null.</Description>
      <Execution timeOut="30000" id="72b888b0-3bd1-41a6-8fca-9fad51e827c8" />
      <Owners>
        <Owner name="derik" />
      </Owners>
      <TestCategory>
        <TestCategoryItem TestCategory="CIT" />
      </TestCategory>
      <TestMethod codeBase="F:/advisorsrepo/wcfhttp/Http/Test/Microsoft.ApplicationServer.Http/Unit/bin/Release/Microsoft.ApplicationServer.Http.CIT.Unit.DLL" adapterTypeName="Microsoft.VisualStudio.TestTools.TestTypes.Unit.UnitTestAdapter, Microsoft.VisualStudio.QualityTools.Tips.UnitTest.Adapter, Version=10.0.0.0, Culture=neutral, PublicKeyToken=b03f5f7f11d50a3a" className="Microsoft.ApplicationServer.Http.Channels.HttpMessageEncoderTests, Microsoft.ApplicationServer.Http.CIT.Unit, Version=0.0.0.0, Culture=neutral, PublicKeyToken=null" name="ReadMessage_With_Stream_Throws_If_Stream_Parameter_Is_Null" />
    </UnitTest>
    <UnitTest name="TypeIsCorrect" storage="f:\advisorsrepo\wcfhttp\http\test\microsoft.applicationserver.http\unit\bin\release\microsoft.applicationserver.http.cit.unit.dll" id="cbe5fa2b-5746-cfe2-8616-f73ab14a9fae">
      <Description>MediaTypeFormatterExtensionMethods is public and static.</Description>
      <Execution timeOut="30000" id="94092513-207d-4c82-95f4-471c1f154aa0" />
      <Owners>
        <Owner name="dravva" />
      </Owners>
      <TestCategory>
        <TestCategoryItem TestCategory="CIT" />
      </TestCategory>
      <TestMethod codeBase="F:/advisorsrepo/wcfhttp/Http/Test/Microsoft.ApplicationServer.Http/Unit/bin/Release/Microsoft.ApplicationServer.Http.CIT.Unit.DLL" adapterTypeName="Microsoft.VisualStudio.TestTools.TestTypes.Unit.UnitTestAdapter, Microsoft.VisualStudio.QualityTools.Tips.UnitTest.Adapter, Version=10.0.0.0, Culture=neutral, PublicKeyToken=b03f5f7f11d50a3a" className="Microsoft.ApplicationServer.Http.MediaTypeFormatterExtensionMethodsTests, Microsoft.ApplicationServer.Http.CIT.Unit, Version=0.0.0.0, Culture=neutral, PublicKeyToken=null" name="TypeIsCorrect" />
    </UnitTest>
    <UnitTest name="Constructor" storage="f:\advisorsrepo\wcfhttp\http\test\microsoft.applicationserver.http\unit\bin\release\microsoft.applicationserver.http.cit.unit.dll" id="b1d53f63-9b5a-115e-8135-4790d789c907">
      <Description>ObjectContent(Type, object) sets Type (private) ObjectInstance properties.  ContentType defaults to null.</Description>
      <Execution timeOut="30000" id="9adefbdd-bfce-46ca-9eb8-868b9bbd5efc" />
      <Owners>
        <Owner name="dravva" />
      </Owners>
      <TestCategory>
        <TestCategoryItem TestCategory="CIT" />
      </TestCategory>
      <TestMethod codeBase="F:/advisorsrepo/wcfhttp/Http/Test/Microsoft.ApplicationServer.Http/Unit/bin/Release/Microsoft.ApplicationServer.Http.CIT.Unit.DLL" adapterTypeName="Microsoft.VisualStudio.TestTools.TestTypes.Unit.UnitTestAdapter, Microsoft.VisualStudio.QualityTools.Tips.UnitTest.Adapter, Version=10.0.0.0, Culture=neutral, PublicKeyToken=b03f5f7f11d50a3a" className="Microsoft.ApplicationServer.Http.ObjectContentTests, Microsoft.ApplicationServer.Http.CIT.Unit, Version=0.0.0.0, Culture=neutral, PublicKeyToken=null" name="Constructor" />
    </UnitTest>
    <UnitTest name="HttpParameterCollection_Ctor_From_Input_MessagePartDescriptionCollection" storage="f:\advisorsrepo\wcfhttp\http\test\microsoft.applicationserver.http\unit\bin\release\microsoft.applicationserver.http.cit.unit.dll" id="e8868e07-99d8-10dc-9644-c9a175e32efb">
      <Description>HttpParameterCollection can be constructed from input MessagePartDescriptionCollection</Description>
      <Execution timeOut="30000" id="a334dd73-890f-483d-929b-60a2bc6118b9" />
      <Owners>
        <Owner name="derik" />
      </Owners>
      <TestCategory>
        <TestCategoryItem TestCategory="CIT" />
      </TestCategory>
      <TestMethod codeBase="F:/advisorsrepo/wcfhttp/Http/Test/Microsoft.ApplicationServer.Http/Unit/bin/Release/Microsoft.ApplicationServer.Http.CIT.Unit.DLL" adapterTypeName="Microsoft.VisualStudio.TestTools.TestTypes.Unit.UnitTestAdapter, Microsoft.VisualStudio.QualityTools.Tips.UnitTest.Adapter, Version=10.0.0.0, Culture=neutral, PublicKeyToken=b03f5f7f11d50a3a" className="Microsoft.ApplicationServer.Http.Description.HttpParameterCollectionTests, Microsoft.ApplicationServer.Http.CIT.Unit, Version=0.0.0.0, Culture=neutral, PublicKeyToken=null" name="HttpParameterCollection_Ctor_From_Input_MessagePartDescriptionCollection" />
    </UnitTest>
    <UnitTest name="HandleCallsOnHandleOfGeneric05" storage="f:\advisorsrepo\wcfhttp\http\test\microsoft.applicationserver.http\unit\bin\release\microsoft.applicationserver.http.cit.unit.dll" id="62dc6219-f8b7-1800-cbb5-f3387b083ce8">
      <Description>Handle(object[]) calls OnHandle for the generic HttpOperationHandlerOfT.</Description>
      <Execution timeOut="30000" id="0fe6a944-bda4-4978-a7ac-c30967612de0" />
      <Owners>
        <Owner name="dravva" />
      </Owners>
      <TestCategory>
        <TestCategoryItem TestCategory="CIT" />
      </TestCategory>
      <TestMethod codeBase="F:/advisorsrepo/wcfhttp/Http/Test/Microsoft.ApplicationServer.Http/Unit/bin/Release/Microsoft.ApplicationServer.Http.CIT.Unit.DLL" adapterTypeName="Microsoft.VisualStudio.TestTools.TestTypes.Unit.UnitTestAdapter, Microsoft.VisualStudio.QualityTools.Tips.UnitTest.Adapter, Version=10.0.0.0, Culture=neutral, PublicKeyToken=b03f5f7f11d50a3a" className="Microsoft.ApplicationServer.Http.Dispatcher.HttpOperationHandlerOfTTests, Microsoft.ApplicationServer.Http.CIT.Unit, Version=0.0.0.0, Culture=neutral, PublicKeyToken=null" name="HandleCallsOnHandleOfGeneric05" />
    </UnitTest>
    <UnitTest name="CopyToCallsSerializeToStream" storage="f:\advisorsrepo\wcfhttp\http\test\microsoft.applicationserver.http\unit\bin\release\microsoft.applicationserver.http.cit.unit.dll" id="dd1ac30c-3bb5-913f-2418-96fb84a72f99">
      <Description>CopyTo(Stream) public method calls SerializeToStream protected method.</Description>
      <Execution timeOut="30000" id="d7c02ace-489d-4578-8323-944492760111" />
      <Owners>
        <Owner name="dravva" />
      </Owners>
      <TestCategory>
        <TestCategoryItem TestCategory="CIT" />
      </TestCategory>
      <TestMethod codeBase="F:/advisorsrepo/wcfhttp/Http/Test/Microsoft.ApplicationServer.Http/Unit/bin/Release/Microsoft.ApplicationServer.Http.CIT.Unit.DLL" adapterTypeName="Microsoft.VisualStudio.TestTools.TestTypes.Unit.UnitTestAdapter, Microsoft.VisualStudio.QualityTools.Tips.UnitTest.Adapter, Version=10.0.0.0, Culture=neutral, PublicKeyToken=b03f5f7f11d50a3a" className="Microsoft.ApplicationServer.Http.ObjectContentTests, Microsoft.ApplicationServer.Http.CIT.Unit, Version=0.0.0.0, Culture=neutral, PublicKeyToken=null" name="CopyToCallsSerializeToStream" />
    </UnitTest>
    <UnitTest name="CreateMessageEncoderFactory_Returns_An_HttpMessageEncoderFactory" storage="f:\advisorsrepo\wcfhttp\http\test\microsoft.applicationserver.http\unit\bin\release\microsoft.applicationserver.http.cit.unit.dll" id="001a39aa-1f8a-8b11-a812-057781d8ee75">
      <Description>HttpMessageEncodingBindingElement.CreateMessageEncoderFactory returns an instance of a HttpMessageEncoderFactory.</Description>
      <Execution timeOut="30000" id="a6b620f2-7396-4b16-9440-6ee5755ace46" />
      <Owners>
        <Owner name="derik" />
      </Owners>
      <TestCategory>
        <TestCategoryItem TestCategory="CIT" />
      </TestCategory>
      <TestMethod codeBase="F:/advisorsrepo/wcfhttp/Http/Test/Microsoft.ApplicationServer.Http/Unit/bin/Release/Microsoft.ApplicationServer.Http.CIT.Unit.DLL" adapterTypeName="Microsoft.VisualStudio.TestTools.TestTypes.Unit.UnitTestAdapter, Microsoft.VisualStudio.QualityTools.Tips.UnitTest.Adapter, Version=10.0.0.0, Culture=neutral, PublicKeyToken=b03f5f7f11d50a3a" className="Microsoft.ApplicationServer.Http.Channels.HttpMessageEncodingBindingElementTests, Microsoft.ApplicationServer.Http.CIT.Unit, Version=0.0.0.0, Culture=neutral, PublicKeyToken=null" name="CreateMessageEncoderFactory_Returns_An_HttpMessageEncoderFactory" />
    </UnitTest>
    <UnitTest name="Mode_Is_None_By_Default" storage="f:\advisorsrepo\wcfhttp\http\test\microsoft.applicationserver.http\unit\bin\release\microsoft.applicationserver.http.cit.unit.dll" id="7b60f961-e205-03a0-285f-296df9664e70">
      <Description>HttpBindingSecurity.Mode is HttpBindingSecurityMode.None by default.</Description>
      <Execution timeOut="30000" id="c5d71e87-0370-4844-979e-f9a468904df4" />
      <Owners>
        <Owner name="derik" />
      </Owners>
      <TestCategory>
        <TestCategoryItem TestCategory="CIT" />
      </TestCategory>
      <TestMethod codeBase="F:/advisorsrepo/wcfhttp/Http/Test/Microsoft.ApplicationServer.Http/Unit/bin/Release/Microsoft.ApplicationServer.Http.CIT.Unit.DLL" adapterTypeName="Microsoft.VisualStudio.TestTools.TestTypes.Unit.UnitTestAdapter, Microsoft.VisualStudio.QualityTools.Tips.UnitTest.Adapter, Version=10.0.0.0, Culture=neutral, PublicKeyToken=b03f5f7f11d50a3a" className="Microsoft.ApplicationServer.Http.HttpBindingSecurityTests, Microsoft.ApplicationServer.Http.CIT.Unit, Version=0.0.0.0, Culture=neutral, PublicKeyToken=null" name="Mode_Is_None_By_Default" />
    </UnitTest>
    <UnitTest name="HttpParameterCollection_Synchronized_Indexer" storage="f:\advisorsrepo\wcfhttp\http\test\microsoft.applicationserver.http\unit\bin\release\microsoft.applicationserver.http.cit.unit.dll" id="9012c12c-9f95-a092-2bfe-aca4449e941f">
      <Description>HttpParameterCollection created from MessagePartDescriptionCollection implements Indexer correctly</Description>
      <Execution timeOut="30000" id="fa59939d-434f-451d-8b7f-66bdbc352961" />
      <Owners>
        <Owner name="derik" />
      </Owners>
      <TestCategory>
        <TestCategoryItem TestCategory="CIT" />
      </TestCategory>
      <TestMethod codeBase="F:/advisorsrepo/wcfhttp/Http/Test/Microsoft.ApplicationServer.Http/Unit/bin/Release/Microsoft.ApplicationServer.Http.CIT.Unit.DLL" adapterTypeName="Microsoft.VisualStudio.TestTools.TestTypes.Unit.UnitTestAdapter, Microsoft.VisualStudio.QualityTools.Tips.UnitTest.Adapter, Version=10.0.0.0, Culture=neutral, PublicKeyToken=b03f5f7f11d50a3a" className="Microsoft.ApplicationServer.Http.Description.HttpParameterCollectionTests, Microsoft.ApplicationServer.Http.CIT.Unit, Version=0.0.0.0, Culture=neutral, PublicKeyToken=null" name="HttpParameterCollection_Synchronized_Indexer" />
    </UnitTest>
    <UnitTest name="Headers_Count_Is_Zero_By_Default" storage="f:\advisorsrepo\wcfhttp\http\test\microsoft.applicationserver.http\unit\bin\release\microsoft.applicationserver.http.cit.unit.dll" id="43c682d3-287d-8f99-bb9c-4a5ca66cb499">
      <Description>HttpMessage.Headers always has zero headers.</Description>
      <Execution timeOut="30000" id="33bc1d4b-5dcc-4ba2-a252-56820ea85556" />
      <Owners>
        <Owner name="derik" />
      </Owners>
      <TestCategory>
        <TestCategoryItem TestCategory="CIT" />
      </TestCategory>
      <TestMethod codeBase="F:/advisorsrepo/wcfhttp/Http/Test/Microsoft.ApplicationServer.Http/Unit/bin/Release/Microsoft.ApplicationServer.Http.CIT.Unit.DLL" adapterTypeName="Microsoft.VisualStudio.TestTools.TestTypes.Unit.UnitTestAdapter, Microsoft.VisualStudio.QualityTools.Tips.UnitTest.Adapter, Version=10.0.0.0, Culture=neutral, PublicKeyToken=b03f5f7f11d50a3a" className="Microsoft.ApplicationServer.Http.Channels.HttpMessageTests, Microsoft.ApplicationServer.Http.CIT.Unit, Version=0.0.0.0, Culture=neutral, PublicKeyToken=null" name="Headers_Count_Is_Zero_By_Default" />
    </UnitTest>
    <UnitTest name="UnitTestClassIsCorrect" storage="f:\advisorsrepo\wcfhttp\http\test\microsoft.applicationserver.http\unit\bin\release\microsoft.applicationserver.http.cit.unit.dll" id="432df276-83e5-dce0-94e9-e8b3284738d7">
      <Execution timeOut="1800000" id="7d65d0cc-b613-42f5-a996-b0fb9e329676" />
      <TestMethod codeBase="F:/advisorsrepo/wcfhttp/Http/Test/Microsoft.ApplicationServer.Http/Unit/bin/Release/Microsoft.ApplicationServer.Http.CIT.Unit.DLL" adapterTypeName="Microsoft.VisualStudio.TestTools.TestTypes.Unit.UnitTestAdapter, Microsoft.VisualStudio.QualityTools.Tips.UnitTest.Adapter, Version=10.0.0.0, Culture=neutral, PublicKeyToken=b03f5f7f11d50a3a" className="Microsoft.ApplicationServer.Http.Dispatcher.HttpTypeHelperTests, Microsoft.ApplicationServer.Http.CIT.Unit, Version=0.0.0.0, Culture=neutral, PublicKeyToken=null" name="UnitTestClassIsCorrect" />
    </UnitTest>
    <UnitTest name="UnitTestClassIsCorrect" storage="f:\advisorsrepo\wcfhttp\http\test\microsoft.applicationserver.http\unit\bin\release\microsoft.applicationserver.http.cit.unit.dll" id="61baba43-f09d-bc5d-b600-0f3157e72fef">
      <Execution timeOut="1800000" id="a7d970ef-8a8f-4814-b239-b7afc5afccb9" />
      <TestMethod codeBase="F:/advisorsrepo/wcfhttp/Http/Test/Microsoft.ApplicationServer.Http/Unit/bin/Release/Microsoft.ApplicationServer.Http.CIT.Unit.DLL" adapterTypeName="Microsoft.VisualStudio.TestTools.TestTypes.Unit.UnitTestAdapter, Microsoft.VisualStudio.QualityTools.Tips.UnitTest.Adapter, Version=10.0.0.0, Culture=neutral, PublicKeyToken=b03f5f7f11d50a3a" className="Microsoft.ApplicationServer.Http.HttpResponseMessageOfTTests, Microsoft.ApplicationServer.Http.CIT.Unit, Version=0.0.0.0, Culture=neutral, PublicKeyToken=null" name="UnitTestClassIsCorrect" />
    </UnitTest>
    <UnitTest name="ReadFromStreamAsyncRoundTripsWriteToStreamAsyncUsingXmlSerializer" storage="f:\advisorsrepo\wcfhttp\http\test\microsoft.applicationserver.http\unit\bin\release\microsoft.applicationserver.http.cit.unit.dll" id="e2edefec-5189-8c48-46b1-b637ce7cf3bd">
      <Description>XmlMediaTypeFormatter.ReadFromStreamAsync returns all value and reference types serialized via WriteToStreamAsync using XmlSerializer.</Description>
      <Execution timeOut="240000" id="2870517c-d24f-4049-b172-a4bbec005d8d" />
      <Owners>
        <Owner name="dravva" />
      </Owners>
      <TestCategory>
        <TestCategoryItem TestCategory="CIT" />
      </TestCategory>
      <TestMethod codeBase="F:/advisorsrepo/wcfhttp/Http/Test/Microsoft.ApplicationServer.Http/Unit/bin/Release/Microsoft.ApplicationServer.Http.CIT.Unit.DLL" adapterTypeName="Microsoft.VisualStudio.TestTools.TestTypes.Unit.UnitTestAdapter, Microsoft.VisualStudio.QualityTools.Tips.UnitTest.Adapter, Version=10.0.0.0, Culture=neutral, PublicKeyToken=b03f5f7f11d50a3a" className="Microsoft.ApplicationServer.Http.XmlMediaTypeFormatterTests, Microsoft.ApplicationServer.Http.CIT.Unit, Version=0.0.0.0, Culture=neutral, PublicKeyToken=null" name="ReadFromStreamAsyncRoundTripsWriteToStreamAsyncUsingXmlSerializer" />
    </UnitTest>
    <UnitTest name="IsAssignableFromParameterReturnsFalseForReferenceTypeToValueType" storage="f:\advisorsrepo\wcfhttp\http\test\microsoft.applicationserver.http\unit\bin\release\microsoft.applicationserver.http.cit.unit.dll" id="d04d17a7-3cf3-f49e-3705-2736ffe2df40">
      <Description>IsAssignableFromParameter(Type) returns false for a reference type for all values type.</Description>
      <Execution timeOut="30000" id="1be3b6f6-6e1f-4314-bb2a-64a37d5e2c61" />
      <Owners>
        <Owner name="dravva" />
      </Owners>
      <TestCategory>
        <TestCategoryItem TestCategory="CIT" />
      </TestCategory>
      <TestMethod codeBase="F:/advisorsrepo/wcfhttp/Http/Test/Microsoft.ApplicationServer.Http/Unit/bin/Release/Microsoft.ApplicationServer.Http.CIT.Unit.DLL" adapterTypeName="Microsoft.VisualStudio.TestTools.TestTypes.Unit.UnitTestAdapter, Microsoft.VisualStudio.QualityTools.Tips.UnitTest.Adapter, Version=10.0.0.0, Culture=neutral, PublicKeyToken=b03f5f7f11d50a3a" className="Microsoft.ApplicationServer.Http.Description.HttpParameterTests, Microsoft.ApplicationServer.Http.CIT.Unit, Version=0.0.0.0, Culture=neutral, PublicKeyToken=null" name="IsAssignableFromParameterReturnsFalseForReferenceTypeToValueType" />
    </UnitTest>
    <UnitTest name="Constructor2ConvertsNullValueTypeToDefault" storage="f:\advisorsrepo\wcfhttp\http\test\microsoft.applicationserver.http\unit\bin\release\microsoft.applicationserver.http.cit.unit.dll" id="490a366b-7b34-5f58-bbbb-ec7dd2151e74">
      <Description>ObjectContent&lt;T&gt;(T, MediaTypeHeaderValue) converts null value types to that type's default value and sets (private) ObjectInstance.</Description>
      <Execution timeOut="30000" id="18c28bb2-deb8-4f17-8301-5982557affdc" />
      <Owners>
        <Owner name="dravva" />
      </Owners>
      <TestCategory>
        <TestCategoryItem TestCategory="CIT" />
      </TestCategory>
      <TestMethod codeBase="F:/advisorsrepo/wcfhttp/Http/Test/Microsoft.ApplicationServer.Http/Unit/bin/Release/Microsoft.ApplicationServer.Http.CIT.Unit.DLL" adapterTypeName="Microsoft.VisualStudio.TestTools.TestTypes.Unit.UnitTestAdapter, Microsoft.VisualStudio.QualityTools.Tips.UnitTest.Adapter, Version=10.0.0.0, Culture=neutral, PublicKeyToken=b03f5f7f11d50a3a" className="Microsoft.ApplicationServer.Http.ObjectContentOfTTests, Microsoft.ApplicationServer.Http.CIT.Unit, Version=0.0.0.0, Culture=neutral, PublicKeyToken=null" name="Constructor2ConvertsNullValueTypeToDefault" />
    </UnitTest>
    <UnitTest name="ReadAsAsyncGetsTaskOfObject" storage="f:\advisorsrepo\wcfhttp\http\test\microsoft.applicationserver.http\unit\bin\release\microsoft.applicationserver.http.cit.unit.dll" id="ff15a40b-9540-44a7-409a-ccf2df5f4b73">
      <Description>ReadAsAsync() gets a Task&lt;object&gt; returning object instance provided to the constructor for all value and reference types.</Description>
      <Execution timeOut="30000" id="ffc2fd87-0a2f-4a25-a53d-2ddd60e41ba9" />
      <Owners>
        <Owner name="dravva" />
      </Owners>
      <TestCategory>
        <TestCategoryItem TestCategory="CIT" />
      </TestCategory>
      <TestMethod codeBase="F:/advisorsrepo/wcfhttp/Http/Test/Microsoft.ApplicationServer.Http/Unit/bin/Release/Microsoft.ApplicationServer.Http.CIT.Unit.DLL" adapterTypeName="Microsoft.VisualStudio.TestTools.TestTypes.Unit.UnitTestAdapter, Microsoft.VisualStudio.QualityTools.Tips.UnitTest.Adapter, Version=10.0.0.0, Culture=neutral, PublicKeyToken=b03f5f7f11d50a3a" className="Microsoft.ApplicationServer.Http.ObjectContentTests, Microsoft.ApplicationServer.Http.CIT.Unit, Version=0.0.0.0, Culture=neutral, PublicKeyToken=null" name="ReadAsAsyncGetsTaskOfObject" />
    </UnitTest>
    <UnitTest name="IsWithinMediaRange_Returns_False_When_Charset_Is_Different" storage="f:\advisorsrepo\wcfhttp\http\test\microsoft.applicationserver.http\unit\bin\release\microsoft.applicationserver.http.cit.unit.dll" id="2fe57b50-957a-a3c6-926a-890027626ce8">
      <Description>MediaTypeHeadeValueExtensionMethods.IsMediaRange returns false when the media type and media range have different charsets.</Description>
      <Execution timeOut="30000" id="3994e5c0-44ab-4350-86c9-1f4d90e3df8c" />
      <Owners>
        <Owner name="vinelap" />
      </Owners>
      <TestCategory>
        <TestCategoryItem TestCategory="CIT" />
      </TestCategory>
      <TestMethod codeBase="F:/advisorsrepo/wcfhttp/Http/Test/Microsoft.ApplicationServer.Http/Unit/bin/Release/Microsoft.ApplicationServer.Http.CIT.Unit.DLL" adapterTypeName="Microsoft.VisualStudio.TestTools.TestTypes.Unit.UnitTestAdapter, Microsoft.VisualStudio.QualityTools.Tips.UnitTest.Adapter, Version=10.0.0.0, Culture=neutral, PublicKeyToken=b03f5f7f11d50a3a" className="Microsoft.ApplicationServer.Http.MediaTypeHeadeValueExtensionMethodsTests, Microsoft.ApplicationServer.Http.CIT.Unit, Version=0.0.0.0, Culture=neutral, PublicKeyToken=null" name="IsWithinMediaRange_Returns_False_When_Charset_Is_Different" />
    </UnitTest>
    <UnitTest name="Endpoint_Ctor_Initializes_All_Properties" storage="f:\advisorsrepo\wcfhttp\http\test\microsoft.applicationserver.http\unit\bin\release\microsoft.applicationserver.http.cit.unit.dll" id="4f582fb5-2aaf-57c4-7968-be1184feb8d0">
      <Description>HttpEndpointElement ctor initializes all properties to known defaults</Description>
      <Execution timeOut="30000" id="f819ded7-71bc-422f-be8f-c4ff2adefbd4" />
      <Owners>
        <Owner name="vinelap" />
      </Owners>
      <TestCategory>
        <TestCategoryItem TestCategory="CIT" />
      </TestCategory>
      <TestMethod codeBase="F:/advisorsrepo/wcfhttp/Http/Test/Microsoft.ApplicationServer.Http/Unit/bin/Release/Microsoft.ApplicationServer.Http.CIT.Unit.DLL" adapterTypeName="Microsoft.VisualStudio.TestTools.TestTypes.Unit.UnitTestAdapter, Microsoft.VisualStudio.QualityTools.Tips.UnitTest.Adapter, Version=10.0.0.0, Culture=neutral, PublicKeyToken=b03f5f7f11d50a3a" className="Microsoft.ApplicationServer.Http.Configuration.HttpEndpointElementTests, Microsoft.ApplicationServer.Http.CIT.Unit, Version=0.0.0.0, Culture=neutral, PublicKeyToken=null" name="Endpoint_Ctor_Initializes_All_Properties" />
    </UnitTest>
    <UnitTest name="Equals_Returns_False_If_MediaTypes_Differ_By_More_Than_Case" storage="f:\advisorsrepo\wcfhttp\http\test\microsoft.applicationserver.http\unit\bin\release\microsoft.applicationserver.http.cit.unit.dll" id="b9720b37-eb2a-b2e7-aac6-095af08de331">
      <Description>MediaTypeHeaderValueEqualityComparer.Equals returns false if media types and charsets differ by more than case.</Description>
      <Execution timeOut="30000" id="026ff285-1fc4-44c9-856d-3c013415f3e9" />
      <Owners>
        <Owner name="vinelap" />
      </Owners>
      <TestCategory>
        <TestCategoryItem TestCategory="CIT" />
      </TestCategory>
      <TestMethod codeBase="F:/advisorsrepo/wcfhttp/Http/Test/Microsoft.ApplicationServer.Http/Unit/bin/Release/Microsoft.ApplicationServer.Http.CIT.Unit.DLL" adapterTypeName="Microsoft.VisualStudio.TestTools.TestTypes.Unit.UnitTestAdapter, Microsoft.VisualStudio.QualityTools.Tips.UnitTest.Adapter, Version=10.0.0.0, Culture=neutral, PublicKeyToken=b03f5f7f11d50a3a" className="Microsoft.ApplicationServer.Http.MediaTypeHeadeValueEqualityComparerTests, Microsoft.ApplicationServer.Http.CIT.Unit, Version=0.0.0.0, Culture=neutral, PublicKeyToken=null" name="Equals_Returns_False_If_MediaTypes_Differ_By_More_Than_Case" />
    </UnitTest>
    <UnitTest name="Open_Calls_The_Inner_Listener_With_Timeout" storage="f:\advisorsrepo\wcfhttp\http\test\microsoft.applicationserver.http\unit\bin\release\microsoft.applicationserver.http.cit.unit.dll" id="d115d3fc-f47d-5ebf-dbac-c5fc96ae27ed">
      <Description>HttpMessageEncodingChannelListener.Open calls Open on the inner listener with the given timeout value.</Description>
      <Execution timeOut="30000" id="b5a74187-743c-4297-954a-d2a8a16d763e" />
      <Owners>
        <Owner name="derik" />
      </Owners>
      <TestCategory>
        <TestCategoryItem TestCategory="CIT" />
      </TestCategory>
      <TestMethod codeBase="F:/advisorsrepo/wcfhttp/Http/Test/Microsoft.ApplicationServer.Http/Unit/bin/Release/Microsoft.ApplicationServer.Http.CIT.Unit.DLL" adapterTypeName="Microsoft.VisualStudio.TestTools.TestTypes.Unit.UnitTestAdapter, Microsoft.VisualStudio.QualityTools.Tips.UnitTest.Adapter, Version=10.0.0.0, Culture=neutral, PublicKeyToken=b03f5f7f11d50a3a" className="Microsoft.ApplicationServer.Http.Channels.HttpMessageEncodingChannelListenerTests, Microsoft.ApplicationServer.Http.CIT.Unit, Version=0.0.0.0, Culture=neutral, PublicKeyToken=null" name="Open_Calls_The_Inner_Listener_With_Timeout" />
    </UnitTest>
    <UnitTest name="AfterReceiveRequest_Null_HttpRequestMessage_Throws" storage="f:\advisorsrepo\wcfhttp\http\test\microsoft.applicationserver.http\unit\bin\release\microsoft.applicationserver.http.cit.unit.dll" id="60080ed0-900b-79ca-baf3-77e6d6514461">
      <Description>IDispatchMessageInspector.AfterReceiveRequest throws InvalidOperationException for null HttpRequestMessage argument.</Description>
      <Execution timeOut="30000" id="b0318baf-6cc4-4a0b-9e5d-450f1937b4d6" />
      <Owners>
        <Owner name="maying" />
      </Owners>
      <TestCategory>
        <TestCategoryItem TestCategory="CIT" />
      </TestCategory>
      <TestMethod codeBase="F:/advisorsrepo/wcfhttp/Http/Test/Microsoft.ApplicationServer.Http/Unit/bin/Release/Microsoft.ApplicationServer.Http.CIT.Unit.DLL" adapterTypeName="Microsoft.VisualStudio.TestTools.TestTypes.Unit.UnitTestAdapter, Microsoft.VisualStudio.QualityTools.Tips.UnitTest.Adapter, Version=10.0.0.0, Culture=neutral, PublicKeyToken=b03f5f7f11d50a3a" className="Microsoft.ApplicationServer.Http.Dispatcher.HttpMessageInspectorTests, Microsoft.ApplicationServer.Http.CIT.Unit, Version=0.0.0.0, Culture=neutral, PublicKeyToken=null" name="AfterReceiveRequest_Null_HttpRequestMessage_Throws" />
    </UnitTest>
    <UnitTest name="ConstructorThrowsWithIllegalMediaRange" storage="f:\advisorsrepo\wcfhttp\http\test\microsoft.applicationserver.http\unit\bin\release\microsoft.applicationserver.http.cit.unit.dll" id="ca485b30-169b-793c-d534-5b16632bac5d">
      <Description>MediaRangeMapping(MediaTypeHeaderValue, MediaTypeHeaderValue) throws if the MediaRange parameter is not really a media range.</Description>
      <Execution timeOut="30000" id="99c6d18c-f7ec-458c-9030-b9491a4c71f9" />
      <Owners>
        <Owner name="dravva" />
      </Owners>
      <TestCategory>
        <TestCategoryItem TestCategory="CIT" />
      </TestCategory>
      <TestMethod codeBase="F:/advisorsrepo/wcfhttp/Http/Test/Microsoft.ApplicationServer.Http/Unit/bin/Release/Microsoft.ApplicationServer.Http.CIT.Unit.DLL" adapterTypeName="Microsoft.VisualStudio.TestTools.TestTypes.Unit.UnitTestAdapter, Microsoft.VisualStudio.QualityTools.Tips.UnitTest.Adapter, Version=10.0.0.0, Culture=neutral, PublicKeyToken=b03f5f7f11d50a3a" className="Microsoft.ApplicationServer.Http.MediaRangeMappingTests, Microsoft.ApplicationServer.Http.CIT.Unit, Version=0.0.0.0, Culture=neutral, PublicKeyToken=null" name="ConstructorThrowsWithIllegalMediaRange" />
    </UnitTest>
    <UnitTest name="ProvideResponse_Null_Response_Throws" storage="f:\advisorsrepo\wcfhttp\http\test\microsoft.applicationserver.http\unit\bin\release\microsoft.applicationserver.http.cit.unit.dll" id="2d595409-f07e-a47a-ffa2-2f82897407cf">
      <Description>ProvideResponse() throws for null response.</Description>
      <Execution timeOut="30000" id="0711d65c-ec5f-489f-9290-d00e5a567db6" />
      <Owners>
        <Owner name="maying" />
      </Owners>
      <TestCategory>
        <TestCategoryItem TestCategory="CIT" />
      </TestCategory>
      <TestMethod codeBase="F:/advisorsrepo/wcfhttp/Http/Test/Microsoft.ApplicationServer.Http/Unit/bin/Release/Microsoft.ApplicationServer.Http.CIT.Unit.DLL" adapterTypeName="Microsoft.VisualStudio.TestTools.TestTypes.Unit.UnitTestAdapter, Microsoft.VisualStudio.QualityTools.Tips.UnitTest.Adapter, Version=10.0.0.0, Culture=neutral, PublicKeyToken=b03f5f7f11d50a3a" className="Microsoft.ApplicationServer.Http.Dispatcher.HttpErrorHandlerTests, Microsoft.ApplicationServer.Http.CIT.Unit, Version=0.0.0.0, Culture=neutral, PublicKeyToken=null" name="ProvideResponse_Null_Response_Throws" />
    </UnitTest>
    <UnitTest name="TypeIsCorrect" storage="f:\advisorsrepo\wcfhttp\http\test\microsoft.applicationserver.http\unit\bin\release\microsoft.applicationserver.http.cit.unit.dll" id="c108297f-98ff-44da-39cb-4587cac764b1">
      <Description>UriPathExtensionMapping is public, concrete, and sealed.</Description>
      <Execution timeOut="30000" id="1ded8c2c-bb21-4aeb-938e-6736b9027bad" />
      <Owners>
        <Owner name="dravva" />
      </Owners>
      <TestCategory>
        <TestCategoryItem TestCategory="CIT" />
      </TestCategory>
      <TestMethod codeBase="F:/advisorsrepo/wcfhttp/Http/Test/Microsoft.ApplicationServer.Http/Unit/bin/Release/Microsoft.ApplicationServer.Http.CIT.Unit.DLL" adapterTypeName="Microsoft.VisualStudio.TestTools.TestTypes.Unit.UnitTestAdapter, Microsoft.VisualStudio.QualityTools.Tips.UnitTest.Adapter, Version=10.0.0.0, Culture=neutral, PublicKeyToken=b03f5f7f11d50a3a" className="Microsoft.ApplicationServer.Http.UriPathExtensionMappingTests, Microsoft.ApplicationServer.Http.CIT.Unit, Version=0.0.0.0, Culture=neutral, PublicKeyToken=null" name="TypeIsCorrect" />
    </UnitTest>
    <UnitTest name="ConstructorDoesNotCallOnHandleOfAnyRequestHandlers" storage="f:\advisorsrepo\wcfhttp\http\test\microsoft.applicationserver.http\unit\bin\release\microsoft.applicationserver.http.cit.unit.dll" id="53024601-6c96-203b-375e-85fe4fceae32">
      <Description>OperationHandlerPipelineInfo(IEnumerable&lt;HttpOperationHandler&gt;, IEnumerable&lt;HttpOperationHandler&gt;, HttpOperationDescription) does not call OnHandle() on any of the requestHandlers.</Description>
      <Execution timeOut="30000" id="50f99649-7e20-465e-ab6e-89b01d1727d9" />
      <Owners>
        <Owner name="dravva" />
      </Owners>
      <TestCategory>
        <TestCategoryItem TestCategory="CIT" />
      </TestCategory>
      <TestMethod codeBase="F:/advisorsrepo/wcfhttp/Http/Test/Microsoft.ApplicationServer.Http/Unit/bin/Release/Microsoft.ApplicationServer.Http.CIT.Unit.DLL" adapterTypeName="Microsoft.VisualStudio.TestTools.TestTypes.Unit.UnitTestAdapter, Microsoft.VisualStudio.QualityTools.Tips.UnitTest.Adapter, Version=10.0.0.0, Culture=neutral, PublicKeyToken=b03f5f7f11d50a3a" className="Microsoft.ApplicationServer.Http.Dispatcher.OperationHandlerPipelineInfoTests, Microsoft.ApplicationServer.Http.CIT.Unit, Version=0.0.0.0, Culture=neutral, PublicKeyToken=null" name="ConstructorDoesNotCallOnHandleOfAnyRequestHandlers" />
    </UnitTest>
    <UnitTest name="InputParameters_Is_Always_Single_Uri_Argument" storage="f:\advisorsrepo\wcfhttp\http\test\microsoft.applicationserver.http\unit\bin\release\microsoft.applicationserver.http.cit.unit.dll" id="586f7215-09b5-79d6-1186-86abde2e5fda">
      <Description>UriTemplateHttpOperationHandler.InputParameters returns a collection with a single Uri HttpParameter.</Description>
      <Execution timeOut="30000" id="37b5e143-9cb4-49a7-b49d-1fead3d1df12" />
      <Owners>
        <Owner name="vinelap" />
      </Owners>
      <TestCategory>
        <TestCategoryItem TestCategory="CIT" />
      </TestCategory>
      <TestMethod codeBase="F:/advisorsrepo/wcfhttp/Http/Test/Microsoft.ApplicationServer.Http/Unit/bin/Release/Microsoft.ApplicationServer.Http.CIT.Unit.DLL" adapterTypeName="Microsoft.VisualStudio.TestTools.TestTypes.Unit.UnitTestAdapter, Microsoft.VisualStudio.QualityTools.Tips.UnitTest.Adapter, Version=10.0.0.0, Culture=neutral, PublicKeyToken=b03f5f7f11d50a3a" className="Microsoft.ApplicationServer.Http.Dispatcher.UriTemplateHandlerTests, Microsoft.ApplicationServer.Http.CIT.Unit, Version=0.0.0.0, Culture=neutral, PublicKeyToken=null" name="InputParameters_Is_Always_Single_Uri_Argument" />
    </UnitTest>
    <UnitTest name="ContentSetterSetsContentHttpRequestMessage" storage="f:\advisorsrepo\wcfhttp\http\test\microsoft.applicationserver.http\unit\bin\release\microsoft.applicationserver.http.cit.unit.dll" id="8d043305-bc61-b32b-496a-998a52b5fe95">
      <Description>HttpRequestMessage&lt;T&gt;.Content setter sets Content.HttpRequestMessage to maintain pairing.</Description>
      <Execution timeOut="30000" id="bef55e20-4755-4ee3-aefb-a38d826b526b" />
      <Owners>
        <Owner name="dravva" />
      </Owners>
      <TestCategory>
        <TestCategoryItem TestCategory="CIT" />
      </TestCategory>
      <TestMethod codeBase="F:/advisorsrepo/wcfhttp/Http/Test/Microsoft.ApplicationServer.Http/Unit/bin/Release/Microsoft.ApplicationServer.Http.CIT.Unit.DLL" adapterTypeName="Microsoft.VisualStudio.TestTools.TestTypes.Unit.UnitTestAdapter, Microsoft.VisualStudio.QualityTools.Tips.UnitTest.Adapter, Version=10.0.0.0, Culture=neutral, PublicKeyToken=b03f5f7f11d50a3a" className="Microsoft.ApplicationServer.Http.HttpRequestMessageOfTTests, Microsoft.ApplicationServer.Http.CIT.Unit, Version=0.0.0.0, Culture=neutral, PublicKeyToken=null" name="ContentSetterSetsContentHttpRequestMessage" />
    </UnitTest>
    <UnitTest name="BeginReply_Ignores_HttpResponseMessageProperty_When_Response_Is_Not_HttpMessage" storage="f:\advisorsrepo\wcfhttp\http\test\microsoft.applicationserver.http\unit\bin\release\microsoft.applicationserver.http.cit.unit.dll" id="0b6f794e-1451-67e3-0b5b-e4b5ca3ea052">
      <Description>HttpMessageEncodingRequestContext.BeginReply ignores the HttpResponseMessageProperty and always returns status code 500 when the response is not an HttpMessage.</Description>
      <Execution timeOut="30000" id="3a5b957a-1133-4342-82ff-1565f4428feb" />
      <Owners>
        <Owner name="derik" />
      </Owners>
      <TestCategory>
        <TestCategoryItem TestCategory="CIT" />
      </TestCategory>
      <TestMethod codeBase="F:/advisorsrepo/wcfhttp/Http/Test/Microsoft.ApplicationServer.Http/Unit/bin/Release/Microsoft.ApplicationServer.Http.CIT.Unit.DLL" adapterTypeName="Microsoft.VisualStudio.TestTools.TestTypes.Unit.UnitTestAdapter, Microsoft.VisualStudio.QualityTools.Tips.UnitTest.Adapter, Version=10.0.0.0, Culture=neutral, PublicKeyToken=b03f5f7f11d50a3a" className="Microsoft.ApplicationServer.Http.Channels.HttpMessageEncodingRequestContextTests, Microsoft.ApplicationServer.Http.CIT.Unit, Version=0.0.0.0, Culture=neutral, PublicKeyToken=null" name="BeginReply_Ignores_HttpResponseMessageProperty_When_Response_Is_Not_HttpMessage" />
    </UnitTest>
    <UnitTest name="ConstructorThrowsWithNullResponseHandlers" storage="f:\advisorsrepo\wcfhttp\http\test\microsoft.applicationserver.http\unit\bin\release\microsoft.applicationserver.http.cit.unit.dll" id="06f31c71-e159-e44b-b86c-d0eccc6cce4a">
      <Description>OperationHandlerPipeline() throws with null response handlers.</Description>
      <Execution timeOut="30000" id="49aa1e23-92d8-455a-987a-5827621c89b6" />
      <Owners>
        <Owner name="dravva" />
      </Owners>
      <TestCategory>
        <TestCategoryItem TestCategory="CIT" />
      </TestCategory>
      <TestMethod codeBase="F:/advisorsrepo/wcfhttp/Http/Test/Microsoft.ApplicationServer.Http/Unit/bin/Release/Microsoft.ApplicationServer.Http.CIT.Unit.DLL" adapterTypeName="Microsoft.VisualStudio.TestTools.TestTypes.Unit.UnitTestAdapter, Microsoft.VisualStudio.QualityTools.Tips.UnitTest.Adapter, Version=10.0.0.0, Culture=neutral, PublicKeyToken=b03f5f7f11d50a3a" className="Microsoft.ApplicationServer.Http.Dispatcher.OperationHandlerPipelineTests, Microsoft.ApplicationServer.Http.CIT.Unit, Version=0.0.0.0, Culture=neutral, PublicKeyToken=null" name="ConstructorThrowsWithNullResponseHandlers" />
    </UnitTest>
    <UnitTest name="ReadFromStreamAsyncCallsOnReadFromStreamInTask" storage="f:\advisorsrepo\wcfhttp\http\test\microsoft.applicationserver.http\unit\bin\release\microsoft.applicationserver.http.cit.unit.dll" id="77bb2a2c-7105-891e-8ac5-1aaed917e0a0">
      <Description>ReadFromStreamAsync() calls protected OnReadFromStream and wraps a Task around it().</Description>
      <Execution timeOut="30000" id="7740bc92-56d7-4fdf-b2b4-d2e2c8a6af00" />
      <Owners>
        <Owner name="dravva" />
      </Owners>
      <TestCategory>
        <TestCategoryItem TestCategory="CIT" />
      </TestCategory>
      <TestMethod codeBase="F:/advisorsrepo/wcfhttp/Http/Test/Microsoft.ApplicationServer.Http/Unit/bin/Release/Microsoft.ApplicationServer.Http.CIT.Unit.DLL" adapterTypeName="Microsoft.VisualStudio.TestTools.TestTypes.Unit.UnitTestAdapter, Microsoft.VisualStudio.QualityTools.Tips.UnitTest.Adapter, Version=10.0.0.0, Culture=neutral, PublicKeyToken=b03f5f7f11d50a3a" className="Microsoft.ApplicationServer.Http.MediaTypeFormatterTests, Microsoft.ApplicationServer.Http.CIT.Unit, Version=0.0.0.0, Culture=neutral, PublicKeyToken=null" name="ReadFromStreamAsyncCallsOnReadFromStreamInTask" />
    </UnitTest>
    <UnitTest name="Error_Handler_Honors_XmlSerializerFormat_On_Operation" storage="f:\advisorsrepo\wcfhttp\http\test\microsoft.applicationserver.http\unit\bin\release\microsoft.applicationserver.http.cit.unit.dll" id="5ef6f60d-0734-f5c8-3d7c-1c4c61990dd8">
      <Description>HttpBehavior back compat test that the operation XmlSerializerFormatAtttribute is honored for WebFaultExceptions.</Description>
      <Execution timeOut="30000" id="d0360bd4-5d1a-4f11-8021-2c9495d12caa" />
      <Owners>
        <Owner name="vinelap" />
      </Owners>
      <TestCategory>
        <TestCategoryItem TestCategory="CIT" />
      </TestCategory>
      <TestMethod codeBase="F:/advisorsrepo/wcfhttp/Http/Test/Microsoft.ApplicationServer.Http/Unit/bin/Release/Microsoft.ApplicationServer.Http.CIT.Unit.DLL" adapterTypeName="Microsoft.VisualStudio.TestTools.TestTypes.Unit.UnitTestAdapter, Microsoft.VisualStudio.QualityTools.Tips.UnitTest.Adapter, Version=10.0.0.0, Culture=neutral, PublicKeyToken=b03f5f7f11d50a3a" className="Microsoft.ApplicationServer.Http.Description.HttpBehaviorTests, Microsoft.ApplicationServer.Http.CIT.Unit, Version=0.0.0.0, Culture=neutral, PublicKeyToken=null" name="Error_Handler_Honors_XmlSerializerFormat_On_Operation" />
    </UnitTest>
    <UnitTest name="ReadAsOrDefaultGetsObject" storage="f:\advisorsrepo\wcfhttp\http\test\microsoft.applicationserver.http\unit\bin\release\microsoft.applicationserver.http.cit.unit.dll" id="1c1e16c9-697c-0a58-633c-5079d21e5c83">
      <Description>ReadAsOrDefault() gets the object instance provided to the constructor for all value and reference types.</Description>
      <Execution timeOut="30000" id="87079f62-cfb2-484c-bccc-56b1f2323dc1" />
      <Owners>
        <Owner name="dravva" />
      </Owners>
      <TestCategory>
        <TestCategoryItem TestCategory="CIT" />
      </TestCategory>
      <TestMethod codeBase="F:/advisorsrepo/wcfhttp/Http/Test/Microsoft.ApplicationServer.Http/Unit/bin/Release/Microsoft.ApplicationServer.Http.CIT.Unit.DLL" adapterTypeName="Microsoft.VisualStudio.TestTools.TestTypes.Unit.UnitTestAdapter, Microsoft.VisualStudio.QualityTools.Tips.UnitTest.Adapter, Version=10.0.0.0, Culture=neutral, PublicKeyToken=b03f5f7f11d50a3a" className="Microsoft.ApplicationServer.Http.ObjectContentTests, Microsoft.ApplicationServer.Http.CIT.Unit, Version=0.0.0.0, Culture=neutral, PublicKeyToken=null" name="ReadAsOrDefaultGetsObject" />
    </UnitTest>
    <UnitTest name="TrailingSlashModeGetsValue" storage="f:\advisorsrepo\wcfhttp\http\test\microsoft.applicationserver.http\unit\bin\release\microsoft.applicationserver.http.cit.unit.dll" id="7f34e314-8ec8-1241-444a-335080a248c5">
      <Description>TrailingSlashMode property only has a getter.</Description>
      <Execution timeOut="30000" id="ad470c8d-3f3d-4ffd-8711-fc9507e78147" />
      <Owners>
        <Owner name="dravva" />
      </Owners>
      <TestCategory>
        <TestCategoryItem TestCategory="CIT" />
      </TestCategory>
      <TestMethod codeBase="F:/advisorsrepo/wcfhttp/Http/Test/Microsoft.ApplicationServer.Http/Unit/bin/Release/Microsoft.ApplicationServer.Http.CIT.Unit.DLL" adapterTypeName="Microsoft.VisualStudio.TestTools.TestTypes.Unit.UnitTestAdapter, Microsoft.VisualStudio.QualityTools.Tips.UnitTest.Adapter, Version=10.0.0.0, Culture=neutral, PublicKeyToken=b03f5f7f11d50a3a" className="Microsoft.ApplicationServer.Http.Dispatcher.UriAndMethodOperationSelectorTests, Microsoft.ApplicationServer.Http.CIT.Unit, Version=0.0.0.0, Culture=neutral, PublicKeyToken=null" name="TrailingSlashModeGetsValue" />
    </UnitTest>
    <UnitTest name="BuildChannelListener_Returns_Null_If_Inner_BindingElement_Returns_Null" storage="f:\advisorsrepo\wcfhttp\http\test\microsoft.applicationserver.http\unit\bin\release\microsoft.applicationserver.http.cit.unit.dll" id="2531cce5-15df-7078-ebd0-1186ee76fb98">
      <Description>HttpMessageEncodingBindingElement.BuildChannelListener returns null if the inner binding element returns null.</Description>
      <Execution timeOut="30000" id="72ca065e-5c77-41f8-b457-e2d0ad5cfd64" />
      <Owners>
        <Owner name="derik" />
      </Owners>
      <TestCategory>
        <TestCategoryItem TestCategory="CIT" />
      </TestCategory>
      <TestMethod codeBase="F:/advisorsrepo/wcfhttp/Http/Test/Microsoft.ApplicationServer.Http/Unit/bin/Release/Microsoft.ApplicationServer.Http.CIT.Unit.DLL" adapterTypeName="Microsoft.VisualStudio.TestTools.TestTypes.Unit.UnitTestAdapter, Microsoft.VisualStudio.QualityTools.Tips.UnitTest.Adapter, Version=10.0.0.0, Culture=neutral, PublicKeyToken=b03f5f7f11d50a3a" className="Microsoft.ApplicationServer.Http.Channels.HttpMessageEncodingBindingElementTests, Microsoft.ApplicationServer.Http.CIT.Unit, Version=0.0.0.0, Culture=neutral, PublicKeyToken=null" name="BuildChannelListener_Returns_Null_If_Inner_BindingElement_Returns_Null" />
    </UnitTest>
    <UnitTest name="Constructor1ThrowsWithEmptyMediaType" storage="f:\advisorsrepo\wcfhttp\http\test\microsoft.applicationserver.http\unit\bin\release\microsoft.applicationserver.http.cit.unit.dll" id="a59ec826-e5ed-33fc-b4c5-73577c6db27f">
      <Description>ObjectContent(Type, object, string) throws for an empty media type.</Description>
      <Execution timeOut="30000" id="e59d48c9-b85b-4c07-8741-08914fb64d6f" />
      <Owners>
        <Owner name="dravva" />
      </Owners>
      <TestCategory>
        <TestCategoryItem TestCategory="CIT" />
      </TestCategory>
      <TestMethod codeBase="F:/advisorsrepo/wcfhttp/Http/Test/Microsoft.ApplicationServer.Http/Unit/bin/Release/Microsoft.ApplicationServer.Http.CIT.Unit.DLL" adapterTypeName="Microsoft.VisualStudio.TestTools.TestTypes.Unit.UnitTestAdapter, Microsoft.VisualStudio.QualityTools.Tips.UnitTest.Adapter, Version=10.0.0.0, Culture=neutral, PublicKeyToken=b03f5f7f11d50a3a" className="Microsoft.ApplicationServer.Http.ObjectContentTests, Microsoft.ApplicationServer.Http.CIT.Unit, Version=0.0.0.0, Culture=neutral, PublicKeyToken=null" name="Constructor1ThrowsWithEmptyMediaType" />
    </UnitTest>
    <UnitTest name="HttpOperationDescription_Insert_InputParameters_From_HttpOperationDescription" storage="f:\advisorsrepo\wcfhttp\http\test\microsoft.applicationserver.http\unit\bin\release\microsoft.applicationserver.http.cit.unit.dll" id="3689be27-b08f-3957-67a8-6a7b3f58f789">
      <Description>HttpOperationDescription inserting input parameters through HttpOperationDescription updates in OperationDescription</Description>
      <Execution timeOut="30000" id="eee5f12a-3d76-4220-a051-5b687d10b555" />
      <Owners>
        <Owner name="maying" />
      </Owners>
      <TestCategory>
        <TestCategoryItem TestCategory="CIT" />
      </TestCategory>
      <TestMethod codeBase="F:/advisorsrepo/wcfhttp/Http/Test/Microsoft.ApplicationServer.Http/Unit/bin/Release/Microsoft.ApplicationServer.Http.CIT.Unit.DLL" adapterTypeName="Microsoft.VisualStudio.TestTools.TestTypes.Unit.UnitTestAdapter, Microsoft.VisualStudio.QualityTools.Tips.UnitTest.Adapter, Version=10.0.0.0, Culture=neutral, PublicKeyToken=b03f5f7f11d50a3a" className="Microsoft.ApplicationServer.Http.Description.HttpOperationDescriptionTests, Microsoft.ApplicationServer.Http.CIT.Unit, Version=0.0.0.0, Culture=neutral, PublicKeyToken=null" name="HttpOperationDescription_Insert_InputParameters_From_HttpOperationDescription" />
    </UnitTest>
    <UnitTest name="ReadAsOrDefaultGetsObject" storage="f:\advisorsrepo\wcfhttp\http\test\microsoft.applicationserver.http\unit\bin\release\microsoft.applicationserver.http.cit.unit.dll" id="dcaca901-4c16-7192-ab82-b1e7a1c13c44">
      <Description>ReadAsOrDefault() gets the object instance provided to the constructor for all value and reference types.</Description>
      <Execution timeOut="30000" id="fba945a8-da8c-4c91-bf3b-cc5f44c045cd" />
      <Owners>
        <Owner name="dravva" />
      </Owners>
      <TestCategory>
        <TestCategoryItem TestCategory="CIT" />
      </TestCategory>
      <TestMethod codeBase="F:/advisorsrepo/wcfhttp/Http/Test/Microsoft.ApplicationServer.Http/Unit/bin/Release/Microsoft.ApplicationServer.Http.CIT.Unit.DLL" adapterTypeName="Microsoft.VisualStudio.TestTools.TestTypes.Unit.UnitTestAdapter, Microsoft.VisualStudio.QualityTools.Tips.UnitTest.Adapter, Version=10.0.0.0, Culture=neutral, PublicKeyToken=b03f5f7f11d50a3a" className="Microsoft.ApplicationServer.Http.ObjectContentOfTTests, Microsoft.ApplicationServer.Http.CIT.Unit, Version=0.0.0.0, Culture=neutral, PublicKeyToken=null" name="ReadAsOrDefaultGetsObject" />
    </UnitTest>
    <UnitTest name="HttpRequestMessageGetsNullWithNoPairing" storage="f:\advisorsrepo\wcfhttp\http\test\microsoft.applicationserver.http\unit\bin\release\microsoft.applicationserver.http.cit.unit.dll" id="0fa71e30-35fa-6282-3553-ef273a986d0e">
      <Description>HttpRequestMessage internal property returns null if not paired with HttpRequestMessage.</Description>
      <Execution timeOut="30000" id="abd28590-2c7a-4de6-ac0b-0c14373f3044" />
      <Owners>
        <Owner name="dravva" />
      </Owners>
      <TestCategory>
        <TestCategoryItem TestCategory="CIT" />
      </TestCategory>
      <TestMethod codeBase="F:/advisorsrepo/wcfhttp/Http/Test/Microsoft.ApplicationServer.Http/Unit/bin/Release/Microsoft.ApplicationServer.Http.CIT.Unit.DLL" adapterTypeName="Microsoft.VisualStudio.TestTools.TestTypes.Unit.UnitTestAdapter, Microsoft.VisualStudio.QualityTools.Tips.UnitTest.Adapter, Version=10.0.0.0, Culture=neutral, PublicKeyToken=b03f5f7f11d50a3a" className="Microsoft.ApplicationServer.Http.ObjectContentTests, Microsoft.ApplicationServer.Http.CIT.Unit, Version=0.0.0.0, Culture=neutral, PublicKeyToken=null" name="HttpRequestMessageGetsNullWithNoPairing" />
    </UnitTest>
    <UnitTest name="DeserializeRequest_Null_Message_Throws" storage="f:\advisorsrepo\wcfhttp\http\test\microsoft.applicationserver.http\unit\bin\release\microsoft.applicationserver.http.cit.unit.dll" id="3624e999-11bb-acee-bb71-c386dd4110e3">
      <Description>DeserializeRequest() throws ArgumentNullException for null WCF message.</Description>
      <Execution timeOut="30000" id="082a9c10-68fc-4862-b85c-562a7adc1bf8" />
      <Owners>
        <Owner name="maying" />
      </Owners>
      <TestCategory>
        <TestCategoryItem TestCategory="CIT" />
      </TestCategory>
      <TestMethod codeBase="F:/advisorsrepo/wcfhttp/Http/Test/Microsoft.ApplicationServer.Http/Unit/bin/Release/Microsoft.ApplicationServer.Http.CIT.Unit.DLL" adapterTypeName="Microsoft.VisualStudio.TestTools.TestTypes.Unit.UnitTestAdapter, Microsoft.VisualStudio.QualityTools.Tips.UnitTest.Adapter, Version=10.0.0.0, Culture=neutral, PublicKeyToken=b03f5f7f11d50a3a" className="Microsoft.ApplicationServer.Http.Dispatcher.HttpMessageFormatterTests, Microsoft.ApplicationServer.Http.CIT.Unit, Version=0.0.0.0, Culture=neutral, PublicKeyToken=null" name="DeserializeRequest_Null_Message_Throws" />
    </UnitTest>
    <UnitTest name="ConstructorThrowsWithNullOutputParameterName" storage="f:\advisorsrepo\wcfhttp\http\test\microsoft.applicationserver.http\unit\bin\release\microsoft.applicationserver.http.cit.unit.dll" id="0b65eb5e-2594-b37d-9e89-0c7784ac2d83">
      <Description>HttpOperationHandlerOfT throws if the outputParameterName parameter is null.</Description>
      <Execution timeOut="30000" id="c0eae40f-ae59-487e-b010-6d25c6a1d7fc" />
      <Owners>
        <Owner name="dravva" />
      </Owners>
      <TestCategory>
        <TestCategoryItem TestCategory="CIT" />
      </TestCategory>
      <TestMethod codeBase="F:/advisorsrepo/wcfhttp/Http/Test/Microsoft.ApplicationServer.Http/Unit/bin/Release/Microsoft.ApplicationServer.Http.CIT.Unit.DLL" adapterTypeName="Microsoft.VisualStudio.TestTools.TestTypes.Unit.UnitTestAdapter, Microsoft.VisualStudio.QualityTools.Tips.UnitTest.Adapter, Version=10.0.0.0, Culture=neutral, PublicKeyToken=b03f5f7f11d50a3a" className="Microsoft.ApplicationServer.Http.Dispatcher.HttpOperationHandlerOfTTests, Microsoft.ApplicationServer.Http.CIT.Unit, Version=0.0.0.0, Culture=neutral, PublicKeyToken=null" name="ConstructorThrowsWithNullOutputParameterName" />
    </UnitTest>
    <UnitTest name="QualityFactor_Returns_Q_Value_For_MediaTypeWithQualityHeaderValue" storage="f:\advisorsrepo\wcfhttp\http\test\microsoft.applicationserver.http\unit\bin\release\microsoft.applicationserver.http.cit.unit.dll" id="78c67d31-82a9-5fd3-dc06-1cb2349ceb67">
      <Description>ParsedMediaTypeHeadeValue.QualityFactor returns q value given by MediaTypeWithQualityHeaderValue.</Description>
      <Execution timeOut="30000" id="d2c7af53-f9f7-4892-9bf9-c4f7e4c5efa8" />
      <Owners>
        <Owner name="vinelap" />
      </Owners>
      <TestCategory>
        <TestCategoryItem TestCategory="CIT" />
      </TestCategory>
      <TestMethod codeBase="F:/advisorsrepo/wcfhttp/Http/Test/Microsoft.ApplicationServer.Http/Unit/bin/Release/Microsoft.ApplicationServer.Http.CIT.Unit.DLL" adapterTypeName="Microsoft.VisualStudio.TestTools.TestTypes.Unit.UnitTestAdapter, Microsoft.VisualStudio.QualityTools.Tips.UnitTest.Adapter, Version=10.0.0.0, Culture=neutral, PublicKeyToken=b03f5f7f11d50a3a" className="Microsoft.ApplicationServer.Http.ParsedMediaTypeHeadeValueTests, Microsoft.ApplicationServer.Http.CIT.Unit, Version=0.0.0.0, Culture=neutral, PublicKeyToken=null" name="QualityFactor_Returns_Q_Value_For_MediaTypeWithQualityHeaderValue" />
    </UnitTest>
    <UnitTest name="Setting_MessageVersion_To_Null_Throws" storage="f:\advisorsrepo\wcfhttp\http\test\microsoft.applicationserver.http\unit\bin\release\microsoft.applicationserver.http.cit.unit.dll" id="ed85e3dd-0120-de9d-4743-9a39e4d473ea">
      <Description>Setting HttpMessageEncodingBindingElement.MessageVersion to null throws.</Description>
      <Execution timeOut="30000" id="8e19bad1-dcff-4cc7-81f4-696470e0b442" />
      <Owners>
        <Owner name="derik" />
      </Owners>
      <TestCategory>
        <TestCategoryItem TestCategory="CIT" />
      </TestCategory>
      <TestMethod codeBase="F:/advisorsrepo/wcfhttp/Http/Test/Microsoft.ApplicationServer.Http/Unit/bin/Release/Microsoft.ApplicationServer.Http.CIT.Unit.DLL" adapterTypeName="Microsoft.VisualStudio.TestTools.TestTypes.Unit.UnitTestAdapter, Microsoft.VisualStudio.QualityTools.Tips.UnitTest.Adapter, Version=10.0.0.0, Culture=neutral, PublicKeyToken=b03f5f7f11d50a3a" className="Microsoft.ApplicationServer.Http.Channels.HttpMessageEncodingBindingElementTests, Microsoft.ApplicationServer.Http.CIT.Unit, Version=0.0.0.0, Culture=neutral, PublicKeyToken=null" name="Setting_MessageVersion_To_Null_Throws" />
    </UnitTest>
    <UnitTest name="ToHttpResponseMessage_Returns_Null_For_HttpRequestMessage" storage="f:\advisorsrepo\wcfhttp\http\test\microsoft.applicationserver.http\unit\bin\release\microsoft.applicationserver.http.cit.unit.dll" id="6503f400-bad2-00ad-a7c9-309b367978bf">
      <Description>Message.ToHttpResponseMessage returns null if the HttpMessage was created with an HttpRequestMessage.</Description>
      <Execution timeOut="30000" id="76553dc0-303d-4337-9773-d562173b6f48" />
      <Owners>
        <Owner name="derik" />
      </Owners>
      <TestCategory>
        <TestCategoryItem TestCategory="CIT" />
      </TestCategory>
      <TestMethod codeBase="F:/advisorsrepo/wcfhttp/Http/Test/Microsoft.ApplicationServer.Http/Unit/bin/Release/Microsoft.ApplicationServer.Http.CIT.Unit.DLL" adapterTypeName="Microsoft.VisualStudio.TestTools.TestTypes.Unit.UnitTestAdapter, Microsoft.VisualStudio.QualityTools.Tips.UnitTest.Adapter, Version=10.0.0.0, Culture=neutral, PublicKeyToken=b03f5f7f11d50a3a" className="Microsoft.ApplicationServer.Http.Channels.HttpMessageExtensionMethodsTests, Microsoft.ApplicationServer.Http.CIT.Unit, Version=0.0.0.0, Culture=neutral, PublicKeyToken=null" name="ToHttpResponseMessage_Returns_Null_For_HttpRequestMessage" />
    </UnitTest>
    <UnitTest name="OutputParametersReturnsReflectedHttpParameters" storage="f:\advisorsrepo\wcfhttp\http\test\microsoft.applicationserver.http\unit\bin\release\microsoft.applicationserver.http.cit.unit.dll" id="c256a9da-b87c-4fe8-8c4e-dfdb1dd19403">
      <Description>OutputParameters returns the HttpParameters determined by reflecting over the generic HttpOperationHandlerOfT.</Description>
      <Execution timeOut="30000" id="bcda5fb7-c84e-41f5-b878-b9181721fb79" />
      <Owners>
        <Owner name="dravva" />
      </Owners>
      <TestCategory>
        <TestCategoryItem TestCategory="CIT" />
      </TestCategory>
      <TestMethod codeBase="F:/advisorsrepo/wcfhttp/Http/Test/Microsoft.ApplicationServer.Http/Unit/bin/Release/Microsoft.ApplicationServer.Http.CIT.Unit.DLL" adapterTypeName="Microsoft.VisualStudio.TestTools.TestTypes.Unit.UnitTestAdapter, Microsoft.VisualStudio.QualityTools.Tips.UnitTest.Adapter, Version=10.0.0.0, Culture=neutral, PublicKeyToken=b03f5f7f11d50a3a" className="Microsoft.ApplicationServer.Http.Dispatcher.HttpOperationHandlerOfTTests, Microsoft.ApplicationServer.Http.CIT.Unit, Version=0.0.0.0, Culture=neutral, PublicKeyToken=null" name="OutputParametersReturnsReflectedHttpParameters" />
    </UnitTest>
    <UnitTest name="HttpMessageEncoder_Is_Nested_Private_Class" storage="f:\advisorsrepo\wcfhttp\http\test\microsoft.applicationserver.http\unit\bin\release\microsoft.applicationserver.http.cit.unit.dll" id="c3dcedf8-556e-d848-6c15-1d6f3dac20cd">
      <Description>HttpMessageEncoder is a nested, private class.</Description>
      <Execution timeOut="30000" id="5495cd1c-dd00-4d30-8d40-8cbab530e75d" />
      <Owners>
        <Owner name="derik" />
      </Owners>
      <TestCategory>
        <TestCategoryItem TestCategory="CIT" />
      </TestCategory>
      <TestMethod codeBase="F:/advisorsrepo/wcfhttp/Http/Test/Microsoft.ApplicationServer.Http/Unit/bin/Release/Microsoft.ApplicationServer.Http.CIT.Unit.DLL" adapterTypeName="Microsoft.VisualStudio.TestTools.TestTypes.Unit.UnitTestAdapter, Microsoft.VisualStudio.QualityTools.Tips.UnitTest.Adapter, Version=10.0.0.0, Culture=neutral, PublicKeyToken=b03f5f7f11d50a3a" className="Microsoft.ApplicationServer.Http.Channels.HttpMessageEncoderTests, Microsoft.ApplicationServer.Http.CIT.Unit, Version=0.0.0.0, Culture=neutral, PublicKeyToken=null" name="HttpMessageEncoder_Is_Nested_Private_Class" />
    </UnitTest>
    <UnitTest name="Constructor1ThrowsWithEmptyUriPathExtension" storage="f:\advisorsrepo\wcfhttp\http\test\microsoft.applicationserver.http\unit\bin\release\microsoft.applicationserver.http.cit.unit.dll" id="359a5f58-9396-4b7a-707a-6d580ac507be">
      <Description>UriPathExtensionMapping(string, MediaTypeHeaderValue) throws if the UriPathExtensions parameter is null.</Description>
      <Execution timeOut="30000" id="25463a1a-380c-4385-880a-616431d73315" />
      <Owners>
        <Owner name="dravva" />
      </Owners>
      <TestCategory>
        <TestCategoryItem TestCategory="CIT" />
      </TestCategory>
      <TestMethod codeBase="F:/advisorsrepo/wcfhttp/Http/Test/Microsoft.ApplicationServer.Http/Unit/bin/Release/Microsoft.ApplicationServer.Http.CIT.Unit.DLL" adapterTypeName="Microsoft.VisualStudio.TestTools.TestTypes.Unit.UnitTestAdapter, Microsoft.VisualStudio.QualityTools.Tips.UnitTest.Adapter, Version=10.0.0.0, Culture=neutral, PublicKeyToken=b03f5f7f11d50a3a" className="Microsoft.ApplicationServer.Http.UriPathExtensionMappingTests, Microsoft.ApplicationServer.Http.CIT.Unit, Version=0.0.0.0, Culture=neutral, PublicKeyToken=null" name="Constructor1ThrowsWithEmptyUriPathExtension" />
    </UnitTest>
    <UnitTest name="ReadMessage_With_Stream_Does_Not_Advance_The_Stream" storage="f:\advisorsrepo\wcfhttp\http\test\microsoft.applicationserver.http\unit\bin\release\microsoft.applicationserver.http.cit.unit.dll" id="d2fb878d-78d3-f329-a11c-a995f0c93353">
      <Description>HttpMessageEncoder.ReadMessage does not advance the stream parameter.</Description>
      <Execution timeOut="30000" id="bbb0a253-a16b-4527-a10d-ce51fabb6f7f" />
      <Owners>
        <Owner name="derik" />
      </Owners>
      <TestCategory>
        <TestCategoryItem TestCategory="CIT" />
      </TestCategory>
      <TestMethod codeBase="F:/advisorsrepo/wcfhttp/Http/Test/Microsoft.ApplicationServer.Http/Unit/bin/Release/Microsoft.ApplicationServer.Http.CIT.Unit.DLL" adapterTypeName="Microsoft.VisualStudio.TestTools.TestTypes.Unit.UnitTestAdapter, Microsoft.VisualStudio.QualityTools.Tips.UnitTest.Adapter, Version=10.0.0.0, Culture=neutral, PublicKeyToken=b03f5f7f11d50a3a" className="Microsoft.ApplicationServer.Http.Channels.HttpMessageEncoderTests, Microsoft.ApplicationServer.Http.CIT.Unit, Version=0.0.0.0, Culture=neutral, PublicKeyToken=null" name="ReadMessage_With_Stream_Does_Not_Advance_The_Stream" />
    </UnitTest>
    <UnitTest name="CanBuildChannelListener_Only_Returns_True_For_IReplyChannel" storage="f:\advisorsrepo\wcfhttp\http\test\microsoft.applicationserver.http\unit\bin\release\microsoft.applicationserver.http.cit.unit.dll" id="c628f131-55b8-b3da-1007-82dc5551ba07">
      <Description>HttpMessageHandlerBindingElement.CanBuildChannelListener only returns 'true' for IReplyChannel.</Description>
      <Execution timeOut="30000" id="8c522465-f71f-447a-941b-d6ba40ab7545" />
      <Owners>
        <Owner name="derik" />
      </Owners>
      <TestCategory>
        <TestCategoryItem TestCategory="CIT" />
      </TestCategory>
      <TestMethod codeBase="F:/advisorsrepo/wcfhttp/Http/Test/Microsoft.ApplicationServer.Http/Unit/bin/Release/Microsoft.ApplicationServer.Http.CIT.Unit.DLL" adapterTypeName="Microsoft.VisualStudio.TestTools.TestTypes.Unit.UnitTestAdapter, Microsoft.VisualStudio.QualityTools.Tips.UnitTest.Adapter, Version=10.0.0.0, Culture=neutral, PublicKeyToken=b03f5f7f11d50a3a" className="Microsoft.ApplicationServer.Http.Channels.HttpMessageHandlerBindingElementTests, Microsoft.ApplicationServer.Http.CIT.Unit, Version=0.0.0.0, Culture=neutral, PublicKeyToken=null" name="CanBuildChannelListener_Only_Returns_True_For_IReplyChannel" />
    </UnitTest>
    <UnitTest name="HttpParameterCollection_Synchronized_Incomplete_Implements_Clear" storage="f:\advisorsrepo\wcfhttp\http\test\microsoft.applicationserver.http\unit\bin\release\microsoft.applicationserver.http.cit.unit.dll" id="d0e35641-533a-ee48-bfd0-3679c57979d0">
      <Description>HttpParameterCollection created from incomplete MessagePartDescriptionCollection implements Clear correctly</Description>
      <Execution timeOut="30000" id="2871c2b1-fce1-4838-bd0d-4d9f70f0b182" />
      <Owners>
        <Owner name="derik" />
      </Owners>
      <TestCategory>
        <TestCategoryItem TestCategory="CIT" />
      </TestCategory>
      <TestMethod codeBase="F:/advisorsrepo/wcfhttp/Http/Test/Microsoft.ApplicationServer.Http/Unit/bin/Release/Microsoft.ApplicationServer.Http.CIT.Unit.DLL" adapterTypeName="Microsoft.VisualStudio.TestTools.TestTypes.Unit.UnitTestAdapter, Microsoft.VisualStudio.QualityTools.Tips.UnitTest.Adapter, Version=10.0.0.0, Culture=neutral, PublicKeyToken=b03f5f7f11d50a3a" className="Microsoft.ApplicationServer.Http.Description.HttpParameterCollectionTests, Microsoft.ApplicationServer.Http.CIT.Unit, Version=0.0.0.0, Culture=neutral, PublicKeyToken=null" name="HttpParameterCollection_Synchronized_Incomplete_Implements_Clear" />
    </UnitTest>
    <UnitTest name="HttpParameterCollection_Synchronized_RemoveAt" storage="f:\advisorsrepo\wcfhttp\http\test\microsoft.applicationserver.http\unit\bin\release\microsoft.applicationserver.http.cit.unit.dll" id="7dc361e7-9a23-17db-5f27-d4e968d8aa38">
      <Description>HttpParameterCollection created from MessagePartDescriptionCollection implements RemoveAt correctly</Description>
      <Execution timeOut="30000" id="f71271b6-e8f2-455f-be26-c3d5f55571c0" />
      <Owners>
        <Owner name="derik" />
      </Owners>
      <TestCategory>
        <TestCategoryItem TestCategory="CIT" />
      </TestCategory>
      <TestMethod codeBase="F:/advisorsrepo/wcfhttp/Http/Test/Microsoft.ApplicationServer.Http/Unit/bin/Release/Microsoft.ApplicationServer.Http.CIT.Unit.DLL" adapterTypeName="Microsoft.VisualStudio.TestTools.TestTypes.Unit.UnitTestAdapter, Microsoft.VisualStudio.QualityTools.Tips.UnitTest.Adapter, Version=10.0.0.0, Culture=neutral, PublicKeyToken=b03f5f7f11d50a3a" className="Microsoft.ApplicationServer.Http.Description.HttpParameterCollectionTests, Microsoft.ApplicationServer.Http.CIT.Unit, Version=0.0.0.0, Culture=neutral, PublicKeyToken=null" name="HttpParameterCollection_Synchronized_RemoveAt" />
    </UnitTest>
    <UnitTest name="UnitTestClassIsCorrect" storage="f:\advisorsrepo\wcfhttp\http\test\microsoft.applicationserver.http\unit\bin\release\microsoft.applicationserver.http.cit.unit.dll" id="462b8bc2-c430-e3d0-c70f-64cbbbba8a85">
      <Execution timeOut="1800000" id="fb416008-8084-4c79-a1e0-c638f527e42a" />
      <TestMethod codeBase="F:/advisorsrepo/wcfhttp/Http/Test/Microsoft.ApplicationServer.Http/Unit/bin/Release/Microsoft.ApplicationServer.Http.CIT.Unit.DLL" adapterTypeName="Microsoft.VisualStudio.TestTools.TestTypes.Unit.UnitTestAdapter, Microsoft.VisualStudio.QualityTools.Tips.UnitTest.Adapter, Version=10.0.0.0, Culture=neutral, PublicKeyToken=b03f5f7f11d50a3a" className="Microsoft.ApplicationServer.Http.HttpContentExtensionMethodsTests, Microsoft.ApplicationServer.Http.CIT.Unit, Version=0.0.0.0, Culture=neutral, PublicKeyToken=null" name="UnitTestClassIsCorrect" />
    </UnitTest>
    <UnitTest name="RemoveSerializerThrowsWithNullType" storage="f:\advisorsrepo\wcfhttp\http\test\microsoft.applicationserver.http\unit\bin\release\microsoft.applicationserver.http.cit.unit.dll" id="4adf28ed-1984-c510-70ef-af33a094a454">
      <Description>XmlMediaTypeFormatter.RemoveSerializer throws with null type.</Description>
      <Execution timeOut="30000" id="26118edb-3ff7-4e7e-9e17-82dfac229c68" />
      <Owners>
        <Owner name="dravva" />
      </Owners>
      <TestCategory>
        <TestCategoryItem TestCategory="CIT" />
      </TestCategory>
      <TestMethod codeBase="F:/advisorsrepo/wcfhttp/Http/Test/Microsoft.ApplicationServer.Http/Unit/bin/Release/Microsoft.ApplicationServer.Http.CIT.Unit.DLL" adapterTypeName="Microsoft.VisualStudio.TestTools.TestTypes.Unit.UnitTestAdapter, Microsoft.VisualStudio.QualityTools.Tips.UnitTest.Adapter, Version=10.0.0.0, Culture=neutral, PublicKeyToken=b03f5f7f11d50a3a" className="Microsoft.ApplicationServer.Http.XmlMediaTypeFormatterTests, Microsoft.ApplicationServer.Http.CIT.Unit, Version=0.0.0.0, Culture=neutral, PublicKeyToken=null" name="RemoveSerializerThrowsWithNullType" />
    </UnitTest>
    <UnitTest name="EndOpen_Calls_The_Inner_Listener" storage="f:\advisorsrepo\wcfhttp\http\test\microsoft.applicationserver.http\unit\bin\release\microsoft.applicationserver.http.cit.unit.dll" id="d2d3b581-fe2c-6b9b-2861-fd98a3bd72d7">
      <Description>HttpMessageEncodingChannelListener.EndOpen calls EndOpen on the inner listener with the given parameters.</Description>
      <Execution timeOut="30000" id="a2360a8b-9b02-498f-ab0d-112c9fe1b80f" />
      <Owners>
        <Owner name="derik" />
      </Owners>
      <TestCategory>
        <TestCategoryItem TestCategory="CIT" />
      </TestCategory>
      <TestMethod codeBase="F:/advisorsrepo/wcfhttp/Http/Test/Microsoft.ApplicationServer.Http/Unit/bin/Release/Microsoft.ApplicationServer.Http.CIT.Unit.DLL" adapterTypeName="Microsoft.VisualStudio.TestTools.TestTypes.Unit.UnitTestAdapter, Microsoft.VisualStudio.QualityTools.Tips.UnitTest.Adapter, Version=10.0.0.0, Culture=neutral, PublicKeyToken=b03f5f7f11d50a3a" className="Microsoft.ApplicationServer.Http.Channels.HttpMessageEncodingChannelListenerTests, Microsoft.ApplicationServer.Http.CIT.Unit, Version=0.0.0.0, Culture=neutral, PublicKeyToken=null" name="EndOpen_Calls_The_Inner_Listener" />
    </UnitTest>
    <UnitTest name="Constructor4ThrowsWithNullValueTypeObject" storage="f:\advisorsrepo\wcfhttp\http\test\microsoft.applicationserver.http\unit\bin\release\microsoft.applicationserver.http.cit.unit.dll" id="2ff6e98d-6eaf-cd8d-0daa-7c09f216796f">
      <Description>ObjectContent(Type, object, IEnumerable&lt;MediaTypeFormatter&gt;) throws for null value type.</Description>
      <Execution timeOut="30000" id="fdcce226-3e28-4c4f-8ecb-1f7855e69713" />
      <Owners>
        <Owner name="dravva" />
      </Owners>
      <TestCategory>
        <TestCategoryItem TestCategory="CIT" />
      </TestCategory>
      <TestMethod codeBase="F:/advisorsrepo/wcfhttp/Http/Test/Microsoft.ApplicationServer.Http/Unit/bin/Release/Microsoft.ApplicationServer.Http.CIT.Unit.DLL" adapterTypeName="Microsoft.VisualStudio.TestTools.TestTypes.Unit.UnitTestAdapter, Microsoft.VisualStudio.QualityTools.Tips.UnitTest.Adapter, Version=10.0.0.0, Culture=neutral, PublicKeyToken=b03f5f7f11d50a3a" className="Microsoft.ApplicationServer.Http.ObjectContentTests, Microsoft.ApplicationServer.Http.CIT.Unit, Version=0.0.0.0, Culture=neutral, PublicKeyToken=null" name="Constructor4ThrowsWithNullValueTypeObject" />
    </UnitTest>
    <UnitTest name="Headers_MessageVersion_Is_Always_None" storage="f:\advisorsrepo\wcfhttp\http\test\microsoft.applicationserver.http\unit\bin\release\microsoft.applicationserver.http.cit.unit.dll" id="83a96be2-53a9-8f59-e944-26fbd4d1c143">
      <Description>HttpMessage.Headers.MessageVersion is always MessageVersion.None.</Description>
      <Execution timeOut="30000" id="e4a9c60c-3454-463e-b70a-b1c7197b5aa5" />
      <Owners>
        <Owner name="derik" />
      </Owners>
      <TestCategory>
        <TestCategoryItem TestCategory="CIT" />
      </TestCategory>
      <TestMethod codeBase="F:/advisorsrepo/wcfhttp/Http/Test/Microsoft.ApplicationServer.Http/Unit/bin/Release/Microsoft.ApplicationServer.Http.CIT.Unit.DLL" adapterTypeName="Microsoft.VisualStudio.TestTools.TestTypes.Unit.UnitTestAdapter, Microsoft.VisualStudio.QualityTools.Tips.UnitTest.Adapter, Version=10.0.0.0, Culture=neutral, PublicKeyToken=b03f5f7f11d50a3a" className="Microsoft.ApplicationServer.Http.Channels.HttpMessageTests, Microsoft.ApplicationServer.Http.CIT.Unit, Version=0.0.0.0, Culture=neutral, PublicKeyToken=null" name="Headers_MessageVersion_Is_Always_None" />
    </UnitTest>
    <UnitTest name="Constructor5ThrowsWithObjectNotAssignableToType" storage="f:\advisorsrepo\wcfhttp\http\test\microsoft.applicationserver.http\unit\bin\release\microsoft.applicationserver.http.cit.unit.dll" id="afb15155-ab03-cd3c-8c09-517f799d0628">
      <Description>ObjectContent(Type, object, string, IEnumerable&lt;MediaTypeFormatter&gt;) throws if object is not assignable to Type.</Description>
      <Execution timeOut="30000" id="e69a8f5d-08be-4129-b5d4-d50b848142dc" />
      <Owners>
        <Owner name="dravva" />
      </Owners>
      <TestCategory>
        <TestCategoryItem TestCategory="CIT" />
      </TestCategory>
      <TestMethod codeBase="F:/advisorsrepo/wcfhttp/Http/Test/Microsoft.ApplicationServer.Http/Unit/bin/Release/Microsoft.ApplicationServer.Http.CIT.Unit.DLL" adapterTypeName="Microsoft.VisualStudio.TestTools.TestTypes.Unit.UnitTestAdapter, Microsoft.VisualStudio.QualityTools.Tips.UnitTest.Adapter, Version=10.0.0.0, Culture=neutral, PublicKeyToken=b03f5f7f11d50a3a" className="Microsoft.ApplicationServer.Http.ObjectContentTests, Microsoft.ApplicationServer.Http.CIT.Unit, Version=0.0.0.0, Culture=neutral, PublicKeyToken=null" name="Constructor5ThrowsWithObjectNotAssignableToType" />
    </UnitTest>
    <UnitTest name="RequestMessage_Returns_HttpMessage_With_HttpRequestHeaders_From_The_HttpRequestMessageProperty" storage="f:\advisorsrepo\wcfhttp\http\test\microsoft.applicationserver.http\unit\bin\release\microsoft.applicationserver.http.cit.unit.dll" id="7acb2cea-c40f-ee84-10d4-96848a0e0396">
      <Description>HttpMessageEncodingRequestContext.RequestMessage copies the HTTP headers from the HttpRequestMessageProperty of the inner message to the HttpRequestMessage.</Description>
      <Execution timeOut="30000" id="81d54e10-00f5-4501-a537-38ff65a3af5f" />
      <Owners>
        <Owner name="derik" />
      </Owners>
      <TestCategory>
        <TestCategoryItem TestCategory="CIT" />
      </TestCategory>
      <TestMethod codeBase="F:/advisorsrepo/wcfhttp/Http/Test/Microsoft.ApplicationServer.Http/Unit/bin/Release/Microsoft.ApplicationServer.Http.CIT.Unit.DLL" adapterTypeName="Microsoft.VisualStudio.TestTools.TestTypes.Unit.UnitTestAdapter, Microsoft.VisualStudio.QualityTools.Tips.UnitTest.Adapter, Version=10.0.0.0, Culture=neutral, PublicKeyToken=b03f5f7f11d50a3a" className="Microsoft.ApplicationServer.Http.Channels.HttpMessageEncodingRequestContextTests, Microsoft.ApplicationServer.Http.CIT.Unit, Version=0.0.0.0, Culture=neutral, PublicKeyToken=null" name="RequestMessage_Returns_HttpMessage_With_HttpRequestHeaders_From_The_HttpRequestMessageProperty" />
    </UnitTest>
    <UnitTest name="HttpMessagePluginBindingElement_Method1" storage="f:\advisorsrepo\wcfhttp\http\test\microsoft.applicationserver.http\unit\bin\release\microsoft.applicationserver.http.cit.unit.dll" id="8df80dc8-5d71-e0fd-ac32-eb30b1f88750">
      <Execution timeOut="30000" id="2455c786-f9c7-4022-9b15-cdb7d961115f" />
      <Owners>
        <Owner name="derik" />
      </Owners>
      <TestCategory>
        <TestCategoryItem TestCategory="ADP_Basics" />
        <TestCategoryItem TestCategory="CIT" />
      </TestCategory>
      <TestMethod codeBase="F:/advisorsrepo/wcfhttp/Http/Test/Microsoft.ApplicationServer.Http/Unit/bin/Release/Microsoft.ApplicationServer.Http.CIT.Unit.DLL" adapterTypeName="Microsoft.VisualStudio.TestTools.TestTypes.Unit.UnitTestAdapter, Microsoft.VisualStudio.QualityTools.Tips.UnitTest.Adapter, Version=10.0.0.0, Culture=neutral, PublicKeyToken=b03f5f7f11d50a3a" className="Microsoft.ApplicationServer.Http.Channels.HttpMessageHandlerChannelBindingElementTests, Microsoft.ApplicationServer.Http.CIT.Unit, Version=0.0.0.0, Culture=neutral, PublicKeyToken=null" name="HttpMessagePluginBindingElement_Method1" />
    </UnitTest>
    <UnitTest name="WebGet_HttpRequest_And_HttpResponse_As_OutParameters_Test" storage="f:\advisorsrepo\wcfhttp\http\test\microsoft.applicationserver.http\unit\bin\release\microsoft.applicationserver.http.cit.unit.dll" id="496ea3ac-d08b-1e37-a331-85e006737704">
      <Description>Test for HttpRequestMessage and HttpResponseMessage as out parameters to a WebGet operation.</Description>
      <Execution timeOut="30000" id="033cce75-dd45-450b-978c-0673c6684156" />
      <Owners>
        <Owner name="vinelap" />
      </Owners>
      <TestCategory>
        <TestCategoryItem TestCategory="CIT" />
      </TestCategory>
      <TestMethod codeBase="F:/advisorsrepo/wcfhttp/Http/Test/Microsoft.ApplicationServer.Http/Unit/bin/Release/Microsoft.ApplicationServer.Http.CIT.Unit.DLL" adapterTypeName="Microsoft.VisualStudio.TestTools.TestTypes.Unit.UnitTestAdapter, Microsoft.VisualStudio.QualityTools.Tips.UnitTest.Adapter, Version=10.0.0.0, Culture=neutral, PublicKeyToken=b03f5f7f11d50a3a" className="Microsoft.ApplicationServer.Http.Dispatcher.HelpPageTests, Microsoft.ApplicationServer.Http.CIT.Unit, Version=0.0.0.0, Culture=neutral, PublicKeyToken=null" name="WebGet_HttpRequest_And_HttpResponse_As_OutParameters_Test" />
    </UnitTest>
    <UnitTest name="HttpMessageEncodingRequestContext_Is_An_Internal_Non_Abstract_Class" storage="f:\advisorsrepo\wcfhttp\http\test\microsoft.applicationserver.http\unit\bin\release\microsoft.applicationserver.http.cit.unit.dll" id="93af8e1f-8944-7c92-a06c-a68ad27fa4ab">
      <Description>HttpMessageEncodingRequestContext is an internal, non-abstract class.</Description>
      <Execution timeOut="30000" id="8d477f3c-df1c-4b99-a438-ebc9198cebc2" />
      <Owners>
        <Owner name="derik" />
      </Owners>
      <TestCategory>
        <TestCategoryItem TestCategory="CIT" />
      </TestCategory>
      <TestMethod codeBase="F:/advisorsrepo/wcfhttp/Http/Test/Microsoft.ApplicationServer.Http/Unit/bin/Release/Microsoft.ApplicationServer.Http.CIT.Unit.DLL" adapterTypeName="Microsoft.VisualStudio.TestTools.TestTypes.Unit.UnitTestAdapter, Microsoft.VisualStudio.QualityTools.Tips.UnitTest.Adapter, Version=10.0.0.0, Culture=neutral, PublicKeyToken=b03f5f7f11d50a3a" className="Microsoft.ApplicationServer.Http.Channels.HttpMessageEncodingRequestContextTests, Microsoft.ApplicationServer.Http.CIT.Unit, Version=0.0.0.0, Culture=neutral, PublicKeyToken=null" name="HttpMessageEncodingRequestContext_Is_An_Internal_Non_Abstract_Class" />
    </UnitTest>
    <UnitTest name="HttpMessageHandlerFactory_Constructor2" storage="f:\advisorsrepo\wcfhttp\http\test\microsoft.applicationserver.http\unit\bin\release\microsoft.applicationserver.http.cit.unit.dll" id="ce729fef-7147-2825-16b9-651ca580aaf1">
      <Description>HttpMessageHandlerFactory constructor accepts an empty list of handlers.</Description>
      <Execution timeOut="30000" id="ee7204c6-17b6-48de-9a81-e9e390e0876f" />
      <Owners>
        <Owner name="derik" />
      </Owners>
      <TestCategory>
        <TestCategoryItem TestCategory="ADP_Basics" />
        <TestCategoryItem TestCategory="CIT" />
      </TestCategory>
      <TestMethod codeBase="F:/advisorsrepo/wcfhttp/Http/Test/Microsoft.ApplicationServer.Http/Unit/bin/Release/Microsoft.ApplicationServer.Http.CIT.Unit.DLL" adapterTypeName="Microsoft.VisualStudio.TestTools.TestTypes.Unit.UnitTestAdapter, Microsoft.VisualStudio.QualityTools.Tips.UnitTest.Adapter, Version=10.0.0.0, Culture=neutral, PublicKeyToken=b03f5f7f11d50a3a" className="Microsoft.ApplicationServer.Http.Channels.HttpMessageHandlerFactoryTests, Microsoft.ApplicationServer.Http.CIT.Unit, Version=0.0.0.0, Culture=neutral, PublicKeyToken=null" name="HttpMessageHandlerFactory_Constructor2" />
    </UnitTest>
    <UnitTest name="TypeIsCorrect" storage="f:\advisorsrepo\wcfhttp\http\test\microsoft.applicationserver.http\unit\bin\release\microsoft.applicationserver.http.cit.unit.dll" id="0b4b96ae-c8e0-c9d4-745c-f6e8437398d4">
      <Description>HttpMessageFormatter is public abstract class.</Description>
      <Execution timeOut="30000" id="dbe9c107-6190-42c3-8b7a-de6e6a58779b" />
      <Owners>
        <Owner name="dravva" />
      </Owners>
      <TestCategory>
        <TestCategoryItem TestCategory="CIT" />
      </TestCategory>
      <TestMethod codeBase="F:/advisorsrepo/wcfhttp/Http/Test/Microsoft.ApplicationServer.Http/Unit/bin/Release/Microsoft.ApplicationServer.Http.CIT.Unit.DLL" adapterTypeName="Microsoft.VisualStudio.TestTools.TestTypes.Unit.UnitTestAdapter, Microsoft.VisualStudio.QualityTools.Tips.UnitTest.Adapter, Version=10.0.0.0, Culture=neutral, PublicKeyToken=b03f5f7f11d50a3a" className="Microsoft.ApplicationServer.Http.Dispatcher.HttpMessageFormatterTests, Microsoft.ApplicationServer.Http.CIT.Unit, Version=0.0.0.0, Culture=neutral, PublicKeyToken=null" name="TypeIsCorrect" />
    </UnitTest>
    <UnitTest name="AfterReceiveRequest_HttpMessageInspector_Null_Message_Throws" storage="f:\advisorsrepo\wcfhttp\http\test\microsoft.applicationserver.http\unit\bin\release\microsoft.applicationserver.http.cit.unit.dll" id="6ba9294e-43f5-f02c-22f2-7744a62cc48c">
      <Description>HttpMessageInspector.AfterReceiveRequest throws ArgumentNullException for null request argument.</Description>
      <Execution timeOut="30000" id="ded216a3-ed15-4ec9-997d-b1f85697ae95" />
      <Owners>
        <Owner name="maying" />
      </Owners>
      <TestCategory>
        <TestCategoryItem TestCategory="CIT" />
      </TestCategory>
      <TestMethod codeBase="F:/advisorsrepo/wcfhttp/Http/Test/Microsoft.ApplicationServer.Http/Unit/bin/Release/Microsoft.ApplicationServer.Http.CIT.Unit.DLL" adapterTypeName="Microsoft.VisualStudio.TestTools.TestTypes.Unit.UnitTestAdapter, Microsoft.VisualStudio.QualityTools.Tips.UnitTest.Adapter, Version=10.0.0.0, Culture=neutral, PublicKeyToken=b03f5f7f11d50a3a" className="Microsoft.ApplicationServer.Http.Dispatcher.HttpMessageInspectorTests, Microsoft.ApplicationServer.Http.CIT.Unit, Version=0.0.0.0, Culture=neutral, PublicKeyToken=null" name="AfterReceiveRequest_HttpMessageInspector_Null_Message_Throws" />
    </UnitTest>
    <UnitTest name="Constructor2" storage="f:\advisorsrepo\wcfhttp\http\test\microsoft.applicationserver.http\unit\bin\release\microsoft.applicationserver.http.cit.unit.dll" id="b3f998cb-f721-08d9-b943-ce9b73cb1733">
      <Description>ObjectContent(Type, object, MediaTypeHeaderValue) sets Type, content header's media type and (private) ObjectInstance properties.</Description>
      <Execution timeOut="30000" id="ff76a432-1d58-4008-bb89-b93d9afb4e72" />
      <Owners>
        <Owner name="dravva" />
      </Owners>
      <TestCategory>
        <TestCategoryItem TestCategory="CIT" />
      </TestCategory>
      <TestMethod codeBase="F:/advisorsrepo/wcfhttp/Http/Test/Microsoft.ApplicationServer.Http/Unit/bin/Release/Microsoft.ApplicationServer.Http.CIT.Unit.DLL" adapterTypeName="Microsoft.VisualStudio.TestTools.TestTypes.Unit.UnitTestAdapter, Microsoft.VisualStudio.QualityTools.Tips.UnitTest.Adapter, Version=10.0.0.0, Culture=neutral, PublicKeyToken=b03f5f7f11d50a3a" className="Microsoft.ApplicationServer.Http.ObjectContentTests, Microsoft.ApplicationServer.Http.CIT.Unit, Version=0.0.0.0, Culture=neutral, PublicKeyToken=null" name="Constructor2" />
    </UnitTest>
    <UnitTest name="ConvertStringToT" storage="f:\advisorsrepo\wcfhttp\http\test\microsoft.applicationserver.http\unit\bin\release\microsoft.applicationserver.http.cit.unit.dll" id="66f01ff7-5a26-abca-48d5-f80b366a69f9">
      <Description>Convert(string) to T.</Description>
      <Execution timeOut="30000" id="11826a54-1a8d-4d3d-a1c6-b6b7cd84700a" />
      <Owners>
        <Owner name="dravva" />
      </Owners>
      <TestCategory>
        <TestCategoryItem TestCategory="CIT" />
      </TestCategory>
      <TestMethod codeBase="F:/advisorsrepo/wcfhttp/Http/Test/Microsoft.ApplicationServer.Http/Unit/bin/Release/Microsoft.ApplicationServer.Http.CIT.Unit.DLL" adapterTypeName="Microsoft.VisualStudio.TestTools.TestTypes.Unit.UnitTestAdapter, Microsoft.VisualStudio.QualityTools.Tips.UnitTest.Adapter, Version=10.0.0.0, Culture=neutral, PublicKeyToken=b03f5f7f11d50a3a" className="Microsoft.ApplicationServer.Http.Description.HttpParameterValueConverterTests, Microsoft.ApplicationServer.Http.CIT.Unit, Version=0.0.0.0, Culture=neutral, PublicKeyToken=null" name="ConvertStringToT" />
    </UnitTest>
    <UnitTest name="HttpParameterCollection_Synchronized_Incomplete_Remove" storage="f:\advisorsrepo\wcfhttp\http\test\microsoft.applicationserver.http\unit\bin\release\microsoft.applicationserver.http.cit.unit.dll" id="1032e1d9-c75c-40b9-5be5-c27069bb6e71">
      <Description>HttpParameterCollection created from incomplete MessagePartDescriptionCollection implements Remove correctly</Description>
      <Execution timeOut="30000" id="51f7cb01-8470-48cc-9eb5-3e335586bb95" />
      <Owners>
        <Owner name="derik" />
      </Owners>
      <TestCategory>
        <TestCategoryItem TestCategory="CIT" />
      </TestCategory>
      <TestMethod codeBase="F:/advisorsrepo/wcfhttp/Http/Test/Microsoft.ApplicationServer.Http/Unit/bin/Release/Microsoft.ApplicationServer.Http.CIT.Unit.DLL" adapterTypeName="Microsoft.VisualStudio.TestTools.TestTypes.Unit.UnitTestAdapter, Microsoft.VisualStudio.QualityTools.Tips.UnitTest.Adapter, Version=10.0.0.0, Culture=neutral, PublicKeyToken=b03f5f7f11d50a3a" className="Microsoft.ApplicationServer.Http.Description.HttpParameterCollectionTests, Microsoft.ApplicationServer.Http.CIT.Unit, Version=0.0.0.0, Culture=neutral, PublicKeyToken=null" name="HttpParameterCollection_Synchronized_Incomplete_Remove" />
    </UnitTest>
    <UnitTest name="ToMessage_Throws_When_This_Is_Null_For_HttpRequestMessage" storage="f:\advisorsrepo\wcfhttp\http\test\microsoft.applicationserver.http\unit\bin\release\microsoft.applicationserver.http.cit.unit.dll" id="5788eb15-41ad-83bf-e08b-46843bf80e34">
      <Description>HttpRequestMessage.ToMessage throws ArgumentNullException when the HttpRequestMessage is null.</Description>
      <Execution timeOut="30000" id="0bfd807e-bc29-4761-a015-4fae5de7c336" />
      <Owners>
        <Owner name="derik" />
      </Owners>
      <TestCategory>
        <TestCategoryItem TestCategory="CIT" />
      </TestCategory>
      <TestMethod codeBase="F:/advisorsrepo/wcfhttp/Http/Test/Microsoft.ApplicationServer.Http/Unit/bin/Release/Microsoft.ApplicationServer.Http.CIT.Unit.DLL" adapterTypeName="Microsoft.VisualStudio.TestTools.TestTypes.Unit.UnitTestAdapter, Microsoft.VisualStudio.QualityTools.Tips.UnitTest.Adapter, Version=10.0.0.0, Culture=neutral, PublicKeyToken=b03f5f7f11d50a3a" className="Microsoft.ApplicationServer.Http.Channels.HttpMessageExtensionMethodsTests, Microsoft.ApplicationServer.Http.CIT.Unit, Version=0.0.0.0, Culture=neutral, PublicKeyToken=null" name="ToMessage_Throws_When_This_Is_Null_For_HttpRequestMessage" />
    </UnitTest>
    <UnitTest name="ToString_With_A_Response_And_UnSeekable_HttpContent_Indicates_Unknown_Content_Length" storage="f:\advisorsrepo\wcfhttp\http\test\microsoft.applicationserver.http\unit\bin\release\microsoft.applicationserver.http.cit.unit.dll" id="48bf0a0d-36f6-4f2b-36c5-0ac5295e7e91">
      <Description>HttpMessage.ToString() indicates that it is a response message with an unknown content length if the HttpContent is not seekable.</Description>
      <Execution timeOut="30000" id="865fb02a-c5dd-4637-96da-fb9f025880e6" />
      <Owners>
        <Owner name="derik" />
      </Owners>
      <TestCategory>
        <TestCategoryItem TestCategory="CIT" />
      </TestCategory>
      <TestMethod codeBase="F:/advisorsrepo/wcfhttp/Http/Test/Microsoft.ApplicationServer.Http/Unit/bin/Release/Microsoft.ApplicationServer.Http.CIT.Unit.DLL" adapterTypeName="Microsoft.VisualStudio.TestTools.TestTypes.Unit.UnitTestAdapter, Microsoft.VisualStudio.QualityTools.Tips.UnitTest.Adapter, Version=10.0.0.0, Culture=neutral, PublicKeyToken=b03f5f7f11d50a3a" className="Microsoft.ApplicationServer.Http.Channels.HttpMessageTests, Microsoft.ApplicationServer.Http.CIT.Unit, Version=0.0.0.0, Culture=neutral, PublicKeyToken=null" name="ToString_With_A_Response_And_UnSeekable_HttpContent_Indicates_Unknown_Content_Length" />
    </UnitTest>
    <UnitTest name="ConstructorCallsOnGetOutputParametersOfAllResponseHandlers" storage="f:\advisorsrepo\wcfhttp\http\test\microsoft.applicationserver.http\unit\bin\release\microsoft.applicationserver.http.cit.unit.dll" id="8e0cdb6d-a87e-a0bb-6aa3-7fd02f4f61a2">
      <Description>OperationHandlerPipelineInfo(IEnumerable&lt;HttpOperationHandler&gt;, IEnumerable&lt;HttpOperationHandler&gt;, HttpOperationDescription) calls OnGetOutputtParameters() on all of the responseHandlers.</Description>
      <Execution timeOut="30000" id="a309956d-1d99-40be-9b3b-3ed05a599d85" />
      <Owners>
        <Owner name="dravva" />
      </Owners>
      <TestCategory>
        <TestCategoryItem TestCategory="CIT" />
      </TestCategory>
      <TestMethod codeBase="F:/advisorsrepo/wcfhttp/Http/Test/Microsoft.ApplicationServer.Http/Unit/bin/Release/Microsoft.ApplicationServer.Http.CIT.Unit.DLL" adapterTypeName="Microsoft.VisualStudio.TestTools.TestTypes.Unit.UnitTestAdapter, Microsoft.VisualStudio.QualityTools.Tips.UnitTest.Adapter, Version=10.0.0.0, Culture=neutral, PublicKeyToken=b03f5f7f11d50a3a" className="Microsoft.ApplicationServer.Http.Dispatcher.OperationHandlerPipelineInfoTests, Microsoft.ApplicationServer.Http.CIT.Unit, Version=0.0.0.0, Culture=neutral, PublicKeyToken=null" name="ConstructorCallsOnGetOutputParametersOfAllResponseHandlers" />
    </UnitTest>
    <UnitTest name="Endpoint_Throws_OnInitializeAndValidate_Client" storage="f:\advisorsrepo\wcfhttp\http\test\microsoft.applicationserver.http\unit\bin\release\microsoft.applicationserver.http.cit.unit.dll" id="ac82bf2b-dbbb-e9d7-b49f-d0d06e3ba4c3">
      <Description>HttpEndpointElement.OnInitializeAndValidate throws for client entry point</Description>
      <Execution timeOut="30000" id="3d098253-2aba-4ddd-95ed-c90091092321" />
      <Owners>
        <Owner name="vinelap" />
      </Owners>
      <TestCategory>
        <TestCategoryItem TestCategory="CIT" />
      </TestCategory>
      <TestMethod codeBase="F:/advisorsrepo/wcfhttp/Http/Test/Microsoft.ApplicationServer.Http/Unit/bin/Release/Microsoft.ApplicationServer.Http.CIT.Unit.DLL" adapterTypeName="Microsoft.VisualStudio.TestTools.TestTypes.Unit.UnitTestAdapter, Microsoft.VisualStudio.QualityTools.Tips.UnitTest.Adapter, Version=10.0.0.0, Culture=neutral, PublicKeyToken=b03f5f7f11d50a3a" className="Microsoft.ApplicationServer.Http.Configuration.HttpEndpointElementTests, Microsoft.ApplicationServer.Http.CIT.Unit, Version=0.0.0.0, Culture=neutral, PublicKeyToken=null" name="Endpoint_Throws_OnInitializeAndValidate_Client" />
    </UnitTest>
    <UnitTest name="ReadAsGetsObject" storage="f:\advisorsrepo\wcfhttp\http\test\microsoft.applicationserver.http\unit\bin\release\microsoft.applicationserver.http.cit.unit.dll" id="5b3783ac-46cc-4632-b84c-99175a01a062">
      <Description>ReadAs() gets the object instance provided to the constructor for all value and reference types.</Description>
      <Execution timeOut="30000" id="05c55087-443c-482d-9e4f-ca803e8e878f" />
      <Owners>
        <Owner name="dravva" />
      </Owners>
      <TestCategory>
        <TestCategoryItem TestCategory="CIT" />
      </TestCategory>
      <TestMethod codeBase="F:/advisorsrepo/wcfhttp/Http/Test/Microsoft.ApplicationServer.Http/Unit/bin/Release/Microsoft.ApplicationServer.Http.CIT.Unit.DLL" adapterTypeName="Microsoft.VisualStudio.TestTools.TestTypes.Unit.UnitTestAdapter, Microsoft.VisualStudio.QualityTools.Tips.UnitTest.Adapter, Version=10.0.0.0, Culture=neutral, PublicKeyToken=b03f5f7f11d50a3a" className="Microsoft.ApplicationServer.Http.ObjectContentOfTTests, Microsoft.ApplicationServer.Http.CIT.Unit, Version=0.0.0.0, Culture=neutral, PublicKeyToken=null" name="ReadAsGetsObject" />
    </UnitTest>
    <UnitTest name="DefaultHttpMessagePluginFactory_Constructor1" storage="f:\advisorsrepo\wcfhttp\http\test\microsoft.applicationserver.http\unit\bin\release\microsoft.applicationserver.http.cit.unit.dll" id="2d6983c5-ecb0-6f49-1cad-d069648554a3">
      <Execution timeOut="30000" id="94acc38d-ea1b-4f53-95d5-0c3a52641b4b" />
      <Owners>
        <Owner name="derik" />
      </Owners>
      <TestCategory>
        <TestCategoryItem TestCategory="CIT" />
        <TestCategoryItem TestCategory="ADP_Basics" />
      </TestCategory>
      <TestMethod codeBase="F:/advisorsrepo/wcfhttp/Http/Test/Microsoft.ApplicationServer.Http/Unit/bin/Release/Microsoft.ApplicationServer.Http.CIT.Unit.DLL" adapterTypeName="Microsoft.VisualStudio.TestTools.TestTypes.Unit.UnitTestAdapter, Microsoft.VisualStudio.QualityTools.Tips.UnitTest.Adapter, Version=10.0.0.0, Culture=neutral, PublicKeyToken=b03f5f7f11d50a3a" className="Microsoft.ApplicationServer.Http.Channels.HttpMessageHandlerChannelFactoryTests, Microsoft.ApplicationServer.Http.CIT.Unit, Version=0.0.0.0, Culture=neutral, PublicKeyToken=null" name="DefaultHttpMessagePluginFactory_Constructor1" />
    </UnitTest>
    <UnitTest name="HttpMessageHandlerFactory_Is_Null_By_Default" storage="f:\advisorsrepo\wcfhttp\http\test\microsoft.applicationserver.http\unit\bin\release\microsoft.applicationserver.http.cit.unit.dll" id="4e17ba62-e827-daab-1a53-0e2b5f84ccbe">
      <Description>HttpMessageHandlerBindingElement.HttpMessageHandlerFactory property is null be default.</Description>
      <Execution timeOut="30000" id="70545bed-5a97-433b-9e4d-d85fa6337746" />
      <Owners>
        <Owner name="derik" />
      </Owners>
      <TestCategory>
        <TestCategoryItem TestCategory="ADP_Basics" />
        <TestCategoryItem TestCategory="CIT" />
      </TestCategory>
      <TestMethod codeBase="F:/advisorsrepo/wcfhttp/Http/Test/Microsoft.ApplicationServer.Http/Unit/bin/Release/Microsoft.ApplicationServer.Http.CIT.Unit.DLL" adapterTypeName="Microsoft.VisualStudio.TestTools.TestTypes.Unit.UnitTestAdapter, Microsoft.VisualStudio.QualityTools.Tips.UnitTest.Adapter, Version=10.0.0.0, Culture=neutral, PublicKeyToken=b03f5f7f11d50a3a" className="Microsoft.ApplicationServer.Http.Channels.HttpMessageHandlerBindingElementTests, Microsoft.ApplicationServer.Http.CIT.Unit, Version=0.0.0.0, Culture=neutral, PublicKeyToken=null" name="HttpMessageHandlerFactory_Is_Null_By_Default" />
    </UnitTest>
    <UnitTest name="Constructor3SetsContentHeadersWithHttpContent" storage="f:\advisorsrepo\wcfhttp\http\test\microsoft.applicationserver.http\unit\bin\release\microsoft.applicationserver.http.cit.unit.dll" id="942c8fc5-be3f-05b0-6e1d-0d90c0c0a8e1">
      <Description>ObjectContent&lt;T&gt;(HttpContent) sets ContentHeaders with input HttpContent.</Description>
      <Execution timeOut="30000" id="be9058f8-3126-44e1-bbf7-ccb7d49e589a" />
      <Owners>
        <Owner name="dravva" />
      </Owners>
      <TestCategory>
        <TestCategoryItem TestCategory="CIT" />
      </TestCategory>
      <TestMethod codeBase="F:/advisorsrepo/wcfhttp/Http/Test/Microsoft.ApplicationServer.Http/Unit/bin/Release/Microsoft.ApplicationServer.Http.CIT.Unit.DLL" adapterTypeName="Microsoft.VisualStudio.TestTools.TestTypes.Unit.UnitTestAdapter, Microsoft.VisualStudio.QualityTools.Tips.UnitTest.Adapter, Version=10.0.0.0, Culture=neutral, PublicKeyToken=b03f5f7f11d50a3a" className="Microsoft.ApplicationServer.Http.ObjectContentOfTTests, Microsoft.ApplicationServer.Http.CIT.Unit, Version=0.0.0.0, Culture=neutral, PublicKeyToken=null" name="Constructor3SetsContentHeadersWithHttpContent" />
    </UnitTest>
    <UnitTest name="ToMessage_Returns_HttpMessage_With_IsRequest_True" storage="f:\advisorsrepo\wcfhttp\http\test\microsoft.applicationserver.http\unit\bin\release\microsoft.applicationserver.http.cit.unit.dll" id="f8304cf8-a995-8a01-877c-a15b2d4479bb">
      <Description>HttpRequestMessage.ToMessage returns an HttpMessage instance in which IsRequest is 'true'.</Description>
      <Execution timeOut="30000" id="79a5d6ef-38c9-4ef1-9b07-2d95d293c660" />
      <Owners>
        <Owner name="derik" />
      </Owners>
      <TestCategory>
        <TestCategoryItem TestCategory="CIT" />
      </TestCategory>
      <TestMethod codeBase="F:/advisorsrepo/wcfhttp/Http/Test/Microsoft.ApplicationServer.Http/Unit/bin/Release/Microsoft.ApplicationServer.Http.CIT.Unit.DLL" adapterTypeName="Microsoft.VisualStudio.TestTools.TestTypes.Unit.UnitTestAdapter, Microsoft.VisualStudio.QualityTools.Tips.UnitTest.Adapter, Version=10.0.0.0, Culture=neutral, PublicKeyToken=b03f5f7f11d50a3a" className="Microsoft.ApplicationServer.Http.Channels.HttpMessageExtensionMethodsTests, Microsoft.ApplicationServer.Http.CIT.Unit, Version=0.0.0.0, Culture=neutral, PublicKeyToken=null" name="ToMessage_Returns_HttpMessage_With_IsRequest_True" />
    </UnitTest>
    <UnitTest name="CanReadAs2ThrowsWithNullContent" storage="f:\advisorsrepo\wcfhttp\http\test\microsoft.applicationserver.http\unit\bin\release\microsoft.applicationserver.http.cit.unit.dll" id="9435d6a7-9387-e914-05aa-366285b55a16">
      <Description>CanReadAs(Type, HttpResponseMessage) throws with null Type.</Description>
      <Execution timeOut="30000" id="bdd9cbe1-d570-4b72-a6a6-9bc6c1649c46" />
      <Owners>
        <Owner name="dravva" />
      </Owners>
      <TestCategory>
        <TestCategoryItem TestCategory="CIT" />
      </TestCategory>
      <TestMethod codeBase="F:/advisorsrepo/wcfhttp/Http/Test/Microsoft.ApplicationServer.Http/Unit/bin/Release/Microsoft.ApplicationServer.Http.CIT.Unit.DLL" adapterTypeName="Microsoft.VisualStudio.TestTools.TestTypes.Unit.UnitTestAdapter, Microsoft.VisualStudio.QualityTools.Tips.UnitTest.Adapter, Version=10.0.0.0, Culture=neutral, PublicKeyToken=b03f5f7f11d50a3a" className="Microsoft.ApplicationServer.Http.MediaTypeFormatterTests, Microsoft.ApplicationServer.Http.CIT.Unit, Version=0.0.0.0, Culture=neutral, PublicKeyToken=null" name="CanReadAs2ThrowsWithNullContent" />
    </UnitTest>
    <UnitTest name="ToString_With_A_Response_Indicates_Zero_Content_Length" storage="f:\advisorsrepo\wcfhttp\http\test\microsoft.applicationserver.http\unit\bin\release\microsoft.applicationserver.http.cit.unit.dll" id="18c4f443-97e4-ec66-4b8a-62d1527ddd74">
      <Description>HttpMessage.ToString() indicates that it is a response message with a content length of zero bytes.</Description>
      <Execution timeOut="30000" id="52dc04fd-4ad9-41fb-88a4-e9efdd7855e3" />
      <Owners>
        <Owner name="derik" />
      </Owners>
      <TestCategory>
        <TestCategoryItem TestCategory="CIT" />
      </TestCategory>
      <TestMethod codeBase="F:/advisorsrepo/wcfhttp/Http/Test/Microsoft.ApplicationServer.Http/Unit/bin/Release/Microsoft.ApplicationServer.Http.CIT.Unit.DLL" adapterTypeName="Microsoft.VisualStudio.TestTools.TestTypes.Unit.UnitTestAdapter, Microsoft.VisualStudio.QualityTools.Tips.UnitTest.Adapter, Version=10.0.0.0, Culture=neutral, PublicKeyToken=b03f5f7f11d50a3a" className="Microsoft.ApplicationServer.Http.Channels.HttpMessageTests, Microsoft.ApplicationServer.Http.CIT.Unit, Version=0.0.0.0, Culture=neutral, PublicKeyToken=null" name="ToString_With_A_Response_Indicates_Zero_Content_Length" />
    </UnitTest>
    <UnitTest name="HttpParameterCollection_Unsynchronized_IndexOf" storage="f:\advisorsrepo\wcfhttp\http\test\microsoft.applicationserver.http\unit\bin\release\microsoft.applicationserver.http.cit.unit.dll" id="5801680a-2654-4432-88fb-f172b451c0df">
      <Description>HttpParameterCollection created from default ctor implements IndexOf correctly</Description>
      <Execution timeOut="30000" id="2afe40a0-5465-4a6a-a1e4-b135ad9a821b" />
      <Owners>
        <Owner name="derik" />
      </Owners>
      <TestCategory>
        <TestCategoryItem TestCategory="CIT" />
      </TestCategory>
      <TestMethod codeBase="F:/advisorsrepo/wcfhttp/Http/Test/Microsoft.ApplicationServer.Http/Unit/bin/Release/Microsoft.ApplicationServer.Http.CIT.Unit.DLL" adapterTypeName="Microsoft.VisualStudio.TestTools.TestTypes.Unit.UnitTestAdapter, Microsoft.VisualStudio.QualityTools.Tips.UnitTest.Adapter, Version=10.0.0.0, Culture=neutral, PublicKeyToken=b03f5f7f11d50a3a" className="Microsoft.ApplicationServer.Http.Description.HttpParameterCollectionTests, Microsoft.ApplicationServer.Http.CIT.Unit, Version=0.0.0.0, Culture=neutral, PublicKeyToken=null" name="HttpParameterCollection_Unsynchronized_IndexOf" />
    </UnitTest>
    <UnitTest name="AfterReceiveRequest_Returns_Custom_State_Value" storage="f:\advisorsrepo\wcfhttp\http\test\microsoft.applicationserver.http\unit\bin\release\microsoft.applicationserver.http.cit.unit.dll" id="5130759d-c887-eb8b-0b67-84a72ed4b71d">
      <Description>IDispatchMessageInspector.AfterReceiveRequest can return a custom state value.</Description>
      <Execution timeOut="30000" id="9a7e29fd-b9e8-4758-bc3c-8be4f1bc4226" />
      <Owners>
        <Owner name="maying" />
      </Owners>
      <TestCategory>
        <TestCategoryItem TestCategory="CIT" />
      </TestCategory>
      <TestMethod codeBase="F:/advisorsrepo/wcfhttp/Http/Test/Microsoft.ApplicationServer.Http/Unit/bin/Release/Microsoft.ApplicationServer.Http.CIT.Unit.DLL" adapterTypeName="Microsoft.VisualStudio.TestTools.TestTypes.Unit.UnitTestAdapter, Microsoft.VisualStudio.QualityTools.Tips.UnitTest.Adapter, Version=10.0.0.0, Culture=neutral, PublicKeyToken=b03f5f7f11d50a3a" className="Microsoft.ApplicationServer.Http.Dispatcher.HttpMessageInspectorTests, Microsoft.ApplicationServer.Http.CIT.Unit, Version=0.0.0.0, Culture=neutral, PublicKeyToken=null" name="AfterReceiveRequest_Returns_Custom_State_Value" />
    </UnitTest>
    <UnitTest name="Constructor" storage="f:\advisorsrepo\wcfhttp\http\test\microsoft.applicationserver.http\unit\bin\release\microsoft.applicationserver.http.cit.unit.dll" id="410b1a75-80e7-7f39-639c-dc24d274a512">
      <Description>ObjectContent&lt;T&gt;(T) sets Type and (private) ObjectInstance properties with all known value and reference types.  ContentType defaults to null.</Description>
      <Execution timeOut="30000" id="737ae7b1-f193-4b30-8013-86ae5acfe477" />
      <Owners>
        <Owner name="dravva" />
      </Owners>
      <TestCategory>
        <TestCategoryItem TestCategory="CIT" />
      </TestCategory>
      <TestMethod codeBase="F:/advisorsrepo/wcfhttp/Http/Test/Microsoft.ApplicationServer.Http/Unit/bin/Release/Microsoft.ApplicationServer.Http.CIT.Unit.DLL" adapterTypeName="Microsoft.VisualStudio.TestTools.TestTypes.Unit.UnitTestAdapter, Microsoft.VisualStudio.QualityTools.Tips.UnitTest.Adapter, Version=10.0.0.0, Culture=neutral, PublicKeyToken=b03f5f7f11d50a3a" className="Microsoft.ApplicationServer.Http.ObjectContentOfTTests, Microsoft.ApplicationServer.Http.CIT.Unit, Version=0.0.0.0, Culture=neutral, PublicKeyToken=null" name="Constructor" />
    </UnitTest>
    <UnitTest name="Constructor" storage="f:\advisorsrepo\wcfhttp\http\test\microsoft.applicationserver.http\unit\bin\release\microsoft.applicationserver.http.cit.unit.dll" id="7c831ad0-1454-0576-e4f1-327f2f22d5df">
      <Description>RequestContentHandler() constructor initializes parameters and formatters.</Description>
      <Execution timeOut="30000" id="29c76e26-d8df-4181-bdf4-219d83095018" />
      <Owners>
        <Owner name="dravva" />
      </Owners>
      <TestCategory>
        <TestCategoryItem TestCategory="CIT" />
      </TestCategory>
      <TestMethod codeBase="F:/advisorsrepo/wcfhttp/Http/Test/Microsoft.ApplicationServer.Http/Unit/bin/Release/Microsoft.ApplicationServer.Http.CIT.Unit.DLL" adapterTypeName="Microsoft.VisualStudio.TestTools.TestTypes.Unit.UnitTestAdapter, Microsoft.VisualStudio.QualityTools.Tips.UnitTest.Adapter, Version=10.0.0.0, Culture=neutral, PublicKeyToken=b03f5f7f11d50a3a" className="Microsoft.ApplicationServer.Http.Dispatcher.RequestContentHandlerTests, Microsoft.ApplicationServer.Http.CIT.Unit, Version=0.0.0.0, Culture=neutral, PublicKeyToken=null" name="Constructor" />
    </UnitTest>
    <UnitTest name="TrySelectOperationCallsOnTrySelectOperation" storage="f:\advisorsrepo\wcfhttp\http\test\microsoft.applicationserver.http\unit\bin\release\microsoft.applicationserver.http.cit.unit.dll" id="dd298365-59bc-1b69-eaf9-3c166cf00cb2">
      <Description>TrySelectOperation(HttpRequestMessage, out string, out bool) calls OnTrySelectOperation.</Description>
      <Execution timeOut="30000" id="fe1c454f-9d05-4579-82c1-b65c66ce8074" />
      <Owners>
        <Owner name="dravva" />
      </Owners>
      <TestCategory>
        <TestCategoryItem TestCategory="CIT" />
      </TestCategory>
      <TestMethod codeBase="F:/advisorsrepo/wcfhttp/Http/Test/Microsoft.ApplicationServer.Http/Unit/bin/Release/Microsoft.ApplicationServer.Http.CIT.Unit.DLL" adapterTypeName="Microsoft.VisualStudio.TestTools.TestTypes.Unit.UnitTestAdapter, Microsoft.VisualStudio.QualityTools.Tips.UnitTest.Adapter, Version=10.0.0.0, Culture=neutral, PublicKeyToken=b03f5f7f11d50a3a" className="Microsoft.ApplicationServer.Http.Dispatcher.UriAndMethodOperationSelectorTests, Microsoft.ApplicationServer.Http.CIT.Unit, Version=0.0.0.0, Culture=neutral, PublicKeyToken=null" name="TrySelectOperationCallsOnTrySelectOperation" />
    </UnitTest>
    <UnitTest name="SerializeReply_Null_Parameters_Throws" storage="f:\advisorsrepo\wcfhttp\http\test\microsoft.applicationserver.http\unit\bin\release\microsoft.applicationserver.http.cit.unit.dll" id="0857c982-449e-ed49-49d1-8998baa0e6e1">
      <Description>SerializeReply() throws for null parameters argument.</Description>
      <Execution timeOut="30000" id="d656eb80-f63c-48eb-b10f-4d146ac31fdf" />
      <Owners>
        <Owner name="maying" />
      </Owners>
      <TestCategory>
        <TestCategoryItem TestCategory="CIT" />
      </TestCategory>
      <TestMethod codeBase="F:/advisorsrepo/wcfhttp/Http/Test/Microsoft.ApplicationServer.Http/Unit/bin/Release/Microsoft.ApplicationServer.Http.CIT.Unit.DLL" adapterTypeName="Microsoft.VisualStudio.TestTools.TestTypes.Unit.UnitTestAdapter, Microsoft.VisualStudio.QualityTools.Tips.UnitTest.Adapter, Version=10.0.0.0, Culture=neutral, PublicKeyToken=b03f5f7f11d50a3a" className="Microsoft.ApplicationServer.Http.Dispatcher.HttpMessageFormatterTests, Microsoft.ApplicationServer.Http.CIT.Unit, Version=0.0.0.0, Culture=neutral, PublicKeyToken=null" name="SerializeReply_Null_Parameters_Throws" />
    </UnitTest>
    <UnitTest name="Compare_Returns_0_For_MediaTypeHeaderValues_With_Same_Q_Value" storage="f:\advisorsrepo\wcfhttp\http\test\microsoft.applicationserver.http\unit\bin\release\microsoft.applicationserver.http.cit.unit.dll" id="eef38d6b-b3b9-cf5b-355f-4e1071ae258d">
      <Description>MediaTypeHeadeValueComparer.Compare returns 0 for MediaTypeHeaderValue with the same Q when the Media types are not media ranges or are the same media ranges.</Description>
      <Execution timeOut="30000" id="ce51989b-2f01-4ea1-986b-58d02b4dffab" />
      <Owners>
        <Owner name="vinelap" />
      </Owners>
      <TestCategory>
        <TestCategoryItem TestCategory="CIT" />
      </TestCategory>
      <TestMethod codeBase="F:/advisorsrepo/wcfhttp/Http/Test/Microsoft.ApplicationServer.Http/Unit/bin/Release/Microsoft.ApplicationServer.Http.CIT.Unit.DLL" adapterTypeName="Microsoft.VisualStudio.TestTools.TestTypes.Unit.UnitTestAdapter, Microsoft.VisualStudio.QualityTools.Tips.UnitTest.Adapter, Version=10.0.0.0, Culture=neutral, PublicKeyToken=b03f5f7f11d50a3a" className="Microsoft.ApplicationServer.Http.MediaTypeHeadeValueComparerTests, Microsoft.ApplicationServer.Http.CIT.Unit, Version=0.0.0.0, Culture=neutral, PublicKeyToken=null" name="Compare_Returns_0_For_MediaTypeHeaderValues_With_Same_Q_Value" />
    </UnitTest>
    <UnitTest name="HttpOperationDescription_Delete_OutputParameters_From_HttpOperationDescription" storage="f:\advisorsrepo\wcfhttp\http\test\microsoft.applicationserver.http\unit\bin\release\microsoft.applicationserver.http.cit.unit.dll" id="3d275e0f-5f20-8a05-ee0f-7f09b23951aa">
      <Description>HttpOperationDescription delete output parameters through HttpOperationDescription updates in OperationDescription</Description>
      <Execution timeOut="30000" id="b9a8d687-3701-44e9-a01d-09fabda4258c" />
      <Owners>
        <Owner name="maying" />
      </Owners>
      <TestCategory>
        <TestCategoryItem TestCategory="CIT" />
      </TestCategory>
      <TestMethod codeBase="F:/advisorsrepo/wcfhttp/Http/Test/Microsoft.ApplicationServer.Http/Unit/bin/Release/Microsoft.ApplicationServer.Http.CIT.Unit.DLL" adapterTypeName="Microsoft.VisualStudio.TestTools.TestTypes.Unit.UnitTestAdapter, Microsoft.VisualStudio.QualityTools.Tips.UnitTest.Adapter, Version=10.0.0.0, Culture=neutral, PublicKeyToken=b03f5f7f11d50a3a" className="Microsoft.ApplicationServer.Http.Description.HttpOperationDescriptionTests, Microsoft.ApplicationServer.Http.CIT.Unit, Version=0.0.0.0, Culture=neutral, PublicKeyToken=null" name="HttpOperationDescription_Delete_OutputParameters_From_HttpOperationDescription" />
    </UnitTest>
    <UnitTest name="Constructor1ConvertsNullValueTypeToDefault" storage="f:\advisorsrepo\wcfhttp\http\test\microsoft.applicationserver.http\unit\bin\release\microsoft.applicationserver.http.cit.unit.dll" id="1b9f07d9-5c5d-8a65-a1d3-19ccdfcb88eb">
      <Description>ObjectContent&lt;T&gt;(T, string) converts null value types to that type's default value and sets (private) ObjectInstance.</Description>
      <Execution timeOut="30000" id="bb2552a5-e905-4ee0-93e3-b15014fab75b" />
      <Owners>
        <Owner name="dravva" />
      </Owners>
      <TestCategory>
        <TestCategoryItem TestCategory="CIT" />
      </TestCategory>
      <TestMethod codeBase="F:/advisorsrepo/wcfhttp/Http/Test/Microsoft.ApplicationServer.Http/Unit/bin/Release/Microsoft.ApplicationServer.Http.CIT.Unit.DLL" adapterTypeName="Microsoft.VisualStudio.TestTools.TestTypes.Unit.UnitTestAdapter, Microsoft.VisualStudio.QualityTools.Tips.UnitTest.Adapter, Version=10.0.0.0, Culture=neutral, PublicKeyToken=b03f5f7f11d50a3a" className="Microsoft.ApplicationServer.Http.ObjectContentOfTTests, Microsoft.ApplicationServer.Http.CIT.Unit, Version=0.0.0.0, Culture=neutral, PublicKeyToken=null" name="Constructor1ConvertsNullValueTypeToDefault" />
    </UnitTest>
    <UnitTest name="IsRequest_Is_False_If_HttpResponseMessage_Constructor_Was_Used" storage="f:\advisorsrepo\wcfhttp\http\test\microsoft.applicationserver.http\unit\bin\release\microsoft.applicationserver.http.cit.unit.dll" id="1fd5eab2-834a-a4b3-c824-bcbf361d257f">
      <Description>HttpMessage.IsRequest will be 'false' if the HttpResponseMethod constructor overload was used.</Description>
      <Execution timeOut="30000" id="3e5b6dea-43e1-407f-b012-c995e59b08ca" />
      <Owners>
        <Owner name="derik" />
      </Owners>
      <TestCategory>
        <TestCategoryItem TestCategory="CIT" />
      </TestCategory>
      <TestMethod codeBase="F:/advisorsrepo/wcfhttp/Http/Test/Microsoft.ApplicationServer.Http/Unit/bin/Release/Microsoft.ApplicationServer.Http.CIT.Unit.DLL" adapterTypeName="Microsoft.VisualStudio.TestTools.TestTypes.Unit.UnitTestAdapter, Microsoft.VisualStudio.QualityTools.Tips.UnitTest.Adapter, Version=10.0.0.0, Culture=neutral, PublicKeyToken=b03f5f7f11d50a3a" className="Microsoft.ApplicationServer.Http.Channels.HttpMessageTests, Microsoft.ApplicationServer.Http.CIT.Unit, Version=0.0.0.0, Culture=neutral, PublicKeyToken=null" name="IsRequest_Is_False_If_HttpResponseMessage_Constructor_Was_Used" />
    </UnitTest>
    <UnitTest name="IsAssignableFromParameterReturnsTrueForAllObjectContentOfTTypes" storage="f:\advisorsrepo\wcfhttp\http\test\microsoft.applicationserver.http\unit\bin\release\microsoft.applicationserver.http.cit.unit.dll" id="28f84c5b-1757-1f27-8261-8532814ff19c">
      <Description>IsAssignableFromParameter(Type) returns true for all ObjectContent&lt;T&gt; types.</Description>
      <Execution timeOut="30000" id="45dfda9b-4cb6-494a-a21c-c047332e07ad" />
      <Owners>
        <Owner name="dravva" />
      </Owners>
      <TestCategory>
        <TestCategoryItem TestCategory="CIT" />
      </TestCategory>
      <TestMethod codeBase="F:/advisorsrepo/wcfhttp/Http/Test/Microsoft.ApplicationServer.Http/Unit/bin/Release/Microsoft.ApplicationServer.Http.CIT.Unit.DLL" adapterTypeName="Microsoft.VisualStudio.TestTools.TestTypes.Unit.UnitTestAdapter, Microsoft.VisualStudio.QualityTools.Tips.UnitTest.Adapter, Version=10.0.0.0, Culture=neutral, PublicKeyToken=b03f5f7f11d50a3a" className="Microsoft.ApplicationServer.Http.Description.HttpParameterTests, Microsoft.ApplicationServer.Http.CIT.Unit, Version=0.0.0.0, Culture=neutral, PublicKeyToken=null" name="IsAssignableFromParameterReturnsTrueForAllObjectContentOfTTypes" />
    </UnitTest>
    <UnitTest name="TypeIsCorrect" storage="f:\advisorsrepo\wcfhttp\http\test\microsoft.applicationserver.http\unit\bin\release\microsoft.applicationserver.http.cit.unit.dll" id="67bd137b-4028-dfd4-1b03-9cae11d5025a">
      <Description>ObjectContent&lt;T&gt; is public, concrete, unsealed and generic.</Description>
      <Execution timeOut="30000" id="ba691351-47e6-43a7-b0ff-a280223a15b0" />
      <Owners>
        <Owner name="dravva" />
      </Owners>
      <TestCategory>
        <TestCategoryItem TestCategory="CIT" />
      </TestCategory>
      <TestMethod codeBase="F:/advisorsrepo/wcfhttp/Http/Test/Microsoft.ApplicationServer.Http/Unit/bin/Release/Microsoft.ApplicationServer.Http.CIT.Unit.DLL" adapterTypeName="Microsoft.VisualStudio.TestTools.TestTypes.Unit.UnitTestAdapter, Microsoft.VisualStudio.QualityTools.Tips.UnitTest.Adapter, Version=10.0.0.0, Culture=neutral, PublicKeyToken=b03f5f7f11d50a3a" className="Microsoft.ApplicationServer.Http.ObjectContentOfTTests, Microsoft.ApplicationServer.Http.CIT.Unit, Version=0.0.0.0, Culture=neutral, PublicKeyToken=null" name="TypeIsCorrect" />
    </UnitTest>
    <UnitTest name="HttpParameterCollection_Synchronized_Incomplete_CopyTo" storage="f:\advisorsrepo\wcfhttp\http\test\microsoft.applicationserver.http\unit\bin\release\microsoft.applicationserver.http.cit.unit.dll" id="d4a934f0-6272-7af4-bf0d-a956dea5efa7">
      <Description>HttpParameterCollection created from incomplete MessagePartDescriptionCollection implements CopyTo correctly</Description>
      <Execution timeOut="30000" id="a6844c85-2da2-4e0c-81ee-32a3df913b57" />
      <Owners>
        <Owner name="derik" />
      </Owners>
      <TestCategory>
        <TestCategoryItem TestCategory="CIT" />
      </TestCategory>
      <TestMethod codeBase="F:/advisorsrepo/wcfhttp/Http/Test/Microsoft.ApplicationServer.Http/Unit/bin/Release/Microsoft.ApplicationServer.Http.CIT.Unit.DLL" adapterTypeName="Microsoft.VisualStudio.TestTools.TestTypes.Unit.UnitTestAdapter, Microsoft.VisualStudio.QualityTools.Tips.UnitTest.Adapter, Version=10.0.0.0, Culture=neutral, PublicKeyToken=b03f5f7f11d50a3a" className="Microsoft.ApplicationServer.Http.Description.HttpParameterCollectionTests, Microsoft.ApplicationServer.Http.CIT.Unit, Version=0.0.0.0, Culture=neutral, PublicKeyToken=null" name="HttpParameterCollection_Synchronized_Incomplete_CopyTo" />
    </UnitTest>
    <UnitTest name="CanConvertFromTypeThrowsWithNullTypeForTtoObjectContentOfT" storage="f:\advisorsrepo\wcfhttp\http\test\microsoft.applicationserver.http\unit\bin\release\microsoft.applicationserver.http.cit.unit.dll" id="67ca1b06-c93f-e99a-2588-a5090ed773f1">
      <Description>CanConvertFromType(Type) throws for null Type using ObjectContent&lt;T&gt;.</Description>
      <Execution timeOut="30000" id="e09a9baf-905a-41c1-b1fb-e824c1c0fb6c" />
      <Owners>
        <Owner name="dravva" />
      </Owners>
      <TestCategory>
        <TestCategoryItem TestCategory="CIT" />
      </TestCategory>
      <TestMethod codeBase="F:/advisorsrepo/wcfhttp/Http/Test/Microsoft.ApplicationServer.Http/Unit/bin/Release/Microsoft.ApplicationServer.Http.CIT.Unit.DLL" adapterTypeName="Microsoft.VisualStudio.TestTools.TestTypes.Unit.UnitTestAdapter, Microsoft.VisualStudio.QualityTools.Tips.UnitTest.Adapter, Version=10.0.0.0, Culture=neutral, PublicKeyToken=b03f5f7f11d50a3a" className="Microsoft.ApplicationServer.Http.Description.HttpParameterValueConverterTests, Microsoft.ApplicationServer.Http.CIT.Unit, Version=0.0.0.0, Culture=neutral, PublicKeyToken=null" name="CanConvertFromTypeThrowsWithNullTypeForTtoObjectContentOfT" />
    </UnitTest>
    <UnitTest name="SupportedMediaTypesIsMutable" storage="f:\advisorsrepo\wcfhttp\http\test\microsoft.applicationserver.http\unit\bin\release\microsoft.applicationserver.http.cit.unit.dll" id="b9e10cae-a880-4e84-7150-1723bbfe11de">
      <Description>SupportedMediaTypes is a mutable collection.</Description>
      <Execution timeOut="30000" id="b24df74a-bd7a-44c4-8f24-38d5153d8db3" />
      <Owners>
        <Owner name="dravva" />
      </Owners>
      <TestCategory>
        <TestCategoryItem TestCategory="CIT" />
      </TestCategory>
      <TestMethod codeBase="F:/advisorsrepo/wcfhttp/Http/Test/Microsoft.ApplicationServer.Http/Unit/bin/Release/Microsoft.ApplicationServer.Http.CIT.Unit.DLL" adapterTypeName="Microsoft.VisualStudio.TestTools.TestTypes.Unit.UnitTestAdapter, Microsoft.VisualStudio.QualityTools.Tips.UnitTest.Adapter, Version=10.0.0.0, Culture=neutral, PublicKeyToken=b03f5f7f11d50a3a" className="Microsoft.ApplicationServer.Http.MediaTypeFormatterTests, Microsoft.ApplicationServer.Http.CIT.Unit, Version=0.0.0.0, Culture=neutral, PublicKeyToken=null" name="SupportedMediaTypesIsMutable" />
    </UnitTest>
    <UnitTest name="ToHttpResponseMessage_Can_Be_Called_Multiple_Times" storage="f:\advisorsrepo\wcfhttp\http\test\microsoft.applicationserver.http\unit\bin\release\microsoft.applicationserver.http.cit.unit.dll" id="377931c9-65b8-c61d-4444-837f20a13aed">
      <Description>Message.ToHttpResponseMessage returns the original HttpResponseMessage instance even when called multiple times.</Description>
      <Execution timeOut="30000" id="52d22eaa-5bd1-41c5-96dc-3b7fdf6fdeaf" />
      <Owners>
        <Owner name="derik" />
      </Owners>
      <TestCategory>
        <TestCategoryItem TestCategory="CIT" />
      </TestCategory>
      <TestMethod codeBase="F:/advisorsrepo/wcfhttp/Http/Test/Microsoft.ApplicationServer.Http/Unit/bin/Release/Microsoft.ApplicationServer.Http.CIT.Unit.DLL" adapterTypeName="Microsoft.VisualStudio.TestTools.TestTypes.Unit.UnitTestAdapter, Microsoft.VisualStudio.QualityTools.Tips.UnitTest.Adapter, Version=10.0.0.0, Culture=neutral, PublicKeyToken=b03f5f7f11d50a3a" className="Microsoft.ApplicationServer.Http.Channels.HttpMessageExtensionMethodsTests, Microsoft.ApplicationServer.Http.CIT.Unit, Version=0.0.0.0, Culture=neutral, PublicKeyToken=null" name="ToHttpResponseMessage_Can_Be_Called_Multiple_Times" />
    </UnitTest>
    <UnitTest name="WriteMessage_Throws_If_MessageOffsert_Parameter_Is_Negative" storage="f:\advisorsrepo\wcfhttp\http\test\microsoft.applicationserver.http\unit\bin\release\microsoft.applicationserver.http.cit.unit.dll" id="35cf8248-5444-f7d9-20de-a8717a9999e1">
      <Description>HttpMessageEncoder.WriteMessage throws if the messageOffset parameter is negative.</Description>
      <Execution timeOut="30000" id="816e1ff1-e60b-4546-b64a-2a73b9ada796" />
      <Owners>
        <Owner name="derik" />
      </Owners>
      <TestCategory>
        <TestCategoryItem TestCategory="CIT" />
      </TestCategory>
      <TestMethod codeBase="F:/advisorsrepo/wcfhttp/Http/Test/Microsoft.ApplicationServer.Http/Unit/bin/Release/Microsoft.ApplicationServer.Http.CIT.Unit.DLL" adapterTypeName="Microsoft.VisualStudio.TestTools.TestTypes.Unit.UnitTestAdapter, Microsoft.VisualStudio.QualityTools.Tips.UnitTest.Adapter, Version=10.0.0.0, Culture=neutral, PublicKeyToken=b03f5f7f11d50a3a" className="Microsoft.ApplicationServer.Http.Channels.HttpMessageEncoderTests, Microsoft.ApplicationServer.Http.CIT.Unit, Version=0.0.0.0, Culture=neutral, PublicKeyToken=null" name="WriteMessage_Throws_If_MessageOffsert_Parameter_Is_Negative" />
    </UnitTest>
    <UnitTest name="ReadAsString_Calls_The_ActionOfStream" storage="f:\advisorsrepo\wcfhttp\http\test\microsoft.applicationserver.http\unit\bin\release\microsoft.applicationserver.http.cit.unit.dll" id="98a64537-777b-f6fc-91ee-d27fd339a73b">
      <Description>ActionOfStreamContent.ReadAsString calls the inner action of stream.</Description>
      <Execution timeOut="30000" id="47ac312f-3214-4827-a599-6278cb3e166c" />
      <Owners>
        <Owner name="vinelap" />
      </Owners>
      <TestCategory>
        <TestCategoryItem TestCategory="CIT" />
      </TestCategory>
      <TestMethod codeBase="F:/advisorsrepo/wcfhttp/Http/Test/Microsoft.ApplicationServer.Http/Unit/bin/Release/Microsoft.ApplicationServer.Http.CIT.Unit.DLL" adapterTypeName="Microsoft.VisualStudio.TestTools.TestTypes.Unit.UnitTestAdapter, Microsoft.VisualStudio.QualityTools.Tips.UnitTest.Adapter, Version=10.0.0.0, Culture=neutral, PublicKeyToken=b03f5f7f11d50a3a" className="Microsoft.ApplicationServer.Http.ActionOfStreamContentTests, Microsoft.ApplicationServer.Http.CIT.Unit, Version=0.0.0.0, Culture=neutral, PublicKeyToken=null" name="ReadAsString_Calls_The_ActionOfStream" />
    </UnitTest>
    <UnitTest name="IsAssignableFromParameterReturnsTrueForAllHttpRequestMessageOfTTypes" storage="f:\advisorsrepo\wcfhttp\http\test\microsoft.applicationserver.http\unit\bin\release\microsoft.applicationserver.http.cit.unit.dll" id="91d16855-e081-8da6-23b0-afb3c3581319">
      <Description>IsAssignableFromParameter(Type) returns true for all HttpRequestMessage&lt;T&gt; types.</Description>
      <Execution timeOut="30000" id="b60c06b7-f39e-4c84-9430-4bdb89ebb824" />
      <Owners>
        <Owner name="dravva" />
      </Owners>
      <TestCategory>
        <TestCategoryItem TestCategory="CIT" />
      </TestCategory>
      <TestMethod codeBase="F:/advisorsrepo/wcfhttp/Http/Test/Microsoft.ApplicationServer.Http/Unit/bin/Release/Microsoft.ApplicationServer.Http.CIT.Unit.DLL" adapterTypeName="Microsoft.VisualStudio.TestTools.TestTypes.Unit.UnitTestAdapter, Microsoft.VisualStudio.QualityTools.Tips.UnitTest.Adapter, Version=10.0.0.0, Culture=neutral, PublicKeyToken=b03f5f7f11d50a3a" className="Microsoft.ApplicationServer.Http.Description.HttpParameterTests, Microsoft.ApplicationServer.Http.CIT.Unit, Version=0.0.0.0, Culture=neutral, PublicKeyToken=null" name="IsAssignableFromParameterReturnsTrueForAllHttpRequestMessageOfTTypes" />
    </UnitTest>
    <UnitTest name="UnitTestClassIsCorrect" storage="f:\advisorsrepo\wcfhttp\http\test\microsoft.applicationserver.http\unit\bin\release\microsoft.applicationserver.http.cit.unit.dll" id="348f3bfb-9024-913d-3753-411c60c9a9d4">
      <Execution timeOut="1800000" id="ab83b4b5-55f4-4b72-a7d4-39dafb1fb6be" />
      <TestMethod codeBase="F:/advisorsrepo/wcfhttp/Http/Test/Microsoft.ApplicationServer.Http/Unit/bin/Release/Microsoft.ApplicationServer.Http.CIT.Unit.DLL" adapterTypeName="Microsoft.VisualStudio.TestTools.TestTypes.Unit.UnitTestAdapter, Microsoft.VisualStudio.QualityTools.Tips.UnitTest.Adapter, Version=10.0.0.0, Culture=neutral, PublicKeyToken=b03f5f7f11d50a3a" className="Microsoft.ApplicationServer.Http.Dispatcher.RequestContentHandlerTests, Microsoft.ApplicationServer.Http.CIT.Unit, Version=0.0.0.0, Culture=neutral, PublicKeyToken=null" name="UnitTestClassIsCorrect" />
    </UnitTest>
    <UnitTest name="Help_Page_Is_Available" storage="f:\advisorsrepo\wcfhttp\http\test\microsoft.applicationserver.http\unit\bin\release\microsoft.applicationserver.http.cit.unit.dll" id="593294ea-9b37-3109-75c3-352cdf924039">
      <Description>HttpBehavior back compat test the main help page.</Description>
      <Execution timeOut="30000" id="caf81116-c821-4325-b22c-3c804e4447ba" />
      <Owners>
        <Owner name="vinelap" />
      </Owners>
      <TestCategory>
        <TestCategoryItem TestCategory="CIT" />
      </TestCategory>
      <TestMethod codeBase="F:/advisorsrepo/wcfhttp/Http/Test/Microsoft.ApplicationServer.Http/Unit/bin/Release/Microsoft.ApplicationServer.Http.CIT.Unit.DLL" adapterTypeName="Microsoft.VisualStudio.TestTools.TestTypes.Unit.UnitTestAdapter, Microsoft.VisualStudio.QualityTools.Tips.UnitTest.Adapter, Version=10.0.0.0, Culture=neutral, PublicKeyToken=b03f5f7f11d50a3a" className="Microsoft.ApplicationServer.Http.Description.HttpBehaviorTests, Microsoft.ApplicationServer.Http.CIT.Unit, Version=0.0.0.0, Culture=neutral, PublicKeyToken=null" name="Help_Page_Is_Available" />
    </UnitTest>
    <UnitTest name="IsMediaRange_Returns_False_For_Non_Media_Ranges" storage="f:\advisorsrepo\wcfhttp\http\test\microsoft.applicationserver.http\unit\bin\release\microsoft.applicationserver.http.cit.unit.dll" id="c4c0e5ae-a7e7-e1d8-4c76-47772a7efbb8">
      <Description>MediaTypeHeadeValueExtensionMethods.IsMediaRange returns false for non-media ranges.</Description>
      <Execution timeOut="30000" id="5a3990ac-9c99-43a8-b0b5-734fbc43b761" />
      <Owners>
        <Owner name="vinelap" />
      </Owners>
      <TestCategory>
        <TestCategoryItem TestCategory="CIT" />
      </TestCategory>
      <TestMethod codeBase="F:/advisorsrepo/wcfhttp/Http/Test/Microsoft.ApplicationServer.Http/Unit/bin/Release/Microsoft.ApplicationServer.Http.CIT.Unit.DLL" adapterTypeName="Microsoft.VisualStudio.TestTools.TestTypes.Unit.UnitTestAdapter, Microsoft.VisualStudio.QualityTools.Tips.UnitTest.Adapter, Version=10.0.0.0, Culture=neutral, PublicKeyToken=b03f5f7f11d50a3a" className="Microsoft.ApplicationServer.Http.MediaTypeHeadeValueExtensionMethodsTests, Microsoft.ApplicationServer.Http.CIT.Unit, Version=0.0.0.0, Culture=neutral, PublicKeyToken=null" name="IsMediaRange_Returns_False_For_Non_Media_Ranges" />
    </UnitTest>
    <UnitTest name="TypeIsCorrect" storage="f:\advisorsrepo\wcfhttp\http\test\microsoft.applicationserver.http\unit\bin\release\microsoft.applicationserver.http.cit.unit.dll" id="7d03f59f-5461-3f7f-be3b-5e740eccee52">
      <Description>ObjectContent is public, concrete, and unsealed.</Description>
      <Execution timeOut="30000" id="99c4fce0-8bd2-41c8-9f29-349f60c06472" />
      <Owners>
        <Owner name="dravva" />
      </Owners>
      <TestCategory>
        <TestCategoryItem TestCategory="CIT" />
      </TestCategory>
      <TestMethod codeBase="F:/advisorsrepo/wcfhttp/Http/Test/Microsoft.ApplicationServer.Http/Unit/bin/Release/Microsoft.ApplicationServer.Http.CIT.Unit.DLL" adapterTypeName="Microsoft.VisualStudio.TestTools.TestTypes.Unit.UnitTestAdapter, Microsoft.VisualStudio.QualityTools.Tips.UnitTest.Adapter, Version=10.0.0.0, Culture=neutral, PublicKeyToken=b03f5f7f11d50a3a" className="Microsoft.ApplicationServer.Http.ObjectContentTests, Microsoft.ApplicationServer.Http.CIT.Unit, Version=0.0.0.0, Culture=neutral, PublicKeyToken=null" name="TypeIsCorrect" />
    </UnitTest>
    <UnitTest name="WriteMessage_Throws_If_BufferManager_Parameter_Is_Null" storage="f:\advisorsrepo\wcfhttp\http\test\microsoft.applicationserver.http\unit\bin\release\microsoft.applicationserver.http.cit.unit.dll" id="73e18563-1f07-d77a-0b70-28500873df59">
      <Description>HttpMessageEncoder.WriteMessage throws if the bufferManager parameter is null.</Description>
      <Execution timeOut="30000" id="fff92305-65da-44a0-a0a1-543d05b06f8a" />
      <Owners>
        <Owner name="derik" />
      </Owners>
      <TestCategory>
        <TestCategoryItem TestCategory="CIT" />
      </TestCategory>
      <TestMethod codeBase="F:/advisorsrepo/wcfhttp/Http/Test/Microsoft.ApplicationServer.Http/Unit/bin/Release/Microsoft.ApplicationServer.Http.CIT.Unit.DLL" adapterTypeName="Microsoft.VisualStudio.TestTools.TestTypes.Unit.UnitTestAdapter, Microsoft.VisualStudio.QualityTools.Tips.UnitTest.Adapter, Version=10.0.0.0, Culture=neutral, PublicKeyToken=b03f5f7f11d50a3a" className="Microsoft.ApplicationServer.Http.Channels.HttpMessageEncoderTests, Microsoft.ApplicationServer.Http.CIT.Unit, Version=0.0.0.0, Culture=neutral, PublicKeyToken=null" name="WriteMessage_Throws_If_BufferManager_Parameter_Is_Null" />
    </UnitTest>
    <UnitTest name="GetValueConverterThrowsWithNullType" storage="f:\advisorsrepo\wcfhttp\http\test\microsoft.applicationserver.http\unit\bin\release\microsoft.applicationserver.http.cit.unit.dll" id="fb50976c-0492-c28d-a302-dc32ad27ee18">
      <Description>GetValueConverter(Type) throws with null type.</Description>
      <Execution timeOut="30000" id="c043c488-bf4c-4ba3-b8c4-12aecd5be86d" />
      <Owners>
        <Owner name="dravva" />
      </Owners>
      <TestCategory>
        <TestCategoryItem TestCategory="CIT" />
      </TestCategory>
      <TestMethod codeBase="F:/advisorsrepo/wcfhttp/Http/Test/Microsoft.ApplicationServer.Http/Unit/bin/Release/Microsoft.ApplicationServer.Http.CIT.Unit.DLL" adapterTypeName="Microsoft.VisualStudio.TestTools.TestTypes.Unit.UnitTestAdapter, Microsoft.VisualStudio.QualityTools.Tips.UnitTest.Adapter, Version=10.0.0.0, Culture=neutral, PublicKeyToken=b03f5f7f11d50a3a" className="Microsoft.ApplicationServer.Http.Description.HttpParameterValueConverterTests, Microsoft.ApplicationServer.Http.CIT.Unit, Version=0.0.0.0, Culture=neutral, PublicKeyToken=null" name="GetValueConverterThrowsWithNullType" />
    </UnitTest>
    <UnitTest name="ConstructorThrowsWithNullValueTypeObject" storage="f:\advisorsrepo\wcfhttp\http\test\microsoft.applicationserver.http\unit\bin\release\microsoft.applicationserver.http.cit.unit.dll" id="58d4cc2c-4aa6-67a0-a83b-20a2f9736e91">
      <Description>ObjectContent(Type, object) throws for a null value type.</Description>
      <Execution timeOut="30000" id="5b2e3366-651f-4951-9d2b-3cf21d435c29" />
      <Owners>
        <Owner name="dravva" />
      </Owners>
      <TestCategory>
        <TestCategoryItem TestCategory="CIT" />
      </TestCategory>
      <TestMethod codeBase="F:/advisorsrepo/wcfhttp/Http/Test/Microsoft.ApplicationServer.Http/Unit/bin/Release/Microsoft.ApplicationServer.Http.CIT.Unit.DLL" adapterTypeName="Microsoft.VisualStudio.TestTools.TestTypes.Unit.UnitTestAdapter, Microsoft.VisualStudio.QualityTools.Tips.UnitTest.Adapter, Version=10.0.0.0, Culture=neutral, PublicKeyToken=b03f5f7f11d50a3a" className="Microsoft.ApplicationServer.Http.ObjectContentTests, Microsoft.ApplicationServer.Http.CIT.Unit, Version=0.0.0.0, Culture=neutral, PublicKeyToken=null" name="ConstructorThrowsWithNullValueTypeObject" />
    </UnitTest>
    <UnitTest name="WaitForChannel_Calls_The_Inner_Listener_With_Timeout" storage="f:\advisorsrepo\wcfhttp\http\test\microsoft.applicationserver.http\unit\bin\release\microsoft.applicationserver.http.cit.unit.dll" id="7566564b-5840-f1f7-04de-082b84304f35">
      <Description>HttpMessageEncodingChannelListener.WaitForChannel calls WaitForChannel on the inner listener with the given timeout value.</Description>
      <Execution timeOut="30000" id="da10c9fe-d7d0-41f4-af18-c2833a59d3fa" />
      <Owners>
        <Owner name="derik" />
      </Owners>
      <TestCategory>
        <TestCategoryItem TestCategory="CIT" />
      </TestCategory>
      <TestMethod codeBase="F:/advisorsrepo/wcfhttp/Http/Test/Microsoft.ApplicationServer.Http/Unit/bin/Release/Microsoft.ApplicationServer.Http.CIT.Unit.DLL" adapterTypeName="Microsoft.VisualStudio.TestTools.TestTypes.Unit.UnitTestAdapter, Microsoft.VisualStudio.QualityTools.Tips.UnitTest.Adapter, Version=10.0.0.0, Culture=neutral, PublicKeyToken=b03f5f7f11d50a3a" className="Microsoft.ApplicationServer.Http.Channels.HttpMessageEncodingChannelListenerTests, Microsoft.ApplicationServer.Http.CIT.Unit, Version=0.0.0.0, Culture=neutral, PublicKeyToken=null" name="WaitForChannel_Calls_The_Inner_Listener_With_Timeout" />
    </UnitTest>
    <UnitTest name="BuildChannelFactory_Throws" storage="f:\advisorsrepo\wcfhttp\http\test\microsoft.applicationserver.http\unit\bin\release\microsoft.applicationserver.http.cit.unit.dll" id="4dff8027-76d6-fb19-97e7-a4d57010fd3e">
      <Description>HttpMessageEncodingBindingElement.BuildChannelFactory throws regardless of channel shape.</Description>
      <Execution timeOut="30000" id="16a8d06a-6037-4fe2-9e0e-94420db8ad31" />
      <Owners>
        <Owner name="derik" />
      </Owners>
      <TestCategory>
        <TestCategoryItem TestCategory="CIT" />
      </TestCategory>
      <TestMethod codeBase="F:/advisorsrepo/wcfhttp/Http/Test/Microsoft.ApplicationServer.Http/Unit/bin/Release/Microsoft.ApplicationServer.Http.CIT.Unit.DLL" adapterTypeName="Microsoft.VisualStudio.TestTools.TestTypes.Unit.UnitTestAdapter, Microsoft.VisualStudio.QualityTools.Tips.UnitTest.Adapter, Version=10.0.0.0, Culture=neutral, PublicKeyToken=b03f5f7f11d50a3a" className="Microsoft.ApplicationServer.Http.Channels.HttpMessageEncodingBindingElementTests, Microsoft.ApplicationServer.Http.CIT.Unit, Version=0.0.0.0, Culture=neutral, PublicKeyToken=null" name="BuildChannelFactory_Throws" />
    </UnitTest>
    <UnitTest name="CanConvertFromTypeReturnsTrueForObjectContentOfTtoT" storage="f:\advisorsrepo\wcfhttp\http\test\microsoft.applicationserver.http\unit\bin\release\microsoft.applicationserver.http.cit.unit.dll" id="57b63caf-75b5-1764-3bd3-1695a56a7efb">
      <Description>CanConvertFromType(Type) returns true for ObjectContent&lt;T&gt; to T.</Description>
      <Execution timeOut="30000" id="f5d341f1-8ec5-4537-a09f-de2d538a965e" />
      <Owners>
        <Owner name="dravva" />
      </Owners>
      <TestCategory>
        <TestCategoryItem TestCategory="CIT" />
      </TestCategory>
      <TestMethod codeBase="F:/advisorsrepo/wcfhttp/Http/Test/Microsoft.ApplicationServer.Http/Unit/bin/Release/Microsoft.ApplicationServer.Http.CIT.Unit.DLL" adapterTypeName="Microsoft.VisualStudio.TestTools.TestTypes.Unit.UnitTestAdapter, Microsoft.VisualStudio.QualityTools.Tips.UnitTest.Adapter, Version=10.0.0.0, Culture=neutral, PublicKeyToken=b03f5f7f11d50a3a" className="Microsoft.ApplicationServer.Http.Description.HttpParameterValueConverterTests, Microsoft.ApplicationServer.Http.CIT.Unit, Version=0.0.0.0, Culture=neutral, PublicKeyToken=null" name="CanConvertFromTypeReturnsTrueForObjectContentOfTtoT" />
    </UnitTest>
    <UnitTest name="WriteMessage_That_Takes_A_Stream_Writes_Nothing_If_Message_Content_Is_Null" storage="f:\advisorsrepo\wcfhttp\http\test\microsoft.applicationserver.http\unit\bin\release\microsoft.applicationserver.http.cit.unit.dll" id="ef6aafed-81a9-e94d-3594-094f91d4baab">
      <Description>HttpMessageEncoder.WriteMessage that takes a stream parameter writes nothing if the HttpContent is null.</Description>
      <Execution timeOut="30000" id="69d2063f-89ac-4dec-ae26-840439b08aba" />
      <Owners>
        <Owner name="derik" />
      </Owners>
      <TestCategory>
        <TestCategoryItem TestCategory="CIT" />
      </TestCategory>
      <TestMethod codeBase="F:/advisorsrepo/wcfhttp/Http/Test/Microsoft.ApplicationServer.Http/Unit/bin/Release/Microsoft.ApplicationServer.Http.CIT.Unit.DLL" adapterTypeName="Microsoft.VisualStudio.TestTools.TestTypes.Unit.UnitTestAdapter, Microsoft.VisualStudio.QualityTools.Tips.UnitTest.Adapter, Version=10.0.0.0, Culture=neutral, PublicKeyToken=b03f5f7f11d50a3a" className="Microsoft.ApplicationServer.Http.Channels.HttpMessageEncoderTests, Microsoft.ApplicationServer.Http.CIT.Unit, Version=0.0.0.0, Culture=neutral, PublicKeyToken=null" name="WriteMessage_That_Takes_A_Stream_Writes_Nothing_If_Message_Content_Is_Null" />
    </UnitTest>
    <UnitTest name="ReadAsOrDefault1ThrowsWithNullThis" storage="f:\advisorsrepo\wcfhttp\http\test\microsoft.applicationserver.http\unit\bin\release\microsoft.applicationserver.http.cit.unit.dll" id="eab90d3a-fb61-8b1c-8297-2dd471e405c9">
      <Description>HttpContentExtensionMethods.ReadAsOrDefault(HttpContent, Type, IEnumerable&lt;MediaTypeFormatter&gt;) throws with null 'this'.</Description>
      <Execution timeOut="30000" id="7f0ce72f-7304-4f92-98a4-537224a5a7f7" />
      <Owners>
        <Owner name="vinelap" />
      </Owners>
      <TestCategory>
        <TestCategoryItem TestCategory="CIT" />
      </TestCategory>
      <TestMethod codeBase="F:/advisorsrepo/wcfhttp/Http/Test/Microsoft.ApplicationServer.Http/Unit/bin/Release/Microsoft.ApplicationServer.Http.CIT.Unit.DLL" adapterTypeName="Microsoft.VisualStudio.TestTools.TestTypes.Unit.UnitTestAdapter, Microsoft.VisualStudio.QualityTools.Tips.UnitTest.Adapter, Version=10.0.0.0, Culture=neutral, PublicKeyToken=b03f5f7f11d50a3a" className="Microsoft.ApplicationServer.Http.HttpContentExtensionMethodsTests, Microsoft.ApplicationServer.Http.CIT.Unit, Version=0.0.0.0, Culture=neutral, PublicKeyToken=null" name="ReadAsOrDefault1ThrowsWithNullThis" />
    </UnitTest>
    <UnitTest name="GetEmptyPipelineValueArrayReturnsAnArrayInstance" storage="f:\advisorsrepo\wcfhttp\http\test\microsoft.applicationserver.http\unit\bin\release\microsoft.applicationserver.http.cit.unit.dll" id="197262b2-2393-f4a0-2f7b-58fbed4aeb0b">
      <Description>GetEmptyPipelineValueArrayReturnsArray() returns an array instance in which the size is determined by the number of input parameters in the OperationHandlerPipeline.</Description>
      <Execution timeOut="30000" id="b5a9ce5d-a589-49ee-8ebb-77b560ca242a" />
      <Owners>
        <Owner name="dravva" />
      </Owners>
      <TestCategory>
        <TestCategoryItem TestCategory="CIT" />
      </TestCategory>
      <TestMethod codeBase="F:/advisorsrepo/wcfhttp/Http/Test/Microsoft.ApplicationServer.Http/Unit/bin/Release/Microsoft.ApplicationServer.Http.CIT.Unit.DLL" adapterTypeName="Microsoft.VisualStudio.TestTools.TestTypes.Unit.UnitTestAdapter, Microsoft.VisualStudio.QualityTools.Tips.UnitTest.Adapter, Version=10.0.0.0, Culture=neutral, PublicKeyToken=b03f5f7f11d50a3a" className="Microsoft.ApplicationServer.Http.Dispatcher.OperationHandlerPipelineInfoTests, Microsoft.ApplicationServer.Http.CIT.Unit, Version=0.0.0.0, Culture=neutral, PublicKeyToken=null" name="GetEmptyPipelineValueArrayReturnsAnArrayInstance" />
    </UnitTest>
    <UnitTest name="ToMessage_Returns_HttpMessage_With_IsRequest_False" storage="f:\advisorsrepo\wcfhttp\http\test\microsoft.applicationserver.http\unit\bin\release\microsoft.applicationserver.http.cit.unit.dll" id="eca1b936-b6e1-bc78-0aa9-c0f1395d842e">
      <Description>HttpResponseMessage.ToMessage returns an HttpMessage instance in which IsRequest is 'false'.</Description>
      <Execution timeOut="30000" id="43737de8-aabc-469b-8165-bca8d4ece2ce" />
      <Owners>
        <Owner name="derik" />
      </Owners>
      <TestCategory>
        <TestCategoryItem TestCategory="CIT" />
      </TestCategory>
      <TestMethod codeBase="F:/advisorsrepo/wcfhttp/Http/Test/Microsoft.ApplicationServer.Http/Unit/bin/Release/Microsoft.ApplicationServer.Http.CIT.Unit.DLL" adapterTypeName="Microsoft.VisualStudio.TestTools.TestTypes.Unit.UnitTestAdapter, Microsoft.VisualStudio.QualityTools.Tips.UnitTest.Adapter, Version=10.0.0.0, Culture=neutral, PublicKeyToken=b03f5f7f11d50a3a" className="Microsoft.ApplicationServer.Http.Channels.HttpMessageExtensionMethodsTests, Microsoft.ApplicationServer.Http.CIT.Unit, Version=0.0.0.0, Culture=neutral, PublicKeyToken=null" name="ToMessage_Returns_HttpMessage_With_IsRequest_False" />
    </UnitTest>
    <UnitTest name="Constructor1ThrowsWithIllegalMediaType" storage="f:\advisorsrepo\wcfhttp\http\test\microsoft.applicationserver.http\unit\bin\release\microsoft.applicationserver.http.cit.unit.dll" id="494eda6e-e0a1-b0f3-2e23-6c9bc4f8b3a0">
      <Description>ObjectContent&lt;T&gt;(T, string) throws with an illegal media type.</Description>
      <Execution timeOut="30000" id="9ac45a2e-3a09-4685-880e-a0c07bbeb439" />
      <Owners>
        <Owner name="dravva" />
      </Owners>
      <TestCategory>
        <TestCategoryItem TestCategory="CIT" />
      </TestCategory>
      <TestMethod codeBase="F:/advisorsrepo/wcfhttp/Http/Test/Microsoft.ApplicationServer.Http/Unit/bin/Release/Microsoft.ApplicationServer.Http.CIT.Unit.DLL" adapterTypeName="Microsoft.VisualStudio.TestTools.TestTypes.Unit.UnitTestAdapter, Microsoft.VisualStudio.QualityTools.Tips.UnitTest.Adapter, Version=10.0.0.0, Culture=neutral, PublicKeyToken=b03f5f7f11d50a3a" className="Microsoft.ApplicationServer.Http.ObjectContentOfTTests, Microsoft.ApplicationServer.Http.CIT.Unit, Version=0.0.0.0, Culture=neutral, PublicKeyToken=null" name="Constructor1ThrowsWithIllegalMediaType" />
    </UnitTest>
    <UnitTest name="Constructor7ThrowsWithNullHttpContent" storage="f:\advisorsrepo\wcfhttp\http\test\microsoft.applicationserver.http\unit\bin\release\microsoft.applicationserver.http.cit.unit.dll" id="4d40d511-c5f0-b2df-eb5d-d7af17863864">
      <Description>ObjectContent(Type, HttpContent, IEnumerable&lt;MediaTypeFormatter&gt;) throws for a null HttpContent.</Description>
      <Execution timeOut="30000" id="8f105d86-6536-4fe6-8901-ba7b285ae9d0" />
      <Owners>
        <Owner name="dravva" />
      </Owners>
      <TestCategory>
        <TestCategoryItem TestCategory="CIT" />
      </TestCategory>
      <TestMethod codeBase="F:/advisorsrepo/wcfhttp/Http/Test/Microsoft.ApplicationServer.Http/Unit/bin/Release/Microsoft.ApplicationServer.Http.CIT.Unit.DLL" adapterTypeName="Microsoft.VisualStudio.TestTools.TestTypes.Unit.UnitTestAdapter, Microsoft.VisualStudio.QualityTools.Tips.UnitTest.Adapter, Version=10.0.0.0, Culture=neutral, PublicKeyToken=b03f5f7f11d50a3a" className="Microsoft.ApplicationServer.Http.ObjectContentTests, Microsoft.ApplicationServer.Http.CIT.Unit, Version=0.0.0.0, Culture=neutral, PublicKeyToken=null" name="Constructor7ThrowsWithNullHttpContent" />
    </UnitTest>
    <UnitTest name="DeserializeRequest_Null_HttpRequestMessage_Throws" storage="f:\advisorsrepo\wcfhttp\http\test\microsoft.applicationserver.http\unit\bin\release\microsoft.applicationserver.http.cit.unit.dll" id="0c49941d-7ab7-0d9c-8b48-c083380434f5">
      <Description>DeserializeRequest() throws InvalidOperationException for null HttpRequestMessage.</Description>
      <Execution timeOut="30000" id="2f98c4b3-ff50-4980-b21b-8c25658abbaa" />
      <Owners>
        <Owner name="maying" />
      </Owners>
      <TestCategory>
        <TestCategoryItem TestCategory="CIT" />
      </TestCategory>
      <TestMethod codeBase="F:/advisorsrepo/wcfhttp/Http/Test/Microsoft.ApplicationServer.Http/Unit/bin/Release/Microsoft.ApplicationServer.Http.CIT.Unit.DLL" adapterTypeName="Microsoft.VisualStudio.TestTools.TestTypes.Unit.UnitTestAdapter, Microsoft.VisualStudio.QualityTools.Tips.UnitTest.Adapter, Version=10.0.0.0, Culture=neutral, PublicKeyToken=b03f5f7f11d50a3a" className="Microsoft.ApplicationServer.Http.Dispatcher.HttpMessageFormatterTests, Microsoft.ApplicationServer.Http.CIT.Unit, Version=0.0.0.0, Culture=neutral, PublicKeyToken=null" name="DeserializeRequest_Null_HttpRequestMessage_Throws" />
    </UnitTest>
    <UnitTest name="CanConvertFromStringReturnsFalseForHttpResponseMessage" storage="f:\advisorsrepo\wcfhttp\http\test\microsoft.applicationserver.http\unit\bin\release\microsoft.applicationserver.http.cit.unit.dll" id="62553d4d-0705-9fb0-f65c-c5dfce1c5476">
      <Description>CanConvertFromString returns false for HttpResponseMessage converters.</Description>
      <Execution timeOut="30000" id="c85e9234-bdba-4125-8228-9893a750a276" />
      <Owners>
        <Owner name="dravva" />
      </Owners>
      <TestCategory>
        <TestCategoryItem TestCategory="CIT" />
      </TestCategory>
      <TestMethod codeBase="F:/advisorsrepo/wcfhttp/Http/Test/Microsoft.ApplicationServer.Http/Unit/bin/Release/Microsoft.ApplicationServer.Http.CIT.Unit.DLL" adapterTypeName="Microsoft.VisualStudio.TestTools.TestTypes.Unit.UnitTestAdapter, Microsoft.VisualStudio.QualityTools.Tips.UnitTest.Adapter, Version=10.0.0.0, Culture=neutral, PublicKeyToken=b03f5f7f11d50a3a" className="Microsoft.ApplicationServer.Http.Description.HttpParameterValueConverterTests, Microsoft.ApplicationServer.Http.CIT.Unit, Version=0.0.0.0, Culture=neutral, PublicKeyToken=null" name="CanConvertFromStringReturnsFalseForHttpResponseMessage" />
    </UnitTest>
    <UnitTest name="BeginReceiveRequest_Calls_BeginReceiveRequest_On_The_Inner_Channel" storage="f:\advisorsrepo\wcfhttp\http\test\microsoft.applicationserver.http\unit\bin\release\microsoft.applicationserver.http.cit.unit.dll" id="44d0cba1-fd8b-54f1-972a-88847e2546f1">
      <Description>HttpMessageEncodingReplyChannel.BeginReceiveRequest calls BeginReceiveRequest on the inner channel.</Description>
      <Execution timeOut="30000" id="fb3e37b9-c408-44a7-9432-6167dba8d5d1" />
      <Owners>
        <Owner name="derik" />
      </Owners>
      <TestCategory>
        <TestCategoryItem TestCategory="CIT" />
      </TestCategory>
      <TestMethod codeBase="F:/advisorsrepo/wcfhttp/Http/Test/Microsoft.ApplicationServer.Http/Unit/bin/Release/Microsoft.ApplicationServer.Http.CIT.Unit.DLL" adapterTypeName="Microsoft.VisualStudio.TestTools.TestTypes.Unit.UnitTestAdapter, Microsoft.VisualStudio.QualityTools.Tips.UnitTest.Adapter, Version=10.0.0.0, Culture=neutral, PublicKeyToken=b03f5f7f11d50a3a" className="Microsoft.ApplicationServer.Http.Channels.HttpMessageEncodingReplyChannelTests, Microsoft.ApplicationServer.Http.CIT.Unit, Version=0.0.0.0, Culture=neutral, PublicKeyToken=null" name="BeginReceiveRequest_Calls_BeginReceiveRequest_On_The_Inner_Channel" />
    </UnitTest>
    <UnitTest name="IsWithinMediaRange_Returns_True_For_Media_Ranges" storage="f:\advisorsrepo\wcfhttp\http\test\microsoft.applicationserver.http\unit\bin\release\microsoft.applicationserver.http.cit.unit.dll" id="5ad5c8bf-09f3-06d0-652c-5089f56ab06a">
      <Description>MediaTypeHeadeValueExtensionMethods.IsWithinMediaRange returns true for media ranges.</Description>
      <Execution timeOut="30000" id="ac019123-9c9a-441a-852b-a135f05bbee5" />
      <Owners>
        <Owner name="vinelap" />
      </Owners>
      <TestCategory>
        <TestCategoryItem TestCategory="CIT" />
      </TestCategory>
      <TestMethod codeBase="F:/advisorsrepo/wcfhttp/Http/Test/Microsoft.ApplicationServer.Http/Unit/bin/Release/Microsoft.ApplicationServer.Http.CIT.Unit.DLL" adapterTypeName="Microsoft.VisualStudio.TestTools.TestTypes.Unit.UnitTestAdapter, Microsoft.VisualStudio.QualityTools.Tips.UnitTest.Adapter, Version=10.0.0.0, Culture=neutral, PublicKeyToken=b03f5f7f11d50a3a" className="Microsoft.ApplicationServer.Http.MediaTypeHeadeValueExtensionMethodsTests, Microsoft.ApplicationServer.Http.CIT.Unit, Version=0.0.0.0, Culture=neutral, PublicKeyToken=null" name="IsWithinMediaRange_Returns_True_For_Media_Ranges" />
    </UnitTest>
    <UnitTest name="IsContentTypeSupported_Is_True" storage="f:\advisorsrepo\wcfhttp\http\test\microsoft.applicationserver.http\unit\bin\release\microsoft.applicationserver.http.cit.unit.dll" id="bbb45846-9833-1f65-07a3-fcc82e9a4a78">
      <Description>HttpMessageEncoder.IsContentTypeSupported returns 'true' for all non-null, content types.</Description>
      <Execution timeOut="30000" id="7c0442fb-48be-4985-9b4c-b4f20da2dbf2" />
      <Owners>
        <Owner name="derik" />
      </Owners>
      <TestCategory>
        <TestCategoryItem TestCategory="CIT" />
      </TestCategory>
      <TestMethod codeBase="F:/advisorsrepo/wcfhttp/Http/Test/Microsoft.ApplicationServer.Http/Unit/bin/Release/Microsoft.ApplicationServer.Http.CIT.Unit.DLL" adapterTypeName="Microsoft.VisualStudio.TestTools.TestTypes.Unit.UnitTestAdapter, Microsoft.VisualStudio.QualityTools.Tips.UnitTest.Adapter, Version=10.0.0.0, Culture=neutral, PublicKeyToken=b03f5f7f11d50a3a" className="Microsoft.ApplicationServer.Http.Channels.HttpMessageEncoderTests, Microsoft.ApplicationServer.Http.CIT.Unit, Version=0.0.0.0, Culture=neutral, PublicKeyToken=null" name="IsContentTypeSupported_Is_True" />
    </UnitTest>
    <UnitTest name="IsAllMediaRange_Returns_True_Only_When_Type_And_SubType_Are_Wildcards" storage="f:\advisorsrepo\wcfhttp\http\test\microsoft.applicationserver.http\unit\bin\release\microsoft.applicationserver.http.cit.unit.dll" id="e69e94f5-b5cb-127d-f866-bfbd362d3485">
      <Description>ParsedMediaTypeHeadeValue.IsAllMediaRange returns true only when both the type and subtype are wildcard characters.</Description>
      <Execution timeOut="30000" id="67eb2b41-720d-4c19-ab1d-afa1b39f714b" />
      <Owners>
        <Owner name="vinelap" />
      </Owners>
      <TestCategory>
        <TestCategoryItem TestCategory="CIT" />
      </TestCategory>
      <TestMethod codeBase="F:/advisorsrepo/wcfhttp/Http/Test/Microsoft.ApplicationServer.Http/Unit/bin/Release/Microsoft.ApplicationServer.Http.CIT.Unit.DLL" adapterTypeName="Microsoft.VisualStudio.TestTools.TestTypes.Unit.UnitTestAdapter, Microsoft.VisualStudio.QualityTools.Tips.UnitTest.Adapter, Version=10.0.0.0, Culture=neutral, PublicKeyToken=b03f5f7f11d50a3a" className="Microsoft.ApplicationServer.Http.ParsedMediaTypeHeadeValueTests, Microsoft.ApplicationServer.Http.CIT.Unit, Version=0.0.0.0, Culture=neutral, PublicKeyToken=null" name="IsAllMediaRange_Returns_True_Only_When_Type_And_SubType_Are_Wildcards" />
    </UnitTest>
    <UnitTest name="WriteMessage_Returns_An_ArraySegment_With_Size_Of_Content_Byte_Count" storage="f:\advisorsrepo\wcfhttp\http\test\microsoft.applicationserver.http\unit\bin\release\microsoft.applicationserver.http.cit.unit.dll" id="13bafdbe-1bdd-c03f-628b-c932b0310448">
      <Description>HttpMessageEncoder.WriteMessage returns returns an ArraySegment with a size of the byte count of the HttpContent.</Description>
      <Execution timeOut="30000" id="6739c2b6-3a63-4825-aec8-44f7870b7917" />
      <Owners>
        <Owner name="derik" />
      </Owners>
      <TestCategory>
        <TestCategoryItem TestCategory="CIT" />
      </TestCategory>
      <TestMethod codeBase="F:/advisorsrepo/wcfhttp/Http/Test/Microsoft.ApplicationServer.Http/Unit/bin/Release/Microsoft.ApplicationServer.Http.CIT.Unit.DLL" adapterTypeName="Microsoft.VisualStudio.TestTools.TestTypes.Unit.UnitTestAdapter, Microsoft.VisualStudio.QualityTools.Tips.UnitTest.Adapter, Version=10.0.0.0, Culture=neutral, PublicKeyToken=b03f5f7f11d50a3a" className="Microsoft.ApplicationServer.Http.Channels.HttpMessageEncoderTests, Microsoft.ApplicationServer.Http.CIT.Unit, Version=0.0.0.0, Culture=neutral, PublicKeyToken=null" name="WriteMessage_Returns_An_ArraySegment_With_Size_Of_Content_Byte_Count" />
    </UnitTest>
    <UnitTest name="AfterReceiveRequest_Receives_HttpRequestMessage" storage="f:\advisorsrepo\wcfhttp\http\test\microsoft.applicationserver.http\unit\bin\release\microsoft.applicationserver.http.cit.unit.dll" id="88a86641-ed30-985a-ce27-9c3dcae5b7fe">
      <Description>IDispatchMessageInspector.AfterReceiveRequest receives HttpRequestMessage from WCF Message.</Description>
      <Execution timeOut="30000" id="152f9b41-77db-4737-a452-e2cf703dbc55" />
      <Owners>
        <Owner name="maying" />
      </Owners>
      <TestCategory>
        <TestCategoryItem TestCategory="CIT" />
      </TestCategory>
      <TestMethod codeBase="F:/advisorsrepo/wcfhttp/Http/Test/Microsoft.ApplicationServer.Http/Unit/bin/Release/Microsoft.ApplicationServer.Http.CIT.Unit.DLL" adapterTypeName="Microsoft.VisualStudio.TestTools.TestTypes.Unit.UnitTestAdapter, Microsoft.VisualStudio.QualityTools.Tips.UnitTest.Adapter, Version=10.0.0.0, Culture=neutral, PublicKeyToken=b03f5f7f11d50a3a" className="Microsoft.ApplicationServer.Http.Dispatcher.HttpMessageInspectorTests, Microsoft.ApplicationServer.Http.CIT.Unit, Version=0.0.0.0, Culture=neutral, PublicKeyToken=null" name="AfterReceiveRequest_Receives_HttpRequestMessage" />
    </UnitTest>
    <UnitTest name="ToHttpRequestMessage_Can_Be_Called_Multiple_Times" storage="f:\advisorsrepo\wcfhttp\http\test\microsoft.applicationserver.http\unit\bin\release\microsoft.applicationserver.http.cit.unit.dll" id="b89d8b16-37c6-41ea-da82-1c27c80ee483">
      <Description>Message.ToHttpRequestMessage returns the original HttpRequestMessage instance even when called multiple times.</Description>
      <Execution timeOut="30000" id="2b0dc748-d22e-467b-b9c8-9adb43da2587" />
      <Owners>
        <Owner name="derik" />
      </Owners>
      <TestCategory>
        <TestCategoryItem TestCategory="CIT" />
      </TestCategory>
      <TestMethod codeBase="F:/advisorsrepo/wcfhttp/Http/Test/Microsoft.ApplicationServer.Http/Unit/bin/Release/Microsoft.ApplicationServer.Http.CIT.Unit.DLL" adapterTypeName="Microsoft.VisualStudio.TestTools.TestTypes.Unit.UnitTestAdapter, Microsoft.VisualStudio.QualityTools.Tips.UnitTest.Adapter, Version=10.0.0.0, Culture=neutral, PublicKeyToken=b03f5f7f11d50a3a" className="Microsoft.ApplicationServer.Http.Channels.HttpMessageExtensionMethodsTests, Microsoft.ApplicationServer.Http.CIT.Unit, Version=0.0.0.0, Culture=neutral, PublicKeyToken=null" name="ToHttpRequestMessage_Can_Be_Called_Multiple_Times" />
    </UnitTest>
    <UnitTest name="ConvertThrowsWithTtoHttpRequestMessageOfT" storage="f:\advisorsrepo\wcfhttp\http\test\microsoft.applicationserver.http\unit\bin\release\microsoft.applicationserver.http.cit.unit.dll" id="8a8b04b8-699c-1c40-352d-2741ce7344a7">
      <Description>Convert(object) throws converting T to HttpRequestMessage&lt;T&gt;).</Description>
      <Execution timeOut="30000" id="d9804730-4928-4eb2-ac6e-021750ef522b" />
      <Owners>
        <Owner name="dravva" />
      </Owners>
      <TestCategory>
        <TestCategoryItem TestCategory="CIT" />
      </TestCategory>
      <TestMethod codeBase="F:/advisorsrepo/wcfhttp/Http/Test/Microsoft.ApplicationServer.Http/Unit/bin/Release/Microsoft.ApplicationServer.Http.CIT.Unit.DLL" adapterTypeName="Microsoft.VisualStudio.TestTools.TestTypes.Unit.UnitTestAdapter, Microsoft.VisualStudio.QualityTools.Tips.UnitTest.Adapter, Version=10.0.0.0, Culture=neutral, PublicKeyToken=b03f5f7f11d50a3a" className="Microsoft.ApplicationServer.Http.Description.HttpParameterValueConverterTests, Microsoft.ApplicationServer.Http.CIT.Unit, Version=0.0.0.0, Culture=neutral, PublicKeyToken=null" name="ConvertThrowsWithTtoHttpRequestMessageOfT" />
    </UnitTest>
    <UnitTest name="WriteBody_Throws" storage="f:\advisorsrepo\wcfhttp\http\test\microsoft.applicationserver.http\unit\bin\release\microsoft.applicationserver.http.cit.unit.dll" id="fc20431a-a1b8-4b85-39d1-192058f146f9">
      <Description>HttpMessage.WriteBody always throws.</Description>
      <Execution timeOut="30000" id="02e4b7e2-2082-42b7-86fc-00a8ef11f641" />
      <Owners>
        <Owner name="derik" />
      </Owners>
      <TestCategory>
        <TestCategoryItem TestCategory="CIT" />
      </TestCategory>
      <TestMethod codeBase="F:/advisorsrepo/wcfhttp/Http/Test/Microsoft.ApplicationServer.Http/Unit/bin/Release/Microsoft.ApplicationServer.Http.CIT.Unit.DLL" adapterTypeName="Microsoft.VisualStudio.TestTools.TestTypes.Unit.UnitTestAdapter, Microsoft.VisualStudio.QualityTools.Tips.UnitTest.Adapter, Version=10.0.0.0, Culture=neutral, PublicKeyToken=b03f5f7f11d50a3a" className="Microsoft.ApplicationServer.Http.Channels.HttpMessageTests, Microsoft.ApplicationServer.Http.CIT.Unit, Version=0.0.0.0, Culture=neutral, PublicKeyToken=null" name="WriteBody_Throws" />
    </UnitTest>
    <UnitTest name="Type" storage="f:\advisorsrepo\wcfhttp\http\test\microsoft.applicationserver.http\unit\bin\release\microsoft.applicationserver.http.cit.unit.dll" id="5c3f6048-94d8-19ef-a533-9fa3495a815e">
      <Description>Type returns value from constructor.</Description>
      <Execution timeOut="30000" id="2e12d12e-f651-4481-9bea-fc87f6ae8236" />
      <Owners>
        <Owner name="maying" />
      </Owners>
      <TestCategory>
        <TestCategoryItem TestCategory="CIT" />
      </TestCategory>
      <TestMethod codeBase="F:/advisorsrepo/wcfhttp/Http/Test/Microsoft.ApplicationServer.Http/Unit/bin/Release/Microsoft.ApplicationServer.Http.CIT.Unit.DLL" adapterTypeName="Microsoft.VisualStudio.TestTools.TestTypes.Unit.UnitTestAdapter, Microsoft.VisualStudio.QualityTools.Tips.UnitTest.Adapter, Version=10.0.0.0, Culture=neutral, PublicKeyToken=b03f5f7f11d50a3a" className="Microsoft.ApplicationServer.Http.Description.HttpParameterTests, Microsoft.ApplicationServer.Http.CIT.Unit, Version=0.0.0.0, Culture=neutral, PublicKeyToken=null" name="Type" />
    </UnitTest>
    <UnitTest name="IsAssignableFromParameterThrowsWithNullType" storage="f:\advisorsrepo\wcfhttp\http\test\microsoft.applicationserver.http\unit\bin\release\microsoft.applicationserver.http.cit.unit.dll" id="cacc3872-efff-ed9b-e1f9-0292b5ac8da8">
      <Description>IsAssignableFromParameter(Type) throws with a null Type.</Description>
      <Execution timeOut="30000" id="f3a7ece8-68a5-44cb-8ef2-35682e7e11ab" />
      <Owners>
        <Owner name="dravva" />
      </Owners>
      <TestCategory>
        <TestCategoryItem TestCategory="CIT" />
      </TestCategory>
      <TestMethod codeBase="F:/advisorsrepo/wcfhttp/Http/Test/Microsoft.ApplicationServer.Http/Unit/bin/Release/Microsoft.ApplicationServer.Http.CIT.Unit.DLL" adapterTypeName="Microsoft.VisualStudio.TestTools.TestTypes.Unit.UnitTestAdapter, Microsoft.VisualStudio.QualityTools.Tips.UnitTest.Adapter, Version=10.0.0.0, Culture=neutral, PublicKeyToken=b03f5f7f11d50a3a" className="Microsoft.ApplicationServer.Http.Description.HttpParameterTests, Microsoft.ApplicationServer.Http.CIT.Unit, Version=0.0.0.0, Culture=neutral, PublicKeyToken=null" name="IsAssignableFromParameterThrowsWithNullType" />
    </UnitTest>
    <UnitTest name="HttpParameterCollection_Synchronized_CopyTo" storage="f:\advisorsrepo\wcfhttp\http\test\microsoft.applicationserver.http\unit\bin\release\microsoft.applicationserver.http.cit.unit.dll" id="716f8506-2bdd-3929-90ef-9945e3b404d0">
      <Description>HttpParameterCollection created from MessagePartDescriptionCollection implements CopyTo correctly</Description>
      <Execution timeOut="30000" id="a719e59e-b1dc-480c-b0bc-d7e943ae920c" />
      <Owners>
        <Owner name="derik" />
      </Owners>
      <TestCategory>
        <TestCategoryItem TestCategory="CIT" />
      </TestCategory>
      <TestMethod codeBase="F:/advisorsrepo/wcfhttp/Http/Test/Microsoft.ApplicationServer.Http/Unit/bin/Release/Microsoft.ApplicationServer.Http.CIT.Unit.DLL" adapterTypeName="Microsoft.VisualStudio.TestTools.TestTypes.Unit.UnitTestAdapter, Microsoft.VisualStudio.QualityTools.Tips.UnitTest.Adapter, Version=10.0.0.0, Culture=neutral, PublicKeyToken=b03f5f7f11d50a3a" className="Microsoft.ApplicationServer.Http.Description.HttpParameterCollectionTests, Microsoft.ApplicationServer.Http.CIT.Unit, Version=0.0.0.0, Culture=neutral, PublicKeyToken=null" name="HttpParameterCollection_Synchronized_CopyTo" />
    </UnitTest>
    <UnitTest name="HttpBinding_Throws_When_No_Binding_Section" storage="f:\advisorsrepo\wcfhttp\http\test\microsoft.applicationserver.http\unit\bin\release\microsoft.applicationserver.http.cit.unit.dll" id="511e9692-2a58-c85c-cbb0-ea5be5ee4ba4">
      <Description>The HttpBinding constructor throws when there is no binding section in the config file.</Description>
      <Execution timeOut="30000" id="7bd32cb6-2d8f-43f0-ac43-93a2bbf64b6b" />
      <Owners>
        <Owner name="derik" />
      </Owners>
      <TestCategory>
        <TestCategoryItem TestCategory="CIT" />
      </TestCategory>
      <DeploymentItems>
        <DeploymentItem filename="ConfigFiles\Microsoft.ApplicationServer.Http.CIT.Unit.EmptyConfigurationTest.config" />
      </DeploymentItems>
      <TestMethod codeBase="F:/advisorsrepo/wcfhttp/Http/Test/Microsoft.ApplicationServer.Http/Unit/bin/Release/Microsoft.ApplicationServer.Http.CIT.Unit.DLL" adapterTypeName="Microsoft.VisualStudio.TestTools.TestTypes.Unit.UnitTestAdapter, Microsoft.VisualStudio.QualityTools.Tips.UnitTest.Adapter, Version=10.0.0.0, Culture=neutral, PublicKeyToken=b03f5f7f11d50a3a" className="Microsoft.ApplicationServer.Http.Configuration.HttpBindingElementTests, Microsoft.ApplicationServer.Http.CIT.Unit, Version=0.0.0.0, Culture=neutral, PublicKeyToken=null" name="HttpBinding_Throws_When_No_Binding_Section" />
    </UnitTest>
    <UnitTest name="EndTryReceiveRequest_Returns_Null_If_The_Inner_Channel_Returns_Null" storage="f:\advisorsrepo\wcfhttp\http\test\microsoft.applicationserver.http\unit\bin\release\microsoft.applicationserver.http.cit.unit.dll" id="4b58c5f8-a913-f9ae-f62c-075f15c2f670">
      <Description>HttpMessageEncodingReplyChannel.EndTryReceiveRequest returns null if the inner channel returns null.</Description>
      <Execution timeOut="30000" id="f9cee77f-0fe4-4637-aef8-2fe70132c6a5" />
      <Owners>
        <Owner name="derik" />
      </Owners>
      <TestCategory>
        <TestCategoryItem TestCategory="CIT" />
      </TestCategory>
      <TestMethod codeBase="F:/advisorsrepo/wcfhttp/Http/Test/Microsoft.ApplicationServer.Http/Unit/bin/Release/Microsoft.ApplicationServer.Http.CIT.Unit.DLL" adapterTypeName="Microsoft.VisualStudio.TestTools.TestTypes.Unit.UnitTestAdapter, Microsoft.VisualStudio.QualityTools.Tips.UnitTest.Adapter, Version=10.0.0.0, Culture=neutral, PublicKeyToken=b03f5f7f11d50a3a" className="Microsoft.ApplicationServer.Http.Channels.HttpMessageEncodingReplyChannelTests, Microsoft.ApplicationServer.Http.CIT.Unit, Version=0.0.0.0, Culture=neutral, PublicKeyToken=null" name="EndTryReceiveRequest_Returns_Null_If_The_Inner_Channel_Returns_Null" />
    </UnitTest>
    <UnitTest name="CanBuildChannelListener_Only_Returns_True_For_IReplyChannel" storage="f:\advisorsrepo\wcfhttp\http\test\microsoft.applicationserver.http\unit\bin\release\microsoft.applicationserver.http.cit.unit.dll" id="c0a53c7f-d387-bc55-bcac-ada4dcb8e353">
      <Description>HttpMessageEncodingBindingElement.CanBuildChannelListener only returns 'true' for IReplyChannel.</Description>
      <Execution timeOut="30000" id="7b3bb2f6-1c8e-4141-bcdf-5e1487aee54b" />
      <Owners>
        <Owner name="derik" />
      </Owners>
      <TestCategory>
        <TestCategoryItem TestCategory="CIT" />
      </TestCategory>
      <TestMethod codeBase="F:/advisorsrepo/wcfhttp/Http/Test/Microsoft.ApplicationServer.Http/Unit/bin/Release/Microsoft.ApplicationServer.Http.CIT.Unit.DLL" adapterTypeName="Microsoft.VisualStudio.TestTools.TestTypes.Unit.UnitTestAdapter, Microsoft.VisualStudio.QualityTools.Tips.UnitTest.Adapter, Version=10.0.0.0, Culture=neutral, PublicKeyToken=b03f5f7f11d50a3a" className="Microsoft.ApplicationServer.Http.Channels.HttpMessageEncodingBindingElementTests, Microsoft.ApplicationServer.Http.CIT.Unit, Version=0.0.0.0, Culture=neutral, PublicKeyToken=null" name="CanBuildChannelListener_Only_Returns_True_For_IReplyChannel" />
    </UnitTest>
    <UnitTest name="OutputParameters_With_WildCard_UriTemplate" storage="f:\advisorsrepo\wcfhttp\http\test\microsoft.applicationserver.http\unit\bin\release\microsoft.applicationserver.http.cit.unit.dll" id="6291ba75-e541-f37e-b5f0-ef649fb4af20">
      <Description>UriTemplateHttpOperationHandler.OutputParameters does not include the wildcard of a UriTemplate as an out argument.</Description>
      <Execution timeOut="30000" id="af5d270b-51b4-4e06-b09b-1d91f4627e23" />
      <Owners>
        <Owner name="vinelap" />
      </Owners>
      <TestCategory>
        <TestCategoryItem TestCategory="CIT" />
      </TestCategory>
      <TestMethod codeBase="F:/advisorsrepo/wcfhttp/Http/Test/Microsoft.ApplicationServer.Http/Unit/bin/Release/Microsoft.ApplicationServer.Http.CIT.Unit.DLL" adapterTypeName="Microsoft.VisualStudio.TestTools.TestTypes.Unit.UnitTestAdapter, Microsoft.VisualStudio.QualityTools.Tips.UnitTest.Adapter, Version=10.0.0.0, Culture=neutral, PublicKeyToken=b03f5f7f11d50a3a" className="Microsoft.ApplicationServer.Http.Dispatcher.UriTemplateHandlerTests, Microsoft.ApplicationServer.Http.CIT.Unit, Version=0.0.0.0, Culture=neutral, PublicKeyToken=null" name="OutputParameters_With_WildCard_UriTemplate" />
    </UnitTest>
    <UnitTest name="ReadFromStreamRoundTripsWriteToStream" storage="f:\advisorsrepo\wcfhttp\http\test\microsoft.applicationserver.http\unit\bin\release\microsoft.applicationserver.http.cit.unit.dll" id="8daf9afb-3a83-6a87-26fc-0260a7813b40">
      <Description>JsonMediaTypeFormatter.ReadFromStream returns all value and reference types serialized via WriteToStream.</Description>
      <Execution timeOut="30000" id="79d5d2ee-96b2-44ca-a4f6-0c3dd095a2bc" />
      <Owners>
        <Owner name="dravva" />
      </Owners>
      <TestCategory>
        <TestCategoryItem TestCategory="CIT" />
      </TestCategory>
      <TestMethod codeBase="F:/advisorsrepo/wcfhttp/Http/Test/Microsoft.ApplicationServer.Http/Unit/bin/Release/Microsoft.ApplicationServer.Http.CIT.Unit.DLL" adapterTypeName="Microsoft.VisualStudio.TestTools.TestTypes.Unit.UnitTestAdapter, Microsoft.VisualStudio.QualityTools.Tips.UnitTest.Adapter, Version=10.0.0.0, Culture=neutral, PublicKeyToken=b03f5f7f11d50a3a" className="Microsoft.ApplicationServer.Http.JsonMediaTypeFormatterTests, Microsoft.ApplicationServer.Http.CIT.Unit, Version=0.0.0.0, Culture=neutral, PublicKeyToken=null" name="ReadFromStreamRoundTripsWriteToStream" />
    </UnitTest>
    <UnitTest name="ReadMessage_Returns_HttpMessage_With_IsRequest_True" storage="f:\advisorsrepo\wcfhttp\http\test\microsoft.applicationserver.http\unit\bin\release\microsoft.applicationserver.http.cit.unit.dll" id="face90fe-55c2-5f19-3b2e-6b3729ccfa2b">
      <Description>HttpMessageEncoder.ReadMessage returns an HttpMessage with IsRequest set to 'true'.</Description>
      <Execution timeOut="30000" id="1033fe7b-a09a-421b-8a3b-a73afcc8ef08" />
      <Owners>
        <Owner name="derik" />
      </Owners>
      <TestCategory>
        <TestCategoryItem TestCategory="CIT" />
      </TestCategory>
      <TestMethod codeBase="F:/advisorsrepo/wcfhttp/Http/Test/Microsoft.ApplicationServer.Http/Unit/bin/Release/Microsoft.ApplicationServer.Http.CIT.Unit.DLL" adapterTypeName="Microsoft.VisualStudio.TestTools.TestTypes.Unit.UnitTestAdapter, Microsoft.VisualStudio.QualityTools.Tips.UnitTest.Adapter, Version=10.0.0.0, Culture=neutral, PublicKeyToken=b03f5f7f11d50a3a" className="Microsoft.ApplicationServer.Http.Channels.HttpMessageEncoderTests, Microsoft.ApplicationServer.Http.CIT.Unit, Version=0.0.0.0, Culture=neutral, PublicKeyToken=null" name="ReadMessage_Returns_HttpMessage_With_IsRequest_True" />
    </UnitTest>
    <UnitTest name="Constructor1ThrowsWithNullFormatterInCollection" storage="f:\advisorsrepo\wcfhttp\http\test\microsoft.applicationserver.http\unit\bin\release\microsoft.applicationserver.http.cit.unit.dll" id="d5703d24-52b7-81ad-bc88-69c1ff0b1e2e">
      <Description>MediaTypeFormatterCollection(IEnumerable&lt;MediaTypeFormatter&gt;) throws with null formatter in formatters collection.</Description>
      <Execution timeOut="30000" id="97dd27f4-aaa8-4115-9cef-f7879b3df663" />
      <Owners>
        <Owner name="dravva" />
      </Owners>
      <TestCategory>
        <TestCategoryItem TestCategory="CIT" />
      </TestCategory>
      <TestMethod codeBase="F:/advisorsrepo/wcfhttp/Http/Test/Microsoft.ApplicationServer.Http/Unit/bin/Release/Microsoft.ApplicationServer.Http.CIT.Unit.DLL" adapterTypeName="Microsoft.VisualStudio.TestTools.TestTypes.Unit.UnitTestAdapter, Microsoft.VisualStudio.QualityTools.Tips.UnitTest.Adapter, Version=10.0.0.0, Culture=neutral, PublicKeyToken=b03f5f7f11d50a3a" className="Microsoft.ApplicationServer.Http.MediaTypeFormatterCollectionTests, Microsoft.ApplicationServer.Http.CIT.Unit, Version=0.0.0.0, Culture=neutral, PublicKeyToken=null" name="Constructor1ThrowsWithNullFormatterInCollection" />
    </UnitTest>
    <UnitTest name="IsMediaRange_Returns_True_For_Media_Ranges" storage="f:\advisorsrepo\wcfhttp\http\test\microsoft.applicationserver.http\unit\bin\release\microsoft.applicationserver.http.cit.unit.dll" id="d5b1fcc6-6bba-9282-5bf9-218a902fbde1">
      <Description>MediaTypeHeadeValueExtensionMethods.IsMediaRange returns true for media ranges.</Description>
      <Execution timeOut="30000" id="339d1e41-4aeb-4700-b8c1-4bd9eaeb05f9" />
      <Owners>
        <Owner name="vinelap" />
      </Owners>
      <TestCategory>
        <TestCategoryItem TestCategory="CIT" />
      </TestCategory>
      <TestMethod codeBase="F:/advisorsrepo/wcfhttp/Http/Test/Microsoft.ApplicationServer.Http/Unit/bin/Release/Microsoft.ApplicationServer.Http.CIT.Unit.DLL" adapterTypeName="Microsoft.VisualStudio.TestTools.TestTypes.Unit.UnitTestAdapter, Microsoft.VisualStudio.QualityTools.Tips.UnitTest.Adapter, Version=10.0.0.0, Culture=neutral, PublicKeyToken=b03f5f7f11d50a3a" className="Microsoft.ApplicationServer.Http.MediaTypeHeadeValueExtensionMethodsTests, Microsoft.ApplicationServer.Http.CIT.Unit, Version=0.0.0.0, Culture=neutral, PublicKeyToken=null" name="IsMediaRange_Returns_True_For_Media_Ranges" />
    </UnitTest>
    <UnitTest name="ReadAsCallsFormatterOnceOnly" storage="f:\advisorsrepo\wcfhttp\http\test\microsoft.applicationserver.http\unit\bin\release\microsoft.applicationserver.http.cit.unit.dll" id="778d3e0f-4f34-b442-ce17-ecfe409b5fa6">
      <Description>ReadAs() calls the registered MediaTypeFormatter for SupportedMediaTypes and ReadFromStream only once, and then uses the cached value.</Description>
      <Execution timeOut="30000" id="3d93001f-7c71-4388-938f-1f30f0997b3d" />
      <Owners>
        <Owner name="dravva" />
      </Owners>
      <TestCategory>
        <TestCategoryItem TestCategory="CIT" />
      </TestCategory>
      <TestMethod codeBase="F:/advisorsrepo/wcfhttp/Http/Test/Microsoft.ApplicationServer.Http/Unit/bin/Release/Microsoft.ApplicationServer.Http.CIT.Unit.DLL" adapterTypeName="Microsoft.VisualStudio.TestTools.TestTypes.Unit.UnitTestAdapter, Microsoft.VisualStudio.QualityTools.Tips.UnitTest.Adapter, Version=10.0.0.0, Culture=neutral, PublicKeyToken=b03f5f7f11d50a3a" className="Microsoft.ApplicationServer.Http.ObjectContentTests, Microsoft.ApplicationServer.Http.CIT.Unit, Version=0.0.0.0, Culture=neutral, PublicKeyToken=null" name="ReadAsCallsFormatterOnceOnly" />
    </UnitTest>
    <UnitTest name="TrailingSlashMode_Redirects_By_Default" storage="f:\advisorsrepo\wcfhttp\http\test\microsoft.applicationserver.http\unit\bin\release\microsoft.applicationserver.http.cit.unit.dll" id="bc3595b4-e526-a02f-54b1-2f1d0e318065">
      <Description>HttpBehavior.TrailingSlashMode will redirect by default when the request differs by just a trailing slash</Description>
      <Execution timeOut="30000" id="6efb453e-f3e8-479c-969e-dd17cc3de6b1" />
      <Owners>
        <Owner name="vinelap" />
      </Owners>
      <TestCategory>
        <TestCategoryItem TestCategory="CIT" />
      </TestCategory>
      <TestMethod codeBase="F:/advisorsrepo/wcfhttp/Http/Test/Microsoft.ApplicationServer.Http/Unit/bin/Release/Microsoft.ApplicationServer.Http.CIT.Unit.DLL" adapterTypeName="Microsoft.VisualStudio.TestTools.TestTypes.Unit.UnitTestAdapter, Microsoft.VisualStudio.QualityTools.Tips.UnitTest.Adapter, Version=10.0.0.0, Culture=neutral, PublicKeyToken=b03f5f7f11d50a3a" className="Microsoft.ApplicationServer.Http.Description.HttpBehaviorTests, Microsoft.ApplicationServer.Http.CIT.Unit, Version=0.0.0.0, Culture=neutral, PublicKeyToken=null" name="TrailingSlashMode_Redirects_By_Default" />
    </UnitTest>
    <UnitTest name="ReadAsCallsFormatterOnceOnly" storage="f:\advisorsrepo\wcfhttp\http\test\microsoft.applicationserver.http\unit\bin\release\microsoft.applicationserver.http.cit.unit.dll" id="8e08642a-c4c5-dd96-997d-9a479018ea15">
      <Description>ReadAs() calls the registered MediaTypeFormatter for SupportedMediaTypes and ReadFromStream only once, and then uses the cached value.</Description>
      <Execution timeOut="30000" id="5bff6623-2bab-447a-bcff-126760e7abad" />
      <Owners>
        <Owner name="dravva" />
      </Owners>
      <TestCategory>
        <TestCategoryItem TestCategory="CIT" />
      </TestCategory>
      <TestMethod codeBase="F:/advisorsrepo/wcfhttp/Http/Test/Microsoft.ApplicationServer.Http/Unit/bin/Release/Microsoft.ApplicationServer.Http.CIT.Unit.DLL" adapterTypeName="Microsoft.VisualStudio.TestTools.TestTypes.Unit.UnitTestAdapter, Microsoft.VisualStudio.QualityTools.Tips.UnitTest.Adapter, Version=10.0.0.0, Culture=neutral, PublicKeyToken=b03f5f7f11d50a3a" className="Microsoft.ApplicationServer.Http.ObjectContentOfTTests, Microsoft.ApplicationServer.Http.CIT.Unit, Version=0.0.0.0, Culture=neutral, PublicKeyToken=null" name="ReadAsCallsFormatterOnceOnly" />
    </UnitTest>
    <UnitTest name="TryReceiveRequest_Returns_Null_If_Inner_Channel_Returns_False" storage="f:\advisorsrepo\wcfhttp\http\test\microsoft.applicationserver.http\unit\bin\release\microsoft.applicationserver.http.cit.unit.dll" id="dafba156-9077-076d-3e22-df8d75a2c7f2">
      <Description>HttpMessageEncodingReplyChannel.TryReceiveRequest returns null if the inner channel returns false.</Description>
      <Execution timeOut="30000" id="8a507a06-af8b-47b2-8021-4630b4b729c4" />
      <Owners>
        <Owner name="derik" />
      </Owners>
      <TestCategory>
        <TestCategoryItem TestCategory="CIT" />
      </TestCategory>
      <TestMethod codeBase="F:/advisorsrepo/wcfhttp/Http/Test/Microsoft.ApplicationServer.Http/Unit/bin/Release/Microsoft.ApplicationServer.Http.CIT.Unit.DLL" adapterTypeName="Microsoft.VisualStudio.TestTools.TestTypes.Unit.UnitTestAdapter, Microsoft.VisualStudio.QualityTools.Tips.UnitTest.Adapter, Version=10.0.0.0, Culture=neutral, PublicKeyToken=b03f5f7f11d50a3a" className="Microsoft.ApplicationServer.Http.Channels.HttpMessageEncodingReplyChannelTests, Microsoft.ApplicationServer.Http.CIT.Unit, Version=0.0.0.0, Culture=neutral, PublicKeyToken=null" name="TryReceiveRequest_Returns_Null_If_Inner_Channel_Returns_False" />
    </UnitTest>
    <UnitTest name="Endpoint_Set_Properties" storage="f:\advisorsrepo\wcfhttp\http\test\microsoft.applicationserver.http\unit\bin\release\microsoft.applicationserver.http.cit.unit.dll" id="2987baf2-2795-e381-86f8-c9d267e27923">
      <Description>HttpEndpointElement set and test all mutable properties</Description>
      <Execution timeOut="30000" id="d098752a-dd53-4ed8-81a4-f0ea41fd86d7" />
      <Owners>
        <Owner name="vinelap" />
      </Owners>
      <TestCategory>
        <TestCategoryItem TestCategory="CIT" />
      </TestCategory>
      <TestMethod codeBase="F:/advisorsrepo/wcfhttp/Http/Test/Microsoft.ApplicationServer.Http/Unit/bin/Release/Microsoft.ApplicationServer.Http.CIT.Unit.DLL" adapterTypeName="Microsoft.VisualStudio.TestTools.TestTypes.Unit.UnitTestAdapter, Microsoft.VisualStudio.QualityTools.Tips.UnitTest.Adapter, Version=10.0.0.0, Culture=neutral, PublicKeyToken=b03f5f7f11d50a3a" className="Microsoft.ApplicationServer.Http.Configuration.HttpEndpointElementTests, Microsoft.ApplicationServer.Http.CIT.Unit, Version=0.0.0.0, Culture=neutral, PublicKeyToken=null" name="Endpoint_Set_Properties" />
    </UnitTest>
    <UnitTest name="HttpMessageHandlerFactory_Constructor_Throws_With_Non_DelegatingChannel_Derived_Types" storage="f:\advisorsrepo\wcfhttp\http\test\microsoft.applicationserver.http\unit\bin\release\microsoft.applicationserver.http.cit.unit.dll" id="84a327f9-fcbe-7032-8653-f6b9d328a7f8">
      <Description>HttpMessageHandlerFactory constructor throws with non DelegatingChannel-derived types.</Description>
      <Execution timeOut="30000" id="eba4f64c-9bcc-49b1-9111-047735473964" />
      <Owners>
        <Owner name="derik" />
      </Owners>
      <TestCategory>
        <TestCategoryItem TestCategory="ADP_Basics" />
        <TestCategoryItem TestCategory="CIT" />
      </TestCategory>
      <TestMethod codeBase="F:/advisorsrepo/wcfhttp/Http/Test/Microsoft.ApplicationServer.Http/Unit/bin/Release/Microsoft.ApplicationServer.Http.CIT.Unit.DLL" adapterTypeName="Microsoft.VisualStudio.TestTools.TestTypes.Unit.UnitTestAdapter, Microsoft.VisualStudio.QualityTools.Tips.UnitTest.Adapter, Version=10.0.0.0, Culture=neutral, PublicKeyToken=b03f5f7f11d50a3a" className="Microsoft.ApplicationServer.Http.Channels.HttpMessageHandlerFactoryTests, Microsoft.ApplicationServer.Http.CIT.Unit, Version=0.0.0.0, Culture=neutral, PublicKeyToken=null" name="HttpMessageHandlerFactory_Constructor_Throws_With_Non_DelegatingChannel_Derived_Types" />
    </UnitTest>
    <UnitTest name="Constructor1" storage="f:\advisorsrepo\wcfhttp\http\test\microsoft.applicationserver.http\unit\bin\release\microsoft.applicationserver.http.cit.unit.dll" id="8137b266-acdf-e63f-3b0a-aeb6ea6d4f49">
      <Description>HttpParameter(MessagePartDescription) (internal constructor) sets Name, Type and (internal) MessagePartDescription.</Description>
      <Execution timeOut="30000" id="e0d02118-f417-4185-8d03-13c3ba4e1aa5" />
      <Owners>
        <Owner name="maying" />
      </Owners>
      <TestCategory>
        <TestCategoryItem TestCategory="CIT" />
      </TestCategory>
      <TestMethod codeBase="F:/advisorsrepo/wcfhttp/Http/Test/Microsoft.ApplicationServer.Http/Unit/bin/Release/Microsoft.ApplicationServer.Http.CIT.Unit.DLL" adapterTypeName="Microsoft.VisualStudio.TestTools.TestTypes.Unit.UnitTestAdapter, Microsoft.VisualStudio.QualityTools.Tips.UnitTest.Adapter, Version=10.0.0.0, Culture=neutral, PublicKeyToken=b03f5f7f11d50a3a" className="Microsoft.ApplicationServer.Http.Description.HttpParameterTests, Microsoft.ApplicationServer.Http.CIT.Unit, Version=0.0.0.0, Culture=neutral, PublicKeyToken=null" name="Constructor1" />
    </UnitTest>
    <UnitTest name="HttpParameterCollection_Synchronized_Incomplete_Generic_GetEnumerator" storage="f:\advisorsrepo\wcfhttp\http\test\microsoft.applicationserver.http\unit\bin\release\microsoft.applicationserver.http.cit.unit.dll" id="c173354a-340a-396f-797b-0c4d3fa1e080">
      <Description>HttpParameterCollection created from incomplete MessagePartDescriptionCollection implements generic GetEnumerator correctly</Description>
      <Execution timeOut="30000" id="ba8a6c27-827d-4210-a185-f74843c9b222" />
      <Owners>
        <Owner name="derik" />
      </Owners>
      <TestCategory>
        <TestCategoryItem TestCategory="CIT" />
      </TestCategory>
      <TestMethod codeBase="F:/advisorsrepo/wcfhttp/Http/Test/Microsoft.ApplicationServer.Http/Unit/bin/Release/Microsoft.ApplicationServer.Http.CIT.Unit.DLL" adapterTypeName="Microsoft.VisualStudio.TestTools.TestTypes.Unit.UnitTestAdapter, Microsoft.VisualStudio.QualityTools.Tips.UnitTest.Adapter, Version=10.0.0.0, Culture=neutral, PublicKeyToken=b03f5f7f11d50a3a" className="Microsoft.ApplicationServer.Http.Description.HttpParameterCollectionTests, Microsoft.ApplicationServer.Http.CIT.Unit, Version=0.0.0.0, Culture=neutral, PublicKeyToken=null" name="HttpParameterCollection_Synchronized_Incomplete_Generic_GetEnumerator" />
    </UnitTest>
    <UnitTest name="ConvertNullableOfTtoT" storage="f:\advisorsrepo\wcfhttp\http\test\microsoft.applicationserver.http\unit\bin\release\microsoft.applicationserver.http.cit.unit.dll" id="987bc25a-88ff-0d50-9301-f461d17c443d">
      <Description>Convert(object) Nullable&lt;T&gt; to T.</Description>
      <Execution timeOut="30000" id="fa2dcaf5-5009-467e-9f3d-0f43c5c08de5" />
      <Owners>
        <Owner name="dravva" />
      </Owners>
      <TestCategory>
        <TestCategoryItem TestCategory="CIT" />
      </TestCategory>
      <TestMethod codeBase="F:/advisorsrepo/wcfhttp/Http/Test/Microsoft.ApplicationServer.Http/Unit/bin/Release/Microsoft.ApplicationServer.Http.CIT.Unit.DLL" adapterTypeName="Microsoft.VisualStudio.TestTools.TestTypes.Unit.UnitTestAdapter, Microsoft.VisualStudio.QualityTools.Tips.UnitTest.Adapter, Version=10.0.0.0, Culture=neutral, PublicKeyToken=b03f5f7f11d50a3a" className="Microsoft.ApplicationServer.Http.Description.HttpParameterValueConverterTests, Microsoft.ApplicationServer.Http.CIT.Unit, Version=0.0.0.0, Culture=neutral, PublicKeyToken=null" name="ConvertNullableOfTtoT" />
    </UnitTest>
    <UnitTest name="Endpoint_Configured_Endpoint_From_ServiceHost" storage="f:\advisorsrepo\wcfhttp\http\test\microsoft.applicationserver.http\unit\bin\release\microsoft.applicationserver.http.cit.unit.dll" id="84d364d0-5bca-5ab4-90ce-39efe235e764">
      <Description>HttpServiceHost gets configured endpoint from host</Description>
      <Execution timeOut="30000" id="72357909-417c-4c1e-a88a-bfa23838946f" />
      <Owners>
        <Owner name="vinelap" />
      </Owners>
      <TestCategory>
        <TestCategoryItem TestCategory="CIT" />
      </TestCategory>
      <DeploymentItems>
        <DeploymentItem filename="ConfigFiles\Microsoft.ApplicationServer.Http.CIT.Unit.ConfiguredHttpEndpointWithServiceTest.config" />
      </DeploymentItems>
      <TestMethod codeBase="F:/advisorsrepo/wcfhttp/Http/Test/Microsoft.ApplicationServer.Http/Unit/bin/Release/Microsoft.ApplicationServer.Http.CIT.Unit.DLL" adapterTypeName="Microsoft.VisualStudio.TestTools.TestTypes.Unit.UnitTestAdapter, Microsoft.VisualStudio.QualityTools.Tips.UnitTest.Adapter, Version=10.0.0.0, Culture=neutral, PublicKeyToken=b03f5f7f11d50a3a" className="Microsoft.ApplicationServer.Http.Configuration.HttpEndpointElementTests, Microsoft.ApplicationServer.Http.CIT.Unit, Version=0.0.0.0, Culture=neutral, PublicKeyToken=null" name="Endpoint_Configured_Endpoint_From_ServiceHost" />
    </UnitTest>
    <UnitTest name="Constructor3SetsContentHeadersWithHttpContent" storage="f:\advisorsrepo\wcfhttp\http\test\microsoft.applicationserver.http\unit\bin\release\microsoft.applicationserver.http.cit.unit.dll" id="e4aa57cd-5f11-ace7-6de5-f0b63ee84197">
      <Description>ObjectContent(Type, HttpContent) sets ContentHeaders from the HttpContent.</Description>
      <Execution timeOut="30000" id="db0eb20f-61d1-4387-a62f-2b26161d8b22" />
      <Owners>
        <Owner name="dravva" />
      </Owners>
      <TestCategory>
        <TestCategoryItem TestCategory="CIT" />
      </TestCategory>
      <TestMethod codeBase="F:/advisorsrepo/wcfhttp/Http/Test/Microsoft.ApplicationServer.Http/Unit/bin/Release/Microsoft.ApplicationServer.Http.CIT.Unit.DLL" adapterTypeName="Microsoft.VisualStudio.TestTools.TestTypes.Unit.UnitTestAdapter, Microsoft.VisualStudio.QualityTools.Tips.UnitTest.Adapter, Version=10.0.0.0, Culture=neutral, PublicKeyToken=b03f5f7f11d50a3a" className="Microsoft.ApplicationServer.Http.ObjectContentTests, Microsoft.ApplicationServer.Http.CIT.Unit, Version=0.0.0.0, Culture=neutral, PublicKeyToken=null" name="Constructor3SetsContentHeadersWithHttpContent" />
    </UnitTest>
    <UnitTest name="ExecuteResponsePipeline" storage="f:\advisorsrepo\wcfhttp\http\test\microsoft.applicationserver.http\unit\bin\release\microsoft.applicationserver.http.cit.unit.dll" id="120960ce-031c-186f-a2d4-e54ff9bda433">
      <Description>ExecuteResponsePipeline() executes with no handlers.</Description>
      <Execution timeOut="30000" id="b6502cca-43bb-4621-b5cd-aba5c69ea217" />
      <Owners>
        <Owner name="dravva" />
      </Owners>
      <TestCategory>
        <TestCategoryItem TestCategory="CIT" />
      </TestCategory>
      <TestMethod codeBase="F:/advisorsrepo/wcfhttp/Http/Test/Microsoft.ApplicationServer.Http/Unit/bin/Release/Microsoft.ApplicationServer.Http.CIT.Unit.DLL" adapterTypeName="Microsoft.VisualStudio.TestTools.TestTypes.Unit.UnitTestAdapter, Microsoft.VisualStudio.QualityTools.Tips.UnitTest.Adapter, Version=10.0.0.0, Culture=neutral, PublicKeyToken=b03f5f7f11d50a3a" className="Microsoft.ApplicationServer.Http.Dispatcher.OperationHandlerPipelineTests, Microsoft.ApplicationServer.Http.CIT.Unit, Version=0.0.0.0, Culture=neutral, PublicKeyToken=null" name="ExecuteResponsePipeline" />
    </UnitTest>
    <UnitTest name="WriteToStreamAsyncCallsOnWriteToStreamAsync" storage="f:\advisorsrepo\wcfhttp\http\test\microsoft.applicationserver.http\unit\bin\release\microsoft.applicationserver.http.cit.unit.dll" id="d4efaf74-b269-5f8e-95b3-7720ba686a77">
      <Description>WriteToStreamAsync() calls protected OnWriteToStreamAsync().</Description>
      <Execution timeOut="30000" id="bb30322d-4171-4d02-848d-bdb7e371b14f" />
      <Owners>
        <Owner name="dravva" />
      </Owners>
      <TestCategory>
        <TestCategoryItem TestCategory="CIT" />
      </TestCategory>
      <TestMethod codeBase="F:/advisorsrepo/wcfhttp/Http/Test/Microsoft.ApplicationServer.Http/Unit/bin/Release/Microsoft.ApplicationServer.Http.CIT.Unit.DLL" adapterTypeName="Microsoft.VisualStudio.TestTools.TestTypes.Unit.UnitTestAdapter, Microsoft.VisualStudio.QualityTools.Tips.UnitTest.Adapter, Version=10.0.0.0, Culture=neutral, PublicKeyToken=b03f5f7f11d50a3a" className="Microsoft.ApplicationServer.Http.MediaTypeFormatterTests, Microsoft.ApplicationServer.Http.CIT.Unit, Version=0.0.0.0, Culture=neutral, PublicKeyToken=null" name="WriteToStreamAsyncCallsOnWriteToStreamAsync" />
    </UnitTest>
    <UnitTest name="Constructor7SetsContentHeadersWithHttpContent" storage="f:\advisorsrepo\wcfhttp\http\test\microsoft.applicationserver.http\unit\bin\release\microsoft.applicationserver.http.cit.unit.dll" id="8d5694a0-a635-16ab-ee38-50393e06d52d">
      <Description>ObjectContent(Type, HttpContent, IEnumerable&lt;MediaTypeFormatter&gt;) sets content headers from input HttpContent.</Description>
      <Execution timeOut="30000" id="71b4b973-b05d-4563-a9e3-35eb4f7ea955" />
      <Owners>
        <Owner name="dravva" />
      </Owners>
      <TestCategory>
        <TestCategoryItem TestCategory="CIT" />
      </TestCategory>
      <TestMethod codeBase="F:/advisorsrepo/wcfhttp/Http/Test/Microsoft.ApplicationServer.Http/Unit/bin/Release/Microsoft.ApplicationServer.Http.CIT.Unit.DLL" adapterTypeName="Microsoft.VisualStudio.TestTools.TestTypes.Unit.UnitTestAdapter, Microsoft.VisualStudio.QualityTools.Tips.UnitTest.Adapter, Version=10.0.0.0, Culture=neutral, PublicKeyToken=b03f5f7f11d50a3a" className="Microsoft.ApplicationServer.Http.ObjectContentTests, Microsoft.ApplicationServer.Http.CIT.Unit, Version=0.0.0.0, Culture=neutral, PublicKeyToken=null" name="Constructor7SetsContentHeadersWithHttpContent" />
    </UnitTest>
    <UnitTest name="ReadFromStreamAsyncCallsOnReadFromStreamAsync" storage="f:\advisorsrepo\wcfhttp\http\test\microsoft.applicationserver.http\unit\bin\release\microsoft.applicationserver.http.cit.unit.dll" id="49d4b46c-a6a8-a0e5-8fde-e96ad58e5717">
      <Description>ReadFromStreamAsync() calls protected OnReadFromStreamAsync().</Description>
      <Execution timeOut="30000" id="6231cef7-a5d6-4693-ae4f-2379454ad25d" />
      <Owners>
        <Owner name="dravva" />
      </Owners>
      <TestCategory>
        <TestCategoryItem TestCategory="CIT" />
      </TestCategory>
      <TestMethod codeBase="F:/advisorsrepo/wcfhttp/Http/Test/Microsoft.ApplicationServer.Http/Unit/bin/Release/Microsoft.ApplicationServer.Http.CIT.Unit.DLL" adapterTypeName="Microsoft.VisualStudio.TestTools.TestTypes.Unit.UnitTestAdapter, Microsoft.VisualStudio.QualityTools.Tips.UnitTest.Adapter, Version=10.0.0.0, Culture=neutral, PublicKeyToken=b03f5f7f11d50a3a" className="Microsoft.ApplicationServer.Http.MediaTypeFormatterTests, Microsoft.ApplicationServer.Http.CIT.Unit, Version=0.0.0.0, Culture=neutral, PublicKeyToken=null" name="ReadFromStreamAsyncCallsOnReadFromStreamAsync" />
    </UnitTest>
    <UnitTest name="OutputParametersAcceptsNullFromOnGetOutputParmeters" storage="f:\advisorsrepo\wcfhttp\http\test\microsoft.applicationserver.http\unit\bin\release\microsoft.applicationserver.http.cit.unit.dll" id="7d3ff19e-e3ac-6613-3ee3-878133f1442f">
      <Description>OutputParameters invokes virtual OnGetOutputParmeters, accepts a null return and produces an empty collection.</Description>
      <Execution timeOut="30000" id="8ea73764-9423-4108-85c4-9144a0ab2b0e" />
      <Owners>
        <Owner name="vinelap" />
      </Owners>
      <TestCategory>
        <TestCategoryItem TestCategory="CIT" />
      </TestCategory>
      <TestMethod codeBase="F:/advisorsrepo/wcfhttp/Http/Test/Microsoft.ApplicationServer.Http/Unit/bin/Release/Microsoft.ApplicationServer.Http.CIT.Unit.DLL" adapterTypeName="Microsoft.VisualStudio.TestTools.TestTypes.Unit.UnitTestAdapter, Microsoft.VisualStudio.QualityTools.Tips.UnitTest.Adapter, Version=10.0.0.0, Culture=neutral, PublicKeyToken=b03f5f7f11d50a3a" className="Microsoft.ApplicationServer.Http.Dispatcher.HttpOperationHandlerTests, Microsoft.ApplicationServer.Http.CIT.Unit, Version=0.0.0.0, Culture=neutral, PublicKeyToken=null" name="OutputParametersAcceptsNullFromOnGetOutputParmeters" />
    </UnitTest>
    <UnitTest name="ToMessage_Returns_HttpMessage_For_HttpRequestMessage" storage="f:\advisorsrepo\wcfhttp\http\test\microsoft.applicationserver.http\unit\bin\release\microsoft.applicationserver.http.cit.unit.dll" id="922965f9-27e2-1f17-2327-a1c935a3ff10">
      <Description>HttpRequestMessage.ToMessage always returns an HttpMessage instance.</Description>
      <Execution timeOut="30000" id="feb80eed-6543-4343-baf0-8ae95fbb7cf6" />
      <Owners>
        <Owner name="derik" />
      </Owners>
      <TestCategory>
        <TestCategoryItem TestCategory="CIT" />
      </TestCategory>
      <TestMethod codeBase="F:/advisorsrepo/wcfhttp/Http/Test/Microsoft.ApplicationServer.Http/Unit/bin/Release/Microsoft.ApplicationServer.Http.CIT.Unit.DLL" adapterTypeName="Microsoft.VisualStudio.TestTools.TestTypes.Unit.UnitTestAdapter, Microsoft.VisualStudio.QualityTools.Tips.UnitTest.Adapter, Version=10.0.0.0, Culture=neutral, PublicKeyToken=b03f5f7f11d50a3a" className="Microsoft.ApplicationServer.Http.Channels.HttpMessageExtensionMethodsTests, Microsoft.ApplicationServer.Http.CIT.Unit, Version=0.0.0.0, Culture=neutral, PublicKeyToken=null" name="ToMessage_Returns_HttpMessage_For_HttpRequestMessage" />
    </UnitTest>
    <UnitTest name="ConstructorThrowsWithNullMediaRange" storage="f:\advisorsrepo\wcfhttp\http\test\microsoft.applicationserver.http\unit\bin\release\microsoft.applicationserver.http.cit.unit.dll" id="d1cf06be-387e-10b9-ede0-12d37630d3b9">
      <Description>MediaRangeMapping(MediaTypeHeaderValue, MediaTypeHeaderValue) throws if the MediaRange parameter is null.</Description>
      <Execution timeOut="30000" id="d989ab36-4823-44ca-bd48-e5e0d669a7c9" />
      <Owners>
        <Owner name="dravva" />
      </Owners>
      <TestCategory>
        <TestCategoryItem TestCategory="CIT" />
      </TestCategory>
      <TestMethod codeBase="F:/advisorsrepo/wcfhttp/Http/Test/Microsoft.ApplicationServer.Http/Unit/bin/Release/Microsoft.ApplicationServer.Http.CIT.Unit.DLL" adapterTypeName="Microsoft.VisualStudio.TestTools.TestTypes.Unit.UnitTestAdapter, Microsoft.VisualStudio.QualityTools.Tips.UnitTest.Adapter, Version=10.0.0.0, Culture=neutral, PublicKeyToken=b03f5f7f11d50a3a" className="Microsoft.ApplicationServer.Http.MediaRangeMappingTests, Microsoft.ApplicationServer.Http.CIT.Unit, Version=0.0.0.0, Culture=neutral, PublicKeyToken=null" name="ConstructorThrowsWithNullMediaRange" />
    </UnitTest>
    <UnitTest name="RequestMessage_Returns_HttpMessage_With_Empty_Content_When_Inner_Request_Is_Not_HttpMessage" storage="f:\advisorsrepo\wcfhttp\http\test\microsoft.applicationserver.http\unit\bin\release\microsoft.applicationserver.http.cit.unit.dll" id="222136e7-6ade-54fe-70d7-98b34502b9cb">
      <Description>HttpMessageEncodingRequestContext.RequestMessage returns an HttpMessage instance with an empty HttpContent when the inner request is not an HttpMessage.</Description>
      <Execution timeOut="30000" id="617e83b9-0f44-440f-90d7-d74c77873b01" />
      <Owners>
        <Owner name="derik" />
      </Owners>
      <TestCategory>
        <TestCategoryItem TestCategory="CIT" />
      </TestCategory>
      <TestMethod codeBase="F:/advisorsrepo/wcfhttp/Http/Test/Microsoft.ApplicationServer.Http/Unit/bin/Release/Microsoft.ApplicationServer.Http.CIT.Unit.DLL" adapterTypeName="Microsoft.VisualStudio.TestTools.TestTypes.Unit.UnitTestAdapter, Microsoft.VisualStudio.QualityTools.Tips.UnitTest.Adapter, Version=10.0.0.0, Culture=neutral, PublicKeyToken=b03f5f7f11d50a3a" className="Microsoft.ApplicationServer.Http.Channels.HttpMessageEncodingRequestContextTests, Microsoft.ApplicationServer.Http.CIT.Unit, Version=0.0.0.0, Culture=neutral, PublicKeyToken=null" name="RequestMessage_Returns_HttpMessage_With_Empty_Content_When_Inner_Request_Is_Not_HttpMessage" />
    </UnitTest>
    <UnitTest name="UnitTestClassIsCorrect" storage="f:\advisorsrepo\wcfhttp\http\test\microsoft.applicationserver.http\unit\bin\release\microsoft.applicationserver.http.cit.unit.dll" id="c089de65-54a9-7674-e55f-3f1127390a37">
      <Execution timeOut="1800000" id="beaf8b7b-b0ba-406d-b553-b31b374b1fe9" />
      <TestMethod codeBase="F:/advisorsrepo/wcfhttp/Http/Test/Microsoft.ApplicationServer.Http/Unit/bin/Release/Microsoft.ApplicationServer.Http.CIT.Unit.DLL" adapterTypeName="Microsoft.VisualStudio.TestTools.TestTypes.Unit.UnitTestAdapter, Microsoft.VisualStudio.QualityTools.Tips.UnitTest.Adapter, Version=10.0.0.0, Culture=neutral, PublicKeyToken=b03f5f7f11d50a3a" className="Microsoft.ApplicationServer.Http.UriPathExtensionMappingTests, Microsoft.ApplicationServer.Http.CIT.Unit, Version=0.0.0.0, Culture=neutral, PublicKeyToken=null" name="UnitTestClassIsCorrect" />
    </UnitTest>
    <UnitTest name="HandleCallsOnHandleOfGeneric12" storage="f:\advisorsrepo\wcfhttp\http\test\microsoft.applicationserver.http\unit\bin\release\microsoft.applicationserver.http.cit.unit.dll" id="ea71b25e-e7c9-9df2-61b7-35b8a4599331">
      <Description>Handle(object[]) calls OnHandle for the generic HttpOperationHandlerOfT.</Description>
      <Execution timeOut="30000" id="b9d75861-a8d4-401a-afcd-4be54be609ca" />
      <Owners>
        <Owner name="dravva" />
      </Owners>
      <TestCategory>
        <TestCategoryItem TestCategory="CIT" />
      </TestCategory>
      <TestMethod codeBase="F:/advisorsrepo/wcfhttp/Http/Test/Microsoft.ApplicationServer.Http/Unit/bin/Release/Microsoft.ApplicationServer.Http.CIT.Unit.DLL" adapterTypeName="Microsoft.VisualStudio.TestTools.TestTypes.Unit.UnitTestAdapter, Microsoft.VisualStudio.QualityTools.Tips.UnitTest.Adapter, Version=10.0.0.0, Culture=neutral, PublicKeyToken=b03f5f7f11d50a3a" className="Microsoft.ApplicationServer.Http.Dispatcher.HttpOperationHandlerOfTTests, Microsoft.ApplicationServer.Http.CIT.Unit, Version=0.0.0.0, Culture=neutral, PublicKeyToken=null" name="HandleCallsOnHandleOfGeneric12" />
    </UnitTest>
    <UnitTest name="CanBuildChannelFactory_Always_Returns_False" storage="f:\advisorsrepo\wcfhttp\http\test\microsoft.applicationserver.http\unit\bin\release\microsoft.applicationserver.http.cit.unit.dll" id="6a7b219c-4d7f-bdc2-e523-4b1f5b8a949b">
      <Description>HttpMessageEncodingBindingElement.CanBuildChannelFactory always returns 'false' regardless of channel shape.</Description>
      <Execution timeOut="30000" id="6008dafb-7a97-4842-b8cb-7dd10bcd1949" />
      <Owners>
        <Owner name="derik" />
      </Owners>
      <TestCategory>
        <TestCategoryItem TestCategory="CIT" />
      </TestCategory>
      <TestMethod codeBase="F:/advisorsrepo/wcfhttp/Http/Test/Microsoft.ApplicationServer.Http/Unit/bin/Release/Microsoft.ApplicationServer.Http.CIT.Unit.DLL" adapterTypeName="Microsoft.VisualStudio.TestTools.TestTypes.Unit.UnitTestAdapter, Microsoft.VisualStudio.QualityTools.Tips.UnitTest.Adapter, Version=10.0.0.0, Culture=neutral, PublicKeyToken=b03f5f7f11d50a3a" className="Microsoft.ApplicationServer.Http.Channels.HttpMessageEncodingBindingElementTests, Microsoft.ApplicationServer.Http.CIT.Unit, Version=0.0.0.0, Culture=neutral, PublicKeyToken=null" name="CanBuildChannelFactory_Always_Returns_False" />
    </UnitTest>
    <UnitTest name="HttpMessagePluginBindingElement_Method3" storage="f:\advisorsrepo\wcfhttp\http\test\microsoft.applicationserver.http\unit\bin\release\microsoft.applicationserver.http.cit.unit.dll" id="2eb06309-40c5-679b-6076-576e2c6a169b">
      <Execution timeOut="30000" id="fb7914ac-d8aa-4ceb-8c41-35a5fed1a615" />
      <Owners>
        <Owner name="derik" />
      </Owners>
      <TestCategory>
        <TestCategoryItem TestCategory="CIT" />
        <TestCategoryItem TestCategory="ADP_Basics" />
      </TestCategory>
      <TestMethod codeBase="F:/advisorsrepo/wcfhttp/Http/Test/Microsoft.ApplicationServer.Http/Unit/bin/Release/Microsoft.ApplicationServer.Http.CIT.Unit.DLL" adapterTypeName="Microsoft.VisualStudio.TestTools.TestTypes.Unit.UnitTestAdapter, Microsoft.VisualStudio.QualityTools.Tips.UnitTest.Adapter, Version=10.0.0.0, Culture=neutral, PublicKeyToken=b03f5f7f11d50a3a" className="Microsoft.ApplicationServer.Http.Channels.HttpMessageHandlerChannelBindingElementTests, Microsoft.ApplicationServer.Http.CIT.Unit, Version=0.0.0.0, Culture=neutral, PublicKeyToken=null" name="HttpMessagePluginBindingElement_Method3" />
    </UnitTest>
    <UnitTest name="HandleCallsOnHandleOfGeneric15" storage="f:\advisorsrepo\wcfhttp\http\test\microsoft.applicationserver.http\unit\bin\release\microsoft.applicationserver.http.cit.unit.dll" id="a7427fea-e82f-c736-8d34-a1eb279ba36d">
      <Description>Handle(object[]) calls OnHandle for the generic HttpOperationHandlerOfT.</Description>
      <Execution timeOut="30000" id="85fc0772-b5da-4d5b-bcd1-ed1c80e0f75f" />
      <Owners>
        <Owner name="dravva" />
      </Owners>
      <TestCategory>
        <TestCategoryItem TestCategory="CIT" />
      </TestCategory>
      <TestMethod codeBase="F:/advisorsrepo/wcfhttp/Http/Test/Microsoft.ApplicationServer.Http/Unit/bin/Release/Microsoft.ApplicationServer.Http.CIT.Unit.DLL" adapterTypeName="Microsoft.VisualStudio.TestTools.TestTypes.Unit.UnitTestAdapter, Microsoft.VisualStudio.QualityTools.Tips.UnitTest.Adapter, Version=10.0.0.0, Culture=neutral, PublicKeyToken=b03f5f7f11d50a3a" className="Microsoft.ApplicationServer.Http.Dispatcher.HttpOperationHandlerOfTTests, Microsoft.ApplicationServer.Http.CIT.Unit, Version=0.0.0.0, Culture=neutral, PublicKeyToken=null" name="HandleCallsOnHandleOfGeneric15" />
    </UnitTest>
    <UnitTest name="HttpRequestMessageGetsAlteredPairing" storage="f:\advisorsrepo\wcfhttp\http\test\microsoft.applicationserver.http\unit\bin\release\microsoft.applicationserver.http.cit.unit.dll" id="88671c6a-43da-2b1c-55bc-5168023b0662">
      <Description>HttpRequestMessage internal property returns a newly paired HttpRequestMessage.</Description>
      <Execution timeOut="30000" id="be3e4889-a005-4f22-aaf4-bb647a02a29b" />
      <Owners>
        <Owner name="dravva" />
      </Owners>
      <TestCategory>
        <TestCategoryItem TestCategory="CIT" />
      </TestCategory>
      <TestMethod codeBase="F:/advisorsrepo/wcfhttp/Http/Test/Microsoft.ApplicationServer.Http/Unit/bin/Release/Microsoft.ApplicationServer.Http.CIT.Unit.DLL" adapterTypeName="Microsoft.VisualStudio.TestTools.TestTypes.Unit.UnitTestAdapter, Microsoft.VisualStudio.QualityTools.Tips.UnitTest.Adapter, Version=10.0.0.0, Culture=neutral, PublicKeyToken=b03f5f7f11d50a3a" className="Microsoft.ApplicationServer.Http.ObjectContentTests, Microsoft.ApplicationServer.Http.CIT.Unit, Version=0.0.0.0, Culture=neutral, PublicKeyToken=null" name="HttpRequestMessageGetsAlteredPairing" />
    </UnitTest>
    <UnitTest name="Validate_Does_Not_Throw_For_HttpBinding" storage="f:\advisorsrepo\wcfhttp\http\test\microsoft.applicationserver.http\unit\bin\release\microsoft.applicationserver.http.cit.unit.dll" id="f622b09d-6fb3-fd72-c6ee-93d7e8443125">
      <Description>HttpBehavior.Validate does not throw for a valid HttpBinding.</Description>
      <Execution timeOut="30000" id="2e7be67d-48b9-4fa4-b017-9a34f02fd518" />
      <Owners>
        <Owner name="vinelap" />
      </Owners>
      <TestCategory>
        <TestCategoryItem TestCategory="CIT" />
      </TestCategory>
      <TestMethod codeBase="F:/advisorsrepo/wcfhttp/Http/Test/Microsoft.ApplicationServer.Http/Unit/bin/Release/Microsoft.ApplicationServer.Http.CIT.Unit.DLL" adapterTypeName="Microsoft.VisualStudio.TestTools.TestTypes.Unit.UnitTestAdapter, Microsoft.VisualStudio.QualityTools.Tips.UnitTest.Adapter, Version=10.0.0.0, Culture=neutral, PublicKeyToken=b03f5f7f11d50a3a" className="Microsoft.ApplicationServer.Http.Description.HttpBehaviorTests, Microsoft.ApplicationServer.Http.CIT.Unit, Version=0.0.0.0, Culture=neutral, PublicKeyToken=null" name="Validate_Does_Not_Throw_For_HttpBinding" />
    </UnitTest>
    <UnitTest name="HttpBehavior_ApplyDispatchBehavior_Throws_For_Null_EndpointDispatcher" storage="f:\advisorsrepo\wcfhttp\http\test\microsoft.applicationserver.http\unit\bin\release\microsoft.applicationserver.http.cit.unit.dll" id="dcce6a84-2717-e3ed-6f40-6a6f20c1cc00">
      <Description>HttpBehavior.ApplyDispatchBehavior with null endpointDispatcher parameter throws.</Description>
      <Execution timeOut="30000" id="fceacbf7-c937-4c0a-99bd-942c845fd34c" />
      <Owners>
        <Owner name="vinelap" />
      </Owners>
      <TestCategory>
        <TestCategoryItem TestCategory="CIT" />
      </TestCategory>
      <TestMethod codeBase="F:/advisorsrepo/wcfhttp/Http/Test/Microsoft.ApplicationServer.Http/Unit/bin/Release/Microsoft.ApplicationServer.Http.CIT.Unit.DLL" adapterTypeName="Microsoft.VisualStudio.TestTools.TestTypes.Unit.UnitTestAdapter, Microsoft.VisualStudio.QualityTools.Tips.UnitTest.Adapter, Version=10.0.0.0, Culture=neutral, PublicKeyToken=b03f5f7f11d50a3a" className="Microsoft.ApplicationServer.Http.Description.HttpBehaviorTests, Microsoft.ApplicationServer.Http.CIT.Unit, Version=0.0.0.0, Culture=neutral, PublicKeyToken=null" name="HttpBehavior_ApplyDispatchBehavior_Throws_For_Null_EndpointDispatcher" />
    </UnitTest>
    <UnitTest name="CanConvertFromStringReturnsTrueForT" storage="f:\advisorsrepo\wcfhttp\http\test\microsoft.applicationserver.http\unit\bin\release\microsoft.applicationserver.http.cit.unit.dll" id="32b92ded-2bac-b7a8-a1e8-0a5b25e27290">
      <Description>CanConvertFromString returns true for all value types converters.</Description>
      <Execution timeOut="30000" id="d35f930d-ea83-4bd3-963a-406c70bbd620" />
      <Owners>
        <Owner name="dravva" />
      </Owners>
      <TestCategory>
        <TestCategoryItem TestCategory="CIT" />
      </TestCategory>
      <TestMethod codeBase="F:/advisorsrepo/wcfhttp/Http/Test/Microsoft.ApplicationServer.Http/Unit/bin/Release/Microsoft.ApplicationServer.Http.CIT.Unit.DLL" adapterTypeName="Microsoft.VisualStudio.TestTools.TestTypes.Unit.UnitTestAdapter, Microsoft.VisualStudio.QualityTools.Tips.UnitTest.Adapter, Version=10.0.0.0, Culture=neutral, PublicKeyToken=b03f5f7f11d50a3a" className="Microsoft.ApplicationServer.Http.Description.HttpParameterValueConverterTests, Microsoft.ApplicationServer.Http.CIT.Unit, Version=0.0.0.0, Culture=neutral, PublicKeyToken=null" name="CanConvertFromStringReturnsTrueForT" />
    </UnitTest>
    <UnitTest name="CanConvertFromTypeReturnsTrueForHttpRequestMessageOfTtoT" storage="f:\advisorsrepo\wcfhttp\http\test\microsoft.applicationserver.http\unit\bin\release\microsoft.applicationserver.http.cit.unit.dll" id="15b847f5-6850-9b24-84e7-7663a52ecd17">
      <Description>CanConvertFromType(Type) returns true for HttpRequesteMessage&lt;T&gt; to T.</Description>
      <Execution timeOut="30000" id="a46a1034-8b43-4808-9b98-e6cd11e97c1f" />
      <Owners>
        <Owner name="dravva" />
      </Owners>
      <TestCategory>
        <TestCategoryItem TestCategory="CIT" />
      </TestCategory>
      <TestMethod codeBase="F:/advisorsrepo/wcfhttp/Http/Test/Microsoft.ApplicationServer.Http/Unit/bin/Release/Microsoft.ApplicationServer.Http.CIT.Unit.DLL" adapterTypeName="Microsoft.VisualStudio.TestTools.TestTypes.Unit.UnitTestAdapter, Microsoft.VisualStudio.QualityTools.Tips.UnitTest.Adapter, Version=10.0.0.0, Culture=neutral, PublicKeyToken=b03f5f7f11d50a3a" className="Microsoft.ApplicationServer.Http.Description.HttpParameterValueConverterTests, Microsoft.ApplicationServer.Http.CIT.Unit, Version=0.0.0.0, Culture=neutral, PublicKeyToken=null" name="CanConvertFromTypeReturnsTrueForHttpRequestMessageOfTtoT" />
    </UnitTest>
    <UnitTest name="ReadAsAsyncThrowsWithNullThis" storage="f:\advisorsrepo\wcfhttp\http\test\microsoft.applicationserver.http\unit\bin\release\microsoft.applicationserver.http.cit.unit.dll" id="d271b3b4-1eab-c036-c71c-d3c0da17f5cd">
      <Description>HttpContentExtensionMethods.ReadAsAsync(HttpContent, Type) throws with null 'this'.</Description>
      <Execution timeOut="30000" id="f3a70cf2-de71-45aa-9dcc-4b859374ef37" />
      <Owners>
        <Owner name="vinelap" />
      </Owners>
      <TestCategory>
        <TestCategoryItem TestCategory="CIT" />
      </TestCategory>
      <TestMethod codeBase="F:/advisorsrepo/wcfhttp/Http/Test/Microsoft.ApplicationServer.Http/Unit/bin/Release/Microsoft.ApplicationServer.Http.CIT.Unit.DLL" adapterTypeName="Microsoft.VisualStudio.TestTools.TestTypes.Unit.UnitTestAdapter, Microsoft.VisualStudio.QualityTools.Tips.UnitTest.Adapter, Version=10.0.0.0, Culture=neutral, PublicKeyToken=b03f5f7f11d50a3a" className="Microsoft.ApplicationServer.Http.HttpContentExtensionMethodsTests, Microsoft.ApplicationServer.Http.CIT.Unit, Version=0.0.0.0, Culture=neutral, PublicKeyToken=null" name="ReadAsAsyncThrowsWithNullThis" />
    </UnitTest>
    <UnitTest name="Abort_Calls_The_Inner_Listener" storage="f:\advisorsrepo\wcfhttp\http\test\microsoft.applicationserver.http\unit\bin\release\microsoft.applicationserver.http.cit.unit.dll" id="e546a55a-f856-2424-ba4e-3b53ea000c09">
      <Description>HttpMessageEncodingChannelListener.Abort calls Abort on the inner listener.</Description>
      <Execution timeOut="30000" id="e54046dc-2fb5-4f9f-be71-95da1bd620df" />
      <Owners>
        <Owner name="derik" />
      </Owners>
      <TestCategory>
        <TestCategoryItem TestCategory="CIT" />
      </TestCategory>
      <TestMethod codeBase="F:/advisorsrepo/wcfhttp/Http/Test/Microsoft.ApplicationServer.Http/Unit/bin/Release/Microsoft.ApplicationServer.Http.CIT.Unit.DLL" adapterTypeName="Microsoft.VisualStudio.TestTools.TestTypes.Unit.UnitTestAdapter, Microsoft.VisualStudio.QualityTools.Tips.UnitTest.Adapter, Version=10.0.0.0, Culture=neutral, PublicKeyToken=b03f5f7f11d50a3a" className="Microsoft.ApplicationServer.Http.Channels.HttpMessageEncodingChannelListenerTests, Microsoft.ApplicationServer.Http.CIT.Unit, Version=0.0.0.0, Culture=neutral, PublicKeyToken=null" name="Abort_Calls_The_Inner_Listener" />
    </UnitTest>
    <UnitTest name="HttpParameterCollection_Synchronized_Incomplete_GetEnumerator" storage="f:\advisorsrepo\wcfhttp\http\test\microsoft.applicationserver.http\unit\bin\release\microsoft.applicationserver.http.cit.unit.dll" id="72e09889-7cf6-57b1-8cc9-5232d50d12c6">
      <Description>HttpParameterCollection created from incomplete MessagePartDescriptionCollection implements GetEnumerator correctly</Description>
      <Execution timeOut="30000" id="601f445b-0f17-4dd9-bedc-00eac816ab68" />
      <Owners>
        <Owner name="derik" />
      </Owners>
      <TestCategory>
        <TestCategoryItem TestCategory="CIT" />
      </TestCategory>
      <TestMethod codeBase="F:/advisorsrepo/wcfhttp/Http/Test/Microsoft.ApplicationServer.Http/Unit/bin/Release/Microsoft.ApplicationServer.Http.CIT.Unit.DLL" adapterTypeName="Microsoft.VisualStudio.TestTools.TestTypes.Unit.UnitTestAdapter, Microsoft.VisualStudio.QualityTools.Tips.UnitTest.Adapter, Version=10.0.0.0, Culture=neutral, PublicKeyToken=b03f5f7f11d50a3a" className="Microsoft.ApplicationServer.Http.Description.HttpParameterCollectionTests, Microsoft.ApplicationServer.Http.CIT.Unit, Version=0.0.0.0, Culture=neutral, PublicKeyToken=null" name="HttpParameterCollection_Synchronized_Incomplete_GetEnumerator" />
    </UnitTest>
    <UnitTest name="Constructor" storage="f:\advisorsrepo\wcfhttp\http\test\microsoft.applicationserver.http\unit\bin\release\microsoft.applicationserver.http.cit.unit.dll" id="b417a7ca-1698-176a-ad2f-071e2a5f4efc">
      <Description>MediaRangeMapping(MediaTypeHeaderValue, MediaTypeHeaderValue) sets public properties.</Description>
      <Execution timeOut="30000" id="ac6ea670-d856-4220-af6f-362d3e9cb401" />
      <Owners>
        <Owner name="dravva" />
      </Owners>
      <TestCategory>
        <TestCategoryItem TestCategory="CIT" />
      </TestCategory>
      <TestMethod codeBase="F:/advisorsrepo/wcfhttp/Http/Test/Microsoft.ApplicationServer.Http/Unit/bin/Release/Microsoft.ApplicationServer.Http.CIT.Unit.DLL" adapterTypeName="Microsoft.VisualStudio.TestTools.TestTypes.Unit.UnitTestAdapter, Microsoft.VisualStudio.QualityTools.Tips.UnitTest.Adapter, Version=10.0.0.0, Culture=neutral, PublicKeyToken=b03f5f7f11d50a3a" className="Microsoft.ApplicationServer.Http.MediaRangeMappingTests, Microsoft.ApplicationServer.Http.CIT.Unit, Version=0.0.0.0, Culture=neutral, PublicKeyToken=null" name="Constructor" />
    </UnitTest>
    <UnitTest name="Constructor" storage="f:\advisorsrepo\wcfhttp\http\test\microsoft.applicationserver.http\unit\bin\release\microsoft.applicationserver.http.cit.unit.dll" id="abd96d36-0188-6e5e-e4ac-462bd10c65f2">
      <Description>HttpParameverValueConverter(Type) sets Type for all value types.</Description>
      <Execution timeOut="30000" id="aaab0415-7ac6-4d48-8daa-7f410e230b7f" />
      <Owners>
        <Owner name="dravva" />
      </Owners>
      <TestCategory>
        <TestCategoryItem TestCategory="CIT" />
      </TestCategory>
      <TestMethod codeBase="F:/advisorsrepo/wcfhttp/Http/Test/Microsoft.ApplicationServer.Http/Unit/bin/Release/Microsoft.ApplicationServer.Http.CIT.Unit.DLL" adapterTypeName="Microsoft.VisualStudio.TestTools.TestTypes.Unit.UnitTestAdapter, Microsoft.VisualStudio.QualityTools.Tips.UnitTest.Adapter, Version=10.0.0.0, Culture=neutral, PublicKeyToken=b03f5f7f11d50a3a" className="Microsoft.ApplicationServer.Http.Description.HttpParameterValueConverterTests, Microsoft.ApplicationServer.Http.CIT.Unit, Version=0.0.0.0, Culture=neutral, PublicKeyToken=null" name="Constructor" />
    </UnitTest>
    <UnitTest name="AfterReceiveRequest_Null_Message_Throws" storage="f:\advisorsrepo\wcfhttp\http\test\microsoft.applicationserver.http\unit\bin\release\microsoft.applicationserver.http.cit.unit.dll" id="d9cbcaa1-f614-6d32-b3b9-d890b368f72b">
      <Description>IDispatchMessageInspector.AfterReceiveRequest throws ArgumentNullException for null WCF message argument.</Description>
      <Execution timeOut="30000" id="e237ba04-c25f-4d50-89ea-7d29cc984088" />
      <Owners>
        <Owner name="maying" />
      </Owners>
      <TestCategory>
        <TestCategoryItem TestCategory="CIT" />
      </TestCategory>
      <TestMethod codeBase="F:/advisorsrepo/wcfhttp/Http/Test/Microsoft.ApplicationServer.Http/Unit/bin/Release/Microsoft.ApplicationServer.Http.CIT.Unit.DLL" adapterTypeName="Microsoft.VisualStudio.TestTools.TestTypes.Unit.UnitTestAdapter, Microsoft.VisualStudio.QualityTools.Tips.UnitTest.Adapter, Version=10.0.0.0, Culture=neutral, PublicKeyToken=b03f5f7f11d50a3a" className="Microsoft.ApplicationServer.Http.Dispatcher.HttpMessageInspectorTests, Microsoft.ApplicationServer.Http.CIT.Unit, Version=0.0.0.0, Culture=neutral, PublicKeyToken=null" name="AfterReceiveRequest_Null_Message_Throws" />
    </UnitTest>
    <UnitTest name="OnTrySelectOperationReturnsFalseForNullRequestUri" storage="f:\advisorsrepo\wcfhttp\http\test\microsoft.applicationserver.http\unit\bin\release\microsoft.applicationserver.http.cit.unit.dll" id="f21cf765-eadf-9a42-a439-9a8c44fdacb0">
      <Description>OnTrySelectOperation(HttpRequestMessage, out string, out bool) returns false if the request URI in null.</Description>
      <Execution timeOut="30000" id="fe98ef10-eb7a-4279-b6bb-b992ba9d7416" />
      <Owners>
        <Owner name="dravva" />
      </Owners>
      <TestCategory>
        <TestCategoryItem TestCategory="CIT" />
      </TestCategory>
      <TestMethod codeBase="F:/advisorsrepo/wcfhttp/Http/Test/Microsoft.ApplicationServer.Http/Unit/bin/Release/Microsoft.ApplicationServer.Http.CIT.Unit.DLL" adapterTypeName="Microsoft.VisualStudio.TestTools.TestTypes.Unit.UnitTestAdapter, Microsoft.VisualStudio.QualityTools.Tips.UnitTest.Adapter, Version=10.0.0.0, Culture=neutral, PublicKeyToken=b03f5f7f11d50a3a" className="Microsoft.ApplicationServer.Http.Dispatcher.UriAndMethodOperationSelectorTests, Microsoft.ApplicationServer.Http.CIT.Unit, Version=0.0.0.0, Culture=neutral, PublicKeyToken=null" name="OnTrySelectOperationReturnsFalseForNullRequestUri" />
    </UnitTest>
    <UnitTest name="Constructor1" storage="f:\advisorsrepo\wcfhttp\http\test\microsoft.applicationserver.http\unit\bin\release\microsoft.applicationserver.http.cit.unit.dll" id="b4ce56c7-9110-c57f-cbc8-41faed4fd11f">
      <Description>ObjectContent&lt;T&gt;(T, string) sets Type, content header's media type and (private) ObjectInstance properties with all known value and reference types.</Description>
      <Execution timeOut="30000" id="d25813d8-470d-4910-86a1-79608b4afb55" />
      <Owners>
        <Owner name="dravva" />
      </Owners>
      <TestCategory>
        <TestCategoryItem TestCategory="CIT" />
      </TestCategory>
      <TestMethod codeBase="F:/advisorsrepo/wcfhttp/Http/Test/Microsoft.ApplicationServer.Http/Unit/bin/Release/Microsoft.ApplicationServer.Http.CIT.Unit.DLL" adapterTypeName="Microsoft.VisualStudio.TestTools.TestTypes.Unit.UnitTestAdapter, Microsoft.VisualStudio.QualityTools.Tips.UnitTest.Adapter, Version=10.0.0.0, Culture=neutral, PublicKeyToken=b03f5f7f11d50a3a" className="Microsoft.ApplicationServer.Http.ObjectContentOfTTests, Microsoft.ApplicationServer.Http.CIT.Unit, Version=0.0.0.0, Culture=neutral, PublicKeyToken=null" name="Constructor1" />
    </UnitTest>
    <UnitTest name="Behavior_Bad_HttpOperationHandlerFactory_Throws" storage="f:\advisorsrepo\wcfhttp\http\test\microsoft.applicationserver.http\unit\bin\release\microsoft.applicationserver.http.cit.unit.dll" id="325ae9ca-93a7-7cf9-ec74-78b660286130">
      <Description>Setting HttpOperationHandlerFactory to invalid type throws</Description>
      <Execution timeOut="30000" id="918abb2b-d4e8-40b7-bb3b-4dcfc5a3c6d3" />
      <Owners>
        <Owner name="vinelap" />
      </Owners>
      <TestCategory>
        <TestCategoryItem TestCategory="CIT" />
      </TestCategory>
      <TestMethod codeBase="F:/advisorsrepo/wcfhttp/Http/Test/Microsoft.ApplicationServer.Http/Unit/bin/Release/Microsoft.ApplicationServer.Http.CIT.Unit.DLL" adapterTypeName="Microsoft.VisualStudio.TestTools.TestTypes.Unit.UnitTestAdapter, Microsoft.VisualStudio.QualityTools.Tips.UnitTest.Adapter, Version=10.0.0.0, Culture=neutral, PublicKeyToken=b03f5f7f11d50a3a" className="Microsoft.ApplicationServer.Http.Configuration.HttpBehaviorElementTests, Microsoft.ApplicationServer.Http.CIT.Unit, Version=0.0.0.0, Culture=neutral, PublicKeyToken=null" name="Behavior_Bad_HttpOperationHandlerFactory_Throws" />
    </UnitTest>
    <UnitTest name="HandleCallsOnHandle" storage="f:\advisorsrepo\wcfhttp\http\test\microsoft.applicationserver.http\unit\bin\release\microsoft.applicationserver.http.cit.unit.dll" id="4069857c-e7a2-2f52-3d7b-b488aa5df2ed">
      <Description>Handle(object[]) calls OnHandle().</Description>
      <Execution timeOut="30000" id="71b99c2d-4436-4ce7-828d-ab827e7e9319" />
      <Owners>
        <Owner name="vinelap" />
      </Owners>
      <TestCategory>
        <TestCategoryItem TestCategory="CIT" />
      </TestCategory>
      <TestMethod codeBase="F:/advisorsrepo/wcfhttp/Http/Test/Microsoft.ApplicationServer.Http/Unit/bin/Release/Microsoft.ApplicationServer.Http.CIT.Unit.DLL" adapterTypeName="Microsoft.VisualStudio.TestTools.TestTypes.Unit.UnitTestAdapter, Microsoft.VisualStudio.QualityTools.Tips.UnitTest.Adapter, Version=10.0.0.0, Culture=neutral, PublicKeyToken=b03f5f7f11d50a3a" className="Microsoft.ApplicationServer.Http.Dispatcher.HttpOperationHandlerTests, Microsoft.ApplicationServer.Http.CIT.Unit, Version=0.0.0.0, Culture=neutral, PublicKeyToken=null" name="HandleCallsOnHandle" />
    </UnitTest>
    <UnitTest name="BeginClose_Calls_BeginClose_On_The_Inner_Channel" storage="f:\advisorsrepo\wcfhttp\http\test\microsoft.applicationserver.http\unit\bin\release\microsoft.applicationserver.http.cit.unit.dll" id="6ad720cb-bfca-0437-e691-49ec97f157ce">
      <Description>HttpMessageEncodingReplyChannel.BeginClose calls BeginClose on the inner channel.</Description>
      <Execution timeOut="30000" id="45362c91-6e24-4365-82f7-58d7347cabcd" />
      <Owners>
        <Owner name="derik" />
      </Owners>
      <TestCategory>
        <TestCategoryItem TestCategory="CIT" />
      </TestCategory>
      <TestMethod codeBase="F:/advisorsrepo/wcfhttp/Http/Test/Microsoft.ApplicationServer.Http/Unit/bin/Release/Microsoft.ApplicationServer.Http.CIT.Unit.DLL" adapterTypeName="Microsoft.VisualStudio.TestTools.TestTypes.Unit.UnitTestAdapter, Microsoft.VisualStudio.QualityTools.Tips.UnitTest.Adapter, Version=10.0.0.0, Culture=neutral, PublicKeyToken=b03f5f7f11d50a3a" className="Microsoft.ApplicationServer.Http.Channels.HttpMessageEncodingReplyChannelTests, Microsoft.ApplicationServer.Http.CIT.Unit, Version=0.0.0.0, Culture=neutral, PublicKeyToken=null" name="BeginClose_Calls_BeginClose_On_The_Inner_Channel" />
    </UnitTest>
    <UnitTest name="ContentIsSettable" storage="f:\advisorsrepo\wcfhttp\http\test\microsoft.applicationserver.http\unit\bin\release\microsoft.applicationserver.http.cit.unit.dll" id="bf819ab8-3b06-7bbb-5da0-2fc6b3ffc9c0">
      <Description>HttpResponseMessage&lt;T&gt;.Content is settable.</Description>
      <Execution timeOut="30000" id="9bfb4baa-5731-4d4f-b3b5-20be96531f2c" />
      <Owners>
        <Owner name="dravva" />
      </Owners>
      <TestCategory>
        <TestCategoryItem TestCategory="CIT" />
      </TestCategory>
      <TestMethod codeBase="F:/advisorsrepo/wcfhttp/Http/Test/Microsoft.ApplicationServer.Http/Unit/bin/Release/Microsoft.ApplicationServer.Http.CIT.Unit.DLL" adapterTypeName="Microsoft.VisualStudio.TestTools.TestTypes.Unit.UnitTestAdapter, Microsoft.VisualStudio.QualityTools.Tips.UnitTest.Adapter, Version=10.0.0.0, Culture=neutral, PublicKeyToken=b03f5f7f11d50a3a" className="Microsoft.ApplicationServer.Http.HttpResponseMessageOfTTests, Microsoft.ApplicationServer.Http.CIT.Unit, Version=0.0.0.0, Culture=neutral, PublicKeyToken=null" name="ContentIsSettable" />
    </UnitTest>
  </TestDefinitions>
  <TestLists>
    <TestList name="Results Not in a List" id="8c84fa94-04c1-424b-9868-57a2d4851a1d" />
    <TestList name="All Loaded Results" id="19431567-8539-422a-85d7-44ee4e166bda" />
  </TestLists>
  <TestEntries>
    <TestEntry testId="dff6cea9-4967-1308-32fc-efbe19b50cb1" executionId="88207db2-a1fe-48ad-865c-dced51d4e7ac" testListId="8c84fa94-04c1-424b-9868-57a2d4851a1d" />
    <TestEntry testId="4b652287-2c65-c765-5279-8e3f7a7d105d" executionId="566e7724-5b40-4bc8-9ecb-54986fd46c94" testListId="8c84fa94-04c1-424b-9868-57a2d4851a1d" />
    <TestEntry testId="a434f00f-7d4c-5d8f-1153-babc085dc851" executionId="a1dafe91-4ca6-48c7-84b8-807ea552e403" testListId="8c84fa94-04c1-424b-9868-57a2d4851a1d" />
    <TestEntry testId="98a64537-777b-f6fc-91ee-d27fd339a73b" executionId="47ac312f-3214-4827-a599-6278cb3e166c" testListId="8c84fa94-04c1-424b-9868-57a2d4851a1d" />
    <TestEntry testId="5804b88e-4743-ef04-dbe6-034fbcc7fc54" executionId="4eacab98-586b-46f3-bf93-83f892667fc1" testListId="8c84fa94-04c1-424b-9868-57a2d4851a1d" />
    <TestEntry testId="a58823e8-757b-ae23-1c70-a80e35524405" executionId="8868fb86-04f3-4282-87a6-d16767b2e154" testListId="8c84fa94-04c1-424b-9868-57a2d4851a1d" />
    <TestEntry testId="022f0376-45a2-8958-fe3c-8e7ac4a186b2" executionId="17bb18b6-85f4-474f-8697-ae6a6ec50a71" testListId="8c84fa94-04c1-424b-9868-57a2d4851a1d" />
    <TestEntry testId="e306ac76-b0a9-769e-dcc5-20bd163c71bc" executionId="586db4d2-ab7d-4008-b456-b727868657e5" testListId="8c84fa94-04c1-424b-9868-57a2d4851a1d" />
    <TestEntry testId="eef15a01-0ccb-8533-7f93-7a3e37769ddc" executionId="061630ae-3af8-4b60-8c8f-be4559e24ca5" testListId="8c84fa94-04c1-424b-9868-57a2d4851a1d" />
    <TestEntry testId="c3dcedf8-556e-d848-6c15-1d6f3dac20cd" executionId="5495cd1c-dd00-4d30-8d40-8cbab530e75d" testListId="8c84fa94-04c1-424b-9868-57a2d4851a1d" />
    <TestEntry testId="bbb45846-9833-1f65-07a3-fcc82e9a4a78" executionId="7c0442fb-48be-4985-9b4c-b4f20da2dbf2" testListId="8c84fa94-04c1-424b-9868-57a2d4851a1d" />
    <TestEntry testId="11dec55b-7e8c-3e18-c42e-78b5ec49632b" executionId="76ba3cdd-686e-4ffb-9d95-bc9ea0052215" testListId="8c84fa94-04c1-424b-9868-57a2d4851a1d" />
    <TestEntry testId="12bc9506-997f-1268-f18a-59db090ee2b6" executionId="725ae06b-e197-4f39-b751-03fa9c9701f3" testListId="8c84fa94-04c1-424b-9868-57a2d4851a1d" />
    <TestEntry testId="d951e209-9119-dcd3-a683-271fd3fe305c" executionId="85617491-7353-4846-b10d-a6dbde8806a0" testListId="8c84fa94-04c1-424b-9868-57a2d4851a1d" />
    <TestEntry testId="1a5ec6c5-2b48-fb22-ba0e-b333066f0cc4" executionId="974400df-2057-4cd5-95da-9fd6c865b15c" testListId="8c84fa94-04c1-424b-9868-57a2d4851a1d" />
    <TestEntry testId="8f937cc5-c6eb-8444-015a-0d7748ddd89f" executionId="1e738b2a-07d5-48a5-9e7e-2b6f52f4e1dc" testListId="8c84fa94-04c1-424b-9868-57a2d4851a1d" />
    <TestEntry testId="f157ed78-c7f0-1670-28e7-abd2b9beebfa" executionId="fa560c6e-2505-499d-bbd9-0aec68b65ed8" testListId="8c84fa94-04c1-424b-9868-57a2d4851a1d" />
    <TestEntry testId="6e009ce8-eefa-a236-ff8f-ba5d131cc9d3" executionId="cb409389-eb9e-4edb-be9a-2f8b62ecc3a6" testListId="8c84fa94-04c1-424b-9868-57a2d4851a1d" />
    <TestEntry testId="96f18576-6cce-4229-e542-02b0250691e9" executionId="99005962-a5fe-4dc9-a6c6-9ca40eb9d442" testListId="8c84fa94-04c1-424b-9868-57a2d4851a1d" />
    <TestEntry testId="b95d4fbb-c2e9-c991-03aa-0266e56659f1" executionId="3e3fdfb3-5ebd-423d-8bdd-67fd36e98df5" testListId="8c84fa94-04c1-424b-9868-57a2d4851a1d" />
    <TestEntry testId="face90fe-55c2-5f19-3b2e-6b3729ccfa2b" executionId="1033fe7b-a09a-421b-8a3b-a73afcc8ef08" testListId="8c84fa94-04c1-424b-9868-57a2d4851a1d" />
    <TestEntry testId="b817a77c-800c-a371-6e7c-b0c60f46ed3a" executionId="ada7ed61-8d0b-47b8-9473-1b9d61b9c4b4" testListId="8c84fa94-04c1-424b-9868-57a2d4851a1d" />
    <TestEntry testId="def792f9-97ef-5813-60f4-378386b349d9" executionId="84c1542e-e05d-41b6-a82c-860077429f8d" testListId="8c84fa94-04c1-424b-9868-57a2d4851a1d" />
    <TestEntry testId="d2fb878d-78d3-f329-a11c-a995f0c93353" executionId="bbb0a253-a16b-4527-a10d-ce51fabb6f7f" testListId="8c84fa94-04c1-424b-9868-57a2d4851a1d" />
    <TestEntry testId="1d28ba9a-0ab7-2f6b-1d04-4fe186492e11" executionId="7117b6e5-99a7-47d0-9167-4cc556c9149d" testListId="8c84fa94-04c1-424b-9868-57a2d4851a1d" />
    <TestEntry testId="296ecf9a-eed8-31df-73f8-8db6be13715e" executionId="4d2bb16a-cc77-45a2-932e-ef7ceea67f05" testListId="8c84fa94-04c1-424b-9868-57a2d4851a1d" />
    <TestEntry testId="6522201c-65d0-1959-c02c-bcdadc980e72" executionId="72b888b0-3bd1-41a6-8fca-9fad51e827c8" testListId="8c84fa94-04c1-424b-9868-57a2d4851a1d" />
    <TestEntry testId="13bafdbe-1bdd-c03f-628b-c932b0310448" executionId="6739c2b6-3a63-4825-aec8-44f7870b7917" testListId="8c84fa94-04c1-424b-9868-57a2d4851a1d" />
    <TestEntry testId="7c5d430f-5797-933b-8581-a72deb58e380" executionId="f32fc806-e730-4767-ac26-0f0f0ff14ccf" testListId="8c84fa94-04c1-424b-9868-57a2d4851a1d" />
    <TestEntry testId="a1c89445-cd5b-3067-89c1-07308b126e1b" executionId="f80399f7-c031-412d-9c54-b8407ab3e7ae" testListId="8c84fa94-04c1-424b-9868-57a2d4851a1d" />
    <TestEntry testId="5174659a-83c8-303d-debd-7e61be42fcaa" executionId="9539021d-3823-43c3-8e88-9f959c67c68e" testListId="8c84fa94-04c1-424b-9868-57a2d4851a1d" />
    <TestEntry testId="5051e5fb-4dc4-682e-02eb-f18f7a360b2d" executionId="9cb65087-cd93-4f43-9357-93f87a3870f3" testListId="8c84fa94-04c1-424b-9868-57a2d4851a1d" />
    <TestEntry testId="ab025d3d-0e73-0f0f-1a6b-c6e01cce31bb" executionId="bb8428ff-bf61-48cf-8c7d-ee4fe8f904db" testListId="8c84fa94-04c1-424b-9868-57a2d4851a1d" />
    <TestEntry testId="f3ace565-cace-2c3e-d5d7-96c303be4813" executionId="04cb3c1d-540b-4a76-a363-c8d791ad27a5" testListId="8c84fa94-04c1-424b-9868-57a2d4851a1d" />
    <TestEntry testId="ef6aafed-81a9-e94d-3594-094f91d4baab" executionId="69d2063f-89ac-4dec-ae26-840439b08aba" testListId="8c84fa94-04c1-424b-9868-57a2d4851a1d" />
    <TestEntry testId="73e18563-1f07-d77a-0b70-28500873df59" executionId="fff92305-65da-44a0-a0a1-543d05b06f8a" testListId="8c84fa94-04c1-424b-9868-57a2d4851a1d" />
    <TestEntry testId="8c77d61c-94c5-4ba8-72a1-b7c3c236d39c" executionId="3e6df481-d0a0-4ca4-a52f-c2ef5e10b5ad" testListId="8c84fa94-04c1-424b-9868-57a2d4851a1d" />
    <TestEntry testId="1511ddde-3a8d-aa6b-a25d-291e5e424f1c" executionId="a4de92c9-e4b1-4ce1-9e06-b9e4d29b11e4" testListId="8c84fa94-04c1-424b-9868-57a2d4851a1d" />
    <TestEntry testId="7c122e73-cebb-cdb0-4e93-333ad11bd4aa" executionId="1ee0ff3f-8c04-4d08-bcb0-a0e15a1c2b66" testListId="8c84fa94-04c1-424b-9868-57a2d4851a1d" />
    <TestEntry testId="25c7b1cf-b50b-3bcd-5241-b6c310a199da" executionId="c7674b93-cb5c-467d-85dd-26a5760b8b41" testListId="8c84fa94-04c1-424b-9868-57a2d4851a1d" />
    <TestEntry testId="35cf8248-5444-f7d9-20de-a8717a9999e1" executionId="816e1ff1-e60b-4546-b64a-2a73b9ada796" testListId="8c84fa94-04c1-424b-9868-57a2d4851a1d" />
    <TestEntry testId="94e500b9-6bb9-65cf-b7d5-ca2948290c98" executionId="52df908d-dcf0-44ff-874e-383f48fc9310" testListId="8c84fa94-04c1-424b-9868-57a2d4851a1d" />
    <TestEntry testId="6f14c4ef-3d71-5787-5c82-8adbc93bcb33" executionId="6d9871f5-0016-4767-8c3e-2071d6d45c72" testListId="8c84fa94-04c1-424b-9868-57a2d4851a1d" />
    <TestEntry testId="4dff8027-76d6-fb19-97e7-a4d57010fd3e" executionId="16a8d06a-6037-4fe2-9e0e-94420db8ad31" testListId="8c84fa94-04c1-424b-9868-57a2d4851a1d" />
    <TestEntry testId="d416df2c-6831-66e5-1c57-24c7de4ecc77" executionId="6ca2fe87-5bfb-4f50-914f-77f6bbe767c2" testListId="8c84fa94-04c1-424b-9868-57a2d4851a1d" />
    <TestEntry testId="4202ad62-c627-e1a0-3613-464feb7b01ef" executionId="7b6b6fc8-3771-4c45-9ce0-5dd37ee16048" testListId="8c84fa94-04c1-424b-9868-57a2d4851a1d" />
    <TestEntry testId="2531cce5-15df-7078-ebd0-1186ee76fb98" executionId="72ca065e-5c77-41f8-b457-e2d0ad5cfd64" testListId="8c84fa94-04c1-424b-9868-57a2d4851a1d" />
    <TestEntry testId="3c8c189c-a766-562c-fa23-4df2f0aa2056" executionId="81105972-7c90-45d4-b7ac-f24c1967d5af" testListId="8c84fa94-04c1-424b-9868-57a2d4851a1d" />
    <TestEntry testId="6a7b219c-4d7f-bdc2-e523-4b1f5b8a949b" executionId="6008dafb-7a97-4842-b8cb-7dd10bcd1949" testListId="8c84fa94-04c1-424b-9868-57a2d4851a1d" />
    <TestEntry testId="c0a53c7f-d387-bc55-bcac-ada4dcb8e353" executionId="7b3bb2f6-1c8e-4141-bcdf-5e1487aee54b" testListId="8c84fa94-04c1-424b-9868-57a2d4851a1d" />
    <TestEntry testId="aad6e60a-7c5e-b5e5-130c-c097d4eb6805" executionId="6d976165-376c-4f49-b12f-5a0f4a44b8c3" testListId="8c84fa94-04c1-424b-9868-57a2d4851a1d" />
    <TestEntry testId="001a39aa-1f8a-8b11-a812-057781d8ee75" executionId="a6b620f2-7396-4b16-9440-6ee5755ace46" testListId="8c84fa94-04c1-424b-9868-57a2d4851a1d" />
    <TestEntry testId="5af2cf35-46bb-fe87-ea03-650c503aff19" executionId="cec49ef6-0fec-4949-8e0b-e51d25a76eff" testListId="8c84fa94-04c1-424b-9868-57a2d4851a1d" />
    <TestEntry testId="1880cab0-2b4c-9fe4-7a9d-2be76e61b58e" executionId="fcf6ec31-51eb-4507-8d94-22d56eead8bf" testListId="8c84fa94-04c1-424b-9868-57a2d4851a1d" />
    <TestEntry testId="ed85e3dd-0120-de9d-4743-9a39e4d473ea" executionId="8e19bad1-dcff-4cc7-81f4-696470e0b442" testListId="8c84fa94-04c1-424b-9868-57a2d4851a1d" />
    <TestEntry testId="ebf0877c-f92f-4a7d-d78e-d27494e6c508" executionId="c65257fe-63fd-48fd-bc0c-0b8f87a46857" testListId="8c84fa94-04c1-424b-9868-57a2d4851a1d" />
    <TestEntry testId="e546a55a-f856-2424-ba4e-3b53ea000c09" executionId="e54046dc-2fb5-4f9f-be71-95da1bd620df" testListId="8c84fa94-04c1-424b-9868-57a2d4851a1d" />
    <TestEntry testId="ed725def-81ad-1b86-a4e5-da005ce3bf22" executionId="a3fc44d5-087a-4522-8827-1eaee46c987a" testListId="8c84fa94-04c1-424b-9868-57a2d4851a1d" />
    <TestEntry testId="f5e7769a-ffb4-cd4c-f596-1ece8eb2e27c" executionId="83c31a23-d3a7-48db-8d6e-731276eedb66" testListId="8c84fa94-04c1-424b-9868-57a2d4851a1d" />
    <TestEntry testId="5e87330d-c731-6037-209e-1776f13be14e" executionId="c616c781-9606-4e17-a18f-af4180958a51" testListId="8c84fa94-04c1-424b-9868-57a2d4851a1d" />
    <TestEntry testId="6ae7cec1-2dfc-637b-c8e8-d02c4054f39f" executionId="b9e733f3-8e63-4aeb-930c-74011816d0ca" testListId="8c84fa94-04c1-424b-9868-57a2d4851a1d" />
    <TestEntry testId="32e0b442-bc77-a8b7-fa5b-2428f05dca3c" executionId="3130285f-edf3-4740-8539-78038647a40b" testListId="8c84fa94-04c1-424b-9868-57a2d4851a1d" />
    <TestEntry testId="f28cc5fc-7ff3-7887-9bb6-96f820ae6519" executionId="c55e45c9-2c9d-4740-8571-33d052f319f3" testListId="8c84fa94-04c1-424b-9868-57a2d4851a1d" />
    <TestEntry testId="ff4b044b-d474-c463-d604-9072489d782a" executionId="b69218ff-b5f3-4240-a588-c975ac84528b" testListId="8c84fa94-04c1-424b-9868-57a2d4851a1d" />
    <TestEntry testId="fe68425e-350e-1696-1f06-2e0234d04a07" executionId="22ead9ff-b0b6-481a-9cfc-01071fd25594" testListId="8c84fa94-04c1-424b-9868-57a2d4851a1d" />
    <TestEntry testId="80d6904e-cd42-707b-a476-ec9192e47c4c" executionId="17f85fd0-8f51-4c63-8d1f-74fb918fb1c9" testListId="8c84fa94-04c1-424b-9868-57a2d4851a1d" />
    <TestEntry testId="1b68a509-5077-b718-250b-fccc6fd48cc4" executionId="ae5cb1fe-7b71-4814-b198-4cc92bf8f258" testListId="8c84fa94-04c1-424b-9868-57a2d4851a1d" />
    <TestEntry testId="77d1f27d-0072-0fc5-1ae7-a43588d07a4c" executionId="636a4eb8-6731-4c82-9def-c7449eeeecd4" testListId="8c84fa94-04c1-424b-9868-57a2d4851a1d" />
    <TestEntry testId="62456cd9-027f-cf5b-40ed-1908193d9098" executionId="6e60fc9c-8c4a-46e0-9a39-8fb968234d8c" testListId="8c84fa94-04c1-424b-9868-57a2d4851a1d" />
    <TestEntry testId="d2d3b581-fe2c-6b9b-2861-fd98a3bd72d7" executionId="a2360a8b-9b02-498f-ab0d-112c9fe1b80f" testListId="8c84fa94-04c1-424b-9868-57a2d4851a1d" />
    <TestEntry testId="6acca314-0399-bfb0-0ecb-105eb3f15b00" executionId="1cf7345f-dc06-49ca-a255-587a14ecb87e" testListId="8c84fa94-04c1-424b-9868-57a2d4851a1d" />
    <TestEntry testId="8cb35d14-c3b7-70c7-af89-a6eb8405fa46" executionId="083a3bca-0794-45c8-90e2-de0d1b33303a" testListId="8c84fa94-04c1-424b-9868-57a2d4851a1d" />
    <TestEntry testId="d115d3fc-f47d-5ebf-dbac-c5fc96ae27ed" executionId="b5a74187-743c-4297-954a-d2a8a16d763e" testListId="8c84fa94-04c1-424b-9868-57a2d4851a1d" />
    <TestEntry testId="4291204e-ce64-6300-8152-5af9b34bb781" executionId="9dfbe007-f785-4041-9adb-fa47de073e1b" testListId="8c84fa94-04c1-424b-9868-57a2d4851a1d" />
    <TestEntry testId="7566564b-5840-f1f7-04de-082b84304f35" executionId="da10c9fe-d7d0-41f4-af18-c2833a59d3fa" testListId="8c84fa94-04c1-424b-9868-57a2d4851a1d" />
    <TestEntry testId="62649af8-5185-8f4d-45df-e3f37b0d05dd" executionId="29ce928b-9864-4001-ace1-d3f7d7c29ed5" testListId="8c84fa94-04c1-424b-9868-57a2d4851a1d" />
    <TestEntry testId="6ad720cb-bfca-0437-e691-49ec97f157ce" executionId="45362c91-6e24-4365-82f7-58d7347cabcd" testListId="8c84fa94-04c1-424b-9868-57a2d4851a1d" />
    <TestEntry testId="d92e6541-9cc5-ef91-c2b6-ba3c3977772a" executionId="8080d231-0ee3-4a76-a308-8750451a1c99" testListId="8c84fa94-04c1-424b-9868-57a2d4851a1d" />
    <TestEntry testId="44d0cba1-fd8b-54f1-972a-88847e2546f1" executionId="fb3e37b9-c408-44a7-9432-6167dba8d5d1" testListId="8c84fa94-04c1-424b-9868-57a2d4851a1d" />
    <TestEntry testId="ecdf2177-f2e7-ae20-1d62-a58e4e906aa2" executionId="b4641755-8354-4cad-83b8-519decf0b0d7" testListId="8c84fa94-04c1-424b-9868-57a2d4851a1d" />
    <TestEntry testId="b23adb46-fad3-5ef1-4e0b-decc460039f1" executionId="46f2605f-d7d8-47a3-8ce9-849082d52e36" testListId="8c84fa94-04c1-424b-9868-57a2d4851a1d" />
    <TestEntry testId="d665cace-c5e6-763d-78e1-a8324faf0801" executionId="62303a7c-3d63-4d2e-a0a6-3aee7913a80e" testListId="8c84fa94-04c1-424b-9868-57a2d4851a1d" />
    <TestEntry testId="73525ea0-d105-dcd9-4120-97eb0080fb72" executionId="34d9cf09-acc2-4c8b-816f-4e5fed0415a4" testListId="8c84fa94-04c1-424b-9868-57a2d4851a1d" />
    <TestEntry testId="57f41632-af22-859f-fddb-7e5ced8e326f" executionId="d604329f-d374-4af2-8855-8be9155402d9" testListId="8c84fa94-04c1-424b-9868-57a2d4851a1d" />
    <TestEntry testId="5f388f89-184c-0411-c710-5a96ef225a5a" executionId="0b94b27f-15c9-4f9e-8e81-a65d48333069" testListId="8c84fa94-04c1-424b-9868-57a2d4851a1d" />
    <TestEntry testId="c0a18a2f-57eb-1493-baf1-50cfe67cc7b1" executionId="02c7d882-1c10-4437-bb37-6af7111dac93" testListId="8c84fa94-04c1-424b-9868-57a2d4851a1d" />
    <TestEntry testId="e07aab17-7c20-6721-585d-8dd03f164b86" executionId="58046232-e03a-4bf8-af04-8b908b283acb" testListId="8c84fa94-04c1-424b-9868-57a2d4851a1d" />
    <TestEntry testId="4b58c5f8-a913-f9ae-f62c-075f15c2f670" executionId="f9cee77f-0fe4-4637-aef8-2fe70132c6a5" testListId="8c84fa94-04c1-424b-9868-57a2d4851a1d" />
    <TestEntry testId="602c646f-be2b-e4f5-ecf0-c461c2ad7607" executionId="d9385179-0516-4c8c-b2e8-b05533fdc2b8" testListId="8c84fa94-04c1-424b-9868-57a2d4851a1d" />
    <TestEntry testId="6e72071e-45c0-e2bd-80c8-b6f6c362ac3e" executionId="b675d0b7-c207-4a46-9606-734445443252" testListId="8c84fa94-04c1-424b-9868-57a2d4851a1d" />
    <TestEntry testId="c5b2dc8f-6cfc-b0de-1152-5c6441d70557" executionId="6913ac9b-9f13-4469-9baf-6783e441b9fa" testListId="8c84fa94-04c1-424b-9868-57a2d4851a1d" />
    <TestEntry testId="9287eff7-2d4d-e615-06cd-2c79a6dd2a3a" executionId="d5c3b000-9b36-42d5-bf74-7f06af512897" testListId="8c84fa94-04c1-424b-9868-57a2d4851a1d" />
    <TestEntry testId="430c0186-4c13-2e83-0bb8-f8975c7a5f1f" executionId="445df168-8826-4563-916f-66abb14b2ca8" testListId="8c84fa94-04c1-424b-9868-57a2d4851a1d" />
    <TestEntry testId="4d46a497-79bf-026d-2c6c-77a8af154e07" executionId="b5dda02f-0d03-47ac-8700-2896df26efe5" testListId="8c84fa94-04c1-424b-9868-57a2d4851a1d" />
    <TestEntry testId="dafba156-9077-076d-3e22-df8d75a2c7f2" executionId="8a507a06-af8b-47b2-8021-4630b4b729c4" testListId="8c84fa94-04c1-424b-9868-57a2d4851a1d" />
    <TestEntry testId="2f23b51e-af59-c817-0a14-e5971a5d1ce4" executionId="ff573425-83c3-43d8-9890-fb8ae783a40f" testListId="8c84fa94-04c1-424b-9868-57a2d4851a1d" />
    <TestEntry testId="89b8c559-6a87-9043-ceaa-ae314ad70764" executionId="f214f6bb-2894-4125-bad2-c9a652639a14" testListId="8c84fa94-04c1-424b-9868-57a2d4851a1d" />
    <TestEntry testId="309f3e74-f1a6-c9ee-8ce6-3caa4cfd8e64" executionId="f01b1842-495c-4273-8278-26b5f9d9f776" testListId="8c84fa94-04c1-424b-9868-57a2d4851a1d" />
    <TestEntry testId="33010c50-8c1b-4e5d-dc8d-57af2c9ac4af" executionId="63742939-a151-4734-845f-ff5c4209370d" testListId="8c84fa94-04c1-424b-9868-57a2d4851a1d" />
    <TestEntry testId="984f6106-e0dd-01ff-af93-d15f785e20d0" executionId="b635d4be-44a2-413b-be6d-09a8862875a4" testListId="8c84fa94-04c1-424b-9868-57a2d4851a1d" />
    <TestEntry testId="0b6f794e-1451-67e3-0b5b-e4b5ca3ea052" executionId="3a5b957a-1133-4342-82ff-1565f4428feb" testListId="8c84fa94-04c1-424b-9868-57a2d4851a1d" />
    <TestEntry testId="df3cedaa-95ee-9510-4789-12de1a333203" executionId="6c669710-0b71-4e47-a01b-07fd8324a116" testListId="8c84fa94-04c1-424b-9868-57a2d4851a1d" />
    <TestEntry testId="d795853e-a1f2-c3a3-d6a5-a2ddacddf22a" executionId="be59f5cd-c75c-439f-98c7-952c61928d4e" testListId="8c84fa94-04c1-424b-9868-57a2d4851a1d" />
    <TestEntry testId="1d30632f-c46c-7e3b-0979-3927c05014a4" executionId="62d874ab-4acc-431e-ae5c-93cbe9cbad57" testListId="8c84fa94-04c1-424b-9868-57a2d4851a1d" />
    <TestEntry testId="d2106f47-6e96-e085-6af4-def79f86ff45" executionId="2e180664-22e9-4cca-a645-8fe084005436" testListId="8c84fa94-04c1-424b-9868-57a2d4851a1d" />
    <TestEntry testId="945a7979-df80-0300-62e6-d4c77d61be74" executionId="3eacdf98-0897-4f85-b428-63071d8d6402" testListId="8c84fa94-04c1-424b-9868-57a2d4851a1d" />
    <TestEntry testId="fb9fe67c-e878-ebca-f969-7561efea8bac" executionId="be32acf6-9155-452d-8c81-9ad169ba71a7" testListId="8c84fa94-04c1-424b-9868-57a2d4851a1d" />
    <TestEntry testId="c5b9a91f-f1d9-e30b-611f-1ba95616d3e5" executionId="e60a67e9-c712-4866-a26d-75e0fc73e654" testListId="8c84fa94-04c1-424b-9868-57a2d4851a1d" />
    <TestEntry testId="b9a441b5-99db-aed8-0561-6ecc8585cdea" executionId="afa4c478-dfd5-4e09-b38f-ebc408319244" testListId="8c84fa94-04c1-424b-9868-57a2d4851a1d" />
    <TestEntry testId="3c7a07c6-716d-7cb2-71f5-18005302589a" executionId="6eb31ff9-1e46-4e44-9471-8503e584acd4" testListId="8c84fa94-04c1-424b-9868-57a2d4851a1d" />
    <TestEntry testId="93af8e1f-8944-7c92-a06c-a68ad27fa4ab" executionId="8d477f3c-df1c-4b99-a438-ebc9198cebc2" testListId="8c84fa94-04c1-424b-9868-57a2d4851a1d" />
    <TestEntry testId="f5eb4d32-2412-13e4-4835-1d056de98e30" executionId="347ea433-74e4-436a-b9ba-0451b4ed2e8c" testListId="8c84fa94-04c1-424b-9868-57a2d4851a1d" />
    <TestEntry testId="e9c3d707-5db6-f4f2-53b7-72ebc90e5cf6" executionId="e0080e72-df8d-4108-bdfa-19aef347509c" testListId="8c84fa94-04c1-424b-9868-57a2d4851a1d" />
    <TestEntry testId="aceaf437-c8f3-0752-e3f9-ed7b57b59ea2" executionId="428363d5-e0dd-42ef-881a-ca7226a1ad37" testListId="8c84fa94-04c1-424b-9868-57a2d4851a1d" />
    <TestEntry testId="abde1e76-dcec-592a-03d8-edfc0927a26b" executionId="430ff825-71ac-4d02-9cf9-cb0e942f3ba5" testListId="8c84fa94-04c1-424b-9868-57a2d4851a1d" />
    <TestEntry testId="70a9c1b7-54a6-88cb-819e-7feb99bc3b1e" executionId="ed1b79b7-cdce-401d-bf75-9f3075459030" testListId="8c84fa94-04c1-424b-9868-57a2d4851a1d" />
    <TestEntry testId="bfd6bbbc-7210-a109-75f2-1a0c034f5e31" executionId="3f9a7cb0-953d-4508-a492-6318c2259a2d" testListId="8c84fa94-04c1-424b-9868-57a2d4851a1d" />
    <TestEntry testId="829b205a-da36-32d1-6a1c-c4f0d71b1cca" executionId="f644a312-967c-48d3-a8f1-f4a2414a4ca1" testListId="8c84fa94-04c1-424b-9868-57a2d4851a1d" />
    <TestEntry testId="7a42d4de-a04d-2993-2fd1-e21d490720f3" executionId="1c90eaa5-081e-4f64-b0d1-5c099a61c1be" testListId="8c84fa94-04c1-424b-9868-57a2d4851a1d" />
    <TestEntry testId="61609de2-f192-8128-b4e5-ddbcabe4c47a" executionId="1c354880-1c90-49c6-b507-84c7adf3b54d" testListId="8c84fa94-04c1-424b-9868-57a2d4851a1d" />
    <TestEntry testId="dc31bac2-8823-c2e4-f913-d94f8e0c93a1" executionId="199ffd7f-d422-42e9-8471-092c633eb6d1" testListId="8c84fa94-04c1-424b-9868-57a2d4851a1d" />
    <TestEntry testId="04e87aed-e083-50f3-8d51-46f5680d6b89" executionId="59440b62-8997-4d1f-8c27-1858a40b34cd" testListId="8c84fa94-04c1-424b-9868-57a2d4851a1d" />
    <TestEntry testId="189174a6-1728-040a-7ec9-afecbf0ff0af" executionId="2e09c0c9-2627-4bb8-9181-0a6fcd90d29b" testListId="8c84fa94-04c1-424b-9868-57a2d4851a1d" />
    <TestEntry testId="02ef0dfc-5742-7fb6-ccf7-f2b48086fdd5" executionId="52508b9a-b7cd-4076-a342-b0239fd2ec9c" testListId="8c84fa94-04c1-424b-9868-57a2d4851a1d" />
    <TestEntry testId="8f83b597-8e2b-2f16-796c-323f0348af7e" executionId="6af570e7-009b-4172-bf29-5bbbf962903e" testListId="8c84fa94-04c1-424b-9868-57a2d4851a1d" />
    <TestEntry testId="cc8616d7-6c54-23ec-cab9-d2c8e27e367b" executionId="e0970d38-3e5d-4eb4-a2b0-e1d58962fba5" testListId="8c84fa94-04c1-424b-9868-57a2d4851a1d" />
    <TestEntry testId="222136e7-6ade-54fe-70d7-98b34502b9cb" executionId="617e83b9-0f44-440f-90d7-d74c77873b01" testListId="8c84fa94-04c1-424b-9868-57a2d4851a1d" />
    <TestEntry testId="7acb2cea-c40f-ee84-10d4-96848a0e0396" executionId="81d54e10-00f5-4501-a537-38ff65a3af5f" testListId="8c84fa94-04c1-424b-9868-57a2d4851a1d" />
    <TestEntry testId="59f3147f-df38-0e70-4d41-b9c0f814121c" executionId="8f13d74b-f129-47b0-842f-6c0322f6061c" testListId="8c84fa94-04c1-424b-9868-57a2d4851a1d" />
    <TestEntry testId="b75452f6-bea4-b566-9583-21b448efefa5" executionId="c4db7502-99e4-4d19-a6e5-d915565daddb" testListId="8c84fa94-04c1-424b-9868-57a2d4851a1d" />
    <TestEntry testId="9e481ccd-eac5-26b0-34b1-d6742a2e9bea" executionId="4a69feaf-938e-4ab0-a6db-228bd6f327b2" testListId="8c84fa94-04c1-424b-9868-57a2d4851a1d" />
    <TestEntry testId="3ef4dbd9-1365-93a2-a3b1-3b3f06754e7c" executionId="46ded7b0-8bd1-4a32-bb67-437cbd7dd06a" testListId="8c84fa94-04c1-424b-9868-57a2d4851a1d" />
    <TestEntry testId="9aa2c7fa-198c-8d24-c537-da58c6dc3ee0" executionId="f97bf2b3-5e40-402b-928c-5620c7f870c8" testListId="8c84fa94-04c1-424b-9868-57a2d4851a1d" />
    <TestEntry testId="fdaeaa6b-3d90-4f89-290b-0916162cd577" executionId="219dfcd1-0cff-40af-81cc-c64331921f4c" testListId="8c84fa94-04c1-424b-9868-57a2d4851a1d" />
    <TestEntry testId="906746d8-b4a6-202a-296d-d95b4f4725b9" executionId="dbd615cc-9814-4e14-8a56-11e18f0cd1b3" testListId="8c84fa94-04c1-424b-9868-57a2d4851a1d" />
    <TestEntry testId="0c7fb215-92f0-71a9-2b3f-3359cd2cac56" executionId="f72f9953-12dc-4785-bb7a-27f20c0d0e0b" testListId="8c84fa94-04c1-424b-9868-57a2d4851a1d" />
    <TestEntry testId="2e748961-ed6b-931f-fd83-ddd29e7c0ef5" executionId="eba4d60c-2c92-4295-bb30-40d406835c2d" testListId="8c84fa94-04c1-424b-9868-57a2d4851a1d" />
    <TestEntry testId="42217d1d-32c1-6a5b-4ac5-f14ca6e03cc5" executionId="0dd86d20-e225-4138-92aa-6db986be3697" testListId="8c84fa94-04c1-424b-9868-57a2d4851a1d" />
    <TestEntry testId="b89d8b16-37c6-41ea-da82-1c27c80ee483" executionId="2b0dc748-d22e-467b-b9c8-9adb43da2587" testListId="8c84fa94-04c1-424b-9868-57a2d4851a1d" />
    <TestEntry testId="18d88927-0e53-2cf4-531a-621b29e7e0ce" executionId="89b1f8a6-dd68-4d9b-a476-03fedc83d22e" testListId="8c84fa94-04c1-424b-9868-57a2d4851a1d" />
    <TestEntry testId="402ab9b1-d4ea-b93e-e811-f77e0c4c4ce5" executionId="c4e17cbb-ee62-4d15-ac6b-5bbffad2b43c" testListId="8c84fa94-04c1-424b-9868-57a2d4851a1d" />
    <TestEntry testId="63dd830f-9b3d-c61b-d868-eea4568d5090" executionId="3eed7df3-bec7-4ba2-b370-956f3f5673cb" testListId="8c84fa94-04c1-424b-9868-57a2d4851a1d" />
    <TestEntry testId="cee427f3-7763-9403-ba72-ff66d1058c08" executionId="460341fc-3a17-4005-86e4-c93e13e1a2ec" testListId="8c84fa94-04c1-424b-9868-57a2d4851a1d" />
    <TestEntry testId="82b882ee-39b6-d07f-755a-8e3455c94309" executionId="d3f0ba4f-5745-43de-a699-1924157fbf3c" testListId="8c84fa94-04c1-424b-9868-57a2d4851a1d" />
    <TestEntry testId="9e0af293-5fc7-ebbd-91c0-62036c809cc8" executionId="9d768e8b-8615-49f8-92b4-11744009731b" testListId="8c84fa94-04c1-424b-9868-57a2d4851a1d" />
    <TestEntry testId="6edb3964-3b9d-02d5-1204-bbb99a88c91e" executionId="a17f16cd-b628-4d26-bf95-957b233cf0ce" testListId="8c84fa94-04c1-424b-9868-57a2d4851a1d" />
    <TestEntry testId="377931c9-65b8-c61d-4444-837f20a13aed" executionId="52d22eaa-5bd1-41c5-96dc-3b7fdf6fdeaf" testListId="8c84fa94-04c1-424b-9868-57a2d4851a1d" />
    <TestEntry testId="668e3029-9106-9b0d-9e1d-467fe9b37910" executionId="6e1f4f1b-de79-47ab-9456-cb2dc1f09f0f" testListId="8c84fa94-04c1-424b-9868-57a2d4851a1d" />
    <TestEntry testId="d456bd0b-4fa4-d80d-74c3-c9cb4832bd76" executionId="d3e91fc7-a8e5-4fcb-9012-4a906dbd1ffe" testListId="8c84fa94-04c1-424b-9868-57a2d4851a1d" />
    <TestEntry testId="b45028f9-489a-8ac2-6341-1ca433b45b70" executionId="fd0f8340-bc9d-4342-b024-3577f9e99b35" testListId="8c84fa94-04c1-424b-9868-57a2d4851a1d" />
    <TestEntry testId="6503f400-bad2-00ad-a7c9-309b367978bf" executionId="76553dc0-303d-4337-9773-d562173b6f48" testListId="8c84fa94-04c1-424b-9868-57a2d4851a1d" />
    <TestEntry testId="b7304f3b-b4c7-74d6-5975-e64ccf5f30d3" executionId="3d410fb9-a123-4b5c-b6ec-8f919c7da79e" testListId="8c84fa94-04c1-424b-9868-57a2d4851a1d" />
    <TestEntry testId="50db7c70-e1bf-c6af-b01b-5af97639b541" executionId="0cdd9ab1-06c8-43ad-8598-69fc1372077b" testListId="8c84fa94-04c1-424b-9868-57a2d4851a1d" />
    <TestEntry testId="91679418-a4b1-ee6f-f6f5-5f43ca983664" executionId="4c95a73d-5324-46df-8124-81c3f401e500" testListId="8c84fa94-04c1-424b-9868-57a2d4851a1d" />
    <TestEntry testId="922965f9-27e2-1f17-2327-a1c935a3ff10" executionId="feb80eed-6543-4343-baf0-8ae95fbb7cf6" testListId="8c84fa94-04c1-424b-9868-57a2d4851a1d" />
    <TestEntry testId="75a27fd6-914e-5fd1-38b1-7863e0f24f0e" executionId="fe8bfb0e-1be5-4db5-b0ac-c29b18839449" testListId="8c84fa94-04c1-424b-9868-57a2d4851a1d" />
    <TestEntry testId="eca1b936-b6e1-bc78-0aa9-c0f1395d842e" executionId="43737de8-aabc-469b-8165-bca8d4ece2ce" testListId="8c84fa94-04c1-424b-9868-57a2d4851a1d" />
    <TestEntry testId="f8304cf8-a995-8a01-877c-a15b2d4479bb" executionId="79a5d6ef-38c9-4ef1-9b07-2d95d293c660" testListId="8c84fa94-04c1-424b-9868-57a2d4851a1d" />
    <TestEntry testId="5788eb15-41ad-83bf-e08b-46843bf80e34" executionId="0bfd807e-bc29-4761-a015-4fae5de7c336" testListId="8c84fa94-04c1-424b-9868-57a2d4851a1d" />
    <TestEntry testId="98f3b086-7f11-f16c-f530-ab9c440e4287" executionId="518cb2f2-7cf1-4cdf-8ab2-e38139040e84" testListId="8c84fa94-04c1-424b-9868-57a2d4851a1d" />
    <TestEntry testId="1206cb31-4200-2424-f93f-832b3160efde" executionId="0a42cc89-473e-430c-a465-ccf78ecd3859" testListId="8c84fa94-04c1-424b-9868-57a2d4851a1d" />
    <TestEntry testId="f99c4824-fd8b-1c11-be37-46b3bf80083f" executionId="5fe3b533-a48c-4e0d-af86-2be8010be4db" testListId="8c84fa94-04c1-424b-9868-57a2d4851a1d" />
    <TestEntry testId="89551395-110c-ab22-80f1-2a9141f60d0f" executionId="e69ca478-fa23-4671-9583-b4a8e044f874" testListId="8c84fa94-04c1-424b-9868-57a2d4851a1d" />
    <TestEntry testId="d0ec868f-ecdb-dffc-dae6-6b4b38f35ed8" executionId="410dd726-3f57-4e8a-ae22-7a0e67599256" testListId="8c84fa94-04c1-424b-9868-57a2d4851a1d" />
    <TestEntry testId="c628f131-55b8-b3da-1007-82dc5551ba07" executionId="8c522465-f71f-447a-941b-d6ba40ab7545" testListId="8c84fa94-04c1-424b-9868-57a2d4851a1d" />
    <TestEntry testId="74e3efba-d218-b81a-fcc5-06b8a9b55a4a" executionId="a4893237-5491-464d-87a7-f5d7f1f28849" testListId="8c84fa94-04c1-424b-9868-57a2d4851a1d" />
    <TestEntry testId="5b31ce28-42f2-8ded-6d46-1ea9b3f48e1f" executionId="730e3dca-ec14-4607-b936-a797b3272cec" testListId="8c84fa94-04c1-424b-9868-57a2d4851a1d" />
    <TestEntry testId="80f39c53-6623-1e6c-6631-9adcd7e7c0fc" executionId="bb93abd9-6f84-4cd6-8fb6-c19bd63fc8f2" testListId="8c84fa94-04c1-424b-9868-57a2d4851a1d" />
    <TestEntry testId="0d73fd95-e7b3-ba34-58be-e1a715ce7423" executionId="eace8846-3943-4660-a992-6f4554498195" testListId="8c84fa94-04c1-424b-9868-57a2d4851a1d" />
    <TestEntry testId="03539d34-3a20-9a00-623f-acf2ed866b07" executionId="e6b4f7fb-90c3-4a49-9ac5-ef9d47a18fde" testListId="8c84fa94-04c1-424b-9868-57a2d4851a1d" />
    <TestEntry testId="4e17ba62-e827-daab-1a53-0e2b5f84ccbe" executionId="70545bed-5a97-433b-9e4d-d85fa6337746" testListId="8c84fa94-04c1-424b-9868-57a2d4851a1d" />
    <TestEntry testId="5b395cdb-87dc-9820-7e23-2d35737af0b9" executionId="5dc9dd3f-22ef-4147-85bb-a4b16ddda6a0" testListId="8c84fa94-04c1-424b-9868-57a2d4851a1d" />
    <TestEntry testId="d8615463-ecdc-4a86-a76f-4f89d2aac408" executionId="fecbe5f5-9f1b-47cb-b782-ad706d7f9bea" testListId="8c84fa94-04c1-424b-9868-57a2d4851a1d" />
    <TestEntry testId="8df80dc8-5d71-e0fd-ac32-eb30b1f88750" executionId="2455c786-f9c7-4022-9b15-cdb7d961115f" testListId="8c84fa94-04c1-424b-9868-57a2d4851a1d" />
    <TestEntry testId="1e2deb93-beff-b6f2-bfaf-d3d2d7d4b10f" executionId="754c2ceb-348b-4b5c-8b89-731fc669b75b" testListId="8c84fa94-04c1-424b-9868-57a2d4851a1d" />
    <TestEntry testId="2eb06309-40c5-679b-6076-576e2c6a169b" executionId="fb7914ac-d8aa-4ceb-8c41-35a5fed1a615" testListId="8c84fa94-04c1-424b-9868-57a2d4851a1d" />
    <TestEntry testId="c056ad4f-c1a8-8638-aa2b-f2248cd7a1f3" executionId="200d0a9f-9138-42df-97e1-8b68b4528bea" testListId="8c84fa94-04c1-424b-9868-57a2d4851a1d" />
    <TestEntry testId="57665ee3-a8a6-65bd-c24c-2f31910c553f" executionId="0424355d-6049-4a05-9907-26ec92ee0c67" testListId="8c84fa94-04c1-424b-9868-57a2d4851a1d" />
    <TestEntry testId="befcbdbb-d21e-9145-4607-08234a0531eb" executionId="17dfa753-7518-48ac-a9c1-b843d7be0164" testListId="8c84fa94-04c1-424b-9868-57a2d4851a1d" />
    <TestEntry testId="bd2947c5-ee40-07f4-b7e0-1efe01ea00d1" executionId="7b58dce3-e9ea-4b33-b5f7-3d6eb7643686" testListId="8c84fa94-04c1-424b-9868-57a2d4851a1d" />
    <TestEntry testId="86185607-53d5-559f-d595-4e464e5c7884" executionId="a104082d-b624-4903-a00a-8fecefae6217" testListId="8c84fa94-04c1-424b-9868-57a2d4851a1d" />
    <TestEntry testId="ae3ded97-0724-0c2b-3b88-ee1a444e2849" executionId="ad5a231f-168b-4a39-aa45-dd4ec50862eb" testListId="8c84fa94-04c1-424b-9868-57a2d4851a1d" />
    <TestEntry testId="2d6983c5-ecb0-6f49-1cad-d069648554a3" executionId="94acc38d-ea1b-4f53-95d5-0c3a52641b4b" testListId="8c84fa94-04c1-424b-9868-57a2d4851a1d" />
    <TestEntry testId="72db5418-7909-c712-6693-a1e8bd41e690" executionId="d1196919-c790-4502-ab14-c06934e09813" testListId="8c84fa94-04c1-424b-9868-57a2d4851a1d" />
    <TestEntry testId="8e5664b1-9a86-05a5-4e1a-29b91949cdd8" executionId="1103566d-27fb-4f7c-b34f-f7e8077ddff5" testListId="8c84fa94-04c1-424b-9868-57a2d4851a1d" />
    <TestEntry testId="cf6096a7-91c8-9dda-fa5e-52bf0cef3a32" executionId="98a1379f-4432-4858-b969-d17b21631fc7" testListId="8c84fa94-04c1-424b-9868-57a2d4851a1d" />
    <TestEntry testId="834b741d-18dd-f984-caf0-9386d42b7d3e" executionId="2cb8e1a8-189a-4dc7-82cf-b795000532fc" testListId="8c84fa94-04c1-424b-9868-57a2d4851a1d" />
    <TestEntry testId="026a828b-6412-053e-cd1d-96df55838ddb" executionId="a9cfc209-2d59-48dd-98bd-5320fb10d9d0" testListId="8c84fa94-04c1-424b-9868-57a2d4851a1d" />
    <TestEntry testId="8a2ccd07-59ca-d975-a14d-472a5e469ac1" executionId="42f57f90-ffbf-4ab3-a9e4-824caccb94cf" testListId="8c84fa94-04c1-424b-9868-57a2d4851a1d" />
    <TestEntry testId="74228918-e0ff-bd20-8ef6-76fe95669bdd" executionId="886b6981-7850-4e45-8c88-b2d4a62a4143" testListId="8c84fa94-04c1-424b-9868-57a2d4851a1d" />
    <TestEntry testId="129da1f1-f6f2-b3cd-a379-43827a7581e9" executionId="80ead954-a6d3-49b3-aba2-32bec5cc4cdd" testListId="8c84fa94-04c1-424b-9868-57a2d4851a1d" />
    <TestEntry testId="55f13d85-fbd8-3e30-cc6e-4c99df692c17" executionId="469cba7b-42a5-4eaf-844c-7ae06fdbc1d6" testListId="8c84fa94-04c1-424b-9868-57a2d4851a1d" />
    <TestEntry testId="acd996e7-9745-650a-0806-9e7dc762663b" executionId="6bd69b17-6892-4102-88c6-a555b00a1483" testListId="8c84fa94-04c1-424b-9868-57a2d4851a1d" />
    <TestEntry testId="d8645284-59b9-575f-f264-ec995329d429" executionId="212837bf-7e1d-4470-8ffc-e06715fc1417" testListId="8c84fa94-04c1-424b-9868-57a2d4851a1d" />
    <TestEntry testId="c1f2da23-282f-5312-7401-0360aff42e59" executionId="e2a5afe3-1458-48de-bd35-4245514685b5" testListId="8c84fa94-04c1-424b-9868-57a2d4851a1d" />
    <TestEntry testId="84a327f9-fcbe-7032-8653-f6b9d328a7f8" executionId="eba4f64c-9bcc-49b1-9111-047735473964" testListId="8c84fa94-04c1-424b-9868-57a2d4851a1d" />
    <TestEntry testId="d34b3dc3-fbac-62c2-65f8-328a644d6018" executionId="2787f8fb-1563-43d3-9278-d92e4424d8f1" testListId="8c84fa94-04c1-424b-9868-57a2d4851a1d" />
    <TestEntry testId="c23b02e2-0af5-ea0b-b423-5810a4c2012a" executionId="02962150-ebbe-4cad-aa07-035bcadf2363" testListId="8c84fa94-04c1-424b-9868-57a2d4851a1d" />
    <TestEntry testId="ce729fef-7147-2825-16b9-651ca580aaf1" executionId="ee7204c6-17b6-48de-9a81-e9e390e0876f" testListId="8c84fa94-04c1-424b-9868-57a2d4851a1d" />
    <TestEntry testId="4cda5bcb-b0f6-234d-db75-1f2c5fc64591" executionId="ca9d2ce8-f0cb-4d6e-a85b-215aae43d055" testListId="8c84fa94-04c1-424b-9868-57a2d4851a1d" />
    <TestEntry testId="721e24dc-fac6-f175-416f-f2ccbf0813bd" executionId="39dc5330-cc07-4f4e-812c-ae87d04be425" testListId="8c84fa94-04c1-424b-9868-57a2d4851a1d" />
    <TestEntry testId="abfe4868-079e-238b-7f0e-f4920c8d12fd" executionId="e0e5320e-8d4d-478a-ac56-3118b2e0ba0b" testListId="8c84fa94-04c1-424b-9868-57a2d4851a1d" />
    <TestEntry testId="02994c15-cf2d-d656-ddaa-990bcb987ab0" executionId="b973297f-5ff8-460d-8bb4-1b78ced4641e" testListId="8c84fa94-04c1-424b-9868-57a2d4851a1d" />
    <TestEntry testId="206faeb3-6249-d888-f8ab-561adc116843" executionId="9afb2ee5-9eba-450b-af2b-a070a6113937" testListId="8c84fa94-04c1-424b-9868-57a2d4851a1d" />
    <TestEntry testId="ff35a6f4-4735-15c6-6341-d9e099504b7b" executionId="7ff2764c-0419-4a84-803d-cc1ab1588f63" testListId="8c84fa94-04c1-424b-9868-57a2d4851a1d" />
    <TestEntry testId="4d33b853-9410-bbb0-e766-800836b432fe" executionId="24f50a17-a4b3-4705-82df-ef4bb9967da8" testListId="8c84fa94-04c1-424b-9868-57a2d4851a1d" />
    <TestEntry testId="43c682d3-287d-8f99-bb9c-4a5ca66cb499" executionId="33bc1d4b-5dcc-4ba2-a252-56820ea85556" testListId="8c84fa94-04c1-424b-9868-57a2d4851a1d" />
    <TestEntry testId="544ad0dd-d547-58b2-4b7c-43062fd7325e" executionId="20782f28-d034-48d3-86e1-bfe83f40c79a" testListId="8c84fa94-04c1-424b-9868-57a2d4851a1d" />
    <TestEntry testId="83a96be2-53a9-8f59-e944-26fbd4d1c143" executionId="e4a9c60c-3454-463e-b70a-b1c7197b5aa5" testListId="8c84fa94-04c1-424b-9868-57a2d4851a1d" />
    <TestEntry testId="e668e451-47a3-6c7d-84d9-ca3aa87d8af0" executionId="cd4999c1-85e7-4a93-a77f-7b66926c357e" testListId="8c84fa94-04c1-424b-9868-57a2d4851a1d" />
    <TestEntry testId="94606250-9ee3-4156-4029-96b736c48c27" executionId="55b706cc-dab6-40b2-b47c-e821b3cd46ee" testListId="8c84fa94-04c1-424b-9868-57a2d4851a1d" />
    <TestEntry testId="6e556b87-c9d7-da12-e7a3-a27d3759ab46" executionId="f737d8e6-edbd-4307-ad05-c7620a7a98da" testListId="8c84fa94-04c1-424b-9868-57a2d4851a1d" />
    <TestEntry testId="71d50a3c-e53a-31fd-17c2-8385ce3b92a4" executionId="f18a7eb3-c5e2-4e77-a0a4-1baf8e9430b8" testListId="8c84fa94-04c1-424b-9868-57a2d4851a1d" />
    <TestEntry testId="0dc4cecb-3bbd-7abb-e148-184e39ff8546" executionId="d85e1ed4-2183-4f6c-92e2-036f65f7a4e3" testListId="8c84fa94-04c1-424b-9868-57a2d4851a1d" />
    <TestEntry testId="d1113782-b08f-d31c-95cd-342a64f91636" executionId="37a1f6a8-3889-480d-9288-2e6413497c95" testListId="8c84fa94-04c1-424b-9868-57a2d4851a1d" />
    <TestEntry testId="424b45ef-ec1b-7078-4747-b85d4afba27e" executionId="7e4a9cc9-18f5-4009-b600-4245f2cd8413" testListId="8c84fa94-04c1-424b-9868-57a2d4851a1d" />
    <TestEntry testId="d4fbccde-6e55-c19f-cfaa-192dc55ba328" executionId="b3f8ab4b-73e7-45a1-882c-d0ec55920c32" testListId="8c84fa94-04c1-424b-9868-57a2d4851a1d" />
    <TestEntry testId="1fd5eab2-834a-a4b3-c824-bcbf361d257f" executionId="3e5b6dea-43e1-407f-b012-c995e59b08ca" testListId="8c84fa94-04c1-424b-9868-57a2d4851a1d" />
    <TestEntry testId="7e8b2995-dc95-4c49-f0b8-3f4492305ec3" executionId="76d20f37-7085-4f0a-b2eb-e8671a9b3f52" testListId="8c84fa94-04c1-424b-9868-57a2d4851a1d" />
    <TestEntry testId="5130026f-6dc9-2f92-4828-8e141ecbbf91" executionId="74f3271d-0860-4449-b863-ae4bb98dddca" testListId="8c84fa94-04c1-424b-9868-57a2d4851a1d" />
    <TestEntry testId="571704db-fc40-4005-4ffd-7fb0a2b73899" executionId="2953b689-6bbb-4203-9382-e03083c6ee2d" testListId="8c84fa94-04c1-424b-9868-57a2d4851a1d" />
    <TestEntry testId="f04d4a20-40d0-c64e-34c1-35aa9044caaa" executionId="8549a6f4-2d86-4bda-9c9f-94a933123da3" testListId="8c84fa94-04c1-424b-9868-57a2d4851a1d" />
    <TestEntry testId="914640f3-d39f-d44c-b0a4-b0781eeabfaf" executionId="2ae049f4-acb6-427e-a4b2-2154b26b3950" testListId="8c84fa94-04c1-424b-9868-57a2d4851a1d" />
    <TestEntry testId="65f989c6-d2a0-e0ae-0be5-c99378eefe76" executionId="ec06b75b-e3a4-4953-80e3-482f799da6cc" testListId="8c84fa94-04c1-424b-9868-57a2d4851a1d" />
    <TestEntry testId="3f29892c-a378-c081-dbed-3f7f2b204d91" executionId="8798d4a2-ccfa-4ce7-88ff-fca4747184d8" testListId="8c84fa94-04c1-424b-9868-57a2d4851a1d" />
    <TestEntry testId="5e17a9e6-44b8-15a1-2ca5-d0c2b6ab71e5" executionId="0f5e05a2-a4f9-4db4-ac1d-177945e0881f" testListId="8c84fa94-04c1-424b-9868-57a2d4851a1d" />
    <TestEntry testId="0a7d760e-3fa4-beeb-3b78-b3dc1e563c37" executionId="20492aa8-2724-4caa-a62c-8b9ed5d8d84d" testListId="8c84fa94-04c1-424b-9868-57a2d4851a1d" />
    <TestEntry testId="1ca93926-62aa-c9b0-28ff-4752933080c3" executionId="70875c3c-ebce-40ec-9230-66f40a8eb37c" testListId="8c84fa94-04c1-424b-9868-57a2d4851a1d" />
    <TestEntry testId="48bf0a0d-36f6-4f2b-36c5-0ac5295e7e91" executionId="865fb02a-c5dd-4637-96da-fb9f025880e6" testListId="8c84fa94-04c1-424b-9868-57a2d4851a1d" />
    <TestEntry testId="2be80daf-71aa-c475-0ff1-fd74111d039f" executionId="5181da72-626a-4f23-aea8-dd269c1a4729" testListId="8c84fa94-04c1-424b-9868-57a2d4851a1d" />
    <TestEntry testId="18c4f443-97e4-ec66-4b8a-62d1527ddd74" executionId="52dc04fd-4ad9-41fb-88a4-e9efdd7855e3" testListId="8c84fa94-04c1-424b-9868-57a2d4851a1d" />
    <TestEntry testId="fc20431a-a1b8-4b85-39d1-192058f146f9" executionId="02e4b7e2-2082-42b7-86fc-00a8ef11f641" testListId="8c84fa94-04c1-424b-9868-57a2d4851a1d" />
    <TestEntry testId="9fe40d44-bc24-10b2-fb13-9a44229089a8" executionId="21531db8-7baa-4ce7-a97c-b1a005170e0b" testListId="8c84fa94-04c1-424b-9868-57a2d4851a1d" />
    <TestEntry testId="97e299e7-c618-e93c-6f65-6fb2a9e2c8ce" executionId="5cfdfa6a-eb6b-4d24-aa52-a5ad6d7abb5a" testListId="8c84fa94-04c1-424b-9868-57a2d4851a1d" />
    <TestEntry testId="7993a37d-e355-b307-709d-b98bef58a948" executionId="eeeb3036-d43d-4552-be29-c716e288e63f" testListId="8c84fa94-04c1-424b-9868-57a2d4851a1d" />
    <TestEntry testId="7cfeff55-3a98-e856-c6a4-b5fd093a395c" executionId="2c61e2dd-9b22-4ed4-953a-9db6296800db" testListId="8c84fa94-04c1-424b-9868-57a2d4851a1d" />
    <TestEntry testId="325ae9ca-93a7-7cf9-ec74-78b660286130" executionId="918abb2b-d4e8-40b7-bb3b-4dcfc5a3c6d3" testListId="8c84fa94-04c1-424b-9868-57a2d4851a1d" />
    <TestEntry testId="3e4bdbbe-bf31-93e9-f40e-5dc5e43a1565" executionId="51e83083-258a-4aa4-a8da-cb6de9774d67" testListId="8c84fa94-04c1-424b-9868-57a2d4851a1d" />
    <TestEntry testId="ce675a86-ae7e-e921-efa9-89fa2908909c" executionId="3286da72-1433-4796-8b2f-bb671f1ca46f" testListId="8c84fa94-04c1-424b-9868-57a2d4851a1d" />
    <TestEntry testId="bdcb0398-411a-d3f0-9082-cb1a2fd28dd8" executionId="c1ecc1f1-615a-44a4-b182-2b218aa11ba7" testListId="8c84fa94-04c1-424b-9868-57a2d4851a1d" />
    <TestEntry testId="763d3b3b-fc9d-20b6-5051-3b6750ff34cd" executionId="2b3ebbbd-287b-422a-8dcc-0b3b8a1194bd" testListId="8c84fa94-04c1-424b-9868-57a2d4851a1d" />
    <TestEntry testId="b68548a5-be45-f748-a799-dad14887e347" executionId="2268d891-48e2-4326-80fc-7742540c03ce" testListId="8c84fa94-04c1-424b-9868-57a2d4851a1d" />
    <TestEntry testId="b27b2d1a-1352-9ced-adac-87d1ccf60265" executionId="02843821-ba38-4ca7-ae29-f17be4f53e8b" testListId="8c84fa94-04c1-424b-9868-57a2d4851a1d" />
    <TestEntry testId="511e9692-2a58-c85c-cbb0-ea5be5ee4ba4" executionId="7bd32cb6-2d8f-43f0-ac43-93a2bbf64b6b" testListId="8c84fa94-04c1-424b-9868-57a2d4851a1d" />
    <TestEntry testId="d52da88f-aa20-0f2a-af23-da94faaa863b" executionId="89fcb514-9876-4c9f-9dff-336e883c71ff" testListId="8c84fa94-04c1-424b-9868-57a2d4851a1d" />
    <TestEntry testId="3ad3bb23-49a9-5193-7e55-baf11e3b2ac6" executionId="1a9cfbd3-9fae-4a16-b9aa-99c5da51062c" testListId="8c84fa94-04c1-424b-9868-57a2d4851a1d" />
    <TestEntry testId="88c376f6-0c3d-a7fe-d317-e6fa4fa1adc6" executionId="a8ab33cf-d0b1-465f-a702-9280b4b053d6" testListId="8c84fa94-04c1-424b-9868-57a2d4851a1d" />
    <TestEntry testId="84d364d0-5bca-5ab4-90ce-39efe235e764" executionId="72357909-417c-4c1e-a88a-bfa23838946f" testListId="8c84fa94-04c1-424b-9868-57a2d4851a1d" />
    <TestEntry testId="4f582fb5-2aaf-57c4-7968-be1184feb8d0" executionId="f819ded7-71bc-422f-be8f-c4ff2adefbd4" testListId="8c84fa94-04c1-424b-9868-57a2d4851a1d" />
    <TestEntry testId="2987baf2-2795-e381-86f8-c9d267e27923" executionId="d098752a-dd53-4ed8-81a4-f0ea41fd86d7" testListId="8c84fa94-04c1-424b-9868-57a2d4851a1d" />
    <TestEntry testId="5bb6e73d-ef14-e1dd-5f2b-e24afba033ac" executionId="44e4f5a8-e7ad-4cf9-9919-f811bba652f8" testListId="8c84fa94-04c1-424b-9868-57a2d4851a1d" />
    <TestEntry testId="ac82bf2b-dbbb-e9d7-b49f-d0d06e3ba4c3" executionId="3d098253-2aba-4ddd-95ed-c90091092321" testListId="8c84fa94-04c1-424b-9868-57a2d4851a1d" />
    <TestEntry testId="90a89489-cfa7-bfdf-0010-f07d36ee4ad3" executionId="969afd3f-0d91-4385-a95e-59f221dc740b" testListId="8c84fa94-04c1-424b-9868-57a2d4851a1d" />
    <TestEntry testId="e09c9f04-900a-23b7-df62-7ea1ba1da51a" executionId="af95c717-b49f-4cc6-b31e-b42987166a2d" testListId="8c84fa94-04c1-424b-9868-57a2d4851a1d" />
    <TestEntry testId="c4da800f-f26c-aa84-eeb0-04e6a07fb9b2" executionId="d944f377-6c75-45bb-a921-b9464f55f50c" testListId="8c84fa94-04c1-424b-9868-57a2d4851a1d" />
    <TestEntry testId="9488f653-be28-3f7a-8f4a-8d3bba0d78f0" executionId="9858fa63-1209-4f28-b837-6134cedfaf5a" testListId="8c84fa94-04c1-424b-9868-57a2d4851a1d" />
    <TestEntry testId="4cf8cc15-eccc-d3ac-a35f-e6879875f4f2" executionId="3a261ff1-e993-4891-8777-404f00828be8" testListId="8c84fa94-04c1-424b-9868-57a2d4851a1d" />
    <TestEntry testId="36d995a4-8945-ee86-c178-92dbfff43975" executionId="0b0d6159-bda4-459a-9599-35366879ecc6" testListId="8c84fa94-04c1-424b-9868-57a2d4851a1d" />
    <TestEntry testId="62c36338-1c34-9acb-ddd9-59d3f105969e" executionId="61d121ca-3156-49de-96b4-6a84b98d0045" testListId="8c84fa94-04c1-424b-9868-57a2d4851a1d" />
    <TestEntry testId="ed4008c6-9eb1-4c8d-1186-9d14e556a74d" executionId="8815f136-1744-480d-93dd-de67efabdc92" testListId="8c84fa94-04c1-424b-9868-57a2d4851a1d" />
    <TestEntry testId="00ff9294-eeae-5eb0-57ed-feaa3296b163" executionId="4a2a6357-a729-47b1-b127-9b78a12af68b" testListId="8c84fa94-04c1-424b-9868-57a2d4851a1d" />
    <TestEntry testId="af3df460-b2e4-6173-9aaa-a1e61ab94144" executionId="31da9c04-5761-4712-9e93-7e5f07d2cee3" testListId="8c84fa94-04c1-424b-9868-57a2d4851a1d" />
    <TestEntry testId="344d1ac9-9419-f322-839b-c1361c8a4204" executionId="06f9c2cc-98e5-4e9c-9a04-a9679ec4217d" testListId="8c84fa94-04c1-424b-9868-57a2d4851a1d" />
    <TestEntry testId="567f9e4e-a35f-8cd4-a272-96d621a9c8bd" executionId="b39b14b8-2ecc-46af-8b6e-fe6ce4b10445" testListId="8c84fa94-04c1-424b-9868-57a2d4851a1d" />
    <TestEntry testId="71ee6ddf-f8ee-970e-3543-17150041201b" executionId="8c613c74-83f5-4cae-b7b7-e940aaedbb0d" testListId="8c84fa94-04c1-424b-9868-57a2d4851a1d" />
    <TestEntry testId="915ab241-782d-6998-970c-2313bcdd6f6a" executionId="f0ef5dd2-cc4e-466a-a062-14400d1562ea" testListId="8c84fa94-04c1-424b-9868-57a2d4851a1d" />
    <TestEntry testId="ad155e11-52e0-0fb3-d63c-833f4003c4aa" executionId="c0460885-71c5-46fd-953d-fe3bd4efe908" testListId="8c84fa94-04c1-424b-9868-57a2d4851a1d" />
    <TestEntry testId="1c6a9a6e-7b17-ab62-d70c-8d6d4f1e4c95" executionId="6a2b5c15-9cce-4d14-9665-35a2fb5db4ef" testListId="8c84fa94-04c1-424b-9868-57a2d4851a1d" />
    <TestEntry testId="7cfd5988-288e-760c-531e-49c044ed9c7e" executionId="ef5f8913-6a1a-4e24-bd41-db4035f697e7" testListId="8c84fa94-04c1-424b-9868-57a2d4851a1d" />
    <TestEntry testId="48b83909-6bf5-7692-a08b-73745bbe56b6" executionId="edc08c27-f0bf-42cc-b409-26afb7f34c33" testListId="8c84fa94-04c1-424b-9868-57a2d4851a1d" />
    <TestEntry testId="5ef6f60d-0734-f5c8-3d7c-1c4c61990dd8" executionId="d0360bd4-5d1a-4f11-8021-2c9495d12caa" testListId="8c84fa94-04c1-424b-9868-57a2d4851a1d" />
    <TestEntry testId="593294ea-9b37-3109-75c3-352cdf924039" executionId="caf81116-c821-4325-b22c-3c804e4447ba" testListId="8c84fa94-04c1-424b-9868-57a2d4851a1d" />
    <TestEntry testId="07b2641f-cebc-8082-cffe-83622099d9bc" executionId="a2f89845-481a-4b1b-9636-0e532c3221de" testListId="8c84fa94-04c1-424b-9868-57a2d4851a1d" />
    <TestEntry testId="19c20a2e-9d68-c6f2-d454-9bc2a9a3b66c" executionId="ebb118ed-0adf-479a-93c3-583c133c6f0f" testListId="8c84fa94-04c1-424b-9868-57a2d4851a1d" />
    <TestEntry testId="dcce6a84-2717-e3ed-6f40-6a6f20c1cc00" executionId="fceacbf7-c937-4c0a-99bd-942c845fd34c" testListId="8c84fa94-04c1-424b-9868-57a2d4851a1d" />
    <TestEntry testId="4af614fb-0bc6-0527-30db-2db06b5f1385" executionId="bd2d4a67-f0aa-468d-85e1-9234c87ca1f6" testListId="8c84fa94-04c1-424b-9868-57a2d4851a1d" />
    <TestEntry testId="60e63c78-94f7-be25-eac5-70eaaa330786" executionId="022082c4-06b8-4def-a647-fa2469da71ff" testListId="8c84fa94-04c1-424b-9868-57a2d4851a1d" />
    <TestEntry testId="ead58771-e43c-07b7-dc6f-09d662cac301" executionId="73ed4d12-c3bb-41bb-ba20-cba09ac41cd7" testListId="8c84fa94-04c1-424b-9868-57a2d4851a1d" />
    <TestEntry testId="69a48df4-14a0-3260-8f67-d6b2e2f99cc5" executionId="afcf519f-54bb-4039-b19c-aad649e0c421" testListId="8c84fa94-04c1-424b-9868-57a2d4851a1d" />
    <TestEntry testId="c561cbd6-7823-a7db-6482-c49f9363df0e" executionId="57be8937-f21f-4853-bac0-2c894350ca4f" testListId="8c84fa94-04c1-424b-9868-57a2d4851a1d" />
    <TestEntry testId="69e4a5ca-2ccc-85bc-385f-780a0c42732e" executionId="9354a384-2536-46be-a7b9-96516bbf2486" testListId="8c84fa94-04c1-424b-9868-57a2d4851a1d" />
    <TestEntry testId="bc3595b4-e526-a02f-54b1-2f1d0e318065" executionId="6efb453e-f3e8-479c-969e-dd17cc3de6b1" testListId="8c84fa94-04c1-424b-9868-57a2d4851a1d" />
    <TestEntry testId="3ed23609-da9b-07e2-7689-eb47d1cc4edc" executionId="4b046177-1b64-4973-ad9b-a5594680fbb3" testListId="8c84fa94-04c1-424b-9868-57a2d4851a1d" />
    <TestEntry testId="442b9308-9be1-4bc5-357e-cd8cf2dc86ca" executionId="22c8aa57-5da8-4dc7-9b31-d9a370dd0b3a" testListId="8c84fa94-04c1-424b-9868-57a2d4851a1d" />
    <TestEntry testId="588ddace-5bcd-da86-6d93-14ccc3b98219" executionId="5e65583d-58da-4336-aff5-7b3d99d2feea" testListId="8c84fa94-04c1-424b-9868-57a2d4851a1d" />
    <TestEntry testId="a82035ff-0520-9d63-a5e0-b7ff15e539f0" executionId="7033f92f-81c1-4741-8a79-7017c52c55e0" testListId="8c84fa94-04c1-424b-9868-57a2d4851a1d" />
    <TestEntry testId="f622b09d-6fb3-fd72-c6ee-93d7e8443125" executionId="2e7be67d-48b9-4fa4-b017-9a34f02fd518" testListId="8c84fa94-04c1-424b-9868-57a2d4851a1d" />
    <TestEntry testId="e9b05628-1dd9-f403-81e2-61a644fe3ff9" executionId="9a5b2582-d85c-4892-973a-c77d06e9db54" testListId="8c84fa94-04c1-424b-9868-57a2d4851a1d" />
    <TestEntry testId="281e23ed-6d7e-f495-d2cb-22e873c097f8" executionId="e362f088-3394-4c49-9560-f2f666798461" testListId="8c84fa94-04c1-424b-9868-57a2d4851a1d" />
    <TestEntry testId="8e28722e-4206-27d4-19fe-25f4c9bdece6" executionId="7485cbb4-bf79-4ce1-82f8-880af08f8af9" testListId="8c84fa94-04c1-424b-9868-57a2d4851a1d" />
    <TestEntry testId="1aa8af33-1e3d-f891-bfcb-7f5fd685f919" executionId="1480332b-febc-4836-8020-d453ed8843a1" testListId="8c84fa94-04c1-424b-9868-57a2d4851a1d" />
    <TestEntry testId="2afa4f08-1764-1bce-3479-911fd8660c84" executionId="def9aa73-1f73-463c-ae7f-cded444e7cac" testListId="8c84fa94-04c1-424b-9868-57a2d4851a1d" />
    <TestEntry testId="c1109d22-7e99-c335-377f-5a76822d7106" executionId="a9733b14-5e22-4383-9045-4b7ed9fd4817" testListId="8c84fa94-04c1-424b-9868-57a2d4851a1d" />
    <TestEntry testId="f67c387f-ddfd-84de-e4a7-c2425383c78f" executionId="ef82d45c-fd84-4f24-948c-16bf3e276711" testListId="8c84fa94-04c1-424b-9868-57a2d4851a1d" />
    <TestEntry testId="a1a67fea-a56d-5d22-d22c-dd8a05fffbd5" executionId="d1251133-04e4-4312-aded-1bdaa9395539" testListId="8c84fa94-04c1-424b-9868-57a2d4851a1d" />
    <TestEntry testId="2f8aa70b-b943-d207-a0b2-5fda8f3db0a5" executionId="0d0661f7-ef68-4b6c-9803-4f6fa09b83b8" testListId="8c84fa94-04c1-424b-9868-57a2d4851a1d" />
    <TestEntry testId="cc7150ba-fabe-823b-9d07-2484a5934be4" executionId="c5dbe005-486e-4946-90eb-946edbdad952" testListId="8c84fa94-04c1-424b-9868-57a2d4851a1d" />
    <TestEntry testId="10ed31ef-fec4-aff3-12ba-a53f4c0d8765" executionId="f00b9159-ec52-46e1-93f3-17cf4aef70ca" testListId="8c84fa94-04c1-424b-9868-57a2d4851a1d" />
    <TestEntry testId="ed6ae92e-1a01-e226-c7df-8cbae491c635" executionId="f14f45fa-e995-4191-8221-e7cb0cccabe3" testListId="8c84fa94-04c1-424b-9868-57a2d4851a1d" />
    <TestEntry testId="251aa554-b291-b72b-39c4-bcb14e1b0736" executionId="3fa60699-503c-49fd-8fc9-5df08045ef5d" testListId="8c84fa94-04c1-424b-9868-57a2d4851a1d" />
    <TestEntry testId="f823f20c-4a40-5164-0931-cc4762527957" executionId="5e899ba2-163c-4fd3-acdb-e51d7182f418" testListId="8c84fa94-04c1-424b-9868-57a2d4851a1d" />
    <TestEntry testId="69774b34-c6dc-1ae1-4012-c47c17095758" executionId="37d329e3-4440-449a-be05-4eb66cfa47a0" testListId="8c84fa94-04c1-424b-9868-57a2d4851a1d" />
    <TestEntry testId="604870ad-7a5d-ad9d-b81e-6e48e5c414db" executionId="808a2997-9d2e-43dd-a110-a24880c09d60" testListId="8c84fa94-04c1-424b-9868-57a2d4851a1d" />
    <TestEntry testId="b11c5657-e9b5-1fe3-c545-07248e682949" executionId="7bf5ab6e-8827-414f-8f27-f47d6d5545b2" testListId="8c84fa94-04c1-424b-9868-57a2d4851a1d" />
    <TestEntry testId="4419b024-43ad-3528-9142-ea3caf04b4e6" executionId="84ac9b4d-f86e-4d01-b0fe-8eebedc7de40" testListId="8c84fa94-04c1-424b-9868-57a2d4851a1d" />
    <TestEntry testId="c545e26e-84b6-39d0-d6f6-b0037da438af" executionId="93bc2d21-08a6-4820-a37c-73e14169b752" testListId="8c84fa94-04c1-424b-9868-57a2d4851a1d" />
    <TestEntry testId="49054ef4-05cf-8317-5b6b-bea10be3706d" executionId="7516eb85-1b18-4797-9245-9706e7a9617a" testListId="8c84fa94-04c1-424b-9868-57a2d4851a1d" />
    <TestEntry testId="ac80ed78-92e6-31af-46b9-dc7bad94ea62" executionId="6f28545c-6ece-4681-96b9-6cdc233e3a3f" testListId="8c84fa94-04c1-424b-9868-57a2d4851a1d" />
    <TestEntry testId="5ebdd638-e1a5-38c3-a546-10872fb7da96" executionId="ae185284-93e9-49de-bfc0-46a43999b9b7" testListId="8c84fa94-04c1-424b-9868-57a2d4851a1d" />
    <TestEntry testId="d79ded41-80b5-0e0b-7d48-b52c2c49ab6d" executionId="1dcd95da-09c7-4888-9df8-a26c86e05208" testListId="8c84fa94-04c1-424b-9868-57a2d4851a1d" />
    <TestEntry testId="cb4bf09b-8149-1a33-ccf0-30c93d1d2093" executionId="5a8f6628-e459-4a8d-b36a-ff7a5df392c2" testListId="8c84fa94-04c1-424b-9868-57a2d4851a1d" />
    <TestEntry testId="3d275e0f-5f20-8a05-ee0f-7f09b23951aa" executionId="b9a8d687-3701-44e9-a01d-09fabda4258c" testListId="8c84fa94-04c1-424b-9868-57a2d4851a1d" />
    <TestEntry testId="7e383a20-67e6-8fb6-209f-841747b382a2" executionId="d88e472f-86a5-44b4-8061-390a60b629a4" testListId="8c84fa94-04c1-424b-9868-57a2d4851a1d" />
    <TestEntry testId="cbff3cb2-4ddc-93a4-97e9-a5295dcb7407" executionId="8ec4cf2e-f715-4b75-a77c-b0235c53356b" testListId="8c84fa94-04c1-424b-9868-57a2d4851a1d" />
    <TestEntry testId="5d4b7d05-6646-ee8d-12ad-2255c7a7a032" executionId="304e397b-ce57-4341-ba87-392306e06482" testListId="8c84fa94-04c1-424b-9868-57a2d4851a1d" />
    <TestEntry testId="ea774688-86e4-7957-2359-a29751b87db8" executionId="899cdcd1-3808-4dc1-9027-48c72b83f56e" testListId="8c84fa94-04c1-424b-9868-57a2d4851a1d" />
    <TestEntry testId="3689be27-b08f-3957-67a8-6a7b3f58f789" executionId="eee5f12a-3d76-4220-a051-5b687d10b555" testListId="8c84fa94-04c1-424b-9868-57a2d4851a1d" />
    <TestEntry testId="34b5a63d-522e-0eb5-c6f6-6375c3e5c180" executionId="bb3c11c2-522e-4b7f-9086-4ceea5da474d" testListId="8c84fa94-04c1-424b-9868-57a2d4851a1d" />
    <TestEntry testId="83b3ee57-0d0b-70bd-1c67-c0ef38c14965" executionId="c7df5578-dae0-4806-be8c-9d6d11b9d28f" testListId="8c84fa94-04c1-424b-9868-57a2d4851a1d" />
    <TestEntry testId="73092e8c-06e1-ec0d-602b-d7d495adb333" executionId="b10bfefa-9cf9-42c2-9d6f-b8dc877723eb" testListId="8c84fa94-04c1-424b-9868-57a2d4851a1d" />
    <TestEntry testId="05f785be-3999-5748-22ad-03619ae61c6e" executionId="206af2ce-b086-4b4a-97aa-65e75687a57c" testListId="8c84fa94-04c1-424b-9868-57a2d4851a1d" />
    <TestEntry testId="faa033b4-345d-b76c-446c-180b10729ed0" executionId="3b1f7116-23e4-4c49-b001-100b38d3b9c6" testListId="8c84fa94-04c1-424b-9868-57a2d4851a1d" />
    <TestEntry testId="ad767ec5-e5a5-94fa-3000-87a6b5b6e54c" executionId="8a92551e-3f70-4e19-89a8-2fdb106cd1d2" testListId="8c84fa94-04c1-424b-9868-57a2d4851a1d" />
    <TestEntry testId="5bc80d73-50ec-d2c2-e2e1-0201623f34f9" executionId="aa6aa6bf-604c-4bcd-956a-aab76797364e" testListId="8c84fa94-04c1-424b-9868-57a2d4851a1d" />
    <TestEntry testId="fbd7fc4f-618f-809b-7641-8fb1b385392e" executionId="691e681c-7d5a-4061-ba4e-9e767fdd8819" testListId="8c84fa94-04c1-424b-9868-57a2d4851a1d" />
    <TestEntry testId="95f55900-95f3-ac83-e43e-68e866e38c0c" executionId="e0b3e181-7490-4fc3-a96b-aac79cbcbdd0" testListId="8c84fa94-04c1-424b-9868-57a2d4851a1d" />
    <TestEntry testId="ba073220-a0c8-a2b0-074f-39089dd868cc" executionId="fcce967b-8a7c-47a2-b42f-a4400d23ac3f" testListId="8c84fa94-04c1-424b-9868-57a2d4851a1d" />
    <TestEntry testId="05948419-e05f-b848-b48c-42abee7bf534" executionId="dd146679-65f4-4bd8-889d-39a31c244f4c" testListId="8c84fa94-04c1-424b-9868-57a2d4851a1d" />
    <TestEntry testId="8bebbe63-ef84-8d98-d02a-d3dc314d4175" executionId="3ff7c37b-486f-4979-862f-031e5a648dc4" testListId="8c84fa94-04c1-424b-9868-57a2d4851a1d" />
    <TestEntry testId="c154f3c6-74a2-4149-2ca4-a8af069d820a" executionId="007a10d7-5637-4c17-ac5d-98e40afc9111" testListId="8c84fa94-04c1-424b-9868-57a2d4851a1d" />
    <TestEntry testId="f3a401db-fa2a-ad0f-3297-8ae97747520a" executionId="f887a905-6bc7-4c2a-b145-76482ed43ac5" testListId="8c84fa94-04c1-424b-9868-57a2d4851a1d" />
    <TestEntry testId="8bb82057-c4ad-9ff5-c611-61a886e2a75f" executionId="46aa3235-ece2-43fa-8586-f54f0d4ac2c5" testListId="8c84fa94-04c1-424b-9868-57a2d4851a1d" />
    <TestEntry testId="e8868e07-99d8-10dc-9644-c9a175e32efb" executionId="a334dd73-890f-483d-929b-60a2bc6118b9" testListId="8c84fa94-04c1-424b-9868-57a2d4851a1d" />
    <TestEntry testId="6cfecb0a-58c6-2233-a77e-b88732655839" executionId="36d6e6dc-917c-4dee-bbf5-0bd6ca47c50b" testListId="8c84fa94-04c1-424b-9868-57a2d4851a1d" />
    <TestEntry testId="b75b822e-2322-8dd0-c43a-3c10ab57be28" executionId="cafc9715-00e0-41f1-82db-360a68687db1" testListId="8c84fa94-04c1-424b-9868-57a2d4851a1d" />
    <TestEntry testId="34228ec8-2abe-e7fe-dfc2-ceec41b7c657" executionId="ddee0245-1e97-4a40-b6c6-afdda79a2141" testListId="8c84fa94-04c1-424b-9868-57a2d4851a1d" />
    <TestEntry testId="e09dbd5c-5114-33e8-8d51-532af0237f99" executionId="e07ad339-291a-4801-8972-5d82d1a60a5a" testListId="8c84fa94-04c1-424b-9868-57a2d4851a1d" />
    <TestEntry testId="716f8506-2bdd-3929-90ef-9945e3b404d0" executionId="a719e59e-b1dc-480c-b0bc-d7e943ae920c" testListId="8c84fa94-04c1-424b-9868-57a2d4851a1d" />
    <TestEntry testId="8d1b7c7c-a5d2-38ad-b54f-2cf653ddeb95" executionId="49420a01-4b21-4989-9d2a-64739c2bcb4f" testListId="8c84fa94-04c1-424b-9868-57a2d4851a1d" />
    <TestEntry testId="b7ecd5f1-c477-df2f-c20d-ae3566d5fd42" executionId="99d70b69-3686-43c8-81c8-cd18ebf7ea98" testListId="8c84fa94-04c1-424b-9868-57a2d4851a1d" />
    <TestEntry testId="66e7e9cd-9f8a-647c-6eb0-39e4ddab81e8" executionId="04761876-b006-49c0-90ae-a94a62a452ce" testListId="8c84fa94-04c1-424b-9868-57a2d4851a1d" />
    <TestEntry testId="d4a934f0-6272-7af4-bf0d-a956dea5efa7" executionId="a6844c85-2da2-4e0c-81ee-32a3df913b57" testListId="8c84fa94-04c1-424b-9868-57a2d4851a1d" />
    <TestEntry testId="c173354a-340a-396f-797b-0c4d3fa1e080" executionId="ba8a6c27-827d-4210-a185-f74843c9b222" testListId="8c84fa94-04c1-424b-9868-57a2d4851a1d" />
    <TestEntry testId="72e09889-7cf6-57b1-8cc9-5232d50d12c6" executionId="601f445b-0f17-4dd9-bedc-00eac816ab68" testListId="8c84fa94-04c1-424b-9868-57a2d4851a1d" />
    <TestEntry testId="d0e35641-533a-ee48-bfd0-3679c57979d0" executionId="2871c2b1-fce1-4838-bd0d-4d9f70f0b182" testListId="8c84fa94-04c1-424b-9868-57a2d4851a1d" />
    <TestEntry testId="3efb2ccf-f363-81d1-1c64-c051e2994e9d" executionId="7ce9bdb8-931a-41ef-802f-7cb04eb1f4e8" testListId="8c84fa94-04c1-424b-9868-57a2d4851a1d" />
    <TestEntry testId="62bc7c9f-e786-0635-725b-93a46524f1cf" executionId="54b7ae04-9466-4c77-8232-219f2c098ff7" testListId="8c84fa94-04c1-424b-9868-57a2d4851a1d" />
    <TestEntry testId="f685d3b9-aa62-5436-3f8d-9c7306b39b04" executionId="025d8169-3304-4d98-afe9-84ce0a9fe400" testListId="8c84fa94-04c1-424b-9868-57a2d4851a1d" />
    <TestEntry testId="03139a0a-5102-ae2a-40a6-145d1fe3dcc2" executionId="5fccd38d-a69b-4666-8e4e-4b403b046b06" testListId="8c84fa94-04c1-424b-9868-57a2d4851a1d" />
    <TestEntry testId="a4a40aa7-0d99-cfbf-4763-4aedfaf33062" executionId="1c38a48e-9d18-40f9-9efc-6bfe04b52b1d" testListId="8c84fa94-04c1-424b-9868-57a2d4851a1d" />
    <TestEntry testId="1032e1d9-c75c-40b9-5be5-c27069bb6e71" executionId="51f7cb01-8470-48cc-9eb5-3e335586bb95" testListId="8c84fa94-04c1-424b-9868-57a2d4851a1d" />
    <TestEntry testId="5fbfecc7-2ddc-f836-3855-f4d3d0245127" executionId="7ce22a9f-75b0-4226-92a2-7eb593b8a1e4" testListId="8c84fa94-04c1-424b-9868-57a2d4851a1d" />
    <TestEntry testId="9012c12c-9f95-a092-2bfe-aca4449e941f" executionId="fa59939d-434f-451d-8b7f-66bdbc352961" testListId="8c84fa94-04c1-424b-9868-57a2d4851a1d" />
    <TestEntry testId="2649e114-4d06-7187-2d7d-b9a3b56264f1" executionId="373a406b-5b22-408e-a353-70f3efb2e415" testListId="8c84fa94-04c1-424b-9868-57a2d4851a1d" />
    <TestEntry testId="9b1111f1-8c0a-b403-67eb-fcf31485f3a2" executionId="e41fcbb8-0e22-449f-b944-6aa71e9c0a16" testListId="8c84fa94-04c1-424b-9868-57a2d4851a1d" />
    <TestEntry testId="c2d216c7-e519-601d-d75c-bbd0ba778eee" executionId="efcc07ee-f8d7-4c1e-bd30-b7fba31eb272" testListId="8c84fa94-04c1-424b-9868-57a2d4851a1d" />
    <TestEntry testId="12b44917-701f-481f-c1f5-b7bfe48628cc" executionId="a73e3f09-d4b9-40b9-aa7e-da7db384a4f9" testListId="8c84fa94-04c1-424b-9868-57a2d4851a1d" />
    <TestEntry testId="f6716144-d961-088d-96f1-131590211231" executionId="9d6a9f62-e386-4834-89cd-c7b487122bb6" testListId="8c84fa94-04c1-424b-9868-57a2d4851a1d" />
    <TestEntry testId="7dc361e7-9a23-17db-5f27-d4e968d8aa38" executionId="f71271b6-e8f2-455f-be26-c3d5f55571c0" testListId="8c84fa94-04c1-424b-9868-57a2d4851a1d" />
    <TestEntry testId="96076a2f-a94c-d983-91d1-81dba1e3d33b" executionId="158207d1-4ebe-4e6d-8e09-2c82d6a41fa0" testListId="8c84fa94-04c1-424b-9868-57a2d4851a1d" />
    <TestEntry testId="40d4b4cb-3e53-39fc-649e-48311a84b0ba" executionId="76aadf5d-1fc0-4102-a46e-2d5dccb552cc" testListId="8c84fa94-04c1-424b-9868-57a2d4851a1d" />
    <TestEntry testId="9ff2c1ae-7a89-7e0a-ad03-427034f0d09e" executionId="ca43e5f0-dec0-4e7a-969c-029c7ccb3af1" testListId="8c84fa94-04c1-424b-9868-57a2d4851a1d" />
    <TestEntry testId="c60345cf-5794-990b-ad57-8290a339a96d" executionId="b5f78707-c66e-4fe6-828a-b449057dc9b0" testListId="8c84fa94-04c1-424b-9868-57a2d4851a1d" />
    <TestEntry testId="38f77566-8bf3-d7dc-d803-6ba119af5b7c" executionId="090f8148-bf5e-4328-b6fa-256ec12d5aea" testListId="8c84fa94-04c1-424b-9868-57a2d4851a1d" />
    <TestEntry testId="5801680a-2654-4432-88fb-f172b451c0df" executionId="2afe40a0-5465-4a6a-a1e4-b135ad9a821b" testListId="8c84fa94-04c1-424b-9868-57a2d4851a1d" />
    <TestEntry testId="85ed0afd-4ce2-9127-cb73-77fd5a824ae0" executionId="8457c030-0dce-47e9-b0d8-c485b16f9f4a" testListId="8c84fa94-04c1-424b-9868-57a2d4851a1d" />
    <TestEntry testId="425be434-a642-3d7d-9374-c9442d222d12" executionId="b8ef48dd-2229-4d51-81a9-5d6ce7073835" testListId="8c84fa94-04c1-424b-9868-57a2d4851a1d" />
    <TestEntry testId="70144da5-e0ec-dc6a-8906-80f2a8070903" executionId="6139f02b-68d8-49b0-8846-e74c8988416f" testListId="8c84fa94-04c1-424b-9868-57a2d4851a1d" />
    <TestEntry testId="6a0cad72-1acb-e497-a96b-e3cc78f1fe35" executionId="5ba4815b-54fe-410e-b22a-1523130d2376" testListId="8c84fa94-04c1-424b-9868-57a2d4851a1d" />
    <TestEntry testId="b4e70e05-061e-d3e9-badc-aa31f3ca177d" executionId="1e113fd1-672d-48ba-9f9e-1711dd6298f1" testListId="8c84fa94-04c1-424b-9868-57a2d4851a1d" />
    <TestEntry testId="8137b266-acdf-e63f-3b0a-aeb6ea6d4f49" executionId="e0d02118-f417-4185-8d03-13c3ba4e1aa5" testListId="8c84fa94-04c1-424b-9868-57a2d4851a1d" />
    <TestEntry testId="6fd793ea-543c-99c0-f109-b34c2d96e9f0" executionId="d7c03dfb-ee65-4c62-9b99-56068de5072d" testListId="8c84fa94-04c1-424b-9868-57a2d4851a1d" />
    <TestEntry testId="91ad8264-f108-2966-c640-ddd55aa5fd12" executionId="71eb0415-b639-41ab-b0f6-ac683b6b44b3" testListId="8c84fa94-04c1-424b-9868-57a2d4851a1d" />
    <TestEntry testId="c7420587-d750-da33-a126-fb8ac77e0338" executionId="ef1ee56b-9b91-4a00-a784-669513176d3f" testListId="8c84fa94-04c1-424b-9868-57a2d4851a1d" />
    <TestEntry testId="d04d17a7-3cf3-f49e-3705-2736ffe2df40" executionId="1be3b6f6-6e1f-4314-bb2a-64a37d5e2c61" testListId="8c84fa94-04c1-424b-9868-57a2d4851a1d" />
    <TestEntry testId="91d16855-e081-8da6-23b0-afb3c3581319" executionId="b60c06b7-f39e-4c84-9430-4bdb89ebb824" testListId="8c84fa94-04c1-424b-9868-57a2d4851a1d" />
    <TestEntry testId="f52f2d02-fcd1-67b0-e7b0-123c650353f3" executionId="2476771d-6583-46c3-a196-ace57908b799" testListId="8c84fa94-04c1-424b-9868-57a2d4851a1d" />
    <TestEntry testId="28f84c5b-1757-1f27-8261-8532814ff19c" executionId="45dfda9b-4cb6-494a-a21c-c047332e07ad" testListId="8c84fa94-04c1-424b-9868-57a2d4851a1d" />
    <TestEntry testId="4cb17b90-2997-6bc7-f26e-5a66ff5278d0" executionId="b7f23c4d-1f73-4be9-8290-72dc421cf44b" testListId="8c84fa94-04c1-424b-9868-57a2d4851a1d" />
    <TestEntry testId="e708bfbe-5276-b988-ebf4-412d205196fe" executionId="bdf15112-67bc-41a8-b17f-93bfc8b899ec" testListId="8c84fa94-04c1-424b-9868-57a2d4851a1d" />
    <TestEntry testId="cacc3872-efff-ed9b-e1f9-0292b5ac8da8" executionId="f3a7ece8-68a5-44cb-8ef2-35682e7e11ab" testListId="8c84fa94-04c1-424b-9868-57a2d4851a1d" />
    <TestEntry testId="824b647a-192a-3237-8ba0-89ac4a10b7f5" executionId="b192b311-66f5-494c-8bc3-4050d4e2837b" testListId="8c84fa94-04c1-424b-9868-57a2d4851a1d" />
    <TestEntry testId="c5aa9e59-1ae1-4426-a62e-b518a9380806" executionId="26209597-56cf-4fe9-9ddf-37546a423a54" testListId="8c84fa94-04c1-424b-9868-57a2d4851a1d" />
    <TestEntry testId="179bb5cb-2da2-4b26-fb7e-ffde5e4f502c" executionId="33367f4c-5b24-40a5-9582-fa2eeb90a86c" testListId="8c84fa94-04c1-424b-9868-57a2d4851a1d" />
    <TestEntry testId="6895f33b-f4dd-253e-0f2a-71860df4cbf7" executionId="07ebd98a-a650-4145-beb6-40c5225f3200" testListId="8c84fa94-04c1-424b-9868-57a2d4851a1d" />
    <TestEntry testId="01f7c076-c9ef-6ea6-b71f-e97a4dff9256" executionId="18449f21-27c5-42ec-8488-de4858134af7" testListId="8c84fa94-04c1-424b-9868-57a2d4851a1d" />
    <TestEntry testId="2f2db280-83df-407d-afc4-c1315b5f3073" executionId="22139020-5af1-4958-bc4b-8d405cf7d7af" testListId="8c84fa94-04c1-424b-9868-57a2d4851a1d" />
    <TestEntry testId="c5aef997-2b7d-c017-fff3-6c697c46caaf" executionId="26cfa271-87dd-49fd-b35a-a6d183374c7f" testListId="8c84fa94-04c1-424b-9868-57a2d4851a1d" />
    <TestEntry testId="28f78aec-6217-1a62-25bb-5dbcd1b3365d" executionId="281b8fb4-f50c-4329-bd54-e1e7bbe07e14" testListId="8c84fa94-04c1-424b-9868-57a2d4851a1d" />
    <TestEntry testId="d7783af3-25c2-80fd-f4cd-42607f0d842b" executionId="477226e9-ddab-4c49-8052-95f17a877ec9" testListId="8c84fa94-04c1-424b-9868-57a2d4851a1d" />
    <TestEntry testId="baeb4ade-1830-e8ce-6809-0098cc92a6fc" executionId="e4ba67e5-157a-4282-b149-5cca674cf448" testListId="8c84fa94-04c1-424b-9868-57a2d4851a1d" />
    <TestEntry testId="412b3303-8591-425e-ccac-76d84585be54" executionId="b470d9f6-05e0-48e7-b978-687234b3eb4d" testListId="8c84fa94-04c1-424b-9868-57a2d4851a1d" />
    <TestEntry testId="ac979d85-7b6c-d558-50cc-f9156244b6d6" executionId="af90fb4c-eeb3-4d84-b552-c12b2f36ec67" testListId="8c84fa94-04c1-424b-9868-57a2d4851a1d" />
    <TestEntry testId="5c3f6048-94d8-19ef-a533-9fa3495a815e" executionId="2e12d12e-f651-4481-9bea-fc87f6ae8236" testListId="8c84fa94-04c1-424b-9868-57a2d4851a1d" />
    <TestEntry testId="9477fca3-38e3-3c2e-1416-56dfff34abd0" executionId="1c4c76e1-26b7-4755-82f7-4a8392c98a46" testListId="8c84fa94-04c1-424b-9868-57a2d4851a1d" />
    <TestEntry testId="081ad458-86b0-6931-8841-c89dbcba83c9" executionId="6aa97cdb-3f58-4e99-a92d-9bb94814349f" testListId="8c84fa94-04c1-424b-9868-57a2d4851a1d" />
    <TestEntry testId="ea7ade92-61b8-cdde-0e10-3b279dc2a7a7" executionId="a6f324b9-1286-4cb4-ba76-2beb0cb1db67" testListId="8c84fa94-04c1-424b-9868-57a2d4851a1d" />
    <TestEntry testId="3aea8643-f5c0-57cb-1036-f129bc5087f5" executionId="459947a3-eca0-47ec-9a85-80d19d39ae0b" testListId="8c84fa94-04c1-424b-9868-57a2d4851a1d" />
    <TestEntry testId="41d7546c-ae2e-6066-2154-01f3ff63165f" executionId="9b3c18f7-ba88-40b6-9333-854bf344d8a1" testListId="8c84fa94-04c1-424b-9868-57a2d4851a1d" />
    <TestEntry testId="310bfb60-542b-2c1f-7e07-acd2b0569888" executionId="bcde6c6b-8032-4cd3-8522-6efaef4a56db" testListId="8c84fa94-04c1-424b-9868-57a2d4851a1d" />
    <TestEntry testId="ef975652-d731-fd7d-a2c6-4d1826c3414f" executionId="4765d050-370a-4b6d-a534-300f911dcd96" testListId="8c84fa94-04c1-424b-9868-57a2d4851a1d" />
    <TestEntry testId="41b274b5-25a4-bfdb-94d9-b5642219a0e0" executionId="b6e68051-63d1-4d4f-81af-ced9850faa05" testListId="8c84fa94-04c1-424b-9868-57a2d4851a1d" />
    <TestEntry testId="62553d4d-0705-9fb0-f65c-c5dfce1c5476" executionId="c85e9234-bdba-4125-8228-9893a750a276" testListId="8c84fa94-04c1-424b-9868-57a2d4851a1d" />
    <TestEntry testId="60ac7977-8e9c-5b6b-4e28-1b2c6d165493" executionId="51854341-3903-4eb5-8666-e2f0a94843c0" testListId="8c84fa94-04c1-424b-9868-57a2d4851a1d" />
    <TestEntry testId="32b92ded-2bac-b7a8-a1e8-0a5b25e27290" executionId="d35f930d-ea83-4bd3-963a-406c70bbd620" testListId="8c84fa94-04c1-424b-9868-57a2d4851a1d" />
    <TestEntry testId="c7339da0-3a17-d3ef-e555-dbe2a004e946" executionId="8848b619-7294-4c1f-9825-fd9bc040bf36" testListId="8c84fa94-04c1-424b-9868-57a2d4851a1d" />
    <TestEntry testId="29254ea4-8836-30d0-e55d-0c327857cca3" executionId="545602ea-2ac4-4795-9e36-f81f2d93b063" testListId="8c84fa94-04c1-424b-9868-57a2d4851a1d" />
    <TestEntry testId="6ed95532-f444-337e-3d9d-064790be8f4c" executionId="327b6372-ab5b-4cff-aa1e-273fafec1c03" testListId="8c84fa94-04c1-424b-9868-57a2d4851a1d" />
    <TestEntry testId="15b847f5-6850-9b24-84e7-7663a52ecd17" executionId="a46a1034-8b43-4808-9b98-e6cd11e97c1f" testListId="8c84fa94-04c1-424b-9868-57a2d4851a1d" />
    <TestEntry testId="f794ce0a-2eb2-6350-a4ab-d34b5dae725c" executionId="b01292b0-4418-437d-a76e-eef9421e622d" testListId="8c84fa94-04c1-424b-9868-57a2d4851a1d" />
    <TestEntry testId="57b63caf-75b5-1764-3bd3-1695a56a7efb" executionId="f5d341f1-8ec5-4537-a09f-de2d538a965e" testListId="8c84fa94-04c1-424b-9868-57a2d4851a1d" />
    <TestEntry testId="8bf6a4b9-8df4-a88b-3b86-0aaf18c64720" executionId="6e4d36e1-acde-4814-a3ac-7ba9ac522cbb" testListId="8c84fa94-04c1-424b-9868-57a2d4851a1d" />
    <TestEntry testId="67ca1b06-c93f-e99a-2588-a5090ed773f1" executionId="e09a9baf-905a-41c1-b1fb-e824c1c0fb6c" testListId="8c84fa94-04c1-424b-9868-57a2d4851a1d" />
    <TestEntry testId="abd96d36-0188-6e5e-e4ac-462bd10c65f2" executionId="aaab0415-7ac6-4d48-8daa-7f410e230b7f" testListId="8c84fa94-04c1-424b-9868-57a2d4851a1d" />
    <TestEntry testId="fc3dd4f3-3a10-3b4e-fc3b-5cb1f32280aa" executionId="4b0c922d-8f62-41f6-b56f-b0cb9a72c5fc" testListId="8c84fa94-04c1-424b-9868-57a2d4851a1d" />
    <TestEntry testId="1e447aa1-95a6-78b2-feba-debb594cb827" executionId="b44e43d6-9540-400a-9502-abdd3a05cd5f" testListId="8c84fa94-04c1-424b-9868-57a2d4851a1d" />
    <TestEntry testId="911347c5-3e4e-8b23-701a-4606775c77eb" executionId="9ecc27fe-dcc9-4541-85af-e13fb8b661db" testListId="8c84fa94-04c1-424b-9868-57a2d4851a1d" />
    <TestEntry testId="d1f9c7c4-3905-0893-768e-4a7f221173cf" executionId="e66c7b66-e369-4d1a-979b-e3774d1d3a87" testListId="8c84fa94-04c1-424b-9868-57a2d4851a1d" />
    <TestEntry testId="c0f870ea-7785-9e3a-29be-b0c85aac99d5" executionId="ee7bd6af-de3b-4ce7-81a8-999653c4471b" testListId="8c84fa94-04c1-424b-9868-57a2d4851a1d" />
    <TestEntry testId="dfe684c0-6493-60aa-ad78-d367e8f9b0d8" executionId="b73cf389-5ea0-4c88-a6ce-c9df38d1d634" testListId="8c84fa94-04c1-424b-9868-57a2d4851a1d" />
    <TestEntry testId="987bc25a-88ff-0d50-9301-f461d17c443d" executionId="fa2dcaf5-5009-467e-9f3d-0f43c5c08de5" testListId="8c84fa94-04c1-424b-9868-57a2d4851a1d" />
    <TestEntry testId="33237398-6792-b43d-cf64-10faf723360b" executionId="c091af75-5cf9-4a03-88d6-094d934d9b4a" testListId="8c84fa94-04c1-424b-9868-57a2d4851a1d" />
    <TestEntry testId="a96126e3-55c7-10f0-41e5-349688690ea5" executionId="1da21f59-e140-441b-ab69-fb858bbc1637" testListId="8c84fa94-04c1-424b-9868-57a2d4851a1d" />
    <TestEntry testId="c6ae2b16-5488-bc23-2a68-29de0210f213" executionId="b20660fc-4709-421f-91a3-9fdacfae2fa0" testListId="8c84fa94-04c1-424b-9868-57a2d4851a1d" />
    <TestEntry testId="bba1810e-7b2d-4fb1-a64c-c613fd577adb" executionId="4583846b-d298-468b-8e37-2a5d438d5ec6" testListId="8c84fa94-04c1-424b-9868-57a2d4851a1d" />
    <TestEntry testId="a796d6bd-0cb3-c636-d4a9-11ae5c01171d" executionId="1aaab2ec-555f-467f-8b42-43f5710130e2" testListId="8c84fa94-04c1-424b-9868-57a2d4851a1d" />
    <TestEntry testId="66f01ff7-5a26-abca-48d5-f80b366a69f9" executionId="11826a54-1a8d-4d3d-a1c6-b6b7cd84700a" testListId="8c84fa94-04c1-424b-9868-57a2d4851a1d" />
    <TestEntry testId="8a8b04b8-699c-1c40-352d-2741ce7344a7" executionId="d9804730-4928-4eb2-ac6e-021750ef522b" testListId="8c84fa94-04c1-424b-9868-57a2d4851a1d" />
    <TestEntry testId="a0d98fed-19e5-2c8f-3b27-5986eaf2a9e9" executionId="f09a054a-530f-4be3-820f-43e076887562" testListId="8c84fa94-04c1-424b-9868-57a2d4851a1d" />
    <TestEntry testId="767eaf52-649c-2c19-5c84-622fe9075bf4" executionId="d2578b56-743b-42b7-a27f-cd3772b40b0b" testListId="8c84fa94-04c1-424b-9868-57a2d4851a1d" />
    <TestEntry testId="96536bdb-ce56-527b-c707-08989940a1ad" executionId="0e182bf1-56dd-451b-b4db-d65db75a7b82" testListId="8c84fa94-04c1-424b-9868-57a2d4851a1d" />
    <TestEntry testId="5eb70039-0311-fb71-d2da-f81a66a2eb11" executionId="f24d7c7e-9dbe-4c7a-9869-b08f3d3b0c78" testListId="8c84fa94-04c1-424b-9868-57a2d4851a1d" />
    <TestEntry testId="2f3ed660-8d30-cba0-2c58-286ee69704e3" executionId="3e616f72-2b99-4501-92fd-bfa655945477" testListId="8c84fa94-04c1-424b-9868-57a2d4851a1d" />
    <TestEntry testId="116a6538-72d9-a2e7-1735-e32d19183de0" executionId="e4c98275-4d3b-4afb-87e4-7832fdacb401" testListId="8c84fa94-04c1-424b-9868-57a2d4851a1d" />
    <TestEntry testId="52e26515-ed14-cb5a-60fc-6833d5b3598b" executionId="39a38b48-c059-4a00-864b-8736c722a7f2" testListId="8c84fa94-04c1-424b-9868-57a2d4851a1d" />
    <TestEntry testId="7abd772e-9c28-4753-8f55-60bf3312b510" executionId="98c13adc-4f6a-4c8f-b102-58eeaa1956e8" testListId="8c84fa94-04c1-424b-9868-57a2d4851a1d" />
    <TestEntry testId="fb50976c-0492-c28d-a302-dc32ad27ee18" executionId="c043c488-bf4c-4ba3-b8c4-12aecd5be86d" testListId="8c84fa94-04c1-424b-9868-57a2d4851a1d" />
    <TestEntry testId="b6681547-eefb-825c-4730-4bea598c4bac" executionId="61d12d91-1476-4e36-8396-32d0d2d7baba" testListId="8c84fa94-04c1-424b-9868-57a2d4851a1d" />
    <TestEntry testId="a5e5431a-3d20-187b-614d-74d334d2d028" executionId="c822f904-b621-45fe-956d-44e2b43260f4" testListId="8c84fa94-04c1-424b-9868-57a2d4851a1d" />
    <TestEntry testId="a6daef1f-01aa-f3c9-2b6e-dd7c7000e597" executionId="150fb3b0-21a1-4961-91c7-ee58f8665f6f" testListId="8c84fa94-04c1-424b-9868-57a2d4851a1d" />
    <TestEntry testId="f650beae-725d-4701-2f86-90cff5432778" executionId="00d6e53a-e6a1-4320-80ca-ad78c52d9def" testListId="8c84fa94-04c1-424b-9868-57a2d4851a1d" />
    <TestEntry testId="cf06f6c2-4c4a-097f-4fa1-6fe09ef88298" executionId="35a36dd5-f1bc-4c21-bbea-a1f55ce39fc9" testListId="8c84fa94-04c1-424b-9868-57a2d4851a1d" />
    <TestEntry testId="0183d181-5917-8ed7-2cde-61a9b6dffc24" executionId="8ce20883-dab3-4003-a4df-f2c9b30d15d1" testListId="8c84fa94-04c1-424b-9868-57a2d4851a1d" />
    <TestEntry testId="496ea3ac-d08b-1e37-a331-85e006737704" executionId="033cce75-dd45-450b-978c-0673c6684156" testListId="8c84fa94-04c1-424b-9868-57a2d4851a1d" />
    <TestEntry testId="e67fcff6-00a2-0367-cd2e-98d78c6f3993" executionId="4a997e9f-171c-4964-86b8-93f761f5e12f" testListId="8c84fa94-04c1-424b-9868-57a2d4851a1d" />
    <TestEntry testId="ab27b025-f1d3-cddd-f6d5-f21c737000d3" executionId="731bae4d-f1fd-4e37-b3ac-be139f522aba" testListId="8c84fa94-04c1-424b-9868-57a2d4851a1d" />
    <TestEntry testId="20ecf82a-b6b4-690c-3e9c-b8276eb265e8" executionId="494b2633-0138-4e98-8d31-496b4ea78dda" testListId="8c84fa94-04c1-424b-9868-57a2d4851a1d" />
    <TestEntry testId="9d2c751b-af70-742d-4e34-13936512fe55" executionId="22731fb1-92fb-41fa-b625-7d43931b15fa" testListId="8c84fa94-04c1-424b-9868-57a2d4851a1d" />
    <TestEntry testId="36e6b44d-c454-84dc-5a25-823b1415d13e" executionId="0d4ff9d7-54da-47dc-9695-8f4aa2fdc15c" testListId="8c84fa94-04c1-424b-9868-57a2d4851a1d" />
    <TestEntry testId="ab6721a0-65fe-675a-e35f-372dafc1f1d9" executionId="9a7af401-ece7-4b51-82d6-fd6605246f68" testListId="8c84fa94-04c1-424b-9868-57a2d4851a1d" />
    <TestEntry testId="2d595409-f07e-a47a-ffa2-2f82897407cf" executionId="0711d65c-ec5f-489f-9290-d00e5a567db6" testListId="8c84fa94-04c1-424b-9868-57a2d4851a1d" />
    <TestEntry testId="281abf85-2166-20b5-5066-81f2f641e6db" executionId="22c98d5d-32bb-4e12-b954-7aaf926557cc" testListId="8c84fa94-04c1-424b-9868-57a2d4851a1d" />
    <TestEntry testId="aa0ca960-f980-5f54-0e03-c4de6ae56224" executionId="cd82d72f-6977-4f33-926e-0392e64ebdb8" testListId="8c84fa94-04c1-424b-9868-57a2d4851a1d" />
    <TestEntry testId="d15e5817-b437-8761-e13d-fda219a535f9" executionId="8ab869b5-e132-405c-9649-13a2db253442" testListId="8c84fa94-04c1-424b-9868-57a2d4851a1d" />
    <TestEntry testId="d5b0ce05-9e8c-2dbe-24a6-9ee21057aca2" executionId="ada62128-7911-4145-9e99-9b10c25ecc12" testListId="8c84fa94-04c1-424b-9868-57a2d4851a1d" />
    <TestEntry testId="4491728b-d6f3-db3a-596f-f63fcf0eeec8" executionId="d1318b1f-0ee9-4e64-a3b8-2d362d7ad54e" testListId="8c84fa94-04c1-424b-9868-57a2d4851a1d" />
    <TestEntry testId="2aa6643b-e9fb-7cde-03c9-95a1f234012a" executionId="9fc69832-432b-4fc6-9e64-92b7f8c8e489" testListId="8c84fa94-04c1-424b-9868-57a2d4851a1d" />
    <TestEntry testId="649414b9-c028-081e-3e03-1f1513941521" executionId="3be18c9b-952b-4a95-8299-1dd1f97612b8" testListId="8c84fa94-04c1-424b-9868-57a2d4851a1d" />
    <TestEntry testId="1e9edc48-e0e9-1137-2dcc-0a2de7c70485" executionId="8a6c3055-cf29-4545-a388-a9d000ce7c3f" testListId="8c84fa94-04c1-424b-9868-57a2d4851a1d" />
    <TestEntry testId="d33129cb-9d7a-aa31-35aa-c5a2d5bb8c11" executionId="c6168a4f-478a-438f-86d5-8a9d829ba621" testListId="8c84fa94-04c1-424b-9868-57a2d4851a1d" />
    <TestEntry testId="40a9a6c7-9d78-7fdc-c995-859e233d329b" executionId="62c6a0cf-6e52-4a2c-8a43-7e2be6f0ded9" testListId="8c84fa94-04c1-424b-9868-57a2d4851a1d" />
    <TestEntry testId="c66e413e-93f0-6b61-ac49-4dcf0191f84d" executionId="d64d6e27-cf76-42d8-bfae-7fff84d5729a" testListId="8c84fa94-04c1-424b-9868-57a2d4851a1d" />
    <TestEntry testId="6afe1062-5c55-8e82-3558-0841ad49d996" executionId="5cac1d91-6170-43fc-84f9-9f1660694f8a" testListId="8c84fa94-04c1-424b-9868-57a2d4851a1d" />
    <TestEntry testId="6f639dda-681c-b16a-f10b-b9ece34601ad" executionId="0b129a93-99b6-4466-9a0d-e3dab5212058" testListId="8c84fa94-04c1-424b-9868-57a2d4851a1d" />
    <TestEntry testId="e2266c17-0caa-081d-5b3a-f6b512e4ff32" executionId="b51c0fc1-8cf3-486b-ba77-3e36a1652d27" testListId="8c84fa94-04c1-424b-9868-57a2d4851a1d" />
    <TestEntry testId="328e658c-40bf-1048-20b8-ff789af9961c" executionId="65d1845e-a3d3-4798-ad79-466166240810" testListId="8c84fa94-04c1-424b-9868-57a2d4851a1d" />
    <TestEntry testId="e827b650-7c3f-31e8-e982-896f57ba3103" executionId="145b10c9-88db-4c98-b731-4662cacc2942" testListId="8c84fa94-04c1-424b-9868-57a2d4851a1d" />
    <TestEntry testId="0c49941d-7ab7-0d9c-8b48-c083380434f5" executionId="2f98c4b3-ff50-4980-b21b-8c25658abbaa" testListId="8c84fa94-04c1-424b-9868-57a2d4851a1d" />
    <TestEntry testId="3624e999-11bb-acee-bb71-c386dd4110e3" executionId="082a9c10-68fc-4862-b85c-562a7adc1bf8" testListId="8c84fa94-04c1-424b-9868-57a2d4851a1d" />
    <TestEntry testId="213e5880-64c5-9a93-a07a-9aac2df36d21" executionId="faa74f1c-73c9-4dfb-b81e-5422501eb1ca" testListId="8c84fa94-04c1-424b-9868-57a2d4851a1d" />
    <TestEntry testId="dd39179b-f11b-5fcd-02c0-b0634e00db80" executionId="82f85189-3e8d-4f87-84a7-87daa91c35c2" testListId="8c84fa94-04c1-424b-9868-57a2d4851a1d" />
    <TestEntry testId="195de69e-e002-f2ec-fce6-22a2b3405c21" executionId="172381c3-2070-4c9f-8018-d9df18dc754f" testListId="8c84fa94-04c1-424b-9868-57a2d4851a1d" />
    <TestEntry testId="eb8a42cb-c2d6-88d7-fe89-b6d1b9c62cc2" executionId="71876f75-f237-4d12-a730-b89c12c9a2e6" testListId="8c84fa94-04c1-424b-9868-57a2d4851a1d" />
    <TestEntry testId="9583e842-e7a8-765c-06b3-473b6d4581a8" executionId="abe0392d-ecf1-4466-98c3-ba4fd4f19851" testListId="8c84fa94-04c1-424b-9868-57a2d4851a1d" />
    <TestEntry testId="0857c982-449e-ed49-49d1-8998baa0e6e1" executionId="d656eb80-f63c-48eb-b10f-4d146ac31fdf" testListId="8c84fa94-04c1-424b-9868-57a2d4851a1d" />
    <TestEntry testId="9897ec61-730d-1dca-bf3e-7c0229b9635d" executionId="0f7f57f6-a041-490e-b874-86a0f3755ebc" testListId="8c84fa94-04c1-424b-9868-57a2d4851a1d" />
    <TestEntry testId="33946e1e-05a4-7a63-49f0-71ab240a892a" executionId="59c81f95-f453-482e-b71e-792c40cf0f2b" testListId="8c84fa94-04c1-424b-9868-57a2d4851a1d" />
    <TestEntry testId="a2fa765c-34d7-bba3-c307-0ce7d1c8aa0a" executionId="bf35c6b0-9045-4d60-89c6-75f10085beab" testListId="8c84fa94-04c1-424b-9868-57a2d4851a1d" />
    <TestEntry testId="0b4b96ae-c8e0-c9d4-745c-f6e8437398d4" executionId="dbe9c107-6190-42c3-8b7a-de6e6a58779b" testListId="8c84fa94-04c1-424b-9868-57a2d4851a1d" />
    <TestEntry testId="e0a5334c-1633-d414-b907-2c40ff404fb6" executionId="ad493633-4097-4a87-ad22-0c46ff655941" testListId="8c84fa94-04c1-424b-9868-57a2d4851a1d" />
    <TestEntry testId="6ba9294e-43f5-f02c-22f2-7744a62cc48c" executionId="ded216a3-ed15-4ec9-997d-b1f85697ae95" testListId="8c84fa94-04c1-424b-9868-57a2d4851a1d" />
    <TestEntry testId="60080ed0-900b-79ca-baf3-77e6d6514461" executionId="b0318baf-6cc4-4a0b-9e5d-450f1937b4d6" testListId="8c84fa94-04c1-424b-9868-57a2d4851a1d" />
    <TestEntry testId="d9cbcaa1-f614-6d32-b3b9-d890b368f72b" executionId="e237ba04-c25f-4d50-89ea-7d29cc984088" testListId="8c84fa94-04c1-424b-9868-57a2d4851a1d" />
    <TestEntry testId="88a86641-ed30-985a-ce27-9c3dcae5b7fe" executionId="152f9b41-77db-4737-a452-e2cf703dbc55" testListId="8c84fa94-04c1-424b-9868-57a2d4851a1d" />
    <TestEntry testId="5130759d-c887-eb8b-0b67-84a72ed4b71d" executionId="9a7e29fd-b9e8-4758-bc3c-8be4f1bc4226" testListId="8c84fa94-04c1-424b-9868-57a2d4851a1d" />
    <TestEntry testId="547eb509-0724-d12b-0d18-ab74cfdb5e18" executionId="d06e7e35-726b-4aa6-8444-7904ac0e2e2f" testListId="8c84fa94-04c1-424b-9868-57a2d4851a1d" />
    <TestEntry testId="3e13a575-a2bd-f629-c2f7-ba4b40ea8b10" executionId="b9ecfcc2-eccc-44d5-9720-3d9a9582ec12" testListId="8c84fa94-04c1-424b-9868-57a2d4851a1d" />
    <TestEntry testId="41d2dca4-7826-471e-5875-aad13a9abd57" executionId="576d1162-0dcd-46ba-807a-40387b1e3249" testListId="8c84fa94-04c1-424b-9868-57a2d4851a1d" />
    <TestEntry testId="06cf2008-1175-9667-e522-b5c121059f4e" executionId="b1025dc7-36d5-4cd9-9f6c-c28112fda810" testListId="8c84fa94-04c1-424b-9868-57a2d4851a1d" />
    <TestEntry testId="16a21422-dfe0-f249-e5a9-04b17dc27661" executionId="ceb9bbef-760e-49a4-ad67-37b137b4ff08" testListId="8c84fa94-04c1-424b-9868-57a2d4851a1d" />
    <TestEntry testId="ee2cd2a6-93d2-9094-5137-ee454615e59e" executionId="b9ab8a80-b997-4c82-bdb6-8c20a421c27d" testListId="8c84fa94-04c1-424b-9868-57a2d4851a1d" />
    <TestEntry testId="0b65eb5e-2594-b37d-9e89-0c7784ac2d83" executionId="c0eae40f-ae59-487e-b010-6d25c6a1d7fc" testListId="8c84fa94-04c1-424b-9868-57a2d4851a1d" />
    <TestEntry testId="ccf70447-7559-6096-3df3-786383aa14b8" executionId="9bbe64dd-aec8-4e68-aa46-de4c33b9c87b" testListId="8c84fa94-04c1-424b-9868-57a2d4851a1d" />
    <TestEntry testId="69f04631-9972-f8c7-7691-95db6c883cf9" executionId="a5c7fdc3-a9ce-48b5-a147-9cbdaca6c58c" testListId="8c84fa94-04c1-424b-9868-57a2d4851a1d" />
    <TestEntry testId="d027087a-c2f7-dddb-c2d6-409cc32f3df3" executionId="95f9f322-f912-4485-b422-9400d6c20f05" testListId="8c84fa94-04c1-424b-9868-57a2d4851a1d" />
    <TestEntry testId="62dc6219-f8b7-1800-cbb5-f3387b083ce8" executionId="0fe6a944-bda4-4978-a7ac-c30967612de0" testListId="8c84fa94-04c1-424b-9868-57a2d4851a1d" />
    <TestEntry testId="49a97412-47ea-8d85-2bed-e3cbfa833b4e" executionId="149adbad-4baa-4cb3-a1f1-5d8309e2d53a" testListId="8c84fa94-04c1-424b-9868-57a2d4851a1d" />
    <TestEntry testId="f0a3d096-56c9-65ff-551f-4b2fdc28c12c" executionId="4a72b552-7d81-40ab-a7cb-b6a592546a6a" testListId="8c84fa94-04c1-424b-9868-57a2d4851a1d" />
    <TestEntry testId="e12983a0-75e1-88b3-15af-c77bd00da173" executionId="f941aab0-7975-4987-91a9-7a52043c4348" testListId="8c84fa94-04c1-424b-9868-57a2d4851a1d" />
    <TestEntry testId="87ae2a05-ce81-9c8f-2bd2-ba739c6baaea" executionId="751585dd-2296-495d-a975-478f82984cf5" testListId="8c84fa94-04c1-424b-9868-57a2d4851a1d" />
    <TestEntry testId="7a3cd1bb-e63c-1e4d-44eb-d0957004dfd0" executionId="6d07ea6d-dd41-4a3f-9319-e07f6d0635c5" testListId="8c84fa94-04c1-424b-9868-57a2d4851a1d" />
    <TestEntry testId="7f778112-3a2b-b55e-3573-2466114a2a8e" executionId="e6639ff4-51ae-4984-b8e8-c4b380b17a7c" testListId="8c84fa94-04c1-424b-9868-57a2d4851a1d" />
    <TestEntry testId="c8a14948-e2a5-d269-06d3-e53c168e27cf" executionId="ac053ff2-b99f-465f-8f7b-d30bd0a3d42f" testListId="8c84fa94-04c1-424b-9868-57a2d4851a1d" />
    <TestEntry testId="ea71b25e-e7c9-9df2-61b7-35b8a4599331" executionId="b9d75861-a8d4-401a-afcd-4be54be609ca" testListId="8c84fa94-04c1-424b-9868-57a2d4851a1d" />
    <TestEntry testId="49d36747-672f-43b4-dab6-b685da44267c" executionId="069426f4-5e8d-47ae-9746-f25549ad2778" testListId="8c84fa94-04c1-424b-9868-57a2d4851a1d" />
    <TestEntry testId="fd0b409c-1523-d706-b3f7-3dd891255108" executionId="d17695af-8304-4b83-adc9-8ad7e29ae4e3" testListId="8c84fa94-04c1-424b-9868-57a2d4851a1d" />
    <TestEntry testId="a7427fea-e82f-c736-8d34-a1eb279ba36d" executionId="85fc0772-b5da-4d5b-bcd1-ed1c80e0f75f" testListId="8c84fa94-04c1-424b-9868-57a2d4851a1d" />
    <TestEntry testId="865d114e-40f4-c157-764d-aaf55bd9e4d0" executionId="af326b69-5b3a-4208-8784-20666775b5fc" testListId="8c84fa94-04c1-424b-9868-57a2d4851a1d" />
    <TestEntry testId="2560ec52-4d9e-47e2-b2c8-15868b6b142b" executionId="4c428e7d-6ae7-4696-b3a5-f2c657dbecf2" testListId="8c84fa94-04c1-424b-9868-57a2d4851a1d" />
    <TestEntry testId="c256a9da-b87c-4fe8-8c4e-dfdb1dd19403" executionId="bcda5fb7-c84e-41f5-b878-b9181721fb79" testListId="8c84fa94-04c1-424b-9868-57a2d4851a1d" />
    <TestEntry testId="2399f681-bbf0-d19d-4bf7-da3a21e41e0f" executionId="c25b6614-daf8-40ac-ac39-abccd9c57bce" testListId="8c84fa94-04c1-424b-9868-57a2d4851a1d" />
    <TestEntry testId="851d053c-2bb4-4dca-4fc3-c070d3b3bdf0" executionId="094b01d6-353d-453c-9ddc-81c50a08b2af" testListId="8c84fa94-04c1-424b-9868-57a2d4851a1d" />
    <TestEntry testId="4069857c-e7a2-2f52-3d7b-b488aa5df2ed" executionId="71b99c2d-4436-4ce7-828d-ab827e7e9319" testListId="8c84fa94-04c1-424b-9868-57a2d4851a1d" />
    <TestEntry testId="d374edba-e142-fcfb-80d9-088080fb6bb3" executionId="20a2f8ed-1721-4f75-befc-48e74c1e9009" testListId="8c84fa94-04c1-424b-9868-57a2d4851a1d" />
    <TestEntry testId="6754100d-1f80-23ef-819f-75f4d48474e6" executionId="b86e302c-eaee-455c-b20e-50a1baa05ccb" testListId="8c84fa94-04c1-424b-9868-57a2d4851a1d" />
    <TestEntry testId="53516993-c95f-aa4d-cf2c-c8bfb5e7c7a1" executionId="eebd75a8-4eef-4d5c-a84e-c2f5d76ddec6" testListId="8c84fa94-04c1-424b-9868-57a2d4851a1d" />
    <TestEntry testId="e17fe98f-4ec5-47ea-84d4-3ea874d9d1fa" executionId="8776d621-9eae-4fd6-812f-4f4fff3bc95e" testListId="8c84fa94-04c1-424b-9868-57a2d4851a1d" />
    <TestEntry testId="23e60a3c-de93-c43b-06b6-f2f1491eda97" executionId="539aa35f-4761-4bb6-aef8-189f87650558" testListId="8c84fa94-04c1-424b-9868-57a2d4851a1d" />
    <TestEntry testId="0609db7d-3092-0347-f1cf-98e38dc2227a" executionId="9b29e72d-da8f-49af-a6cf-d3bacf3e1c66" testListId="8c84fa94-04c1-424b-9868-57a2d4851a1d" />
    <TestEntry testId="5bfe28cf-9d2a-2e6e-7d78-44597a3aadcf" executionId="2e67fa23-8855-455e-92f7-6e37e1b2e655" testListId="8c84fa94-04c1-424b-9868-57a2d4851a1d" />
    <TestEntry testId="ca2b9d43-9e0b-4004-773b-48509b1890fa" executionId="b985d32d-93e9-4c6a-856a-76d11e9a0368" testListId="8c84fa94-04c1-424b-9868-57a2d4851a1d" />
    <TestEntry testId="faf17de9-cd58-7ce5-9c1f-a6dc48d32b40" executionId="9e9b1480-c38d-4839-a266-e8df116cbbbd" testListId="8c84fa94-04c1-424b-9868-57a2d4851a1d" />
    <TestEntry testId="02dce956-8d86-0c1f-797d-2807fc7022d2" executionId="d6fe49be-4251-4c69-abc6-1f7ef4fada23" testListId="8c84fa94-04c1-424b-9868-57a2d4851a1d" />
    <TestEntry testId="724da28d-84b6-96b3-483c-5e62833deda3" executionId="29082e03-46da-4f56-9ae7-7656b8ff7bef" testListId="8c84fa94-04c1-424b-9868-57a2d4851a1d" />
    <TestEntry testId="2d3d8331-281b-a15c-63dd-0e924e787318" executionId="7a2141d2-48c2-4c26-8d5e-c99297dce328" testListId="8c84fa94-04c1-424b-9868-57a2d4851a1d" />
    <TestEntry testId="23812c71-6a7e-ed8c-17f0-9db4a3618fbb" executionId="fb504b71-6237-4d7b-9bb6-c59fb68ee827" testListId="8c84fa94-04c1-424b-9868-57a2d4851a1d" />
    <TestEntry testId="148f2f22-44c9-b960-15d3-0def7008bfcc" executionId="3a97b9a5-a6af-48c6-aa2c-0377aeba61a1" testListId="8c84fa94-04c1-424b-9868-57a2d4851a1d" />
    <TestEntry testId="05ebd3cc-2f58-df02-dcf0-f3ec42625226" executionId="71ddabbf-8caa-4723-80ef-286d3bcadfe7" testListId="8c84fa94-04c1-424b-9868-57a2d4851a1d" />
    <TestEntry testId="9c96ea5c-70e7-e8fb-4047-980a39e5ea2f" executionId="935025a1-8e5a-483b-a9ae-87f695fd5282" testListId="8c84fa94-04c1-424b-9868-57a2d4851a1d" />
    <TestEntry testId="4bc4f0f9-97d4-a621-341d-40c92a28cc7f" executionId="3b38a94b-6345-47a6-a1fd-4bcf0e39906b" testListId="8c84fa94-04c1-424b-9868-57a2d4851a1d" />
    <TestEntry testId="7d3ff19e-e3ac-6613-3ee3-878133f1442f" executionId="8ea73764-9423-4108-85c4-9144a0ab2b0e" testListId="8c84fa94-04c1-424b-9868-57a2d4851a1d" />
    <TestEntry testId="4392a433-983f-afc1-2e4c-b72bfa0f7b21" executionId="7a127e00-9749-4f54-bd27-98c096093a39" testListId="8c84fa94-04c1-424b-9868-57a2d4851a1d" />
    <TestEntry testId="1e1cc752-6293-8fc1-6803-c2c0e6376e2a" executionId="5752f7d5-1489-4a9d-a052-17d9c2f1d87b" testListId="8c84fa94-04c1-424b-9868-57a2d4851a1d" />
    <TestEntry testId="cddf81f8-e516-cea0-42eb-481cd40d736a" executionId="56ca225e-b7fb-47fd-bd8c-852bf7cafd88" testListId="8c84fa94-04c1-424b-9868-57a2d4851a1d" />
    <TestEntry testId="da430b32-b87f-5386-25d5-e65ca5f1cbbe" executionId="7e6c4298-22de-486c-818f-21236a74127f" testListId="8c84fa94-04c1-424b-9868-57a2d4851a1d" />
    <TestEntry testId="6b7e0116-3df3-84c2-c634-8d97de9414c7" executionId="2bb7f981-bbed-41cf-88ec-c1db95118c86" testListId="8c84fa94-04c1-424b-9868-57a2d4851a1d" />
    <TestEntry testId="2c3fa87e-8917-2aa9-356f-fb672837cd4f" executionId="6f2936ca-2d82-438b-b1ff-6e3cfb367d81" testListId="8c84fa94-04c1-424b-9868-57a2d4851a1d" />
    <TestEntry testId="cb6b3c87-ac17-a125-bdd0-fdda3d410979" executionId="148964ed-5a68-4661-a2dc-6873b0dbb931" testListId="8c84fa94-04c1-424b-9868-57a2d4851a1d" />
    <TestEntry testId="0f879ae0-5300-4ec6-0e80-5fdb2cf0b174" executionId="76928386-f9d1-4b6a-9d05-f89e359c650f" testListId="8c84fa94-04c1-424b-9868-57a2d4851a1d" />
    <TestEntry testId="dd3aa1a3-5815-dda1-7372-1f0f96adcf29" executionId="ceb94dd8-0726-4051-bb18-d913718e8cc0" testListId="8c84fa94-04c1-424b-9868-57a2d4851a1d" />
    <TestEntry testId="c069af58-5db8-af6d-2b46-485e266d57d0" executionId="a5cd1fcc-9f06-477e-b589-73200eb0c37f" testListId="8c84fa94-04c1-424b-9868-57a2d4851a1d" />
    <TestEntry testId="5182af24-8332-6b76-e43d-5534255c9b33" executionId="18e1a6ec-7a0a-46a9-8d69-e6b36b92e107" testListId="8c84fa94-04c1-424b-9868-57a2d4851a1d" />
    <TestEntry testId="8c17fe43-ad28-1237-3093-88cfaece3054" executionId="a44b75f0-496e-467d-a322-a054027d4d51" testListId="8c84fa94-04c1-424b-9868-57a2d4851a1d" />
    <TestEntry testId="a92e8b08-8992-7f4a-f30c-eab17c373f76" executionId="b5800bad-6a7e-47e1-9d60-1b637bf59a7c" testListId="8c84fa94-04c1-424b-9868-57a2d4851a1d" />
    <TestEntry testId="432df276-83e5-dce0-94e9-e8b3284738d7" executionId="7d65d0cc-b613-42f5-a996-b0fb9e329676" testListId="8c84fa94-04c1-424b-9868-57a2d4851a1d" />
    <TestEntry testId="6d2f50d7-d5f2-6a96-007e-e45d1bd5507f" executionId="725ad009-ccae-447c-9ffe-35576dabe642" testListId="8c84fa94-04c1-424b-9868-57a2d4851a1d" />
    <TestEntry testId="341d8281-ca41-caef-5e41-cff0c358aac4" executionId="f7b4c732-353e-4445-a1e2-3a457dabc763" testListId="8c84fa94-04c1-424b-9868-57a2d4851a1d" />
    <TestEntry testId="368ec12a-dca4-54b7-3622-6dfb4ca0fbda" executionId="0c2819c3-0efc-48a2-8013-f1287b36c5b5" testListId="8c84fa94-04c1-424b-9868-57a2d4851a1d" />
    <TestEntry testId="baeefced-7531-a8ad-4f24-83563e2d165e" executionId="f9436f6d-8286-4326-b486-f4943a3f73e4" testListId="8c84fa94-04c1-424b-9868-57a2d4851a1d" />
    <TestEntry testId="4b8e1d0c-2c01-9947-bfea-4034bd3134ab" executionId="427c62c7-2d14-4686-9d0f-47da7a691e1b" testListId="8c84fa94-04c1-424b-9868-57a2d4851a1d" />
    <TestEntry testId="719e7379-04a7-5b12-54b8-226fa36eaf3c" executionId="4c3eadcb-9948-4e52-9b89-cdb54f9f79e6" testListId="8c84fa94-04c1-424b-9868-57a2d4851a1d" />
    <TestEntry testId="ce5d2e87-3418-a9b3-e458-7c6824c2fc1d" executionId="4ab2fde8-4601-49f2-8231-d92e58730c3e" testListId="8c84fa94-04c1-424b-9868-57a2d4851a1d" />
    <TestEntry testId="6acaed0d-3636-a7c5-c282-06754242dbb3" executionId="e24917ae-598e-4dbd-bd07-e001dade8a65" testListId="8c84fa94-04c1-424b-9868-57a2d4851a1d" />
    <TestEntry testId="52aaffa4-7e81-5e30-6937-2e7b5c89a64d" executionId="6a649f2d-cf41-4072-8710-06b7491de1bb" testListId="8c84fa94-04c1-424b-9868-57a2d4851a1d" />
    <TestEntry testId="0c381378-4b4b-e9a3-6209-ef85b628a1fc" executionId="f9fd780a-844f-42af-9a29-65217e8d3e63" testListId="8c84fa94-04c1-424b-9868-57a2d4851a1d" />
    <TestEntry testId="1efcd3ce-24c4-3958-093e-ac8d75c24d2d" executionId="c799878a-a53f-4b7b-a8ff-cb86286a3be9" testListId="8c84fa94-04c1-424b-9868-57a2d4851a1d" />
    <TestEntry testId="9e7d9fd1-2bb7-5bc4-dcad-3e8a679a3152" executionId="0bce5d3c-e037-4537-990a-fb1049e74f87" testListId="8c84fa94-04c1-424b-9868-57a2d4851a1d" />
    <TestEntry testId="2b1d03d6-f697-8b7a-4ea6-50437b21c27d" executionId="c699c86e-6566-4cdc-8918-c958d2396246" testListId="8c84fa94-04c1-424b-9868-57a2d4851a1d" />
    <TestEntry testId="6a22cae7-67e2-7b24-a40c-24472efb559f" executionId="e4ed4992-0570-4203-9d7d-c246ee10a9f9" testListId="8c84fa94-04c1-424b-9868-57a2d4851a1d" />
    <TestEntry testId="8d1f6709-8357-0346-9759-dd683ad6130f" executionId="ceac24cb-e14e-48a0-b009-7287df909ab1" testListId="8c84fa94-04c1-424b-9868-57a2d4851a1d" />
    <TestEntry testId="8e0cdb6d-a87e-a0bb-6aa3-7fd02f4f61a2" executionId="a309956d-1d99-40be-9b3b-3ed05a599d85" testListId="8c84fa94-04c1-424b-9868-57a2d4851a1d" />
    <TestEntry testId="53024601-6c96-203b-375e-85fe4fceae32" executionId="50f99649-7e20-465e-ab6e-89b01d1727d9" testListId="8c84fa94-04c1-424b-9868-57a2d4851a1d" />
    <TestEntry testId="ab1943b6-8fc3-3f11-6c5d-12e31a746b9a" executionId="c8909962-14ac-44be-830d-c501b8b6f74c" testListId="8c84fa94-04c1-424b-9868-57a2d4851a1d" />
    <TestEntry testId="dc16883e-a24f-7b0e-fb1c-f685f23f6bc1" executionId="3b511ea6-8342-4672-8214-d8e1ff1cc0c5" testListId="8c84fa94-04c1-424b-9868-57a2d4851a1d" />
    <TestEntry testId="a355a6d3-9e15-fc7d-5682-25787eae5a3b" executionId="1ee5fcde-e61c-475e-8959-a6dc10e4a59e" testListId="8c84fa94-04c1-424b-9868-57a2d4851a1d" />
    <TestEntry testId="a9745b5f-1f7e-f341-61a9-ac82af374848" executionId="18bc4ab2-4911-4648-b251-17b7ca2b1d2e" testListId="8c84fa94-04c1-424b-9868-57a2d4851a1d" />
    <TestEntry testId="9218e424-6a31-6414-61ab-29fa5bc92ab0" executionId="def2680a-d8d5-4f82-8bb7-4e3f5f9bb07d" testListId="8c84fa94-04c1-424b-9868-57a2d4851a1d" />
    <TestEntry testId="7fa66499-2f67-139e-7645-ad96da7a1118" executionId="ef640208-f16e-4a5b-a7ee-66e23dd899cf" testListId="8c84fa94-04c1-424b-9868-57a2d4851a1d" />
    <TestEntry testId="c77887d7-659d-9176-f4fa-e4cea04c1c21" executionId="196b0fa6-51c3-4cc1-9bd6-4bd6b71cfccd" testListId="8c84fa94-04c1-424b-9868-57a2d4851a1d" />
    <TestEntry testId="aa6079ab-18db-8ee6-f6d3-5a6390969b35" executionId="64cc6836-ad9e-4db1-8a9f-78d32819c417" testListId="8c84fa94-04c1-424b-9868-57a2d4851a1d" />
    <TestEntry testId="dcd63b14-57dd-b2b7-eb45-bd9dbd23f6be" executionId="d8a8d38b-54da-4231-a852-740996f99ab8" testListId="8c84fa94-04c1-424b-9868-57a2d4851a1d" />
    <TestEntry testId="40e30ed1-79e1-7268-30b1-c2dfa0104ff1" executionId="09194d48-25a7-406b-8c40-c46f502423f5" testListId="8c84fa94-04c1-424b-9868-57a2d4851a1d" />
    <TestEntry testId="85779a38-ca8f-819b-207b-ec5e44ff5811" executionId="45ff54be-6def-4c8b-a513-a25504cc3703" testListId="8c84fa94-04c1-424b-9868-57a2d4851a1d" />
    <TestEntry testId="fc5a408f-7863-1cc7-07e7-b3664c40e2a3" executionId="d6dd779b-3d9e-4b4b-a762-42194929c3be" testListId="8c84fa94-04c1-424b-9868-57a2d4851a1d" />
    <TestEntry testId="f670a450-6b7b-0350-b2e2-e6ba33890789" executionId="b5abb6ea-9e98-491b-acc6-14177696e92a" testListId="8c84fa94-04c1-424b-9868-57a2d4851a1d" />
    <TestEntry testId="714489df-87a9-13d9-5af6-5d3b484159c4" executionId="a1ba8d66-886f-42cb-a12b-5e6b5a16eb9a" testListId="8c84fa94-04c1-424b-9868-57a2d4851a1d" />
    <TestEntry testId="fafab547-be4f-3f8a-016d-72daf79b2a85" executionId="f9d4b19c-d753-43c1-a6b0-6cb4819444cb" testListId="8c84fa94-04c1-424b-9868-57a2d4851a1d" />
    <TestEntry testId="197262b2-2393-f4a0-2f7b-58fbed4aeb0b" executionId="b5a9ce5d-a589-49ee-8ebb-77b560ca242a" testListId="8c84fa94-04c1-424b-9868-57a2d4851a1d" />
    <TestEntry testId="493e28ee-b747-9a51-57f5-e25835ab26b9" executionId="f4544ce1-a18a-46a4-880c-8bca7ee65b4d" testListId="8c84fa94-04c1-424b-9868-57a2d4851a1d" />
    <TestEntry testId="45fb0c03-4d57-8b81-26da-0d3ef3bfbbbd" executionId="23c7cf9c-feb5-4bf5-8099-b84e1bc15aff" testListId="8c84fa94-04c1-424b-9868-57a2d4851a1d" />
    <TestEntry testId="938c64e0-e96a-2bf4-48c5-93b808451374" executionId="b7d86429-81de-4d8f-bd84-265ecfd2dd14" testListId="8c84fa94-04c1-424b-9868-57a2d4851a1d" />
    <TestEntry testId="fb041164-deb1-0dcf-a28d-edacd800cf51" executionId="02991d8d-d0e6-42a2-b263-7746ab2ec7cd" testListId="8c84fa94-04c1-424b-9868-57a2d4851a1d" />
    <TestEntry testId="53d72da3-74c3-5683-0a9b-4b60962a9139" executionId="5dcb2850-132e-4f19-b556-6952377f78bb" testListId="8c84fa94-04c1-424b-9868-57a2d4851a1d" />
    <TestEntry testId="44b229ac-c6e5-8869-bc9b-9fcefb64c813" executionId="3af51c4a-0d14-4d84-a835-8c5aa5ac1553" testListId="8c84fa94-04c1-424b-9868-57a2d4851a1d" />
    <TestEntry testId="a75f37c7-5518-80d5-b056-c3557585821a" executionId="fbe35ff0-9a16-4ca5-b67b-1dab7dcfb383" testListId="8c84fa94-04c1-424b-9868-57a2d4851a1d" />
    <TestEntry testId="9d27f9dd-bee5-ad4d-4d08-322e0473c6d1" executionId="433e78d0-5ac5-4df5-bb76-09a45fc20e59" testListId="8c84fa94-04c1-424b-9868-57a2d4851a1d" />
    <TestEntry testId="cc62bc4d-6871-7e59-deae-41da2b186250" executionId="86c758c9-939f-434d-ae30-669254fd11c5" testListId="8c84fa94-04c1-424b-9868-57a2d4851a1d" />
    <TestEntry testId="621b3e6c-94e5-aa22-d0fc-7414bc68a676" executionId="44a04335-38cd-4424-bceb-f241f6cab75e" testListId="8c84fa94-04c1-424b-9868-57a2d4851a1d" />
    <TestEntry testId="06f31c71-e159-e44b-b86c-d0eccc6cce4a" executionId="49aa1e23-92d8-455a-987a-5827621c89b6" testListId="8c84fa94-04c1-424b-9868-57a2d4851a1d" />
    <TestEntry testId="bcbcac18-76c3-411a-159f-56628979bbca" executionId="8e8dc8c3-7a93-4cda-8fe6-cb6bccd9b809" testListId="8c84fa94-04c1-424b-9868-57a2d4851a1d" />
    <TestEntry testId="120960ce-031c-186f-a2d4-e54ff9bda433" executionId="b6502cca-43bb-4621-b5cd-aba5c69ea217" testListId="8c84fa94-04c1-424b-9868-57a2d4851a1d" />
    <TestEntry testId="33e60378-b0f9-a1e8-2a41-4ca2a3cfe8a2" executionId="097153f7-9fd0-4563-852d-ba6075776f43" testListId="8c84fa94-04c1-424b-9868-57a2d4851a1d" />
    <TestEntry testId="e0d15f5d-2dc8-ac60-2906-b8e70689d720" executionId="e4b2ae4b-610a-41ec-b2b6-4c9c2abc46b6" testListId="8c84fa94-04c1-424b-9868-57a2d4851a1d" />
    <TestEntry testId="7c831ad0-1454-0576-e4f1-327f2f22d5df" executionId="29c76e26-d8df-4181-bdf4-219d83095018" testListId="8c84fa94-04c1-424b-9868-57a2d4851a1d" />
    <TestEntry testId="5ea6c6be-bfb7-8408-77c4-c7625fb781eb" executionId="3f89474d-28a7-452b-a67b-286c3a0ac38d" testListId="8c84fa94-04c1-424b-9868-57a2d4851a1d" />
    <TestEntry testId="5a8a2b66-7da6-49d7-3b65-d5f83c0b12e8" executionId="fe3ad109-7b02-4015-8c01-a7b09fbca3fb" testListId="8c84fa94-04c1-424b-9868-57a2d4851a1d" />
    <TestEntry testId="3f60763a-b577-eeed-c30c-320fb164ade4" executionId="92bbb532-0fdb-425d-a0f6-46deb514a5cd" testListId="8c84fa94-04c1-424b-9868-57a2d4851a1d" />
    <TestEntry testId="26b8d371-64b1-a574-1529-a5e83201d4b9" executionId="0dd15915-8398-4711-87a7-ea0159c7268b" testListId="8c84fa94-04c1-424b-9868-57a2d4851a1d" />
    <TestEntry testId="708b5838-525b-9732-163a-d8206b4b1007" executionId="4ed08e41-fde9-427d-a2a8-e3e86f0d2de3" testListId="8c84fa94-04c1-424b-9868-57a2d4851a1d" />
    <TestEntry testId="e6212808-3bad-54a5-b37e-b4b8b151e6ed" executionId="6305f35a-3765-43b8-ac9a-d094df1925c9" testListId="8c84fa94-04c1-424b-9868-57a2d4851a1d" />
    <TestEntry testId="348f3bfb-9024-913d-3753-411c60c9a9d4" executionId="ab83b4b5-55f4-4b72-a7d4-39dafb1fb6be" testListId="8c84fa94-04c1-424b-9868-57a2d4851a1d" />
    <TestEntry testId="eafd5015-2358-0936-611a-c7af7eb50757" executionId="f24e8d95-dbf3-42c0-b30d-117a5d3cfc90" testListId="8c84fa94-04c1-424b-9868-57a2d4851a1d" />
    <TestEntry testId="d64bdb11-2f48-01bf-1cfb-8b9c6ecba2ca" executionId="3e1c47e4-3f9e-4abb-a157-dcefe4e824f2" testListId="8c84fa94-04c1-424b-9868-57a2d4851a1d" />
    <TestEntry testId="0256b450-4548-f0fc-56fb-3a2e6068ac9c" executionId="eac014e6-afae-48f4-9bc8-6f8901661297" testListId="8c84fa94-04c1-424b-9868-57a2d4851a1d" />
    <TestEntry testId="4c9c7f2d-e46e-b506-fc56-15b5791cda80" executionId="5a1adb00-bbe6-4217-9b01-50a59f104ee5" testListId="8c84fa94-04c1-424b-9868-57a2d4851a1d" />
    <TestEntry testId="d6d21df9-d28c-a283-dc3a-effc8e422f07" executionId="8d41701d-a326-49f0-a727-17562762847f" testListId="8c84fa94-04c1-424b-9868-57a2d4851a1d" />
    <TestEntry testId="7675b2c9-2801-2978-b574-ca696dd66679" executionId="2b95f367-a75d-4772-a695-6edb7e5fe69e" testListId="8c84fa94-04c1-424b-9868-57a2d4851a1d" />
    <TestEntry testId="ae87dd37-e2a0-72d6-32c8-8637a75e65f9" executionId="a198f043-b5b1-49e6-a47a-2afd9a4e54ec" testListId="8c84fa94-04c1-424b-9868-57a2d4851a1d" />
    <TestEntry testId="de35a2c6-7101-0041-ff0e-920b9a7b7c18" executionId="3714262a-ee3a-44b0-bbab-1d54eaccaced" testListId="8c84fa94-04c1-424b-9868-57a2d4851a1d" />
    <TestEntry testId="abe0d671-96ac-b27e-0ccc-1f3444d5bd6c" executionId="e14f44ca-c3f7-4109-9d05-0533085bd1fb" testListId="8c84fa94-04c1-424b-9868-57a2d4851a1d" />
    <TestEntry testId="d907c9ea-cd47-761b-c557-4383bc06c21a" executionId="9ad441e1-90b7-4b4f-bc11-bdced38b6d13" testListId="8c84fa94-04c1-424b-9868-57a2d4851a1d" />
    <TestEntry testId="ec622698-db75-8ac8-1cc2-4dc72ce19515" executionId="5098db47-6964-405d-8c9e-674966b142b0" testListId="8c84fa94-04c1-424b-9868-57a2d4851a1d" />
    <TestEntry testId="e03eb2aa-73bc-0d28-2ec1-929225eea628" executionId="87d43b29-94e3-40b6-b040-ea4038da2ace" testListId="8c84fa94-04c1-424b-9868-57a2d4851a1d" />
    <TestEntry testId="08814e5b-55a7-2634-fcc3-a9c6091c2076" executionId="12f593a8-e37f-458a-b2d6-5a1669476d75" testListId="8c84fa94-04c1-424b-9868-57a2d4851a1d" />
    <TestEntry testId="5303f64e-f492-32f7-bfd1-5b29f642f2a3" executionId="256ff304-4e32-4dda-834b-54d43b9d82aa" testListId="8c84fa94-04c1-424b-9868-57a2d4851a1d" />
    <TestEntry testId="6ea5d0ce-b29a-d6f4-d0a3-bd3e51a2e333" executionId="238573ad-1872-4f24-8830-52f0f2776f94" testListId="8c84fa94-04c1-424b-9868-57a2d4851a1d" />
    <TestEntry testId="9f50eb42-61db-2118-8e1b-a68b46dca662" executionId="6d06f547-d86e-4897-9146-a33fd941c221" testListId="8c84fa94-04c1-424b-9868-57a2d4851a1d" />
    <TestEntry testId="43e51f6c-eb37-f708-5321-df9c86c2d655" executionId="4f78a9f9-74dc-41cc-bdc9-63afc7f747b2" testListId="8c84fa94-04c1-424b-9868-57a2d4851a1d" />
    <TestEntry testId="db63d9d5-d584-7e38-bb95-d18a710b52d5" executionId="fc018751-dfa5-4072-9381-6c01b347ac5e" testListId="8c84fa94-04c1-424b-9868-57a2d4851a1d" />
    <TestEntry testId="2d2ab252-5c2c-abbb-4d9d-2f4ed667c041" executionId="d004c5f4-eda7-4335-bec8-49c708b95616" testListId="8c84fa94-04c1-424b-9868-57a2d4851a1d" />
    <TestEntry testId="920bd50c-e812-438b-19f3-d92d98207fea" executionId="7ef480b5-bea8-4bce-a26b-7f43da276293" testListId="8c84fa94-04c1-424b-9868-57a2d4851a1d" />
    <TestEntry testId="9fae9b75-851b-e067-ef66-2c5b11ee7fcf" executionId="d3e2e9cc-9422-4466-9e66-ae18eb82dacb" testListId="8c84fa94-04c1-424b-9868-57a2d4851a1d" />
    <TestEntry testId="03215f74-0ff4-6f05-f3d6-7ce9f1eaa7df" executionId="aa2e2185-b2e9-4e6e-a43f-2afc31fda43e" testListId="8c84fa94-04c1-424b-9868-57a2d4851a1d" />
    <TestEntry testId="f21cf765-eadf-9a42-a439-9a8c44fdacb0" executionId="fe98ef10-eb7a-4279-b6bb-b992ba9d7416" testListId="8c84fa94-04c1-424b-9868-57a2d4851a1d" />
    <TestEntry testId="543f0450-a6c7-d638-f0a0-7789efdcfeac" executionId="886ac3ff-e1ed-459b-8053-cb325b89d244" testListId="8c84fa94-04c1-424b-9868-57a2d4851a1d" />
    <TestEntry testId="6d8554bc-0dd9-0281-c55d-accd39ff71a8" executionId="7072530a-3c4e-41c2-a0bc-fa547885a309" testListId="8c84fa94-04c1-424b-9868-57a2d4851a1d" />
    <TestEntry testId="9f027515-0070-69fe-200d-e706bfbede40" executionId="d0c25396-2700-4596-8247-54942fae17c0" testListId="8c84fa94-04c1-424b-9868-57a2d4851a1d" />
    <TestEntry testId="a6d52972-2635-aa7a-7e7c-bbc5bb177173" executionId="40155da6-fe97-4613-a2e7-00411905bf41" testListId="8c84fa94-04c1-424b-9868-57a2d4851a1d" />
    <TestEntry testId="27ba0da5-b064-88d3-9dc4-dccfa2da11f7" executionId="917d9568-db04-4ec8-a55d-a1b0de03c77c" testListId="8c84fa94-04c1-424b-9868-57a2d4851a1d" />
    <TestEntry testId="d6cdfc40-8954-f2e2-4519-15abe61bf284" executionId="0bbd8d16-fed4-4b69-b2f0-875e88cc4905" testListId="8c84fa94-04c1-424b-9868-57a2d4851a1d" />
    <TestEntry testId="5ff61744-0565-4d76-89ee-f94abaea90bf" executionId="7f392399-e823-48aa-b6ea-ff9fb12a4eef" testListId="8c84fa94-04c1-424b-9868-57a2d4851a1d" />
    <TestEntry testId="31ee18a7-1489-19f5-5e07-e7120887ffe3" executionId="da0ea7eb-5993-46d3-9863-463b34c151f1" testListId="8c84fa94-04c1-424b-9868-57a2d4851a1d" />
    <TestEntry testId="6cc11660-c5a6-443d-c7d8-a887f0792a21" executionId="b1aaab10-c2e1-469c-8c35-01aa73ba649b" testListId="8c84fa94-04c1-424b-9868-57a2d4851a1d" />
    <TestEntry testId="7f34e314-8ec8-1241-444a-335080a248c5" executionId="ad470c8d-3f3d-4ffd-8711-fc9507e78147" testListId="8c84fa94-04c1-424b-9868-57a2d4851a1d" />
    <TestEntry testId="dd298365-59bc-1b69-eaf9-3c166cf00cb2" executionId="fe1c454f-9d05-4579-82c1-b65c66ce8074" testListId="8c84fa94-04c1-424b-9868-57a2d4851a1d" />
    <TestEntry testId="49560d8b-036f-c3f2-286d-423dc2b6d044" executionId="64e1a78f-080d-48cc-8e0d-d340e5245e26" testListId="8c84fa94-04c1-424b-9868-57a2d4851a1d" />
    <TestEntry testId="ee0a9bf9-ecfd-94e2-0637-e2e0eaa6ddcb" executionId="36b06b6e-c9a8-4459-81ab-7378bd5c9247" testListId="8c84fa94-04c1-424b-9868-57a2d4851a1d" />
    <TestEntry testId="48e81a6e-22d5-bb11-1f8d-7d67a9a0fdd6" executionId="077d0ab1-1c89-4730-9838-8aa9c7421487" testListId="8c84fa94-04c1-424b-9868-57a2d4851a1d" />
    <TestEntry testId="abdb31d5-7c12-44af-d6c9-b20415ed9388" executionId="9424ad52-e247-4498-a30c-077f6b777b75" testListId="8c84fa94-04c1-424b-9868-57a2d4851a1d" />
    <TestEntry testId="eb1d3de5-92ed-8700-bba9-aa964755f67a" executionId="1d4f6dcb-8e53-4309-aa36-19015fd60672" testListId="8c84fa94-04c1-424b-9868-57a2d4851a1d" />
    <TestEntry testId="593b0757-abf4-1349-9bba-696bdb7eb89c" executionId="36b20c14-f750-4e22-923e-3fca63254d54" testListId="8c84fa94-04c1-424b-9868-57a2d4851a1d" />
    <TestEntry testId="b0808a9c-fac5-5d8e-f3de-98b384d771d7" executionId="cdb18ae4-ff9b-4ec3-9dc5-e4774857c748" testListId="8c84fa94-04c1-424b-9868-57a2d4851a1d" />
    <TestEntry testId="2e5db011-38d1-7b21-d128-072b48809442" executionId="5e39a0e9-6243-4ac7-a161-218ee4ff8e6a" testListId="8c84fa94-04c1-424b-9868-57a2d4851a1d" />
    <TestEntry testId="586f7215-09b5-79d6-1186-86abde2e5fda" executionId="37b5e143-9cb4-49a7-b49d-1fead3d1df12" testListId="8c84fa94-04c1-424b-9868-57a2d4851a1d" />
    <TestEntry testId="b28e78a0-c32b-d372-c50d-ee9c296fbdad" executionId="a788ba68-95b1-4919-a912-376edeb6bd55" testListId="8c84fa94-04c1-424b-9868-57a2d4851a1d" />
    <TestEntry testId="4bbd5921-670f-9d4d-cdd9-deddf78415d3" executionId="f6bf5399-8bed-4b2d-a5cd-73bcb7bf55f6" testListId="8c84fa94-04c1-424b-9868-57a2d4851a1d" />
    <TestEntry testId="6291ba75-e541-f37e-b5f0-ef649fb4af20" executionId="af5d270b-51b4-4e06-b09b-1d91f4627e23" testListId="8c84fa94-04c1-424b-9868-57a2d4851a1d" />
    <TestEntry testId="5eb546d8-75ab-655a-c197-fdfdf0225a73" executionId="94c1586c-0265-4b00-9602-7d892c25e8c2" testListId="8c84fa94-04c1-424b-9868-57a2d4851a1d" />
    <TestEntry testId="e5cebc9e-2ea0-4708-8bfb-5dcb9bfa04a5" executionId="48992e75-90f8-420b-87e3-5040385ca78e" testListId="8c84fa94-04c1-424b-9868-57a2d4851a1d" />
    <TestEntry testId="ec0b8b51-286a-3fd2-642c-33b7b93b8153" executionId="254d8160-bd7b-464d-87b7-c6e1d36f6b7b" testListId="8c84fa94-04c1-424b-9868-57a2d4851a1d" />
    <TestEntry testId="4fd82f41-87cb-5feb-ea64-f52a4fcbf05b" executionId="108c6c50-9fe2-4f56-8d70-b90e6d61020e" testListId="8c84fa94-04c1-424b-9868-57a2d4851a1d" />
    <TestEntry testId="b62cddbd-946d-c456-ad19-9543d8db24d1" executionId="d73dd75a-cb7b-4e23-adb2-afddd806074e" testListId="8c84fa94-04c1-424b-9868-57a2d4851a1d" />
    <TestEntry testId="681cb830-7020-c93b-96d9-0dc8b9138fcf" executionId="d8211513-e41c-40b7-bacd-318d25515434" testListId="8c84fa94-04c1-424b-9868-57a2d4851a1d" />
    <TestEntry testId="70e0ec0c-6af7-b66b-b7fc-e3c04eba84a3" executionId="06e7c681-7dbf-4f87-81cc-fafad49f01c9" testListId="8c84fa94-04c1-424b-9868-57a2d4851a1d" />
    <TestEntry testId="7b60f961-e205-03a0-285f-296df9664e70" executionId="c5d71e87-0370-4844-979e-f9a468904df4" testListId="8c84fa94-04c1-424b-9868-57a2d4851a1d" />
    <TestEntry testId="f67354a7-7c4d-3d09-3f7a-a780c4ddbab2" executionId="9d1d210b-555a-4495-9ad1-6f5060789388" testListId="8c84fa94-04c1-424b-9868-57a2d4851a1d" />
    <TestEntry testId="35fc1930-c1ff-1f06-2458-ade0bcbd9fca" executionId="69867845-6d05-4004-85bf-4a72a623e653" testListId="8c84fa94-04c1-424b-9868-57a2d4851a1d" />
    <TestEntry testId="02f3accf-a72b-9fbf-fd12-9eb3a127eff8" executionId="218746a0-f09c-4ac3-abf8-5287d8745e67" testListId="8c84fa94-04c1-424b-9868-57a2d4851a1d" />
    <TestEntry testId="1700de2b-7529-f5b6-793a-a9d501a1dbef" executionId="ed79ff4c-4e0c-455a-bf38-c224ccbf3123" testListId="8c84fa94-04c1-424b-9868-57a2d4851a1d" />
    <TestEntry testId="6af232ed-195b-d67c-6d1a-f52901f0218f" executionId="54368449-68ee-4ae0-88d1-fe2cbe042398" testListId="8c84fa94-04c1-424b-9868-57a2d4851a1d" />
    <TestEntry testId="d6dfba1f-38f3-4f84-7166-2635b00c9864" executionId="825a5dfc-20a9-458e-9b26-c75d6e4455e5" testListId="8c84fa94-04c1-424b-9868-57a2d4851a1d" />
    <TestEntry testId="14c10437-25fa-f41b-f703-31f4d47e74f4" executionId="0f9ba2d1-d6b0-437a-80e4-20d94b6d365e" testListId="8c84fa94-04c1-424b-9868-57a2d4851a1d" />
    <TestEntry testId="5dc15847-25cd-f5bf-cc86-b343b84e55ea" executionId="1fc75320-1288-4aeb-b7a8-9d9602f76316" testListId="8c84fa94-04c1-424b-9868-57a2d4851a1d" />
    <TestEntry testId="84988936-ab74-0e35-dc72-268fd30acc79" executionId="9b40549c-46e2-4180-a2f2-8adcbf47c0c5" testListId="8c84fa94-04c1-424b-9868-57a2d4851a1d" />
    <TestEntry testId="7f3a1cc5-b4ca-a3b7-8376-1792e91fcb83" executionId="d8823a5a-abcb-46ac-92ae-ddc1923c2d39" testListId="8c84fa94-04c1-424b-9868-57a2d4851a1d" />
    <TestEntry testId="80e86035-bbfa-5df5-fbcd-37c7751d1ecd" executionId="a13fccd1-722f-488d-a6de-7beb79676ecc" testListId="8c84fa94-04c1-424b-9868-57a2d4851a1d" />
    <TestEntry testId="f5d740ab-d577-4943-4daa-7ad3ee06b3bd" executionId="95189e7d-932a-460a-b5ab-773de7c4196a" testListId="8c84fa94-04c1-424b-9868-57a2d4851a1d" />
    <TestEntry testId="aca41d65-e1e2-6800-3868-f8fa5c5ab7d5" executionId="7ddd2efd-bc3d-48a7-ad3c-bbd1c1cdc150" testListId="8c84fa94-04c1-424b-9868-57a2d4851a1d" />
    <TestEntry testId="96ca16f4-6b0c-4caa-a2ff-7d1dc08785c0" executionId="56527965-291c-4189-86f9-52d7189bf4db" testListId="8c84fa94-04c1-424b-9868-57a2d4851a1d" />
    <TestEntry testId="d271b3b4-1eab-c036-c71c-d3c0da17f5cd" executionId="f3a70cf2-de71-45aa-9dcc-4b859374ef37" testListId="8c84fa94-04c1-424b-9868-57a2d4851a1d" />
    <TestEntry testId="e9b8d58e-46af-3699-b0f5-0b4f26fbb369" executionId="18f46c53-e3aa-483e-9f8b-5b1d7c726400" testListId="8c84fa94-04c1-424b-9868-57a2d4851a1d" />
    <TestEntry testId="8f758df7-b3b2-4f7b-221e-8902631501c1" executionId="c8165506-f544-4d40-8e1a-5d7d57852f34" testListId="8c84fa94-04c1-424b-9868-57a2d4851a1d" />
    <TestEntry testId="eab90d3a-fb61-8b1c-8297-2dd471e405c9" executionId="7f0ce72f-7304-4f92-98a4-537224a5a7f7" testListId="8c84fa94-04c1-424b-9868-57a2d4851a1d" />
    <TestEntry testId="d8742b48-7ed1-a295-010c-b51f537390b2" executionId="2b4fbd51-415b-4428-b766-3231268e1ed3" testListId="8c84fa94-04c1-424b-9868-57a2d4851a1d" />
    <TestEntry testId="8364336f-34c3-199c-0172-38252de9ba0c" executionId="e416f9ab-35f8-4d39-8255-48ceae00a2e8" testListId="8c84fa94-04c1-424b-9868-57a2d4851a1d" />
    <TestEntry testId="52d86c1e-8881-f066-eec9-8d7c2a823dd8" executionId="33718082-bfa7-49a5-8753-be0d182414a9" testListId="8c84fa94-04c1-424b-9868-57a2d4851a1d" />
    <TestEntry testId="2ce0a661-3586-feaa-88bb-d09dcc2b33a9" executionId="735a5895-1ff3-4353-a62a-8204757d0c5c" testListId="8c84fa94-04c1-424b-9868-57a2d4851a1d" />
    <TestEntry testId="f91c8bfb-2904-ba24-c30d-f3bad70227b3" executionId="bf5fb6ea-fbf6-47b6-b112-0270c17d51eb" testListId="8c84fa94-04c1-424b-9868-57a2d4851a1d" />
    <TestEntry testId="ff8206f4-1a70-a4a1-d105-e957983d011b" executionId="ea6f8edd-ba75-47b3-994b-a6f883199059" testListId="8c84fa94-04c1-424b-9868-57a2d4851a1d" />
    <TestEntry testId="7280ebf5-5011-9683-7356-b1d3937bb02d" executionId="9453dc7c-9201-4086-8a47-61541acf4649" testListId="8c84fa94-04c1-424b-9868-57a2d4851a1d" />
    <TestEntry testId="231c35e5-68fd-0174-0a99-57d467811311" executionId="7420530d-4ade-4eee-b836-72ff015152ff" testListId="8c84fa94-04c1-424b-9868-57a2d4851a1d" />
    <TestEntry testId="d9cf3424-012b-c62b-ac12-77854a650be6" executionId="77fd51de-5d17-4a48-a82f-bd380f2b821d" testListId="8c84fa94-04c1-424b-9868-57a2d4851a1d" />
    <TestEntry testId="a9ed2ab8-589f-953c-bf2b-07fe789da964" executionId="967c7cd6-5693-43b8-8194-44d0cda0cc80" testListId="8c84fa94-04c1-424b-9868-57a2d4851a1d" />
    <TestEntry testId="af2b3c4d-ff6a-2963-74fa-f57cf7663346" executionId="3dbfe494-096a-4d03-843e-249374e3dcb7" testListId="8c84fa94-04c1-424b-9868-57a2d4851a1d" />
    <TestEntry testId="462b8bc2-c430-e3d0-c70f-64cbbbba8a85" executionId="fb416008-8084-4c79-a1e0-c638f527e42a" testListId="8c84fa94-04c1-424b-9868-57a2d4851a1d" />
    <TestEntry testId="5fa04aa5-97a5-b23e-5191-2c8c0bc677ab" executionId="7602444a-a248-47e4-9886-9e7f312ca196" testListId="8c84fa94-04c1-424b-9868-57a2d4851a1d" />
    <TestEntry testId="5c2d91f5-e644-2e61-be83-50abd115fa8b" executionId="988ff436-ca7b-4245-a77d-f8d4870100b5" testListId="8c84fa94-04c1-424b-9868-57a2d4851a1d" />
    <TestEntry testId="6d88926e-fa15-21d5-74c1-a1729fe0d245" executionId="cf27230d-6f24-4604-963b-388fa23d3847" testListId="8c84fa94-04c1-424b-9868-57a2d4851a1d" />
    <TestEntry testId="80e37262-ef46-b1de-409a-fe3b316cff54" executionId="72aeb324-e0d5-44fd-a1bf-7639441c8666" testListId="8c84fa94-04c1-424b-9868-57a2d4851a1d" />
    <TestEntry testId="65c9dc02-f523-a695-78ad-0b08246cef74" executionId="e8cd3bda-11d5-4fb0-beda-43c3132987e5" testListId="8c84fa94-04c1-424b-9868-57a2d4851a1d" />
    <TestEntry testId="78529e5b-6d25-9734-8582-b42a804f8cc6" executionId="31d5bbc6-cab8-4fe4-948a-31c26fcd15a4" testListId="8c84fa94-04c1-424b-9868-57a2d4851a1d" />
    <TestEntry testId="c65a0001-d541-5330-36be-1f6426d327a3" executionId="c23924f6-09af-4619-aee4-44d221d09456" testListId="8c84fa94-04c1-424b-9868-57a2d4851a1d" />
    <TestEntry testId="3fc31f8c-9baf-4032-9f2f-219db64463ff" executionId="b19df280-2e86-4bb3-a7dd-08d21208b70a" testListId="8c84fa94-04c1-424b-9868-57a2d4851a1d" />
    <TestEntry testId="bab71fd7-886e-237f-f842-125e752f14dc" executionId="58bfafab-5605-405c-b84a-91d90c5063bc" testListId="8c84fa94-04c1-424b-9868-57a2d4851a1d" />
    <TestEntry testId="8d043305-bc61-b32b-496a-998a52b5fe95" executionId="bef55e20-4755-4ee3-aefb-a38d826b526b" testListId="8c84fa94-04c1-424b-9868-57a2d4851a1d" />
    <TestEntry testId="8878d653-131d-820b-62fa-17e46e8fe214" executionId="e24ce872-3b8d-4edc-a6c1-0a22928ec1aa" testListId="8c84fa94-04c1-424b-9868-57a2d4851a1d" />
    <TestEntry testId="2cbd047e-111f-ce07-9594-d3c7dd3ca130" executionId="fc08af9a-2cb0-4d63-98bb-caa25afeb180" testListId="8c84fa94-04c1-424b-9868-57a2d4851a1d" />
    <TestEntry testId="25bbc356-9eb3-f60f-231f-c366648046fe" executionId="2cec52f5-5887-4c9b-a431-24d3c52a2330" testListId="8c84fa94-04c1-424b-9868-57a2d4851a1d" />
    <TestEntry testId="29bd9b85-9ca7-ce8f-a060-75b351632f03" executionId="05cfad80-c993-4e2c-827e-f8308b57d2bb" testListId="8c84fa94-04c1-424b-9868-57a2d4851a1d" />
    <TestEntry testId="6c1c0a0a-a2c9-58e1-ccca-3b3ad75cf06e" executionId="0de8624f-3829-4e28-8719-d370207c0a65" testListId="8c84fa94-04c1-424b-9868-57a2d4851a1d" />
    <TestEntry testId="a62896e8-6275-5559-b3eb-b86e4f855284" executionId="fbe16af4-ddfc-4850-ac0b-8de2c4828975" testListId="8c84fa94-04c1-424b-9868-57a2d4851a1d" />
    <TestEntry testId="efb77e28-745c-442b-bde7-568165562109" executionId="1fd4ec5b-5d11-4a5f-b698-aa0cbf93da4c" testListId="8c84fa94-04c1-424b-9868-57a2d4851a1d" />
    <TestEntry testId="b4326cab-2fe8-ac16-621b-e72753e6a588" executionId="86745789-1876-4af5-9e02-ee6be67ecf63" testListId="8c84fa94-04c1-424b-9868-57a2d4851a1d" />
    <TestEntry testId="5b0f1f73-e141-ce6a-f8c4-9df78e783452" executionId="686dcf23-82f8-4233-a0b2-d5ebce6f8786" testListId="8c84fa94-04c1-424b-9868-57a2d4851a1d" />
    <TestEntry testId="d831213e-6cf4-c347-2074-10a890bd0691" executionId="d489227f-e3ed-4e19-8a43-e22d75586534" testListId="8c84fa94-04c1-424b-9868-57a2d4851a1d" />
    <TestEntry testId="d4f88441-5cab-151e-843a-75ed03e180e8" executionId="3cc9d8ca-e964-4874-84b6-b3f37d6192f6" testListId="8c84fa94-04c1-424b-9868-57a2d4851a1d" />
    <TestEntry testId="bf819ab8-3b06-7bbb-5da0-2fc6b3ffc9c0" executionId="9bfb4baa-5731-4d4f-b3b5-20be96531f2c" testListId="8c84fa94-04c1-424b-9868-57a2d4851a1d" />
    <TestEntry testId="eabc0dd8-6e9b-6360-910e-08ed0bfbaae3" executionId="ee25bbb3-955b-4de1-938a-8275cb785e0f" testListId="8c84fa94-04c1-424b-9868-57a2d4851a1d" />
    <TestEntry testId="f80fe207-0c24-c3ea-3fe9-12b6f7d97ed2" executionId="caebf3c7-291c-4727-a13a-68a8ab60c02a" testListId="8c84fa94-04c1-424b-9868-57a2d4851a1d" />
    <TestEntry testId="61baba43-f09d-bc5d-b600-0f3157e72fef" executionId="a7d970ef-8a8f-4814-b239-b7afc5afccb9" testListId="8c84fa94-04c1-424b-9868-57a2d4851a1d" />
    <TestEntry testId="fc220089-2fae-e915-4151-04fff78a31a2" executionId="346d6b61-9f2d-48c9-8f34-c0f16fe52795" testListId="8c84fa94-04c1-424b-9868-57a2d4851a1d" />
    <TestEntry testId="b716af4b-b9db-6ff4-e6de-aaa11c2d77bd" executionId="4f31244b-489a-4fd5-baa4-29f9d4192d22" testListId="8c84fa94-04c1-424b-9868-57a2d4851a1d" />
    <TestEntry testId="7a4c32cc-619d-76f4-9f2e-a1e65f36f6c0" executionId="df2627e1-c1bf-4ff0-828f-4ada88b0632d" testListId="8c84fa94-04c1-424b-9868-57a2d4851a1d" />
    <TestEntry testId="0c1ae598-ce2f-1154-e8fa-56c68a97164a" executionId="07de91e1-59ff-4484-965d-e8f05ae07dc1" testListId="8c84fa94-04c1-424b-9868-57a2d4851a1d" />
    <TestEntry testId="dc8c21ba-1f52-d330-b11c-f13d4d3a5825" executionId="6e5c4309-294f-475f-b6b8-c2dce1767be5" testListId="8c84fa94-04c1-424b-9868-57a2d4851a1d" />
    <TestEntry testId="72472e01-002a-2a00-2ab3-dd44052b957f" executionId="138ad61c-b226-4816-ab11-308c2c447ead" testListId="8c84fa94-04c1-424b-9868-57a2d4851a1d" />
    <TestEntry testId="71316403-a8c7-5b00-bb35-3bef40901945" executionId="4077bc5f-9c77-40f5-b050-3e7e6bf743bb" testListId="8c84fa94-04c1-424b-9868-57a2d4851a1d" />
    <TestEntry testId="a9682a61-d490-06e7-25b2-367e497fefab" executionId="81d1f55d-5ac6-416a-b82c-e1f335d89e23" testListId="8c84fa94-04c1-424b-9868-57a2d4851a1d" />
    <TestEntry testId="8daf9afb-3a83-6a87-26fc-0260a7813b40" executionId="79d5d2ee-96b2-44ca-a4f6-0c3dd095a2bc" testListId="8c84fa94-04c1-424b-9868-57a2d4851a1d" />
    <TestEntry testId="a15d5cc9-12f0-e016-a487-867576b2c529" executionId="41664610-6b53-4014-9aef-493c29e73493" testListId="8c84fa94-04c1-424b-9868-57a2d4851a1d" />
    <TestEntry testId="d8b55c29-bdcb-3e96-d37c-90aaa6c91c8d" executionId="e3019ae4-b1d0-41cb-9e65-a9f320615c4d" testListId="8c84fa94-04c1-424b-9868-57a2d4851a1d" />
    <TestEntry testId="5b035ccb-710f-4b2a-20d3-81cf4dca64d2" executionId="7da8e434-c795-46e6-ae37-bca1e5ae5ab5" testListId="8c84fa94-04c1-424b-9868-57a2d4851a1d" />
    <TestEntry testId="93ac5e19-fc4b-4418-1995-c625d750d655" executionId="31dd18b7-ae42-4aae-b401-c9ca92a90934" testListId="8c84fa94-04c1-424b-9868-57a2d4851a1d" />
    <TestEntry testId="6da08855-b87c-d6c7-7f6b-f2fa06ffed09" executionId="3a5951d0-a9ec-4ecd-8078-2433cd90bc87" testListId="8c84fa94-04c1-424b-9868-57a2d4851a1d" />
    <TestEntry testId="fbe27a04-ed05-1c89-6428-8082f3dd90af" executionId="71f1cbad-0148-4554-a05f-81f8da6fb416" testListId="8c84fa94-04c1-424b-9868-57a2d4851a1d" />
    <TestEntry testId="b417a7ca-1698-176a-ad2f-071e2a5f4efc" executionId="ac6ea670-d856-4220-af6f-362d3e9cb401" testListId="8c84fa94-04c1-424b-9868-57a2d4851a1d" />
    <TestEntry testId="a7042f0f-0cc2-1306-d553-e65d739042f0" executionId="2a0461b5-d6c0-479b-a049-e36c7aae077c" testListId="8c84fa94-04c1-424b-9868-57a2d4851a1d" />
    <TestEntry testId="ced080d8-17b9-5a4f-e66a-bb0eaa74c3d3" executionId="a297d456-a467-4053-9d8f-11e0f20d3cb0" testListId="8c84fa94-04c1-424b-9868-57a2d4851a1d" />
    <TestEntry testId="9a08d95a-13a2-7dee-5673-b1181b02739d" executionId="d8ee8ebd-f732-4a82-a339-683d7411b6aa" testListId="8c84fa94-04c1-424b-9868-57a2d4851a1d" />
    <TestEntry testId="336f1c2d-eec1-ac77-cfe0-140038cf12e8" executionId="b1cf69da-1d32-4c50-8cfc-9d875c80ecbd" testListId="8c84fa94-04c1-424b-9868-57a2d4851a1d" />
    <TestEntry testId="ca485b30-169b-793c-d534-5b16632bac5d" executionId="99c6d18c-f7ec-458c-9030-b9491a4c71f9" testListId="8c84fa94-04c1-424b-9868-57a2d4851a1d" />
    <TestEntry testId="d1cf06be-387e-10b9-ede0-12d37630d3b9" executionId="d989ab36-4823-44ca-bd48-e5e0d669a7c9" testListId="8c84fa94-04c1-424b-9868-57a2d4851a1d" />
    <TestEntry testId="b411b51c-fd28-1ed2-92de-c0bb804f8529" executionId="59cae3f9-6a2a-419d-8ce5-f097ece2512d" testListId="8c84fa94-04c1-424b-9868-57a2d4851a1d" />
    <TestEntry testId="4d50205b-99db-fdf4-23f0-92338d45e6fa" executionId="88b166bc-d221-4332-8247-bf3d4e53c836" testListId="8c84fa94-04c1-424b-9868-57a2d4851a1d" />
    <TestEntry testId="0f7f2b0a-930d-b02c-945d-482143abd835" executionId="f8fe8bb7-4e63-4c94-b829-81abdee96bdc" testListId="8c84fa94-04c1-424b-9868-57a2d4851a1d" />
    <TestEntry testId="fc331cbc-efe0-7bd7-bfe1-75b31927b50e" executionId="fcc942d0-e1aa-4e1b-abbb-347da0bc4029" testListId="8c84fa94-04c1-424b-9868-57a2d4851a1d" />
    <TestEntry testId="220aefdd-9270-a0a6-e780-faf7d8c8e36d" executionId="f957eca9-50dc-405d-a1ba-f6d94784371a" testListId="8c84fa94-04c1-424b-9868-57a2d4851a1d" />
    <TestEntry testId="8f921ca6-1fda-a03a-9c76-f66b19332898" executionId="ad608ebc-4361-4599-977a-833889067c16" testListId="8c84fa94-04c1-424b-9868-57a2d4851a1d" />
    <TestEntry testId="e1e9ee33-62a9-33a7-9529-37c159b8030f" executionId="d9515e02-aeff-42d9-ba08-79a309c2cb3b" testListId="8c84fa94-04c1-424b-9868-57a2d4851a1d" />
    <TestEntry testId="208d3d67-c614-fdee-e7ac-f14be5861b9b" executionId="e2fcd86f-4ecd-4bf4-8036-da098409f33c" testListId="8c84fa94-04c1-424b-9868-57a2d4851a1d" />
    <TestEntry testId="c91ce4ca-0cea-759c-e005-3714ae733d83" executionId="3dd888f4-4ea9-4609-bb3b-3b363078b877" testListId="8c84fa94-04c1-424b-9868-57a2d4851a1d" />
    <TestEntry testId="82dc611f-dfb2-21bb-9d58-2fad313ceb9d" executionId="b1719f6b-9116-4dca-8c71-446eafe1e4c0" testListId="8c84fa94-04c1-424b-9868-57a2d4851a1d" />
    <TestEntry testId="39ba0709-c411-1db1-3a9a-e4af8c41669e" executionId="a34806b3-a71d-407c-89a8-85943925ab13" testListId="8c84fa94-04c1-424b-9868-57a2d4851a1d" />
    <TestEntry testId="22d15df2-54ab-69b2-416d-0992dcccb8bf" executionId="29f6d0f6-aee6-4d76-ad71-17d19813b9f3" testListId="8c84fa94-04c1-424b-9868-57a2d4851a1d" />
    <TestEntry testId="f1a496c4-1265-c9e3-0a3e-14e10cc26c2f" executionId="9c81852b-0a69-48a2-baa5-5fcbd9545e70" testListId="8c84fa94-04c1-424b-9868-57a2d4851a1d" />
    <TestEntry testId="d5703d24-52b7-81ad-bc88-69c1ff0b1e2e" executionId="97dd27f4-aaa8-4115-9cef-f7879b3df663" testListId="8c84fa94-04c1-424b-9868-57a2d4851a1d" />
    <TestEntry testId="ca08a655-5170-f5ba-398a-1b995eb8ef76" executionId="e08182b0-0bc7-4da9-9e6a-6746afb4eac2" testListId="8c84fa94-04c1-424b-9868-57a2d4851a1d" />
    <TestEntry testId="b2699a73-c8b5-352b-8a14-ecb6c727e7a0" executionId="ce204762-2019-4c0a-a4da-9fa2b6594244" testListId="8c84fa94-04c1-424b-9868-57a2d4851a1d" />
    <TestEntry testId="ad3df325-e7ba-6824-08f3-61a336fa8917" executionId="64eb166f-6c66-4cbe-ad54-4587911a8d04" testListId="8c84fa94-04c1-424b-9868-57a2d4851a1d" />
    <TestEntry testId="b1ed85c9-367d-4957-564c-eb2af73d4ea2" executionId="12f8d6e3-8496-4d42-b640-7c1188165c7b" testListId="8c84fa94-04c1-424b-9868-57a2d4851a1d" />
    <TestEntry testId="e87195f5-eeb3-9f5f-6061-3e853946ae6e" executionId="a4f020a1-0b54-40f5-a4bb-c9100eb79c23" testListId="8c84fa94-04c1-424b-9868-57a2d4851a1d" />
    <TestEntry testId="eb29e57e-a249-1ad9-2eeb-8889f130a2bf" executionId="9049ced4-1d2c-4ba5-a8d5-96db4a9d30e0" testListId="8c84fa94-04c1-424b-9868-57a2d4851a1d" />
    <TestEntry testId="5fa23aa9-996f-f7ef-bdd9-3baf3a686605" executionId="f4365b17-3e45-4137-a917-d153ddbf8226" testListId="8c84fa94-04c1-424b-9868-57a2d4851a1d" />
    <TestEntry testId="0341001a-b385-7d46-65b7-03daab49d4d1" executionId="175e3bd7-ba86-45a4-a3e1-6c6560a82820" testListId="8c84fa94-04c1-424b-9868-57a2d4851a1d" />
    <TestEntry testId="4d93a656-208a-14c0-683e-86805301db11" executionId="0fc866db-bd80-493a-b12a-69070e8fadaa" testListId="8c84fa94-04c1-424b-9868-57a2d4851a1d" />
    <TestEntry testId="60cf16ea-563e-7ce1-9d88-adfcd5488f6e" executionId="ab6926c0-9ab6-4cf1-8c27-78fb345b530f" testListId="8c84fa94-04c1-424b-9868-57a2d4851a1d" />
    <TestEntry testId="b6d9ba44-f271-a150-fb3c-16d66b34f1b7" executionId="5da591f1-a48c-47f2-ad7e-a429b15194c7" testListId="8c84fa94-04c1-424b-9868-57a2d4851a1d" />
    <TestEntry testId="b05b6d23-23c3-534e-6813-5c855e9f98c5" executionId="ea0a81d6-9796-4142-bda6-bc1658f790dc" testListId="8c84fa94-04c1-424b-9868-57a2d4851a1d" />
    <TestEntry testId="c427d411-c8d0-ab21-e21e-c4683cebd50a" executionId="1511a6fd-3963-4c7c-8bc4-f63d4206c565" testListId="8c84fa94-04c1-424b-9868-57a2d4851a1d" />
    <TestEntry testId="cbe5fa2b-5746-cfe2-8616-f73ab14a9fae" executionId="94092513-207d-4c82-95f4-471c1f154aa0" testListId="8c84fa94-04c1-424b-9868-57a2d4851a1d" />
    <TestEntry testId="0e565888-2647-686d-4231-9d0b501f9bab" executionId="0443e4ec-9c48-441f-93da-176ada416e2b" testListId="8c84fa94-04c1-424b-9868-57a2d4851a1d" />
    <TestEntry testId="dcab3ea3-1833-775e-3373-ebe195f18383" executionId="e96c063e-b5f1-4b75-a5b5-41daf4d2ccbd" testListId="8c84fa94-04c1-424b-9868-57a2d4851a1d" />
    <TestEntry testId="1d4ad57c-d407-0626-f6b4-fd3516c569b9" executionId="c48f9dfe-2482-42ca-b94d-89d41286ffb9" testListId="8c84fa94-04c1-424b-9868-57a2d4851a1d" />
    <TestEntry testId="abf26b52-c8c8-00a7-753b-c16c739c1804" executionId="1d79e8a2-7429-49fa-89b0-247fe95f60b5" testListId="8c84fa94-04c1-424b-9868-57a2d4851a1d" />
    <TestEntry testId="9435d6a7-9387-e914-05aa-366285b55a16" executionId="bdd9cbe1-d570-4b72-a6a6-9bc6c1649c46" testListId="8c84fa94-04c1-424b-9868-57a2d4851a1d" />
    <TestEntry testId="6ca4a300-ca78-a799-f8ec-c9f99514b6d6" executionId="fe43c8b0-4e93-4466-9c19-a3b0187a2270" testListId="8c84fa94-04c1-424b-9868-57a2d4851a1d" />
    <TestEntry testId="ebc721cd-48ad-ac5c-86d0-2d87fa71c54e" executionId="e2432bd3-c243-4f90-8273-93a5d1c3e8fb" testListId="8c84fa94-04c1-424b-9868-57a2d4851a1d" />
    <TestEntry testId="da471b82-8922-cb78-8dee-49889bc4f7e5" executionId="4e993281-0638-4574-96ae-4b44eb45f3e4" testListId="8c84fa94-04c1-424b-9868-57a2d4851a1d" />
    <TestEntry testId="722d388c-f9da-caf0-a67f-8c472282b1ae" executionId="e8d97b3c-dfc6-4f23-b5b4-69b51f176b84" testListId="8c84fa94-04c1-424b-9868-57a2d4851a1d" />
    <TestEntry testId="1f98e9e4-a429-e84c-bb94-3c18ab8cd7c4" executionId="54727a68-5637-46f2-bf58-6e7fe769e1b5" testListId="8c84fa94-04c1-424b-9868-57a2d4851a1d" />
    <TestEntry testId="776bf259-2f9d-d4cb-b03d-0543628cd066" executionId="5f2f0790-cb1a-4aad-ba0a-50ee2ac8b78b" testListId="8c84fa94-04c1-424b-9868-57a2d4851a1d" />
    <TestEntry testId="a28593e9-8eb7-2b33-d503-ff774ef4ab24" executionId="230697b2-daf3-4329-a1e3-4bf432202e79" testListId="8c84fa94-04c1-424b-9868-57a2d4851a1d" />
    <TestEntry testId="675ddffd-ce74-5fbf-3d9e-d23b0c5c68fc" executionId="98549318-2230-42ad-9cee-71e1280ee5a0" testListId="8c84fa94-04c1-424b-9868-57a2d4851a1d" />
    <TestEntry testId="a3127698-dd39-7d05-aef8-60028061d902" executionId="b3de50e9-6f1d-41e9-b220-c34f0206f249" testListId="8c84fa94-04c1-424b-9868-57a2d4851a1d" />
    <TestEntry testId="c50e87f6-2b22-76ac-f112-cbc3ebdad5c6" executionId="af85f28c-40e8-423a-a817-0e5624a6b487" testListId="8c84fa94-04c1-424b-9868-57a2d4851a1d" />
    <TestEntry testId="7bcd2c7b-2731-2acb-382d-1de83659b174" executionId="c306e4af-9f62-4830-81a5-1956f196d826" testListId="8c84fa94-04c1-424b-9868-57a2d4851a1d" />
    <TestEntry testId="49d4b46c-a6a8-a0e5-8fde-e96ad58e5717" executionId="6231cef7-a5d6-4693-ae4f-2379454ad25d" testListId="8c84fa94-04c1-424b-9868-57a2d4851a1d" />
    <TestEntry testId="77bb2a2c-7105-891e-8ac5-1aaed917e0a0" executionId="7740bc92-56d7-4fdf-b2b4-d2e2c8a6af00" testListId="8c84fa94-04c1-424b-9868-57a2d4851a1d" />
    <TestEntry testId="d9d97bf3-6d1b-4638-d264-99c5a38737fb" executionId="c8140c9d-13d2-4d4a-b349-20291cb94fce" testListId="8c84fa94-04c1-424b-9868-57a2d4851a1d" />
    <TestEntry testId="858242ba-2075-b912-7ef1-b74a4950dd82" executionId="f81de12b-889d-4a20-9467-1f2474853581" testListId="8c84fa94-04c1-424b-9868-57a2d4851a1d" />
    <TestEntry testId="84608604-bbdf-c8b8-8436-ac10de25dc59" executionId="3a42f6f4-5117-4e77-a429-2468e254e4e1" testListId="8c84fa94-04c1-424b-9868-57a2d4851a1d" />
    <TestEntry testId="75aead32-e99b-0c02-df8e-1e7d383226a2" executionId="a5eaf304-a9a8-4931-8afa-a38edfa911df" testListId="8c84fa94-04c1-424b-9868-57a2d4851a1d" />
    <TestEntry testId="76e11545-c08b-0b20-17ce-11069f42b7e4" executionId="332f8176-1dc6-417a-a45a-2109a48ea567" testListId="8c84fa94-04c1-424b-9868-57a2d4851a1d" />
    <TestEntry testId="b9e10cae-a880-4e84-7150-1723bbfe11de" executionId="b24df74a-bd7a-44c4-8f24-38d5153d8db3" testListId="8c84fa94-04c1-424b-9868-57a2d4851a1d" />
    <TestEntry testId="45d1f76c-9205-e4fd-beac-dd46879f686a" executionId="6d0ae5d2-14b6-4c44-9ae9-a72581ddc6d3" testListId="8c84fa94-04c1-424b-9868-57a2d4851a1d" />
    <TestEntry testId="34100be6-f59f-bbd4-ecd6-808bfb549f94" executionId="1765c229-5000-4a80-a343-68a4b800532f" testListId="8c84fa94-04c1-424b-9868-57a2d4851a1d" />
    <TestEntry testId="d4efaf74-b269-5f8e-95b3-7720ba686a77" executionId="bb30322d-4171-4d02-848d-bdb7e371b14f" testListId="8c84fa94-04c1-424b-9868-57a2d4851a1d" />
    <TestEntry testId="50155e1f-9aff-d0aa-0d7b-e82b3e296275" executionId="4b560ae2-b610-4347-bd0f-b723f7b537d9" testListId="8c84fa94-04c1-424b-9868-57a2d4851a1d" />
    <TestEntry testId="0b722106-0daa-c3e3-7807-6132cac0938f" executionId="622e2d9b-6a66-4cf8-ad80-b47dca735f8d" testListId="8c84fa94-04c1-424b-9868-57a2d4851a1d" />
    <TestEntry testId="7c994539-54ce-f364-12c9-12e479b91a04" executionId="03284eac-2a48-4d01-b91a-972d1def78af" testListId="8c84fa94-04c1-424b-9868-57a2d4851a1d" />
    <TestEntry testId="e59e5101-237c-4555-644b-64602650536f" executionId="20c759df-740f-43bf-a83c-d32bae4522b3" testListId="8c84fa94-04c1-424b-9868-57a2d4851a1d" />
    <TestEntry testId="eef38d6b-b3b9-cf5b-355f-4e1071ae258d" executionId="ce51989b-2f01-4ea1-986b-58d02b4dffab" testListId="8c84fa94-04c1-424b-9868-57a2d4851a1d" />
    <TestEntry testId="1e5a149b-b7ab-ef42-1cfd-14a42711753b" executionId="e2d4ae89-025d-4b97-80fc-e23d25a5f622" testListId="8c84fa94-04c1-424b-9868-57a2d4851a1d" />
    <TestEntry testId="83ed5712-5601-591b-1392-6a00f12b4a7c" executionId="1c5b50d2-4856-468f-86e4-cdcc0185469d" testListId="8c84fa94-04c1-424b-9868-57a2d4851a1d" />
    <TestEntry testId="cc22da32-8e1c-0d49-be1d-e34c7a4949fc" executionId="8b2006dd-ee71-40f9-9d40-167420d93c9e" testListId="8c84fa94-04c1-424b-9868-57a2d4851a1d" />
    <TestEntry testId="9370f000-ddf5-1f5d-2c4b-b3735fa045de" executionId="4b0ca0ab-715e-40b4-a5c5-85039a2bfe87" testListId="8c84fa94-04c1-424b-9868-57a2d4851a1d" />
    <TestEntry testId="1c50c0de-4519-197b-71ea-fd9a57c54159" executionId="bf7965bb-8249-47dc-ae72-6dd8c9f9151a" testListId="8c84fa94-04c1-424b-9868-57a2d4851a1d" />
    <TestEntry testId="34eff23b-677b-173e-005a-b6f1c509710a" executionId="8a65a051-6007-4b7c-bdb8-407a372e25eb" testListId="8c84fa94-04c1-424b-9868-57a2d4851a1d" />
    <TestEntry testId="824966d9-c04d-c68e-419e-057dc1bd1a8d" executionId="8969f350-3e28-49f5-b702-6c9031935f46" testListId="8c84fa94-04c1-424b-9868-57a2d4851a1d" />
    <TestEntry testId="b9720b37-eb2a-b2e7-aac6-095af08de331" executionId="026ff285-1fc4-44c9-856d-3c013415f3e9" testListId="8c84fa94-04c1-424b-9868-57a2d4851a1d" />
    <TestEntry testId="aab3631c-f53b-2a3e-3c60-eddafc437266" executionId="0632c4d9-1347-412a-84c7-0d2628884bab" testListId="8c84fa94-04c1-424b-9868-57a2d4851a1d" />
    <TestEntry testId="20b698b2-30a2-ce28-0297-61292449a39c" executionId="6af75475-2ab0-4fd0-a364-2ac852f185c1" testListId="8c84fa94-04c1-424b-9868-57a2d4851a1d" />
    <TestEntry testId="f80bb932-ad0d-f3e7-d69c-5b51fefda49e" executionId="8adb23e7-8ef0-437e-bc9d-d735c43174ec" testListId="8c84fa94-04c1-424b-9868-57a2d4851a1d" />
    <TestEntry testId="c4c0e5ae-a7e7-e1d8-4c76-47772a7efbb8" executionId="5a3990ac-9c99-43a8-b0b5-734fbc43b761" testListId="8c84fa94-04c1-424b-9868-57a2d4851a1d" />
    <TestEntry testId="d5b1fcc6-6bba-9282-5bf9-218a902fbde1" executionId="339d1e41-4aeb-4700-b8c1-4bd9eaeb05f9" testListId="8c84fa94-04c1-424b-9868-57a2d4851a1d" />
    <TestEntry testId="2fe57b50-957a-a3c6-926a-890027626ce8" executionId="3994e5c0-44ab-4350-86c9-1f4d90e3df8c" testListId="8c84fa94-04c1-424b-9868-57a2d4851a1d" />
    <TestEntry testId="40a8a6d7-c80b-7c82-f9cd-09bb545bf40e" executionId="b5f89f63-9bdc-4164-a886-8854d34071c4" testListId="8c84fa94-04c1-424b-9868-57a2d4851a1d" />
    <TestEntry testId="83849ae5-feb5-a21b-8923-be3696ead3ff" executionId="009ce961-f68a-44d4-83af-6c6832122ff4" testListId="8c84fa94-04c1-424b-9868-57a2d4851a1d" />
    <TestEntry testId="5ad5c8bf-09f3-06d0-652c-5089f56ab06a" executionId="ac019123-9c9a-441a-852b-a135f05bbee5" testListId="8c84fa94-04c1-424b-9868-57a2d4851a1d" />
    <TestEntry testId="c08d0bd7-2680-49ec-49db-da9afed00137" executionId="4a1f4cd8-5b47-41bb-ba34-ee4be2522ce1" testListId="8c84fa94-04c1-424b-9868-57a2d4851a1d" />
    <TestEntry testId="33c7a03f-dd60-1714-4753-466162484f1c" executionId="d184d6af-ffa7-4345-a920-b31c4e040760" testListId="8c84fa94-04c1-424b-9868-57a2d4851a1d" />
    <TestEntry testId="bf1535cc-9979-5a63-10ce-2a8917553c35" executionId="eb552b11-4a2c-44f6-862e-33436ed37263" testListId="8c84fa94-04c1-424b-9868-57a2d4851a1d" />
    <TestEntry testId="c98aa690-8aa5-b222-0ec9-dbe127e5edbe" executionId="2248e3c8-19e6-4174-9f65-c84074049f31" testListId="8c84fa94-04c1-424b-9868-57a2d4851a1d" />
    <TestEntry testId="bcb32315-67a5-988d-f6fd-a8b7f0651e29" executionId="dc7a561d-0e35-44bb-bcd6-640d476d2507" testListId="8c84fa94-04c1-424b-9868-57a2d4851a1d" />
    <TestEntry testId="e7255978-2842-5a3e-f6e5-5f444ec9a87b" executionId="4d5fc93c-6215-4f9f-ac36-13a038580e51" testListId="8c84fa94-04c1-424b-9868-57a2d4851a1d" />
    <TestEntry testId="f745c16a-1507-ee64-e628-afe16a99f160" executionId="d1eb272e-2043-4f07-bb6d-ed4f9f8f71a4" testListId="8c84fa94-04c1-424b-9868-57a2d4851a1d" />
    <TestEntry testId="410b1a75-80e7-7f39-639c-dc24d274a512" executionId="737ae7b1-f193-4b30-8013-86ae5acfe477" testListId="8c84fa94-04c1-424b-9868-57a2d4851a1d" />
    <TestEntry testId="b4ce56c7-9110-c57f-cbc8-41faed4fd11f" executionId="d25813d8-470d-4910-86a1-79608b4afb55" testListId="8c84fa94-04c1-424b-9868-57a2d4851a1d" />
    <TestEntry testId="1b9f07d9-5c5d-8a65-a1d3-19ccdfcb88eb" executionId="bb2552a5-e905-4ee0-93e3-b15014fab75b" testListId="8c84fa94-04c1-424b-9868-57a2d4851a1d" />
    <TestEntry testId="9ad24d5a-b2b9-000a-9f3c-e120bd569adc" executionId="ec47f469-72bd-40e1-a736-ddf18a814c2f" testListId="8c84fa94-04c1-424b-9868-57a2d4851a1d" />
    <TestEntry testId="ebf34ede-3229-9d17-6f03-39044c3fafc5" executionId="1effa185-f627-40fd-8e58-b9fb34ba694e" testListId="8c84fa94-04c1-424b-9868-57a2d4851a1d" />
    <TestEntry testId="494eda6e-e0a1-b0f3-2e23-6c9bc4f8b3a0" executionId="9ac45a2e-3a09-4685-880e-a0c07bbeb439" testListId="8c84fa94-04c1-424b-9868-57a2d4851a1d" />
    <TestEntry testId="701d7343-c0d9-403f-a3c7-a96171bca1ae" executionId="76dd12ef-fcc8-43dd-8695-4d8002d24af0" testListId="8c84fa94-04c1-424b-9868-57a2d4851a1d" />
    <TestEntry testId="490a366b-7b34-5f58-bbbb-ec7dd2151e74" executionId="18c28bb2-deb8-4f17-8301-5982557affdc" testListId="8c84fa94-04c1-424b-9868-57a2d4851a1d" />
    <TestEntry testId="e6011be0-f347-be5c-3c10-5345649bf92d" executionId="9346ec7b-951a-4336-a7e6-e2c128504319" testListId="8c84fa94-04c1-424b-9868-57a2d4851a1d" />
    <TestEntry testId="3198c8f1-e5d1-ddd4-4f1c-9ff612d5be0f" executionId="65939f38-a6ac-4982-8521-7b8b649a958f" testListId="8c84fa94-04c1-424b-9868-57a2d4851a1d" />
    <TestEntry testId="0f50b03f-1d9d-8421-007b-251d1e438c23" executionId="c15b8039-0c0c-4aef-980a-3ac92bf4af86" testListId="8c84fa94-04c1-424b-9868-57a2d4851a1d" />
    <TestEntry testId="942c8fc5-be3f-05b0-6e1d-0d90c0c0a8e1" executionId="be9058f8-3126-44e1-bbf7-ccb7d49e589a" testListId="8c84fa94-04c1-424b-9868-57a2d4851a1d" />
    <TestEntry testId="1b76f2f5-1e74-f8e5-6827-00963914a155" executionId="0d717164-ea5e-4fe0-8654-0418e777449d" testListId="8c84fa94-04c1-424b-9868-57a2d4851a1d" />
    <TestEntry testId="c5700006-71d9-774b-0d26-23618dcc64a0" executionId="d966b3c0-70ca-475f-9183-386be7f92415" testListId="8c84fa94-04c1-424b-9868-57a2d4851a1d" />
    <TestEntry testId="b7398987-515f-dc47-67a0-977d5bd9d294" executionId="863b8e08-8fa5-4afa-ae9f-eff9dc94973d" testListId="8c84fa94-04c1-424b-9868-57a2d4851a1d" />
    <TestEntry testId="26f8ba42-ce90-9bc6-416d-918ae8340d80" executionId="50ffca6d-1c54-47bd-a32e-f9d72776876a" testListId="8c84fa94-04c1-424b-9868-57a2d4851a1d" />
    <TestEntry testId="81a94f9b-ab2f-6ec6-f3a7-86580010cef1" executionId="fcc911bf-8f52-4d6d-a515-57ba328dd710" testListId="8c84fa94-04c1-424b-9868-57a2d4851a1d" />
    <TestEntry testId="5b9a4d0e-f5c6-a5ec-3eb5-b690e462e09f" executionId="1b495da2-d290-4c10-b3ae-1bc863dd8cd1" testListId="8c84fa94-04c1-424b-9868-57a2d4851a1d" />
    <TestEntry testId="55bad3db-84e3-3925-7acd-530fb8734ca3" executionId="fa3e3b92-ee42-4b15-bf34-2fb26a5a14e0" testListId="8c84fa94-04c1-424b-9868-57a2d4851a1d" />
    <TestEntry testId="8ca09e05-fbe4-485b-5248-b4afe8602b96" executionId="91bf4b61-b3a2-477a-8abc-3c72d1c477b2" testListId="8c84fa94-04c1-424b-9868-57a2d4851a1d" />
    <TestEntry testId="e7bc42bc-4677-5da7-c489-c92ff428bf7b" executionId="bc395efa-ca50-43f8-b91b-216793dc18d4" testListId="8c84fa94-04c1-424b-9868-57a2d4851a1d" />
    <TestEntry testId="6ab7c85b-07a2-053d-c5c0-da764bc30c49" executionId="6d60e8ba-be5b-49ba-b99a-f9dd3dab6852" testListId="8c84fa94-04c1-424b-9868-57a2d4851a1d" />
    <TestEntry testId="ad7717dc-a213-7ac3-d7df-3de15423034b" executionId="cdd47420-84d5-4033-959b-3e76d2cd5264" testListId="8c84fa94-04c1-424b-9868-57a2d4851a1d" />
    <TestEntry testId="0d199676-b1aa-e103-9a75-db71715b2a29" executionId="80d9cacb-69c5-4eea-b58e-201388f691fb" testListId="8c84fa94-04c1-424b-9868-57a2d4851a1d" />
    <TestEntry testId="ac713d07-d137-989c-fa41-6dc5ead8e2b1" executionId="c9934a0f-e10d-4c91-bfd3-19ac45e8ead0" testListId="8c84fa94-04c1-424b-9868-57a2d4851a1d" />
    <TestEntry testId="6392af92-145f-ea63-1c22-6ba4392c0916" executionId="1e0d0e78-432e-4f2c-b47f-83f63faf5ec5" testListId="8c84fa94-04c1-424b-9868-57a2d4851a1d" />
    <TestEntry testId="30811b3b-be5a-d7d4-d49d-fc4c8b55356f" executionId="7a5e6674-530c-4a18-826a-a3251398fee6" testListId="8c84fa94-04c1-424b-9868-57a2d4851a1d" />
    <TestEntry testId="592f38dc-bf5e-c7dd-0606-ec6353c387ce" executionId="59020a4e-0057-466f-b93d-be142d64bd4a" testListId="8c84fa94-04c1-424b-9868-57a2d4851a1d" />
    <TestEntry testId="5c84f039-34e8-11de-6e13-6a1977fd30c2" executionId="111bf4be-ef90-46ae-b06b-8ade3e295d3a" testListId="8c84fa94-04c1-424b-9868-57a2d4851a1d" />
    <TestEntry testId="a6885aa2-560a-7c2e-1294-1a2dce741fc2" executionId="25491a30-4a66-4e41-8aa6-3cfa05d12f61" testListId="8c84fa94-04c1-424b-9868-57a2d4851a1d" />
    <TestEntry testId="a46221d6-7504-b219-2a3c-d1a899d1c957" executionId="c03ed875-5ff4-4d0c-8754-24def985c3ff" testListId="8c84fa94-04c1-424b-9868-57a2d4851a1d" />
    <TestEntry testId="9c32b7a7-0735-1a4b-4e3a-1dc035e22d85" executionId="3fffe6fe-3abd-42c5-b58d-f7b0c46aa87b" testListId="8c84fa94-04c1-424b-9868-57a2d4851a1d" />
    <TestEntry testId="0f4943d9-ca49-5d33-54e9-5ee1ac981e68" executionId="ae8c5bdf-b0a2-4860-a08e-89f086dd1684" testListId="8c84fa94-04c1-424b-9868-57a2d4851a1d" />
    <TestEntry testId="71508469-8853-91d9-189c-c15351730d64" executionId="dfe3885c-6928-4415-8904-09bd18955125" testListId="8c84fa94-04c1-424b-9868-57a2d4851a1d" />
    <TestEntry testId="4533de6e-a7c1-6374-8848-271078b97c83" executionId="33d6e0a1-2132-4d5f-bf89-ac6ff22ea2d6" testListId="8c84fa94-04c1-424b-9868-57a2d4851a1d" />
    <TestEntry testId="4e4d07d2-bc46-8e27-aaae-2db6b1756f00" executionId="fa0e56d2-9864-427b-a3d7-efbd8a7fae34" testListId="8c84fa94-04c1-424b-9868-57a2d4851a1d" />
    <TestEntry testId="8ce127b4-7850-a93a-4ef3-60f241c6e395" executionId="4ee775a2-d7ff-440d-84d9-df8147b588b9" testListId="8c84fa94-04c1-424b-9868-57a2d4851a1d" />
    <TestEntry testId="73d6890c-0157-76e1-2157-ca22e239035b" executionId="c9ff305b-68bf-4f12-a305-2e193a417e1f" testListId="8c84fa94-04c1-424b-9868-57a2d4851a1d" />
    <TestEntry testId="9fcc7583-7b8d-b5dd-eaac-8fcfb71d475c" executionId="2972d5a9-7c40-4d41-b632-af81659a8dc2" testListId="8c84fa94-04c1-424b-9868-57a2d4851a1d" />
    <TestEntry testId="af6ab763-ee7b-c074-0d35-e76f7e7bee4f" executionId="774fcfe0-842d-4c59-8cb3-b1c44a675779" testListId="8c84fa94-04c1-424b-9868-57a2d4851a1d" />
    <TestEntry testId="58eb5de8-b1b5-f9f6-827a-029f24a0baeb" executionId="79d9a7a1-6f19-42be-be83-23dcd5fbab63" testListId="8c84fa94-04c1-424b-9868-57a2d4851a1d" />
    <TestEntry testId="8e08642a-c4c5-dd96-997d-9a479018ea15" executionId="5bff6623-2bab-447a-bcff-126760e7abad" testListId="8c84fa94-04c1-424b-9868-57a2d4851a1d" />
    <TestEntry testId="5b3783ac-46cc-4632-b84c-99175a01a062" executionId="05c55087-443c-482d-9e4f-ca803e8e878f" testListId="8c84fa94-04c1-424b-9868-57a2d4851a1d" />
    <TestEntry testId="bcf252c8-4567-0e29-ce2f-80ef04bd15cb" executionId="13c741df-e569-4919-8681-3362106f8f89" testListId="8c84fa94-04c1-424b-9868-57a2d4851a1d" />
    <TestEntry testId="49d433e5-7570-2608-673e-d7c58bdcd64f" executionId="2157ab3f-c0e9-47d1-83ae-a1efa122d483" testListId="8c84fa94-04c1-424b-9868-57a2d4851a1d" />
    <TestEntry testId="dcaca901-4c16-7192-ab82-b1e7a1c13c44" executionId="fba945a8-da8c-4c91-bf3b-cc5f44c045cd" testListId="8c84fa94-04c1-424b-9868-57a2d4851a1d" />
    <TestEntry testId="38e57ccb-677d-e7f3-5a5c-ecd3706228bd" executionId="9c4c1440-ba4a-4e54-8148-2f429c78170e" testListId="8c84fa94-04c1-424b-9868-57a2d4851a1d" />
    <TestEntry testId="1ab0154a-4246-49b6-5df2-1392a91ff78e" executionId="5047bbe4-16c6-4c20-b552-b71f4f1936f3" testListId="8c84fa94-04c1-424b-9868-57a2d4851a1d" />
    <TestEntry testId="67bd137b-4028-dfd4-1b03-9cae11d5025a" executionId="ba691351-47e6-43a7-b0ff-a280223a15b0" testListId="8c84fa94-04c1-424b-9868-57a2d4851a1d" />
    <TestEntry testId="b9cb1256-6626-3a9c-4482-910fe6c178da" executionId="6b3e881f-2260-4d33-a8d8-5f8ec9d74c0e" testListId="8c84fa94-04c1-424b-9868-57a2d4851a1d" />
    <TestEntry testId="b1d53f63-9b5a-115e-8135-4790d789c907" executionId="9adefbdd-bfce-46ca-9eb8-868b9bbd5efc" testListId="8c84fa94-04c1-424b-9868-57a2d4851a1d" />
    <TestEntry testId="7d6378f5-83ac-cc39-f19e-ad53e125ba5b" executionId="a2dd17d2-4b6a-4f3e-a1a2-bce6dba6288e" testListId="8c84fa94-04c1-424b-9868-57a2d4851a1d" />
    <TestEntry testId="be735f43-e1a0-0a6c-895e-0baa4e896021" executionId="392177b3-658c-4354-9a86-78766fdf6817" testListId="8c84fa94-04c1-424b-9868-57a2d4851a1d" />
    <TestEntry testId="0a8fb3cc-f07d-f68c-3267-6e6310693297" executionId="fb66d94d-466b-44c9-b230-02c0cb55ab8a" testListId="8c84fa94-04c1-424b-9868-57a2d4851a1d" />
    <TestEntry testId="a59ec826-e5ed-33fc-b4c5-73577c6db27f" executionId="e59d48c9-b85b-4c07-8741-08914fb64d6f" testListId="8c84fa94-04c1-424b-9868-57a2d4851a1d" />
    <TestEntry testId="69ed96e8-8794-1805-08b8-622701965e77" executionId="9bc99440-2cd1-45fd-9fd4-24451fd4d20a" testListId="8c84fa94-04c1-424b-9868-57a2d4851a1d" />
    <TestEntry testId="5df9aad4-1bca-eb8e-8db2-74cbfd226dd4" executionId="754408ca-136e-42e1-95b1-75f93d887216" testListId="8c84fa94-04c1-424b-9868-57a2d4851a1d" />
    <TestEntry testId="97dead80-4597-b960-9506-a6e0cc567d77" executionId="97d22af0-acff-44bd-a03a-6ed6e3307279" testListId="8c84fa94-04c1-424b-9868-57a2d4851a1d" />
    <TestEntry testId="1eebbbea-e8ae-c6e1-eb9e-eb44a6b11863" executionId="57cf0f48-bca2-45e3-8a4b-92b0a010142d" testListId="8c84fa94-04c1-424b-9868-57a2d4851a1d" />
    <TestEntry testId="b3f998cb-f721-08d9-b943-ce9b73cb1733" executionId="ff76a432-1d58-4008-bb89-b93d9afb4e72" testListId="8c84fa94-04c1-424b-9868-57a2d4851a1d" />
    <TestEntry testId="0341b5b4-77e6-a5db-47bb-fccaa5b5ca9b" executionId="46b32680-c3ee-46a2-af64-0f627bc3f9cb" testListId="8c84fa94-04c1-424b-9868-57a2d4851a1d" />
    <TestEntry testId="577deaa8-e64c-c11e-46b3-4b39ef82d0fc" executionId="b9946aab-ef7d-45d6-9085-5cf96b116e5f" testListId="8c84fa94-04c1-424b-9868-57a2d4851a1d" />
    <TestEntry testId="659732af-8ae0-5870-7ee8-93959a065ffe" executionId="17a5c87e-b86c-4c14-90da-37902ae85915" testListId="8c84fa94-04c1-424b-9868-57a2d4851a1d" />
    <TestEntry testId="ef92cb0b-9f50-906f-4517-81dffec33f0a" executionId="fd07199d-0ef1-44aa-9389-7048d35bcfba" testListId="8c84fa94-04c1-424b-9868-57a2d4851a1d" />
    <TestEntry testId="b0e2e929-2314-301a-1ce9-b3de2c24eb9d" executionId="c3bdfbd2-e8a1-405f-a8c0-b350089b63a7" testListId="8c84fa94-04c1-424b-9868-57a2d4851a1d" />
    <TestEntry testId="e4aa57cd-5f11-ace7-6de5-f0b63ee84197" executionId="db0eb20f-61d1-4387-a62f-2b26161d8b22" testListId="8c84fa94-04c1-424b-9868-57a2d4851a1d" />
    <TestEntry testId="22badf18-a1b8-1461-c0e6-c29aa2e53f63" executionId="d6a63130-d802-41b9-acfd-2f9b1e7afea2" testListId="8c84fa94-04c1-424b-9868-57a2d4851a1d" />
    <TestEntry testId="903ab3a9-2655-a936-5918-f880a57ee487" executionId="4dd632f3-8cc0-4e51-b73c-8409183561de" testListId="8c84fa94-04c1-424b-9868-57a2d4851a1d" />
    <TestEntry testId="62f668d4-ba5e-c212-e772-e812d7d7951a" executionId="a3f7699a-b11c-4a28-84dd-d08be1bcc403" testListId="8c84fa94-04c1-424b-9868-57a2d4851a1d" />
    <TestEntry testId="4c679617-41b3-fff1-6bec-e13582b7b6b1" executionId="8f3f863e-eadc-420f-9ce2-cbedae2f2c8e" testListId="8c84fa94-04c1-424b-9868-57a2d4851a1d" />
    <TestEntry testId="9fa311bd-3319-d2c7-8f0e-6446600a8b6d" executionId="6ddc3cb9-d2d6-4fea-a9ed-2bef8d4e8c8e" testListId="8c84fa94-04c1-424b-9868-57a2d4851a1d" />
    <TestEntry testId="62defaa6-6492-5f15-6a60-c33a7d3bf5d2" executionId="f5300a54-c92e-43ff-8e46-3c2586b699d1" testListId="8c84fa94-04c1-424b-9868-57a2d4851a1d" />
    <TestEntry testId="2ff6e98d-6eaf-cd8d-0daa-7c09f216796f" executionId="fdcce226-3e28-4c4f-8ecb-1f7855e69713" testListId="8c84fa94-04c1-424b-9868-57a2d4851a1d" />
    <TestEntry testId="5522eda8-fa07-1270-5632-8056a1650af0" executionId="331dc91a-e9ff-4f39-9be6-e06c99df755b" testListId="8c84fa94-04c1-424b-9868-57a2d4851a1d" />
    <TestEntry testId="de9366b7-3c0a-1502-8381-276d81715e36" executionId="c92f59bd-0d72-4c68-b4a2-927603adc841" testListId="8c84fa94-04c1-424b-9868-57a2d4851a1d" />
    <TestEntry testId="b55eac9d-f9b3-b23a-7f51-5df2a72f36a7" executionId="f9e62804-c39b-490c-958e-bc05e2f06a6c" testListId="8c84fa94-04c1-424b-9868-57a2d4851a1d" />
    <TestEntry testId="dcee107d-314d-f456-34ea-5164306881b5" executionId="2faafa1e-b8d7-45cd-9e5d-e30c59565dbc" testListId="8c84fa94-04c1-424b-9868-57a2d4851a1d" />
    <TestEntry testId="804fcfae-54da-b47d-e0b1-10b843b719ed" executionId="6b7f31e6-47f1-48bc-938b-63993388f303" testListId="8c84fa94-04c1-424b-9868-57a2d4851a1d" />
    <TestEntry testId="a2e0fa48-1a88-57b1-8058-eff842256fc9" executionId="e4e3b5e9-1919-4fbf-852c-4876218a07cb" testListId="8c84fa94-04c1-424b-9868-57a2d4851a1d" />
    <TestEntry testId="045228c3-1d98-acdb-9280-57eec2e91b5d" executionId="1eb0b22e-379f-437a-9194-8fd675b2bcde" testListId="8c84fa94-04c1-424b-9868-57a2d4851a1d" />
    <TestEntry testId="77a9b352-1b49-753f-a09d-374a05905bbc" executionId="ab7c2bbe-9b02-45a3-acbe-5f5cab206587" testListId="8c84fa94-04c1-424b-9868-57a2d4851a1d" />
    <TestEntry testId="f6f228e4-b6a4-6850-e2f2-233436bbf4b2" executionId="ca49c187-059c-438e-808a-0e628a73c3bf" testListId="8c84fa94-04c1-424b-9868-57a2d4851a1d" />
    <TestEntry testId="afb15155-ab03-cd3c-8c09-517f799d0628" executionId="e69a8f5d-08be-4129-b5d4-d50b848142dc" testListId="8c84fa94-04c1-424b-9868-57a2d4851a1d" />
    <TestEntry testId="a387f863-3503-43b5-f2cd-b69c3ffdcc44" executionId="84663b0d-2d48-47d9-a1f0-37f8d3965a2d" testListId="8c84fa94-04c1-424b-9868-57a2d4851a1d" />
    <TestEntry testId="9f44e24b-fc5f-d3d4-b833-9fb8a16890ff" executionId="c36730b5-f275-4e5e-a856-99805d07807f" testListId="8c84fa94-04c1-424b-9868-57a2d4851a1d" />
    <TestEntry testId="00299580-0c13-1a64-66a4-fd4e8003c635" executionId="5648524e-83bb-450c-afb3-be535213edff" testListId="8c84fa94-04c1-424b-9868-57a2d4851a1d" />
    <TestEntry testId="3f4d4e1e-f9b5-3194-da8f-42b832122fc9" executionId="4e70c7dc-ca91-4296-82b8-968a67e5638e" testListId="8c84fa94-04c1-424b-9868-57a2d4851a1d" />
    <TestEntry testId="e3d20541-6d9b-66b6-b176-86133c24d5ba" executionId="e789c87a-0d57-4576-93d5-49ed84de9a9a" testListId="8c84fa94-04c1-424b-9868-57a2d4851a1d" />
    <TestEntry testId="24665181-53e6-c43d-e8fb-25326bb6eb8a" executionId="1099c984-cf02-479b-a825-026d7e9038af" testListId="8c84fa94-04c1-424b-9868-57a2d4851a1d" />
    <TestEntry testId="f004821b-121c-e076-18de-81c546f599de" executionId="fc3d363f-9080-4d76-ab15-f307b8617cbc" testListId="8c84fa94-04c1-424b-9868-57a2d4851a1d" />
    <TestEntry testId="9c74756b-1ded-698e-48ae-d399fe02d7d5" executionId="3fa5b104-8354-473f-90d0-47dd5d1a03ee" testListId="8c84fa94-04c1-424b-9868-57a2d4851a1d" />
    <TestEntry testId="11dbf517-9cc0-4232-22bd-077ff8f89a4c" executionId="607a5d32-a6ba-4363-b412-e8d413b8ccec" testListId="8c84fa94-04c1-424b-9868-57a2d4851a1d" />
    <TestEntry testId="8d5694a0-a635-16ab-ee38-50393e06d52d" executionId="71b4b973-b05d-4563-a9e3-35eb4f7ea955" testListId="8c84fa94-04c1-424b-9868-57a2d4851a1d" />
    <TestEntry testId="fa530a06-809a-d621-8b5e-a50a7e56965b" executionId="1aa31a18-b219-4a24-9b90-4014ba1bfe32" testListId="8c84fa94-04c1-424b-9868-57a2d4851a1d" />
    <TestEntry testId="4d40d511-c5f0-b2df-eb5d-d7af17863864" executionId="8f105d86-6536-4fe6-8901-ba7b285ae9d0" testListId="8c84fa94-04c1-424b-9868-57a2d4851a1d" />
    <TestEntry testId="77576ff0-e2b4-1135-d50b-af1232092bda" executionId="3218b8a8-a707-4586-9bd3-a576fbb7e5f4" testListId="8c84fa94-04c1-424b-9868-57a2d4851a1d" />
    <TestEntry testId="ccdce0d0-74b3-ebbc-76a6-d43c64101b8e" executionId="cd5f5d6e-5434-41c4-8db0-d3149a00440d" testListId="8c84fa94-04c1-424b-9868-57a2d4851a1d" />
    <TestEntry testId="88f99648-2687-a586-ec71-6a509aa2c591" executionId="1ca11ffc-5de9-41b2-afd0-7e931fa39abd" testListId="8c84fa94-04c1-424b-9868-57a2d4851a1d" />
    <TestEntry testId="b62ec78c-590a-fab6-c50b-b77762b35d63" executionId="1598c926-e11e-4bce-8961-f225f1c8eae5" testListId="8c84fa94-04c1-424b-9868-57a2d4851a1d" />
    <TestEntry testId="58d4cc2c-4aa6-67a0-a83b-20a2f9736e91" executionId="5b2e3366-651f-4951-9d2b-3cf21d435c29" testListId="8c84fa94-04c1-424b-9868-57a2d4851a1d" />
    <TestEntry testId="56ed91f1-bfaf-e214-0725-91f0e0cb32ff" executionId="6b5d14cf-9213-4806-b5dd-d0d39ce460c9" testListId="8c84fa94-04c1-424b-9868-57a2d4851a1d" />
    <TestEntry testId="90f799dd-06b9-bc8d-4824-e79439065a23" executionId="1af721a8-c06a-4565-baab-de44a6418120" testListId="8c84fa94-04c1-424b-9868-57a2d4851a1d" />
    <TestEntry testId="dd1ac30c-3bb5-913f-2418-96fb84a72f99" executionId="d7c02ace-489d-4578-8323-944492760111" testListId="8c84fa94-04c1-424b-9868-57a2d4851a1d" />
    <TestEntry testId="2ca66f02-dd3b-9f7c-4a1d-7736d1222940" executionId="470c888f-c3f7-42b9-b561-dcb9c540b004" testListId="8c84fa94-04c1-424b-9868-57a2d4851a1d" />
    <TestEntry testId="5425b3b1-ce75-eaaf-53b3-288fcdfffdd4" executionId="7f40090a-04ba-4e06-9d67-a007724eeca8" testListId="8c84fa94-04c1-424b-9868-57a2d4851a1d" />
    <TestEntry testId="88671c6a-43da-2b1c-55bc-5168023b0662" executionId="be3e4889-a005-4f22-aaf4-bb647a02a29b" testListId="8c84fa94-04c1-424b-9868-57a2d4851a1d" />
    <TestEntry testId="0fa71e30-35fa-6282-3553-ef273a986d0e" executionId="abd28590-2c7a-4de6-ac0b-0c14373f3044" testListId="8c84fa94-04c1-424b-9868-57a2d4851a1d" />
    <TestEntry testId="4207b3de-ff15-c5ba-57ca-ff97b8105ac4" executionId="c7ddd046-ef16-4cb3-ad97-1c30be92e629" testListId="8c84fa94-04c1-424b-9868-57a2d4851a1d" />
    <TestEntry testId="b4e134b8-c4de-ba5e-fb65-ae4de5691e81" executionId="452c7ca7-8803-41f3-a230-6b03d2d9ab45" testListId="8c84fa94-04c1-424b-9868-57a2d4851a1d" />
    <TestEntry testId="2c748dd7-cc28-6669-67ca-4d27825585ab" executionId="7510cad2-6210-4ad3-9bc1-5d7eeed0ef76" testListId="8c84fa94-04c1-424b-9868-57a2d4851a1d" />
    <TestEntry testId="2b99c2a2-3cb2-4aac-8abd-0f8a92181441" executionId="7218071b-fef1-40e0-b5f7-fe5b3ae48185" testListId="8c84fa94-04c1-424b-9868-57a2d4851a1d" />
    <TestEntry testId="8e677ad3-4d3b-e70a-38f3-c3846971c141" executionId="4b19065e-e270-47e4-a653-b1ddc64db8e8" testListId="8c84fa94-04c1-424b-9868-57a2d4851a1d" />
    <TestEntry testId="5891b51a-c506-242c-aa58-b2a9e9cb411a" executionId="949278b0-52de-4b97-8852-cce789770491" testListId="8c84fa94-04c1-424b-9868-57a2d4851a1d" />
    <TestEntry testId="4f105392-1793-5230-7804-4b1cd8043f3c" executionId="5f5bd10f-c979-4a7e-aa4f-953812004b39" testListId="8c84fa94-04c1-424b-9868-57a2d4851a1d" />
    <TestEntry testId="70d462e3-417d-0e36-f276-6704a0de92d3" executionId="a75fa727-a270-467e-9cc4-f871295b496d" testListId="8c84fa94-04c1-424b-9868-57a2d4851a1d" />
    <TestEntry testId="9209631c-7e7d-260b-60e2-27df8de00837" executionId="848da62f-4a05-4693-a611-6fe3322182de" testListId="8c84fa94-04c1-424b-9868-57a2d4851a1d" />
    <TestEntry testId="ff15a40b-9540-44a7-409a-ccf2df5f4b73" executionId="ffc2fd87-0a2f-4a25-a53d-2ddd60e41ba9" testListId="8c84fa94-04c1-424b-9868-57a2d4851a1d" />
    <TestEntry testId="c3ddd259-4e58-cf82-5109-594c22659260" executionId="185304fa-1057-4596-a4ed-aa8a377ea1e4" testListId="8c84fa94-04c1-424b-9868-57a2d4851a1d" />
    <TestEntry testId="190dff6b-a724-690c-2bef-ad9c25558495" executionId="c04e1a82-9108-4e98-becf-5a469972ba0e" testListId="8c84fa94-04c1-424b-9868-57a2d4851a1d" />
    <TestEntry testId="778d3e0f-4f34-b442-ce17-ecfe409b5fa6" executionId="3d93001f-7c71-4388-938f-1f30f0997b3d" testListId="8c84fa94-04c1-424b-9868-57a2d4851a1d" />
    <TestEntry testId="7b41c144-1b26-94f5-b05e-f99c49e2c99c" executionId="990fa7ec-e6c2-4d79-b1f7-2fbcf8f6519d" testListId="8c84fa94-04c1-424b-9868-57a2d4851a1d" />
    <TestEntry testId="8be0433d-81aa-4113-2dd0-6a9ca555363e" executionId="d50fdd73-2550-4788-8e55-1bfa139d554f" testListId="8c84fa94-04c1-424b-9868-57a2d4851a1d" />
    <TestEntry testId="936248ed-1766-7e4e-c04f-d069d5dd040e" executionId="b382f2af-d512-4781-8d35-68acc4740600" testListId="8c84fa94-04c1-424b-9868-57a2d4851a1d" />
    <TestEntry testId="a6c7d660-421f-6c44-076c-18aec99dfe88" executionId="c713cff3-246e-46dc-bc1f-4b17c685920e" testListId="8c84fa94-04c1-424b-9868-57a2d4851a1d" />
    <TestEntry testId="0e8655f6-6c31-aba0-0e03-ff7715717669" executionId="2a3c8ef1-9cd4-4a50-a1cc-75b5e9820889" testListId="8c84fa94-04c1-424b-9868-57a2d4851a1d" />
    <TestEntry testId="1c1e16c9-697c-0a58-633c-5079d21e5c83" executionId="87079f62-cfb2-484c-bccc-56b1f2323dc1" testListId="8c84fa94-04c1-424b-9868-57a2d4851a1d" />
    <TestEntry testId="3c63ff46-95dd-9be8-89bc-d114927f6e13" executionId="2489cb91-7117-45ff-ba3d-4947061f9e06" testListId="8c84fa94-04c1-424b-9868-57a2d4851a1d" />
    <TestEntry testId="6f9739b6-9e44-a181-8de4-a432dfbe887a" executionId="a30f1f19-fda8-4092-aaf7-371b3ac9990b" testListId="8c84fa94-04c1-424b-9868-57a2d4851a1d" />
    <TestEntry testId="32ff42a4-f2ea-bcd3-b1f4-e1c431b3394f" executionId="55705ea1-3eef-408e-b7bf-7364565cbf83" testListId="8c84fa94-04c1-424b-9868-57a2d4851a1d" />
    <TestEntry testId="d35e30be-f962-9527-dd27-f07d967b4216" executionId="1f1d9000-15b5-4fc7-b838-3e8316d2c483" testListId="8c84fa94-04c1-424b-9868-57a2d4851a1d" />
    <TestEntry testId="12a0132a-3ac1-8c25-2eac-86ff672b1460" executionId="2a822003-4e4a-44b4-9df4-40a32310a4f0" testListId="8c84fa94-04c1-424b-9868-57a2d4851a1d" />
    <TestEntry testId="7d03f59f-5461-3f7f-be3b-5e740eccee52" executionId="99c4fce0-8bd2-41c8-9f29-349f60c06472" testListId="8c84fa94-04c1-424b-9868-57a2d4851a1d" />
    <TestEntry testId="7b287c18-3fe9-522b-e16d-ea4e3bdd040d" executionId="ed60fa86-2a47-420c-af0b-f67f9aedaf2d" testListId="8c84fa94-04c1-424b-9868-57a2d4851a1d" />
    <TestEntry testId="38c8d447-276b-2c54-c246-3c574e51b167" executionId="d6e12487-844f-482e-bf21-7902af37df6b" testListId="8c84fa94-04c1-424b-9868-57a2d4851a1d" />
    <TestEntry testId="e69e94f5-b5cb-127d-f866-bfbd362d3485" executionId="67eb2b41-720d-4c19-ab1d-afa1b39f714b" testListId="8c84fa94-04c1-424b-9868-57a2d4851a1d" />
    <TestEntry testId="c7255e59-86dd-7d74-aa2f-5cca5df080e3" executionId="329c50a1-8f7e-4613-a165-dfa3bd2fa937" testListId="8c84fa94-04c1-424b-9868-57a2d4851a1d" />
    <TestEntry testId="40241d34-edb3-1fb9-c43e-11d64436fe68" executionId="703f2478-fcb4-4e3f-93f4-5ddbab30b2a8" testListId="8c84fa94-04c1-424b-9868-57a2d4851a1d" />
    <TestEntry testId="095e5032-cd89-ef29-8541-3b5c7165b9e8" executionId="89c85ce5-4c81-44e3-ac7b-81c464c8fd05" testListId="8c84fa94-04c1-424b-9868-57a2d4851a1d" />
    <TestEntry testId="78c67d31-82a9-5fd3-dc06-1cb2349ceb67" executionId="d2c7af53-f9f7-4892-9bf9-c4f7e4c5efa8" testListId="8c84fa94-04c1-424b-9868-57a2d4851a1d" />
    <TestEntry testId="2ce0c6a5-043c-d3d5-9d55-2205f4dd8547" executionId="e95568f0-765d-4d40-909f-e01166c5303d" testListId="8c84fa94-04c1-424b-9868-57a2d4851a1d" />
    <TestEntry testId="eb17421e-48cd-b9db-34f3-b849d7dbce75" executionId="47016008-5c78-49bf-ad15-d6c6e490ef14" testListId="8c84fa94-04c1-424b-9868-57a2d4851a1d" />
    <TestEntry testId="b0051a55-1f5a-066d-1293-62195317a27f" executionId="2b60baa2-585a-4df3-9dc2-5ac1a14dfa4c" testListId="8c84fa94-04c1-424b-9868-57a2d4851a1d" />
    <TestEntry testId="d3194c55-49ed-260c-14aa-57cd80c96868" executionId="29713a2b-cfa8-4a31-bc5d-c86b9488f928" testListId="8c84fa94-04c1-424b-9868-57a2d4851a1d" />
    <TestEntry testId="89495f2c-bf06-ff77-b60e-9e1489d67c82" executionId="a2e22e01-3d56-4338-a1a2-dd6b749e4ea4" testListId="8c84fa94-04c1-424b-9868-57a2d4851a1d" />
    <TestEntry testId="489b25f7-149b-2f51-6c4e-5d72efb851b2" executionId="bf3db23a-0ee0-42df-b8d9-1e6d6054e22d" testListId="8c84fa94-04c1-424b-9868-57a2d4851a1d" />
    <TestEntry testId="ae9b7d12-cfe0-7f75-0499-dc4540ad7038" executionId="f8d20258-6e55-4d3e-b289-dd87d24a76ff" testListId="8c84fa94-04c1-424b-9868-57a2d4851a1d" />
    <TestEntry testId="30a26b88-02e5-300a-05e8-a76858771c46" executionId="76c0e242-93ce-4a2a-bbea-0f9e24404240" testListId="8c84fa94-04c1-424b-9868-57a2d4851a1d" />
    <TestEntry testId="fb21d2b2-0bbe-1548-c3f3-044cea206a55" executionId="9002ea21-ad0a-431a-8c99-356da9575627" testListId="8c84fa94-04c1-424b-9868-57a2d4851a1d" />
    <TestEntry testId="60ca3a90-4ac0-0a3c-3175-5d4ecdf80936" executionId="bf3b33fc-566a-414e-a0cd-06b0079c8f89" testListId="8c84fa94-04c1-424b-9868-57a2d4851a1d" />
    <TestEntry testId="1defc877-5f7c-0234-b2ed-d5121ed2b704" executionId="bce575f3-482b-4578-bc34-390d1b704ee7" testListId="8c84fa94-04c1-424b-9868-57a2d4851a1d" />
    <TestEntry testId="a991d121-fd05-250d-e434-8553ba0f9d03" executionId="336ded59-b631-4550-99f6-0fb5d34fde22" testListId="8c84fa94-04c1-424b-9868-57a2d4851a1d" />
    <TestEntry testId="57034684-30d0-0abe-d98c-ccad6751313c" executionId="1428a987-f72b-4db7-b4eb-92c3d5573f10" testListId="8c84fa94-04c1-424b-9868-57a2d4851a1d" />
    <TestEntry testId="24250228-198e-e55c-31f8-e73c614c813e" executionId="71b8638f-a2d7-4f47-9fb2-768b69505ac9" testListId="8c84fa94-04c1-424b-9868-57a2d4851a1d" />
    <TestEntry testId="e8f2fa7f-0111-ee28-ea43-bfb44625e324" executionId="54c13888-3f57-451b-bafa-eeea878ce384" testListId="8c84fa94-04c1-424b-9868-57a2d4851a1d" />
    <TestEntry testId="1cea6394-8b3f-3177-1eb9-928ca867d14d" executionId="dd2879da-3541-446d-aae8-00b887eb96e1" testListId="8c84fa94-04c1-424b-9868-57a2d4851a1d" />
    <TestEntry testId="9c046774-1ada-1e71-9721-aa18effee99a" executionId="4cc69a48-28a6-43aa-9987-1390b7f7e992" testListId="8c84fa94-04c1-424b-9868-57a2d4851a1d" />
    <TestEntry testId="26f358ab-5741-cc97-3cb6-e3525cf63d9d" executionId="23d7428d-9299-40ee-a0b4-47aaaddb6bf5" testListId="8c84fa94-04c1-424b-9868-57a2d4851a1d" />
    <TestEntry testId="cbcf6cd8-6d03-b6e2-4979-09f79c239bad" executionId="4bde8661-ec12-4d71-9d67-0d0fe0b6e5a9" testListId="8c84fa94-04c1-424b-9868-57a2d4851a1d" />
    <TestEntry testId="0e12d3f2-cf95-72e1-a5dd-93a569171b93" executionId="36d78e7b-f212-49a1-b05e-5e34ac7f8513" testListId="8c84fa94-04c1-424b-9868-57a2d4851a1d" />
    <TestEntry testId="d774d954-a03a-e71e-5244-2a1691932535" executionId="5a57ad30-8a29-4a75-a525-ea4b89dfd7fa" testListId="8c84fa94-04c1-424b-9868-57a2d4851a1d" />
    <TestEntry testId="5016bc88-8486-79fd-f4f4-bf4a77c81557" executionId="7cf8fbf2-0dd1-4f29-9b24-e0cbbd59c6f9" testListId="8c84fa94-04c1-424b-9868-57a2d4851a1d" />
    <TestEntry testId="6bef8db5-1271-65c2-58e0-12ee929b415b" executionId="ee69aa3f-70e1-483e-8379-de416c323464" testListId="8c84fa94-04c1-424b-9868-57a2d4851a1d" />
    <TestEntry testId="91f6204f-d7f5-d831-22f3-c437b393953a" executionId="0e206423-e367-4866-9ee8-0032c3ba9a91" testListId="8c84fa94-04c1-424b-9868-57a2d4851a1d" />
    <TestEntry testId="4f1823cd-bfe4-58a1-0190-922193c5c508" executionId="8c0a1491-1f25-48bd-b445-50305443083f" testListId="8c84fa94-04c1-424b-9868-57a2d4851a1d" />
    <TestEntry testId="8bc3e283-dd9f-5740-928d-d1a137b6b875" executionId="bd2b1d4f-fa72-4004-aca4-bbfd64a1cf4b" testListId="8c84fa94-04c1-424b-9868-57a2d4851a1d" />
    <TestEntry testId="5fff4461-b51e-97d3-cb92-0f7407ff9d85" executionId="48e5cc72-3ce0-45c5-99a1-0830af323a09" testListId="8c84fa94-04c1-424b-9868-57a2d4851a1d" />
    <TestEntry testId="359a5f58-9396-4b7a-707a-6d580ac507be" executionId="25463a1a-380c-4385-880a-616431d73315" testListId="8c84fa94-04c1-424b-9868-57a2d4851a1d" />
    <TestEntry testId="e02e9296-2a81-39f1-a362-7fada3142adc" executionId="75ed12f3-c2c6-4b93-b72f-cceeff78b780" testListId="8c84fa94-04c1-424b-9868-57a2d4851a1d" />
    <TestEntry testId="8013a69e-84b5-7079-c698-f3b6d77b3904" executionId="852ad85d-4cd4-4e5f-b16f-e6f4b06bab0b" testListId="8c84fa94-04c1-424b-9868-57a2d4851a1d" />
    <TestEntry testId="6148554f-0805-99eb-7fbf-8d2ab641ea06" executionId="c51a18c6-a43a-45bc-b63d-ee2816e1cd42" testListId="8c84fa94-04c1-424b-9868-57a2d4851a1d" />
    <TestEntry testId="7edae74c-575c-8b6a-90c0-b64f1fb385f8" executionId="9f0cbee6-8171-48e7-bf5d-646f9641bdd8" testListId="8c84fa94-04c1-424b-9868-57a2d4851a1d" />
    <TestEntry testId="1abc93e2-8cc5-57c5-968e-738412575768" executionId="a5d7d93b-0a51-4ba8-affd-34c52c1bad6a" testListId="8c84fa94-04c1-424b-9868-57a2d4851a1d" />
    <TestEntry testId="f4ba4fd6-ca81-108a-3df4-286c533f7aa3" executionId="5195337f-51a2-40c8-8783-ea5998a5dc8f" testListId="8c84fa94-04c1-424b-9868-57a2d4851a1d" />
    <TestEntry testId="b35c34ac-9df1-147d-e4ac-701c61038409" executionId="1d4ec6aa-7966-4d9e-897c-773d7e32ede0" testListId="8c84fa94-04c1-424b-9868-57a2d4851a1d" />
    <TestEntry testId="1abd5974-21f0-4db3-4aad-9c65176d60b0" executionId="028ec5e4-15db-4efa-ac42-eea1f5987247" testListId="8c84fa94-04c1-424b-9868-57a2d4851a1d" />
    <TestEntry testId="99b24d71-3bae-4dc0-e55d-ec55b33de623" executionId="dc600fe6-1332-4281-8fbf-3405a8740d1f" testListId="8c84fa94-04c1-424b-9868-57a2d4851a1d" />
    <TestEntry testId="bb7daf1a-09a6-5de5-6c16-05de18972e7b" executionId="2a745ff5-add3-4106-8bbf-613d03e632d9" testListId="8c84fa94-04c1-424b-9868-57a2d4851a1d" />
    <TestEntry testId="6914e19c-13da-4285-09f2-765daa65a8c1" executionId="9b4b917b-e4da-4dc9-b7d6-214bfe57abf2" testListId="8c84fa94-04c1-424b-9868-57a2d4851a1d" />
    <TestEntry testId="dc8ce518-e475-92f1-3c44-f5b3129a9802" executionId="3257d172-ed26-42df-a252-08a7f62c30a1" testListId="8c84fa94-04c1-424b-9868-57a2d4851a1d" />
    <TestEntry testId="3a44bda8-9638-7b2b-d0c1-f89e8e5deab8" executionId="64bab1a9-a60b-4cda-b8fe-ecd7d303e1cb" testListId="8c84fa94-04c1-424b-9868-57a2d4851a1d" />
    <TestEntry testId="971fa0a3-a764-b2fc-a48e-ba12893df1d6" executionId="00f18a23-1fb1-47f2-b893-cdea7728d2ca" testListId="8c84fa94-04c1-424b-9868-57a2d4851a1d" />
    <TestEntry testId="c108297f-98ff-44da-39cb-4587cac764b1" executionId="1ded8c2c-bb21-4aeb-938e-6736b9027bad" testListId="8c84fa94-04c1-424b-9868-57a2d4851a1d" />
    <TestEntry testId="c089de65-54a9-7674-e55f-3f1127390a37" executionId="beaf8b7b-b0ba-406d-b553-b31b374b1fe9" testListId="8c84fa94-04c1-424b-9868-57a2d4851a1d" />
    <TestEntry testId="5c5de329-4b40-daad-ece3-4f0d7e8dfdca" executionId="65edf513-88ed-428a-9255-6d628b3c3a10" testListId="8c84fa94-04c1-424b-9868-57a2d4851a1d" />
    <TestEntry testId="49da9259-b20f-5d25-c5fa-5b15aceef488" executionId="c3ed1060-6f82-4c8a-84d8-e913716faa20" testListId="8c84fa94-04c1-424b-9868-57a2d4851a1d" />
    <TestEntry testId="62b8b8d4-4aa4-5a1c-c395-e4887915a562" executionId="2121d13b-d724-431d-ab84-81465399c4ee" testListId="8c84fa94-04c1-424b-9868-57a2d4851a1d" />
    <TestEntry testId="e2edefec-5189-8c48-46b1-b637ce7cf3bd" executionId="2870517c-d24f-4049-b172-a4bbec005d8d" testListId="8c84fa94-04c1-424b-9868-57a2d4851a1d" />
    <TestEntry testId="21a7a4fb-54c1-77a7-c0ec-94a9331b74fc" executionId="d720e8d7-b3a0-439f-b1e1-18e580c44de9" testListId="8c84fa94-04c1-424b-9868-57a2d4851a1d" />
    <TestEntry testId="a95f1344-57a9-d55d-960f-ca466331cf7d" executionId="5c4d2577-8705-40fe-b3e0-83f4b06403a6" testListId="8c84fa94-04c1-424b-9868-57a2d4851a1d" />
    <TestEntry testId="fc15c370-1f51-a438-ec8e-730f66c61a64" executionId="09210341-629b-4c34-bb02-4af8848d0fdf" testListId="8c84fa94-04c1-424b-9868-57a2d4851a1d" />
    <TestEntry testId="4adf28ed-1984-c510-70ef-af33a094a454" executionId="26118edb-3ff7-4e7e-9e17-82dfac229c68" testListId="8c84fa94-04c1-424b-9868-57a2d4851a1d" />
    <TestEntry testId="fd6e4f47-6baf-8808-4c28-44ec2e9f596e" executionId="3f481b98-5dd6-4eb6-9012-18820cd29cf3" testListId="8c84fa94-04c1-424b-9868-57a2d4851a1d" />
    <TestEntry testId="3b831500-0d4d-0e2b-e374-2d64f8abfc0a" executionId="8d2fbda6-ef1a-415d-a597-c7cfe520b32b" testListId="8c84fa94-04c1-424b-9868-57a2d4851a1d" />
    <TestEntry testId="a5d7f672-ff51-ccc7-aaa4-61173d8ecaf1" executionId="ed51956d-fd99-490f-9519-3ed60ea7d7f6" testListId="8c84fa94-04c1-424b-9868-57a2d4851a1d" />
    <TestEntry testId="8c52eb96-163e-59e6-f3d8-b2ee1bd0843a" executionId="b8909f51-ba7f-4b4b-8296-66f4d117d9ad" testListId="8c84fa94-04c1-424b-9868-57a2d4851a1d" />
    <TestEntry testId="5c811b2e-c0cb-82ae-8277-4fce857c209e" executionId="8e6cfac6-e4f0-4422-b56e-1e617ccaaee4" testListId="8c84fa94-04c1-424b-9868-57a2d4851a1d" />
    <TestEntry testId="a02cb17d-6995-9863-489a-aa7bdff42397" executionId="6393c377-dc24-4394-b9fc-f6bd9a1ebb84" testListId="8c84fa94-04c1-424b-9868-57a2d4851a1d" />
    <TestEntry testId="bef2b608-26e8-810c-9b40-c028519d7c9a" executionId="5c3c7af5-3b86-4e79-b255-69bf1805a681" testListId="8c84fa94-04c1-424b-9868-57a2d4851a1d" />
    <TestEntry testId="3c91f6d8-20bf-d3c0-bca7-fa25bc3bfabc" executionId="833e05fb-870b-4ad3-82b4-6dcfd1fbcc41" testListId="8c84fa94-04c1-424b-9868-57a2d4851a1d" />
  </TestEntries>
  <Results>
    <UnitTestResult executionId="88207db2-a1fe-48ad-865c-dced51d4e7ac" testId="dff6cea9-4967-1308-32fc-efbe19b50cb1" testName="ContentLength_Returns_Null" computerName="GBLOCK-3-17" duration="00:00:00.0278601" startTime="2011-04-14T00:54:18.0504066-07:00" endTime="2011-04-14T00:54:18.2864302-07:00" testType="13cdc9d9-ddb5-4fa4-a97d-d965ccfc6d4b" outcome="Passed" testListId="8c84fa94-04c1-424b-9868-57a2d4851a1d" relativeResultsDirectory="88207db2-a1fe-48ad-865c-dced51d4e7ac">
    </UnitTestResult>
    <UnitTestResult executionId="566e7724-5b40-4bc8-9ecb-54986fd46c94" testId="4b652287-2c65-c765-5279-8e3f7a7d105d" testName="ContentReadStream_Calls_The_ActionOfStream" computerName="GBLOCK-3-17" duration="00:00:00.0039017" startTime="2011-04-14T00:54:18.2994315-07:00" endTime="2011-04-14T00:54:18.3034319-07:00" testType="13cdc9d9-ddb5-4fa4-a97d-d965ccfc6d4b" outcome="Passed" testListId="8c84fa94-04c1-424b-9868-57a2d4851a1d" relativeResultsDirectory="566e7724-5b40-4bc8-9ecb-54986fd46c94">
    </UnitTestResult>
    <UnitTestResult executionId="a1dafe91-4ca6-48c7-84b8-807ea552e403" testId="a434f00f-7d4c-5d8f-1153-babc085dc851" testName="CopyTo_Calls_The_ActionOfStream" computerName="GBLOCK-3-17" duration="00:00:00.0016895" startTime="2011-04-14T00:54:18.3064322-07:00" endTime="2011-04-14T00:54:18.3114327-07:00" testType="13cdc9d9-ddb5-4fa4-a97d-d965ccfc6d4b" outcome="Passed" testListId="8c84fa94-04c1-424b-9868-57a2d4851a1d" relativeResultsDirectory="a1dafe91-4ca6-48c7-84b8-807ea552e403">
    </UnitTestResult>
    <UnitTestResult executionId="47ac312f-3214-4827-a599-6278cb3e166c" testId="98a64537-777b-f6fc-91ee-d27fd339a73b" testName="ReadAsString_Calls_The_ActionOfStream" computerName="GBLOCK-3-17" duration="00:00:00.0032389" startTime="2011-04-14T00:54:18.3144330-07:00" endTime="2011-04-14T00:54:18.3194335-07:00" testType="13cdc9d9-ddb5-4fa4-a97d-d965ccfc6d4b" outcome="Passed" testListId="8c84fa94-04c1-424b-9868-57a2d4851a1d" relativeResultsDirectory="47ac312f-3214-4827-a599-6278cb3e166c">
    </UnitTestResult>
    <UnitTestResult executionId="4eacab98-586b-46f3-bf93-83f892667fc1" testId="5804b88e-4743-ef04-dbe6-034fbcc7fc54" testName="CreateSessionEncoder_Throws" computerName="GBLOCK-3-17" duration="00:00:00.0656588" startTime="2011-04-14T00:54:18.3224338-07:00" endTime="2011-04-14T00:54:18.3904406-07:00" testType="13cdc9d9-ddb5-4fa4-a97d-d965ccfc6d4b" outcome="Passed" testListId="8c84fa94-04c1-424b-9868-57a2d4851a1d" relativeResultsDirectory="4eacab98-586b-46f3-bf93-83f892667fc1">
    </UnitTestResult>
    <UnitTestResult executionId="8868fb86-04f3-4282-87a6-d16767b2e154" testId="a58823e8-757b-ae23-1c70-a80e35524405" testName="HttpMessageEncoderFactory_Is_An_Internal_Non_Abstract_Class" computerName="GBLOCK-3-17" duration="00:00:00.0003526" startTime="2011-04-14T00:54:18.4034419-07:00" endTime="2011-04-14T00:54:18.4074423-07:00" testType="13cdc9d9-ddb5-4fa4-a97d-d965ccfc6d4b" outcome="Passed" testListId="8c84fa94-04c1-424b-9868-57a2d4851a1d" relativeResultsDirectory="8868fb86-04f3-4282-87a6-d16767b2e154">
    </UnitTestResult>
    <UnitTestResult executionId="17bb18b6-85f4-474f-8697-ae6a6ec50a71" testId="022f0376-45a2-8958-fe3c-8e7ac4a186b2" testName="MessageEncoderFactory_Encoder_Returns_A_MessageEncoder" computerName="GBLOCK-3-17" duration="00:00:00.0003680" startTime="2011-04-14T00:54:18.4094425-07:00" endTime="2011-04-14T00:54:18.4114427-07:00" testType="13cdc9d9-ddb5-4fa4-a97d-d965ccfc6d4b" outcome="Passed" testListId="8c84fa94-04c1-424b-9868-57a2d4851a1d" relativeResultsDirectory="17bb18b6-85f4-474f-8697-ae6a6ec50a71">
    </UnitTestResult>
    <UnitTestResult executionId="586db4d2-ab7d-4008-b456-b727868657e5" testId="e306ac76-b0a9-769e-dcc5-20bd163c71bc" testName="MessageVersion_Is_None" computerName="GBLOCK-3-17" duration="00:00:00.0330315" startTime="2011-04-14T00:54:18.4134429-07:00" endTime="2011-04-14T00:54:18.4474463-07:00" testType="13cdc9d9-ddb5-4fa4-a97d-d965ccfc6d4b" outcome="Passed" testListId="8c84fa94-04c1-424b-9868-57a2d4851a1d" relativeResultsDirectory="586db4d2-ab7d-4008-b456-b727868657e5">
    </UnitTestResult>
    <UnitTestResult executionId="061630ae-3af8-4b60-8c8f-be4559e24ca5" testId="eef15a01-0ccb-8533-7f93-7a3e37769ddc" testName="ContentType_Is_Empty_String" computerName="GBLOCK-3-17" duration="00:00:00.0018912" startTime="2011-04-14T00:54:18.4494465-07:00" endTime="2011-04-14T00:54:18.4524468-07:00" testType="13cdc9d9-ddb5-4fa4-a97d-d965ccfc6d4b" outcome="Passed" testListId="8c84fa94-04c1-424b-9868-57a2d4851a1d" relativeResultsDirectory="061630ae-3af8-4b60-8c8f-be4559e24ca5">
    </UnitTestResult>
    <UnitTestResult executionId="5495cd1c-dd00-4d30-8d40-8cbab530e75d" testId="c3dcedf8-556e-d848-6c15-1d6f3dac20cd" testName="HttpMessageEncoder_Is_Nested_Private_Class" computerName="GBLOCK-3-17" duration="00:00:00.0009458" startTime="2011-04-14T00:54:18.4544470-07:00" endTime="2011-04-14T00:54:18.4634479-07:00" testType="13cdc9d9-ddb5-4fa4-a97d-d965ccfc6d4b" outcome="Passed" testListId="8c84fa94-04c1-424b-9868-57a2d4851a1d" relativeResultsDirectory="5495cd1c-dd00-4d30-8d40-8cbab530e75d">
    </UnitTestResult>
    <UnitTestResult executionId="7c0442fb-48be-4985-9b4c-b4f20da2dbf2" testId="bbb45846-9833-1f65-07a3-fcc82e9a4a78" testName="IsContentTypeSupported_Is_True" computerName="GBLOCK-3-17" duration="00:00:00.0012237" startTime="2011-04-14T00:54:18.4654481-07:00" endTime="2011-04-14T00:54:18.4684484-07:00" testType="13cdc9d9-ddb5-4fa4-a97d-d965ccfc6d4b" outcome="Passed" testListId="8c84fa94-04c1-424b-9868-57a2d4851a1d" relativeResultsDirectory="7c0442fb-48be-4985-9b4c-b4f20da2dbf2">
    </UnitTestResult>
    <UnitTestResult executionId="76ba3cdd-686e-4ffb-9d95-bc9ea0052215" testId="11dec55b-7e8c-3e18-c42e-78b5ec49632b" testName="IsContentTypeSupported_Throws" computerName="GBLOCK-3-17" duration="00:00:00.0011513" startTime="2011-04-14T00:54:18.4694485-07:00" endTime="2011-04-14T00:54:18.4734489-07:00" testType="13cdc9d9-ddb5-4fa4-a97d-d965ccfc6d4b" outcome="Passed" testListId="8c84fa94-04c1-424b-9868-57a2d4851a1d" relativeResultsDirectory="76ba3cdd-686e-4ffb-9d95-bc9ea0052215">
    </UnitTestResult>
    <UnitTestResult executionId="725ae06b-e197-4f39-b751-03fa9c9701f3" testId="12bc9506-997f-1268-f18a-59db090ee2b6" testName="MediaType_Is_Empty_String" computerName="GBLOCK-3-17" duration="00:00:00.0003214" startTime="2011-04-14T00:54:18.4744490-07:00" endTime="2011-04-14T00:54:18.4764492-07:00" testType="13cdc9d9-ddb5-4fa4-a97d-d965ccfc6d4b" outcome="Passed" testListId="8c84fa94-04c1-424b-9868-57a2d4851a1d" relativeResultsDirectory="725ae06b-e197-4f39-b751-03fa9c9701f3">
    </UnitTestResult>
    <UnitTestResult executionId="85617491-7353-4846-b10d-a6dbde8806a0" testId="d951e209-9119-dcd3-a683-271fd3fe305c" testName="MessageVersion_Is_None" computerName="GBLOCK-3-17" duration="00:00:00.0012568" startTime="2011-04-14T00:54:18.4784494-07:00" endTime="2011-04-14T00:54:18.4804496-07:00" testType="13cdc9d9-ddb5-4fa4-a97d-d965ccfc6d4b" outcome="Passed" testListId="8c84fa94-04c1-424b-9868-57a2d4851a1d" relativeResultsDirectory="85617491-7353-4846-b10d-a6dbde8806a0">
    </UnitTestResult>
    <UnitTestResult executionId="974400df-2057-4cd5-95da-9fd6c865b15c" testId="1a5ec6c5-2b48-fb22-ba0e-b333066f0cc4" testName="ReadMessage_Returns_A_Message_That_Returns_The_Array_To_The_Buffer_Manager_When_Closed" computerName="GBLOCK-3-17" duration="00:00:00.0249126" startTime="2011-04-14T00:54:18.4814497-07:00" endTime="2011-04-14T00:54:18.5074523-07:00" testType="13cdc9d9-ddb5-4fa4-a97d-d965ccfc6d4b" outcome="Passed" testListId="8c84fa94-04c1-424b-9868-57a2d4851a1d" relativeResultsDirectory="974400df-2057-4cd5-95da-9fd6c865b15c">
    </UnitTestResult>
    <UnitTestResult executionId="1e738b2a-07d5-48a5-9e7e-2b6f52f4e1dc" testId="8f937cc5-c6eb-8444-015a-0d7748ddd89f" testName="ReadMessage_Returns_HttpMessage" computerName="GBLOCK-3-17" duration="00:00:00.0019070" startTime="2011-04-14T00:54:18.5094525-07:00" endTime="2011-04-14T00:54:18.5124528-07:00" testType="13cdc9d9-ddb5-4fa4-a97d-d965ccfc6d4b" outcome="Passed" testListId="8c84fa94-04c1-424b-9868-57a2d4851a1d" relativeResultsDirectory="1e738b2a-07d5-48a5-9e7e-2b6f52f4e1dc">
    </UnitTestResult>
    <UnitTestResult executionId="fa560c6e-2505-499d-bbd9-0aec68b65ed8" testId="f157ed78-c7f0-1670-28e7-abd2b9beebfa" testName="ReadMessage_Returns_HttpMessage_Only_AllowOutputBatching_MessageProperty_And_Encoder" computerName="GBLOCK-3-17" duration="00:00:00.0016987" startTime="2011-04-14T00:54:18.5134529-07:00" endTime="2011-04-14T00:54:18.5164532-07:00" testType="13cdc9d9-ddb5-4fa4-a97d-d965ccfc6d4b" outcome="Passed" testListId="8c84fa94-04c1-424b-9868-57a2d4851a1d" relativeResultsDirectory="fa560c6e-2505-499d-bbd9-0aec68b65ed8">
    </UnitTestResult>
    <UnitTestResult executionId="cb409389-eb9e-4edb-be9a-2f8b62ecc3a6" testId="6e009ce8-eefa-a236-ff8f-ba5d131cc9d3" testName="ReadMessage_Returns_HttpMessage_With_HttpContent_Created_From_The_Buffer" computerName="GBLOCK-3-17" duration="00:00:00.0038921" startTime="2011-04-14T00:54:18.5184534-07:00" endTime="2011-04-14T00:54:18.5234539-07:00" testType="13cdc9d9-ddb5-4fa4-a97d-d965ccfc6d4b" outcome="Passed" testListId="8c84fa94-04c1-424b-9868-57a2d4851a1d" relativeResultsDirectory="cb409389-eb9e-4edb-be9a-2f8b62ecc3a6">
    </UnitTestResult>
    <UnitTestResult executionId="99005962-a5fe-4dc9-a6c6-9ca40eb9d442" testId="96f18576-6cce-4229-e542-02b0250691e9" testName="ReadMessage_Returns_HttpMessage_With_HttpContent_Given_By_ContentType_Parameter" computerName="GBLOCK-3-17" duration="00:00:00.0012337" startTime="2011-04-14T00:54:18.5244540-07:00" endTime="2011-04-14T00:54:18.5284544-07:00" testType="13cdc9d9-ddb5-4fa4-a97d-d965ccfc6d4b" outcome="Passed" testListId="8c84fa94-04c1-424b-9868-57a2d4851a1d" relativeResultsDirectory="99005962-a5fe-4dc9-a6c6-9ca40eb9d442">
    </UnitTestResult>
    <UnitTestResult executionId="3e3fdfb3-5ebd-423d-8bdd-67fd36e98df5" testId="b95d4fbb-c2e9-c991-03aa-0266e56659f1" testName="ReadMessage_Returns_HttpMessage_With_HttpContent_Null_Content_Type" computerName="GBLOCK-3-17" duration="00:00:00.0005323" startTime="2011-04-14T00:54:18.5294545-07:00" endTime="2011-04-14T00:54:18.5324548-07:00" testType="13cdc9d9-ddb5-4fa4-a97d-d965ccfc6d4b" outcome="Passed" testListId="8c84fa94-04c1-424b-9868-57a2d4851a1d" relativeResultsDirectory="3e3fdfb3-5ebd-423d-8bdd-67fd36e98df5">
    </UnitTestResult>
    <UnitTestResult executionId="1033fe7b-a09a-421b-8a3b-a73afcc8ef08" testId="face90fe-55c2-5f19-3b2e-6b3729ccfa2b" testName="ReadMessage_Returns_HttpMessage_With_IsRequest_True" computerName="GBLOCK-3-17" duration="00:00:00.0005185" startTime="2011-04-14T00:54:18.5334549-07:00" endTime="2011-04-14T00:54:18.5364552-07:00" testType="13cdc9d9-ddb5-4fa4-a97d-d965ccfc6d4b" outcome="Passed" testListId="8c84fa94-04c1-424b-9868-57a2d4851a1d" relativeResultsDirectory="1033fe7b-a09a-421b-8a3b-a73afcc8ef08">
    </UnitTestResult>
    <UnitTestResult executionId="ada7ed61-8d0b-47b8-9473-1b9d61b9c4b4" testId="b817a77c-800c-a371-6e7c-b0c60f46ed3a" testName="ReadMessage_Returns_HttpMessage_With_No_Headers" computerName="GBLOCK-3-17" duration="00:00:00.0006166" startTime="2011-04-14T00:54:18.5374553-07:00" endTime="2011-04-14T00:54:18.5404556-07:00" testType="13cdc9d9-ddb5-4fa4-a97d-d965ccfc6d4b" outcome="Passed" testListId="8c84fa94-04c1-424b-9868-57a2d4851a1d" relativeResultsDirectory="ada7ed61-8d0b-47b8-9473-1b9d61b9c4b4">
    </UnitTestResult>
    <UnitTestResult executionId="84c1542e-e05d-41b6-a82c-860077429f8d" testId="def792f9-97ef-5813-60f4-378386b349d9" testName="ReadMessage_Throws_If_The_BufferManager_Parameter_Is_Null" computerName="GBLOCK-3-17" duration="00:00:00.0007109" startTime="2011-04-14T00:54:18.5414557-07:00" endTime="2011-04-14T00:54:18.5454561-07:00" testType="13cdc9d9-ddb5-4fa4-a97d-d965ccfc6d4b" outcome="Passed" testListId="8c84fa94-04c1-424b-9868-57a2d4851a1d" relativeResultsDirectory="84c1542e-e05d-41b6-a82c-860077429f8d">
    </UnitTestResult>
    <UnitTestResult executionId="bbb0a253-a16b-4527-a10d-ce51fabb6f7f" testId="d2fb878d-78d3-f329-a11c-a995f0c93353" testName="ReadMessage_With_Stream_Does_Not_Advance_The_Stream" computerName="GBLOCK-3-17" duration="00:00:00.0025055" startTime="2011-04-14T00:54:18.5474563-07:00" endTime="2011-04-14T00:54:18.5514567-07:00" testType="13cdc9d9-ddb5-4fa4-a97d-d965ccfc6d4b" outcome="Passed" testListId="8c84fa94-04c1-424b-9868-57a2d4851a1d" relativeResultsDirectory="bbb0a253-a16b-4527-a10d-ce51fabb6f7f">
    </UnitTestResult>
    <UnitTestResult executionId="7117b6e5-99a7-47d0-9167-4cc556c9149d" testId="1d28ba9a-0ab7-2f6b-1d04-4fe186492e11" testName="ReadMessage_With_Stream_Returns_HttpMessage" computerName="GBLOCK-3-17" duration="00:00:00.0010816" startTime="2011-04-14T00:54:18.5534569-07:00" endTime="2011-04-14T00:54:18.5554571-07:00" testType="13cdc9d9-ddb5-4fa4-a97d-d965ccfc6d4b" outcome="Passed" testListId="8c84fa94-04c1-424b-9868-57a2d4851a1d" relativeResultsDirectory="7117b6e5-99a7-47d0-9167-4cc556c9149d">
    </UnitTestResult>
    <UnitTestResult executionId="4d2bb16a-cc77-45a2-932e-ef7ceea67f05" testId="296ecf9a-eed8-31df-73f8-8db6be13715e" testName="ReadMessage_With_Stream_Returns_HttpMessage_With_IsRequest_True" computerName="GBLOCK-3-17" duration="00:00:00.0010243" startTime="2011-04-14T00:54:18.5574573-07:00" endTime="2011-04-14T00:54:18.5594575-07:00" testType="13cdc9d9-ddb5-4fa4-a97d-d965ccfc6d4b" outcome="Passed" testListId="8c84fa94-04c1-424b-9868-57a2d4851a1d" relativeResultsDirectory="4d2bb16a-cc77-45a2-932e-ef7ceea67f05">
    </UnitTestResult>
    <UnitTestResult executionId="72b888b0-3bd1-41a6-8fca-9fad51e827c8" testId="6522201c-65d0-1959-c02c-bcdadc980e72" testName="ReadMessage_With_Stream_Throws_If_Stream_Parameter_Is_Null" computerName="GBLOCK-3-17" duration="00:00:00.0005454" startTime="2011-04-14T00:54:18.5614577-07:00" endTime="2011-04-14T00:54:18.5684584-07:00" testType="13cdc9d9-ddb5-4fa4-a97d-d965ccfc6d4b" outcome="Passed" testListId="8c84fa94-04c1-424b-9868-57a2d4851a1d" relativeResultsDirectory="72b888b0-3bd1-41a6-8fca-9fad51e827c8">
    </UnitTestResult>
    <UnitTestResult executionId="6739c2b6-3a63-4825-aec8-44f7870b7917" testId="13bafdbe-1bdd-c03f-628b-c932b0310448" testName="WriteMessage_Returns_An_ArraySegment_With_Size_Of_Content_Byte_Count" computerName="GBLOCK-3-17" duration="00:00:00.0603316" startTime="2011-04-14T00:54:18.5714587-07:00" endTime="2011-04-14T00:54:18.6334649-07:00" testType="13cdc9d9-ddb5-4fa4-a97d-d965ccfc6d4b" outcome="Passed" testListId="8c84fa94-04c1-424b-9868-57a2d4851a1d" relativeResultsDirectory="6739c2b6-3a63-4825-aec8-44f7870b7917">
    </UnitTestResult>
    <UnitTestResult executionId="f32fc806-e730-4767-ac26-0f0f0ff14ccf" testId="7c5d430f-5797-933b-8581-a72deb58e380" testName="WriteMessage_Returns_An_ArraySegment_With_The_Content_From_The_HttpMessage" computerName="GBLOCK-3-17" duration="00:00:00.0036473" startTime="2011-04-14T00:54:18.6404656-07:00" endTime="2011-04-14T00:54:18.6444660-07:00" testType="13cdc9d9-ddb5-4fa4-a97d-d965ccfc6d4b" outcome="Passed" testListId="8c84fa94-04c1-424b-9868-57a2d4851a1d" relativeResultsDirectory="f32fc806-e730-4767-ac26-0f0f0ff14ccf">
    </UnitTestResult>
    <UnitTestResult executionId="f80399f7-c031-412d-9c54-b8407ab3e7ae" testId="a1c89445-cd5b-3067-89c1-07308b126e1b" testName="WriteMessage_Returns_Empty_ArraySegment_If_HttpMessage_Content_Is_Null" computerName="GBLOCK-3-17" duration="00:00:00.0010893" startTime="2011-04-14T00:54:18.6484664-07:00" endTime="2011-04-14T00:54:18.6504666-07:00" testType="13cdc9d9-ddb5-4fa4-a97d-d965ccfc6d4b" outcome="Passed" testListId="8c84fa94-04c1-424b-9868-57a2d4851a1d" relativeResultsDirectory="f80399f7-c031-412d-9c54-b8407ab3e7ae">
    </UnitTestResult>
    <UnitTestResult executionId="9539021d-3823-43c3-8e88-9f959c67c68e" testId="5174659a-83c8-303d-debd-7e61be42fcaa" testName="WriteMessage_Takes_A_Buffer_From_The_BufferManager" computerName="GBLOCK-3-17" duration="00:00:00.0012168" startTime="2011-04-14T00:54:18.6574673-07:00" endTime="2011-04-14T00:54:18.6594675-07:00" testType="13cdc9d9-ddb5-4fa4-a97d-d965ccfc6d4b" outcome="Passed" testListId="8c84fa94-04c1-424b-9868-57a2d4851a1d" relativeResultsDirectory="9539021d-3823-43c3-8e88-9f959c67c68e">
    </UnitTestResult>
    <UnitTestResult executionId="9cb65087-cd93-4f43-9357-93f87a3870f3" testId="5051e5fb-4dc4-682e-02eb-f18f7a360b2d" testName="WriteMessage_That_Takes_A_Stream_Throws_If_The_Message_Parameter_Is_Null" computerName="GBLOCK-3-17" duration="00:00:00.0007363" startTime="2011-04-14T00:54:18.6604676-07:00" endTime="2011-04-14T00:54:18.6624678-07:00" testType="13cdc9d9-ddb5-4fa4-a97d-d965ccfc6d4b" outcome="Passed" testListId="8c84fa94-04c1-424b-9868-57a2d4851a1d" relativeResultsDirectory="9cb65087-cd93-4f43-9357-93f87a3870f3">
    </UnitTestResult>
    <UnitTestResult executionId="bb8428ff-bf61-48cf-8c7d-ee4fe8f904db" testId="ab025d3d-0e73-0f0f-1a6b-c6e01cce31bb" testName="WriteMessage_That_Takes_A_Stream_Throws_If_The_Stream_Parameter_Is_Null" computerName="GBLOCK-3-17" duration="00:00:00.0025344" startTime="2011-04-14T00:54:18.6684684-07:00" endTime="2011-04-14T00:54:18.6714687-07:00" testType="13cdc9d9-ddb5-4fa4-a97d-d965ccfc6d4b" outcome="Passed" testListId="8c84fa94-04c1-424b-9868-57a2d4851a1d" relativeResultsDirectory="bb8428ff-bf61-48cf-8c7d-ee4fe8f904db">
    </UnitTestResult>
    <UnitTestResult executionId="04cb3c1d-540b-4a76-a363-c8d791ad27a5" testId="f3ace565-cace-2c3e-d5d7-96c303be4813" testName="WriteMessage_That_Takes_A_Stream_Writes_Message_Content_To_The_Stream" computerName="GBLOCK-3-17" duration="00:00:00.0006259" startTime="2011-04-14T00:54:18.6734689-07:00" endTime="2011-04-14T00:54:18.6754691-07:00" testType="13cdc9d9-ddb5-4fa4-a97d-d965ccfc6d4b" outcome="Passed" testListId="8c84fa94-04c1-424b-9868-57a2d4851a1d" relativeResultsDirectory="04cb3c1d-540b-4a76-a363-c8d791ad27a5">
    </UnitTestResult>
    <UnitTestResult executionId="69d2063f-89ac-4dec-ae26-840439b08aba" testId="ef6aafed-81a9-e94d-3594-094f91d4baab" testName="WriteMessage_That_Takes_A_Stream_Writes_Nothing_If_Message_Content_Is_Null" computerName="GBLOCK-3-17" duration="00:00:00.0005870" startTime="2011-04-14T00:54:18.6764692-07:00" endTime="2011-04-14T00:54:18.6784694-07:00" testType="13cdc9d9-ddb5-4fa4-a97d-d965ccfc6d4b" outcome="Passed" testListId="8c84fa94-04c1-424b-9868-57a2d4851a1d" relativeResultsDirectory="69d2063f-89ac-4dec-ae26-840439b08aba">
    </UnitTestResult>
    <UnitTestResult executionId="fff92305-65da-44a0-a0a1-543d05b06f8a" testId="73e18563-1f07-d77a-0b70-28500873df59" testName="WriteMessage_Throws_If_BufferManager_Parameter_Is_Null" computerName="GBLOCK-3-17" duration="00:00:00.0009169" startTime="2011-04-14T00:54:18.6794695-07:00" endTime="2011-04-14T00:54:18.6824698-07:00" testType="13cdc9d9-ddb5-4fa4-a97d-d965ccfc6d4b" outcome="Passed" testListId="8c84fa94-04c1-424b-9868-57a2d4851a1d" relativeResultsDirectory="fff92305-65da-44a0-a0a1-543d05b06f8a">
    </UnitTestResult>
    <UnitTestResult executionId="3e6df481-d0a0-4ca4-a52f-c2ef5e10b5ad" testId="8c77d61c-94c5-4ba8-72a1-b7c3c236d39c" testName="WriteMessage_Throws_If_HttpMessage_IsRequest_Is_Not_False" computerName="GBLOCK-3-17" duration="00:00:00.0048899" startTime="2011-04-14T00:54:18.6844700-07:00" endTime="2011-04-14T00:54:18.6914707-07:00" testType="13cdc9d9-ddb5-4fa4-a97d-d965ccfc6d4b" outcome="Passed" testListId="8c84fa94-04c1-424b-9868-57a2d4851a1d" relativeResultsDirectory="3e6df481-d0a0-4ca4-a52f-c2ef5e10b5ad">
    </UnitTestResult>
    <UnitTestResult executionId="a4de92c9-e4b1-4ce1-9e06-b9e4d29b11e4" testId="1511ddde-3a8d-aa6b-a25d-291e5e424f1c" testName="WriteMessage_Throws_If_MaxMessageSize_Is_Exceeded" computerName="GBLOCK-3-17" duration="00:00:00.0015543" startTime="2011-04-14T00:54:18.6924708-07:00" endTime="2011-04-14T00:54:18.6964712-07:00" testType="13cdc9d9-ddb5-4fa4-a97d-d965ccfc6d4b" outcome="Passed" testListId="8c84fa94-04c1-424b-9868-57a2d4851a1d" relativeResultsDirectory="a4de92c9-e4b1-4ce1-9e06-b9e4d29b11e4">
    </UnitTestResult>
    <UnitTestResult executionId="1ee0ff3f-8c04-4d08-bcb0-a0e15a1c2b66" testId="7c122e73-cebb-cdb0-4e93-333ad11bd4aa" testName="WriteMessage_Throws_If_MaxMessageSize_Parameter_Is_Negative" computerName="GBLOCK-3-17" duration="00:00:00.0014069" startTime="2011-04-14T00:54:18.6974713-07:00" endTime="2011-04-14T00:54:18.7014717-07:00" testType="13cdc9d9-ddb5-4fa4-a97d-d965ccfc6d4b" outcome="Passed" testListId="8c84fa94-04c1-424b-9868-57a2d4851a1d" relativeResultsDirectory="1ee0ff3f-8c04-4d08-bcb0-a0e15a1c2b66">
    </UnitTestResult>
    <UnitTestResult executionId="c7674b93-cb5c-467d-85dd-26a5760b8b41" testId="25c7b1cf-b50b-3bcd-5241-b6c310a199da" testName="WriteMessage_Throws_If_Message_Parameter_Is_Null" computerName="GBLOCK-3-17" duration="00:00:00.0005881" startTime="2011-04-14T00:54:18.7024718-07:00" endTime="2011-04-14T00:54:18.7064722-07:00" testType="13cdc9d9-ddb5-4fa4-a97d-d965ccfc6d4b" outcome="Passed" testListId="8c84fa94-04c1-424b-9868-57a2d4851a1d" relativeResultsDirectory="c7674b93-cb5c-467d-85dd-26a5760b8b41">
    </UnitTestResult>
    <UnitTestResult executionId="816e1ff1-e60b-4546-b64a-2a73b9ada796" testId="35cf8248-5444-f7d9-20de-a8717a9999e1" testName="WriteMessage_Throws_If_MessageOffsert_Parameter_Is_Negative" computerName="GBLOCK-3-17" duration="00:00:00.0019936" startTime="2011-04-14T00:54:18.7084724-07:00" endTime="2011-04-14T00:54:18.7114727-07:00" testType="13cdc9d9-ddb5-4fa4-a97d-d965ccfc6d4b" outcome="Passed" testListId="8c84fa94-04c1-424b-9868-57a2d4851a1d" relativeResultsDirectory="816e1ff1-e60b-4546-b64a-2a73b9ada796">
    </UnitTestResult>
    <UnitTestResult executionId="52df908d-dcf0-44ff-874e-383f48fc9310" testId="94e500b9-6bb9-65cf-b7d5-ca2948290c98" testName="WriteMessage_Throws_If_MessageOffset_Is_Greater_Than_MaxMessageSize" computerName="GBLOCK-3-17" duration="00:00:00.0016475" startTime="2011-04-14T00:54:18.7124728-07:00" endTime="2011-04-14T00:54:18.7154731-07:00" testType="13cdc9d9-ddb5-4fa4-a97d-d965ccfc6d4b" outcome="Passed" testListId="8c84fa94-04c1-424b-9868-57a2d4851a1d" relativeResultsDirectory="52df908d-dcf0-44ff-874e-383f48fc9310">
    </UnitTestResult>
    <UnitTestResult executionId="6d9871f5-0016-4767-8c3e-2071d6d45c72" testId="6f14c4ef-3d71-5787-5c82-8adbc93bcb33" testName="WriteMessage_Throws_If_The_Message_State_Is_Not_Created" computerName="GBLOCK-3-17" duration="00:00:00.0010204" startTime="2011-04-14T00:54:18.7164732-07:00" endTime="2011-04-14T00:54:18.7184734-07:00" testType="13cdc9d9-ddb5-4fa4-a97d-d965ccfc6d4b" outcome="Passed" testListId="8c84fa94-04c1-424b-9868-57a2d4851a1d" relativeResultsDirectory="6d9871f5-0016-4767-8c3e-2071d6d45c72">
    </UnitTestResult>
    <UnitTestResult executionId="16a8d06a-6037-4fe2-9e0e-94420db8ad31" testId="4dff8027-76d6-fb19-97e7-a4d57010fd3e" testName="BuildChannelFactory_Throws" computerName="GBLOCK-3-17" duration="00:00:00.0127362" startTime="2011-04-14T00:54:18.7244740-07:00" endTime="2011-04-14T00:54:18.7374753-07:00" testType="13cdc9d9-ddb5-4fa4-a97d-d965ccfc6d4b" outcome="Passed" testListId="8c84fa94-04c1-424b-9868-57a2d4851a1d" relativeResultsDirectory="16a8d06a-6037-4fe2-9e0e-94420db8ad31">
    </UnitTestResult>
    <UnitTestResult executionId="6ca2fe87-5bfb-4f50-914f-77f6bbe767c2" testId="d416df2c-6831-66e5-1c57-24c7de4ecc77" testName="BuildChannelListener_Adds_HttpMessageEncodingBindingElement_To_Binding_Parameters_Collection" computerName="GBLOCK-3-17" duration="00:00:00.0073612" startTime="2011-04-14T00:54:18.7394755-07:00" endTime="2011-04-14T00:54:18.7484764-07:00" testType="13cdc9d9-ddb5-4fa4-a97d-d965ccfc6d4b" outcome="Passed" testListId="8c84fa94-04c1-424b-9868-57a2d4851a1d" relativeResultsDirectory="6ca2fe87-5bfb-4f50-914f-77f6bbe767c2">
    </UnitTestResult>
    <UnitTestResult executionId="7b6b6fc8-3771-4c45-9ce0-5dd37ee16048" testId="4202ad62-c627-e1a0-3613-464feb7b01ef" testName="BuildChannelListener_Returns_ChannelListener_For_IReplyChannel" computerName="GBLOCK-3-17" duration="00:00:00.0712247" startTime="2011-04-14T00:54:18.7504766-07:00" endTime="2011-04-14T00:54:18.8304846-07:00" testType="13cdc9d9-ddb5-4fa4-a97d-d965ccfc6d4b" outcome="Passed" testListId="8c84fa94-04c1-424b-9868-57a2d4851a1d" relativeResultsDirectory="7b6b6fc8-3771-4c45-9ce0-5dd37ee16048">
    </UnitTestResult>
    <UnitTestResult executionId="72ca065e-5c77-41f8-b457-e2d0ad5cfd64" testId="2531cce5-15df-7078-ebd0-1186ee76fb98" testName="BuildChannelListener_Returns_Null_If_Inner_BindingElement_Returns_Null" computerName="GBLOCK-3-17" duration="00:00:00.0011790" startTime="2011-04-14T00:54:18.8324848-07:00" endTime="2011-04-14T00:54:18.8424858-07:00" testType="13cdc9d9-ddb5-4fa4-a97d-d965ccfc6d4b" outcome="Passed" testListId="8c84fa94-04c1-424b-9868-57a2d4851a1d" relativeResultsDirectory="72ca065e-5c77-41f8-b457-e2d0ad5cfd64">
    </UnitTestResult>
    <UnitTestResult executionId="81105972-7c90-45d4-b7ac-f24c1967d5af" testId="3c8c189c-a766-562c-fa23-4df2f0aa2056" testName="BuildChannelListener_Throws_For_Non_IReplyChannel" computerName="GBLOCK-3-17" duration="00:00:00.0050773" startTime="2011-04-14T00:54:18.8444860-07:00" endTime="2011-04-14T00:54:18.8574873-07:00" testType="13cdc9d9-ddb5-4fa4-a97d-d965ccfc6d4b" outcome="Passed" testListId="8c84fa94-04c1-424b-9868-57a2d4851a1d" relativeResultsDirectory="81105972-7c90-45d4-b7ac-f24c1967d5af">
    </UnitTestResult>
    <UnitTestResult executionId="6008dafb-7a97-4842-b8cb-7dd10bcd1949" testId="6a7b219c-4d7f-bdc2-e523-4b1f5b8a949b" testName="CanBuildChannelFactory_Always_Returns_False" computerName="GBLOCK-3-17" duration="00:00:00.0045631" startTime="2011-04-14T00:54:18.8594875-07:00" endTime="2011-04-14T00:54:18.8984914-07:00" testType="13cdc9d9-ddb5-4fa4-a97d-d965ccfc6d4b" outcome="Passed" testListId="8c84fa94-04c1-424b-9868-57a2d4851a1d" relativeResultsDirectory="6008dafb-7a97-4842-b8cb-7dd10bcd1949">
    </UnitTestResult>
    <UnitTestResult executionId="7b3bb2f6-1c8e-4141-bcdf-5e1487aee54b" testId="c0a53c7f-d387-bc55-bcac-ada4dcb8e353" testName="CanBuildChannelListener_Only_Returns_True_For_IReplyChannel" computerName="GBLOCK-3-17" duration="00:00:00.0030283" startTime="2011-04-14T00:54:18.9024918-07:00" endTime="2011-04-14T00:54:18.9054921-07:00" testType="13cdc9d9-ddb5-4fa4-a97d-d965ccfc6d4b" outcome="Passed" testListId="8c84fa94-04c1-424b-9868-57a2d4851a1d" relativeResultsDirectory="7b3bb2f6-1c8e-4141-bcdf-5e1487aee54b">
    </UnitTestResult>
    <UnitTestResult executionId="6d976165-376c-4f49-b12f-5a0f4a44b8c3" testId="aad6e60a-7c5e-b5e5-130c-c097d4eb6805" testName="Clone_Returns_New_HttpMessageEncodingBindingElement_Instance" computerName="GBLOCK-3-17" duration="00:00:00.0003760" startTime="2011-04-14T00:54:18.9104926-07:00" endTime="2011-04-14T00:54:18.9154931-07:00" testType="13cdc9d9-ddb5-4fa4-a97d-d965ccfc6d4b" outcome="Passed" testListId="8c84fa94-04c1-424b-9868-57a2d4851a1d" relativeResultsDirectory="6d976165-376c-4f49-b12f-5a0f4a44b8c3">
    </UnitTestResult>
    <UnitTestResult executionId="a6b620f2-7396-4b16-9440-6ee5755ace46" testId="001a39aa-1f8a-8b11-a812-057781d8ee75" testName="CreateMessageEncoderFactory_Returns_An_HttpMessageEncoderFactory" computerName="GBLOCK-3-17" duration="00:00:00.0002856" startTime="2011-04-14T00:54:18.9184934-07:00" endTime="2011-04-14T00:54:18.9194935-07:00" testType="13cdc9d9-ddb5-4fa4-a97d-d965ccfc6d4b" outcome="Passed" testListId="8c84fa94-04c1-424b-9868-57a2d4851a1d" relativeResultsDirectory="a6b620f2-7396-4b16-9440-6ee5755ace46">
    </UnitTestResult>
    <UnitTestResult executionId="cec49ef6-0fec-4949-8e0b-e51d25a76eff" testId="5af2cf35-46bb-fe87-ea03-650c503aff19" testName="HttpMessageEncodingBindingElement_Is_A_Public_Non_Abstract_Class" computerName="GBLOCK-3-17" duration="00:00:00.0004107" startTime="2011-04-14T00:54:18.9204936-07:00" endTime="2011-04-14T00:54:18.9224938-07:00" testType="13cdc9d9-ddb5-4fa4-a97d-d965ccfc6d4b" outcome="Passed" testListId="8c84fa94-04c1-424b-9868-57a2d4851a1d" relativeResultsDirectory="cec49ef6-0fec-4949-8e0b-e51d25a76eff">
    </UnitTestResult>
    <UnitTestResult executionId="fcf6ec31-51eb-4507-8d94-22d56eead8bf" testId="1880cab0-2b4c-9fe4-7a9d-2be76e61b58e" testName="MessageVersion_Is_Always_None" computerName="GBLOCK-3-17" duration="00:00:00.0003168" startTime="2011-04-14T00:54:18.9244940-07:00" endTime="2011-04-14T00:54:18.9264942-07:00" testType="13cdc9d9-ddb5-4fa4-a97d-d965ccfc6d4b" outcome="Passed" testListId="8c84fa94-04c1-424b-9868-57a2d4851a1d" relativeResultsDirectory="fcf6ec31-51eb-4507-8d94-22d56eead8bf">
    </UnitTestResult>
    <UnitTestResult executionId="8e19bad1-dcff-4cc7-81f4-696470e0b442" testId="ed85e3dd-0120-de9d-4743-9a39e4d473ea" testName="Setting_MessageVersion_To_Null_Throws" computerName="GBLOCK-3-17" duration="00:00:00.0009400" startTime="2011-04-14T00:54:18.9274943-07:00" endTime="2011-04-14T00:54:18.9304946-07:00" testType="13cdc9d9-ddb5-4fa4-a97d-d965ccfc6d4b" outcome="Passed" testListId="8c84fa94-04c1-424b-9868-57a2d4851a1d" relativeResultsDirectory="8e19bad1-dcff-4cc7-81f4-696470e0b442">
    </UnitTestResult>
    <UnitTestResult executionId="c65257fe-63fd-48fd-bc0c-0b8f87a46857" testId="ebf0877c-f92f-4a7d-d78e-d27494e6c508" testName="Setting_MessageVersion_To_Other_Than_None_Throws" computerName="GBLOCK-3-17" duration="00:00:00.0007775" startTime="2011-04-14T00:54:18.9324948-07:00" endTime="2011-04-14T00:54:18.9354951-07:00" testType="13cdc9d9-ddb5-4fa4-a97d-d965ccfc6d4b" outcome="Passed" testListId="8c84fa94-04c1-424b-9868-57a2d4851a1d" relativeResultsDirectory="c65257fe-63fd-48fd-bc0c-0b8f87a46857">
    </UnitTestResult>
    <UnitTestResult executionId="e54046dc-2fb5-4f9f-be71-95da1bd620df" testId="e546a55a-f856-2424-ba4e-3b53ea000c09" testName="Abort_Calls_The_Inner_Listener" computerName="GBLOCK-3-17" duration="00:00:00.0049488" startTime="2011-04-14T00:54:18.9364952-07:00" endTime="2011-04-14T00:54:18.9444960-07:00" testType="13cdc9d9-ddb5-4fa4-a97d-d965ccfc6d4b" outcome="Passed" testListId="8c84fa94-04c1-424b-9868-57a2d4851a1d" relativeResultsDirectory="e54046dc-2fb5-4f9f-be71-95da1bd620df">
    </UnitTestResult>
    <UnitTestResult executionId="a3fc44d5-087a-4522-8827-1eaee46c987a" testId="ed725def-81ad-1b86-a4e5-da005ce3bf22" testName="AcceptChannel_Calls_The_Inner_Listener_With_Timeout" computerName="GBLOCK-3-17" duration="00:00:00.0193880" startTime="2011-04-14T00:54:18.9454961-07:00" endTime="2011-04-14T00:54:18.9674983-07:00" testType="13cdc9d9-ddb5-4fa4-a97d-d965ccfc6d4b" outcome="Passed" testListId="8c84fa94-04c1-424b-9868-57a2d4851a1d" relativeResultsDirectory="a3fc44d5-087a-4522-8827-1eaee46c987a">
    </UnitTestResult>
    <UnitTestResult executionId="83c31a23-d3a7-48db-8d6e-731276eedb66" testId="f5e7769a-ffb4-cd4c-f596-1ece8eb2e27c" testName="AcceptChannel_Returns_HttpMessageEncodingReplyChannel" computerName="GBLOCK-3-17" duration="00:00:00.0008538" startTime="2011-04-14T00:54:18.9684984-07:00" endTime="2011-04-14T00:54:18.9714987-07:00" testType="13cdc9d9-ddb5-4fa4-a97d-d965ccfc6d4b" outcome="Passed" testListId="8c84fa94-04c1-424b-9868-57a2d4851a1d" relativeResultsDirectory="83c31a23-d3a7-48db-8d6e-731276eedb66">
    </UnitTestResult>
    <UnitTestResult executionId="c616c781-9606-4e17-a18f-af4180958a51" testId="5e87330d-c731-6037-209e-1776f13be14e" testName="AcceptChannel_Returns_Null_If_Inner_Listener_Returns_Null" computerName="GBLOCK-3-17" duration="00:00:00.0005254" startTime="2011-04-14T00:54:18.9734989-07:00" endTime="2011-04-14T00:54:18.9754991-07:00" testType="13cdc9d9-ddb5-4fa4-a97d-d965ccfc6d4b" outcome="Passed" testListId="8c84fa94-04c1-424b-9868-57a2d4851a1d" relativeResultsDirectory="c616c781-9606-4e17-a18f-af4180958a51">
    </UnitTestResult>
    <UnitTestResult executionId="b9e733f3-8e63-4aeb-930c-74011816d0ca" testId="6ae7cec1-2dfc-637b-c8e8-d02c4054f39f" testName="BeginAcceptChannel_Calls_The_Inner_Listener" computerName="GBLOCK-3-17" duration="00:00:00.0017237" startTime="2011-04-14T00:54:18.9774993-07:00" endTime="2011-04-14T00:54:18.9814997-07:00" testType="13cdc9d9-ddb5-4fa4-a97d-d965ccfc6d4b" outcome="Passed" testListId="8c84fa94-04c1-424b-9868-57a2d4851a1d" relativeResultsDirectory="b9e733f3-8e63-4aeb-930c-74011816d0ca">
    </UnitTestResult>
    <UnitTestResult executionId="3130285f-edf3-4740-8539-78038647a40b" testId="32e0b442-bc77-a8b7-fa5b-2428f05dca3c" testName="BeginClose_Calls_The_Inner_Listener" computerName="GBLOCK-3-17" duration="00:00:00.0132801" startTime="2011-04-14T00:54:18.9824998-07:00" endTime="2011-04-14T00:54:18.9975013-07:00" testType="13cdc9d9-ddb5-4fa4-a97d-d965ccfc6d4b" outcome="Passed" testListId="8c84fa94-04c1-424b-9868-57a2d4851a1d" relativeResultsDirectory="3130285f-edf3-4740-8539-78038647a40b">
    </UnitTestResult>
    <UnitTestResult executionId="c55e45c9-2c9d-4740-8571-33d052f319f3" testId="f28cc5fc-7ff3-7887-9bb6-96f820ae6519" testName="BeginOpen_Calls_The_Inner_Listener" computerName="GBLOCK-3-17" duration="00:00:00.0053106" startTime="2011-04-14T00:54:18.9995015-07:00" endTime="2011-04-14T00:54:19.0095025-07:00" testType="13cdc9d9-ddb5-4fa4-a97d-d965ccfc6d4b" outcome="Passed" testListId="8c84fa94-04c1-424b-9868-57a2d4851a1d" relativeResultsDirectory="c55e45c9-2c9d-4740-8571-33d052f319f3">
    </UnitTestResult>
    <UnitTestResult executionId="b69218ff-b5f3-4240-a588-c975ac84528b" testId="ff4b044b-d474-c463-d604-9072489d782a" testName="BeginWaitForChannel_Calls_The_Inner_Listener" computerName="GBLOCK-3-17" duration="00:00:00.0016121" startTime="2011-04-14T00:54:19.0115027-07:00" endTime="2011-04-14T00:54:19.0145030-07:00" testType="13cdc9d9-ddb5-4fa4-a97d-d965ccfc6d4b" outcome="Passed" testListId="8c84fa94-04c1-424b-9868-57a2d4851a1d" relativeResultsDirectory="b69218ff-b5f3-4240-a588-c975ac84528b">
    </UnitTestResult>
    <UnitTestResult executionId="22ead9ff-b0b6-481a-9cfc-01071fd25594" testId="fe68425e-350e-1696-1f06-2e0234d04a07" testName="Close_Calls_The_Inner_Listener_With_Timeout" computerName="GBLOCK-3-17" duration="00:00:00.0027908" startTime="2011-04-14T00:54:19.0155031-07:00" endTime="2011-04-14T00:54:19.0195035-07:00" testType="13cdc9d9-ddb5-4fa4-a97d-d965ccfc6d4b" outcome="Passed" testListId="8c84fa94-04c1-424b-9868-57a2d4851a1d" relativeResultsDirectory="22ead9ff-b0b6-481a-9cfc-01071fd25594">
    </UnitTestResult>
    <UnitTestResult executionId="17f85fd0-8f51-4c63-8d1f-74fb918fb1c9" testId="80d6904e-cd42-707b-a476-ec9192e47c4c" testName="EndAcceptChannel_Calls_The_Inner_Listener" computerName="GBLOCK-3-17" duration="00:00:00.0012491" startTime="2011-04-14T00:54:19.0225038-07:00" endTime="2011-04-14T00:54:19.0245040-07:00" testType="13cdc9d9-ddb5-4fa4-a97d-d965ccfc6d4b" outcome="Passed" testListId="8c84fa94-04c1-424b-9868-57a2d4851a1d" relativeResultsDirectory="17f85fd0-8f51-4c63-8d1f-74fb918fb1c9">
    </UnitTestResult>
    <UnitTestResult executionId="ae5cb1fe-7b71-4814-b198-4cc92bf8f258" testId="1b68a509-5077-b718-250b-fccc6fd48cc4" testName="EndAcceptChannel_Returns_HttpMessageEncodingChannel" computerName="GBLOCK-3-17" duration="00:00:00.0007206" startTime="2011-04-14T00:54:19.0255041-07:00" endTime="2011-04-14T00:54:19.0285044-07:00" testType="13cdc9d9-ddb5-4fa4-a97d-d965ccfc6d4b" outcome="Passed" testListId="8c84fa94-04c1-424b-9868-57a2d4851a1d" relativeResultsDirectory="ae5cb1fe-7b71-4814-b198-4cc92bf8f258">
    </UnitTestResult>
    <UnitTestResult executionId="636a4eb8-6731-4c82-9def-c7449eeeecd4" testId="77d1f27d-0072-0fc5-1ae7-a43588d07a4c" testName="EndAcceptChannel_Returns_Null_If_The_Inner_Listener_Returns_Null" computerName="GBLOCK-3-17" duration="00:00:00.0006678" startTime="2011-04-14T00:54:19.0295045-07:00" endTime="2011-04-14T00:54:19.0325048-07:00" testType="13cdc9d9-ddb5-4fa4-a97d-d965ccfc6d4b" outcome="Passed" testListId="8c84fa94-04c1-424b-9868-57a2d4851a1d" relativeResultsDirectory="636a4eb8-6731-4c82-9def-c7449eeeecd4">
    </UnitTestResult>
    <UnitTestResult executionId="6e60fc9c-8c4a-46e0-9a39-8fb968234d8c" testId="62456cd9-027f-cf5b-40ed-1908193d9098" testName="EndClose_Calls_The_Inner_Listener" computerName="GBLOCK-3-17" duration="00:00:00.0006890" startTime="2011-04-14T00:54:19.0345050-07:00" endTime="2011-04-14T00:54:19.0365052-07:00" testType="13cdc9d9-ddb5-4fa4-a97d-d965ccfc6d4b" outcome="Passed" testListId="8c84fa94-04c1-424b-9868-57a2d4851a1d" relativeResultsDirectory="6e60fc9c-8c4a-46e0-9a39-8fb968234d8c">
    </UnitTestResult>
    <UnitTestResult executionId="a2360a8b-9b02-498f-ab0d-112c9fe1b80f" testId="d2d3b581-fe2c-6b9b-2861-fd98a3bd72d7" testName="EndOpen_Calls_The_Inner_Listener" computerName="GBLOCK-3-17" duration="00:00:00.0005346" startTime="2011-04-14T00:54:19.0375053-07:00" endTime="2011-04-14T00:54:19.0405056-07:00" testType="13cdc9d9-ddb5-4fa4-a97d-d965ccfc6d4b" outcome="Passed" testListId="8c84fa94-04c1-424b-9868-57a2d4851a1d" relativeResultsDirectory="a2360a8b-9b02-498f-ab0d-112c9fe1b80f">
    </UnitTestResult>
    <UnitTestResult executionId="1cf7345f-dc06-49ca-a255-587a14ecb87e" testId="6acca314-0399-bfb0-0ecb-105eb3f15b00" testName="EndWaitForChannel_Calls_The_Inner_Listener" computerName="GBLOCK-3-17" duration="00:00:00.0010339" startTime="2011-04-14T00:54:19.0425058-07:00" endTime="2011-04-14T00:54:19.0505066-07:00" testType="13cdc9d9-ddb5-4fa4-a97d-d965ccfc6d4b" outcome="Passed" testListId="8c84fa94-04c1-424b-9868-57a2d4851a1d" relativeResultsDirectory="1cf7345f-dc06-49ca-a255-587a14ecb87e">
    </UnitTestResult>
    <UnitTestResult executionId="083a3bca-0794-45c8-90e2-de0d1b33303a" testId="8cb35d14-c3b7-70c7-af89-a6eb8405fa46" testName="HttpMessageEncodingChannelListener_Is_An_Internal_Non_Abstract_Class" computerName="GBLOCK-3-17" duration="00:00:00.0003033" startTime="2011-04-14T00:54:19.0525068-07:00" endTime="2011-04-14T00:54:19.0535069-07:00" testType="13cdc9d9-ddb5-4fa4-a97d-d965ccfc6d4b" outcome="Passed" testListId="8c84fa94-04c1-424b-9868-57a2d4851a1d" relativeResultsDirectory="083a3bca-0794-45c8-90e2-de0d1b33303a">
    </UnitTestResult>
    <UnitTestResult executionId="b5a74187-743c-4297-954a-d2a8a16d763e" testId="d115d3fc-f47d-5ebf-dbac-c5fc96ae27ed" testName="Open_Calls_The_Inner_Listener_With_Timeout" computerName="GBLOCK-3-17" duration="00:00:00.0005912" startTime="2011-04-14T00:54:19.0575073-07:00" endTime="2011-04-14T00:54:19.0595075-07:00" testType="13cdc9d9-ddb5-4fa4-a97d-d965ccfc6d4b" outcome="Passed" testListId="8c84fa94-04c1-424b-9868-57a2d4851a1d" relativeResultsDirectory="b5a74187-743c-4297-954a-d2a8a16d763e">
    </UnitTestResult>
    <UnitTestResult executionId="9dfbe007-f785-4041-9adb-fa47de073e1b" testId="4291204e-ce64-6300-8152-5af9b34bb781" testName="Uri_Returns_Inner_Listener_Uri" computerName="GBLOCK-3-17" duration="00:00:00.0009869" startTime="2011-04-14T00:54:19.0605076-07:00" endTime="2011-04-14T00:54:19.0635079-07:00" testType="13cdc9d9-ddb5-4fa4-a97d-d965ccfc6d4b" outcome="Passed" testListId="8c84fa94-04c1-424b-9868-57a2d4851a1d" relativeResultsDirectory="9dfbe007-f785-4041-9adb-fa47de073e1b">
    </UnitTestResult>
    <UnitTestResult executionId="da10c9fe-d7d0-41f4-af18-c2833a59d3fa" testId="7566564b-5840-f1f7-04de-082b84304f35" testName="WaitForChannel_Calls_The_Inner_Listener_With_Timeout" computerName="GBLOCK-3-17" duration="00:00:00.0011675" startTime="2011-04-14T00:54:19.0655081-07:00" endTime="2011-04-14T00:54:19.0685084-07:00" testType="13cdc9d9-ddb5-4fa4-a97d-d965ccfc6d4b" outcome="Passed" testListId="8c84fa94-04c1-424b-9868-57a2d4851a1d" relativeResultsDirectory="da10c9fe-d7d0-41f4-af18-c2833a59d3fa">
    </UnitTestResult>
    <UnitTestResult executionId="29ce928b-9864-4001-ace1-d3f7d7c29ed5" testId="62649af8-5185-8f4d-45df-e3f37b0d05dd" testName="Abort_Calls_Abort_On_The_Inner_Channel" computerName="GBLOCK-3-17" duration="00:00:00.0013984" startTime="2011-04-14T00:54:19.0695085-07:00" endTime="2011-04-14T00:54:19.0725088-07:00" testType="13cdc9d9-ddb5-4fa4-a97d-d965ccfc6d4b" outcome="Passed" testListId="8c84fa94-04c1-424b-9868-57a2d4851a1d" relativeResultsDirectory="29ce928b-9864-4001-ace1-d3f7d7c29ed5">
    </UnitTestResult>
    <UnitTestResult executionId="45362c91-6e24-4365-82f7-58d7347cabcd" testId="6ad720cb-bfca-0437-e691-49ec97f157ce" testName="BeginClose_Calls_BeginClose_On_The_Inner_Channel" computerName="GBLOCK-3-17" duration="00:00:00.0021629" startTime="2011-04-14T00:54:19.0745090-07:00" endTime="2011-04-14T00:54:19.0875103-07:00" testType="13cdc9d9-ddb5-4fa4-a97d-d965ccfc6d4b" outcome="Passed" testListId="8c84fa94-04c1-424b-9868-57a2d4851a1d" relativeResultsDirectory="45362c91-6e24-4365-82f7-58d7347cabcd">
    </UnitTestResult>
    <UnitTestResult executionId="8080d231-0ee3-4a76-a308-8750451a1c99" testId="d92e6541-9cc5-ef91-c2b6-ba3c3977772a" testName="BeginOpen_Calls_BeginOpen_On_The_Inner_Channel" computerName="GBLOCK-3-17" duration="00:00:00.0018007" startTime="2011-04-14T00:54:19.0895105-07:00" endTime="2011-04-14T00:54:19.1055121-07:00" testType="13cdc9d9-ddb5-4fa4-a97d-d965ccfc6d4b" outcome="Passed" testListId="8c84fa94-04c1-424b-9868-57a2d4851a1d" relativeResultsDirectory="8080d231-0ee3-4a76-a308-8750451a1c99">
    </UnitTestResult>
    <UnitTestResult executionId="fb3e37b9-c408-44a7-9432-6167dba8d5d1" testId="44d0cba1-fd8b-54f1-972a-88847e2546f1" testName="BeginReceiveRequest_Calls_BeginReceiveRequest_On_The_Inner_Channel" computerName="GBLOCK-3-17" duration="00:00:00.0013095" startTime="2011-04-14T00:54:19.1065122-07:00" endTime="2011-04-14T00:54:19.1165132-07:00" testType="13cdc9d9-ddb5-4fa4-a97d-d965ccfc6d4b" outcome="Passed" testListId="8c84fa94-04c1-424b-9868-57a2d4851a1d" relativeResultsDirectory="fb3e37b9-c408-44a7-9432-6167dba8d5d1">
    </UnitTestResult>
    <UnitTestResult executionId="b4641755-8354-4cad-83b8-519decf0b0d7" testId="ecdf2177-f2e7-ae20-1d62-a58e4e906aa2" testName="BeginTryReceiveRequest_Calls_BeginTryReceiveRequest_On_The_Inner_Channel" computerName="GBLOCK-3-17" duration="00:00:00.0010058" startTime="2011-04-14T00:54:19.1185134-07:00" endTime="2011-04-14T00:54:19.1225138-07:00" testType="13cdc9d9-ddb5-4fa4-a97d-d965ccfc6d4b" outcome="Passed" testListId="8c84fa94-04c1-424b-9868-57a2d4851a1d" relativeResultsDirectory="b4641755-8354-4cad-83b8-519decf0b0d7">
    </UnitTestResult>
    <UnitTestResult executionId="46f2605f-d7d8-47a3-8ce9-849082d52e36" testId="b23adb46-fad3-5ef1-4e0b-decc460039f1" testName="BeginWaitForRequest_Calls_BeginWaitForRequest_On_The_Inner_Channel" computerName="GBLOCK-3-17" duration="00:00:00.0011321" startTime="2011-04-14T00:54:19.1245140-07:00" endTime="2011-04-14T00:54:19.1275143-07:00" testType="13cdc9d9-ddb5-4fa4-a97d-d965ccfc6d4b" outcome="Passed" testListId="8c84fa94-04c1-424b-9868-57a2d4851a1d" relativeResultsDirectory="46f2605f-d7d8-47a3-8ce9-849082d52e36">
    </UnitTestResult>
    <UnitTestResult executionId="62303a7c-3d63-4d2e-a0a6-3aee7913a80e" testId="d665cace-c5e6-763d-78e1-a8324faf0801" testName="EndClose_Calls_EndClose_On_The_Inner_Channel" computerName="GBLOCK-3-17" duration="00:00:00.0008980" startTime="2011-04-14T00:54:19.1285144-07:00" endTime="2011-04-14T00:54:19.1315147-07:00" testType="13cdc9d9-ddb5-4fa4-a97d-d965ccfc6d4b" outcome="Passed" testListId="8c84fa94-04c1-424b-9868-57a2d4851a1d" relativeResultsDirectory="62303a7c-3d63-4d2e-a0a6-3aee7913a80e">
    </UnitTestResult>
    <UnitTestResult executionId="34d9cf09-acc2-4c8b-816f-4e5fed0415a4" testId="73525ea0-d105-dcd9-4120-97eb0080fb72" testName="EndOpen_Calls_EndOpen_On_The_Inner_Channel" computerName="GBLOCK-3-17" duration="00:00:00.0005393" startTime="2011-04-14T00:54:19.1325148-07:00" endTime="2011-04-14T00:54:19.1355151-07:00" testType="13cdc9d9-ddb5-4fa4-a97d-d965ccfc6d4b" outcome="Passed" testListId="8c84fa94-04c1-424b-9868-57a2d4851a1d" relativeResultsDirectory="34d9cf09-acc2-4c8b-816f-4e5fed0415a4">
    </UnitTestResult>
    <UnitTestResult executionId="d604329f-d374-4af2-8855-8be9155402d9" testId="57f41632-af22-859f-fddb-7e5ced8e326f" testName="EndReceiveRequest_Calls_EndReceiveRequest_On_The_Inner_Channel" computerName="GBLOCK-3-17" duration="00:00:00.0025298" startTime="2011-04-14T00:54:19.1365152-07:00" endTime="2011-04-14T00:54:19.1405156-07:00" testType="13cdc9d9-ddb5-4fa4-a97d-d965ccfc6d4b" outcome="Passed" testListId="8c84fa94-04c1-424b-9868-57a2d4851a1d" relativeResultsDirectory="d604329f-d374-4af2-8855-8be9155402d9">
    </UnitTestResult>
    <UnitTestResult executionId="0b94b27f-15c9-4f9e-8e81-a65d48333069" testId="5f388f89-184c-0411-c710-5a96ef225a5a" testName="EndReceiveRequest_Returns_Null_If_The_Inner_Channel_Returns_Null" computerName="GBLOCK-3-17" duration="00:00:00.0016883" startTime="2011-04-14T00:54:19.1415157-07:00" endTime="2011-04-14T00:54:19.1445160-07:00" testType="13cdc9d9-ddb5-4fa4-a97d-d965ccfc6d4b" outcome="Passed" testListId="8c84fa94-04c1-424b-9868-57a2d4851a1d" relativeResultsDirectory="0b94b27f-15c9-4f9e-8e81-a65d48333069">
    </UnitTestResult>
    <UnitTestResult executionId="02c7d882-1c10-4437-bb37-6af7111dac93" testId="c0a18a2f-57eb-1493-baf1-50cfe67cc7b1" testName="EndTryReceiveRequest_Calls_EndTryReceiveRequest_On_The_Inner_Channel" computerName="GBLOCK-3-17" duration="00:00:00.0010639" startTime="2011-04-14T00:54:19.1455161-07:00" endTime="2011-04-14T00:54:19.1495165-07:00" testType="13cdc9d9-ddb5-4fa4-a97d-d965ccfc6d4b" outcome="Passed" testListId="8c84fa94-04c1-424b-9868-57a2d4851a1d" relativeResultsDirectory="02c7d882-1c10-4437-bb37-6af7111dac93">
    </UnitTestResult>
    <UnitTestResult executionId="58046232-e03a-4bf8-af04-8b908b283acb" testId="e07aab17-7c20-6721-585d-8dd03f164b86" testName="EndTryReceiveRequest_Returns_Null_If_The_Inner_Channel_Returns_False" computerName="GBLOCK-3-17" duration="00:00:00.0008156" startTime="2011-04-14T00:54:19.1505166-07:00" endTime="2011-04-14T00:54:19.1535169-07:00" testType="13cdc9d9-ddb5-4fa4-a97d-d965ccfc6d4b" outcome="Passed" testListId="8c84fa94-04c1-424b-9868-57a2d4851a1d" relativeResultsDirectory="58046232-e03a-4bf8-af04-8b908b283acb">
    </UnitTestResult>
    <UnitTestResult executionId="f9cee77f-0fe4-4637-aef8-2fe70132c6a5" testId="4b58c5f8-a913-f9ae-f62c-075f15c2f670" testName="EndTryReceiveRequest_Returns_Null_If_The_Inner_Channel_Returns_Null" computerName="GBLOCK-3-17" duration="00:00:00.0011744" startTime="2011-04-14T00:54:19.1555171-07:00" endTime="2011-04-14T00:54:19.1575173-07:00" testType="13cdc9d9-ddb5-4fa4-a97d-d965ccfc6d4b" outcome="Passed" testListId="8c84fa94-04c1-424b-9868-57a2d4851a1d" relativeResultsDirectory="f9cee77f-0fe4-4637-aef8-2fe70132c6a5">
    </UnitTestResult>
    <UnitTestResult executionId="d9385179-0516-4c8c-b2e8-b05533fdc2b8" testId="602c646f-be2b-e4f5-ecf0-c461c2ad7607" testName="EndWaitForRequest_Calls_EndWaitForRequest_On_The_Inner_Channel" computerName="GBLOCK-3-17" duration="00:00:00.0007537" startTime="2011-04-14T00:54:19.1595175-07:00" endTime="2011-04-14T00:54:19.1605176-07:00" testType="13cdc9d9-ddb5-4fa4-a97d-d965ccfc6d4b" outcome="Passed" testListId="8c84fa94-04c1-424b-9868-57a2d4851a1d" relativeResultsDirectory="d9385179-0516-4c8c-b2e8-b05533fdc2b8">
    </UnitTestResult>
    <UnitTestResult executionId="b675d0b7-c207-4a46-9606-734445443252" testId="6e72071e-45c0-e2bd-80c8-b6f6c362ac3e" testName="HttpMessageEncodingReplyChannel_Is_An_Internal_Non_Abstract_Class" computerName="GBLOCK-3-17" duration="00:00:00.0003860" startTime="2011-04-14T00:54:19.1625178-07:00" endTime="2011-04-14T00:54:19.1645180-07:00" testType="13cdc9d9-ddb5-4fa4-a97d-d965ccfc6d4b" outcome="Passed" testListId="8c84fa94-04c1-424b-9868-57a2d4851a1d" relativeResultsDirectory="b675d0b7-c207-4a46-9606-734445443252">
    </UnitTestResult>
    <UnitTestResult executionId="6913ac9b-9f13-4469-9baf-6783e441b9fa" testId="c5b2dc8f-6cfc-b0de-1152-5c6441d70557" testName="LocalAddress_Calls_LocalAdress_On_The_Inner_Channel" computerName="GBLOCK-3-17" duration="00:00:00.0055158" startTime="2011-04-14T00:54:19.1655181-07:00" endTime="2011-04-14T00:54:19.1725188-07:00" testType="13cdc9d9-ddb5-4fa4-a97d-d965ccfc6d4b" outcome="Passed" testListId="8c84fa94-04c1-424b-9868-57a2d4851a1d" relativeResultsDirectory="6913ac9b-9f13-4469-9baf-6783e441b9fa">
    </UnitTestResult>
    <UnitTestResult executionId="d5c3b000-9b36-42d5-bf74-7f06af512897" testId="9287eff7-2d4d-e615-06cd-2c79a6dd2a3a" testName="ReceiveRequest_Calls_ReceiveRequest_On_The_Inner_Channel" computerName="GBLOCK-3-17" duration="00:00:00.0016236" startTime="2011-04-14T00:54:19.1745190-07:00" endTime="2011-04-14T00:54:19.1785194-07:00" testType="13cdc9d9-ddb5-4fa4-a97d-d965ccfc6d4b" outcome="Passed" testListId="8c84fa94-04c1-424b-9868-57a2d4851a1d" relativeResultsDirectory="d5c3b000-9b36-42d5-bf74-7f06af512897">
    </UnitTestResult>
    <UnitTestResult executionId="445df168-8826-4563-916f-66abb14b2ca8" testId="430c0186-4c13-2e83-0bb8-f8975c7a5f1f" testName="ReceiveRequest_Returns_Null_If_Inner_Channel_Returns_Null" computerName="GBLOCK-3-17" duration="00:00:00.0010978" startTime="2011-04-14T00:54:19.1805196-07:00" endTime="2011-04-14T00:54:19.1835199-07:00" testType="13cdc9d9-ddb5-4fa4-a97d-d965ccfc6d4b" outcome="Passed" testListId="8c84fa94-04c1-424b-9868-57a2d4851a1d" relativeResultsDirectory="445df168-8826-4563-916f-66abb14b2ca8">
    </UnitTestResult>
    <UnitTestResult executionId="b5dda02f-0d03-47ac-8700-2896df26efe5" testId="4d46a497-79bf-026d-2c6c-77a8af154e07" testName="TryReceiveRequest_Calls_TryReceiveRequest_On_The_Inner_Channel" computerName="GBLOCK-3-17" duration="00:00:00.0023681" startTime="2011-04-14T00:54:19.1845200-07:00" endTime="2011-04-14T00:54:19.1875203-07:00" testType="13cdc9d9-ddb5-4fa4-a97d-d965ccfc6d4b" outcome="Passed" testListId="8c84fa94-04c1-424b-9868-57a2d4851a1d" relativeResultsDirectory="b5dda02f-0d03-47ac-8700-2896df26efe5">
    </UnitTestResult>
    <UnitTestResult executionId="8a507a06-af8b-47b2-8021-4630b4b729c4" testId="dafba156-9077-076d-3e22-df8d75a2c7f2" testName="TryReceiveRequest_Returns_Null_If_Inner_Channel_Returns_False" computerName="GBLOCK-3-17" duration="00:00:00.0017688" startTime="2011-04-14T00:54:19.1895205-07:00" endTime="2011-04-14T00:54:19.1925208-07:00" testType="13cdc9d9-ddb5-4fa4-a97d-d965ccfc6d4b" outcome="Passed" testListId="8c84fa94-04c1-424b-9868-57a2d4851a1d" relativeResultsDirectory="8a507a06-af8b-47b2-8021-4630b4b729c4">
    </UnitTestResult>
    <UnitTestResult executionId="ff573425-83c3-43d8-9890-fb8ae783a40f" testId="2f23b51e-af59-c817-0a14-e5971a5d1ce4" testName="TryReceiveRequest_Returns_Null_If_Inner_Channel_Returns_Null" computerName="GBLOCK-3-17" duration="00:00:00.0017780" startTime="2011-04-14T00:54:19.1935209-07:00" endTime="2011-04-14T00:54:19.1965212-07:00" testType="13cdc9d9-ddb5-4fa4-a97d-d965ccfc6d4b" outcome="Passed" testListId="8c84fa94-04c1-424b-9868-57a2d4851a1d" relativeResultsDirectory="ff573425-83c3-43d8-9890-fb8ae783a40f">
    </UnitTestResult>
    <UnitTestResult executionId="f214f6bb-2894-4125-bad2-c9a652639a14" testId="89b8c559-6a87-9043-ceaa-ae314ad70764" testName="WaitForRequest_Calls_WaitForRequest_On_The_Inner_Channel" computerName="GBLOCK-3-17" duration="00:00:00.0012841" startTime="2011-04-14T00:54:19.1975213-07:00" endTime="2011-04-14T00:54:19.2005216-07:00" testType="13cdc9d9-ddb5-4fa4-a97d-d965ccfc6d4b" outcome="Passed" testListId="8c84fa94-04c1-424b-9868-57a2d4851a1d" relativeResultsDirectory="f214f6bb-2894-4125-bad2-c9a652639a14">
    </UnitTestResult>
    <UnitTestResult executionId="f01b1842-495c-4273-8278-26b5f9d9f776" testId="309f3e74-f1a6-c9ee-8ce6-3caa4cfd8e64" testName="Abort_Calls_Inner_RequestContext" computerName="GBLOCK-3-17" duration="00:00:00.0005581" startTime="2011-04-14T00:54:19.2025218-07:00" endTime="2011-04-14T00:54:19.2045220-07:00" testType="13cdc9d9-ddb5-4fa4-a97d-d965ccfc6d4b" outcome="Passed" testListId="8c84fa94-04c1-424b-9868-57a2d4851a1d" relativeResultsDirectory="f01b1842-495c-4273-8278-26b5f9d9f776">
    </UnitTestResult>
    <UnitTestResult executionId="63742939-a151-4734-845f-ff5c4209370d" testId="33010c50-8c1b-4e5d-dc8d-57af2c9ac4af" testName="BeginReply_Does_Not_Change_Message_State_When_Response_Is_HttpMessage" computerName="GBLOCK-3-17" duration="00:00:00.0110043" startTime="2011-04-14T00:54:19.2075223-07:00" endTime="2011-04-14T00:54:19.2195235-07:00" testType="13cdc9d9-ddb5-4fa4-a97d-d965ccfc6d4b" outcome="Passed" testListId="8c84fa94-04c1-424b-9868-57a2d4851a1d" relativeResultsDirectory="63742939-a151-4734-845f-ff5c4209370d">
    </UnitTestResult>
    <UnitTestResult executionId="b635d4be-44a2-413b-be6d-09a8862875a4" testId="984f6106-e0dd-01ff-af93-d15f785e20d0" testName="BeginReply_Ignores_HttpResponseMessageProperty_If_Contains_HttpRequestMessage" computerName="GBLOCK-3-17" duration="00:00:00.0026714" startTime="2011-04-14T00:54:19.2215237-07:00" endTime="2011-04-14T00:54:19.2265242-07:00" testType="13cdc9d9-ddb5-4fa4-a97d-d965ccfc6d4b" outcome="Passed" testListId="8c84fa94-04c1-424b-9868-57a2d4851a1d" relativeResultsDirectory="b635d4be-44a2-413b-be6d-09a8862875a4">
    </UnitTestResult>
    <UnitTestResult executionId="3a5b957a-1133-4342-82ff-1565f4428feb" testId="0b6f794e-1451-67e3-0b5b-e4b5ca3ea052" testName="BeginReply_Ignores_HttpResponseMessageProperty_When_Response_Is_Not_HttpMessage" computerName="GBLOCK-3-17" duration="00:00:00.0151478" startTime="2011-04-14T00:54:19.2285244-07:00" endTime="2011-04-14T00:54:19.2455261-07:00" testType="13cdc9d9-ddb5-4fa4-a97d-d965ccfc6d4b" outcome="Passed" testListId="8c84fa94-04c1-424b-9868-57a2d4851a1d" relativeResultsDirectory="3a5b957a-1133-4342-82ff-1565f4428feb">
    </UnitTestResult>
    <UnitTestResult executionId="6c669710-0b71-4e47-a01b-07fd8324a116" testId="df3cedaa-95ee-9510-4789-12de1a333203" testName="BeginReply_Provides_Same_Message_Instance_To_Inner_RequestContext_When_Response_Is_Not_HttpMessage" computerName="GBLOCK-3-17" duration="00:00:00.0026614" startTime="2011-04-14T00:54:19.2465262-07:00" endTime="2011-04-14T00:54:19.2505266-07:00" testType="13cdc9d9-ddb5-4fa4-a97d-d965ccfc6d4b" outcome="Passed" testListId="8c84fa94-04c1-424b-9868-57a2d4851a1d" relativeResultsDirectory="6c669710-0b71-4e47-a01b-07fd8324a116">
    </UnitTestResult>
    <UnitTestResult executionId="be59f5cd-c75c-439f-98c7-952c61928d4e" testId="d795853e-a1f2-c3a3-d6a5-a2ddacddf22a" testName="BeginReply_Replaces_HttpResponseMessageProperty_When_Response_Is_HttpMessage" computerName="GBLOCK-3-17" duration="00:00:00.0064835" startTime="2011-04-14T00:54:19.2515267-07:00" endTime="2011-04-14T00:54:19.2595275-07:00" testType="13cdc9d9-ddb5-4fa4-a97d-d965ccfc6d4b" outcome="Passed" testListId="8c84fa94-04c1-424b-9868-57a2d4851a1d" relativeResultsDirectory="be59f5cd-c75c-439f-98c7-952c61928d4e">
    </UnitTestResult>
    <UnitTestResult executionId="62d874ab-4acc-431e-ae5c-93cbe9cbad57" testId="1d30632f-c46c-7e3b-0979-3927c05014a4" testName="BeginReply_Returns_Same_HttpMessage_Instance_When_Response_Is_HttpMessage" computerName="GBLOCK-3-17" duration="00:00:00.0014054" startTime="2011-04-14T00:54:19.2605276-07:00" endTime="2011-04-14T00:54:19.2645280-07:00" testType="13cdc9d9-ddb5-4fa4-a97d-d965ccfc6d4b" outcome="Passed" testListId="8c84fa94-04c1-424b-9868-57a2d4851a1d" relativeResultsDirectory="62d874ab-4acc-431e-ae5c-93cbe9cbad57">
    </UnitTestResult>
    <UnitTestResult executionId="2e180664-22e9-4cca-a645-8fe084005436" testId="d2106f47-6e96-e085-6af4-def79f86ff45" testName="BeginReply_Sets_SuppressEntityBody_When_HttpContent_Of_HttpMessage_Is_Null" computerName="GBLOCK-3-17" duration="00:00:00.0007798" startTime="2011-04-14T00:54:19.2665282-07:00" endTime="2011-04-14T00:54:19.2685284-07:00" testType="13cdc9d9-ddb5-4fa4-a97d-d965ccfc6d4b" outcome="Passed" testListId="8c84fa94-04c1-424b-9868-57a2d4851a1d" relativeResultsDirectory="2e180664-22e9-4cca-a645-8fe084005436">
    </UnitTestResult>
    <UnitTestResult executionId="3eacdf98-0897-4f85-b428-63071d8d6402" testId="945a7979-df80-0300-62e6-d4c77d61be74" testName="BeginReply_Throws_If_Message_Is_Closed" computerName="GBLOCK-3-17" duration="00:00:00.0009958" startTime="2011-04-14T00:54:19.2695285-07:00" endTime="2011-04-14T00:54:19.2725288-07:00" testType="13cdc9d9-ddb5-4fa4-a97d-d965ccfc6d4b" outcome="Passed" testListId="8c84fa94-04c1-424b-9868-57a2d4851a1d" relativeResultsDirectory="3eacdf98-0897-4f85-b428-63071d8d6402">
    </UnitTestResult>
    <UnitTestResult executionId="be32acf6-9155-452d-8c81-9ad169ba71a7" testId="fb9fe67c-e878-ebca-f969-7561efea8bac" testName="BeginReply_With_TimeOut_Calls_Inner_RequestContext" computerName="GBLOCK-3-17" duration="00:00:00.0008045" startTime="2011-04-14T00:54:19.2745290-07:00" endTime="2011-04-14T00:54:19.2765292-07:00" testType="13cdc9d9-ddb5-4fa4-a97d-d965ccfc6d4b" outcome="Passed" testListId="8c84fa94-04c1-424b-9868-57a2d4851a1d" relativeResultsDirectory="be32acf6-9155-452d-8c81-9ad169ba71a7">
    </UnitTestResult>
    <UnitTestResult executionId="e60a67e9-c712-4866-a26d-75e0fc73e654" testId="c5b9a91f-f1d9-e30b-611f-1ba95616d3e5" testName="Close_Calls_Inner_RequestContext" computerName="GBLOCK-3-17" duration="00:00:00.0015397" startTime="2011-04-14T00:54:19.2785294-07:00" endTime="2011-04-14T00:54:19.2805296-07:00" testType="13cdc9d9-ddb5-4fa4-a97d-d965ccfc6d4b" outcome="Passed" testListId="8c84fa94-04c1-424b-9868-57a2d4851a1d" relativeResultsDirectory="e60a67e9-c712-4866-a26d-75e0fc73e654">
    </UnitTestResult>
    <UnitTestResult executionId="afa4c478-dfd5-4e09-b38f-ebc408319244" testId="b9a441b5-99db-aed8-0561-6ecc8585cdea" testName="Close_With_TimeOut_Calls_Inner_RequestContext" computerName="GBLOCK-3-17" duration="00:00:00.0010820" startTime="2011-04-14T00:54:19.2815297-07:00" endTime="2011-04-14T00:54:19.2845300-07:00" testType="13cdc9d9-ddb5-4fa4-a97d-d965ccfc6d4b" outcome="Passed" testListId="8c84fa94-04c1-424b-9868-57a2d4851a1d" relativeResultsDirectory="afa4c478-dfd5-4e09-b38f-ebc408319244">
    </UnitTestResult>
    <UnitTestResult executionId="6eb31ff9-1e46-4e44-9471-8503e584acd4" testId="3c7a07c6-716d-7cb2-71f5-18005302589a" testName="EndReply_Calls_Inner_RequestContext" computerName="GBLOCK-3-17" duration="00:00:00.0008949" startTime="2011-04-14T00:54:19.2855301-07:00" endTime="2011-04-14T00:54:19.2875303-07:00" testType="13cdc9d9-ddb5-4fa4-a97d-d965ccfc6d4b" outcome="Passed" testListId="8c84fa94-04c1-424b-9868-57a2d4851a1d" relativeResultsDirectory="6eb31ff9-1e46-4e44-9471-8503e584acd4">
    </UnitTestResult>
    <UnitTestResult executionId="8d477f3c-df1c-4b99-a438-ebc9198cebc2" testId="93af8e1f-8944-7c92-a06c-a68ad27fa4ab" testName="HttpMessageEncodingRequestContext_Is_An_Internal_Non_Abstract_Class" computerName="GBLOCK-3-17" duration="00:00:00.0003160" startTime="2011-04-14T00:54:19.2895305-07:00" endTime="2011-04-14T00:54:19.2925308-07:00" testType="13cdc9d9-ddb5-4fa4-a97d-d965ccfc6d4b" outcome="Passed" testListId="8c84fa94-04c1-424b-9868-57a2d4851a1d" relativeResultsDirectory="8d477f3c-df1c-4b99-a438-ebc9198cebc2">
    </UnitTestResult>
    <UnitTestResult executionId="347ea433-74e4-436a-b9ba-0451b4ed2e8c" testId="f5eb4d32-2412-13e4-4835-1d056de98e30" testName="Reply_Does_Not_Change_Message_State_When_Response_Is_HttpMessage" computerName="GBLOCK-3-17" duration="00:00:00.0019104" startTime="2011-04-14T00:54:19.2945310-07:00" endTime="2011-04-14T00:54:19.3075323-07:00" testType="13cdc9d9-ddb5-4fa4-a97d-d965ccfc6d4b" outcome="Passed" testListId="8c84fa94-04c1-424b-9868-57a2d4851a1d" relativeResultsDirectory="347ea433-74e4-436a-b9ba-0451b4ed2e8c">
    </UnitTestResult>
    <UnitTestResult executionId="e0080e72-df8d-4108-bdfa-19aef347509c" testId="e9c3d707-5db6-f4f2-53b7-72ebc90e5cf6" testName="Reply_Ignores_HttpResponseMessageProperty_If_Contains_HttpRequestMessage" computerName="GBLOCK-3-17" duration="00:00:00.0060108" startTime="2011-04-14T00:54:19.3085324-07:00" endTime="2011-04-14T00:54:19.3235339-07:00" testType="13cdc9d9-ddb5-4fa4-a97d-d965ccfc6d4b" outcome="Passed" testListId="8c84fa94-04c1-424b-9868-57a2d4851a1d" relativeResultsDirectory="e0080e72-df8d-4108-bdfa-19aef347509c">
    </UnitTestResult>
    <UnitTestResult executionId="428363d5-e0dd-42ef-881a-ca7226a1ad37" testId="aceaf437-c8f3-0752-e3f9-ed7b57b59ea2" testName="Reply_Ignores_HttpResponseMessageProperty_When_Response_Is_Not_HttpMessage" computerName="GBLOCK-3-17" duration="00:00:00.0018300" startTime="2011-04-14T00:54:19.3345350-07:00" endTime="2011-04-14T00:54:19.3455361-07:00" testType="13cdc9d9-ddb5-4fa4-a97d-d965ccfc6d4b" outcome="Passed" testListId="8c84fa94-04c1-424b-9868-57a2d4851a1d" relativeResultsDirectory="428363d5-e0dd-42ef-881a-ca7226a1ad37">
    </UnitTestResult>
    <UnitTestResult executionId="430ff825-71ac-4d02-9cf9-cb0e942f3ba5" testId="abde1e76-dcec-592a-03d8-edfc0927a26b" testName="Reply_Provides_Same_Message_Instance_To_Inner_RequestContext_When_Response_Is_Not_HttpMessage" computerName="GBLOCK-3-17" duration="00:00:00.0019466" startTime="2011-04-14T00:54:19.3465362-07:00" endTime="2011-04-14T00:54:19.3495365-07:00" testType="13cdc9d9-ddb5-4fa4-a97d-d965ccfc6d4b" outcome="Passed" testListId="8c84fa94-04c1-424b-9868-57a2d4851a1d" relativeResultsDirectory="430ff825-71ac-4d02-9cf9-cb0e942f3ba5">
    </UnitTestResult>
    <UnitTestResult executionId="ed1b79b7-cdce-401d-bf75-9f3075459030" testId="70a9c1b7-54a6-88cb-819e-7feb99bc3b1e" testName="Reply_Replaces_HttpResponseMessageProperty_When_Response_Is_HttpMessage" computerName="GBLOCK-3-17" duration="00:00:00.0019905" startTime="2011-04-14T00:54:19.3515367-07:00" endTime="2011-04-14T00:54:19.3545370-07:00" testType="13cdc9d9-ddb5-4fa4-a97d-d965ccfc6d4b" outcome="Passed" testListId="8c84fa94-04c1-424b-9868-57a2d4851a1d" relativeResultsDirectory="ed1b79b7-cdce-401d-bf75-9f3075459030">
    </UnitTestResult>
    <UnitTestResult executionId="3f9a7cb0-953d-4508-a492-6318c2259a2d" testId="bfd6bbbc-7210-a109-75f2-1a0c034f5e31" testName="Reply_Returns_Same_HttpMessage_Instance_When_Response_Is_HttpMessage" computerName="GBLOCK-3-17" duration="00:00:00.0008237" startTime="2011-04-14T00:54:19.3565372-07:00" endTime="2011-04-14T00:54:19.3585374-07:00" testType="13cdc9d9-ddb5-4fa4-a97d-d965ccfc6d4b" outcome="Passed" testListId="8c84fa94-04c1-424b-9868-57a2d4851a1d" relativeResultsDirectory="3f9a7cb0-953d-4508-a492-6318c2259a2d">
    </UnitTestResult>
    <UnitTestResult executionId="f644a312-967c-48d3-a8f1-f4a2414a4ca1" testId="829b205a-da36-32d1-6a1c-c4f0d71b1cca" testName="Reply_Sets_SuppressEntityBody_When_HttpContent_Of_HttpMessage_Is_Null" computerName="GBLOCK-3-17" duration="00:00:00.0012495" startTime="2011-04-14T00:54:19.3605376-07:00" endTime="2011-04-14T00:54:19.3625378-07:00" testType="13cdc9d9-ddb5-4fa4-a97d-d965ccfc6d4b" outcome="Passed" testListId="8c84fa94-04c1-424b-9868-57a2d4851a1d" relativeResultsDirectory="f644a312-967c-48d3-a8f1-f4a2414a4ca1">
    </UnitTestResult>
    <UnitTestResult executionId="1c90eaa5-081e-4f64-b0d1-5c099a61c1be" testId="7a42d4de-a04d-2993-2fd1-e21d490720f3" testName="Reply_Throws_If__Message_Is_Closed" computerName="GBLOCK-3-17" duration="00:00:00.0011375" startTime="2011-04-14T00:54:19.3635379-07:00" endTime="2011-04-14T00:54:19.3665382-07:00" testType="13cdc9d9-ddb5-4fa4-a97d-d965ccfc6d4b" outcome="Passed" testListId="8c84fa94-04c1-424b-9868-57a2d4851a1d" relativeResultsDirectory="1c90eaa5-081e-4f64-b0d1-5c099a61c1be">
    </UnitTestResult>
    <UnitTestResult executionId="1c354880-1c90-49c6-b507-84c7adf3b54d" testId="61609de2-f192-8128-b4e5-ddbcabe4c47a" testName="Reply_With_TimeOut_Calls_Inner_RequestContext" computerName="GBLOCK-3-17" duration="00:00:00.0008180" startTime="2011-04-14T00:54:19.3675383-07:00" endTime="2011-04-14T00:54:19.3715387-07:00" testType="13cdc9d9-ddb5-4fa4-a97d-d965ccfc6d4b" outcome="Passed" testListId="8c84fa94-04c1-424b-9868-57a2d4851a1d" relativeResultsDirectory="1c354880-1c90-49c6-b507-84c7adf3b54d">
    </UnitTestResult>
    <UnitTestResult executionId="199ffd7f-d422-42e9-8471-092c633eb6d1" testId="dc31bac2-8823-c2e4-f913-d94f8e0c93a1" testName="RequestMessage_Closes_Inner_Message_When_Inner_Request_Is_Not_HttpMessage" computerName="GBLOCK-3-17" duration="00:00:00.0060647" startTime="2011-04-14T00:54:19.3725388-07:00" endTime="2011-04-14T00:54:19.3805396-07:00" testType="13cdc9d9-ddb5-4fa4-a97d-d965ccfc6d4b" outcome="Passed" testListId="8c84fa94-04c1-424b-9868-57a2d4851a1d" relativeResultsDirectory="199ffd7f-d422-42e9-8471-092c633eb6d1">
    </UnitTestResult>
    <UnitTestResult executionId="59440b62-8997-4d1f-8c27-1858a40b34cd" testId="04e87aed-e083-50f3-8d51-46f5680d6b89" testName="RequestMessage_Does_Not_Change_The_Message_State_When_Inner_Request_Is_HttpMessage" computerName="GBLOCK-3-17" duration="00:00:00.0011482" startTime="2011-04-14T00:54:19.3815397-07:00" endTime="2011-04-14T00:54:19.3835399-07:00" testType="13cdc9d9-ddb5-4fa4-a97d-d965ccfc6d4b" outcome="Passed" testListId="8c84fa94-04c1-424b-9868-57a2d4851a1d" relativeResultsDirectory="59440b62-8997-4d1f-8c27-1858a40b34cd">
    </UnitTestResult>
    <UnitTestResult executionId="2e09c0c9-2627-4bb8-9181-0a6fcd90d29b" testId="189174a6-1728-040a-7ec9-afecbf0ff0af" testName="RequestMessage_Method_Determined_By_HttpRequestMessageProperty" computerName="GBLOCK-3-17" duration="00:00:00.0024239" startTime="2011-04-14T00:54:19.3855401-07:00" endTime="2011-04-14T00:54:19.3895405-07:00" testType="13cdc9d9-ddb5-4fa4-a97d-d965ccfc6d4b" outcome="Passed" testListId="8c84fa94-04c1-424b-9868-57a2d4851a1d" relativeResultsDirectory="2e09c0c9-2627-4bb8-9181-0a6fcd90d29b">
    </UnitTestResult>
    <UnitTestResult executionId="52508b9a-b7cd-4076-a342-b0239fd2ec9c" testId="02ef0dfc-5742-7fb6-ccf7-f2b48086fdd5" testName="RequestMessage_Returns_HttpMessage_In_Created_State_When_Inner_Request_Is_Not_HttpMessage" computerName="GBLOCK-3-17" duration="00:00:00.0006174" startTime="2011-04-14T00:54:19.3905406-07:00" endTime="2011-04-14T00:54:19.3935409-07:00" testType="13cdc9d9-ddb5-4fa4-a97d-d965ccfc6d4b" outcome="Passed" testListId="8c84fa94-04c1-424b-9868-57a2d4851a1d" relativeResultsDirectory="52508b9a-b7cd-4076-a342-b0239fd2ec9c">
    </UnitTestResult>
    <UnitTestResult executionId="6af570e7-009b-4172-bf29-5bbbf962903e" testId="8f83b597-8e2b-2f16-796c-323f0348af7e" testName="RequestMessage_Returns_HttpMessage_Sans_HttpRequestMessageProperty_When_Inner_Request_Is_Not_HttpMessage" computerName="GBLOCK-3-17" duration="00:00:00.0012961" startTime="2011-04-14T00:54:19.3955411-07:00" endTime="2011-04-14T00:54:19.3975413-07:00" testType="13cdc9d9-ddb5-4fa4-a97d-d965ccfc6d4b" outcome="Passed" testListId="8c84fa94-04c1-424b-9868-57a2d4851a1d" relativeResultsDirectory="6af570e7-009b-4172-bf29-5bbbf962903e">
    </UnitTestResult>
    <UnitTestResult executionId="e0970d38-3e5d-4eb4-a2b0-e1d58962fba5" testId="cc8616d7-6c54-23ec-cab9-d2c8e27e367b" testName="RequestMessage_Returns_HttpMessage_When_Inner_Request_Is_Not_HttpMessage" computerName="GBLOCK-3-17" duration="00:00:00.0009804" startTime="2011-04-14T00:54:19.3985414-07:00" endTime="2011-04-14T00:54:19.4005416-07:00" testType="13cdc9d9-ddb5-4fa4-a97d-d965ccfc6d4b" outcome="Passed" testListId="8c84fa94-04c1-424b-9868-57a2d4851a1d" relativeResultsDirectory="e0970d38-3e5d-4eb4-a2b0-e1d58962fba5">
    </UnitTestResult>
    <UnitTestResult executionId="617e83b9-0f44-440f-90d7-d74c77873b01" testId="222136e7-6ade-54fe-70d7-98b34502b9cb" testName="RequestMessage_Returns_HttpMessage_With_Empty_Content_When_Inner_Request_Is_Not_HttpMessage" computerName="GBLOCK-3-17" duration="00:00:00.0048048" startTime="2011-04-14T00:54:19.4025418-07:00" endTime="2011-04-14T00:54:19.4095425-07:00" testType="13cdc9d9-ddb5-4fa4-a97d-d965ccfc6d4b" outcome="Passed" testListId="8c84fa94-04c1-424b-9868-57a2d4851a1d" relativeResultsDirectory="617e83b9-0f44-440f-90d7-d74c77873b01">
    </UnitTestResult>
    <UnitTestResult executionId="81d54e10-00f5-4501-a537-38ff65a3af5f" testId="7acb2cea-c40f-ee84-10d4-96848a0e0396" testName="RequestMessage_Returns_HttpMessage_With_HttpRequestHeaders_From_The_HttpRequestMessageProperty" computerName="GBLOCK-3-17" duration="00:00:00.0113446" startTime="2011-04-14T00:54:19.4135429-07:00" endTime="2011-04-14T00:54:19.4255441-07:00" testType="13cdc9d9-ddb5-4fa4-a97d-d965ccfc6d4b" outcome="Passed" testListId="8c84fa94-04c1-424b-9868-57a2d4851a1d" relativeResultsDirectory="81d54e10-00f5-4501-a537-38ff65a3af5f">
    </UnitTestResult>
    <UnitTestResult executionId="8f13d74b-f129-47b0-842f-6c0322f6061c" testId="59f3147f-df38-0e70-4d41-b9c0f814121c" testName="RequestMessage_Returns_HttpMessage_With_HttpRequestHeaders_Only_From_The_HttpRequestMessageProperty" computerName="GBLOCK-3-17" duration="00:00:00.0025190" startTime="2011-04-14T00:54:19.4275443-07:00" endTime="2011-04-14T00:54:19.4315447-07:00" testType="13cdc9d9-ddb5-4fa4-a97d-d965ccfc6d4b" outcome="Passed" testListId="8c84fa94-04c1-424b-9868-57a2d4851a1d" relativeResultsDirectory="8f13d74b-f129-47b0-842f-6c0322f6061c">
    </UnitTestResult>
    <UnitTestResult executionId="c4db7502-99e4-4d19-a6e5-d915565daddb" testId="b75452f6-bea4-b566-9583-21b448efefa5" testName="RequestMessage_Returns_HttpMessage_With_Only_To_Header" computerName="GBLOCK-3-17" duration="00:00:00.0021214" startTime="2011-04-14T00:54:19.4335449-07:00" endTime="2011-04-14T00:54:19.4425458-07:00" testType="13cdc9d9-ddb5-4fa4-a97d-d965ccfc6d4b" outcome="Passed" testListId="8c84fa94-04c1-424b-9868-57a2d4851a1d" relativeResultsDirectory="c4db7502-99e4-4d19-a6e5-d915565daddb">
    </UnitTestResult>
    <UnitTestResult executionId="4a69feaf-938e-4ab0-a6db-228bd6f327b2" testId="9e481ccd-eac5-26b0-34b1-d6742a2e9bea" testName="RequestMessage_Returns_Same_HttpContent_Instance_When_Inner_Request_Is_HttpMessage" computerName="GBLOCK-3-17" duration="00:00:00.0019466" startTime="2011-04-14T00:54:19.4445460-07:00" endTime="2011-04-14T00:54:19.4475463-07:00" testType="13cdc9d9-ddb5-4fa4-a97d-d965ccfc6d4b" outcome="Passed" testListId="8c84fa94-04c1-424b-9868-57a2d4851a1d" relativeResultsDirectory="4a69feaf-938e-4ab0-a6db-228bd6f327b2">
    </UnitTestResult>
    <UnitTestResult executionId="46ded7b0-8bd1-4a32-bb67-437cbd7dd06a" testId="3ef4dbd9-1365-93a2-a3b1-3b3f06754e7c" testName="RequestMessage_Returns_Same_HttpMessage_Instance_When_Inner_Request_Is_HttpMessage" computerName="GBLOCK-3-17" duration="00:00:00.0008199" startTime="2011-04-14T00:54:19.4485464-07:00" endTime="2011-04-14T00:54:19.4515467-07:00" testType="13cdc9d9-ddb5-4fa4-a97d-d965ccfc6d4b" outcome="Passed" testListId="8c84fa94-04c1-424b-9868-57a2d4851a1d" relativeResultsDirectory="46ded7b0-8bd1-4a32-bb67-437cbd7dd06a">
    </UnitTestResult>
    <UnitTestResult executionId="f97bf2b3-5e40-402b-928c-5620c7f870c8" testId="9aa2c7fa-198c-8d24-c537-da58c6dc3ee0" testName="RequestMessage_Returns_Same_HttpMessage_Sans_HttpRequestMessageProperty_Instance_When_Inner_Request_Is_HttpMessage" computerName="GBLOCK-3-17" duration="00:00:00.0006347" startTime="2011-04-14T00:54:19.4535469-07:00" endTime="2011-04-14T00:54:19.4585474-07:00" testType="13cdc9d9-ddb5-4fa4-a97d-d965ccfc6d4b" outcome="Passed" testListId="8c84fa94-04c1-424b-9868-57a2d4851a1d" relativeResultsDirectory="f97bf2b3-5e40-402b-928c-5620c7f870c8">
    </UnitTestResult>
    <UnitTestResult executionId="219dfcd1-0cff-40af-81cc-c64331921f4c" testId="fdaeaa6b-3d90-4f89-290b-0916162cd577" testName="RequestMessage_Returns_Same_Instance_Everytime" computerName="GBLOCK-3-17" duration="00:00:00.0011167" startTime="2011-04-14T00:54:19.4615477-07:00" endTime="2011-04-14T00:54:19.4635479-07:00" testType="13cdc9d9-ddb5-4fa4-a97d-d965ccfc6d4b" outcome="Passed" testListId="8c84fa94-04c1-424b-9868-57a2d4851a1d" relativeResultsDirectory="219dfcd1-0cff-40af-81cc-c64331921f4c">
    </UnitTestResult>
    <UnitTestResult executionId="dbd615cc-9814-4e14-8a56-11e18f0cd1b3" testId="906746d8-b4a6-202a-296d-d95b4f4725b9" testName="RequestMessage_Throws_If_HttpRequestMessageProperty_Not_Present" computerName="GBLOCK-3-17" duration="00:00:00.0012787" startTime="2011-04-14T00:54:19.4685484-07:00" endTime="2011-04-14T00:54:19.4705486-07:00" testType="13cdc9d9-ddb5-4fa4-a97d-d965ccfc6d4b" outcome="Passed" testListId="8c84fa94-04c1-424b-9868-57a2d4851a1d" relativeResultsDirectory="dbd615cc-9814-4e14-8a56-11e18f0cd1b3">
    </UnitTestResult>
    <UnitTestResult executionId="f72f9953-12dc-4785-bb7a-27f20c0d0e0b" testId="0c7fb215-92f0-71a9-2b3f-3359cd2cac56" testName="RequestMessage_Throws_If_To_Header_Not_Present" computerName="GBLOCK-3-17" duration="00:00:00.0012329" startTime="2011-04-14T00:54:19.4745490-07:00" endTime="2011-04-14T00:54:19.4765492-07:00" testType="13cdc9d9-ddb5-4fa4-a97d-d965ccfc6d4b" outcome="Passed" testListId="8c84fa94-04c1-424b-9868-57a2d4851a1d" relativeResultsDirectory="f72f9953-12dc-4785-bb7a-27f20c0d0e0b">
    </UnitTestResult>
    <UnitTestResult executionId="eba4d60c-2c92-4295-bb30-40d406835c2d" testId="2e748961-ed6b-931f-fd83-ddd29e7c0ef5" testName="RequestMessage_Uri_Determined_By_To_Header" computerName="GBLOCK-3-17" duration="00:00:00.0010566" startTime="2011-04-14T00:54:19.4785494-07:00" endTime="2011-04-14T00:54:19.4805496-07:00" testType="13cdc9d9-ddb5-4fa4-a97d-d965ccfc6d4b" outcome="Passed" testListId="8c84fa94-04c1-424b-9868-57a2d4851a1d" relativeResultsDirectory="eba4d60c-2c92-4295-bb30-40d406835c2d">
    </UnitTestResult>
    <UnitTestResult executionId="0dd86d20-e225-4138-92aa-6db986be3697" testId="42217d1d-32c1-6a5b-4ac5-f14ca6e03cc5" testName="MessageExtensionMethods_Is_A_Public_Class" computerName="GBLOCK-3-17" duration="00:00:00.0003337" startTime="2011-04-14T00:54:19.4835499-07:00" endTime="2011-04-14T00:54:19.4845500-07:00" testType="13cdc9d9-ddb5-4fa4-a97d-d965ccfc6d4b" outcome="Passed" testListId="8c84fa94-04c1-424b-9868-57a2d4851a1d" relativeResultsDirectory="0dd86d20-e225-4138-92aa-6db986be3697">
    </UnitTestResult>
    <UnitTestResult executionId="2b0dc748-d22e-467b-b9c8-9adb43da2587" testId="b89d8b16-37c6-41ea-da82-1c27c80ee483" testName="ToHttpRequestMessage_Can_Be_Called_Multiple_Times" computerName="GBLOCK-3-17" duration="00:00:00.0003653" startTime="2011-04-14T00:54:19.4875503-07:00" endTime="2011-04-14T00:54:19.4885504-07:00" testType="13cdc9d9-ddb5-4fa4-a97d-d965ccfc6d4b" outcome="Passed" testListId="8c84fa94-04c1-424b-9868-57a2d4851a1d" relativeResultsDirectory="2b0dc748-d22e-467b-b9c8-9adb43da2587">
    </UnitTestResult>
    <UnitTestResult executionId="89b1f8a6-dd68-4d9b-a476-03fedc83d22e" testId="18d88927-0e53-2cf4-531a-621b29e7e0ce" testName="ToHttpRequestMessage_Does_Not_Change_Message_State" computerName="GBLOCK-3-17" duration="00:00:00.0003422" startTime="2011-04-14T00:54:19.4915507-07:00" endTime="2011-04-14T00:54:19.4935509-07:00" testType="13cdc9d9-ddb5-4fa4-a97d-d965ccfc6d4b" outcome="Passed" testListId="8c84fa94-04c1-424b-9868-57a2d4851a1d" relativeResultsDirectory="89b1f8a6-dd68-4d9b-a476-03fedc83d22e">
    </UnitTestResult>
    <UnitTestResult executionId="c4e17cbb-ee62-4d15-ac6b-5bbffad2b43c" testId="402ab9b1-d4ea-b93e-e811-f77e0c4c4ce5" testName="ToHttpRequestMessage_Extracts_The_Original_HttpRequestMessage" computerName="GBLOCK-3-17" duration="00:00:00.0006239" startTime="2011-04-14T00:54:19.4965512-07:00" endTime="2011-04-14T00:54:19.4975513-07:00" testType="13cdc9d9-ddb5-4fa4-a97d-d965ccfc6d4b" outcome="Passed" testListId="8c84fa94-04c1-424b-9868-57a2d4851a1d" relativeResultsDirectory="c4e17cbb-ee62-4d15-ac6b-5bbffad2b43c">
    </UnitTestResult>
    <UnitTestResult executionId="3eed7df3-bec7-4ba2-b370-956f3f5673cb" testId="63dd830f-9b3d-c61b-d868-eea4568d5090" testName="ToHttpRequestMessage_Returns_Null" computerName="GBLOCK-3-17" duration="00:00:00.0001928" startTime="2011-04-14T00:54:19.5005516-07:00" endTime="2011-04-14T00:54:19.5025518-07:00" testType="13cdc9d9-ddb5-4fa4-a97d-d965ccfc6d4b" outcome="Passed" testListId="8c84fa94-04c1-424b-9868-57a2d4851a1d" relativeResultsDirectory="3eed7df3-bec7-4ba2-b370-956f3f5673cb">
    </UnitTestResult>
    <UnitTestResult executionId="460341fc-3a17-4005-86e4-c93e13e1a2ec" testId="cee427f3-7763-9403-ba72-ff66d1058c08" testName="ToHttpRequestMessage_Returns_Null_For_HttpResponseMessage" computerName="GBLOCK-3-17" duration="00:00:00.0004372" startTime="2011-04-14T00:54:19.5055521-07:00" endTime="2011-04-14T00:54:19.5065522-07:00" testType="13cdc9d9-ddb5-4fa4-a97d-d965ccfc6d4b" outcome="Passed" testListId="8c84fa94-04c1-424b-9868-57a2d4851a1d" relativeResultsDirectory="460341fc-3a17-4005-86e4-c93e13e1a2ec">
    </UnitTestResult>
    <UnitTestResult executionId="d3f0ba4f-5745-43de-a699-1924157fbf3c" testId="82b882ee-39b6-d07f-755a-8e3455c94309" testName="ToHttpRequestMessage_Returns_The_Original_HttpRequestMessage" computerName="GBLOCK-3-17" duration="00:00:00.0032161" startTime="2011-04-14T00:54:19.5095525-07:00" endTime="2011-04-14T00:54:19.5145530-07:00" testType="13cdc9d9-ddb5-4fa4-a97d-d965ccfc6d4b" outcome="Passed" testListId="8c84fa94-04c1-424b-9868-57a2d4851a1d" relativeResultsDirectory="d3f0ba4f-5745-43de-a699-1924157fbf3c">
    </UnitTestResult>
    <UnitTestResult executionId="9d768e8b-8615-49f8-92b4-11744009731b" testId="9e0af293-5fc7-ebbd-91c0-62036c809cc8" testName="ToHttpRequestMessage_Throws_If_Message_Is_Closed" computerName="GBLOCK-3-17" duration="00:00:00.0010162" startTime="2011-04-14T00:54:19.5275543-07:00" endTime="2011-04-14T00:54:19.5305546-07:00" testType="13cdc9d9-ddb5-4fa4-a97d-d965ccfc6d4b" outcome="Passed" testListId="8c84fa94-04c1-424b-9868-57a2d4851a1d" relativeResultsDirectory="9d768e8b-8615-49f8-92b4-11744009731b">
    </UnitTestResult>
    <UnitTestResult executionId="a17f16cd-b628-4d26-bf95-957b233cf0ce" testId="6edb3964-3b9d-02d5-1204-bbb99a88c91e" testName="ToHttpRequestMessage_Throws_When_This_Is_Null" computerName="GBLOCK-3-17" duration="00:00:00.0009484" startTime="2011-04-14T00:54:19.5435559-07:00" endTime="2011-04-14T00:54:19.5455561-07:00" testType="13cdc9d9-ddb5-4fa4-a97d-d965ccfc6d4b" outcome="Passed" testListId="8c84fa94-04c1-424b-9868-57a2d4851a1d" relativeResultsDirectory="a17f16cd-b628-4d26-bf95-957b233cf0ce">
    </UnitTestResult>
    <UnitTestResult executionId="52d22eaa-5bd1-41c5-96dc-3b7fdf6fdeaf" testId="377931c9-65b8-c61d-4444-837f20a13aed" testName="ToHttpResponseMessage_Can_Be_Called_Multiple_Times" computerName="GBLOCK-3-17" duration="00:00:00.0007698" startTime="2011-04-14T00:54:19.5485564-07:00" endTime="2011-04-14T00:54:19.5505566-07:00" testType="13cdc9d9-ddb5-4fa4-a97d-d965ccfc6d4b" outcome="Passed" testListId="8c84fa94-04c1-424b-9868-57a2d4851a1d" relativeResultsDirectory="52d22eaa-5bd1-41c5-96dc-3b7fdf6fdeaf">
    </UnitTestResult>
    <UnitTestResult executionId="6e1f4f1b-de79-47ab-9456-cb2dc1f09f0f" testId="668e3029-9106-9b0d-9e1d-467fe9b37910" testName="ToHttpResponseMessage_Does_Not_Change_Message_State" computerName="GBLOCK-3-17" duration="00:00:00.0003333" startTime="2011-04-14T00:54:19.5535569-07:00" endTime="2011-04-14T00:54:19.5545570-07:00" testType="13cdc9d9-ddb5-4fa4-a97d-d965ccfc6d4b" outcome="Passed" testListId="8c84fa94-04c1-424b-9868-57a2d4851a1d" relativeResultsDirectory="6e1f4f1b-de79-47ab-9456-cb2dc1f09f0f">
    </UnitTestResult>
    <UnitTestResult executionId="d3e91fc7-a8e5-4fcb-9012-4a906dbd1ffe" testId="d456bd0b-4fa4-d80d-74c3-c9cb4832bd76" testName="ToHttpResponseMessage_Extracts_The_Original_HttpResponseMessage" computerName="GBLOCK-3-17" duration="00:00:00.0006748" startTime="2011-04-14T00:54:19.5585574-07:00" endTime="2011-04-14T00:54:19.5595575-07:00" testType="13cdc9d9-ddb5-4fa4-a97d-d965ccfc6d4b" outcome="Passed" testListId="8c84fa94-04c1-424b-9868-57a2d4851a1d" relativeResultsDirectory="d3e91fc7-a8e5-4fcb-9012-4a906dbd1ffe">
    </UnitTestResult>
    <UnitTestResult executionId="fd0f8340-bc9d-4342-b024-3577f9e99b35" testId="b45028f9-489a-8ac2-6341-1ca433b45b70" testName="ToHttpResponseMessage_Returns_Null" computerName="GBLOCK-3-17" duration="00:00:00.0001959" startTime="2011-04-14T00:54:19.5625578-07:00" endTime="2011-04-14T00:54:19.5625578-07:00" testType="13cdc9d9-ddb5-4fa4-a97d-d965ccfc6d4b" outcome="Passed" testListId="8c84fa94-04c1-424b-9868-57a2d4851a1d" relativeResultsDirectory="fd0f8340-bc9d-4342-b024-3577f9e99b35">
    </UnitTestResult>
    <UnitTestResult executionId="76553dc0-303d-4337-9773-d562173b6f48" testId="6503f400-bad2-00ad-a7c9-309b367978bf" testName="ToHttpResponseMessage_Returns_Null_For_HttpRequestMessage" computerName="GBLOCK-3-17" duration="00:00:00.0002425" startTime="2011-04-14T00:54:19.5655581-07:00" endTime="2011-04-14T00:54:19.5665582-07:00" testType="13cdc9d9-ddb5-4fa4-a97d-d965ccfc6d4b" outcome="Passed" testListId="8c84fa94-04c1-424b-9868-57a2d4851a1d" relativeResultsDirectory="76553dc0-303d-4337-9773-d562173b6f48">
    </UnitTestResult>
    <UnitTestResult executionId="3d410fb9-a123-4b5c-b6ec-8f919c7da79e" testId="b7304f3b-b4c7-74d6-5975-e64ccf5f30d3" testName="ToHttpResponseMessage_Returns_The_Original_HttpResponseMessage" computerName="GBLOCK-3-17" duration="00:00:00.0002367" startTime="2011-04-14T00:54:19.5695585-07:00" endTime="2011-04-14T00:54:19.5705586-07:00" testType="13cdc9d9-ddb5-4fa4-a97d-d965ccfc6d4b" outcome="Passed" testListId="8c84fa94-04c1-424b-9868-57a2d4851a1d" relativeResultsDirectory="3d410fb9-a123-4b5c-b6ec-8f919c7da79e">
    </UnitTestResult>
    <UnitTestResult executionId="0cdd9ab1-06c8-43ad-8598-69fc1372077b" testId="50db7c70-e1bf-c6af-b01b-5af97639b541" testName="ToHttpResponseMessage_Throws_If_Message_Is_Closed" computerName="GBLOCK-3-17" duration="00:00:00.0005804" startTime="2011-04-14T00:54:19.5765592-07:00" endTime="2011-04-14T00:54:19.5775593-07:00" testType="13cdc9d9-ddb5-4fa4-a97d-d965ccfc6d4b" outcome="Passed" testListId="8c84fa94-04c1-424b-9868-57a2d4851a1d" relativeResultsDirectory="0cdd9ab1-06c8-43ad-8598-69fc1372077b">
    </UnitTestResult>
    <UnitTestResult executionId="4c95a73d-5324-46df-8124-81c3f401e500" testId="91679418-a4b1-ee6f-f6f5-5f43ca983664" testName="ToHttpResponseMessage_Throws_When_This_Is_Null" computerName="GBLOCK-3-17" duration="00:00:00.0004057" startTime="2011-04-14T00:54:19.5805596-07:00" endTime="2011-04-14T00:54:19.5825598-07:00" testType="13cdc9d9-ddb5-4fa4-a97d-d965ccfc6d4b" outcome="Passed" testListId="8c84fa94-04c1-424b-9868-57a2d4851a1d" relativeResultsDirectory="4c95a73d-5324-46df-8124-81c3f401e500">
    </UnitTestResult>
    <UnitTestResult executionId="feb80eed-6543-4343-baf0-8ae95fbb7cf6" testId="922965f9-27e2-1f17-2327-a1c935a3ff10" testName="ToMessage_Returns_HttpMessage_For_HttpRequestMessage" computerName="GBLOCK-3-17" duration="00:00:00.0002786" startTime="2011-04-14T00:54:19.5855601-07:00" endTime="2011-04-14T00:54:19.5865602-07:00" testType="13cdc9d9-ddb5-4fa4-a97d-d965ccfc6d4b" outcome="Passed" testListId="8c84fa94-04c1-424b-9868-57a2d4851a1d" relativeResultsDirectory="feb80eed-6543-4343-baf0-8ae95fbb7cf6">
    </UnitTestResult>
    <UnitTestResult executionId="fe8bfb0e-1be5-4db5-b0ac-c29b18839449" testId="75a27fd6-914e-5fd1-38b1-7863e0f24f0e" testName="ToMessage_Returns_HttpMessage_For_HttpResponseMessage" computerName="GBLOCK-3-17" duration="00:00:00.0002186" startTime="2011-04-14T00:54:19.5895605-07:00" endTime="2011-04-14T00:54:19.5905606-07:00" testType="13cdc9d9-ddb5-4fa4-a97d-d965ccfc6d4b" outcome="Passed" testListId="8c84fa94-04c1-424b-9868-57a2d4851a1d" relativeResultsDirectory="fe8bfb0e-1be5-4db5-b0ac-c29b18839449">
    </UnitTestResult>
    <UnitTestResult executionId="43737de8-aabc-469b-8165-bca8d4ece2ce" testId="eca1b936-b6e1-bc78-0aa9-c0f1395d842e" testName="ToMessage_Returns_HttpMessage_With_IsRequest_False" computerName="GBLOCK-3-17" duration="00:00:00.0002286" startTime="2011-04-14T00:54:19.5935609-07:00" endTime="2011-04-14T00:54:19.5975613-07:00" testType="13cdc9d9-ddb5-4fa4-a97d-d965ccfc6d4b" outcome="Passed" testListId="8c84fa94-04c1-424b-9868-57a2d4851a1d" relativeResultsDirectory="43737de8-aabc-469b-8165-bca8d4ece2ce">
    </UnitTestResult>
    <UnitTestResult executionId="79a5d6ef-38c9-4ef1-9b07-2d95d293c660" testId="f8304cf8-a995-8a01-877c-a15b2d4479bb" testName="ToMessage_Returns_HttpMessage_With_IsRequest_True" computerName="GBLOCK-3-17" duration="00:00:00.0002702" startTime="2011-04-14T00:54:19.6015617-07:00" endTime="2011-04-14T00:54:19.6015617-07:00" testType="13cdc9d9-ddb5-4fa4-a97d-d965ccfc6d4b" outcome="Passed" testListId="8c84fa94-04c1-424b-9868-57a2d4851a1d" relativeResultsDirectory="79a5d6ef-38c9-4ef1-9b07-2d95d293c660">
    </UnitTestResult>
    <UnitTestResult executionId="0bfd807e-bc29-4761-a015-4fae5de7c336" testId="5788eb15-41ad-83bf-e08b-46843bf80e34" testName="ToMessage_Throws_When_This_Is_Null_For_HttpRequestMessage" computerName="GBLOCK-3-17" duration="00:00:00.0004184" startTime="2011-04-14T00:54:19.6045620-07:00" endTime="2011-04-14T00:54:19.6055621-07:00" testType="13cdc9d9-ddb5-4fa4-a97d-d965ccfc6d4b" outcome="Passed" testListId="8c84fa94-04c1-424b-9868-57a2d4851a1d" relativeResultsDirectory="0bfd807e-bc29-4761-a015-4fae5de7c336">
    </UnitTestResult>
    <UnitTestResult executionId="518cb2f2-7cf1-4cdf-8ab2-e38139040e84" testId="98f3b086-7f11-f16c-f530-ab9c440e4287" testName="ToMessage_Throws_When_This_Is_Null_For_HttpResponseMessage" computerName="GBLOCK-3-17" duration="00:00:00.0003899" startTime="2011-04-14T00:54:19.6085624-07:00" endTime="2011-04-14T00:54:19.6105626-07:00" testType="13cdc9d9-ddb5-4fa4-a97d-d965ccfc6d4b" outcome="Passed" testListId="8c84fa94-04c1-424b-9868-57a2d4851a1d" relativeResultsDirectory="518cb2f2-7cf1-4cdf-8ab2-e38139040e84">
    </UnitTestResult>
    <UnitTestResult executionId="0a42cc89-473e-430c-a465-ccf78ecd3859" testId="1206cb31-4200-2424-f93f-832b3160efde" testName="BuildChannelFactory_Throws" computerName="GBLOCK-3-17" duration="00:00:00.0011944" startTime="2011-04-14T00:54:19.6135629-07:00" endTime="2011-04-14T00:54:19.6155631-07:00" testType="13cdc9d9-ddb5-4fa4-a97d-d965ccfc6d4b" outcome="Passed" testListId="8c84fa94-04c1-424b-9868-57a2d4851a1d" relativeResultsDirectory="0a42cc89-473e-430c-a465-ccf78ecd3859">
    </UnitTestResult>
    <UnitTestResult executionId="5fe3b533-a48c-4e0d-af86-2be8010be4db" testId="f99c4824-fd8b-1c11-be37-46b3bf80083f" testName="BuildChannelListener_Returns_ChannelListener_For_IReplyChannel" computerName="GBLOCK-3-17" duration="00:00:00.0029856" startTime="2011-04-14T00:54:19.6185634-07:00" endTime="2011-04-14T00:54:19.6235639-07:00" testType="13cdc9d9-ddb5-4fa4-a97d-d965ccfc6d4b" outcome="Passed" testListId="8c84fa94-04c1-424b-9868-57a2d4851a1d" relativeResultsDirectory="5fe3b533-a48c-4e0d-af86-2be8010be4db">
    </UnitTestResult>
    <UnitTestResult executionId="e69ca478-fa23-4671-9583-b4a8e044f874" testId="89551395-110c-ab22-80f1-2a9141f60d0f" testName="BuildChannelListener_Throws_For_Non_IReplyChannel" computerName="GBLOCK-3-17" duration="00:00:00.0041739" startTime="2011-04-14T00:54:19.6265642-07:00" endTime="2011-04-14T00:54:19.6315647-07:00" testType="13cdc9d9-ddb5-4fa4-a97d-d965ccfc6d4b" outcome="Passed" testListId="8c84fa94-04c1-424b-9868-57a2d4851a1d" relativeResultsDirectory="e69ca478-fa23-4671-9583-b4a8e044f874">
    </UnitTestResult>
    <UnitTestResult executionId="410dd726-3f57-4e8a-ae22-7a0e67599256" testId="d0ec868f-ecdb-dffc-dae6-6b4b38f35ed8" testName="CanBuildChannelFactory_Always_Returns_False" computerName="GBLOCK-3-17" duration="00:00:00.0012129" startTime="2011-04-14T00:54:19.6345650-07:00" endTime="2011-04-14T00:54:19.6365652-07:00" testType="13cdc9d9-ddb5-4fa4-a97d-d965ccfc6d4b" outcome="Passed" testListId="8c84fa94-04c1-424b-9868-57a2d4851a1d" relativeResultsDirectory="410dd726-3f57-4e8a-ae22-7a0e67599256">
    </UnitTestResult>
    <UnitTestResult executionId="8c522465-f71f-447a-941b-d6ba40ab7545" testId="c628f131-55b8-b3da-1007-82dc5551ba07" testName="CanBuildChannelListener_Only_Returns_True_For_IReplyChannel" computerName="GBLOCK-3-17" duration="00:00:00.0009146" startTime="2011-04-14T00:54:19.6405656-07:00" endTime="2011-04-14T00:54:19.6425658-07:00" testType="13cdc9d9-ddb5-4fa4-a97d-d965ccfc6d4b" outcome="Passed" testListId="8c84fa94-04c1-424b-9868-57a2d4851a1d" relativeResultsDirectory="8c522465-f71f-447a-941b-d6ba40ab7545">
    </UnitTestResult>
    <UnitTestResult executionId="a4893237-5491-464d-87a7-f5d7f1f28849" testId="74e3efba-d218-b81a-fcc5-06b8a9b55a4a" testName="Clone_Creates_New_HttpMessageHandlerBindingElement" computerName="GBLOCK-3-17" duration="00:00:00.0003626" startTime="2011-04-14T00:54:19.6455661-07:00" endTime="2011-04-14T00:54:19.6475663-07:00" testType="13cdc9d9-ddb5-4fa4-a97d-d965ccfc6d4b" outcome="Passed" testListId="8c84fa94-04c1-424b-9868-57a2d4851a1d" relativeResultsDirectory="a4893237-5491-464d-87a7-f5d7f1f28849">
    </UnitTestResult>
    <UnitTestResult executionId="730e3dca-ec14-4607-b936-a797b3272cec" testId="5b31ce28-42f2-8ded-6d46-1ea9b3f48e1f" testName="HttpMessageHandlerBindingElement_Has_Parameterless_Constructor" computerName="GBLOCK-3-17" duration="00:00:00.0013573" startTime="2011-04-14T00:54:19.6505666-07:00" endTime="2011-04-14T00:54:19.6535669-07:00" testType="13cdc9d9-ddb5-4fa4-a97d-d965ccfc6d4b" outcome="Passed" testListId="8c84fa94-04c1-424b-9868-57a2d4851a1d" relativeResultsDirectory="730e3dca-ec14-4607-b936-a797b3272cec">
    </UnitTestResult>
    <UnitTestResult executionId="bb93abd9-6f84-4cd6-8fb6-c19bd63fc8f2" testId="80f39c53-6623-1e6c-6631-9adcd7e7c0fc" testName="HttpMessageHandlerBindingElement_Is_A_Public_Non_Abstract_Class" computerName="GBLOCK-3-17" duration="00:00:00.0004561" startTime="2011-04-14T00:54:19.6565672-07:00" endTime="2011-04-14T00:54:19.6575673-07:00" testType="13cdc9d9-ddb5-4fa4-a97d-d965ccfc6d4b" outcome="Passed" testListId="8c84fa94-04c1-424b-9868-57a2d4851a1d" relativeResultsDirectory="bb93abd9-6f84-4cd6-8fb6-c19bd63fc8f2">
    </UnitTestResult>
    <UnitTestResult executionId="eace8846-3943-4660-a992-6f4554498195" testId="0d73fd95-e7b3-ba34-58be-e1a715ce7423" testName="HttpMessageHandlerFactory_Can_Be_Set_To_Null" computerName="GBLOCK-3-17" duration="00:00:00.0017453" startTime="2011-04-14T00:54:19.6605676-07:00" endTime="2011-04-14T00:54:19.6625678-07:00" testType="13cdc9d9-ddb5-4fa4-a97d-d965ccfc6d4b" outcome="Passed" testListId="8c84fa94-04c1-424b-9868-57a2d4851a1d" relativeResultsDirectory="eace8846-3943-4660-a992-6f4554498195">
    </UnitTestResult>
    <UnitTestResult executionId="e6b4f7fb-90c3-4a49-9ac5-ef9d47a18fde" testId="03539d34-3a20-9a00-623f-acf2ed866b07" testName="HttpMessageHandlerFactory_Is_Get_Set" computerName="GBLOCK-3-17" duration="00:00:00.0002582" startTime="2011-04-14T00:54:19.6655681-07:00" endTime="2011-04-14T00:54:19.6665682-07:00" testType="13cdc9d9-ddb5-4fa4-a97d-d965ccfc6d4b" outcome="Passed" testListId="8c84fa94-04c1-424b-9868-57a2d4851a1d" relativeResultsDirectory="e6b4f7fb-90c3-4a49-9ac5-ef9d47a18fde">
    </UnitTestResult>
    <UnitTestResult executionId="70545bed-5a97-433b-9e4d-d85fa6337746" testId="4e17ba62-e827-daab-1a53-0e2b5f84ccbe" testName="HttpMessageHandlerFactory_Is_Null_By_Default" computerName="GBLOCK-3-17" duration="00:00:00.0002740" startTime="2011-04-14T00:54:19.6705686-07:00" endTime="2011-04-14T00:54:19.6715687-07:00" testType="13cdc9d9-ddb5-4fa4-a97d-d965ccfc6d4b" outcome="Passed" testListId="8c84fa94-04c1-424b-9868-57a2d4851a1d" relativeResultsDirectory="70545bed-5a97-433b-9e4d-d85fa6337746">
    </UnitTestResult>
    <UnitTestResult executionId="5dc9dd3f-22ef-4147-85bb-a4b16ddda6a0" testId="5b395cdb-87dc-9820-7e23-2d35737af0b9" testName="HttpMessagePluginBindingElement_Constructor1" computerName="GBLOCK-3-17" duration="00:00:00.0005138" startTime="2011-04-14T00:54:19.6745690-07:00" endTime="2011-04-14T00:54:19.6755691-07:00" testType="13cdc9d9-ddb5-4fa4-a97d-d965ccfc6d4b" outcome="Passed" testListId="8c84fa94-04c1-424b-9868-57a2d4851a1d" relativeResultsDirectory="5dc9dd3f-22ef-4147-85bb-a4b16ddda6a0">
    </UnitTestResult>
    <UnitTestResult executionId="fecbe5f5-9f1b-47cb-b782-ad706d7f9bea" testId="d8615463-ecdc-4a86-a76f-4f89d2aac408" testName="HttpMessagePluginBindingElement_Constructor2" computerName="GBLOCK-3-17" duration="00:00:00.0003002" startTime="2011-04-14T00:54:19.6805696-07:00" endTime="2011-04-14T00:54:19.6815697-07:00" testType="13cdc9d9-ddb5-4fa4-a97d-d965ccfc6d4b" outcome="Passed" testListId="8c84fa94-04c1-424b-9868-57a2d4851a1d" relativeResultsDirectory="fecbe5f5-9f1b-47cb-b782-ad706d7f9bea">
    </UnitTestResult>
    <UnitTestResult executionId="2455c786-f9c7-4022-9b15-cdb7d961115f" testId="8df80dc8-5d71-e0fd-ac32-eb30b1f88750" testName="HttpMessagePluginBindingElement_Method1" computerName="GBLOCK-3-17" duration="00:00:00.0002482" startTime="2011-04-14T00:54:19.6845700-07:00" endTime="2011-04-14T00:54:19.6865702-07:00" testType="13cdc9d9-ddb5-4fa4-a97d-d965ccfc6d4b" outcome="Passed" testListId="8c84fa94-04c1-424b-9868-57a2d4851a1d" relativeResultsDirectory="2455c786-f9c7-4022-9b15-cdb7d961115f">
    </UnitTestResult>
    <UnitTestResult executionId="754c2ceb-348b-4b5c-8b89-731fc669b75b" testId="1e2deb93-beff-b6f2-bfaf-d3d2d7d4b10f" testName="HttpMessagePluginBindingElement_Method2" computerName="GBLOCK-3-17" duration="00:00:00.0002367" startTime="2011-04-14T00:54:19.6895705-07:00" endTime="2011-04-14T00:54:19.6905706-07:00" testType="13cdc9d9-ddb5-4fa4-a97d-d965ccfc6d4b" outcome="Passed" testListId="8c84fa94-04c1-424b-9868-57a2d4851a1d" relativeResultsDirectory="754c2ceb-348b-4b5c-8b89-731fc669b75b">
    </UnitTestResult>
    <UnitTestResult executionId="fb7914ac-d8aa-4ceb-8c41-35a5fed1a615" testId="2eb06309-40c5-679b-6076-576e2c6a169b" testName="HttpMessagePluginBindingElement_Method3" computerName="GBLOCK-3-17" duration="00:00:00.0028393" startTime="2011-04-14T00:54:19.6935709-07:00" endTime="2011-04-14T00:54:19.6975713-07:00" testType="13cdc9d9-ddb5-4fa4-a97d-d965ccfc6d4b" outcome="Passed" testListId="8c84fa94-04c1-424b-9868-57a2d4851a1d" relativeResultsDirectory="fb7914ac-d8aa-4ceb-8c41-35a5fed1a615">
    </UnitTestResult>
    <UnitTestResult executionId="200d0a9f-9138-42df-97e1-8b68b4528bea" testId="c056ad4f-c1a8-8638-aa2b-f2248cd7a1f3" testName="HttpMessagePluginBindingElement_Method4" computerName="GBLOCK-3-17" duration="00:00:00.0004519" startTime="2011-04-14T00:54:19.7005716-07:00" endTime="2011-04-14T00:54:19.7015717-07:00" testType="13cdc9d9-ddb5-4fa4-a97d-d965ccfc6d4b" outcome="Passed" testListId="8c84fa94-04c1-424b-9868-57a2d4851a1d" relativeResultsDirectory="200d0a9f-9138-42df-97e1-8b68b4528bea">
    </UnitTestResult>
    <UnitTestResult executionId="0424355d-6049-4a05-9907-26ec92ee0c67" testId="57665ee3-a8a6-65bd-c24c-2f31910c553f" testName="HttpMessagePluginBindingElement_Method5" computerName="GBLOCK-3-17" duration="00:00:00.0004642" startTime="2011-04-14T00:54:19.7055721-07:00" endTime="2011-04-14T00:54:19.7065722-07:00" testType="13cdc9d9-ddb5-4fa4-a97d-d965ccfc6d4b" outcome="Passed" testListId="8c84fa94-04c1-424b-9868-57a2d4851a1d" relativeResultsDirectory="0424355d-6049-4a05-9907-26ec92ee0c67">
    </UnitTestResult>
    <UnitTestResult executionId="17dfa753-7518-48ac-a9c1-b843d7be0164" testId="befcbdbb-d21e-9145-4607-08234a0531eb" testName="HttpMessagePluginBindingElement_Method6" computerName="GBLOCK-3-17" duration="00:00:00.0089579" startTime="2011-04-14T00:54:19.7095725-07:00" endTime="2011-04-14T00:54:19.7185734-07:00" testType="13cdc9d9-ddb5-4fa4-a97d-d965ccfc6d4b" outcome="Passed" testListId="8c84fa94-04c1-424b-9868-57a2d4851a1d" relativeResultsDirectory="17dfa753-7518-48ac-a9c1-b843d7be0164">
    </UnitTestResult>
    <UnitTestResult executionId="7b58dce3-e9ea-4b33-b5f7-3d6eb7643686" testId="bd2947c5-ee40-07f4-b7e0-1efe01ea00d1" testName="HttpMessagePluginBindingElement_Method7" computerName="GBLOCK-3-17" duration="00:00:00.0011428" startTime="2011-04-14T00:54:19.7305746-07:00" endTime="2011-04-14T00:54:19.7345750-07:00" testType="13cdc9d9-ddb5-4fa4-a97d-d965ccfc6d4b" outcome="Passed" testListId="8c84fa94-04c1-424b-9868-57a2d4851a1d" relativeResultsDirectory="7b58dce3-e9ea-4b33-b5f7-3d6eb7643686">
    </UnitTestResult>
    <UnitTestResult executionId="a104082d-b624-4903-a00a-8fecefae6217" testId="86185607-53d5-559f-d595-4e464e5c7884" testName="HttpMessagePluginBindingElement_Property1" computerName="GBLOCK-3-17" duration="00:00:00.0007787" startTime="2011-04-14T00:54:19.7475763-07:00" endTime="2011-04-14T00:54:19.7505766-07:00" testType="13cdc9d9-ddb5-4fa4-a97d-d965ccfc6d4b" outcome="Passed" testListId="8c84fa94-04c1-424b-9868-57a2d4851a1d" relativeResultsDirectory="a104082d-b624-4903-a00a-8fecefae6217">
    </UnitTestResult>
    <UnitTestResult executionId="ad5a231f-168b-4a39-aa45-dd4ec50862eb" testId="ae3ded97-0724-0c2b-3b88-ee1a444e2849" testName="HttpMessagePluginBindingElement_Type1" computerName="GBLOCK-3-17" duration="00:00:00.0004650" startTime="2011-04-14T00:54:19.7585774-07:00" endTime="2011-04-14T00:54:19.7595775-07:00" testType="13cdc9d9-ddb5-4fa4-a97d-d965ccfc6d4b" outcome="Passed" testListId="8c84fa94-04c1-424b-9868-57a2d4851a1d" relativeResultsDirectory="ad5a231f-168b-4a39-aa45-dd4ec50862eb">
    </UnitTestResult>
    <UnitTestResult executionId="94acc38d-ea1b-4f53-95d5-0c3a52641b4b" testId="2d6983c5-ecb0-6f49-1cad-d069648554a3" testName="DefaultHttpMessagePluginFactory_Constructor1" computerName="GBLOCK-3-17" duration="00:00:00.0005801" startTime="2011-04-14T00:54:19.7625778-07:00" endTime="2011-04-14T00:54:19.7705786-07:00" testType="13cdc9d9-ddb5-4fa4-a97d-d965ccfc6d4b" outcome="Passed" testListId="8c84fa94-04c1-424b-9868-57a2d4851a1d" relativeResultsDirectory="94acc38d-ea1b-4f53-95d5-0c3a52641b4b">
    </UnitTestResult>
    <UnitTestResult executionId="d1196919-c790-4502-ab14-c06934e09813" testId="72db5418-7909-c712-6693-a1e8bd41e690" testName="DefaultHttpMessagePluginFactory_Constructor2" computerName="GBLOCK-3-17" duration="00:00:00.0006886" startTime="2011-04-14T00:54:19.7735789-07:00" endTime="2011-04-14T00:54:19.7745790-07:00" testType="13cdc9d9-ddb5-4fa4-a97d-d965ccfc6d4b" outcome="Passed" testListId="8c84fa94-04c1-424b-9868-57a2d4851a1d" relativeResultsDirectory="d1196919-c790-4502-ab14-c06934e09813">
    </UnitTestResult>
    <UnitTestResult executionId="1103566d-27fb-4f7c-b34f-f7e8077ddff5" testId="8e5664b1-9a86-05a5-4e1a-29b91949cdd8" testName="DefaultHttpMessagePluginFactory_Constructor3" computerName="GBLOCK-3-17" duration="00:00:00.0005146" startTime="2011-04-14T00:54:19.7775793-07:00" endTime="2011-04-14T00:54:19.7795795-07:00" testType="13cdc9d9-ddb5-4fa4-a97d-d965ccfc6d4b" outcome="Passed" testListId="8c84fa94-04c1-424b-9868-57a2d4851a1d" relativeResultsDirectory="1103566d-27fb-4f7c-b34f-f7e8077ddff5">
    </UnitTestResult>
    <UnitTestResult executionId="98a1379f-4432-4858-b969-d17b21631fc7" testId="cf6096a7-91c8-9dda-fa5e-52bf0cef3a32" testName="DefaultHttpMessagePluginFactory_Constructor4" computerName="GBLOCK-3-17" duration="00:00:00.0003445" startTime="2011-04-14T00:54:19.7825798-07:00" endTime="2011-04-14T00:54:19.7835799-07:00" testType="13cdc9d9-ddb5-4fa4-a97d-d965ccfc6d4b" outcome="Passed" testListId="8c84fa94-04c1-424b-9868-57a2d4851a1d" relativeResultsDirectory="98a1379f-4432-4858-b969-d17b21631fc7">
    </UnitTestResult>
    <UnitTestResult executionId="2cb8e1a8-189a-4dc7-82cf-b795000532fc" testId="834b741d-18dd-f984-caf0-9386d42b7d3e" testName="DefaultHttpMessagePluginFactory_Constructor5" computerName="GBLOCK-3-17" duration="00:00:00.0008414" startTime="2011-04-14T00:54:19.7865802-07:00" endTime="2011-04-14T00:54:19.7875803-07:00" testType="13cdc9d9-ddb5-4fa4-a97d-d965ccfc6d4b" outcome="Passed" testListId="8c84fa94-04c1-424b-9868-57a2d4851a1d" relativeResultsDirectory="2cb8e1a8-189a-4dc7-82cf-b795000532fc">
    </UnitTestResult>
    <UnitTestResult executionId="a9cfc209-2d59-48dd-98bd-5320fb10d9d0" testId="026a828b-6412-053e-cd1d-96df55838ddb" testName="DefaultHttpMessagePluginFactory_Constructor6" computerName="GBLOCK-3-17" duration="00:00:00.0003479" startTime="2011-04-14T00:54:19.7905806-07:00" endTime="2011-04-14T00:54:19.7915807-07:00" testType="13cdc9d9-ddb5-4fa4-a97d-d965ccfc6d4b" outcome="Passed" testListId="8c84fa94-04c1-424b-9868-57a2d4851a1d" relativeResultsDirectory="a9cfc209-2d59-48dd-98bd-5320fb10d9d0">
    </UnitTestResult>
    <UnitTestResult executionId="42f57f90-ffbf-4ab3-a9e4-824caccb94cf" testId="8a2ccd07-59ca-d975-a14d-472a5e469ac1" testName="DefaultHttpMessagePluginFactory_Constructor7" computerName="GBLOCK-3-17" duration="00:00:00.0003414" startTime="2011-04-14T00:54:19.7945810-07:00" endTime="2011-04-14T00:54:19.7955811-07:00" testType="13cdc9d9-ddb5-4fa4-a97d-d965ccfc6d4b" outcome="Passed" testListId="8c84fa94-04c1-424b-9868-57a2d4851a1d" relativeResultsDirectory="42f57f90-ffbf-4ab3-a9e4-824caccb94cf">
    </UnitTestResult>
    <UnitTestResult executionId="886b6981-7850-4e45-8c88-b2d4a62a4143" testId="74228918-e0ff-bd20-8ef6-76fe95669bdd" testName="DefaultHttpMessagePluginFactory_Method1" computerName="GBLOCK-3-17" duration="00:00:00.0005612" startTime="2011-04-14T00:54:19.7985814-07:00" endTime="2011-04-14T00:54:19.7995815-07:00" testType="13cdc9d9-ddb5-4fa4-a97d-d965ccfc6d4b" outcome="Passed" testListId="8c84fa94-04c1-424b-9868-57a2d4851a1d" relativeResultsDirectory="886b6981-7850-4e45-8c88-b2d4a62a4143">
    </UnitTestResult>
    <UnitTestResult executionId="80ead954-a6d3-49b3-aba2-32bec5cc4cdd" testId="129da1f1-f6f2-b3cd-a379-43827a7581e9" testName="DefaultHttpMessagePluginFactory_Property1" computerName="GBLOCK-3-17" duration="00:00:00.0008422" startTime="2011-04-14T00:54:19.8025818-07:00" endTime="2011-04-14T00:54:19.8045820-07:00" testType="13cdc9d9-ddb5-4fa4-a97d-d965ccfc6d4b" outcome="Passed" testListId="8c84fa94-04c1-424b-9868-57a2d4851a1d" relativeResultsDirectory="80ead954-a6d3-49b3-aba2-32bec5cc4cdd">
    </UnitTestResult>
    <UnitTestResult executionId="469cba7b-42a5-4eaf-844c-7ae06fdbc1d6" testId="55f13d85-fbd8-3e30-cc6e-4c99df692c17" testName="DefaultHttpMessagePluginFactory_Type1" computerName="GBLOCK-3-17" duration="00:00:00.0004192" startTime="2011-04-14T00:54:19.8075823-07:00" endTime="2011-04-14T00:54:19.8095825-07:00" testType="13cdc9d9-ddb5-4fa4-a97d-d965ccfc6d4b" outcome="Passed" testListId="8c84fa94-04c1-424b-9868-57a2d4851a1d" relativeResultsDirectory="469cba7b-42a5-4eaf-844c-7ae06fdbc1d6">
    </UnitTestResult>
    <UnitTestResult executionId="6bd69b17-6892-4102-88c6-a555b00a1483" testId="acd996e7-9745-650a-0806-9e7dc762663b" testName="Create_Throww_With_Null_Parameter" computerName="GBLOCK-3-17" duration="00:00:00.0005554" startTime="2011-04-14T00:54:19.8125828-07:00" endTime="2011-04-14T00:54:19.8135829-07:00" testType="13cdc9d9-ddb5-4fa4-a97d-d965ccfc6d4b" outcome="Passed" testListId="8c84fa94-04c1-424b-9868-57a2d4851a1d" relativeResultsDirectory="6bd69b17-6892-4102-88c6-a555b00a1483">
    </UnitTestResult>
    <UnitTestResult executionId="212837bf-7e1d-4470-8ffc-e06715fc1417" testId="d8645284-59b9-575f-f264-ec995329d429" testName="HttpMessageHandlerFactory_Constructor_Throws_With_Abstract_Types" computerName="GBLOCK-3-17" duration="00:00:00.0005189" startTime="2011-04-14T00:54:19.8165832-07:00" endTime="2011-04-14T00:54:19.8185834-07:00" testType="13cdc9d9-ddb5-4fa4-a97d-d965ccfc6d4b" outcome="Passed" testListId="8c84fa94-04c1-424b-9868-57a2d4851a1d" relativeResultsDirectory="212837bf-7e1d-4470-8ffc-e06715fc1417">
    </UnitTestResult>
    <UnitTestResult executionId="e2a5afe3-1458-48de-bd35-4245514685b5" testId="c1f2da23-282f-5312-7401-0360aff42e59" testName="HttpMessageHandlerFactory_Constructor_Throws_With_Invalid_Constructor_Types" computerName="GBLOCK-3-17" duration="00:00:00.0005088" startTime="2011-04-14T00:54:19.8215837-07:00" endTime="2011-04-14T00:54:19.8225838-07:00" testType="13cdc9d9-ddb5-4fa4-a97d-d965ccfc6d4b" outcome="Passed" testListId="8c84fa94-04c1-424b-9868-57a2d4851a1d" relativeResultsDirectory="e2a5afe3-1458-48de-bd35-4245514685b5">
    </UnitTestResult>
    <UnitTestResult executionId="eba4f64c-9bcc-49b1-9111-047735473964" testId="84a327f9-fcbe-7032-8653-f6b9d328a7f8" testName="HttpMessageHandlerFactory_Constructor_Throws_With_Non_DelegatingChannel_Derived_Types" computerName="GBLOCK-3-17" duration="00:00:00.0004692" startTime="2011-04-14T00:54:19.8255841-07:00" endTime="2011-04-14T00:54:19.8275843-07:00" testType="13cdc9d9-ddb5-4fa4-a97d-d965ccfc6d4b" outcome="Passed" testListId="8c84fa94-04c1-424b-9868-57a2d4851a1d" relativeResultsDirectory="eba4f64c-9bcc-49b1-9111-047735473964">
    </UnitTestResult>
    <UnitTestResult executionId="2787f8fb-1563-43d3-9278-d92e4424d8f1" testId="d34b3dc3-fbac-62c2-65f8-328a644d6018" testName="HttpMessageHandlerFactory_Constructor_Throws_With_Null_Handler" computerName="GBLOCK-3-17" duration="00:00:00.0004780" startTime="2011-04-14T00:54:19.8305846-07:00" endTime="2011-04-14T00:54:19.8315847-07:00" testType="13cdc9d9-ddb5-4fa4-a97d-d965ccfc6d4b" outcome="Passed" testListId="8c84fa94-04c1-424b-9868-57a2d4851a1d" relativeResultsDirectory="2787f8fb-1563-43d3-9278-d92e4424d8f1">
    </UnitTestResult>
    <UnitTestResult executionId="02962150-ebbe-4cad-aa07-035bcadf2363" testId="c23b02e2-0af5-ea0b-b423-5810a4c2012a" testName="HttpMessageHandlerFactory_Constructor_Throws_With_Null_Parameter" computerName="GBLOCK-3-17" duration="00:00:00.0003672" startTime="2011-04-14T00:54:19.8345850-07:00" endTime="2011-04-14T00:54:19.8355851-07:00" testType="13cdc9d9-ddb5-4fa4-a97d-d965ccfc6d4b" outcome="Passed" testListId="8c84fa94-04c1-424b-9868-57a2d4851a1d" relativeResultsDirectory="02962150-ebbe-4cad-aa07-035bcadf2363">
    </UnitTestResult>
    <UnitTestResult executionId="ee7204c6-17b6-48de-9a81-e9e390e0876f" testId="ce729fef-7147-2825-16b9-651ca580aaf1" testName="HttpMessageHandlerFactory_Constructor2" computerName="GBLOCK-3-17" duration="00:00:00.0001705" startTime="2011-04-14T00:54:19.8385854-07:00" endTime="2011-04-14T00:54:19.8395855-07:00" testType="13cdc9d9-ddb5-4fa4-a97d-d965ccfc6d4b" outcome="Passed" testListId="8c84fa94-04c1-424b-9868-57a2d4851a1d" relativeResultsDirectory="ee7204c6-17b6-48de-9a81-e9e390e0876f">
    </UnitTestResult>
    <UnitTestResult executionId="ca9d2ce8-f0cb-4d6e-a85b-215aae43d055" testId="4cda5bcb-b0f6-234d-db75-1f2c5fc64591" testName="HttpMessageHandlerFactory_Is_A_Public_Non_Abstract_Class" computerName="GBLOCK-3-17" duration="00:00:00.0003583" startTime="2011-04-14T00:54:19.8425858-07:00" endTime="2011-04-14T00:54:19.8435859-07:00" testType="13cdc9d9-ddb5-4fa4-a97d-d965ccfc6d4b" outcome="Passed" testListId="8c84fa94-04c1-424b-9868-57a2d4851a1d" relativeResultsDirectory="ca9d2ce8-f0cb-4d6e-a85b-215aae43d055">
    </UnitTestResult>
    <UnitTestResult executionId="39dc5330-cc07-4f4e-812c-ae87d04be425" testId="721e24dc-fac6-f175-416f-f2ccbf0813bd" testName="HttpMessageHandlers_Returns_Handler_Types" computerName="GBLOCK-3-17" duration="00:00:00.0010839" startTime="2011-04-14T00:54:19.8485864-07:00" endTime="2011-04-14T00:54:19.8505866-07:00" testType="13cdc9d9-ddb5-4fa4-a97d-d965ccfc6d4b" outcome="Passed" testListId="8c84fa94-04c1-424b-9868-57a2d4851a1d" relativeResultsDirectory="39dc5330-cc07-4f4e-812c-ae87d04be425">
    </UnitTestResult>
    <UnitTestResult executionId="e0e5320e-8d4d-478a-ac56-3118b2e0ba0b" testId="abfe4868-079e-238b-7f0e-f4920c8d12fd" testName="Closing_Disposes_Of_The_HttpRequestMessage" computerName="GBLOCK-3-17" duration="00:00:00.0029806" startTime="2011-04-14T00:54:19.8515867-07:00" endTime="2011-04-14T00:54:19.8565872-07:00" testType="13cdc9d9-ddb5-4fa4-a97d-d965ccfc6d4b" outcome="Passed" testListId="8c84fa94-04c1-424b-9868-57a2d4851a1d" relativeResultsDirectory="e0e5320e-8d4d-478a-ac56-3118b2e0ba0b">
    </UnitTestResult>
    <UnitTestResult executionId="b973297f-5ff8-460d-8bb4-1b78ced4641e" testId="02994c15-cf2d-d656-ddaa-990bcb987ab0" testName="Closing_Disposes_Of_The_HttpResponseMessage" computerName="GBLOCK-3-17" duration="00:00:00.0006782" startTime="2011-04-14T00:54:19.8575873-07:00" endTime="2011-04-14T00:54:19.8605876-07:00" testType="13cdc9d9-ddb5-4fa4-a97d-d965ccfc6d4b" outcome="Passed" testListId="8c84fa94-04c1-424b-9868-57a2d4851a1d" relativeResultsDirectory="b973297f-5ff8-460d-8bb4-1b78ced4641e">
    </UnitTestResult>
    <UnitTestResult executionId="9afb2ee5-9eba-450b-af2b-a070a6113937" testId="206faeb3-6249-d888-f8ab-561adc116843" testName="CreateBufferedCopy_Always_Returns_An_HttpMessageBuffer" computerName="GBLOCK-3-17" duration="00:00:00.0024466" startTime="2011-04-14T00:54:19.8625878-07:00" endTime="2011-04-14T00:54:19.8675883-07:00" testType="13cdc9d9-ddb5-4fa4-a97d-d965ccfc6d4b" outcome="Passed" testListId="8c84fa94-04c1-424b-9868-57a2d4851a1d" relativeResultsDirectory="9afb2ee5-9eba-450b-af2b-a070a6113937">
    </UnitTestResult>
    <UnitTestResult executionId="7ff2764c-0419-4a84-803d-cc1ab1588f63" testId="ff35a6f4-4735-15c6-6341-d9e099504b7b" testName="GetBodyAttribute_Throws" computerName="GBLOCK-3-17" duration="00:00:00.0011998" startTime="2011-04-14T00:54:19.8685884-07:00" endTime="2011-04-14T00:54:19.8785894-07:00" testType="13cdc9d9-ddb5-4fa4-a97d-d965ccfc6d4b" outcome="Passed" testListId="8c84fa94-04c1-424b-9868-57a2d4851a1d" relativeResultsDirectory="7ff2764c-0419-4a84-803d-cc1ab1588f63">
    </UnitTestResult>
    <UnitTestResult executionId="24f50a17-a4b3-4705-82df-ef4bb9967da8" testId="4d33b853-9410-bbb0-e766-800836b432fe" testName="GetReaderAtBodyContents_Throws" computerName="GBLOCK-3-17" duration="00:00:00.0021849" startTime="2011-04-14T00:54:19.8805896-07:00" endTime="2011-04-14T00:54:19.8835899-07:00" testType="13cdc9d9-ddb5-4fa4-a97d-d965ccfc6d4b" outcome="Passed" testListId="8c84fa94-04c1-424b-9868-57a2d4851a1d" relativeResultsDirectory="24f50a17-a4b3-4705-82df-ef4bb9967da8">
    </UnitTestResult>
    <UnitTestResult executionId="33bc1d4b-5dcc-4ba2-a252-56820ea85556" testId="43c682d3-287d-8f99-bb9c-4a5ca66cb499" testName="Headers_Count_Is_Zero_By_Default" computerName="GBLOCK-3-17" duration="00:00:00.0017006" startTime="2011-04-14T00:54:19.8855901-07:00" endTime="2011-04-14T00:54:19.8875903-07:00" testType="13cdc9d9-ddb5-4fa4-a97d-d965ccfc6d4b" outcome="Passed" testListId="8c84fa94-04c1-424b-9868-57a2d4851a1d" relativeResultsDirectory="33bc1d4b-5dcc-4ba2-a252-56820ea85556">
    </UnitTestResult>
    <UnitTestResult executionId="20782f28-d034-48d3-86e1-bfe83f40c79a" testId="544ad0dd-d547-58b2-4b7c-43062fd7325e" testName="Headers_Is_Never_Null" computerName="GBLOCK-3-17" duration="00:00:00.0003476" startTime="2011-04-14T00:54:19.8895905-07:00" endTime="2011-04-14T00:54:19.8915907-07:00" testType="13cdc9d9-ddb5-4fa4-a97d-d965ccfc6d4b" outcome="Passed" testListId="8c84fa94-04c1-424b-9868-57a2d4851a1d" relativeResultsDirectory="20782f28-d034-48d3-86e1-bfe83f40c79a">
    </UnitTestResult>
    <UnitTestResult executionId="e4a9c60c-3454-463e-b70a-b1c7197b5aa5" testId="83a96be2-53a9-8f59-e944-26fbd4d1c143" testName="Headers_MessageVersion_Is_Always_None" computerName="GBLOCK-3-17" duration="00:00:00.0003864" startTime="2011-04-14T00:54:19.8935909-07:00" endTime="2011-04-14T00:54:19.8955911-07:00" testType="13cdc9d9-ddb5-4fa4-a97d-d965ccfc6d4b" outcome="Passed" testListId="8c84fa94-04c1-424b-9868-57a2d4851a1d" relativeResultsDirectory="e4a9c60c-3454-463e-b70a-b1c7197b5aa5">
    </UnitTestResult>
    <UnitTestResult executionId="cd4999c1-85e7-4a93-a77f-7b66926c357e" testId="e668e451-47a3-6c7d-84d9-ca3aa87d8af0" testName="HttpMessage_Constructor_Takes_An_HttpRequestMessage" computerName="GBLOCK-3-17" duration="00:00:00.0013061" startTime="2011-04-14T00:54:19.8965912-07:00" endTime="2011-04-14T00:54:19.8995915-07:00" testType="13cdc9d9-ddb5-4fa4-a97d-d965ccfc6d4b" outcome="Passed" testListId="8c84fa94-04c1-424b-9868-57a2d4851a1d" relativeResultsDirectory="cd4999c1-85e7-4a93-a77f-7b66926c357e">
    </UnitTestResult>
    <UnitTestResult executionId="55b706cc-dab6-40b2-b47c-e821b3cd46ee" testId="94606250-9ee3-4156-4029-96b736c48c27" testName="HttpMessage_Constructor_Takes_An_HttpResponseMessage" computerName="GBLOCK-3-17" duration="00:00:00.0013700" startTime="2011-04-14T00:54:19.9005916-07:00" endTime="2011-04-14T00:54:19.9025918-07:00" testType="13cdc9d9-ddb5-4fa4-a97d-d965ccfc6d4b" outcome="Passed" testListId="8c84fa94-04c1-424b-9868-57a2d4851a1d" relativeResultsDirectory="55b706cc-dab6-40b2-b47c-e821b3cd46ee">
    </UnitTestResult>
    <UnitTestResult executionId="f737d8e6-edbd-4307-ad05-c7620a7a98da" testId="6e556b87-c9d7-da12-e7a3-a27d3759ab46" testName="HttpMessage_Is_An_Internal_Non_Abstract_Class" computerName="GBLOCK-3-17" duration="00:00:00.0007891" startTime="2011-04-14T00:54:19.9065922-07:00" endTime="2011-04-14T00:54:19.9085924-07:00" testType="13cdc9d9-ddb5-4fa4-a97d-d965ccfc6d4b" outcome="Passed" testListId="8c84fa94-04c1-424b-9868-57a2d4851a1d" relativeResultsDirectory="f737d8e6-edbd-4307-ad05-c7620a7a98da">
    </UnitTestResult>
    <UnitTestResult executionId="f18a7eb3-c5e2-4e77-a0a4-1baf8e9430b8" testId="71d50a3c-e53a-31fd-17c2-8385ce3b92a4" testName="IsEmpty_Is_False_When_HttpContent_Length_Is_Not_Zero" computerName="GBLOCK-3-17" duration="00:00:00.0015020" startTime="2011-04-14T00:54:19.9135929-07:00" endTime="2011-04-14T00:54:19.9155931-07:00" testType="13cdc9d9-ddb5-4fa4-a97d-d965ccfc6d4b" outcome="Passed" testListId="8c84fa94-04c1-424b-9868-57a2d4851a1d" relativeResultsDirectory="f18a7eb3-c5e2-4e77-a0a4-1baf8e9430b8">
    </UnitTestResult>
    <UnitTestResult executionId="d85e1ed4-2183-4f6c-92e2-036f65f7a4e3" testId="0dc4cecb-3bbd-7abb-e148-184e39ff8546" testName="IsEmpty_Is_False_When_HttpContent_Length_Is_Unknown" computerName="GBLOCK-3-17" duration="00:00:00.0017553" startTime="2011-04-14T00:54:19.9185934-07:00" endTime="2011-04-14T00:54:19.9305946-07:00" testType="13cdc9d9-ddb5-4fa4-a97d-d965ccfc6d4b" outcome="Passed" testListId="8c84fa94-04c1-424b-9868-57a2d4851a1d" relativeResultsDirectory="d85e1ed4-2183-4f6c-92e2-036f65f7a4e3">
    </UnitTestResult>
    <UnitTestResult executionId="37a1f6a8-3889-480d-9288-2e6413497c95" testId="d1113782-b08f-d31c-95cd-342a64f91636" testName="IsEmpty_Is_True_When_HttpContent_Is_Null" computerName="GBLOCK-3-17" duration="00:00:00.0011371" startTime="2011-04-14T00:54:19.9315947-07:00" endTime="2011-04-14T00:54:19.9415957-07:00" testType="13cdc9d9-ddb5-4fa4-a97d-d965ccfc6d4b" outcome="Passed" testListId="8c84fa94-04c1-424b-9868-57a2d4851a1d" relativeResultsDirectory="37a1f6a8-3889-480d-9288-2e6413497c95">
    </UnitTestResult>
    <UnitTestResult executionId="7e4a9cc9-18f5-4009-b600-4245f2cd8413" testId="424b45ef-ec1b-7078-4747-b85d4afba27e" testName="IsEmpty_Is_True_When_HttpContent_Length_Is_Zero" computerName="GBLOCK-3-17" duration="00:00:00.0009654" startTime="2011-04-14T00:54:19.9435959-07:00" endTime="2011-04-14T00:54:19.9525968-07:00" testType="13cdc9d9-ddb5-4fa4-a97d-d965ccfc6d4b" outcome="Passed" testListId="8c84fa94-04c1-424b-9868-57a2d4851a1d" relativeResultsDirectory="7e4a9cc9-18f5-4009-b600-4245f2cd8413">
    </UnitTestResult>
    <UnitTestResult executionId="b3f8ab4b-73e7-45a1-882c-d0ec55920c32" testId="d4fbccde-6e55-c19f-cfaa-192dc55ba328" testName="IsFault_Is_False" computerName="GBLOCK-3-17" duration="00:00:00.0009792" startTime="2011-04-14T00:54:19.9545970-07:00" endTime="2011-04-14T00:54:19.9645980-07:00" testType="13cdc9d9-ddb5-4fa4-a97d-d965ccfc6d4b" outcome="Passed" testListId="8c84fa94-04c1-424b-9868-57a2d4851a1d" relativeResultsDirectory="b3f8ab4b-73e7-45a1-882c-d0ec55920c32">
    </UnitTestResult>
    <UnitTestResult executionId="3e5b6dea-43e1-407f-b012-c995e59b08ca" testId="1fd5eab2-834a-a4b3-c824-bcbf361d257f" testName="IsRequest_Is_False_If_HttpResponseMessage_Constructor_Was_Used" computerName="GBLOCK-3-17" duration="00:00:00.0036681" startTime="2011-04-14T00:54:19.9665982-07:00" endTime="2011-04-14T00:54:20.0106026-07:00" testType="13cdc9d9-ddb5-4fa4-a97d-d965ccfc6d4b" outcome="Passed" testListId="8c84fa94-04c1-424b-9868-57a2d4851a1d" relativeResultsDirectory="3e5b6dea-43e1-407f-b012-c995e59b08ca">
    </UnitTestResult>
    <UnitTestResult executionId="76d20f37-7085-4f0a-b2eb-e8671a9b3f52" testId="7e8b2995-dc95-4c49-f0b8-3f4492305ec3" testName="IsRequest_Is_True_If_HttpRequestMessage_Constructor_Was_Used" computerName="GBLOCK-3-17" duration="00:00:00.0009423" startTime="2011-04-14T00:54:20.0146030-07:00" endTime="2011-04-14T00:54:20.0256041-07:00" testType="13cdc9d9-ddb5-4fa4-a97d-d965ccfc6d4b" outcome="Passed" testListId="8c84fa94-04c1-424b-9868-57a2d4851a1d" relativeResultsDirectory="76d20f37-7085-4f0a-b2eb-e8671a9b3f52">
    </UnitTestResult>
    <UnitTestResult executionId="74f3271d-0860-4449-b863-ae4bb98dddca" testId="5130026f-6dc9-2f92-4828-8e141ecbbf91" testName="MessageState_Is_Closed_After_Calling_Closed" computerName="GBLOCK-3-17" duration="00:00:00.0040341" startTime="2011-04-14T00:54:20.0276043-07:00" endTime="2011-04-14T00:54:20.0406056-07:00" testType="13cdc9d9-ddb5-4fa4-a97d-d965ccfc6d4b" outcome="Passed" testListId="8c84fa94-04c1-424b-9868-57a2d4851a1d" relativeResultsDirectory="74f3271d-0860-4449-b863-ae4bb98dddca">
    </UnitTestResult>
    <UnitTestResult executionId="2953b689-6bbb-4203-9382-e03083c6ee2d" testId="571704db-fc40-4005-4ffd-7fb0a2b73899" testName="MessageState_Is_Created_After_Creation" computerName="GBLOCK-3-17" duration="00:00:00.0009950" startTime="2011-04-14T00:54:20.0446060-07:00" endTime="2011-04-14T00:54:20.0586074-07:00" testType="13cdc9d9-ddb5-4fa4-a97d-d965ccfc6d4b" outcome="Passed" testListId="8c84fa94-04c1-424b-9868-57a2d4851a1d" relativeResultsDirectory="2953b689-6bbb-4203-9382-e03083c6ee2d">
    </UnitTestResult>
    <UnitTestResult executionId="8549a6f4-2d86-4bda-9c9f-94a933123da3" testId="f04d4a20-40d0-c64e-34c1-35aa9044caaa" testName="MessageVersion_Always_None" computerName="GBLOCK-3-17" duration="00:00:00.0036103" startTime="2011-04-14T00:54:20.0596075-07:00" endTime="2011-04-14T00:54:20.0726088-07:00" testType="13cdc9d9-ddb5-4fa4-a97d-d965ccfc6d4b" outcome="Passed" testListId="8c84fa94-04c1-424b-9868-57a2d4851a1d" relativeResultsDirectory="8549a6f4-2d86-4bda-9c9f-94a933123da3">
    </UnitTestResult>
    <UnitTestResult executionId="2ae049f4-acb6-427e-a4b2-2154b26b3950" testId="914640f3-d39f-d44c-b0a4-b0781eeabfaf" testName="Properties_Has_Only_AllowOutputBatching_MessageProperty" computerName="GBLOCK-3-17" duration="00:00:00.0008268" startTime="2011-04-14T00:54:20.0766092-07:00" endTime="2011-04-14T00:54:20.0856101-07:00" testType="13cdc9d9-ddb5-4fa4-a97d-d965ccfc6d4b" outcome="Passed" testListId="8c84fa94-04c1-424b-9868-57a2d4851a1d" relativeResultsDirectory="2ae049f4-acb6-427e-a4b2-2154b26b3950">
    </UnitTestResult>
    <UnitTestResult executionId="ec06b75b-e3a4-4953-80e3-482f799da6cc" testId="65f989c6-d2a0-e0ae-0be5-c99378eefe76" testName="ToString_With_A_Request_And_Null_HttpContent_Indicates_Zero_Content_Length" computerName="GBLOCK-3-17" duration="00:00:00.0103268" startTime="2011-04-14T00:54:20.0876103-07:00" endTime="2011-04-14T00:54:20.1006116-07:00" testType="13cdc9d9-ddb5-4fa4-a97d-d965ccfc6d4b" outcome="Passed" testListId="8c84fa94-04c1-424b-9868-57a2d4851a1d" relativeResultsDirectory="ec06b75b-e3a4-4953-80e3-482f799da6cc">
    </UnitTestResult>
    <UnitTestResult executionId="8798d4a2-ccfa-4ce7-88ff-fca4747184d8" testId="3f29892c-a378-c081-dbed-3f7f2b204d91" testName="ToString_With_A_Request_And_UnSeekable_HttpContent_Indicates_Unknown_Content_Length" computerName="GBLOCK-3-17" duration="00:00:00.0006120" startTime="2011-04-14T00:54:20.1016117-07:00" endTime="2011-04-14T00:54:20.1056121-07:00" testType="13cdc9d9-ddb5-4fa4-a97d-d965ccfc6d4b" outcome="Passed" testListId="8c84fa94-04c1-424b-9868-57a2d4851a1d" relativeResultsDirectory="8798d4a2-ccfa-4ce7-88ff-fca4747184d8">
    </UnitTestResult>
    <UnitTestResult executionId="0f5e05a2-a4f9-4db4-ac1d-177945e0881f" testId="5e17a9e6-44b8-15a1-2ca5-d0c2b6ab71e5" testName="ToString_With_A_Request_Indicates_Content_Length" computerName="GBLOCK-3-17" duration="00:00:00.0036019" startTime="2011-04-14T00:54:20.1066122-07:00" endTime="2011-04-14T00:54:20.1136129-07:00" testType="13cdc9d9-ddb5-4fa4-a97d-d965ccfc6d4b" outcome="Passed" testListId="8c84fa94-04c1-424b-9868-57a2d4851a1d" relativeResultsDirectory="0f5e05a2-a4f9-4db4-ac1d-177945e0881f">
    </UnitTestResult>
    <UnitTestResult executionId="20492aa8-2724-4caa-a62c-8b9ed5d8d84d" testId="0a7d760e-3fa4-beeb-3b78-b3dc1e563c37" testName="ToString_With_A_Request_Indicates_Zero_Content_Length" computerName="GBLOCK-3-17" duration="00:00:00.0010035" startTime="2011-04-14T00:54:20.1166132-07:00" endTime="2011-04-14T00:54:20.1176133-07:00" testType="13cdc9d9-ddb5-4fa4-a97d-d965ccfc6d4b" outcome="Passed" testListId="8c84fa94-04c1-424b-9868-57a2d4851a1d" relativeResultsDirectory="20492aa8-2724-4caa-a62c-8b9ed5d8d84d">
    </UnitTestResult>
    <UnitTestResult executionId="70875c3c-ebce-40ec-9230-66f40a8eb37c" testId="1ca93926-62aa-c9b0-28ff-4752933080c3" testName="ToString_With_A_Response_And_Null_HttpContent_Indicates_Zero_Content_Length" computerName="GBLOCK-3-17" duration="00:00:00.0005366" startTime="2011-04-14T00:54:20.1196135-07:00" endTime="2011-04-14T00:54:20.1256141-07:00" testType="13cdc9d9-ddb5-4fa4-a97d-d965ccfc6d4b" outcome="Passed" testListId="8c84fa94-04c1-424b-9868-57a2d4851a1d" relativeResultsDirectory="70875c3c-ebce-40ec-9230-66f40a8eb37c">
    </UnitTestResult>
    <UnitTestResult executionId="865fb02a-c5dd-4637-96da-fb9f025880e6" testId="48bf0a0d-36f6-4f2b-36c5-0ac5295e7e91" testName="ToString_With_A_Response_And_UnSeekable_HttpContent_Indicates_Unknown_Content_Length" computerName="GBLOCK-3-17" duration="00:00:00.0016194" startTime="2011-04-14T00:54:20.1276143-07:00" endTime="2011-04-14T00:54:20.1306146-07:00" testType="13cdc9d9-ddb5-4fa4-a97d-d965ccfc6d4b" outcome="Passed" testListId="8c84fa94-04c1-424b-9868-57a2d4851a1d" relativeResultsDirectory="865fb02a-c5dd-4637-96da-fb9f025880e6">
    </UnitTestResult>
    <UnitTestResult executionId="5181da72-626a-4f23-aea8-dd269c1a4729" testId="2be80daf-71aa-c475-0ff1-fd74111d039f" testName="ToString_With_A_Response_Indicates_Content_Length" computerName="GBLOCK-3-17" duration="00:00:00.0015397" startTime="2011-04-14T00:54:20.1316147-07:00" endTime="2011-04-14T00:54:20.1346150-07:00" testType="13cdc9d9-ddb5-4fa4-a97d-d965ccfc6d4b" outcome="Passed" testListId="8c84fa94-04c1-424b-9868-57a2d4851a1d" relativeResultsDirectory="5181da72-626a-4f23-aea8-dd269c1a4729">
    </UnitTestResult>
    <UnitTestResult executionId="52dc04fd-4ad9-41fb-88a4-e9efdd7855e3" testId="18c4f443-97e4-ec66-4b8a-62d1527ddd74" testName="ToString_With_A_Response_Indicates_Zero_Content_Length" computerName="GBLOCK-3-17" duration="00:00:00.0016583" startTime="2011-04-14T00:54:20.1356151-07:00" endTime="2011-04-14T00:54:20.1386154-07:00" testType="13cdc9d9-ddb5-4fa4-a97d-d965ccfc6d4b" outcome="Passed" testListId="8c84fa94-04c1-424b-9868-57a2d4851a1d" relativeResultsDirectory="52dc04fd-4ad9-41fb-88a4-e9efdd7855e3">
    </UnitTestResult>
    <UnitTestResult executionId="02e4b7e2-2082-42b7-86fc-00a8ef11f641" testId="fc20431a-a1b8-4b85-39d1-192058f146f9" testName="WriteBody_Throws" computerName="GBLOCK-3-17" duration="00:00:00.0022642" startTime="2011-04-14T00:54:20.1396155-07:00" endTime="2011-04-14T00:54:20.1436159-07:00" testType="13cdc9d9-ddb5-4fa4-a97d-d965ccfc6d4b" outcome="Passed" testListId="8c84fa94-04c1-424b-9868-57a2d4851a1d" relativeResultsDirectory="02e4b7e2-2082-42b7-86fc-00a8ef11f641">
    </UnitTestResult>
    <UnitTestResult executionId="21531db8-7baa-4ce7-a97c-b1a005170e0b" testId="9fe40d44-bc24-10b2-fb13-9a44229089a8" testName="WriteBodyContents_Throws" computerName="GBLOCK-3-17" duration="00:00:00.0030083" startTime="2011-04-14T00:54:20.1446160-07:00" endTime="2011-04-14T00:54:20.1486164-07:00" testType="13cdc9d9-ddb5-4fa4-a97d-d965ccfc6d4b" outcome="Passed" testListId="8c84fa94-04c1-424b-9868-57a2d4851a1d" relativeResultsDirectory="21531db8-7baa-4ce7-a97c-b1a005170e0b">
    </UnitTestResult>
    <UnitTestResult executionId="5cfdfa6a-eb6b-4d24-aa52-a5ad6d7abb5a" testId="97e299e7-c618-e93c-6f65-6fb2a9e2c8ce" testName="WriteMessage_Throws" computerName="GBLOCK-3-17" duration="00:00:00.0016244" startTime="2011-04-14T00:54:20.1506166-07:00" endTime="2011-04-14T00:54:20.1526168-07:00" testType="13cdc9d9-ddb5-4fa4-a97d-d965ccfc6d4b" outcome="Passed" testListId="8c84fa94-04c1-424b-9868-57a2d4851a1d" relativeResultsDirectory="5cfdfa6a-eb6b-4d24-aa52-a5ad6d7abb5a">
    </UnitTestResult>
    <UnitTestResult executionId="eeeb3036-d43d-4552-be29-c716e288e63f" testId="7993a37d-e355-b307-709d-b98bef58a948" testName="WriteStartBody_Throws" computerName="GBLOCK-3-17" duration="00:00:00.0006105" startTime="2011-04-14T00:54:20.1546170-07:00" endTime="2011-04-14T00:54:20.1566172-07:00" testType="13cdc9d9-ddb5-4fa4-a97d-d965ccfc6d4b" outcome="Passed" testListId="8c84fa94-04c1-424b-9868-57a2d4851a1d" relativeResultsDirectory="eeeb3036-d43d-4552-be29-c716e288e63f">
    </UnitTestResult>
    <UnitTestResult executionId="2c61e2dd-9b22-4ed4-953a-9db6296800db" testId="7cfeff55-3a98-e856-c6a4-b5fd093a395c" testName="WriteStartEnvelope_Throws" computerName="GBLOCK-3-17" duration="00:00:00.0014739" startTime="2011-04-14T00:54:20.1586174-07:00" endTime="2011-04-14T00:54:20.1616177-07:00" testType="13cdc9d9-ddb5-4fa4-a97d-d965ccfc6d4b" outcome="Passed" testListId="8c84fa94-04c1-424b-9868-57a2d4851a1d" relativeResultsDirectory="2c61e2dd-9b22-4ed4-953a-9db6296800db">
    </UnitTestResult>
    <UnitTestResult executionId="918abb2b-d4e8-40b7-bb3b-4dcfc5a3c6d3" testId="325ae9ca-93a7-7cf9-ec74-78b660286130" testName="Behavior_Bad_HttpOperationHandlerFactory_Throws" computerName="GBLOCK-3-17" duration="00:00:00.0039025" startTime="2011-04-14T00:54:20.1636179-07:00" endTime="2011-04-14T00:54:20.1696185-07:00" testType="13cdc9d9-ddb5-4fa4-a97d-d965ccfc6d4b" outcome="Passed" testListId="8c84fa94-04c1-424b-9868-57a2d4851a1d" relativeResultsDirectory="918abb2b-d4e8-40b7-bb3b-4dcfc5a3c6d3">
    </UnitTestResult>
    <UnitTestResult executionId="51e83083-258a-4aa4-a8da-cb6de9774d67" testId="3e4bdbbe-bf31-93e9-f40e-5dc5e43a1565" testName="Behavior_Configured_Behavior_From_Host" computerName="GBLOCK-3-17" duration="00:00:00.0358619" startTime="2011-04-14T00:54:20.1706186-07:00" endTime="2011-04-14T00:54:20.2086224-07:00" testType="13cdc9d9-ddb5-4fa4-a97d-d965ccfc6d4b" outcome="Failed" testListId="8c84fa94-04c1-424b-9868-57a2d4851a1d" relativeResultsDirectory="51e83083-258a-4aa4-a8da-cb6de9774d67">
      <Output>
        <ErrorInfo>
          <Message>Test method Microsoft.ApplicationServer.Http.Configuration.HttpBehaviorElementTests.Behavior_Configured_Behavior_From_Host threw exception: 
System.IO.FileNotFoundException: The config test can not be executed because the config file 'Microsoft.ApplicationServer.Http.CIT.Unit.ConfiguredHttpBehaviorWithServiceTest.config' was not found.</Message>
          <StackTrace>    at Microsoft.ApplicationServer.Common.Test.ConfigAssert.GetConfigFilePath(String configName) in F:\advisorsrepo\wcfhttp\Http\Test\Microsoft.ApplicationServer.Common.MSTestUtilities\Microsoft\ApplicationServer\Common\Test\ConfigAssert.cs:line 90
   at Microsoft.ApplicationServer.Common.Test.ConfigAssert.CreateAppDomainSetup(String configName) in F:\advisorsrepo\wcfhttp\Http\Test\Microsoft.ApplicationServer.Common.MSTestUtilities\Microsoft\ApplicationServer\Common\Test\ConfigAssert.cs:line 70
   at Microsoft.ApplicationServer.Common.Test.ConfigAssert.Execute(String configFileName, Action codeUnderTest) in F:\advisorsrepo\wcfhttp\Http\Test\Microsoft.ApplicationServer.Common.MSTestUtilities\Microsoft\ApplicationServer\Common\Test\ConfigAssert.cs:line 38
   at Microsoft.ApplicationServer.Http.Configuration.HttpBehaviorElementTests.Behavior_Configured_Behavior_From_Host() in F:\advisorsrepo\wcfhttp\Http\Test\Microsoft.ApplicationServer.Http\Unit\Microsoft\ApplicationServer\Http\Configuration\HttpBehaviorElementTests.cs:line 119
</StackTrace>
        </ErrorInfo>
      </Output>
    </UnitTestResult>
    <UnitTestResult executionId="3286da72-1433-4796-8b2f-bb671f1ca46f" testId="ce675a86-ae7e-e921-efa9-89fa2908909c" testName="Behavior_Element_From_Config_Directly" computerName="GBLOCK-3-17" duration="00:00:00.0025791" startTime="2011-04-14T00:54:20.2106226-07:00" endTime="2011-04-14T00:54:20.2206236-07:00" testType="13cdc9d9-ddb5-4fa4-a97d-d965ccfc6d4b" outcome="Failed" testListId="8c84fa94-04c1-424b-9868-57a2d4851a1d" relativeResultsDirectory="3286da72-1433-4796-8b2f-bb671f1ca46f">
      <Output>
        <ErrorInfo>
          <Message>Test method Microsoft.ApplicationServer.Http.Configuration.HttpBehaviorElementTests.Behavior_Element_From_Config_Directly threw exception: 
System.IO.FileNotFoundException: The config test can not be executed because the config file 'Microsoft.ApplicationServer.Http.CIT.Unit.ConfiguredHttpBehaviorTest.config' was not found.</Message>
          <StackTrace>    at Microsoft.ApplicationServer.Common.Test.ConfigAssert.GetConfigFilePath(String configName) in F:\advisorsrepo\wcfhttp\Http\Test\Microsoft.ApplicationServer.Common.MSTestUtilities\Microsoft\ApplicationServer\Common\Test\ConfigAssert.cs:line 90
   at Microsoft.ApplicationServer.Common.Test.ConfigAssert.CreateAppDomainSetup(String configName) in F:\advisorsrepo\wcfhttp\Http\Test\Microsoft.ApplicationServer.Common.MSTestUtilities\Microsoft\ApplicationServer\Common\Test\ConfigAssert.cs:line 70
   at Microsoft.ApplicationServer.Common.Test.ConfigAssert.Execute(String configFileName, Action codeUnderTest) in F:\advisorsrepo\wcfhttp\Http\Test\Microsoft.ApplicationServer.Common.MSTestUtilities\Microsoft\ApplicationServer\Common\Test\ConfigAssert.cs:line 38
   at Microsoft.ApplicationServer.Http.Configuration.HttpBehaviorElementTests.Behavior_Element_From_Config_Directly() in F:\advisorsrepo\wcfhttp\Http\Test\Microsoft.ApplicationServer.Http\Unit\Microsoft\ApplicationServer\Http\Configuration\HttpBehaviorElementTests.cs:line 93
</StackTrace>
        </ErrorInfo>
      </Output>
    </UnitTestResult>
    <UnitTestResult executionId="c1ecc1f1-615a-44a4-b182-2b218aa11ba7" testId="bdcb0398-411a-d3f0-9082-cb1a2fd28dd8" testName="HttpBehaviorElement_Ctor_Initializes_All_Properties" computerName="GBLOCK-3-17" duration="00:00:00.0060066" startTime="2011-04-14T00:54:20.2226238-07:00" endTime="2011-04-14T00:54:20.2296245-07:00" testType="13cdc9d9-ddb5-4fa4-a97d-d965ccfc6d4b" outcome="Passed" testListId="8c84fa94-04c1-424b-9868-57a2d4851a1d" relativeResultsDirectory="c1ecc1f1-615a-44a4-b182-2b218aa11ba7">
    </UnitTestResult>
    <UnitTestResult executionId="2b3ebbbd-287b-422a-8dcc-0b3b8a1194bd" testId="763d3b3b-fc9d-20b6-5051-3b6750ff34cd" testName="HttpBehaviorElement_Set_Properties" computerName="GBLOCK-3-17" duration="00:00:00.0017295" startTime="2011-04-14T00:54:20.2316247-07:00" endTime="2011-04-14T00:54:20.2346250-07:00" testType="13cdc9d9-ddb5-4fa4-a97d-d965ccfc6d4b" outcome="Passed" testListId="8c84fa94-04c1-424b-9868-57a2d4851a1d" relativeResultsDirectory="2b3ebbbd-287b-422a-8dcc-0b3b8a1194bd">
    </UnitTestResult>
    <UnitTestResult executionId="2268d891-48e2-4326-80fc-7742540c03ce" testId="b68548a5-be45-f748-a799-dad14887e347" testName="HttpBinding_Correctly_Configured_With_Empty_Name_Configuration" computerName="GBLOCK-3-17" duration="00:00:00.0016406" startTime="2011-04-14T00:54:20.2366252-07:00" endTime="2011-04-14T00:54:20.2396255-07:00" testType="13cdc9d9-ddb5-4fa4-a97d-d965ccfc6d4b" outcome="Failed" testListId="8c84fa94-04c1-424b-9868-57a2d4851a1d" relativeResultsDirectory="2268d891-48e2-4326-80fc-7742540c03ce">
      <Output>
        <ErrorInfo>
          <Message>Test method Microsoft.ApplicationServer.Http.Configuration.HttpBindingElementTests.HttpBinding_Correctly_Configured_With_Empty_Name_Configuration threw exception: 
System.IO.FileNotFoundException: The config test can not be executed because the config file 'Microsoft.ApplicationServer.Http.CIT.Unit.ConfiguredHttpBindingTest.config' was not found.</Message>
          <StackTrace>    at Microsoft.ApplicationServer.Common.Test.ConfigAssert.GetConfigFilePath(String configName) in F:\advisorsrepo\wcfhttp\Http\Test\Microsoft.ApplicationServer.Common.MSTestUtilities\Microsoft\ApplicationServer\Common\Test\ConfigAssert.cs:line 90
   at Microsoft.ApplicationServer.Common.Test.ConfigAssert.CreateAppDomainSetup(String configName) in F:\advisorsrepo\wcfhttp\Http\Test\Microsoft.ApplicationServer.Common.MSTestUtilities\Microsoft\ApplicationServer\Common\Test\ConfigAssert.cs:line 70
   at Microsoft.ApplicationServer.Common.Test.ConfigAssert.Execute(String configFileName, Action codeUnderTest) in F:\advisorsrepo\wcfhttp\Http\Test\Microsoft.ApplicationServer.Common.MSTestUtilities\Microsoft\ApplicationServer\Common\Test\ConfigAssert.cs:line 38
   at Microsoft.ApplicationServer.Http.Configuration.HttpBindingElementTests.HttpBinding_Correctly_Configured_With_Empty_Name_Configuration() in F:\advisorsrepo\wcfhttp\Http\Test\Microsoft.ApplicationServer.Http\Unit\Microsoft\ApplicationServer\Http\Configuration\HttpBindingElementTests.cs:line 100
</StackTrace>
        </ErrorInfo>
      </Output>
    </UnitTestResult>
    <UnitTestResult executionId="02843821-ba38-4ca7-ae29-f17be4f53e8b" testId="b27b2d1a-1352-9ced-adac-87d1ccf60265" testName="HttpBinding_Correctly_Configured_With_Name_Configuration" computerName="GBLOCK-3-17" duration="00:00:00.0026091" startTime="2011-04-14T00:54:20.2416257-07:00" endTime="2011-04-14T00:54:20.2456261-07:00" testType="13cdc9d9-ddb5-4fa4-a97d-d965ccfc6d4b" outcome="Failed" testListId="8c84fa94-04c1-424b-9868-57a2d4851a1d" relativeResultsDirectory="02843821-ba38-4ca7-ae29-f17be4f53e8b">
      <Output>
        <ErrorInfo>
          <Message>Test method Microsoft.ApplicationServer.Http.Configuration.HttpBindingElementTests.HttpBinding_Correctly_Configured_With_Name_Configuration threw exception: 
System.IO.FileNotFoundException: The config test can not be executed because the config file 'Microsoft.ApplicationServer.Http.CIT.Unit.ConfiguredHttpBindingTest.config' was not found.</Message>
          <StackTrace>    at Microsoft.ApplicationServer.Common.Test.ConfigAssert.GetConfigFilePath(String configName) in F:\advisorsrepo\wcfhttp\Http\Test\Microsoft.ApplicationServer.Common.MSTestUtilities\Microsoft\ApplicationServer\Common\Test\ConfigAssert.cs:line 90
   at Microsoft.ApplicationServer.Common.Test.ConfigAssert.CreateAppDomainSetup(String configName) in F:\advisorsrepo\wcfhttp\Http\Test\Microsoft.ApplicationServer.Common.MSTestUtilities\Microsoft\ApplicationServer\Common\Test\ConfigAssert.cs:line 70
   at Microsoft.ApplicationServer.Common.Test.ConfigAssert.Execute(String configFileName, Action codeUnderTest) in F:\advisorsrepo\wcfhttp\Http\Test\Microsoft.ApplicationServer.Common.MSTestUtilities\Microsoft\ApplicationServer\Common\Test\ConfigAssert.cs:line 38
   at Microsoft.ApplicationServer.Http.Configuration.HttpBindingElementTests.HttpBinding_Correctly_Configured_With_Name_Configuration() in F:\advisorsrepo\wcfhttp\Http\Test\Microsoft.ApplicationServer.Http\Unit\Microsoft\ApplicationServer\Http\Configuration\HttpBindingElementTests.cs:line 76
</StackTrace>
        </ErrorInfo>
      </Output>
    </UnitTestResult>
    <UnitTestResult executionId="7bd32cb6-2d8f-43f0-ac43-93a2bbf64b6b" testId="511e9692-2a58-c85c-cbb0-ea5be5ee4ba4" testName="HttpBinding_Throws_When_No_Binding_Section" computerName="GBLOCK-3-17" duration="00:00:00.0025660" startTime="2011-04-14T00:54:20.2466262-07:00" endTime="2011-04-14T00:54:20.2506266-07:00" testType="13cdc9d9-ddb5-4fa4-a97d-d965ccfc6d4b" outcome="Failed" testListId="8c84fa94-04c1-424b-9868-57a2d4851a1d" relativeResultsDirectory="7bd32cb6-2d8f-43f0-ac43-93a2bbf64b6b">
      <Output>
        <ErrorInfo>
          <Message>Test method Microsoft.ApplicationServer.Http.Configuration.HttpBindingElementTests.HttpBinding_Throws_When_No_Binding_Section threw exception: 
System.IO.FileNotFoundException: The config test can not be executed because the config file 'Microsoft.ApplicationServer.Http.CIT.Unit.EmptyConfigurationTest.config' was not found.</Message>
          <StackTrace>    at Microsoft.ApplicationServer.Common.Test.ConfigAssert.GetConfigFilePath(String configName) in F:\advisorsrepo\wcfhttp\Http\Test\Microsoft.ApplicationServer.Common.MSTestUtilities\Microsoft\ApplicationServer\Common\Test\ConfigAssert.cs:line 90
   at Microsoft.ApplicationServer.Common.Test.ConfigAssert.CreateAppDomainSetup(String configName) in F:\advisorsrepo\wcfhttp\Http\Test\Microsoft.ApplicationServer.Common.MSTestUtilities\Microsoft\ApplicationServer\Common\Test\ConfigAssert.cs:line 70
   at Microsoft.ApplicationServer.Common.Test.ConfigAssert.Execute(String configFileName, Action codeUnderTest) in F:\advisorsrepo\wcfhttp\Http\Test\Microsoft.ApplicationServer.Common.MSTestUtilities\Microsoft\ApplicationServer\Common\Test\ConfigAssert.cs:line 38
   at Microsoft.ApplicationServer.Http.Configuration.HttpBindingElementTests.HttpBinding_Throws_When_No_Binding_Section() in F:\advisorsrepo\wcfhttp\Http\Test\Microsoft.ApplicationServer.Http\Unit\Microsoft\ApplicationServer\Http\Configuration\HttpBindingElementTests.cs:line 127
</StackTrace>
        </ErrorInfo>
      </Output>
    </UnitTestResult>
    <UnitTestResult executionId="89fcb514-9876-4c9f-9dff-336e883c71ff" testId="d52da88f-aa20-0f2a-af23-da94faaa863b" testName="HttpBinding_Throws_When_No_Config_File" computerName="GBLOCK-3-17" duration="00:00:00.1528929" startTime="2011-04-14T00:54:20.2516267-07:00" endTime="2011-04-14T00:54:20.4056421-07:00" testType="13cdc9d9-ddb5-4fa4-a97d-d965ccfc6d4b" outcome="Passed" testListId="8c84fa94-04c1-424b-9868-57a2d4851a1d" relativeResultsDirectory="89fcb514-9876-4c9f-9dff-336e883c71ff">
    </UnitTestResult>
    <UnitTestResult executionId="1a9cfbd3-9fae-4a16-b9aa-99c5da51062c" testId="3ad3bb23-49a9-5193-7e55-baf11e3b2ac6" testName="HttpBinding_Throws_With_Unknown_ConfigurationName_Parameter" computerName="GBLOCK-3-17" duration="00:00:00.0010316" startTime="2011-04-14T00:54:20.4076423-07:00" endTime="2011-04-14T00:54:20.4096425-07:00" testType="13cdc9d9-ddb5-4fa4-a97d-d965ccfc6d4b" outcome="Failed" testListId="8c84fa94-04c1-424b-9868-57a2d4851a1d" relativeResultsDirectory="1a9cfbd3-9fae-4a16-b9aa-99c5da51062c">
      <Output>
        <ErrorInfo>
          <Message>Test method Microsoft.ApplicationServer.Http.Configuration.HttpBindingElementTests.HttpBinding_Throws_With_Unknown_ConfigurationName_Parameter threw exception: 
System.IO.FileNotFoundException: The config test can not be executed because the config file 'Microsoft.ApplicationServer.Http.CIT.Unit.ConfiguredHttpBindingTest.config' was not found.</Message>
          <StackTrace>    at Microsoft.ApplicationServer.Common.Test.ConfigAssert.GetConfigFilePath(String configName) in F:\advisorsrepo\wcfhttp\Http\Test\Microsoft.ApplicationServer.Common.MSTestUtilities\Microsoft\ApplicationServer\Common\Test\ConfigAssert.cs:line 90
   at Microsoft.ApplicationServer.Common.Test.ConfigAssert.CreateAppDomainSetup(String configName) in F:\advisorsrepo\wcfhttp\Http\Test\Microsoft.ApplicationServer.Common.MSTestUtilities\Microsoft\ApplicationServer\Common\Test\ConfigAssert.cs:line 70
   at Microsoft.ApplicationServer.Common.Test.ConfigAssert.Execute(String configFileName, Action codeUnderTest) in F:\advisorsrepo\wcfhttp\Http\Test\Microsoft.ApplicationServer.Common.MSTestUtilities\Microsoft\ApplicationServer\Common\Test\ConfigAssert.cs:line 38
   at Microsoft.ApplicationServer.Http.Configuration.HttpBindingElementTests.HttpBinding_Throws_With_Unknown_ConfigurationName_Parameter() in F:\advisorsrepo\wcfhttp\Http\Test\Microsoft.ApplicationServer.Http\Unit\Microsoft\ApplicationServer\Http\Configuration\HttpBindingElementTests.cs:line 57
</StackTrace>
        </ErrorInfo>
      </Output>
    </UnitTestResult>
    <UnitTestResult executionId="a8ab33cf-d0b1-465f-a702-9280b4b053d6" testId="88c376f6-0c3d-a7fe-d317-e6fa4fa1adc6" testName="HttpBindingElement_Ctor_Initializes_All_Properties" computerName="GBLOCK-3-17" duration="00:00:00.0107907" startTime="2011-04-14T00:54:20.4116427-07:00" endTime="2011-04-14T00:54:20.4236439-07:00" testType="13cdc9d9-ddb5-4fa4-a97d-d965ccfc6d4b" outcome="Passed" testListId="8c84fa94-04c1-424b-9868-57a2d4851a1d" relativeResultsDirectory="a8ab33cf-d0b1-465f-a702-9280b4b053d6">
    </UnitTestResult>
    <UnitTestResult executionId="72357909-417c-4c1e-a88a-bfa23838946f" testId="84d364d0-5bca-5ab4-90ce-39efe235e764" testName="Endpoint_Configured_Endpoint_From_ServiceHost" computerName="GBLOCK-3-17" duration="00:00:00.0018354" startTime="2011-04-14T00:54:20.4256441-07:00" endTime="2011-04-14T00:54:20.4406456-07:00" testType="13cdc9d9-ddb5-4fa4-a97d-d965ccfc6d4b" outcome="Failed" testListId="8c84fa94-04c1-424b-9868-57a2d4851a1d" relativeResultsDirectory="72357909-417c-4c1e-a88a-bfa23838946f">
      <Output>
        <ErrorInfo>
          <Message>Test method Microsoft.ApplicationServer.Http.Configuration.HttpEndpointElementTests.Endpoint_Configured_Endpoint_From_ServiceHost threw exception: 
System.IO.FileNotFoundException: The config test can not be executed because the config file 'Microsoft.ApplicationServer.Http.CIT.Unit.ConfiguredHttpEndpointWithServiceTest.config' was not found.</Message>
          <StackTrace>    at Microsoft.ApplicationServer.Common.Test.ConfigAssert.GetConfigFilePath(String configName) in F:\advisorsrepo\wcfhttp\Http\Test\Microsoft.ApplicationServer.Common.MSTestUtilities\Microsoft\ApplicationServer\Common\Test\ConfigAssert.cs:line 90
   at Microsoft.ApplicationServer.Common.Test.ConfigAssert.CreateAppDomainSetup(String configName) in F:\advisorsrepo\wcfhttp\Http\Test\Microsoft.ApplicationServer.Common.MSTestUtilities\Microsoft\ApplicationServer\Common\Test\ConfigAssert.cs:line 70
   at Microsoft.ApplicationServer.Common.Test.ConfigAssert.Execute(String configFileName, Action codeUnderTest) in F:\advisorsrepo\wcfhttp\Http\Test\Microsoft.ApplicationServer.Common.MSTestUtilities\Microsoft\ApplicationServer\Common\Test\ConfigAssert.cs:line 38
   at Microsoft.ApplicationServer.Http.Configuration.HttpEndpointElementTests.Endpoint_Configured_Endpoint_From_ServiceHost() in F:\advisorsrepo\wcfhttp\Http\Test\Microsoft.ApplicationServer.Http\Unit\Microsoft\ApplicationServer\Http\Configuration\HttpEndpointElementTests.cs:line 200
</StackTrace>
        </ErrorInfo>
      </Output>
    </UnitTestResult>
    <UnitTestResult executionId="f819ded7-71bc-422f-be8f-c4ff2adefbd4" testId="4f582fb5-2aaf-57c4-7968-be1184feb8d0" testName="Endpoint_Ctor_Initializes_All_Properties" computerName="GBLOCK-3-17" duration="00:00:00.0039822" startTime="2011-04-14T00:54:20.4416457-07:00" endTime="2011-04-14T00:54:20.4586474-07:00" testType="13cdc9d9-ddb5-4fa4-a97d-d965ccfc6d4b" outcome="Passed" testListId="8c84fa94-04c1-424b-9868-57a2d4851a1d" relativeResultsDirectory="f819ded7-71bc-422f-be8f-c4ff2adefbd4">
    </UnitTestResult>
    <UnitTestResult executionId="d098752a-dd53-4ed8-81a4-f0ea41fd86d7" testId="2987baf2-2795-e381-86f8-c9d267e27923" testName="Endpoint_Set_Properties" computerName="GBLOCK-3-17" duration="00:00:00.0023142" startTime="2011-04-14T00:54:20.4606476-07:00" endTime="2011-04-14T00:54:20.4646480-07:00" testType="13cdc9d9-ddb5-4fa4-a97d-d965ccfc6d4b" outcome="Passed" testListId="8c84fa94-04c1-424b-9868-57a2d4851a1d" relativeResultsDirectory="d098752a-dd53-4ed8-81a4-f0ea41fd86d7">
    </UnitTestResult>
    <UnitTestResult executionId="44e4f5a8-e7ad-4cf9-9919-f811bba652f8" testId="5bb6e73d-ef14-e1dd-5f2b-e24afba033ac" testName="Endpoint_Throws_OnApplyConfiguration_Client" computerName="GBLOCK-3-17" duration="00:00:00.0890456" startTime="2011-04-14T00:54:20.4666482-07:00" endTime="2011-04-14T00:54:20.5576573-07:00" testType="13cdc9d9-ddb5-4fa4-a97d-d965ccfc6d4b" outcome="Passed" testListId="8c84fa94-04c1-424b-9868-57a2d4851a1d" relativeResultsDirectory="44e4f5a8-e7ad-4cf9-9919-f811bba652f8">
    </UnitTestResult>
    <UnitTestResult executionId="3d098253-2aba-4ddd-95ed-c90091092321" testId="ac82bf2b-dbbb-e9d7-b49f-d0d06e3ba4c3" testName="Endpoint_Throws_OnInitializeAndValidate_Client" computerName="GBLOCK-3-17" duration="00:00:00.0017253" startTime="2011-04-14T00:54:20.5586574-07:00" endTime="2011-04-14T00:54:20.5626578-07:00" testType="13cdc9d9-ddb5-4fa4-a97d-d965ccfc6d4b" outcome="Passed" testListId="8c84fa94-04c1-424b-9868-57a2d4851a1d" relativeResultsDirectory="3d098253-2aba-4ddd-95ed-c90091092321">
    </UnitTestResult>
    <UnitTestResult executionId="969afd3f-0d91-4385-a95e-59f221dc740b" testId="90a89489-cfa7-bfdf-0010-f07d36ee4ad3" testName="Endpoint_Throws_OnInitializeAndValidate_Wrong_Binding" computerName="GBLOCK-3-17" duration="00:00:00.0056109" startTime="2011-04-14T00:54:20.5646580-07:00" endTime="2011-04-14T00:54:20.5716587-07:00" testType="13cdc9d9-ddb5-4fa4-a97d-d965ccfc6d4b" outcome="Passed" testListId="8c84fa94-04c1-424b-9868-57a2d4851a1d" relativeResultsDirectory="969afd3f-0d91-4385-a95e-59f221dc740b">
    </UnitTestResult>
    <UnitTestResult executionId="af95c717-b49f-4cc6-b31e-b42987166a2d" testId="e09c9f04-900a-23b7-df62-7ea1ba1da51a" testName="HttpTransportSecurityElement_ApplyConfiguration" computerName="GBLOCK-3-17" duration="00:00:00.0071148" startTime="2011-04-14T00:54:20.5736589-07:00" endTime="2011-04-14T00:54:20.5866602-07:00" testType="13cdc9d9-ddb5-4fa4-a97d-d965ccfc6d4b" outcome="Passed" testListId="8c84fa94-04c1-424b-9868-57a2d4851a1d" relativeResultsDirectory="af95c717-b49f-4cc6-b31e-b42987166a2d">
    </UnitTestResult>
    <UnitTestResult executionId="d944f377-6c75-45bb-a921-b9464f55f50c" testId="c4da800f-f26c-aa84-eeb0-04e6a07fb9b2" testName="HttpTransportSecurityElement_InitializeFrom" computerName="GBLOCK-3-17" duration="00:00:00.0042551" startTime="2011-04-14T00:54:20.5886604-07:00" endTime="2011-04-14T00:54:20.5936609-07:00" testType="13cdc9d9-ddb5-4fa4-a97d-d965ccfc6d4b" outcome="Passed" testListId="8c84fa94-04c1-424b-9868-57a2d4851a1d" relativeResultsDirectory="d944f377-6c75-45bb-a921-b9464f55f50c">
    </UnitTestResult>
    <UnitTestResult executionId="9858fa63-1209-4f28-b837-6134cedfaf5a" testId="9488f653-be28-3f7a-8f4a-8d3bba0d78f0" testName="HttpTransportSecurity_ConfigureTransportAuthentication" computerName="GBLOCK-3-17" duration="00:00:00.0034956" startTime="2011-04-14T00:54:20.5946610-07:00" endTime="2011-04-14T00:54:20.6016617-07:00" testType="13cdc9d9-ddb5-4fa4-a97d-d965ccfc6d4b" outcome="Passed" testListId="8c84fa94-04c1-424b-9868-57a2d4851a1d" relativeResultsDirectory="9858fa63-1209-4f28-b837-6134cedfaf5a">
    </UnitTestResult>
    <UnitTestResult executionId="3a261ff1-e993-4891-8777-404f00828be8" testId="4cf8cc15-eccc-d3ac-a35f-e6879875f4f2" testName="HttpTransportSecurity_ConfigureTransportAuthentication_Https" computerName="GBLOCK-3-17" duration="00:00:00.0005558" startTime="2011-04-14T00:54:20.6026618-07:00" endTime="2011-04-14T00:54:20.6056621-07:00" testType="13cdc9d9-ddb5-4fa4-a97d-d965ccfc6d4b" outcome="Passed" testListId="8c84fa94-04c1-424b-9868-57a2d4851a1d" relativeResultsDirectory="3a261ff1-e993-4891-8777-404f00828be8">
    </UnitTestResult>
    <UnitTestResult executionId="0b0d6159-bda4-459a-9599-35366879ecc6" testId="36d995a4-8945-ee86-c178-92dbfff43975" testName="HttpTransportSecurity_DisableTransportAuthentication" computerName="GBLOCK-3-17" duration="00:00:00.0010662" startTime="2011-04-14T00:54:20.6066622-07:00" endTime="2011-04-14T00:54:20.6096625-07:00" testType="13cdc9d9-ddb5-4fa4-a97d-d965ccfc6d4b" outcome="Passed" testListId="8c84fa94-04c1-424b-9868-57a2d4851a1d" relativeResultsDirectory="0b0d6159-bda4-459a-9599-35366879ecc6">
    </UnitTestResult>
    <UnitTestResult executionId="61d121ca-3156-49de-96b4-6a84b98d0045" testId="62c36338-1c34-9acb-ddd9-59d3f105969e" testName="Accept_Header_Overrides_Default_Format" computerName="GBLOCK-3-17" duration="00:00:05.2034735" startTime="2011-04-14T00:54:20.6116627-07:00" endTime="2011-04-14T00:54:25.8171832-07:00" testType="13cdc9d9-ddb5-4fa4-a97d-d965ccfc6d4b" outcome="Passed" testListId="8c84fa94-04c1-424b-9868-57a2d4851a1d" relativeResultsDirectory="61d121ca-3156-49de-96b4-6a84b98d0045">
    </UnitTestResult>
    <UnitTestResult executionId="8815f136-1744-480d-93dd-de67efabdc92" testId="ed4008c6-9eb1-4c8d-1186-9d14e556a74d" testName="Accept_Header_Overrides_Operation_Response_Format" computerName="GBLOCK-3-17" duration="00:00:00.0723868" startTime="2011-04-14T00:54:25.8211836-07:00" endTime="2011-04-14T00:54:25.8941909-07:00" testType="13cdc9d9-ddb5-4fa4-a97d-d965ccfc6d4b" outcome="Failed" testListId="8c84fa94-04c1-424b-9868-57a2d4851a1d" relativeResultsDirectory="8815f136-1744-480d-93dd-de67efabdc92">
      <Output>
        <ErrorInfo>
          <Message>Assert.AreEqual failed. Expected:&lt;&lt;Customer xmlns="http://schemas.datacontract.org/2004/07/Microsoft.ApplicationServer.Common.Test.Services" xmlns:i="http://www.w3.org/2001/XMLSchema-instance"&gt;&lt;Name&gt;SomeName&lt;/Name&gt;&lt;/Customer&gt;&gt;. Actual:&lt;&lt;?xml version="1.0" encoding="utf-8"?&gt;&lt;Customer xmlns:i="http://www.w3.org/2001/XMLSchema-instance" xmlns="http://schemas.datacontract.org/2004/07/Microsoft.ApplicationServer.Common.Test.Services"&gt;&lt;Name&gt;SomeName&lt;/Name&gt;&lt;/Customer&gt;&gt;. The content of the responses should have been the same.</Message>
          <StackTrace>   at Microsoft.ApplicationServer.Common.Test.HttpAssert.AreEqual(HttpResponseMessage expected, HttpResponseMessage actual) in F:\advisorsrepo\wcfhttp\Http\Test\Microsoft.ApplicationServer.Common.MSTestUtilities\Microsoft\ApplicationServer\Common\Test\HttpAssert.cs:line 71
   at Microsoft.ApplicationServer.Http.Description.HttpBehaviorTests.Accept_Header_Overrides_Operation_Response_Format() in F:\advisorsrepo\wcfhttp\Http\Test\Microsoft.ApplicationServer.Http\Unit\Microsoft\ApplicationServer\Http\Description\HttpBehaviorTests.cs:line 557
</StackTrace>
        </ErrorInfo>
      </Output>
    </UnitTestResult>
    <UnitTestResult executionId="4a2a6357-a729-47b1-b127-9b78a12af68b" testId="00ff9294-eeae-5eb0-57ed-feaa3296b163" testName="Accept_Header_Text_Json_Overrides_Default_Format" computerName="GBLOCK-3-17" duration="00:00:00.0025232" startTime="2011-04-14T00:54:25.8971912-07:00" endTime="2011-04-14T00:54:25.9001915-07:00" testType="13cdc9d9-ddb5-4fa4-a97d-d965ccfc6d4b" outcome="Passed" testListId="8c84fa94-04c1-424b-9868-57a2d4851a1d" relativeResultsDirectory="4a2a6357-a729-47b1-b127-9b78a12af68b">
    </UnitTestResult>
    <UnitTestResult executionId="31da9c04-5761-4712-9e93-7e5f07d2cee3" testId="af3df460-b2e4-6173-9aaa-a1e61ab94144" testName="Accept_Header_Text_Xml_Overrides_Operation_Response_Format" computerName="GBLOCK-3-17" duration="00:00:00.0027492" startTime="2011-04-14T00:54:25.9031918-07:00" endTime="2011-04-14T00:54:25.9141929-07:00" testType="13cdc9d9-ddb5-4fa4-a97d-d965ccfc6d4b" outcome="Failed" testListId="8c84fa94-04c1-424b-9868-57a2d4851a1d" relativeResultsDirectory="31da9c04-5761-4712-9e93-7e5f07d2cee3">
      <Output>
        <ErrorInfo>
          <Message>Assert.AreEqual failed. Expected:&lt;&lt;Customer xmlns="http://schemas.datacontract.org/2004/07/Microsoft.ApplicationServer.Common.Test.Services" xmlns:i="http://www.w3.org/2001/XMLSchema-instance"&gt;&lt;Name&gt;SomeName&lt;/Name&gt;&lt;/Customer&gt;&gt;. Actual:&lt;&lt;?xml version="1.0" encoding="utf-8"?&gt;&lt;Customer xmlns:i="http://www.w3.org/2001/XMLSchema-instance" xmlns="http://schemas.datacontract.org/2004/07/Microsoft.ApplicationServer.Common.Test.Services"&gt;&lt;Name&gt;SomeName&lt;/Name&gt;&lt;/Customer&gt;&gt;. The content of the responses should have been the same.</Message>
          <StackTrace>   at Microsoft.ApplicationServer.Common.Test.HttpAssert.AreEqual(HttpResponseMessage expected, HttpResponseMessage actual) in F:\advisorsrepo\wcfhttp\Http\Test\Microsoft.ApplicationServer.Common.MSTestUtilities\Microsoft\ApplicationServer\Common\Test\HttpAssert.cs:line 71
   at Microsoft.ApplicationServer.Http.Description.HttpBehaviorTests.Accept_Header_Text_Xml_Overrides_Operation_Response_Format() in F:\advisorsrepo\wcfhttp\Http\Test\Microsoft.ApplicationServer.Http\Unit\Microsoft\ApplicationServer\Http\Description\HttpBehaviorTests.cs:line 605
</StackTrace>
        </ErrorInfo>
      </Output>
    </UnitTestResult>
    <UnitTestResult executionId="06f9c2cc-98e5-4e9c-9a04-a9679ec4217d" testId="344d1ac9-9419-f322-839b-c1361c8a4204" testName="BackCompatDeserializedAsDataContractInJson" computerName="GBLOCK-3-17" duration="00:00:04.9625150" startTime="2011-04-14T00:54:25.9181933-07:00" endTime="2011-04-14T00:54:30.8816896-07:00" testType="13cdc9d9-ddb5-4fa4-a97d-d965ccfc6d4b" outcome="Passed" testListId="8c84fa94-04c1-424b-9868-57a2d4851a1d" relativeResultsDirectory="06f9c2cc-98e5-4e9c-9a04-a9679ec4217d">
    </UnitTestResult>
    <UnitTestResult executionId="b39b14b8-2ecc-46af-8b6e-fe6ce4b10445" testId="567f9e4e-a35f-8cd4-a272-96d621a9c8bd" testName="BackCompatDeserializedAsDataContractInXml" computerName="GBLOCK-3-17" duration="00:00:06.2909644" startTime="2011-04-14T00:54:30.8846899-07:00" endTime="2011-04-14T00:54:37.1763190-07:00" testType="13cdc9d9-ddb5-4fa4-a97d-d965ccfc6d4b" outcome="Failed" testListId="8c84fa94-04c1-424b-9868-57a2d4851a1d" relativeResultsDirectory="b39b14b8-2ecc-46af-8b6e-fe6ce4b10445">
      <Output>
        <ErrorInfo>
          <Message>Assert.AreEqual failed. Expected:&lt;&lt;int xmlns="http://schemas.microsoft.com/2003/10/Serialization/"&gt;-1&lt;/int&gt;&gt;. Actual:&lt;&lt;?xml version="1.0" encoding="utf-8"?&gt;&lt;int xmlns="http://schemas.microsoft.com/2003/10/Serialization/"&gt;-1&lt;/int&gt;&gt;. The content of the responses should have been the same.</Message>
          <StackTrace>   at Microsoft.ApplicationServer.Common.Test.HttpAssert.AreEqual(HttpResponseMessage expected, HttpResponseMessage actual) in F:\advisorsrepo\wcfhttp\Http\Test\Microsoft.ApplicationServer.Common.MSTestUtilities\Microsoft\ApplicationServer\Common\Test\HttpAssert.cs:line 71
   at Microsoft.ApplicationServer.Common.Test.ServiceHostAssert.&lt;&gt;c__DisplayClass1.&lt;Execute&gt;b__0(HttpResponseMessage actualResponse) in F:\advisorsrepo\wcfhttp\Http\Test\Microsoft.ApplicationServer.Common.MSTestUtilities\Microsoft\ApplicationServer\Common\Test\ServiceHostAssert.cs:line 33
   at Microsoft.ApplicationServer.Common.Test.ServiceHostAssert.Execute(Func`2 onGetServiceHost, HttpRequestMessage request, Action`1 onGetActualResponse) in F:\advisorsrepo\wcfhttp\Http\Test\Microsoft.ApplicationServer.Common.MSTestUtilities\Microsoft\ApplicationServer\Common\Test\ServiceHostAssert.cs:line 54
   at Microsoft.ApplicationServer.Common.Test.ServiceHostAssert.Execute(Func`2 onGetServiceHost, HttpRequestMessage request, HttpResponseMessage expectedResponse) in F:\advisorsrepo\wcfhttp\Http\Test\Microsoft.ApplicationServer.Common.MSTestUtilities\Microsoft\ApplicationServer\Common\Test\ServiceHostAssert.cs:line 33
   at Microsoft.ApplicationServer.Common.Test.HttpServiceHostAssert.Execute(Object serviceSingleton, HttpBehavior behavior, HttpBinding binding, HttpRequestMessage request, HttpResponseMessage expectedResponse) in F:\advisorsrepo\wcfhttp\Http\Test\Microsoft.ApplicationServer.Common.MSTestUtilities\Microsoft\ApplicationServer\Common\Test\HttpServiceHostAssert.cs:line 48
   at Microsoft.ApplicationServer.Http.Description.HttpBehaviorTests.&lt;&gt;c__DisplayClass51.&lt;BackCompatDeserializedAsDataContractInXml&gt;b__4c(HttpResponseMessage expectedResponse) in F:\advisorsrepo\wcfhttp\Http\Test\Microsoft.ApplicationServer.Http\Unit\Microsoft\ApplicationServer\Http\Description\HttpBehaviorTests.cs:line 972
   at Microsoft.ApplicationServer.Common.Test.ServiceHostAssert.Execute(Func`2 onGetServiceHost, HttpRequestMessage request, Action`1 onGetActualResponse) in F:\advisorsrepo\wcfhttp\Http\Test\Microsoft.ApplicationServer.Common.MSTestUtilities\Microsoft\ApplicationServer\Common\Test\ServiceHostAssert.cs:line 54
   at Microsoft.ApplicationServer.Common.Test.WebHttpServiceHostAssert.Execute(Object serviceSingleton, WebHttpBehavior behavior, WebHttpBinding binding, HttpRequestMessage request, Action`1 onGetActualResponse) in F:\advisorsrepo\wcfhttp\Http\Test\Microsoft.ApplicationServer.Common.MSTestUtilities\Microsoft\ApplicationServer\Common\Test\WebHttpServiceHostAssert.cs:line 78
   at Microsoft.ApplicationServer.Http.Description.HttpBehaviorTests.&lt;BackCompatDeserializedAsDataContractInXml&gt;b__4b(Type type, Object obj) in F:\advisorsrepo\wcfhttp\Http\Test\Microsoft.ApplicationServer.Http\Unit\Microsoft\ApplicationServer\Http\Description\HttpBehaviorTests.cs:line 962
   at Microsoft.ApplicationServer.Common.Test.TestDataAssert.ExecuteCodeUnderTest(Type type, Object obj, String messageOnFail, Action`2 codeUnderTest) in F:\advisorsrepo\wcfhttp\Http\Test\Microsoft.ApplicationServer.Common.MSTestUtilities\Microsoft\ApplicationServer\Common\Test\TestDataAssert.cs:line 89
   at Microsoft.ApplicationServer.Common.Test.TestDataAssert.Execute(IEnumerable`1 testDataCollection, TestDataVariations flags, String messageOnFail, Action`2 codeUnderTest) in F:\advisorsrepo\wcfhttp\Http\Test\Microsoft.ApplicationServer.Common.MSTestUtilities\Microsoft\ApplicationServer\Common\Test\TestDataAssert.cs:line 50
   at Microsoft.ApplicationServer.Http.Description.HttpBehaviorTests.BackCompatDeserializedAsDataContractInXml() in F:\advisorsrepo\wcfhttp\Http\Test\Microsoft.ApplicationServer.Http\Unit\Microsoft\ApplicationServer\Http\Description\HttpBehaviorTests.cs:line 945
</StackTrace>
        </ErrorInfo>
      </Output>
    </UnitTestResult>
    <UnitTestResult executionId="8c613c74-83f5-4cae-b7b7-e940aaedbb0d" testId="71ee6ddf-f8ee-970e-3543-17150041201b" testName="BackCompatDeserializedAsXmlSerializable" computerName="GBLOCK-3-17" duration="00:00:04.0157545" startTime="2011-04-14T00:54:37.1793193-07:00" endTime="2011-04-14T00:54:41.1967210-07:00" testType="13cdc9d9-ddb5-4fa4-a97d-d965ccfc6d4b" outcome="Failed" testListId="8c84fa94-04c1-424b-9868-57a2d4851a1d" relativeResultsDirectory="8c613c74-83f5-4cae-b7b7-e940aaedbb0d">
      <Output>
        <ErrorInfo>
          <Message>Assert.AreEqual failed. Expected:&lt;&lt;?xml version="1.0" encoding="utf-8"?&gt;&lt;ArrayOfDateTime xmlns:xsi="http://www.w3.org/2001/XMLSchema-instance" xmlns:xsd="http://www.w3.org/2001/XMLSchema"&gt;&lt;dateTime&gt;2011-04-14T00.0192034-07&lt;/dateTime&gt;&lt;dateTime&gt;2011-04-14T07.0192034Z&lt;/dateTime&gt;&lt;dateTime&gt;9999-12-31T23.9999999&lt;/dateTime&gt;&lt;dateTime&gt;0001-01-01T00&lt;/dateTime&gt;&lt;/ArrayOfDateTime&gt;&gt;. Actual:&lt;&lt;?xml version="1.0" encoding="utf-8"?&gt;&lt;ArrayOfDateTime&gt;&lt;dateTime&gt;2011-04-14T00.0192034-07&lt;/dateTime&gt;&lt;dateTime&gt;2011-04-14T07.0192034Z&lt;/dateTime&gt;&lt;dateTime&gt;9999-12-31T23.9999999&lt;/dateTime&gt;&lt;dateTime&gt;0001-01-01T00&lt;/dateTime&gt;&lt;/ArrayOfDateTime&gt;&gt;. The content of the responses should have been the same.</Message>
          <StackTrace>   at Microsoft.ApplicationServer.Common.Test.HttpAssert.AreEqual(HttpResponseMessage expected, HttpResponseMessage actual) in F:\advisorsrepo\wcfhttp\Http\Test\Microsoft.ApplicationServer.Common.MSTestUtilities\Microsoft\ApplicationServer\Common\Test\HttpAssert.cs:line 71
   at Microsoft.ApplicationServer.Common.Test.ServiceHostAssert.&lt;&gt;c__DisplayClass1.&lt;Execute&gt;b__0(HttpResponseMessage actualResponse) in F:\advisorsrepo\wcfhttp\Http\Test\Microsoft.ApplicationServer.Common.MSTestUtilities\Microsoft\ApplicationServer\Common\Test\ServiceHostAssert.cs:line 33
   at Microsoft.ApplicationServer.Common.Test.ServiceHostAssert.Execute(Func`2 onGetServiceHost, HttpRequestMessage request, Action`1 onGetActualResponse) in F:\advisorsrepo\wcfhttp\Http\Test\Microsoft.ApplicationServer.Common.MSTestUtilities\Microsoft\ApplicationServer\Common\Test\ServiceHostAssert.cs:line 54
   at Microsoft.ApplicationServer.Common.Test.ServiceHostAssert.Execute(Func`2 onGetServiceHost, HttpRequestMessage request, HttpResponseMessage expectedResponse) in F:\advisorsrepo\wcfhttp\Http\Test\Microsoft.ApplicationServer.Common.MSTestUtilities\Microsoft\ApplicationServer\Common\Test\ServiceHostAssert.cs:line 33
   at Microsoft.ApplicationServer.Common.Test.HttpServiceHostAssert.Execute(Object serviceSingleton, HttpBehavior behavior, HttpBinding binding, HttpRequestMessage request, HttpResponseMessage expectedResponse) in F:\advisorsrepo\wcfhttp\Http\Test\Microsoft.ApplicationServer.Common.MSTestUtilities\Microsoft\ApplicationServer\Common\Test\HttpServiceHostAssert.cs:line 48
   at Microsoft.ApplicationServer.Http.Description.HttpBehaviorTests.&lt;&gt;c__DisplayClass5a.&lt;BackCompatDeserializedAsXmlSerializable&gt;b__55(HttpResponseMessage expectedResponse) in F:\advisorsrepo\wcfhttp\Http\Test\Microsoft.ApplicationServer.Http\Unit\Microsoft\ApplicationServer\Http\Description\HttpBehaviorTests.cs:line 1016
   at Microsoft.ApplicationServer.Common.Test.ServiceHostAssert.Execute(Func`2 onGetServiceHost, HttpRequestMessage request, Action`1 onGetActualResponse) in F:\advisorsrepo\wcfhttp\Http\Test\Microsoft.ApplicationServer.Common.MSTestUtilities\Microsoft\ApplicationServer\Common\Test\ServiceHostAssert.cs:line 54
   at Microsoft.ApplicationServer.Common.Test.WebHttpServiceHostAssert.Execute(Object serviceSingleton, WebHttpBehavior behavior, WebHttpBinding binding, HttpRequestMessage request, Action`1 onGetActualResponse) in F:\advisorsrepo\wcfhttp\Http\Test\Microsoft.ApplicationServer.Common.MSTestUtilities\Microsoft\ApplicationServer\Common\Test\WebHttpServiceHostAssert.cs:line 78
   at Microsoft.ApplicationServer.Http.Description.HttpBehaviorTests.&lt;BackCompatDeserializedAsXmlSerializable&gt;b__54(Type type, Object obj) in F:\advisorsrepo\wcfhttp\Http\Test\Microsoft.ApplicationServer.Http\Unit\Microsoft\ApplicationServer\Http\Description\HttpBehaviorTests.cs:line 1006
   at Microsoft.ApplicationServer.Common.Test.TestDataAssert.ExecuteCodeUnderTest(Type type, Object obj, String messageOnFail, Action`2 codeUnderTest) in F:\advisorsrepo\wcfhttp\Http\Test\Microsoft.ApplicationServer.Common.MSTestUtilities\Microsoft\ApplicationServer\Common\Test\TestDataAssert.cs:line 89
   at Microsoft.ApplicationServer.Common.Test.TestDataAssert.Execute(IEnumerable`1 testDataCollection, TestDataVariations flags, String messageOnFail, Action`2 codeUnderTest) in F:\advisorsrepo\wcfhttp\Http\Test\Microsoft.ApplicationServer.Common.MSTestUtilities\Microsoft\ApplicationServer\Common\Test\TestDataAssert.cs:line 55
   at Microsoft.ApplicationServer.Http.Description.HttpBehaviorTests.BackCompatDeserializedAsXmlSerializable() in F:\advisorsrepo\wcfhttp\Http\Test\Microsoft.ApplicationServer.Http\Unit\Microsoft\ApplicationServer\Http\Description\HttpBehaviorTests.cs:line 989
</StackTrace>
        </ErrorInfo>
      </Output>
    </UnitTestResult>
    <UnitTestResult executionId="f0ef5dd2-cc4e-466a-a062-14400d1562ea" testId="915ab241-782d-6998-970c-2313bcdd6f6a" testName="BackCompatSerializedAsDataContractInJson" computerName="GBLOCK-3-17" duration="00:00:09.5600051" startTime="2011-04-14T00:54:41.1997213-07:00" endTime="2011-04-14T00:54:50.7606773-07:00" testType="13cdc9d9-ddb5-4fa4-a97d-d965ccfc6d4b" outcome="Passed" testListId="8c84fa94-04c1-424b-9868-57a2d4851a1d" relativeResultsDirectory="f0ef5dd2-cc4e-466a-a062-14400d1562ea">
    </UnitTestResult>
    <UnitTestResult executionId="c0460885-71c5-46fd-953d-fe3bd4efe908" testId="ad155e11-52e0-0fb3-d63c-833f4003c4aa" testName="BackCompatSerializedAsDataContractInXml" computerName="GBLOCK-3-17" duration="00:00:03.1351105" startTime="2011-04-14T00:54:50.7636776-07:00" endTime="2011-04-14T00:54:53.8999912-07:00" testType="13cdc9d9-ddb5-4fa4-a97d-d965ccfc6d4b" outcome="Failed" testListId="8c84fa94-04c1-424b-9868-57a2d4851a1d" relativeResultsDirectory="c0460885-71c5-46fd-953d-fe3bd4efe908">
      <Output>
        <ErrorInfo>
          <Message>Assert.AreEqual failed. Expected:&lt;&lt;char xmlns="http://schemas.microsoft.com/2003/10/Serialization/"&gt;97&lt;/char&gt;&gt;. Actual:&lt;&lt;?xml version="1.0" encoding="utf-8"?&gt;&lt;char xmlns="http://schemas.microsoft.com/2003/10/Serialization/"&gt;97&lt;/char&gt;&gt;. The content of the responses should have been the same.</Message>
          <StackTrace>   at Microsoft.ApplicationServer.Common.Test.HttpAssert.AreEqual(HttpResponseMessage expected, HttpResponseMessage actual) in F:\advisorsrepo\wcfhttp\Http\Test\Microsoft.ApplicationServer.Common.MSTestUtilities\Microsoft\ApplicationServer\Common\Test\HttpAssert.cs:line 71
   at Microsoft.ApplicationServer.Common.Test.ServiceHostAssert.&lt;&gt;c__DisplayClass1.&lt;Execute&gt;b__0(HttpResponseMessage actualResponse) in F:\advisorsrepo\wcfhttp\Http\Test\Microsoft.ApplicationServer.Common.MSTestUtilities\Microsoft\ApplicationServer\Common\Test\ServiceHostAssert.cs:line 33
   at Microsoft.ApplicationServer.Common.Test.ServiceHostAssert.Execute(Func`2 onGetServiceHost, HttpRequestMessage request, Action`1 onGetActualResponse) in F:\advisorsrepo\wcfhttp\Http\Test\Microsoft.ApplicationServer.Common.MSTestUtilities\Microsoft\ApplicationServer\Common\Test\ServiceHostAssert.cs:line 54
   at Microsoft.ApplicationServer.Common.Test.ServiceHostAssert.Execute(Func`2 onGetServiceHost, HttpRequestMessage request, HttpResponseMessage expectedResponse) in F:\advisorsrepo\wcfhttp\Http\Test\Microsoft.ApplicationServer.Common.MSTestUtilities\Microsoft\ApplicationServer\Common\Test\ServiceHostAssert.cs:line 33
   at Microsoft.ApplicationServer.Common.Test.HttpServiceHostAssert.Execute(Object serviceSingleton, HttpBehavior behavior, HttpBinding binding, HttpRequestMessage request, HttpResponseMessage expectedResponse) in F:\advisorsrepo\wcfhttp\Http\Test\Microsoft.ApplicationServer.Common.MSTestUtilities\Microsoft\ApplicationServer\Common\Test\HttpServiceHostAssert.cs:line 48
   at Microsoft.ApplicationServer.Http.Description.HttpBehaviorTests.&lt;&gt;c__DisplayClass3a.&lt;BackCompatSerializedAsDataContractInXml&gt;b__38(HttpResponseMessage expectedResponse) in F:\advisorsrepo\wcfhttp\Http\Test\Microsoft.ApplicationServer.Http\Unit\Microsoft\ApplicationServer\Http\Description\HttpBehaviorTests.cs:line 859
   at Microsoft.ApplicationServer.Common.Test.ServiceHostAssert.Execute(Func`2 onGetServiceHost, HttpRequestMessage request, Action`1 onGetActualResponse) in F:\advisorsrepo\wcfhttp\Http\Test\Microsoft.ApplicationServer.Common.MSTestUtilities\Microsoft\ApplicationServer\Common\Test\ServiceHostAssert.cs:line 54
   at Microsoft.ApplicationServer.Common.Test.WebHttpServiceHostAssert.Execute(Object serviceSingleton, WebHttpBehavior behavior, WebHttpBinding binding, HttpRequestMessage request, Action`1 onGetActualResponse) in F:\advisorsrepo\wcfhttp\Http\Test\Microsoft.ApplicationServer.Common.MSTestUtilities\Microsoft\ApplicationServer\Common\Test\WebHttpServiceHostAssert.cs:line 78
   at Microsoft.ApplicationServer.Http.Description.HttpBehaviorTests.&lt;BackCompatSerializedAsDataContractInXml&gt;b__36(Type type, Object obj) in F:\advisorsrepo\wcfhttp\Http\Test\Microsoft.ApplicationServer.Http\Unit\Microsoft\ApplicationServer\Http\Description\HttpBehaviorTests.cs:line 853
   at Microsoft.ApplicationServer.Common.Test.TestDataAssert.ExecuteCodeUnderTest(Type type, Object obj, String messageOnFail, Action`2 codeUnderTest) in F:\advisorsrepo\wcfhttp\Http\Test\Microsoft.ApplicationServer.Common.MSTestUtilities\Microsoft\ApplicationServer\Common\Test\TestDataAssert.cs:line 89
   at Microsoft.ApplicationServer.Common.Test.TestDataAssert.Execute(IEnumerable`1 testDataCollection, TestDataVariations flags, String messageOnFail, Action`2 codeUnderTest) in F:\advisorsrepo\wcfhttp\Http\Test\Microsoft.ApplicationServer.Common.MSTestUtilities\Microsoft\ApplicationServer\Common\Test\TestDataAssert.cs:line 50
   at Microsoft.ApplicationServer.Http.Description.HttpBehaviorTests.BackCompatSerializedAsDataContractInXml() in F:\advisorsrepo\wcfhttp\Http\Test\Microsoft.ApplicationServer.Http\Unit\Microsoft\ApplicationServer\Http\Description\HttpBehaviorTests.cs:line 844
</StackTrace>
        </ErrorInfo>
      </Output>
    </UnitTestResult>
    <UnitTestResult executionId="6a2b5c15-9cce-4d14-9665-35a2fb5db4ef" testId="1c6a9a6e-7b17-ab62-d70c-8d6d4f1e4c95" testName="BackCompatSerializedAsXmlSerializable" computerName="GBLOCK-3-17" duration="00:00:03.7621129" startTime="2011-04-14T00:54:53.9029915-07:00" endTime="2011-04-14T00:54:57.6663678-07:00" testType="13cdc9d9-ddb5-4fa4-a97d-d965ccfc6d4b" outcome="Failed" testListId="8c84fa94-04c1-424b-9868-57a2d4851a1d" relativeResultsDirectory="6a2b5c15-9cce-4d14-9665-35a2fb5db4ef">
      <Output>
        <ErrorInfo>
          <Message>Assert.AreEqual failed. Expected:&lt;&lt;?xml version="1.0" encoding="utf-8"?&gt;&lt;ArrayOfDateTime xmlns:xsi="http://www.w3.org/2001/XMLSchema-instance" xmlns:xsd="http://www.w3.org/2001/XMLSchema"&gt;&lt;dateTime&gt;2011-04-14T00.0192034-07&lt;/dateTime&gt;&lt;dateTime&gt;2011-04-14T07.0192034Z&lt;/dateTime&gt;&lt;dateTime&gt;9999-12-31T23.9999999&lt;/dateTime&gt;&lt;dateTime&gt;0001-01-01T00&lt;/dateTime&gt;&lt;/ArrayOfDateTime&gt;&gt;. Actual:&lt;&lt;?xml version="1.0" encoding="utf-8"?&gt;&lt;ArrayOfDateTime&gt;&lt;dateTime&gt;2011-04-14T00.0192034-07&lt;/dateTime&gt;&lt;dateTime&gt;2011-04-14T07.0192034Z&lt;/dateTime&gt;&lt;dateTime&gt;9999-12-31T23.9999999&lt;/dateTime&gt;&lt;dateTime&gt;0001-01-01T00&lt;/dateTime&gt;&lt;/ArrayOfDateTime&gt;&gt;. The content of the responses should have been the same.</Message>
          <StackTrace>   at Microsoft.ApplicationServer.Common.Test.HttpAssert.AreEqual(HttpResponseMessage expected, HttpResponseMessage actual) in F:\advisorsrepo\wcfhttp\Http\Test\Microsoft.ApplicationServer.Common.MSTestUtilities\Microsoft\ApplicationServer\Common\Test\HttpAssert.cs:line 71
   at Microsoft.ApplicationServer.Common.Test.ServiceHostAssert.&lt;&gt;c__DisplayClass1.&lt;Execute&gt;b__0(HttpResponseMessage actualResponse) in F:\advisorsrepo\wcfhttp\Http\Test\Microsoft.ApplicationServer.Common.MSTestUtilities\Microsoft\ApplicationServer\Common\Test\ServiceHostAssert.cs:line 33
   at Microsoft.ApplicationServer.Common.Test.ServiceHostAssert.Execute(Func`2 onGetServiceHost, HttpRequestMessage request, Action`1 onGetActualResponse) in F:\advisorsrepo\wcfhttp\Http\Test\Microsoft.ApplicationServer.Common.MSTestUtilities\Microsoft\ApplicationServer\Common\Test\ServiceHostAssert.cs:line 54
   at Microsoft.ApplicationServer.Common.Test.ServiceHostAssert.Execute(Func`2 onGetServiceHost, HttpRequestMessage request, HttpResponseMessage expectedResponse) in F:\advisorsrepo\wcfhttp\Http\Test\Microsoft.ApplicationServer.Common.MSTestUtilities\Microsoft\ApplicationServer\Common\Test\ServiceHostAssert.cs:line 33
   at Microsoft.ApplicationServer.Common.Test.HttpServiceHostAssert.Execute(Object serviceSingleton, HttpBehavior behavior, HttpBinding binding, HttpRequestMessage request, HttpResponseMessage expectedResponse) in F:\advisorsrepo\wcfhttp\Http\Test\Microsoft.ApplicationServer.Common.MSTestUtilities\Microsoft\ApplicationServer\Common\Test\HttpServiceHostAssert.cs:line 48
   at Microsoft.ApplicationServer.Http.Description.HttpBehaviorTests.&lt;&gt;c__DisplayClass41.&lt;BackCompatSerializedAsXmlSerializable&gt;b__3f(HttpResponseMessage expectedResponse) in F:\advisorsrepo\wcfhttp\Http\Test\Microsoft.ApplicationServer.Http\Unit\Microsoft\ApplicationServer\Http\Description\HttpBehaviorTests.cs:line 891
   at Microsoft.ApplicationServer.Common.Test.ServiceHostAssert.Execute(Func`2 onGetServiceHost, HttpRequestMessage request, Action`1 onGetActualResponse) in F:\advisorsrepo\wcfhttp\Http\Test\Microsoft.ApplicationServer.Common.MSTestUtilities\Microsoft\ApplicationServer\Common\Test\ServiceHostAssert.cs:line 54
   at Microsoft.ApplicationServer.Common.Test.WebHttpServiceHostAssert.Execute(Object serviceSingleton, WebHttpBehavior behavior, WebHttpBinding binding, HttpRequestMessage request, Action`1 onGetActualResponse) in F:\advisorsrepo\wcfhttp\Http\Test\Microsoft.ApplicationServer.Common.MSTestUtilities\Microsoft\ApplicationServer\Common\Test\WebHttpServiceHostAssert.cs:line 78
   at Microsoft.ApplicationServer.Http.Description.HttpBehaviorTests.&lt;BackCompatSerializedAsXmlSerializable&gt;b__3d(Type type, Object obj) in F:\advisorsrepo\wcfhttp\Http\Test\Microsoft.ApplicationServer.Http\Unit\Microsoft\ApplicationServer\Http\Description\HttpBehaviorTests.cs:line 885
   at Microsoft.ApplicationServer.Common.Test.TestDataAssert.ExecuteCodeUnderTest(Type type, Object obj, String messageOnFail, Action`2 codeUnderTest) in F:\advisorsrepo\wcfhttp\Http\Test\Microsoft.ApplicationServer.Common.MSTestUtilities\Microsoft\ApplicationServer\Common\Test\TestDataAssert.cs:line 89
   at Microsoft.ApplicationServer.Common.Test.TestDataAssert.Execute(IEnumerable`1 testDataCollection, TestDataVariations flags, String messageOnFail, Action`2 codeUnderTest) in F:\advisorsrepo\wcfhttp\Http\Test\Microsoft.ApplicationServer.Common.MSTestUtilities\Microsoft\ApplicationServer\Common\Test\TestDataAssert.cs:line 55
   at Microsoft.ApplicationServer.Http.Description.HttpBehaviorTests.BackCompatSerializedAsXmlSerializable() in F:\advisorsrepo\wcfhttp\Http\Test\Microsoft.ApplicationServer.Http\Unit\Microsoft\ApplicationServer\Http\Description\HttpBehaviorTests.cs:line 876
</StackTrace>
        </ErrorInfo>
      </Output>
    </UnitTestResult>
    <UnitTestResult executionId="ef5f8913-6a1a-4e24-bd41-db4035f697e7" testId="7cfd5988-288e-760c-531e-49c044ed9c7e" testName="Default_Response_Format_Is_Xml" computerName="GBLOCK-3-17" duration="00:00:00.0022819" startTime="2011-04-14T00:54:57.6693681-07:00" endTime="2011-04-14T00:54:57.6723684-07:00" testType="13cdc9d9-ddb5-4fa4-a97d-d965ccfc6d4b" outcome="Failed" testListId="8c84fa94-04c1-424b-9868-57a2d4851a1d" relativeResultsDirectory="ef5f8913-6a1a-4e24-bd41-db4035f697e7">
      <Output>
        <ErrorInfo>
          <Message>Assert.AreEqual failed. Expected:&lt;&lt;Customer xmlns="http://schemas.datacontract.org/2004/07/Microsoft.ApplicationServer.Common.Test.Services" xmlns:i="http://www.w3.org/2001/XMLSchema-instance"&gt;&lt;Name&gt;SomeName&lt;/Name&gt;&lt;/Customer&gt;&gt;. Actual:&lt;&lt;?xml version="1.0" encoding="utf-8"?&gt;&lt;Customer xmlns:i="http://www.w3.org/2001/XMLSchema-instance" xmlns="http://schemas.datacontract.org/2004/07/Microsoft.ApplicationServer.Common.Test.Services"&gt;&lt;Name&gt;SomeName&lt;/Name&gt;&lt;/Customer&gt;&gt;. The content of the responses should have been the same.</Message>
          <StackTrace>   at Microsoft.ApplicationServer.Common.Test.HttpAssert.AreEqual(HttpResponseMessage expected, HttpResponseMessage actual) in F:\advisorsrepo\wcfhttp\Http\Test\Microsoft.ApplicationServer.Common.MSTestUtilities\Microsoft\ApplicationServer\Common\Test\HttpAssert.cs:line 71
   at Microsoft.ApplicationServer.Http.Description.HttpBehaviorTests.Default_Response_Format_Is_Xml() in F:\advisorsrepo\wcfhttp\Http\Test\Microsoft.ApplicationServer.Http\Unit\Microsoft\ApplicationServer\Http\Description\HttpBehaviorTests.cs:line 509
</StackTrace>
        </ErrorInfo>
      </Output>
    </UnitTestResult>
    <UnitTestResult executionId="edc08c27-f0bf-42cc-b409-26afb7f34c33" testId="48b83909-6bf5-7692-a08b-73745bbe56b6" testName="Error_Handler_Default_Is_Html_For_General_Exceptions" computerName="GBLOCK-3-17" duration="00:00:00.1400924" startTime="2011-04-14T00:54:57.6743686-07:00" endTime="2011-04-14T00:54:57.8163828-07:00" testType="13cdc9d9-ddb5-4fa4-a97d-d965ccfc6d4b" outcome="Passed" testListId="8c84fa94-04c1-424b-9868-57a2d4851a1d" relativeResultsDirectory="edc08c27-f0bf-42cc-b409-26afb7f34c33">
    </UnitTestResult>
    <UnitTestResult executionId="d0360bd4-5d1a-4f11-8021-2c9495d12caa" testId="5ef6f60d-0734-f5c8-3d7c-1c4c61990dd8" testName="Error_Handler_Honors_XmlSerializerFormat_On_Operation" computerName="GBLOCK-3-17" duration="00:00:00.1749701" startTime="2011-04-14T00:54:57.8183830-07:00" endTime="2011-04-14T00:54:57.9944006-07:00" testType="13cdc9d9-ddb5-4fa4-a97d-d965ccfc6d4b" outcome="Failed" testListId="8c84fa94-04c1-424b-9868-57a2d4851a1d" relativeResultsDirectory="d0360bd4-5d1a-4f11-8021-2c9495d12caa">
      <Output>
        <ErrorInfo>
          <Message>Assert.AreEqual failed. Expected:&lt;&lt;?xml version="1.0" encoding="utf-8"?&gt;&lt;Customer xmlns:xsi="http://www.w3.org/2001/XMLSchema-instance" xmlns:xsd="http://www.w3.org/2001/XMLSchema"&gt;&lt;Name&gt;SomeName&lt;/Name&gt;&lt;/Customer&gt;&gt;. Actual:&lt;&lt;?xml version="1.0" encoding="utf-8"?&gt;&lt;Customer&gt;&lt;Name&gt;SomeName&lt;/Name&gt;&lt;/Customer&gt;&gt;. The content of the responses should have been the same.</Message>
          <StackTrace>   at Microsoft.ApplicationServer.Common.Test.HttpAssert.AreEqual(HttpResponseMessage expected, HttpResponseMessage actual) in F:\advisorsrepo\wcfhttp\Http\Test\Microsoft.ApplicationServer.Common.MSTestUtilities\Microsoft\ApplicationServer\Common\Test\HttpAssert.cs:line 71
   at Microsoft.ApplicationServer.Http.Description.HttpBehaviorTests.Error_Handler_Honors_XmlSerializerFormat_On_Operation() in F:\advisorsrepo\wcfhttp\Http\Test\Microsoft.ApplicationServer.Http\Unit\Microsoft\ApplicationServer\Http\Description\HttpBehaviorTests.cs:line 658
</StackTrace>
        </ErrorInfo>
      </Output>
    </UnitTestResult>
    <UnitTestResult executionId="caf81116-c821-4325-b22c-3c804e4447ba" testId="593294ea-9b37-3109-75c3-352cdf924039" testName="Help_Page_Is_Available" computerName="GBLOCK-3-17" duration="00:00:00.0478972" startTime="2011-04-14T00:54:57.9964008-07:00" endTime="2011-04-14T00:54:58.0494061-07:00" testType="13cdc9d9-ddb5-4fa4-a97d-d965ccfc6d4b" outcome="Passed" testListId="8c84fa94-04c1-424b-9868-57a2d4851a1d" relativeResultsDirectory="caf81116-c821-4325-b22c-3c804e4447ba">
    </UnitTestResult>
    <UnitTestResult executionId="a2f89845-481a-4b1b-9636-0e532c3221de" testId="07b2641f-cebc-8082-cffe-83622099d9bc" testName="HttpBehavior_ApplyClientBehavior_Throws" computerName="GBLOCK-3-17" duration="00:00:00.0021706" startTime="2011-04-14T00:54:58.0514063-07:00" endTime="2011-04-14T00:54:58.0544066-07:00" testType="13cdc9d9-ddb5-4fa4-a97d-d965ccfc6d4b" outcome="Passed" testListId="8c84fa94-04c1-424b-9868-57a2d4851a1d" relativeResultsDirectory="a2f89845-481a-4b1b-9636-0e532c3221de">
    </UnitTestResult>
    <UnitTestResult executionId="ebb118ed-0adf-479a-93c3-583c133c6f0f" testId="19c20a2e-9d68-c6f2-d454-9bc2a9a3b66c" testName="HttpBehavior_ApplyDispatchBehavior_Throws_For_Null_Endpoint" computerName="GBLOCK-3-17" duration="00:00:00.0019193" startTime="2011-04-14T00:54:58.0564068-07:00" endTime="2011-04-14T00:54:58.0594071-07:00" testType="13cdc9d9-ddb5-4fa4-a97d-d965ccfc6d4b" outcome="Passed" testListId="8c84fa94-04c1-424b-9868-57a2d4851a1d" relativeResultsDirectory="ebb118ed-0adf-479a-93c3-583c133c6f0f">
    </UnitTestResult>
    <UnitTestResult executionId="fceacbf7-c937-4c0a-99bd-942c845fd34c" testId="dcce6a84-2717-e3ed-6f40-6a6f20c1cc00" testName="HttpBehavior_ApplyDispatchBehavior_Throws_For_Null_EndpointDispatcher" computerName="GBLOCK-3-17" duration="00:00:00.0018611" startTime="2011-04-14T00:54:58.0614073-07:00" endTime="2011-04-14T00:54:58.0644076-07:00" testType="13cdc9d9-ddb5-4fa4-a97d-d965ccfc6d4b" outcome="Passed" testListId="8c84fa94-04c1-424b-9868-57a2d4851a1d" relativeResultsDirectory="fceacbf7-c937-4c0a-99bd-942c845fd34c">
    </UnitTestResult>
    <UnitTestResult executionId="bd2d4a67-f0aa-468d-85e1-9234c87ca1f6" testId="4af614fb-0bc6-0527-30db-2db06b5f1385" testName="HttpBehavior_Ctor_Defaults" computerName="GBLOCK-3-17" duration="00:00:00.0003402" startTime="2011-04-14T00:54:58.0654077-07:00" endTime="2011-04-14T00:54:58.0664078-07:00" testType="13cdc9d9-ddb5-4fa4-a97d-d965ccfc6d4b" outcome="Passed" testListId="8c84fa94-04c1-424b-9868-57a2d4851a1d" relativeResultsDirectory="bd2d4a67-f0aa-468d-85e1-9234c87ca1f6">
    </UnitTestResult>
    <UnitTestResult executionId="022082c4-06b8-4def-a647-fa2469da71ff" testId="60e63c78-94f7-be25-eac5-70eaaa330786" testName="HttpBehavior_Test" computerName="GBLOCK-3-17" duration="00:00:00.0013630" startTime="2011-04-14T00:54:58.0684080-07:00" endTime="2011-04-14T00:54:58.0704082-07:00" testType="13cdc9d9-ddb5-4fa4-a97d-d965ccfc6d4b" outcome="Passed" testListId="8c84fa94-04c1-424b-9868-57a2d4851a1d" relativeResultsDirectory="022082c4-06b8-4def-a647-fa2469da71ff">
    </UnitTestResult>
    <UnitTestResult executionId="73ed4d12-c3bb-41bb-ba20-cba09ac41cd7" testId="ead58771-e43c-07b7-dc6f-09d662cac301" testName="Method_Not_Allowed_Is_Handled" computerName="GBLOCK-3-17" duration="00:00:00.0189279" startTime="2011-04-14T00:54:58.0724084-07:00" endTime="2011-04-14T00:54:58.0924104-07:00" testType="13cdc9d9-ddb5-4fa4-a97d-d965ccfc6d4b" outcome="Passed" testListId="8c84fa94-04c1-424b-9868-57a2d4851a1d" relativeResultsDirectory="73ed4d12-c3bb-41bb-ba20-cba09ac41cd7">
    </UnitTestResult>
    <UnitTestResult executionId="afcf519f-54bb-4039-b19c-aad649e0c421" testId="69a48df4-14a0-3260-8f67-d6b2e2f99cc5" testName="Method_Not_Allowed_Is_Handled_With_Machine_Name" computerName="GBLOCK-3-17" duration="00:00:00.0137659" startTime="2011-04-14T00:54:58.0934105-07:00" endTime="2011-04-14T00:54:58.1184130-07:00" testType="13cdc9d9-ddb5-4fa4-a97d-d965ccfc6d4b" outcome="Passed" testListId="8c84fa94-04c1-424b-9868-57a2d4851a1d" relativeResultsDirectory="afcf519f-54bb-4039-b19c-aad649e0c421">
    </UnitTestResult>
    <UnitTestResult executionId="57be8937-f21f-4853-bac0-2c894350ca4f" testId="c561cbd6-7823-a7db-6482-c49f9363df0e" testName="Operation_Help_Page_Is_Available" computerName="GBLOCK-3-17" duration="00:00:00.6305731" startTime="2011-04-14T00:54:58.1214133-07:00" endTime="2011-04-14T00:54:58.7524764-07:00" testType="13cdc9d9-ddb5-4fa4-a97d-d965ccfc6d4b" outcome="Passed" testListId="8c84fa94-04c1-424b-9868-57a2d4851a1d" relativeResultsDirectory="57be8937-f21f-4853-bac0-2c894350ca4f">
    </UnitTestResult>
    <UnitTestResult executionId="9354a384-2536-46be-a7b9-96516bbf2486" testId="69e4a5ca-2ccc-85bc-385f-780a0c42732e" testName="TrailingSlashMode_Dispatches_If_Set_To_Ignore" computerName="GBLOCK-3-17" duration="00:00:00.0084390" startTime="2011-04-14T00:54:58.7544766-07:00" endTime="2011-04-14T00:54:58.7644776-07:00" testType="13cdc9d9-ddb5-4fa4-a97d-d965ccfc6d4b" outcome="Passed" testListId="8c84fa94-04c1-424b-9868-57a2d4851a1d" relativeResultsDirectory="9354a384-2536-46be-a7b9-96516bbf2486">
    </UnitTestResult>
    <UnitTestResult executionId="6efb453e-f3e8-479c-969e-dd17cc3de6b1" testId="bc3595b4-e526-a02f-54b1-2f1d0e318065" testName="TrailingSlashMode_Redirects_By_Default" computerName="GBLOCK-3-17" duration="00:00:00.0350309" startTime="2011-04-14T00:54:58.7664778-07:00" endTime="2011-04-14T00:54:58.8024814-07:00" testType="13cdc9d9-ddb5-4fa4-a97d-d965ccfc6d4b" outcome="Passed" testListId="8c84fa94-04c1-424b-9868-57a2d4851a1d" relativeResultsDirectory="6efb453e-f3e8-479c-969e-dd17cc3de6b1">
    </UnitTestResult>
    <UnitTestResult executionId="4b046177-1b64-4973-ad9b-a5594680fbb3" testId="3ed23609-da9b-07e2-7689-eb47d1cc4edc" testName="TrailingSlashMode_Throws_If_Set_To_Invalid_Value" computerName="GBLOCK-3-17" duration="00:00:00.0009558" startTime="2011-04-14T00:54:58.8054817-07:00" endTime="2011-04-14T00:54:58.8074819-07:00" testType="13cdc9d9-ddb5-4fa4-a97d-d965ccfc6d4b" outcome="Passed" testListId="8c84fa94-04c1-424b-9868-57a2d4851a1d" relativeResultsDirectory="4b046177-1b64-4973-ad9b-a5594680fbb3">
    </UnitTestResult>
    <UnitTestResult executionId="22c8aa57-5da8-4dc7-9b31-d9a370dd0b3a" testId="442b9308-9be1-4bc5-357e-cd8cf2dc86ca" testName="Unknown_Operation_Help_Page_Is_Handled" computerName="GBLOCK-3-17" duration="00:00:00.0056948" startTime="2011-04-14T00:54:58.8084820-07:00" endTime="2011-04-14T00:54:58.8154827-07:00" testType="13cdc9d9-ddb5-4fa4-a97d-d965ccfc6d4b" outcome="Passed" testListId="8c84fa94-04c1-424b-9868-57a2d4851a1d" relativeResultsDirectory="22c8aa57-5da8-4dc7-9b31-d9a370dd0b3a">
    </UnitTestResult>
    <UnitTestResult executionId="5e65583d-58da-4336-aff5-7b3d99d2feea" testId="588ddace-5bcd-da86-6d93-14ccc3b98219" testName="Unknown_Uri_Is_Handled" computerName="GBLOCK-3-17" duration="00:00:00.0018200" startTime="2011-04-14T00:54:58.8184830-07:00" endTime="2011-04-14T00:54:58.8204832-07:00" testType="13cdc9d9-ddb5-4fa4-a97d-d965ccfc6d4b" outcome="Passed" testListId="8c84fa94-04c1-424b-9868-57a2d4851a1d" relativeResultsDirectory="5e65583d-58da-4336-aff5-7b3d99d2feea">
    </UnitTestResult>
    <UnitTestResult executionId="7033f92f-81c1-4741-8a79-7017c52c55e0" testId="a82035ff-0520-9d63-a5e0-b7ff15e539f0" testName="Unknown_Uri_Is_Handled_With_Machine_Name" computerName="GBLOCK-3-17" duration="00:00:00.0118462" startTime="2011-04-14T00:54:58.8224834-07:00" endTime="2011-04-14T00:54:58.8354847-07:00" testType="13cdc9d9-ddb5-4fa4-a97d-d965ccfc6d4b" outcome="Passed" testListId="8c84fa94-04c1-424b-9868-57a2d4851a1d" relativeResultsDirectory="7033f92f-81c1-4741-8a79-7017c52c55e0">
    </UnitTestResult>
    <UnitTestResult executionId="2e7be67d-48b9-4fa4-b017-9a34f02fd518" testId="f622b09d-6fb3-fd72-c6ee-93d7e8443125" testName="Validate_Does_Not_Throw_For_HttpBinding" computerName="GBLOCK-3-17" duration="00:00:00.0017307" startTime="2011-04-14T00:54:58.8384850-07:00" endTime="2011-04-14T00:54:58.8424854-07:00" testType="13cdc9d9-ddb5-4fa4-a97d-d965ccfc6d4b" outcome="Passed" testListId="8c84fa94-04c1-424b-9868-57a2d4851a1d" relativeResultsDirectory="2e7be67d-48b9-4fa4-b017-9a34f02fd518">
    </UnitTestResult>
    <UnitTestResult executionId="9a5b2582-d85c-4892-973a-c77d06e9db54" testId="e9b05628-1dd9-f403-81e2-61a644fe3ff9" testName="Validate_Throws_If_Any_Operation_Has_Both_WebGet_And_WebInvoke" computerName="GBLOCK-3-17" duration="00:00:00.0029605" startTime="2011-04-14T00:54:58.8454857-07:00" endTime="2011-04-14T00:54:58.8494861-07:00" testType="13cdc9d9-ddb5-4fa4-a97d-d965ccfc6d4b" outcome="Passed" testListId="8c84fa94-04c1-424b-9868-57a2d4851a1d" relativeResultsDirectory="9a5b2582-d85c-4892-973a-c77d06e9db54">
    </UnitTestResult>
    <UnitTestResult executionId="e362f088-3394-4c49-9560-f2f666798461" testId="281e23ed-6d7e-f495-d2cb-22e873c097f8" testName="Validate_Throws_If_Any_Operation_Has_Typed_Message_Request" computerName="GBLOCK-3-17" duration="00:00:00.0107957" startTime="2011-04-14T00:54:58.8504862-07:00" endTime="2011-04-14T00:54:58.8624874-07:00" testType="13cdc9d9-ddb5-4fa4-a97d-d965ccfc6d4b" outcome="Passed" testListId="8c84fa94-04c1-424b-9868-57a2d4851a1d" relativeResultsDirectory="e362f088-3394-4c49-9560-f2f666798461">
    </UnitTestResult>
    <UnitTestResult executionId="7485cbb4-bf79-4ce1-82f8-880af08f8af9" testId="8e28722e-4206-27d4-19fe-25f4c9bdece6" testName="Validate_Throws_If_Any_Operation_Has_Typed_Message_Response" computerName="GBLOCK-3-17" duration="00:00:00.0027561" startTime="2011-04-14T00:54:58.8654877-07:00" endTime="2011-04-14T00:54:58.8684880-07:00" testType="13cdc9d9-ddb5-4fa4-a97d-d965ccfc6d4b" outcome="Passed" testListId="8c84fa94-04c1-424b-9868-57a2d4851a1d" relativeResultsDirectory="7485cbb4-bf79-4ce1-82f8-880af08f8af9">
    </UnitTestResult>
    <UnitTestResult executionId="1480332b-febc-4836-8020-d453ed8843a1" testId="1aa8af33-1e3d-f891-bfcb-7f5fd685f919" testName="Validate_Throws_If_Request_Message_Headers_Present" computerName="GBLOCK-3-17" duration="00:00:00.0030887" startTime="2011-04-14T00:54:58.8714883-07:00" endTime="2011-04-14T00:54:58.8754887-07:00" testType="13cdc9d9-ddb5-4fa4-a97d-d965ccfc6d4b" outcome="Passed" testListId="8c84fa94-04c1-424b-9868-57a2d4851a1d" relativeResultsDirectory="1480332b-febc-4836-8020-d453ed8843a1">
    </UnitTestResult>
    <UnitTestResult executionId="def9aa73-1f73-463c-ae7f-cded444e7cac" testId="2afa4f08-1764-1bce-3479-911fd8660c84" testName="Validate_Throws_If_Response_Message_Headers_Present" computerName="GBLOCK-3-17" duration="00:00:00.0028685" startTime="2011-04-14T00:54:58.8774889-07:00" endTime="2011-04-14T00:54:58.8814893-07:00" testType="13cdc9d9-ddb5-4fa4-a97d-d965ccfc6d4b" outcome="Passed" testListId="8c84fa94-04c1-424b-9868-57a2d4851a1d" relativeResultsDirectory="def9aa73-1f73-463c-ae7f-cded444e7cac">
    </UnitTestResult>
    <UnitTestResult executionId="a9733b14-5e22-4383-9045-4b7ed9fd4817" testId="c1109d22-7e99-c335-377f-5a76822d7106" testName="Validate_Throws_If_XmlSerializerFormat_With_Rpc_Format_Style" computerName="GBLOCK-3-17" duration="00:00:00.0034679" startTime="2011-04-14T00:54:58.8834895-07:00" endTime="2011-04-14T00:54:58.8884900-07:00" testType="13cdc9d9-ddb5-4fa4-a97d-d965ccfc6d4b" outcome="Passed" testListId="8c84fa94-04c1-424b-9868-57a2d4851a1d" relativeResultsDirectory="a9733b14-5e22-4383-9045-4b7ed9fd4817">
    </UnitTestResult>
    <UnitTestResult executionId="ef82d45c-fd84-4f24-948c-16bf3e276711" testId="f67c387f-ddfd-84de-e4a7-c2425383c78f" testName="Validate_Throws_With_Endpoint_Address_Headers" computerName="GBLOCK-3-17" duration="00:00:00.0048625" startTime="2011-04-14T00:54:58.8904902-07:00" endTime="2011-04-14T00:54:58.8974909-07:00" testType="13cdc9d9-ddb5-4fa4-a97d-d965ccfc6d4b" outcome="Passed" testListId="8c84fa94-04c1-424b-9868-57a2d4851a1d" relativeResultsDirectory="ef82d45c-fd84-4f24-948c-16bf3e276711">
    </UnitTestResult>
    <UnitTestResult executionId="d1251133-04e4-4312-aded-1bdaa9395539" testId="a1a67fea-a56d-5d22-d22c-dd8a05fffbd5" testName="Validate_Throws_With_Non_Http_Binding" computerName="GBLOCK-3-17" duration="00:00:00.0118673" startTime="2011-04-14T00:54:58.8984910-07:00" endTime="2011-04-14T00:54:58.9114923-07:00" testType="13cdc9d9-ddb5-4fa4-a97d-d965ccfc6d4b" outcome="Passed" testListId="8c84fa94-04c1-424b-9868-57a2d4851a1d" relativeResultsDirectory="d1251133-04e4-4312-aded-1bdaa9395539">
    </UnitTestResult>
    <UnitTestResult executionId="0d0661f7-ef68-4b6c-9803-4f6fa09b83b8" testId="2f8aa70b-b943-d207-a0b2-5fda8f3db0a5" testName="Validate_Throws_With_Non_HttpMessageEncodingBindingElement" computerName="GBLOCK-3-17" duration="00:00:00.0022053" startTime="2011-04-14T00:54:58.9134925-07:00" endTime="2011-04-14T00:54:58.9164928-07:00" testType="13cdc9d9-ddb5-4fa4-a97d-d965ccfc6d4b" outcome="Passed" testListId="8c84fa94-04c1-424b-9868-57a2d4851a1d" relativeResultsDirectory="0d0661f7-ef68-4b6c-9803-4f6fa09b83b8">
    </UnitTestResult>
    <UnitTestResult executionId="c5dbe005-486e-4946-90eb-946edbdad952" testId="cc7150ba-fabe-823b-9d07-2484a5934be4" testName="Validate_Throws_With_Non_ManualAddressing" computerName="GBLOCK-3-17" duration="00:00:00.0028855" startTime="2011-04-14T00:54:58.9174929-07:00" endTime="2011-04-14T00:54:58.9214933-07:00" testType="13cdc9d9-ddb5-4fa4-a97d-d965ccfc6d4b" outcome="Passed" testListId="8c84fa94-04c1-424b-9868-57a2d4851a1d" relativeResultsDirectory="c5dbe005-486e-4946-90eb-946edbdad952">
    </UnitTestResult>
    <UnitTestResult executionId="f00b9159-ec52-46e1-93f3-17cf4aef70ca" testId="10ed31ef-fec4-aff3-12ba-a53f4c0d8765" testName="Validate_Throws_With_Non_MessageVersion_None" computerName="GBLOCK-3-17" duration="00:00:00.0070094" startTime="2011-04-14T00:54:58.9234935-07:00" endTime="2011-04-14T00:54:58.9314943-07:00" testType="13cdc9d9-ddb5-4fa4-a97d-d965ccfc6d4b" outcome="Passed" testListId="8c84fa94-04c1-424b-9868-57a2d4851a1d" relativeResultsDirectory="f00b9159-ec52-46e1-93f3-17cf4aef70ca">
    </UnitTestResult>
    <UnitTestResult executionId="f14f45fa-e995-4191-8221-e7cb0cccabe3" testId="ed6ae92e-1a01-e226-c7df-8cbae491c635" testName="Validate_Throws_With_Null_Binding_On_Endpoint" computerName="GBLOCK-3-17" duration="00:00:00.0029709" startTime="2011-04-14T00:54:58.9324944-07:00" endTime="2011-04-14T00:54:58.9374949-07:00" testType="13cdc9d9-ddb5-4fa4-a97d-d965ccfc6d4b" outcome="Passed" testListId="8c84fa94-04c1-424b-9868-57a2d4851a1d" relativeResultsDirectory="f14f45fa-e995-4191-8221-e7cb0cccabe3">
    </UnitTestResult>
    <UnitTestResult executionId="3fa60699-503c-49fd-8fc9-5df08045ef5d" testId="251aa554-b291-b72b-39c4-bcb14e1b0736" testName="Validate_Throws_With_Null_Endpoint" computerName="GBLOCK-3-17" duration="00:00:00.0005851" startTime="2011-04-14T00:54:58.9394951-07:00" endTime="2011-04-14T00:54:58.9404952-07:00" testType="13cdc9d9-ddb5-4fa4-a97d-d965ccfc6d4b" outcome="Passed" testListId="8c84fa94-04c1-424b-9868-57a2d4851a1d" relativeResultsDirectory="3fa60699-503c-49fd-8fc9-5df08045ef5d">
    </UnitTestResult>
    <UnitTestResult executionId="5e899ba2-163c-4fd3-acdb-e51d7182f418" testId="f823f20c-4a40-5164-0931-cc4762527957" testName="GetHttpMethod_Returns_HttpMethod" computerName="GBLOCK-3-17" duration="00:00:00.0061302" startTime="2011-04-14T00:54:58.9414953-07:00" endTime="2011-04-14T00:54:58.9494961-07:00" testType="13cdc9d9-ddb5-4fa4-a97d-d965ccfc6d4b" outcome="Passed" testListId="8c84fa94-04c1-424b-9868-57a2d4851a1d" relativeResultsDirectory="5e899ba2-163c-4fd3-acdb-e51d7182f418">
    </UnitTestResult>
    <UnitTestResult executionId="37d329e3-4440-449a-be05-4eb66cfa47a0" testId="69774b34-c6dc-1ae1-4012-c47c17095758" testName="GetUriTemplate_Returns_UriTemplate" computerName="GBLOCK-3-17" duration="00:00:00.0153549" startTime="2011-04-14T00:54:58.9504962-07:00" endTime="2011-04-14T00:54:58.9674979-07:00" testType="13cdc9d9-ddb5-4fa4-a97d-d965ccfc6d4b" outcome="Passed" testListId="8c84fa94-04c1-424b-9868-57a2d4851a1d" relativeResultsDirectory="37d329e3-4440-449a-be05-4eb66cfa47a0">
    </UnitTestResult>
    <UnitTestResult executionId="808a2997-9d2e-43dd-a110-a24880c09d60" testId="604870ad-7a5d-ad9d-b81e-6e48e5c414db" testName="HttpParameter_ExtensionMethod_Creates_From_MessagePartDescription" computerName="GBLOCK-3-17" duration="00:00:00.0043009" startTime="2011-04-14T00:54:58.9694981-07:00" endTime="2011-04-14T00:54:58.9874999-07:00" testType="13cdc9d9-ddb5-4fa4-a97d-d965ccfc6d4b" outcome="Passed" testListId="8c84fa94-04c1-424b-9868-57a2d4851a1d" relativeResultsDirectory="808a2997-9d2e-43dd-a110-a24880c09d60">
    </UnitTestResult>
    <UnitTestResult executionId="7bf5ab6e-8827-414f-8f27-f47d6d5545b2" testId="b11c5657-e9b5-1fe3-c545-07248e682949" testName="HttpParameter_ExtensionMethod_Throws_Null_MessagePartDescription" computerName="GBLOCK-3-17" duration="00:00:00.0009184" startTime="2011-04-14T00:54:59.0005012-07:00" endTime="2011-04-14T00:54:59.0035015-07:00" testType="13cdc9d9-ddb5-4fa4-a97d-d965ccfc6d4b" outcome="Passed" testListId="8c84fa94-04c1-424b-9868-57a2d4851a1d" relativeResultsDirectory="7bf5ab6e-8827-414f-8f27-f47d6d5545b2">
    </UnitTestResult>
    <UnitTestResult executionId="84ac9b4d-f86e-4d01-b0fe-8eebedc7de40" testId="4419b024-43ad-3528-9142-ea3caf04b4e6" testName="TypeIsCorrect" computerName="GBLOCK-3-17" duration="00:00:00.0025417" startTime="2011-04-14T00:54:59.0075019-07:00" endTime="2011-04-14T00:54:59.0105022-07:00" testType="13cdc9d9-ddb5-4fa4-a97d-d965ccfc6d4b" outcome="Passed" testListId="8c84fa94-04c1-424b-9868-57a2d4851a1d" relativeResultsDirectory="84ac9b4d-f86e-4d01-b0fe-8eebedc7de40">
    </UnitTestResult>
    <UnitTestResult executionId="93bc2d21-08a6-4820-a37c-73e14169b752" testId="c545e26e-84b6-39d0-d6f6-b0037da438af" testName="UnitTestClassIsCorrect" computerName="GBLOCK-3-17" duration="00:00:00.0220502" startTime="2011-04-14T00:54:59.0135025-07:00" endTime="2011-04-14T00:54:59.0355047-07:00" testType="13cdc9d9-ddb5-4fa4-a97d-d965ccfc6d4b" outcome="Passed" testListId="8c84fa94-04c1-424b-9868-57a2d4851a1d" relativeResultsDirectory="93bc2d21-08a6-4820-a37c-73e14169b752">
    </UnitTestResult>
    <UnitTestResult executionId="7516eb85-1b18-4797-9245-9706e7a9617a" testId="49054ef4-05cf-8317-5b6b-bea10be3706d" testName="HttpOperationDescription_All_Properties_Mutable" computerName="GBLOCK-3-17" duration="00:00:00.0015316" startTime="2011-04-14T00:54:59.0385050-07:00" endTime="2011-04-14T00:54:59.0415053-07:00" testType="13cdc9d9-ddb5-4fa4-a97d-d965ccfc6d4b" outcome="Passed" testListId="8c84fa94-04c1-424b-9868-57a2d4851a1d" relativeResultsDirectory="7516eb85-1b18-4797-9245-9706e7a9617a">
    </UnitTestResult>
    <UnitTestResult executionId="6f28545c-6ece-4681-96b9-6cdc233e3a3f" testId="ac80ed78-92e6-31af-46b9-dc7bad94ea62" testName="HttpOperationDescription_Can_Be_Created_From_Simple_Types" computerName="GBLOCK-3-17" duration="00:00:00.0019986" startTime="2011-04-14T00:54:59.0435055-07:00" endTime="2011-04-14T00:54:59.0475059-07:00" testType="13cdc9d9-ddb5-4fa4-a97d-d965ccfc6d4b" outcome="Passed" testListId="8c84fa94-04c1-424b-9868-57a2d4851a1d" relativeResultsDirectory="6f28545c-6ece-4681-96b9-6cdc233e3a3f">
    </UnitTestResult>
    <UnitTestResult executionId="ae185284-93e9-49de-bfc0-46a43999b9b7" testId="5ebdd638-e1a5-38c3-a546-10872fb7da96" testName="HttpOperationDescription_Data_Driven_Parameter_Signatures" computerName="GBLOCK-3-17" duration="00:00:00.0065463" startTime="2011-04-14T00:54:59.0505062-07:00" endTime="2011-04-14T00:54:59.0575069-07:00" testType="13cdc9d9-ddb5-4fa4-a97d-d965ccfc6d4b" outcome="Passed" testListId="8c84fa94-04c1-424b-9868-57a2d4851a1d" relativeResultsDirectory="ae185284-93e9-49de-bfc0-46a43999b9b7">
    </UnitTestResult>
    <UnitTestResult executionId="1dcd95da-09c7-4888-9df8-a26c86e05208" testId="d79ded41-80b5-0e0b-7d48-b52c2c49ab6d" testName="HttpOperationDescription_Default_Ctor" computerName="GBLOCK-3-17" duration="00:00:00.0009985" startTime="2011-04-14T00:54:59.0605072-07:00" endTime="2011-04-14T00:54:59.0625074-07:00" testType="13cdc9d9-ddb5-4fa4-a97d-d965ccfc6d4b" outcome="Passed" testListId="8c84fa94-04c1-424b-9868-57a2d4851a1d" relativeResultsDirectory="1dcd95da-09c7-4888-9df8-a26c86e05208">
    </UnitTestResult>
    <UnitTestResult executionId="5a8f6628-e459-4a8d-b36a-ff7a5df392c2" testId="cb4bf09b-8149-1a33-ccf0-30c93d1d2093" testName="HttpOperationDescription_Delete_InputParameters_From_HttpOperationDescription" computerName="GBLOCK-3-17" duration="00:00:00.0028785" startTime="2011-04-14T00:54:59.0655077-07:00" endTime="2011-04-14T00:54:59.0685080-07:00" testType="13cdc9d9-ddb5-4fa4-a97d-d965ccfc6d4b" outcome="Passed" testListId="8c84fa94-04c1-424b-9868-57a2d4851a1d" relativeResultsDirectory="5a8f6628-e459-4a8d-b36a-ff7a5df392c2">
    </UnitTestResult>
    <UnitTestResult executionId="b9a8d687-3701-44e9-a01d-09fabda4258c" testId="3d275e0f-5f20-8a05-ee0f-7f09b23951aa" testName="HttpOperationDescription_Delete_OutputParameters_From_HttpOperationDescription" computerName="GBLOCK-3-17" duration="00:00:00.0020317" startTime="2011-04-14T00:54:59.0705082-07:00" endTime="2011-04-14T00:54:59.0755087-07:00" testType="13cdc9d9-ddb5-4fa4-a97d-d965ccfc6d4b" outcome="Passed" testListId="8c84fa94-04c1-424b-9868-57a2d4851a1d" relativeResultsDirectory="b9a8d687-3701-44e9-a01d-09fabda4258c">
    </UnitTestResult>
    <UnitTestResult executionId="d88e472f-86a5-44b4-8061-390a60b629a4" testId="7e383a20-67e6-8fb6-209f-841747b382a2" testName="HttpOperationDescription_Extension_Method_Null_Throws" computerName="GBLOCK-3-17" duration="00:00:00.0004530" startTime="2011-04-14T00:54:59.0795091-07:00" endTime="2011-04-14T00:54:59.0815093-07:00" testType="13cdc9d9-ddb5-4fa4-a97d-d965ccfc6d4b" outcome="Passed" testListId="8c84fa94-04c1-424b-9868-57a2d4851a1d" relativeResultsDirectory="d88e472f-86a5-44b4-8061-390a60b629a4">
    </UnitTestResult>
    <UnitTestResult executionId="8ec4cf2e-f715-4b75-a77c-b0235c53356b" testId="cbff3cb2-4ddc-93a4-97e9-a5295dcb7407" testName="HttpOperationDescription_Extension_Method_Returns_HttpOperationDescription" computerName="GBLOCK-3-17" duration="00:00:00.0011817" startTime="2011-04-14T00:54:59.0845096-07:00" endTime="2011-04-14T00:54:59.0855097-07:00" testType="13cdc9d9-ddb5-4fa4-a97d-d965ccfc6d4b" outcome="Passed" testListId="8c84fa94-04c1-424b-9868-57a2d4851a1d" relativeResultsDirectory="8ec4cf2e-f715-4b75-a77c-b0235c53356b">
    </UnitTestResult>
    <UnitTestResult executionId="304e397b-ce57-4341-ba87-392306e06482" testId="5d4b7d05-6646-ee8d-12ad-2255c7a7a032" testName="HttpOperationDescription_From_Empty_OperationDescription_Supported" computerName="GBLOCK-3-17" duration="00:00:00.0009715" startTime="2011-04-14T00:54:59.0885100-07:00" endTime="2011-04-14T00:54:59.0905102-07:00" testType="13cdc9d9-ddb5-4fa4-a97d-d965ccfc6d4b" outcome="Passed" testListId="8c84fa94-04c1-424b-9868-57a2d4851a1d" relativeResultsDirectory="304e397b-ce57-4341-ba87-392306e06482">
    </UnitTestResult>
    <UnitTestResult executionId="899cdcd1-3808-4dc1-9027-48c72b83f56e" testId="ea774688-86e4-7957-2359-a29751b87db8" testName="HttpOperationDescription_InputParameter_Matches_Method" computerName="GBLOCK-3-17" duration="00:00:00.0016217" startTime="2011-04-14T00:54:59.0925104-07:00" endTime="2011-04-14T00:54:59.0955107-07:00" testType="13cdc9d9-ddb5-4fa4-a97d-d965ccfc6d4b" outcome="Passed" testListId="8c84fa94-04c1-424b-9868-57a2d4851a1d" relativeResultsDirectory="899cdcd1-3808-4dc1-9027-48c72b83f56e">
    </UnitTestResult>
    <UnitTestResult executionId="eee5f12a-3d76-4220-a051-5b687d10b555" testId="3689be27-b08f-3957-67a8-6a7b3f58f789" testName="HttpOperationDescription_Insert_InputParameters_From_HttpOperationDescription" computerName="GBLOCK-3-17" duration="00:00:00.0027773" startTime="2011-04-14T00:54:59.0985110-07:00" endTime="2011-04-14T00:54:59.1025114-07:00" testType="13cdc9d9-ddb5-4fa4-a97d-d965ccfc6d4b" outcome="Passed" testListId="8c84fa94-04c1-424b-9868-57a2d4851a1d" relativeResultsDirectory="eee5f12a-3d76-4220-a051-5b687d10b555">
    </UnitTestResult>
    <UnitTestResult executionId="bb3c11c2-522e-4b7f-9086-4ceea5da474d" testId="34b5a63d-522e-0eb5-c6f6-6375c3e5c180" testName="HttpOperationDescription_Insert_OutputParameters_From_HttpOperationDescription" computerName="GBLOCK-3-17" duration="00:00:00.0028377" startTime="2011-04-14T00:54:59.1065118-07:00" endTime="2011-04-14T00:54:59.1095121-07:00" testType="13cdc9d9-ddb5-4fa4-a97d-d965ccfc6d4b" outcome="Passed" testListId="8c84fa94-04c1-424b-9868-57a2d4851a1d" relativeResultsDirectory="bb3c11c2-522e-4b7f-9086-4ceea5da474d">
    </UnitTestResult>
    <UnitTestResult executionId="c7df5578-dae0-4806-be8c-9d6d11b9d28f" testId="83b3ee57-0d0b-70bd-1c67-c0ef38c14965" testName="HttpOperationDescription_Multiple_InputParameter_Matches_Method" computerName="GBLOCK-3-17" duration="00:00:00.0024555" startTime="2011-04-14T00:54:59.1145126-07:00" endTime="2011-04-14T00:54:59.1195131-07:00" testType="13cdc9d9-ddb5-4fa4-a97d-d965ccfc6d4b" outcome="Passed" testListId="8c84fa94-04c1-424b-9868-57a2d4851a1d" relativeResultsDirectory="c7df5578-dae0-4806-be8c-9d6d11b9d28f">
    </UnitTestResult>
    <UnitTestResult executionId="b10bfefa-9cf9-42c2-9d6f-b8dc877723eb" testId="73092e8c-06e1-ec0d-602b-d7d495adb333" testName="HttpOperationDescription_Multiple_OutputParameter_Matches_Method" computerName="GBLOCK-3-17" duration="00:00:00.0023670" startTime="2011-04-14T00:54:59.1225134-07:00" endTime="2011-04-14T00:54:59.1255137-07:00" testType="13cdc9d9-ddb5-4fa4-a97d-d965ccfc6d4b" outcome="Passed" testListId="8c84fa94-04c1-424b-9868-57a2d4851a1d" relativeResultsDirectory="b10bfefa-9cf9-42c2-9d6f-b8dc877723eb">
    </UnitTestResult>
    <UnitTestResult executionId="206af2ce-b086-4b4a-97aa-65e75687a57c" testId="05f785be-3999-5748-22ad-03619ae61c6e" testName="HttpOperationDescription_OutputParameter_Matches_Method" computerName="GBLOCK-3-17" duration="00:00:00.0015505" startTime="2011-04-14T00:54:59.1285140-07:00" endTime="2011-04-14T00:54:59.1315143-07:00" testType="13cdc9d9-ddb5-4fa4-a97d-d965ccfc6d4b" outcome="Passed" testListId="8c84fa94-04c1-424b-9868-57a2d4851a1d" relativeResultsDirectory="206af2ce-b086-4b4a-97aa-65e75687a57c">
    </UnitTestResult>
    <UnitTestResult executionId="3b1f7116-23e4-4c49-b001-100b38d3b9c6" testId="faa033b4-345d-b76c-446c-180b10729ed0" testName="HttpOperationDescription_Return_Parameter_Matches_Method" computerName="GBLOCK-3-17" duration="00:00:00.0014054" startTime="2011-04-14T00:54:59.1335145-07:00" endTime="2011-04-14T00:54:59.1365148-07:00" testType="13cdc9d9-ddb5-4fa4-a97d-d965ccfc6d4b" outcome="Passed" testListId="8c84fa94-04c1-424b-9868-57a2d4851a1d" relativeResultsDirectory="3b1f7116-23e4-4c49-b001-100b38d3b9c6">
    </UnitTestResult>
    <UnitTestResult executionId="8a92551e-3f70-4e19-89a8-2fdb106cd1d2" testId="ad767ec5-e5a5-94fa-3000-87a6b5b6e54c" testName="HttpOperationDescription_Return_Parameter_Matches_Void_Method" computerName="GBLOCK-3-17" duration="00:00:00.0012987" startTime="2011-04-14T00:54:59.1395151-07:00" endTime="2011-04-14T00:54:59.1415153-07:00" testType="13cdc9d9-ddb5-4fa4-a97d-d965ccfc6d4b" outcome="Passed" testListId="8c84fa94-04c1-424b-9868-57a2d4851a1d" relativeResultsDirectory="8a92551e-3f70-4e19-89a8-2fdb106cd1d2">
    </UnitTestResult>
    <UnitTestResult executionId="aa6aa6bf-604c-4bcd-956a-aab76797364e" testId="5bc80d73-50ec-d2c2-e2e1-0201623f34f9" testName="HttpOperationDescription_Returns_Attributes" computerName="GBLOCK-3-17" duration="00:00:00.0015055" startTime="2011-04-14T00:54:59.1435155-07:00" endTime="2011-04-14T00:54:59.1465158-07:00" testType="13cdc9d9-ddb5-4fa4-a97d-d965ccfc6d4b" outcome="Passed" testListId="8c84fa94-04c1-424b-9868-57a2d4851a1d" relativeResultsDirectory="aa6aa6bf-604c-4bcd-956a-aab76797364e">
    </UnitTestResult>
    <UnitTestResult executionId="691e681c-7d5a-4061-ba4e-9e767fdd8819" testId="fbd7fc4f-618f-809b-7641-8fb1b385392e" testName="HttpOperationDescription_Unsynchronized_ReturnValue_Setter" computerName="GBLOCK-3-17" duration="00:00:00.0003252" startTime="2011-04-14T00:54:59.1485160-07:00" endTime="2011-04-14T00:54:59.1505162-07:00" testType="13cdc9d9-ddb5-4fa4-a97d-d965ccfc6d4b" outcome="Passed" testListId="8c84fa94-04c1-424b-9868-57a2d4851a1d" relativeResultsDirectory="691e681c-7d5a-4061-ba4e-9e767fdd8819">
    </UnitTestResult>
    <UnitTestResult executionId="e0b3e181-7490-4fc3-a96b-aac79cbcbdd0" testId="95f55900-95f3-ac83-e43e-68e866e38c0c" testName="HttpOperationDescription_Update_InputParameters_From_Incomplete_HttpOperationDescription" computerName="GBLOCK-3-17" duration="00:00:00.0020209" startTime="2011-04-14T00:54:59.1535165-07:00" endTime="2011-04-14T00:54:59.1565168-07:00" testType="13cdc9d9-ddb5-4fa4-a97d-d965ccfc6d4b" outcome="Passed" testListId="8c84fa94-04c1-424b-9868-57a2d4851a1d" relativeResultsDirectory="e0b3e181-7490-4fc3-a96b-aac79cbcbdd0">
    </UnitTestResult>
    <UnitTestResult executionId="fcce967b-8a7c-47a2-b42f-a4400d23ac3f" testId="ba073220-a0c8-a2b0-074f-39089dd868cc" testName="HttpOperationDescription_Update_InputParameters_From_OperationDescription" computerName="GBLOCK-3-17" duration="00:00:00.0025895" startTime="2011-04-14T00:54:59.1595171-07:00" endTime="2011-04-14T00:54:59.1625174-07:00" testType="13cdc9d9-ddb5-4fa4-a97d-d965ccfc6d4b" outcome="Passed" testListId="8c84fa94-04c1-424b-9868-57a2d4851a1d" relativeResultsDirectory="fcce967b-8a7c-47a2-b42f-a4400d23ac3f">
    </UnitTestResult>
    <UnitTestResult executionId="dd146679-65f4-4bd8-889d-39a31c244f4c" testId="05948419-e05f-b848-b48c-42abee7bf534" testName="HttpOperationDescription_Update_OutputParameters_From_Incomplete_HttpOperationDescription" computerName="GBLOCK-3-17" duration="00:00:00.0019712" startTime="2011-04-14T00:54:59.1655177-07:00" endTime="2011-04-14T00:54:59.1695181-07:00" testType="13cdc9d9-ddb5-4fa4-a97d-d965ccfc6d4b" outcome="Passed" testListId="8c84fa94-04c1-424b-9868-57a2d4851a1d" relativeResultsDirectory="dd146679-65f4-4bd8-889d-39a31c244f4c">
    </UnitTestResult>
    <UnitTestResult executionId="3ff7c37b-486f-4979-862f-031e5a648dc4" testId="8bebbe63-ef84-8d98-d02a-d3dc314d4175" testName="HttpOperationDescription_Update_ReturnValue_From_Incomplete_HttpOperationDescription" computerName="GBLOCK-3-17" duration="00:00:00.0057575" startTime="2011-04-14T00:54:59.1785190-07:00" endTime="2011-04-14T00:54:59.1875199-07:00" testType="13cdc9d9-ddb5-4fa4-a97d-d965ccfc6d4b" outcome="Passed" testListId="8c84fa94-04c1-424b-9868-57a2d4851a1d" relativeResultsDirectory="3ff7c37b-486f-4979-862f-031e5a648dc4">
    </UnitTestResult>
    <UnitTestResult executionId="007a10d7-5637-4c17-ac5d-98e40afc9111" testId="c154f3c6-74a2-4149-2ca4-a8af069d820a" testName="HttpOperationDescription_Update_ReturnValue_From_OperationDescription" computerName="GBLOCK-3-17" duration="00:00:00.0035718" startTime="2011-04-14T00:54:59.1905202-07:00" endTime="2011-04-14T00:54:59.2035215-07:00" testType="13cdc9d9-ddb5-4fa4-a97d-d965ccfc6d4b" outcome="Passed" testListId="8c84fa94-04c1-424b-9868-57a2d4851a1d" relativeResultsDirectory="007a10d7-5637-4c17-ac5d-98e40afc9111">
    </UnitTestResult>
    <UnitTestResult executionId="f887a905-6bc7-4c2a-b145-76482ed43ac5" testId="f3a401db-fa2a-ad0f-3297-8ae97747520a" testName="HttpOperationDescription_Update_ReturnValue_Throws_From_Unsynchronized" computerName="GBLOCK-3-17" duration="00:00:00.0029786" startTime="2011-04-14T00:54:59.2175229-07:00" endTime="2011-04-14T00:54:59.2235235-07:00" testType="13cdc9d9-ddb5-4fa4-a97d-d965ccfc6d4b" outcome="Passed" testListId="8c84fa94-04c1-424b-9868-57a2d4851a1d" relativeResultsDirectory="f887a905-6bc7-4c2a-b145-76482ed43ac5">
    </UnitTestResult>
    <UnitTestResult executionId="46aa3235-ece2-43fa-8586-f54f0d4ac2c5" testId="8bb82057-c4ad-9ff5-c611-61a886e2a75f" testName="HttpParameterCollection_Ctor_Empty_List" computerName="GBLOCK-3-17" duration="00:00:00.0006713" startTime="2011-04-14T00:54:59.2255237-07:00" endTime="2011-04-14T00:54:59.2275239-07:00" testType="13cdc9d9-ddb5-4fa4-a97d-d965ccfc6d4b" outcome="Passed" testListId="8c84fa94-04c1-424b-9868-57a2d4851a1d" relativeResultsDirectory="46aa3235-ece2-43fa-8586-f54f0d4ac2c5">
    </UnitTestResult>
    <UnitTestResult executionId="a334dd73-890f-483d-929b-60a2bc6118b9" testId="e8868e07-99d8-10dc-9644-c9a175e32efb" testName="HttpParameterCollection_Ctor_From_Input_MessagePartDescriptionCollection" computerName="GBLOCK-3-17" duration="00:00:00.0020336" startTime="2011-04-14T00:54:59.2305242-07:00" endTime="2011-04-14T00:54:59.2335245-07:00" testType="13cdc9d9-ddb5-4fa4-a97d-d965ccfc6d4b" outcome="Passed" testListId="8c84fa94-04c1-424b-9868-57a2d4851a1d" relativeResultsDirectory="a334dd73-890f-483d-929b-60a2bc6118b9">
    </UnitTestResult>
    <UnitTestResult executionId="36d6e6dc-917c-4dee-bbf5-0bd6ca47c50b" testId="6cfecb0a-58c6-2233-a77e-b88732655839" testName="HttpParameterCollection_Ctor_From_Mock_HttpParameters" computerName="GBLOCK-3-17" duration="00:00:00.0011105" startTime="2011-04-14T00:54:59.2365248-07:00" endTime="2011-04-14T00:54:59.2385250-07:00" testType="13cdc9d9-ddb5-4fa4-a97d-d965ccfc6d4b" outcome="Passed" testListId="8c84fa94-04c1-424b-9868-57a2d4851a1d" relativeResultsDirectory="36d6e6dc-917c-4dee-bbf5-0bd6ca47c50b">
    </UnitTestResult>
    <UnitTestResult executionId="cafc9715-00e0-41f1-82db-360a68687db1" testId="b75b822e-2322-8dd0-c43a-3c10ab57be28" testName="HttpParameterCollection_Ctor_From_Output_MessagePartDescriptionCollection" computerName="GBLOCK-3-17" duration="00:00:00.0017476" startTime="2011-04-14T00:54:59.2415253-07:00" endTime="2011-04-14T00:54:59.2465258-07:00" testType="13cdc9d9-ddb5-4fa4-a97d-d965ccfc6d4b" outcome="Passed" testListId="8c84fa94-04c1-424b-9868-57a2d4851a1d" relativeResultsDirectory="cafc9715-00e0-41f1-82db-360a68687db1">
    </UnitTestResult>
    <UnitTestResult executionId="ddee0245-1e97-4a40-b6c6-afdda79a2141" testId="34228ec8-2abe-e7fe-dfc2-ceec41b7c657" testName="HttpParameterCollection_Ctor_Throws_Null_Descriptions" computerName="GBLOCK-3-17" duration="00:00:00.0004203" startTime="2011-04-14T00:54:59.2485260-07:00" endTime="2011-04-14T00:54:59.2505262-07:00" testType="13cdc9d9-ddb5-4fa4-a97d-d965ccfc6d4b" outcome="Passed" testListId="8c84fa94-04c1-424b-9868-57a2d4851a1d" relativeResultsDirectory="ddee0245-1e97-4a40-b6c6-afdda79a2141">
    </UnitTestResult>
    <UnitTestResult executionId="e07ad339-291a-4801-8972-5d82d1a60a5a" testId="e09dbd5c-5114-33e8-8d51-532af0237f99" testName="HttpParameterCollection_Default_Ctor" computerName="GBLOCK-3-17" duration="00:00:00.0003225" startTime="2011-04-14T00:54:59.2535265-07:00" endTime="2011-04-14T00:54:59.2545266-07:00" testType="13cdc9d9-ddb5-4fa4-a97d-d965ccfc6d4b" outcome="Passed" testListId="8c84fa94-04c1-424b-9868-57a2d4851a1d" relativeResultsDirectory="e07ad339-291a-4801-8972-5d82d1a60a5a">
    </UnitTestResult>
    <UnitTestResult executionId="a719e59e-b1dc-480c-b0bc-d7e943ae920c" testId="716f8506-2bdd-3929-90ef-9945e3b404d0" testName="HttpParameterCollection_Synchronized_CopyTo" computerName="GBLOCK-3-17" duration="00:00:00.0045650" startTime="2011-04-14T00:54:59.2575269-07:00" endTime="2011-04-14T00:54:59.2635275-07:00" testType="13cdc9d9-ddb5-4fa4-a97d-d965ccfc6d4b" outcome="Passed" testListId="8c84fa94-04c1-424b-9868-57a2d4851a1d" relativeResultsDirectory="a719e59e-b1dc-480c-b0bc-d7e943ae920c">
    </UnitTestResult>
    <UnitTestResult executionId="49420a01-4b21-4989-9d2a-64739c2bcb4f" testId="8d1b7c7c-a5d2-38ad-b54f-2cf653ddeb95" testName="HttpParameterCollection_Synchronized_GetEnumerator" computerName="GBLOCK-3-17" duration="00:00:00.0046770" startTime="2011-04-14T00:54:59.2665278-07:00" endTime="2011-04-14T00:54:59.2725284-07:00" testType="13cdc9d9-ddb5-4fa4-a97d-d965ccfc6d4b" outcome="Passed" testListId="8c84fa94-04c1-424b-9868-57a2d4851a1d" relativeResultsDirectory="49420a01-4b21-4989-9d2a-64739c2bcb4f">
    </UnitTestResult>
    <UnitTestResult executionId="99d70b69-3686-43c8-81c8-cd18ebf7ea98" testId="b7ecd5f1-c477-df2f-c20d-ae3566d5fd42" testName="HttpParameterCollection_Synchronized_Implements_Clear" computerName="GBLOCK-3-17" duration="00:00:00.0018019" startTime="2011-04-14T00:54:59.2755287-07:00" endTime="2011-04-14T00:54:59.2785290-07:00" testType="13cdc9d9-ddb5-4fa4-a97d-d965ccfc6d4b" outcome="Passed" testListId="8c84fa94-04c1-424b-9868-57a2d4851a1d" relativeResultsDirectory="99d70b69-3686-43c8-81c8-cd18ebf7ea98">
    </UnitTestResult>
    <UnitTestResult executionId="04761876-b006-49c0-90ae-a94a62a452ce" testId="66e7e9cd-9f8a-647c-6eb0-39e4ddab81e8" testName="HttpParameterCollection_Synchronized_Implements_Contains" computerName="GBLOCK-3-17" duration="00:00:00.0043105" startTime="2011-04-14T00:54:59.2825294-07:00" endTime="2011-04-14T00:54:59.2875299-07:00" testType="13cdc9d9-ddb5-4fa4-a97d-d965ccfc6d4b" outcome="Passed" testListId="8c84fa94-04c1-424b-9868-57a2d4851a1d" relativeResultsDirectory="04761876-b006-49c0-90ae-a94a62a452ce">
    </UnitTestResult>
    <UnitTestResult executionId="a6844c85-2da2-4e0c-81ee-32a3df913b57" testId="d4a934f0-6272-7af4-bf0d-a956dea5efa7" testName="HttpParameterCollection_Synchronized_Incomplete_CopyTo" computerName="GBLOCK-3-17" duration="00:00:00.0023666" startTime="2011-04-14T00:54:59.2905302-07:00" endTime="2011-04-14T00:54:59.2935305-07:00" testType="13cdc9d9-ddb5-4fa4-a97d-d965ccfc6d4b" outcome="Passed" testListId="8c84fa94-04c1-424b-9868-57a2d4851a1d" relativeResultsDirectory="a6844c85-2da2-4e0c-81ee-32a3df913b57">
    </UnitTestResult>
    <UnitTestResult executionId="ba8a6c27-827d-4210-a185-f74843c9b222" testId="c173354a-340a-396f-797b-0c4d3fa1e080" testName="HttpParameterCollection_Synchronized_Incomplete_Generic_GetEnumerator" computerName="GBLOCK-3-17" duration="00:00:00.0019866" startTime="2011-04-14T00:54:59.2965308-07:00" endTime="2011-04-14T00:54:59.2995311-07:00" testType="13cdc9d9-ddb5-4fa4-a97d-d965ccfc6d4b" outcome="Passed" testListId="8c84fa94-04c1-424b-9868-57a2d4851a1d" relativeResultsDirectory="ba8a6c27-827d-4210-a185-f74843c9b222">
    </UnitTestResult>
    <UnitTestResult executionId="601f445b-0f17-4dd9-bedc-00eac816ab68" testId="72e09889-7cf6-57b1-8cc9-5232d50d12c6" testName="HttpParameterCollection_Synchronized_Incomplete_GetEnumerator" computerName="GBLOCK-3-17" duration="00:00:00.0017926" startTime="2011-04-14T00:54:59.3025314-07:00" endTime="2011-04-14T00:54:59.3055317-07:00" testType="13cdc9d9-ddb5-4fa4-a97d-d965ccfc6d4b" outcome="Passed" testListId="8c84fa94-04c1-424b-9868-57a2d4851a1d" relativeResultsDirectory="601f445b-0f17-4dd9-bedc-00eac816ab68">
    </UnitTestResult>
    <UnitTestResult executionId="2871c2b1-fce1-4838-bd0d-4d9f70f0b182" testId="d0e35641-533a-ee48-bfd0-3679c57979d0" testName="HttpParameterCollection_Synchronized_Incomplete_Implements_Clear" computerName="GBLOCK-3-17" duration="00:00:00.0032839" startTime="2011-04-14T00:54:59.3085320-07:00" endTime="2011-04-14T00:54:59.3135325-07:00" testType="13cdc9d9-ddb5-4fa4-a97d-d965ccfc6d4b" outcome="Passed" testListId="8c84fa94-04c1-424b-9868-57a2d4851a1d" relativeResultsDirectory="2871c2b1-fce1-4838-bd0d-4d9f70f0b182">
    </UnitTestResult>
    <UnitTestResult executionId="7ce9bdb8-931a-41ef-802f-7cb04eb1f4e8" testId="3efb2ccf-f363-81d1-1c64-c051e2994e9d" testName="HttpParameterCollection_Synchronized_Incomplete_Implements_Contains" computerName="GBLOCK-3-17" duration="00:00:00.0017403" startTime="2011-04-14T00:54:59.3155327-07:00" endTime="2011-04-14T00:54:59.3185330-07:00" testType="13cdc9d9-ddb5-4fa4-a97d-d965ccfc6d4b" outcome="Passed" testListId="8c84fa94-04c1-424b-9868-57a2d4851a1d" relativeResultsDirectory="7ce9bdb8-931a-41ef-802f-7cb04eb1f4e8">
    </UnitTestResult>
    <UnitTestResult executionId="54b7ae04-9466-4c77-8232-219f2c098ff7" testId="62bc7c9f-e786-0635-725b-93a46524f1cf" testName="HttpParameterCollection_Synchronized_Incomplete_Indexer" computerName="GBLOCK-3-17" duration="00:00:00.0034683" startTime="2011-04-14T00:54:59.3215333-07:00" endTime="2011-04-14T00:54:59.3265338-07:00" testType="13cdc9d9-ddb5-4fa4-a97d-d965ccfc6d4b" outcome="Passed" testListId="8c84fa94-04c1-424b-9868-57a2d4851a1d" relativeResultsDirectory="54b7ae04-9466-4c77-8232-219f2c098ff7">
    </UnitTestResult>
    <UnitTestResult executionId="025d8169-3304-4d98-afe9-84ce0a9fe400" testId="f685d3b9-aa62-5436-3f8d-9c7306b39b04" testName="HttpParameterCollection_Synchronized_Incomplete_IndexOf" computerName="GBLOCK-3-17" duration="00:00:00.0024393" startTime="2011-04-14T00:54:59.3295341-07:00" endTime="2011-04-14T00:54:59.3325344-07:00" testType="13cdc9d9-ddb5-4fa4-a97d-d965ccfc6d4b" outcome="Passed" testListId="8c84fa94-04c1-424b-9868-57a2d4851a1d" relativeResultsDirectory="025d8169-3304-4d98-afe9-84ce0a9fe400">
    </UnitTestResult>
    <UnitTestResult executionId="5fccd38d-a69b-4666-8e4e-4b403b046b06" testId="03139a0a-5102-ae2a-40a6-145d1fe3dcc2" testName="HttpParameterCollection_Synchronized_Incomplete_Insert" computerName="GBLOCK-3-17" duration="00:00:00.0020448" startTime="2011-04-14T00:54:59.3355347-07:00" endTime="2011-04-14T00:54:59.3385350-07:00" testType="13cdc9d9-ddb5-4fa4-a97d-d965ccfc6d4b" outcome="Passed" testListId="8c84fa94-04c1-424b-9868-57a2d4851a1d" relativeResultsDirectory="5fccd38d-a69b-4666-8e4e-4b403b046b06">
    </UnitTestResult>
    <UnitTestResult executionId="1c38a48e-9d18-40f9-9efc-6bfe04b52b1d" testId="a4a40aa7-0d99-cfbf-4763-4aedfaf33062" testName="HttpParameterCollection_Synchronized_Incomplete_IsReadOnly" computerName="GBLOCK-3-17" duration="00:00:00.0028320" startTime="2011-04-14T00:54:59.3425354-07:00" endTime="2011-04-14T00:54:59.3475359-07:00" testType="13cdc9d9-ddb5-4fa4-a97d-d965ccfc6d4b" outcome="Passed" testListId="8c84fa94-04c1-424b-9868-57a2d4851a1d" relativeResultsDirectory="1c38a48e-9d18-40f9-9efc-6bfe04b52b1d">
    </UnitTestResult>
    <UnitTestResult executionId="51f7cb01-8470-48cc-9eb5-3e335586bb95" testId="1032e1d9-c75c-40b9-5be5-c27069bb6e71" testName="HttpParameterCollection_Synchronized_Incomplete_Remove" computerName="GBLOCK-3-17" duration="00:00:00.0021314" startTime="2011-04-14T00:54:59.3505362-07:00" endTime="2011-04-14T00:54:59.3535365-07:00" testType="13cdc9d9-ddb5-4fa4-a97d-d965ccfc6d4b" outcome="Passed" testListId="8c84fa94-04c1-424b-9868-57a2d4851a1d" relativeResultsDirectory="51f7cb01-8470-48cc-9eb5-3e335586bb95">
    </UnitTestResult>
    <UnitTestResult executionId="7ce22a9f-75b0-4226-92a2-7eb593b8a1e4" testId="5fbfecc7-2ddc-f836-3855-f4d3d0245127" testName="HttpParameterCollection_Synchronized_Incomplete_RemoveAt" computerName="GBLOCK-3-17" duration="00:00:00.0023874" startTime="2011-04-14T00:54:59.3565368-07:00" endTime="2011-04-14T00:54:59.3605372-07:00" testType="13cdc9d9-ddb5-4fa4-a97d-d965ccfc6d4b" outcome="Passed" testListId="8c84fa94-04c1-424b-9868-57a2d4851a1d" relativeResultsDirectory="7ce22a9f-75b0-4226-92a2-7eb593b8a1e4">
    </UnitTestResult>
    <UnitTestResult executionId="fa59939d-434f-451d-8b7f-66bdbc352961" testId="9012c12c-9f95-a092-2bfe-aca4449e941f" testName="HttpParameterCollection_Synchronized_Indexer" computerName="GBLOCK-3-17" duration="00:00:00.0043821" startTime="2011-04-14T00:54:59.3635375-07:00" endTime="2011-04-14T00:54:59.3695381-07:00" testType="13cdc9d9-ddb5-4fa4-a97d-d965ccfc6d4b" outcome="Passed" testListId="8c84fa94-04c1-424b-9868-57a2d4851a1d" relativeResultsDirectory="fa59939d-434f-451d-8b7f-66bdbc352961">
    </UnitTestResult>
    <UnitTestResult executionId="373a406b-5b22-408e-a353-70f3efb2e415" testId="2649e114-4d06-7187-2d7d-b9a3b56264f1" testName="HttpParameterCollection_Synchronized_IndexOf" computerName="GBLOCK-3-17" duration="00:00:00.0039079" startTime="2011-04-14T00:54:59.3725384-07:00" endTime="2011-04-14T00:54:59.3765388-07:00" testType="13cdc9d9-ddb5-4fa4-a97d-d965ccfc6d4b" outcome="Passed" testListId="8c84fa94-04c1-424b-9868-57a2d4851a1d" relativeResultsDirectory="373a406b-5b22-408e-a353-70f3efb2e415">
    </UnitTestResult>
    <UnitTestResult executionId="e41fcbb8-0e22-449f-b944-6aa71e9c0a16" testId="9b1111f1-8c0a-b403-67eb-fcf31485f3a2" testName="HttpParameterCollection_Synchronized_Insert" computerName="GBLOCK-3-17" duration="00:00:00.0045161" startTime="2011-04-14T00:54:59.3795391-07:00" endTime="2011-04-14T00:54:59.3855397-07:00" testType="13cdc9d9-ddb5-4fa4-a97d-d965ccfc6d4b" outcome="Passed" testListId="8c84fa94-04c1-424b-9868-57a2d4851a1d" relativeResultsDirectory="e41fcbb8-0e22-449f-b944-6aa71e9c0a16">
    </UnitTestResult>
    <UnitTestResult executionId="efcc07ee-f8d7-4c1e-bd30-b7fba31eb272" testId="c2d216c7-e519-601d-d75c-bbd0ba778eee" testName="HttpParameterCollection_Synchronized_IsReadOnly" computerName="GBLOCK-3-17" duration="00:00:00.0033097" startTime="2011-04-14T00:54:59.3895401-07:00" endTime="2011-04-14T00:54:59.4005412-07:00" testType="13cdc9d9-ddb5-4fa4-a97d-d965ccfc6d4b" outcome="Passed" testListId="8c84fa94-04c1-424b-9868-57a2d4851a1d" relativeResultsDirectory="efcc07ee-f8d7-4c1e-bd30-b7fba31eb272">
    </UnitTestResult>
    <UnitTestResult executionId="a73e3f09-d4b9-40b9-aa7e-da7db384a4f9" testId="12b44917-701f-481f-c1f5-b7bfe48628cc" testName="HttpParameterCollection_Synchronized_OneWay_CopyTo" computerName="GBLOCK-3-17" duration="00:00:00.0031746" startTime="2011-04-14T00:54:59.4135425-07:00" endTime="2011-04-14T00:54:59.4255437-07:00" testType="13cdc9d9-ddb5-4fa4-a97d-d965ccfc6d4b" outcome="Passed" testListId="8c84fa94-04c1-424b-9868-57a2d4851a1d" relativeResultsDirectory="a73e3f09-d4b9-40b9-aa7e-da7db384a4f9">
    </UnitTestResult>
    <UnitTestResult executionId="9d6a9f62-e386-4834-89cd-c7b487122bb6" testId="f6716144-d961-088d-96f1-131590211231" testName="HttpParameterCollection_Synchronized_Remove" computerName="GBLOCK-3-17" duration="00:00:00.0047875" startTime="2011-04-14T00:54:59.4285440-07:00" endTime="2011-04-14T00:54:59.4415453-07:00" testType="13cdc9d9-ddb5-4fa4-a97d-d965ccfc6d4b" outcome="Passed" testListId="8c84fa94-04c1-424b-9868-57a2d4851a1d" relativeResultsDirectory="9d6a9f62-e386-4834-89cd-c7b487122bb6">
    </UnitTestResult>
    <UnitTestResult executionId="f71271b6-e8f2-455f-be26-c3d5f55571c0" testId="7dc361e7-9a23-17db-5f27-d4e968d8aa38" testName="HttpParameterCollection_Synchronized_RemoveAt" computerName="GBLOCK-3-17" duration="00:00:00.0042278" startTime="2011-04-14T00:54:59.4445456-07:00" endTime="2011-04-14T00:54:59.4495461-07:00" testType="13cdc9d9-ddb5-4fa4-a97d-d965ccfc6d4b" outcome="Passed" testListId="8c84fa94-04c1-424b-9868-57a2d4851a1d" relativeResultsDirectory="f71271b6-e8f2-455f-be26-c3d5f55571c0">
    </UnitTestResult>
    <UnitTestResult executionId="158207d1-4ebe-4e6d-8e09-2c82d6a41fa0" testId="96076a2f-a94c-d983-91d1-81dba1e3d33b" testName="HttpParameterCollection_Unsynchronized_Contains" computerName="GBLOCK-3-17" duration="00:00:00.0010967" startTime="2011-04-14T00:54:59.4535465-07:00" endTime="2011-04-14T00:54:59.4555467-07:00" testType="13cdc9d9-ddb5-4fa4-a97d-d965ccfc6d4b" outcome="Passed" testListId="8c84fa94-04c1-424b-9868-57a2d4851a1d" relativeResultsDirectory="158207d1-4ebe-4e6d-8e09-2c82d6a41fa0">
    </UnitTestResult>
    <UnitTestResult executionId="76aadf5d-1fc0-4102-a46e-2d5dccb552cc" testId="40d4b4cb-3e53-39fc-649e-48311a84b0ba" testName="HttpParameterCollection_Unsynchronized_CopyTo" computerName="GBLOCK-3-17" duration="00:00:00.0013061" startTime="2011-04-14T00:54:59.4595471-07:00" endTime="2011-04-14T00:54:59.4615473-07:00" testType="13cdc9d9-ddb5-4fa4-a97d-d965ccfc6d4b" outcome="Passed" testListId="8c84fa94-04c1-424b-9868-57a2d4851a1d" relativeResultsDirectory="76aadf5d-1fc0-4102-a46e-2d5dccb552cc">
    </UnitTestResult>
    <UnitTestResult executionId="ca43e5f0-dec0-4e7a-969c-029c7ccb3af1" testId="9ff2c1ae-7a89-7e0a-ad03-427034f0d09e" testName="HttpParameterCollection_Unsynchronized_GetEnumerator" computerName="GBLOCK-3-17" duration="00:00:00.0005854" startTime="2011-04-14T00:54:59.4645476-07:00" endTime="2011-04-14T00:54:59.4665478-07:00" testType="13cdc9d9-ddb5-4fa4-a97d-d965ccfc6d4b" outcome="Passed" testListId="8c84fa94-04c1-424b-9868-57a2d4851a1d" relativeResultsDirectory="ca43e5f0-dec0-4e7a-969c-029c7ccb3af1">
    </UnitTestResult>
    <UnitTestResult executionId="b5f78707-c66e-4fe6-828a-b449057dc9b0" testId="c60345cf-5794-990b-ad57-8290a339a96d" testName="HttpParameterCollection_Unsynchronized_Implements_Clear" computerName="GBLOCK-3-17" duration="00:00:00.0004823" startTime="2011-04-14T00:54:59.4705482-07:00" endTime="2011-04-14T00:54:59.4725484-07:00" testType="13cdc9d9-ddb5-4fa4-a97d-d965ccfc6d4b" outcome="Passed" testListId="8c84fa94-04c1-424b-9868-57a2d4851a1d" relativeResultsDirectory="b5f78707-c66e-4fe6-828a-b449057dc9b0">
    </UnitTestResult>
    <UnitTestResult executionId="090f8148-bf5e-4328-b6fa-256ec12d5aea" testId="38f77566-8bf3-d7dc-d803-6ba119af5b7c" testName="HttpParameterCollection_Unsynchronized_Indexer" computerName="GBLOCK-3-17" duration="00:00:00.0018804" startTime="2011-04-14T00:54:59.4745486-07:00" endTime="2011-04-14T00:54:59.4785490-07:00" testType="13cdc9d9-ddb5-4fa4-a97d-d965ccfc6d4b" outcome="Passed" testListId="8c84fa94-04c1-424b-9868-57a2d4851a1d" relativeResultsDirectory="090f8148-bf5e-4328-b6fa-256ec12d5aea">
    </UnitTestResult>
    <UnitTestResult executionId="2afe40a0-5465-4a6a-a1e4-b135ad9a821b" testId="5801680a-2654-4432-88fb-f172b451c0df" testName="HttpParameterCollection_Unsynchronized_IndexOf" computerName="GBLOCK-3-17" duration="00:00:00.0009184" startTime="2011-04-14T00:54:59.4815493-07:00" endTime="2011-04-14T00:54:59.4835495-07:00" testType="13cdc9d9-ddb5-4fa4-a97d-d965ccfc6d4b" outcome="Passed" testListId="8c84fa94-04c1-424b-9868-57a2d4851a1d" relativeResultsDirectory="2afe40a0-5465-4a6a-a1e4-b135ad9a821b">
    </UnitTestResult>
    <UnitTestResult executionId="8457c030-0dce-47e9-b0d8-c485b16f9f4a" testId="85ed0afd-4ce2-9127-cb73-77fd5a824ae0" testName="HttpParameterCollection_Unsynchronized_Insert" computerName="GBLOCK-3-17" duration="00:00:00.0013838" startTime="2011-04-14T00:54:59.4855497-07:00" endTime="2011-04-14T00:54:59.4895501-07:00" testType="13cdc9d9-ddb5-4fa4-a97d-d965ccfc6d4b" outcome="Passed" testListId="8c84fa94-04c1-424b-9868-57a2d4851a1d" relativeResultsDirectory="8457c030-0dce-47e9-b0d8-c485b16f9f4a">
    </UnitTestResult>
    <UnitTestResult executionId="b8ef48dd-2229-4d51-81a9-5d6ce7073835" testId="425be434-a642-3d7d-9374-c9442d222d12" testName="HttpParameterCollection_Unsynchronized_IsReadOnly" computerName="GBLOCK-3-17" duration="00:00:00.0002994" startTime="2011-04-14T00:54:59.4925504-07:00" endTime="2011-04-14T00:54:59.4935505-07:00" testType="13cdc9d9-ddb5-4fa4-a97d-d965ccfc6d4b" outcome="Passed" testListId="8c84fa94-04c1-424b-9868-57a2d4851a1d" relativeResultsDirectory="b8ef48dd-2229-4d51-81a9-5d6ce7073835">
    </UnitTestResult>
    <UnitTestResult executionId="6139f02b-68d8-49b0-8846-e74c8988416f" testId="70144da5-e0ec-dc6a-8906-80f2a8070903" testName="HttpParameterCollection_Unsynchronized_Remove" computerName="GBLOCK-3-17" duration="00:00:00.0009754" startTime="2011-04-14T00:54:59.4965508-07:00" endTime="2011-04-14T00:54:59.4995511-07:00" testType="13cdc9d9-ddb5-4fa4-a97d-d965ccfc6d4b" outcome="Passed" testListId="8c84fa94-04c1-424b-9868-57a2d4851a1d" relativeResultsDirectory="6139f02b-68d8-49b0-8846-e74c8988416f">
    </UnitTestResult>
    <UnitTestResult executionId="5ba4815b-54fe-410e-b22a-1523130d2376" testId="6a0cad72-1acb-e497-a96b-e3cc78f1fe35" testName="HttpParameterCollection_Unsynchronized_RemoveAt" computerName="GBLOCK-3-17" duration="00:00:00.0011906" startTime="2011-04-14T00:54:59.5015513-07:00" endTime="2011-04-14T00:54:59.5035515-07:00" testType="13cdc9d9-ddb5-4fa4-a97d-d965ccfc6d4b" outcome="Passed" testListId="8c84fa94-04c1-424b-9868-57a2d4851a1d" relativeResultsDirectory="5ba4815b-54fe-410e-b22a-1523130d2376">
    </UnitTestResult>
    <UnitTestResult executionId="1e113fd1-672d-48ba-9f9e-1711dd6298f1" testId="b4e70e05-061e-d3e9-badc-aa31f3ca177d" testName="Constructor" computerName="GBLOCK-3-17" duration="00:00:00.0006143" startTime="2011-04-14T00:54:59.5065518-07:00" endTime="2011-04-14T00:54:59.5085520-07:00" testType="13cdc9d9-ddb5-4fa4-a97d-d965ccfc6d4b" outcome="Passed" testListId="8c84fa94-04c1-424b-9868-57a2d4851a1d" relativeResultsDirectory="1e113fd1-672d-48ba-9f9e-1711dd6298f1">
    </UnitTestResult>
    <UnitTestResult executionId="e0d02118-f417-4185-8d03-13c3ba4e1aa5" testId="8137b266-acdf-e63f-3b0a-aeb6ea6d4f49" testName="Constructor1" computerName="GBLOCK-3-17" duration="00:00:00.0025094" startTime="2011-04-14T00:54:59.5125524-07:00" endTime="2011-04-14T00:54:59.5165528-07:00" testType="13cdc9d9-ddb5-4fa4-a97d-d965ccfc6d4b" outcome="Passed" testListId="8c84fa94-04c1-424b-9868-57a2d4851a1d" relativeResultsDirectory="e0d02118-f417-4185-8d03-13c3ba4e1aa5">
    </UnitTestResult>
    <UnitTestResult executionId="d7c03dfb-ee65-4c62-9b99-56068de5072d" testId="6fd793ea-543c-99c0-f109-b34c2d96e9f0" testName="ConstructorThrowsWithEmptyName" computerName="GBLOCK-3-17" duration="00:00:00.0017768" startTime="2011-04-14T00:54:59.5185530-07:00" endTime="2011-04-14T00:54:59.5215533-07:00" testType="13cdc9d9-ddb5-4fa4-a97d-d965ccfc6d4b" outcome="Passed" testListId="8c84fa94-04c1-424b-9868-57a2d4851a1d" relativeResultsDirectory="d7c03dfb-ee65-4c62-9b99-56068de5072d">
    </UnitTestResult>
    <UnitTestResult executionId="71eb0415-b639-41ab-b0f6-ac683b6b44b3" testId="91ad8264-f108-2966-c640-ddd55aa5fd12" testName="ConstructorThrowsWithNullType" computerName="GBLOCK-3-17" duration="00:00:00.0005219" startTime="2011-04-14T00:54:59.5255537-07:00" endTime="2011-04-14T00:54:59.5265538-07:00" testType="13cdc9d9-ddb5-4fa4-a97d-d965ccfc6d4b" outcome="Passed" testListId="8c84fa94-04c1-424b-9868-57a2d4851a1d" relativeResultsDirectory="71eb0415-b639-41ab-b0f6-ac683b6b44b3">
    </UnitTestResult>
    <UnitTestResult executionId="ef1ee56b-9b91-4a00-a784-669513176d3f" testId="c7420587-d750-da33-a126-fb8ac77e0338" testName="IsAssignableFromParameterOfTReturnsTrueForAllValueTypes" computerName="GBLOCK-3-17" duration="00:00:00.1256293" startTime="2011-04-14T00:54:59.5285540-07:00" endTime="2011-04-14T00:54:59.6555667-07:00" testType="13cdc9d9-ddb5-4fa4-a97d-d965ccfc6d4b" outcome="Passed" testListId="8c84fa94-04c1-424b-9868-57a2d4851a1d" relativeResultsDirectory="ef1ee56b-9b91-4a00-a784-669513176d3f">
    </UnitTestResult>
    <UnitTestResult executionId="1be3b6f6-6e1f-4314-bb2a-64a37d5e2c61" testId="d04d17a7-3cf3-f49e-3705-2736ffe2df40" testName="IsAssignableFromParameterReturnsFalseForReferenceTypeToValueType" computerName="GBLOCK-3-17" duration="00:00:00.0013003" startTime="2011-04-14T00:54:59.6595671-07:00" endTime="2011-04-14T00:54:59.6615673-07:00" testType="13cdc9d9-ddb5-4fa4-a97d-d965ccfc6d4b" outcome="Passed" testListId="8c84fa94-04c1-424b-9868-57a2d4851a1d" relativeResultsDirectory="1be3b6f6-6e1f-4314-bb2a-64a37d5e2c61">
    </UnitTestResult>
    <UnitTestResult executionId="b60c06b7-f39e-4c84-9430-4bdb89ebb824" testId="91d16855-e081-8da6-23b0-afb3c3581319" testName="IsAssignableFromParameterReturnsTrueForAllHttpRequestMessageOfTTypes" computerName="GBLOCK-3-17" duration="00:00:00.0679142" startTime="2011-04-14T00:54:59.6645676-07:00" endTime="2011-04-14T00:54:59.7335745-07:00" testType="13cdc9d9-ddb5-4fa4-a97d-d965ccfc6d4b" outcome="Passed" testListId="8c84fa94-04c1-424b-9868-57a2d4851a1d" relativeResultsDirectory="b60c06b7-f39e-4c84-9430-4bdb89ebb824">
    </UnitTestResult>
    <UnitTestResult executionId="2476771d-6583-46c3-a196-ace57908b799" testId="f52f2d02-fcd1-67b0-e7b0-123c650353f3" testName="IsAssignableFromParameterReturnsTrueForAllHttpResponseMessageOfTTypes" computerName="GBLOCK-3-17" duration="00:00:00.0484114" startTime="2011-04-14T00:54:59.7365748-07:00" endTime="2011-04-14T00:54:59.7865798-07:00" testType="13cdc9d9-ddb5-4fa4-a97d-d965ccfc6d4b" outcome="Passed" testListId="8c84fa94-04c1-424b-9868-57a2d4851a1d" relativeResultsDirectory="2476771d-6583-46c3-a196-ace57908b799">
    </UnitTestResult>
    <UnitTestResult executionId="45dfda9b-4cb6-494a-a21c-c047332e07ad" testId="28f84c5b-1757-1f27-8261-8532814ff19c" testName="IsAssignableFromParameterReturnsTrueForAllObjectContentOfTTypes" computerName="GBLOCK-3-17" duration="00:00:00.0675500" startTime="2011-04-14T00:54:59.7895801-07:00" endTime="2011-04-14T00:54:59.8585870-07:00" testType="13cdc9d9-ddb5-4fa4-a97d-d965ccfc6d4b" outcome="Passed" testListId="8c84fa94-04c1-424b-9868-57a2d4851a1d" relativeResultsDirectory="45dfda9b-4cb6-494a-a21c-c047332e07ad">
    </UnitTestResult>
    <UnitTestResult executionId="b7f23c4d-1f73-4be9-8290-72dc421cf44b" testId="4cb17b90-2997-6bc7-f26e-5a66ff5278d0" testName="IsAssignableFromParameterReturnsTrueForAllValueTypes" computerName="GBLOCK-3-17" duration="00:00:00.0092236" startTime="2011-04-14T00:54:59.8615873-07:00" endTime="2011-04-14T00:54:59.8725884-07:00" testType="13cdc9d9-ddb5-4fa4-a97d-d965ccfc6d4b" outcome="Passed" testListId="8c84fa94-04c1-424b-9868-57a2d4851a1d" relativeResultsDirectory="b7f23c4d-1f73-4be9-8290-72dc421cf44b">
    </UnitTestResult>
    <UnitTestResult executionId="bdf15112-67bc-41a8-b17f-93bfc8b899ec" testId="e708bfbe-5276-b988-ebf4-412d205196fe" testName="IsAssignableFromParameterReturnsTrueForStringForAllValueTypes" computerName="GBLOCK-3-17" duration="00:00:00.0038859" startTime="2011-04-14T00:54:59.8755887-07:00" endTime="2011-04-14T00:54:59.8805892-07:00" testType="13cdc9d9-ddb5-4fa4-a97d-d965ccfc6d4b" outcome="Passed" testListId="8c84fa94-04c1-424b-9868-57a2d4851a1d" relativeResultsDirectory="bdf15112-67bc-41a8-b17f-93bfc8b899ec">
    </UnitTestResult>
    <UnitTestResult executionId="f3a7ece8-68a5-44cb-8ef2-35682e7e11ab" testId="cacc3872-efff-ed9b-e1f9-0292b5ac8da8" testName="IsAssignableFromParameterThrowsWithNullType" computerName="GBLOCK-3-17" duration="00:00:00.0009346" startTime="2011-04-14T00:54:59.8845896-07:00" endTime="2011-04-14T00:54:59.8885900-07:00" testType="13cdc9d9-ddb5-4fa4-a97d-d965ccfc6d4b" outcome="Passed" testListId="8c84fa94-04c1-424b-9868-57a2d4851a1d" relativeResultsDirectory="f3a7ece8-68a5-44cb-8ef2-35682e7e11ab">
    </UnitTestResult>
    <UnitTestResult executionId="b192b311-66f5-494c-8bc3-4050d4e2837b" testId="824b647a-192a-3237-8ba0-89ac4a10b7f5" testName="IsContentParameterIsMutable" computerName="GBLOCK-3-17" duration="00:00:00.0007048" startTime="2011-04-14T00:54:59.9005912-07:00" endTime="2011-04-14T00:54:59.9035915-07:00" testType="13cdc9d9-ddb5-4fa4-a97d-d965ccfc6d4b" outcome="Passed" testListId="8c84fa94-04c1-424b-9868-57a2d4851a1d" relativeResultsDirectory="b192b311-66f5-494c-8bc3-4050d4e2837b">
    </UnitTestResult>
    <UnitTestResult executionId="26209597-56cf-4fe9-9ddf-37546a423a54" testId="c5aa9e59-1ae1-4426-a62e-b518a9380806" testName="IsContentParameterReturnsFalseByDefault" computerName="GBLOCK-3-17" duration="00:00:00.0006844" startTime="2011-04-14T00:54:59.9065918-07:00" endTime="2011-04-14T00:54:59.9095921-07:00" testType="13cdc9d9-ddb5-4fa4-a97d-d965ccfc6d4b" outcome="Passed" testListId="8c84fa94-04c1-424b-9868-57a2d4851a1d" relativeResultsDirectory="26209597-56cf-4fe9-9ddf-37546a423a54">
    </UnitTestResult>
    <UnitTestResult executionId="33367f4c-5b24-40a5-9582-fa2eeb90a86c" testId="179bb5cb-2da2-4b26-fb7e-ffde5e4f502c" testName="Name" computerName="GBLOCK-3-17" duration="00:00:00.0003699" startTime="2011-04-14T00:54:59.9125924-07:00" endTime="2011-04-14T00:54:59.9145926-07:00" testType="13cdc9d9-ddb5-4fa4-a97d-d965ccfc6d4b" outcome="Passed" testListId="8c84fa94-04c1-424b-9868-57a2d4851a1d" relativeResultsDirectory="33367f4c-5b24-40a5-9582-fa2eeb90a86c">
    </UnitTestResult>
    <UnitTestResult executionId="07ebd98a-a650-4145-beb6-40c5225f3200" testId="6895f33b-f4dd-253e-0f2a-71860df4cbf7" testName="RequestContentReturnsHttpContentHttpParameter" computerName="GBLOCK-3-17" duration="00:00:00.0005716" startTime="2011-04-14T00:54:59.9175929-07:00" endTime="2011-04-14T00:54:59.9185930-07:00" testType="13cdc9d9-ddb5-4fa4-a97d-d965ccfc6d4b" outcome="Passed" testListId="8c84fa94-04c1-424b-9868-57a2d4851a1d" relativeResultsDirectory="07ebd98a-a650-4145-beb6-40c5225f3200">
    </UnitTestResult>
    <UnitTestResult executionId="18449f21-27c5-42ec-8488-de4858134af7" testId="01f7c076-c9ef-6ea6-b71f-e97a4dff9256" testName="RequestHeadersReturnsHeadersHttpParameter" computerName="GBLOCK-3-17" duration="00:00:00.0005250" startTime="2011-04-14T00:54:59.9205932-07:00" endTime="2011-04-14T00:54:59.9225934-07:00" testType="13cdc9d9-ddb5-4fa4-a97d-d965ccfc6d4b" outcome="Passed" testListId="8c84fa94-04c1-424b-9868-57a2d4851a1d" relativeResultsDirectory="18449f21-27c5-42ec-8488-de4858134af7">
    </UnitTestResult>
    <UnitTestResult executionId="22139020-5af1-4958-bc4b-8d405cf7d7af" testId="2f2db280-83df-407d-afc4-c1315b5f3073" testName="RequestMessageReturnsHttpRequestMessageHttpParameter" computerName="GBLOCK-3-17" duration="00:00:00.0005439" startTime="2011-04-14T00:54:59.9255937-07:00" endTime="2011-04-14T00:54:59.9265938-07:00" testType="13cdc9d9-ddb5-4fa4-a97d-d965ccfc6d4b" outcome="Passed" testListId="8c84fa94-04c1-424b-9868-57a2d4851a1d" relativeResultsDirectory="22139020-5af1-4958-bc4b-8d405cf7d7af">
    </UnitTestResult>
    <UnitTestResult executionId="26cfa271-87dd-49fd-b35a-a6d183374c7f" testId="c5aef997-2b7d-c017-fff3-6c697c46caaf" testName="RequestMethodReturnsHttpMethodHttpParameter" computerName="GBLOCK-3-17" duration="00:00:00.0005523" startTime="2011-04-14T00:54:59.9295941-07:00" endTime="2011-04-14T00:54:59.9315943-07:00" testType="13cdc9d9-ddb5-4fa4-a97d-d965ccfc6d4b" outcome="Passed" testListId="8c84fa94-04c1-424b-9868-57a2d4851a1d" relativeResultsDirectory="26cfa271-87dd-49fd-b35a-a6d183374c7f">
    </UnitTestResult>
    <UnitTestResult executionId="281b8fb4-f50c-4329-bd54-e1e7bbe07e14" testId="28f78aec-6217-1a62-25bb-5dbcd1b3365d" testName="RequestUriReturnsUriHttpParameter" computerName="GBLOCK-3-17" duration="00:00:00.0012614" startTime="2011-04-14T00:54:59.9335945-07:00" endTime="2011-04-14T00:54:59.9365948-07:00" testType="13cdc9d9-ddb5-4fa4-a97d-d965ccfc6d4b" outcome="Passed" testListId="8c84fa94-04c1-424b-9868-57a2d4851a1d" relativeResultsDirectory="281b8fb4-f50c-4329-bd54-e1e7bbe07e14">
    </UnitTestResult>
    <UnitTestResult executionId="477226e9-ddab-4c49-8052-95f17a877ec9" testId="d7783af3-25c2-80fd-f4cd-42607f0d842b" testName="ResponseContentReturnsHttpContentHttpParameter" computerName="GBLOCK-3-17" duration="00:00:00.0005262" startTime="2011-04-14T00:54:59.9385950-07:00" endTime="2011-04-14T00:54:59.9405952-07:00" testType="13cdc9d9-ddb5-4fa4-a97d-d965ccfc6d4b" outcome="Passed" testListId="8c84fa94-04c1-424b-9868-57a2d4851a1d" relativeResultsDirectory="477226e9-ddab-4c49-8052-95f17a877ec9">
    </UnitTestResult>
    <UnitTestResult executionId="e4ba67e5-157a-4282-b149-5cca674cf448" testId="baeb4ade-1830-e8ce-6809-0098cc92a6fc" testName="ResponseHeadersReturnsHttpResponseHeadersHttpParameter" computerName="GBLOCK-3-17" duration="00:00:00.0005466" startTime="2011-04-14T00:54:59.9435955-07:00" endTime="2011-04-14T00:54:59.9455957-07:00" testType="13cdc9d9-ddb5-4fa4-a97d-d965ccfc6d4b" outcome="Passed" testListId="8c84fa94-04c1-424b-9868-57a2d4851a1d" relativeResultsDirectory="e4ba67e5-157a-4282-b149-5cca674cf448">
    </UnitTestResult>
    <UnitTestResult executionId="b470d9f6-05e0-48e7-b978-687234b3eb4d" testId="412b3303-8591-425e-ccac-76d84585be54" testName="ResponseMessageReturnsHttpResponseMessageHttpParameter" computerName="GBLOCK-3-17" duration="00:00:00.0033767" startTime="2011-04-14T00:54:59.9475959-07:00" endTime="2011-04-14T00:54:59.9525964-07:00" testType="13cdc9d9-ddb5-4fa4-a97d-d965ccfc6d4b" outcome="Passed" testListId="8c84fa94-04c1-424b-9868-57a2d4851a1d" relativeResultsDirectory="b470d9f6-05e0-48e7-b978-687234b3eb4d">
    </UnitTestResult>
    <UnitTestResult executionId="af90fb4c-eeb3-4d84-b552-c12b2f36ec67" testId="ac979d85-7b6c-d558-50cc-f9156244b6d6" testName="ResponseStatusCodeReturnsStatusCodeHttpParameter" computerName="GBLOCK-3-17" duration="00:00:00.0005419" startTime="2011-04-14T00:54:59.9555967-07:00" endTime="2011-04-14T00:54:59.9565968-07:00" testType="13cdc9d9-ddb5-4fa4-a97d-d965ccfc6d4b" outcome="Passed" testListId="8c84fa94-04c1-424b-9868-57a2d4851a1d" relativeResultsDirectory="af90fb4c-eeb3-4d84-b552-c12b2f36ec67">
    </UnitTestResult>
    <UnitTestResult executionId="2e12d12e-f651-4481-9bea-fc87f6ae8236" testId="5c3f6048-94d8-19ef-a533-9fa3495a815e" testName="Type" computerName="GBLOCK-3-17" duration="00:00:00.0003252" startTime="2011-04-14T00:54:59.9615973-07:00" endTime="2011-04-14T00:54:59.9635975-07:00" testType="13cdc9d9-ddb5-4fa4-a97d-d965ccfc6d4b" outcome="Passed" testListId="8c84fa94-04c1-424b-9868-57a2d4851a1d" relativeResultsDirectory="2e12d12e-f651-4481-9bea-fc87f6ae8236">
    </UnitTestResult>
    <UnitTestResult executionId="1c4c76e1-26b7-4755-82f7-4a8392c98a46" testId="9477fca3-38e3-3c2e-1416-56dfff34abd0" testName="TypeIsCorrect" computerName="GBLOCK-3-17" duration="00:00:00.0003272" startTime="2011-04-14T00:54:59.9665978-07:00" endTime="2011-04-14T00:54:59.9675979-07:00" testType="13cdc9d9-ddb5-4fa4-a97d-d965ccfc6d4b" outcome="Passed" testListId="8c84fa94-04c1-424b-9868-57a2d4851a1d" relativeResultsDirectory="1c4c76e1-26b7-4755-82f7-4a8392c98a46">
    </UnitTestResult>
    <UnitTestResult executionId="6aa97cdb-3f58-4e99-a92d-9bb94814349f" testId="081ad458-86b0-6931-8841-c89dbcba83c9" testName="TypeReturnsTypeFromMessagePartDescription" computerName="GBLOCK-3-17" duration="00:00:00.0018885" startTime="2011-04-14T00:54:59.9705982-07:00" endTime="2011-04-14T00:54:59.9735985-07:00" testType="13cdc9d9-ddb5-4fa4-a97d-d965ccfc6d4b" outcome="Passed" testListId="8c84fa94-04c1-424b-9868-57a2d4851a1d" relativeResultsDirectory="6aa97cdb-3f58-4e99-a92d-9bb94814349f">
    </UnitTestResult>
    <UnitTestResult executionId="a6f324b9-1286-4cb4-ba76-2beb0cb1db67" testId="ea7ade92-61b8-cdde-0e10-3b279dc2a7a7" testName="UnitTestClassIsCorrect" computerName="GBLOCK-3-17" duration="00:00:00.0049184" startTime="2011-04-14T00:54:59.9765988-07:00" endTime="2011-04-14T00:54:59.9825994-07:00" testType="13cdc9d9-ddb5-4fa4-a97d-d965ccfc6d4b" outcome="Passed" testListId="8c84fa94-04c1-424b-9868-57a2d4851a1d" relativeResultsDirectory="a6f324b9-1286-4cb4-ba76-2beb0cb1db67">
    </UnitTestResult>
    <UnitTestResult executionId="459947a3-eca0-47ec-9a85-80d19d39ae0b" testId="3aea8643-f5c0-57cb-1036-f129bc5087f5" testName="ValueConverterReturnsConverterForAllHttpRequestMessageOfTTypes" computerName="GBLOCK-3-17" duration="00:00:00.0266572" startTime="2011-04-14T00:54:59.9855997-07:00" endTime="2011-04-14T00:55:00.0136025-07:00" testType="13cdc9d9-ddb5-4fa4-a97d-d965ccfc6d4b" outcome="Passed" testListId="8c84fa94-04c1-424b-9868-57a2d4851a1d" relativeResultsDirectory="459947a3-eca0-47ec-9a85-80d19d39ae0b">
    </UnitTestResult>
    <UnitTestResult executionId="9b3c18f7-ba88-40b6-9333-854bf344d8a1" testId="41d7546c-ae2e-6066-2154-01f3ff63165f" testName="ValueConverterReturnsConverterForAllHttpResponseMessageOfTTypes" computerName="GBLOCK-3-17" duration="00:00:00.0290831" startTime="2011-04-14T00:55:00.0166028-07:00" endTime="2011-04-14T00:55:00.0466058-07:00" testType="13cdc9d9-ddb5-4fa4-a97d-d965ccfc6d4b" outcome="Passed" testListId="8c84fa94-04c1-424b-9868-57a2d4851a1d" relativeResultsDirectory="9b3c18f7-ba88-40b6-9333-854bf344d8a1">
    </UnitTestResult>
    <UnitTestResult executionId="bcde6c6b-8032-4cd3-8522-6efaef4a56db" testId="310bfb60-542b-2c1f-7e07-acd2b0569888" testName="ValueConverterReturnsConverterForAllObjectContentOfTTypes" computerName="GBLOCK-3-17" duration="00:00:00.0317150" startTime="2011-04-14T00:55:00.0496061-07:00" endTime="2011-04-14T00:55:00.0826094-07:00" testType="13cdc9d9-ddb5-4fa4-a97d-d965ccfc6d4b" outcome="Passed" testListId="8c84fa94-04c1-424b-9868-57a2d4851a1d" relativeResultsDirectory="bcde6c6b-8032-4cd3-8522-6efaef4a56db">
    </UnitTestResult>
    <UnitTestResult executionId="4765d050-370a-4b6d-a534-300f911dcd96" testId="ef975652-d731-fd7d-a2c6-4d1826c3414f" testName="ValueConverterReturnsConverterForAllValueTypes" computerName="GBLOCK-3-17" duration="00:00:00.0093821" startTime="2011-04-14T00:55:00.0856097-07:00" endTime="2011-04-14T00:55:00.0996111-07:00" testType="13cdc9d9-ddb5-4fa4-a97d-d965ccfc6d4b" outcome="Passed" testListId="8c84fa94-04c1-424b-9868-57a2d4851a1d" relativeResultsDirectory="4765d050-370a-4b6d-a534-300f911dcd96">
    </UnitTestResult>
    <UnitTestResult executionId="b6e68051-63d1-4d4f-81af-ced9850faa05" testId="41b274b5-25a4-bfdb-94d9-b5642219a0e0" testName="CanConvertFromStringReturnsFalseForHttpRequestMessage" computerName="GBLOCK-3-17" duration="00:00:00.0009546" startTime="2011-04-14T00:55:00.1056117-07:00" endTime="2011-04-14T00:55:00.1086120-07:00" testType="13cdc9d9-ddb5-4fa4-a97d-d965ccfc6d4b" outcome="Passed" testListId="8c84fa94-04c1-424b-9868-57a2d4851a1d" relativeResultsDirectory="b6e68051-63d1-4d4f-81af-ced9850faa05">
    </UnitTestResult>
    <UnitTestResult executionId="c85e9234-bdba-4125-8228-9893a750a276" testId="62553d4d-0705-9fb0-f65c-c5dfce1c5476" testName="CanConvertFromStringReturnsFalseForHttpResponseMessage" computerName="GBLOCK-3-17" duration="00:00:00.0019208" startTime="2011-04-14T00:55:00.1196131-07:00" endTime="2011-04-14T00:55:00.1226134-07:00" testType="13cdc9d9-ddb5-4fa4-a97d-d965ccfc6d4b" outcome="Passed" testListId="8c84fa94-04c1-424b-9868-57a2d4851a1d" relativeResultsDirectory="c85e9234-bdba-4125-8228-9893a750a276">
    </UnitTestResult>
    <UnitTestResult executionId="51854341-3903-4eb5-8666-e2f0a94843c0" testId="60ac7977-8e9c-5b6b-4e28-1b2c6d165493" testName="CanConvertFromStringReturnsFalseForObjectContent" computerName="GBLOCK-3-17" duration="00:00:00.0003479" startTime="2011-04-14T00:55:00.1256137-07:00" endTime="2011-04-14T00:55:00.1276139-07:00" testType="13cdc9d9-ddb5-4fa4-a97d-d965ccfc6d4b" outcome="Passed" testListId="8c84fa94-04c1-424b-9868-57a2d4851a1d" relativeResultsDirectory="51854341-3903-4eb5-8666-e2f0a94843c0">
    </UnitTestResult>
    <UnitTestResult executionId="d35f930d-ea83-4bd3-963a-406c70bbd620" testId="32b92ded-2bac-b7a8-a1e8-0a5b25e27290" testName="CanConvertFromStringReturnsTrueForT" computerName="GBLOCK-3-17" duration="00:00:00.0005112" startTime="2011-04-14T00:55:00.1296141-07:00" endTime="2011-04-14T00:55:00.1316143-07:00" testType="13cdc9d9-ddb5-4fa4-a97d-d965ccfc6d4b" outcome="Passed" testListId="8c84fa94-04c1-424b-9868-57a2d4851a1d" relativeResultsDirectory="d35f930d-ea83-4bd3-963a-406c70bbd620">
    </UnitTestResult>
    <UnitTestResult executionId="8848b619-7294-4c1f-9825-fd9bc040bf36" testId="c7339da0-3a17-d3ef-e555-dbe2a004e946" testName="CanConvertFromTypeReturnsFalseForTtoHttpRequestMessageOfT" computerName="GBLOCK-3-17" duration="00:00:00.0144488" startTime="2011-04-14T00:55:00.1346146-07:00" endTime="2011-04-14T00:55:00.1496161-07:00" testType="13cdc9d9-ddb5-4fa4-a97d-d965ccfc6d4b" outcome="Passed" testListId="8c84fa94-04c1-424b-9868-57a2d4851a1d" relativeResultsDirectory="8848b619-7294-4c1f-9825-fd9bc040bf36">
    </UnitTestResult>
    <UnitTestResult executionId="545602ea-2ac4-4795-9e36-f81f2d93b063" testId="29254ea4-8836-30d0-e55d-0c327857cca3" testName="CanConvertFromTypeReturnsFalseForTtoHttpResponseMessageOfT" computerName="GBLOCK-3-17" duration="00:00:00.0125810" startTime="2011-04-14T00:55:00.1526164-07:00" endTime="2011-04-14T00:55:00.1676179-07:00" testType="13cdc9d9-ddb5-4fa4-a97d-d965ccfc6d4b" outcome="Passed" testListId="8c84fa94-04c1-424b-9868-57a2d4851a1d" relativeResultsDirectory="545602ea-2ac4-4795-9e36-f81f2d93b063">
    </UnitTestResult>
    <UnitTestResult executionId="327b6372-ab5b-4cff-aa1e-273fafec1c03" testId="6ed95532-f444-337e-3d9d-064790be8f4c" testName="CanConvertFromTypeReturnsFalseForTtoObjectContentOfT" computerName="GBLOCK-3-17" duration="00:00:00.0179360" startTime="2011-04-14T00:55:00.1706182-07:00" endTime="2011-04-14T00:55:00.1896201-07:00" testType="13cdc9d9-ddb5-4fa4-a97d-d965ccfc6d4b" outcome="Passed" testListId="8c84fa94-04c1-424b-9868-57a2d4851a1d" relativeResultsDirectory="327b6372-ab5b-4cff-aa1e-273fafec1c03">
    </UnitTestResult>
    <UnitTestResult executionId="a46a1034-8b43-4808-9b98-e6cd11e97c1f" testId="15b847f5-6850-9b24-84e7-7663a52ecd17" testName="CanConvertFromTypeReturnsTrueForHttpRequestMessageOfTtoT" computerName="GBLOCK-3-17" duration="00:00:00.0105628" startTime="2011-04-14T00:55:00.1926204-07:00" endTime="2011-04-14T00:55:00.2046216-07:00" testType="13cdc9d9-ddb5-4fa4-a97d-d965ccfc6d4b" outcome="Passed" testListId="8c84fa94-04c1-424b-9868-57a2d4851a1d" relativeResultsDirectory="a46a1034-8b43-4808-9b98-e6cd11e97c1f">
    </UnitTestResult>
    <UnitTestResult executionId="b01292b0-4418-437d-a76e-eef9421e622d" testId="f794ce0a-2eb2-6350-a4ab-d34b5dae725c" testName="CanConvertFromTypeReturnsTrueForHttpResponseMessageOfTtoT" computerName="GBLOCK-3-17" duration="00:00:00.0094099" startTime="2011-04-14T00:55:00.2066218-07:00" endTime="2011-04-14T00:55:00.2176229-07:00" testType="13cdc9d9-ddb5-4fa4-a97d-d965ccfc6d4b" outcome="Passed" testListId="8c84fa94-04c1-424b-9868-57a2d4851a1d" relativeResultsDirectory="b01292b0-4418-437d-a76e-eef9421e622d">
    </UnitTestResult>
    <UnitTestResult executionId="f5d341f1-8ec5-4537-a09f-de2d538a965e" testId="57b63caf-75b5-1764-3bd3-1695a56a7efb" testName="CanConvertFromTypeReturnsTrueForObjectContentOfTtoT" computerName="GBLOCK-3-17" duration="00:00:00.0116198" startTime="2011-04-14T00:55:00.2206232-07:00" endTime="2011-04-14T00:55:00.2326244-07:00" testType="13cdc9d9-ddb5-4fa4-a97d-d965ccfc6d4b" outcome="Passed" testListId="8c84fa94-04c1-424b-9868-57a2d4851a1d" relativeResultsDirectory="f5d341f1-8ec5-4537-a09f-de2d538a965e">
    </UnitTestResult>
    <UnitTestResult executionId="6e4d36e1-acde-4814-a3ac-7ba9ac522cbb" testId="8bf6a4b9-8df4-a88b-3b86-0aaf18c64720" testName="CanConvertFromTypeReturnsTrueForTtoT" computerName="GBLOCK-3-17" duration="00:00:00.0005689" startTime="2011-04-14T00:55:00.2366248-07:00" endTime="2011-04-14T00:55:00.2376249-07:00" testType="13cdc9d9-ddb5-4fa4-a97d-d965ccfc6d4b" outcome="Passed" testListId="8c84fa94-04c1-424b-9868-57a2d4851a1d" relativeResultsDirectory="6e4d36e1-acde-4814-a3ac-7ba9ac522cbb">
    </UnitTestResult>
    <UnitTestResult executionId="e09a9baf-905a-41c1-b1fb-e824c1c0fb6c" testId="67ca1b06-c93f-e99a-2588-a5090ed773f1" testName="CanConvertFromTypeThrowsWithNullTypeForTtoObjectContentOfT" computerName="GBLOCK-3-17" duration="00:00:00.0006274" startTime="2011-04-14T00:55:00.2406252-07:00" endTime="2011-04-14T00:55:00.2416253-07:00" testType="13cdc9d9-ddb5-4fa4-a97d-d965ccfc6d4b" outcome="Passed" testListId="8c84fa94-04c1-424b-9868-57a2d4851a1d" relativeResultsDirectory="e09a9baf-905a-41c1-b1fb-e824c1c0fb6c">
    </UnitTestResult>
    <UnitTestResult executionId="aaab0415-7ac6-4d48-8daa-7f410e230b7f" testId="abd96d36-0188-6e5e-e4ac-462bd10c65f2" testName="Constructor" computerName="GBLOCK-3-17" duration="00:00:00.3702821" startTime="2011-04-14T00:55:00.4736485-07:00" endTime="2011-04-14T00:55:04.7730784-07:00" testType="13cdc9d9-ddb5-4fa4-a97d-d965ccfc6d4b" outcome="Passed" testListId="8c84fa94-04c1-424b-9868-57a2d4851a1d" relativeResultsDirectory="aaab0415-7ac6-4d48-8daa-7f410e230b7f">
    </UnitTestResult>
    <UnitTestResult executionId="4b0c922d-8f62-41f6-b56f-b0cb9a72c5fc" testId="fc3dd4f3-3a10-3b4e-fc3b-5cb1f32280aa" testName="ConvertHttpRequestMessageOfNullableOfTtoT" computerName="GBLOCK-3-17" duration="00:00:00.0309443" startTime="2011-04-14T00:55:04.7760787-07:00" endTime="2011-04-14T00:55:04.8080819-07:00" testType="13cdc9d9-ddb5-4fa4-a97d-d965ccfc6d4b" outcome="Passed" testListId="8c84fa94-04c1-424b-9868-57a2d4851a1d" relativeResultsDirectory="4b0c922d-8f62-41f6-b56f-b0cb9a72c5fc">
    </UnitTestResult>
    <UnitTestResult executionId="b44e43d6-9540-400a-9502-abdd3a05cd5f" testId="1e447aa1-95a6-78b2-feba-debb594cb827" testName="ConvertHttpRequestMessageOfTtoObjectContentOfT" computerName="GBLOCK-3-17" duration="00:00:00.0249996" startTime="2011-04-14T00:55:04.8110822-07:00" endTime="2011-04-14T00:55:04.8370848-07:00" testType="13cdc9d9-ddb5-4fa4-a97d-d965ccfc6d4b" outcome="Passed" testListId="8c84fa94-04c1-424b-9868-57a2d4851a1d" relativeResultsDirectory="b44e43d6-9540-400a-9502-abdd3a05cd5f">
    </UnitTestResult>
    <UnitTestResult executionId="9ecc27fe-dcc9-4541-85af-e13fb8b661db" testId="911347c5-3e4e-8b23-701a-4606775c77eb" testName="ConvertHttpRequestMessageOfTtoT" computerName="GBLOCK-3-17" duration="00:00:00.0290758" startTime="2011-04-14T00:55:04.8390850-07:00" endTime="2011-04-14T00:55:04.8700881-07:00" testType="13cdc9d9-ddb5-4fa4-a97d-d965ccfc6d4b" outcome="Passed" testListId="8c84fa94-04c1-424b-9868-57a2d4851a1d" relativeResultsDirectory="9ecc27fe-dcc9-4541-85af-e13fb8b661db">
    </UnitTestResult>
    <UnitTestResult executionId="e66c7b66-e369-4d1a-979b-e3774d1d3a87" testId="d1f9c7c4-3905-0893-768e-4a7f221173cf" testName="ConvertHttpResponseMessageOfNullableTtoT" computerName="GBLOCK-3-17" duration="00:00:00.0144749" startTime="2011-04-14T00:55:04.8720883-07:00" endTime="2011-04-14T00:55:04.8890900-07:00" testType="13cdc9d9-ddb5-4fa4-a97d-d965ccfc6d4b" outcome="Passed" testListId="8c84fa94-04c1-424b-9868-57a2d4851a1d" relativeResultsDirectory="e66c7b66-e369-4d1a-979b-e3774d1d3a87">
    </UnitTestResult>
    <UnitTestResult executionId="ee7bd6af-de3b-4ce7-81a8-999653c4471b" testId="c0f870ea-7785-9e3a-29be-b0c85aac99d5" testName="ConvertHttpResponseMessageOfTtoObjectContentOfT" computerName="GBLOCK-3-17" duration="00:00:00.0248588" startTime="2011-04-14T00:55:04.8930904-07:00" endTime="2011-04-14T00:55:04.9180929-07:00" testType="13cdc9d9-ddb5-4fa4-a97d-d965ccfc6d4b" outcome="Passed" testListId="8c84fa94-04c1-424b-9868-57a2d4851a1d" relativeResultsDirectory="ee7bd6af-de3b-4ce7-81a8-999653c4471b">
    </UnitTestResult>
    <UnitTestResult executionId="b73cf389-5ea0-4c88-a6ce-c9df38d1d634" testId="dfe684c0-6493-60aa-ad78-d367e8f9b0d8" testName="ConvertHttpResponseMessageOfTtoT" computerName="GBLOCK-3-17" duration="00:00:00.0158507" startTime="2011-04-14T00:55:04.9210932-07:00" endTime="2011-04-14T00:55:04.9380949-07:00" testType="13cdc9d9-ddb5-4fa4-a97d-d965ccfc6d4b" outcome="Passed" testListId="8c84fa94-04c1-424b-9868-57a2d4851a1d" relativeResultsDirectory="b73cf389-5ea0-4c88-a6ce-c9df38d1d634">
    </UnitTestResult>
    <UnitTestResult executionId="fa2dcaf5-5009-467e-9f3d-0f43c5c08de5" testId="987bc25a-88ff-0d50-9301-f461d17c443d" testName="ConvertNullableOfTtoT" computerName="GBLOCK-3-17" duration="00:00:00.0012372" startTime="2011-04-14T00:55:04.9410952-07:00" endTime="2011-04-14T00:55:04.9440955-07:00" testType="13cdc9d9-ddb5-4fa4-a97d-d965ccfc6d4b" outcome="Passed" testListId="8c84fa94-04c1-424b-9868-57a2d4851a1d" relativeResultsDirectory="fa2dcaf5-5009-467e-9f3d-0f43c5c08de5">
    </UnitTestResult>
    <UnitTestResult executionId="c091af75-5cf9-4a03-88d6-094d934d9b4a" testId="33237398-6792-b43d-cf64-10faf723360b" testName="ConvertObjectContentOfNullableOfTtoT" computerName="GBLOCK-3-17" duration="00:00:00.0032593" startTime="2011-04-14T00:55:04.9460957-07:00" endTime="2011-04-14T00:55:04.9510962-07:00" testType="13cdc9d9-ddb5-4fa4-a97d-d965ccfc6d4b" outcome="Passed" testListId="8c84fa94-04c1-424b-9868-57a2d4851a1d" relativeResultsDirectory="c091af75-5cf9-4a03-88d6-094d934d9b4a">
    </UnitTestResult>
    <UnitTestResult executionId="1da21f59-e140-441b-ab69-fb858bbc1637" testId="a96126e3-55c7-10f0-41e5-349688690ea5" testName="ConvertObjectContentOfTtoT" computerName="GBLOCK-3-17" duration="00:00:00.0155890" startTime="2011-04-14T00:55:04.9530964-07:00" endTime="2011-04-14T00:55:04.9700981-07:00" testType="13cdc9d9-ddb5-4fa4-a97d-d965ccfc6d4b" outcome="Passed" testListId="8c84fa94-04c1-424b-9868-57a2d4851a1d" relativeResultsDirectory="1da21f59-e140-441b-ab69-fb858bbc1637">
    </UnitTestResult>
    <UnitTestResult executionId="b20660fc-4709-421f-91a3-9fdacfae2fa0" testId="c6ae2b16-5488-bc23-2a68-29de0210f213" testName="ConvertStringToHttpRequestMessageOfTThrows" computerName="GBLOCK-3-17" duration="00:00:00.0158415" startTime="2011-04-14T00:55:04.9750986-07:00" endTime="2011-04-14T00:55:05.0021013-07:00" testType="13cdc9d9-ddb5-4fa4-a97d-d965ccfc6d4b" outcome="Passed" testListId="8c84fa94-04c1-424b-9868-57a2d4851a1d" relativeResultsDirectory="b20660fc-4709-421f-91a3-9fdacfae2fa0">
    </UnitTestResult>
    <UnitTestResult executionId="4583846b-d298-468b-8e37-2a5d438d5ec6" testId="bba1810e-7b2d-4fb1-a64c-c613fd577adb" testName="ConvertStringToHttpResponseMessageOfTThrows" computerName="GBLOCK-3-17" duration="00:00:00.0139079" startTime="2011-04-14T00:55:05.0081019-07:00" endTime="2011-04-14T00:55:05.0261037-07:00" testType="13cdc9d9-ddb5-4fa4-a97d-d965ccfc6d4b" outcome="Passed" testListId="8c84fa94-04c1-424b-9868-57a2d4851a1d" relativeResultsDirectory="4583846b-d298-468b-8e37-2a5d438d5ec6">
    </UnitTestResult>
    <UnitTestResult executionId="1aaab2ec-555f-467f-8b42-43f5710130e2" testId="a796d6bd-0cb3-c636-d4a9-11ae5c01171d" testName="ConvertStringToObjectContentOfTThrows" computerName="GBLOCK-3-17" duration="00:00:00.0213619" startTime="2011-04-14T00:55:05.0291040-07:00" endTime="2011-04-14T00:55:05.0541065-07:00" testType="13cdc9d9-ddb5-4fa4-a97d-d965ccfc6d4b" outcome="Passed" testListId="8c84fa94-04c1-424b-9868-57a2d4851a1d" relativeResultsDirectory="1aaab2ec-555f-467f-8b42-43f5710130e2">
    </UnitTestResult>
    <UnitTestResult executionId="11826a54-1a8d-4d3d-a1c6-b6b7cd84700a" testId="66f01ff7-5a26-abca-48d5-f80b366a69f9" testName="ConvertStringToT" computerName="GBLOCK-3-17" duration="00:00:00.0142274" startTime="2011-04-14T00:55:05.0651076-07:00" endTime="2011-04-14T00:55:05.0891100-07:00" testType="13cdc9d9-ddb5-4fa4-a97d-d965ccfc6d4b" outcome="Passed" testListId="8c84fa94-04c1-424b-9868-57a2d4851a1d" relativeResultsDirectory="11826a54-1a8d-4d3d-a1c6-b6b7cd84700a">
    </UnitTestResult>
    <UnitTestResult executionId="d9804730-4928-4eb2-ac6e-021750ef522b" testId="8a8b04b8-699c-1c40-352d-2741ce7344a7" testName="ConvertThrowsWithTtoHttpRequestMessageOfT" computerName="GBLOCK-3-17" duration="00:00:00.0500205" startTime="2011-04-14T00:55:05.0951106-07:00" endTime="2011-04-14T00:55:05.1491160-07:00" testType="13cdc9d9-ddb5-4fa4-a97d-d965ccfc6d4b" outcome="Passed" testListId="8c84fa94-04c1-424b-9868-57a2d4851a1d" relativeResultsDirectory="d9804730-4928-4eb2-ac6e-021750ef522b">
    </UnitTestResult>
    <UnitTestResult executionId="f09a054a-530f-4be3-820f-43e076887562" testId="a0d98fed-19e5-2c8f-3b27-5986eaf2a9e9" testName="ConvertThrowsWithTtoHttpResponseMessageOfT" computerName="GBLOCK-3-17" duration="00:00:00.0394119" startTime="2011-04-14T00:55:05.1521163-07:00" endTime="2011-04-14T00:55:05.1931204-07:00" testType="13cdc9d9-ddb5-4fa4-a97d-d965ccfc6d4b" outcome="Passed" testListId="8c84fa94-04c1-424b-9868-57a2d4851a1d" relativeResultsDirectory="f09a054a-530f-4be3-820f-43e076887562">
    </UnitTestResult>
    <UnitTestResult executionId="d2578b56-743b-42b7-a27f-cd3772b40b0b" testId="767eaf52-649c-2c19-5c84-622fe9075bf4" testName="ConvertThrowsWithTtoObjectContentOfT" computerName="GBLOCK-3-17" duration="00:00:00.0448584" startTime="2011-04-14T00:55:05.1981209-07:00" endTime="2011-04-14T00:55:05.2531264-07:00" testType="13cdc9d9-ddb5-4fa4-a97d-d965ccfc6d4b" outcome="Passed" testListId="8c84fa94-04c1-424b-9868-57a2d4851a1d" relativeResultsDirectory="d2578b56-743b-42b7-a27f-cd3772b40b0b">
    </UnitTestResult>
    <UnitTestResult executionId="0e182bf1-56dd-451b-b4db-d65db75a7b82" testId="96536bdb-ce56-527b-c707-08989940a1ad" testName="ConvertTtoT" computerName="GBLOCK-3-17" duration="00:00:00.0265140" startTime="2011-04-14T00:55:05.2561267-07:00" endTime="2011-04-14T00:55:05.2841295-07:00" testType="13cdc9d9-ddb5-4fa4-a97d-d965ccfc6d4b" outcome="Passed" testListId="8c84fa94-04c1-424b-9868-57a2d4851a1d" relativeResultsDirectory="0e182bf1-56dd-451b-b4db-d65db75a7b82">
    </UnitTestResult>
    <UnitTestResult executionId="f24d7c7e-9dbe-4c7a-9869-b08f3d3b0c78" testId="5eb70039-0311-fb71-d2da-f81a66a2eb11" testName="GetValueConverterHttpContent" computerName="GBLOCK-3-17" duration="00:00:00.0052617" startTime="2011-04-14T00:55:05.2871298-07:00" endTime="2011-04-14T00:55:05.2941305-07:00" testType="13cdc9d9-ddb5-4fa4-a97d-d965ccfc6d4b" outcome="Passed" testListId="8c84fa94-04c1-424b-9868-57a2d4851a1d" relativeResultsDirectory="f24d7c7e-9dbe-4c7a-9869-b08f3d3b0c78">
    </UnitTestResult>
    <UnitTestResult executionId="3e616f72-2b99-4501-92fd-bfa655945477" testId="2f3ed660-8d30-cba0-2c58-286ee69704e3" testName="GetValueConverterHttpRequestMessageOfT" computerName="GBLOCK-3-17" duration="00:00:00.0105978" startTime="2011-04-14T00:55:05.2961307-07:00" endTime="2011-04-14T00:55:05.3081319-07:00" testType="13cdc9d9-ddb5-4fa4-a97d-d965ccfc6d4b" outcome="Passed" testListId="8c84fa94-04c1-424b-9868-57a2d4851a1d" relativeResultsDirectory="3e616f72-2b99-4501-92fd-bfa655945477">
    </UnitTestResult>
    <UnitTestResult executionId="e4c98275-4d3b-4afb-87e4-7832fdacb401" testId="116a6538-72d9-a2e7-1735-e32d19183de0" testName="GetValueConverterHttpResponseMessageOfT" computerName="GBLOCK-3-17" duration="00:00:00.0122831" startTime="2011-04-14T00:55:05.3111322-07:00" endTime="2011-04-14T00:55:05.3251336-07:00" testType="13cdc9d9-ddb5-4fa4-a97d-d965ccfc6d4b" outcome="Passed" testListId="8c84fa94-04c1-424b-9868-57a2d4851a1d" relativeResultsDirectory="e4c98275-4d3b-4afb-87e4-7832fdacb401">
    </UnitTestResult>
    <UnitTestResult executionId="39a38b48-c059-4a00-864b-8736c722a7f2" testId="52e26515-ed14-cb5a-60fc-6833d5b3598b" testName="GetValueConverterObjectContentOfT" computerName="GBLOCK-3-17" duration="00:00:00.0133517" startTime="2011-04-14T00:55:05.3271338-07:00" endTime="2011-04-14T00:55:05.3431354-07:00" testType="13cdc9d9-ddb5-4fa4-a97d-d965ccfc6d4b" outcome="Passed" testListId="8c84fa94-04c1-424b-9868-57a2d4851a1d" relativeResultsDirectory="39a38b48-c059-4a00-864b-8736c722a7f2">
    </UnitTestResult>
    <UnitTestResult executionId="98c13adc-4f6a-4c8f-b102-58eeaa1956e8" testId="7abd772e-9c28-4753-8f55-60bf3312b510" testName="GetValueConverterReturnsConverterForAllValueTypes" computerName="GBLOCK-3-17" duration="00:00:00.0009338" startTime="2011-04-14T00:55:05.3491360-07:00" endTime="2011-04-14T00:55:05.3531364-07:00" testType="13cdc9d9-ddb5-4fa4-a97d-d965ccfc6d4b" outcome="Passed" testListId="8c84fa94-04c1-424b-9868-57a2d4851a1d" relativeResultsDirectory="98c13adc-4f6a-4c8f-b102-58eeaa1956e8">
    </UnitTestResult>
    <UnitTestResult executionId="c043c488-bf4c-4ba3-b8c4-12aecd5be86d" testId="fb50976c-0492-c28d-a302-dc32ad27ee18" testName="GetValueConverterThrowsWithNullType" computerName="GBLOCK-3-17" duration="00:00:00.0003961" startTime="2011-04-14T00:55:05.3551366-07:00" endTime="2011-04-14T00:55:05.3571368-07:00" testType="13cdc9d9-ddb5-4fa4-a97d-d965ccfc6d4b" outcome="Passed" testListId="8c84fa94-04c1-424b-9868-57a2d4851a1d" relativeResultsDirectory="c043c488-bf4c-4ba3-b8c4-12aecd5be86d">
    </UnitTestResult>
    <UnitTestResult executionId="61d12d91-1476-4e36-8396-32d0d2d7baba" testId="b6681547-eefb-825c-4730-4bea598c4bac" testName="TypeIsCorrect" computerName="GBLOCK-3-17" duration="00:00:00.0008191" startTime="2011-04-14T00:55:05.3601371-07:00" endTime="2011-04-14T00:55:05.3611372-07:00" testType="13cdc9d9-ddb5-4fa4-a97d-d965ccfc6d4b" outcome="Passed" testListId="8c84fa94-04c1-424b-9868-57a2d4851a1d" relativeResultsDirectory="61d12d91-1476-4e36-8396-32d0d2d7baba">
    </UnitTestResult>
    <UnitTestResult executionId="c822f904-b621-45fe-956d-44e2b43260f4" testId="a5e5431a-3d20-187b-614d-74d334d2d028" testName="UnitTestClassIsCorrect" computerName="GBLOCK-3-17" duration="00:00:00.0055604" startTime="2011-04-14T00:55:05.3641375-07:00" endTime="2011-04-14T00:55:05.3711382-07:00" testType="13cdc9d9-ddb5-4fa4-a97d-d965ccfc6d4b" outcome="Passed" testListId="8c84fa94-04c1-424b-9868-57a2d4851a1d" relativeResultsDirectory="c822f904-b621-45fe-956d-44e2b43260f4">
    </UnitTestResult>
    <UnitTestResult executionId="150fb3b0-21a1-4961-91c7-ee58f8665f6f" testId="a6daef1f-01aa-f3c9-2b6e-dd7c7000e597" testName="NoDuplicateHelpOperationByDefault" computerName="GBLOCK-3-17" duration="00:00:00.0031060" startTime="2011-04-14T00:55:05.3731384-07:00" endTime="2011-04-14T00:55:05.3781389-07:00" testType="13cdc9d9-ddb5-4fa4-a97d-d965ccfc6d4b" outcome="Passed" testListId="8c84fa94-04c1-424b-9868-57a2d4851a1d" relativeResultsDirectory="150fb3b0-21a1-4961-91c7-ee58f8665f6f">
    </UnitTestResult>
    <UnitTestResult executionId="00d6e53a-e6a1-4320-80ca-ad78c52d9def" testId="f650beae-725d-4701-2f86-90cff5432778" testName="UriTemplate_Variables_Test_With_WebGet" computerName="GBLOCK-3-17" duration="00:00:00.0140661" startTime="2011-04-14T00:55:05.3801391-07:00" endTime="2011-04-14T00:55:05.3961407-07:00" testType="13cdc9d9-ddb5-4fa4-a97d-d965ccfc6d4b" outcome="Passed" testListId="8c84fa94-04c1-424b-9868-57a2d4851a1d" relativeResultsDirectory="00d6e53a-e6a1-4320-80ca-ad78c52d9def">
    </UnitTestResult>
    <UnitTestResult executionId="35a36dd5-f1bc-4c21-bbea-a1f55ce39fc9" testId="cf06f6c2-4c4a-097f-4fa1-6fe09ef88298" testName="UriTemplate_Variables_Test_With_WebInvoke" computerName="GBLOCK-3-17" duration="00:00:00.0017014" startTime="2011-04-14T00:55:05.3981409-07:00" endTime="2011-04-14T00:55:05.4021413-07:00" testType="13cdc9d9-ddb5-4fa4-a97d-d965ccfc6d4b" outcome="Passed" testListId="8c84fa94-04c1-424b-9868-57a2d4851a1d" relativeResultsDirectory="35a36dd5-f1bc-4c21-bbea-a1f55ce39fc9">
    </UnitTestResult>
    <UnitTestResult executionId="8ce20883-dab3-4003-a4df-f2c9b30d15d1" testId="0183d181-5917-8ed7-2cde-61a9b6dffc24" testName="Variables_Different_In_CaseTest" computerName="GBLOCK-3-17" duration="00:00:00.0017680" startTime="2011-04-14T00:55:05.4041415-07:00" endTime="2011-04-14T00:55:05.4071418-07:00" testType="13cdc9d9-ddb5-4fa4-a97d-d965ccfc6d4b" outcome="Passed" testListId="8c84fa94-04c1-424b-9868-57a2d4851a1d" relativeResultsDirectory="8ce20883-dab3-4003-a4df-f2c9b30d15d1">
    </UnitTestResult>
    <UnitTestResult executionId="033cce75-dd45-450b-978c-0673c6684156" testId="496ea3ac-d08b-1e37-a331-85e006737704" testName="WebGet_HttpRequest_And_HttpResponse_As_OutParameters_Test" computerName="GBLOCK-3-17" duration="00:00:00.0024647" startTime="2011-04-14T00:55:05.4101421-07:00" endTime="2011-04-14T00:55:05.4221433-07:00" testType="13cdc9d9-ddb5-4fa4-a97d-d965ccfc6d4b" outcome="Passed" testListId="8c84fa94-04c1-424b-9868-57a2d4851a1d" relativeResultsDirectory="033cce75-dd45-450b-978c-0673c6684156">
    </UnitTestResult>
    <UnitTestResult executionId="4a997e9f-171c-4964-86b8-93f761f5e12f" testId="e67fcff6-00a2-0367-cd2e-98d78c6f3993" testName="WebGet_HttpRequest_And_HttpResponse_As_Parameters_Test" computerName="GBLOCK-3-17" duration="00:00:00.0024609" startTime="2011-04-14T00:55:05.4271438-07:00" endTime="2011-04-14T00:55:05.4391450-07:00" testType="13cdc9d9-ddb5-4fa4-a97d-d965ccfc6d4b" outcome="Passed" testListId="8c84fa94-04c1-424b-9868-57a2d4851a1d" relativeResultsDirectory="4a997e9f-171c-4964-86b8-93f761f5e12f">
    </UnitTestResult>
    <UnitTestResult executionId="731bae4d-f1fd-4e37-b3ac-be139f522aba" testId="ab27b025-f1d3-cddd-f6d5-f21c737000d3" testName="WebGet_With_Default_UriTemplate_And_HttpRequest_As_Parameter_Test" computerName="GBLOCK-3-17" duration="00:00:00.0023531" startTime="2011-04-14T00:55:05.4431454-07:00" endTime="2011-04-14T00:55:05.4541465-07:00" testType="13cdc9d9-ddb5-4fa4-a97d-d965ccfc6d4b" outcome="Passed" testListId="8c84fa94-04c1-424b-9868-57a2d4851a1d" relativeResultsDirectory="731bae4d-f1fd-4e37-b3ac-be139f522aba">
    </UnitTestResult>
    <UnitTestResult executionId="494b2633-0138-4e98-8d31-496b4ea78dda" testId="20ecf82a-b6b4-690c-3e9c-b8276eb265e8" testName="WebGet_With_Template_Parameter_Mismatch_Test" computerName="GBLOCK-3-17" duration="00:00:00.0017233" startTime="2011-04-14T00:55:05.4571468-07:00" endTime="2011-04-14T00:55:05.4651476-07:00" testType="13cdc9d9-ddb5-4fa4-a97d-d965ccfc6d4b" outcome="Passed" testListId="8c84fa94-04c1-424b-9868-57a2d4851a1d" relativeResultsDirectory="494b2633-0138-4e98-8d31-496b4ea78dda">
    </UnitTestResult>
    <UnitTestResult executionId="22731fb1-92fb-41fa-b625-7d43931b15fa" testId="9d2c751b-af70-742d-4e34-13936512fe55" testName="WebInvoke_HttpRequest_And_HttpResponse_As_Parameters_Test" computerName="GBLOCK-3-17" duration="00:00:00.0029501" startTime="2011-04-14T00:55:05.4671478-07:00" endTime="2011-04-14T00:55:05.4721483-07:00" testType="13cdc9d9-ddb5-4fa4-a97d-d965ccfc6d4b" outcome="Passed" testListId="8c84fa94-04c1-424b-9868-57a2d4851a1d" relativeResultsDirectory="22731fb1-92fb-41fa-b625-7d43931b15fa">
    </UnitTestResult>
    <UnitTestResult executionId="0d4ff9d7-54da-47dc-9695-8f4aa2fdc15c" testId="36e6b44d-c454-84dc-5a25-823b1415d13e" testName="ProvideFault_Null_Error_Argument_Throws" computerName="GBLOCK-3-17" duration="00:00:00.0527347" startTime="2011-04-14T00:55:05.4751486-07:00" endTime="2011-04-14T00:55:05.5291540-07:00" testType="13cdc9d9-ddb5-4fa4-a97d-d965ccfc6d4b" outcome="Passed" testListId="8c84fa94-04c1-424b-9868-57a2d4851a1d" relativeResultsDirectory="0d4ff9d7-54da-47dc-9695-8f4aa2fdc15c">
    </UnitTestResult>
    <UnitTestResult executionId="9a7af401-ece7-4b51-82d6-fd6605246f68" testId="ab6721a0-65fe-675a-e35f-372dafc1f1d9" testName="ProvideResponse_Null_Error_Argument_Throws" computerName="GBLOCK-3-17" duration="00:00:00.0011378" startTime="2011-04-14T00:55:05.5321543-07:00" endTime="2011-04-14T00:55:05.5331544-07:00" testType="13cdc9d9-ddb5-4fa4-a97d-d965ccfc6d4b" outcome="Passed" testListId="8c84fa94-04c1-424b-9868-57a2d4851a1d" relativeResultsDirectory="9a7af401-ece7-4b51-82d6-fd6605246f68">
    </UnitTestResult>
    <UnitTestResult executionId="0711d65c-ec5f-489f-9290-d00e5a567db6" testId="2d595409-f07e-a47a-ffa2-2f82897407cf" testName="ProvideResponse_Null_Response_Throws" computerName="GBLOCK-3-17" duration="00:00:00.0017534" startTime="2011-04-14T00:55:05.5361547-07:00" endTime="2011-04-14T00:55:05.5391550-07:00" testType="13cdc9d9-ddb5-4fa4-a97d-d965ccfc6d4b" outcome="Passed" testListId="8c84fa94-04c1-424b-9868-57a2d4851a1d" relativeResultsDirectory="0711d65c-ec5f-489f-9290-d00e5a567db6">
    </UnitTestResult>
    <UnitTestResult executionId="22c98d5d-32bb-4e12-b954-7aaf926557cc" testId="281abf85-2166-20b5-5066-81f2f641e6db" testName="ProvideResponse_Returns_Custom_Response_Message" computerName="GBLOCK-3-17" duration="00:00:00.0006505" startTime="2011-04-14T00:55:05.5421553-07:00" endTime="2011-04-14T00:55:05.5441555-07:00" testType="13cdc9d9-ddb5-4fa4-a97d-d965ccfc6d4b" outcome="Passed" testListId="8c84fa94-04c1-424b-9868-57a2d4851a1d" relativeResultsDirectory="22c98d5d-32bb-4e12-b954-7aaf926557cc">
    </UnitTestResult>
    <UnitTestResult executionId="cd82d72f-6977-4f33-926e-0392e64ebdb8" testId="aa0ca960-f980-5f54-0e03-c4de6ae56224" testName="TypeIsCorrect" computerName="GBLOCK-3-17" duration="00:00:00.0006559" startTime="2011-04-14T00:55:05.5471558-07:00" endTime="2011-04-14T00:55:05.5491560-07:00" testType="13cdc9d9-ddb5-4fa4-a97d-d965ccfc6d4b" outcome="Passed" testListId="8c84fa94-04c1-424b-9868-57a2d4851a1d" relativeResultsDirectory="cd82d72f-6977-4f33-926e-0392e64ebdb8">
    </UnitTestResult>
    <UnitTestResult executionId="8ab869b5-e132-405c-9649-13a2db253442" testId="d15e5817-b437-8761-e13d-fda219a535f9" testName="UnitTestClassIsCorrect" computerName="GBLOCK-3-17" duration="00:00:00.0017033" startTime="2011-04-14T00:55:05.5531564-07:00" endTime="2011-04-14T00:55:05.5551566-07:00" testType="13cdc9d9-ddb5-4fa4-a97d-d965ccfc6d4b" outcome="Passed" testListId="8c84fa94-04c1-424b-9868-57a2d4851a1d" relativeResultsDirectory="8ab869b5-e132-405c-9649-13a2db253442">
    </UnitTestResult>
    <UnitTestResult executionId="ada62128-7911-4145-9e99-9b10c25ecc12" testId="d5b0ce05-9e8c-2dbe-24a6-9ee21057aca2" testName="CreateInstance_Allows_Null_Instance" computerName="GBLOCK-3-17" duration="00:00:00.0028000" startTime="2011-04-14T00:55:05.5601571-07:00" endTime="2011-04-14T00:55:05.5641575-07:00" testType="13cdc9d9-ddb5-4fa4-a97d-d965ccfc6d4b" outcome="Passed" testListId="8c84fa94-04c1-424b-9868-57a2d4851a1d" relativeResultsDirectory="ada62128-7911-4145-9e99-9b10c25ecc12">
    </UnitTestResult>
    <UnitTestResult executionId="d1318b1f-0ee9-4e64-a3b8-2d362d7ad54e" testId="4491728b-d6f3-db3a-596f-f63fcf0eeec8" testName="CreateInstance_Calls_OnCreateInstance" computerName="GBLOCK-3-17" duration="00:00:00.0012337" startTime="2011-04-14T00:55:05.5671578-07:00" endTime="2011-04-14T00:55:05.5691580-07:00" testType="13cdc9d9-ddb5-4fa4-a97d-d965ccfc6d4b" outcome="Passed" testListId="8c84fa94-04c1-424b-9868-57a2d4851a1d" relativeResultsDirectory="d1318b1f-0ee9-4e64-a3b8-2d362d7ad54e">
    </UnitTestResult>
    <UnitTestResult executionId="9fc69832-432b-4fc6-9e64-92b7f8c8e489" testId="2aa6643b-e9fb-7cde-03c9-95a1f234012a" testName="CreateInstance_HttpInstanceProvider_Null_InstanceContext_Throws" computerName="GBLOCK-3-17" duration="00:00:00.0008172" startTime="2011-04-14T00:55:05.5721583-07:00" endTime="2011-04-14T00:55:05.5741585-07:00" testType="13cdc9d9-ddb5-4fa4-a97d-d965ccfc6d4b" outcome="Passed" testListId="8c84fa94-04c1-424b-9868-57a2d4851a1d" relativeResultsDirectory="9fc69832-432b-4fc6-9e64-92b7f8c8e489">
    </UnitTestResult>
    <UnitTestResult executionId="3be18c9b-952b-4a95-8299-1dd1f97612b8" testId="649414b9-c028-081e-3e03-1f1513941521" testName="CreateInstance_Non_Http_Message_Throws" computerName="GBLOCK-3-17" duration="00:00:00.0012198" startTime="2011-04-14T00:55:05.5771588-07:00" endTime="2011-04-14T00:55:05.5791590-07:00" testType="13cdc9d9-ddb5-4fa4-a97d-d965ccfc6d4b" outcome="Passed" testListId="8c84fa94-04c1-424b-9868-57a2d4851a1d" relativeResultsDirectory="3be18c9b-952b-4a95-8299-1dd1f97612b8">
    </UnitTestResult>
    <UnitTestResult executionId="8a6c3055-cf29-4545-a388-a9d000ce7c3f" testId="1e9edc48-e0e9-1137-2dcc-0a2de7c70485" testName="CreateInstance_Null_InstanceContext_Throws" computerName="GBLOCK-3-17" duration="00:00:00.0005955" startTime="2011-04-14T00:55:05.5821593-07:00" endTime="2011-04-14T00:55:05.5831594-07:00" testType="13cdc9d9-ddb5-4fa4-a97d-d965ccfc6d4b" outcome="Passed" testListId="8c84fa94-04c1-424b-9868-57a2d4851a1d" relativeResultsDirectory="8a6c3055-cf29-4545-a388-a9d000ce7c3f">
    </UnitTestResult>
    <UnitTestResult executionId="c6168a4f-478a-438f-86d5-8a9d829ba621" testId="d33129cb-9d7a-aa31-35aa-c5a2d5bb8c11" testName="CreateInstance_Null_Message_Throws" computerName="GBLOCK-3-17" duration="00:00:00.0008103" startTime="2011-04-14T00:55:05.5861597-07:00" endTime="2011-04-14T00:55:05.5881599-07:00" testType="13cdc9d9-ddb5-4fa4-a97d-d965ccfc6d4b" outcome="Passed" testListId="8c84fa94-04c1-424b-9868-57a2d4851a1d" relativeResultsDirectory="c6168a4f-478a-438f-86d5-8a9d829ba621">
    </UnitTestResult>
    <UnitTestResult executionId="62c6a0cf-6e52-4a2c-8a43-7e2be6f0ded9" testId="40a9a6c7-9d78-7fdc-c995-859e233d329b" testName="CreateInstance_Null_Request_Throws" computerName="GBLOCK-3-17" duration="00:00:00.0007806" startTime="2011-04-14T00:55:05.5911602-07:00" endTime="2011-04-14T00:55:05.5931604-07:00" testType="13cdc9d9-ddb5-4fa4-a97d-d965ccfc6d4b" outcome="Passed" testListId="8c84fa94-04c1-424b-9868-57a2d4851a1d" relativeResultsDirectory="62c6a0cf-6e52-4a2c-8a43-7e2be6f0ded9">
    </UnitTestResult>
    <UnitTestResult executionId="d64d6e27-cf76-42d8-bfae-7fff84d5729a" testId="c66e413e-93f0-6b61-ac49-4dcf0191f84d" testName="CreateInstance_Returns_Custom_Instance" computerName="GBLOCK-3-17" duration="00:00:00.0008788" startTime="2011-04-14T00:55:05.5961607-07:00" endTime="2011-04-14T00:55:05.5971608-07:00" testType="13cdc9d9-ddb5-4fa4-a97d-d965ccfc6d4b" outcome="Passed" testListId="8c84fa94-04c1-424b-9868-57a2d4851a1d" relativeResultsDirectory="d64d6e27-cf76-42d8-bfae-7fff84d5729a">
    </UnitTestResult>
    <UnitTestResult executionId="5cac1d91-6170-43fc-84f9-9f1660694f8a" testId="6afe1062-5c55-8e82-3558-0841ad49d996" testName="CreateInstance_Simple_Calls_OnCreateInstance" computerName="GBLOCK-3-17" duration="00:00:00.0012714" startTime="2011-04-14T00:55:05.6001611-07:00" endTime="2011-04-14T00:55:05.6031614-07:00" testType="13cdc9d9-ddb5-4fa4-a97d-d965ccfc6d4b" outcome="Passed" testListId="8c84fa94-04c1-424b-9868-57a2d4851a1d" relativeResultsDirectory="5cac1d91-6170-43fc-84f9-9f1660694f8a">
    </UnitTestResult>
    <UnitTestResult executionId="0b129a93-99b6-4466-9a0d-e3dab5212058" testId="6f639dda-681c-b16a-f10b-b9ece34601ad" testName="CreateInstance_Simple_HttpInstanceProvider_Null_InstanceContext_Throws" computerName="GBLOCK-3-17" duration="00:00:00.0004807" startTime="2011-04-14T00:55:05.6061617-07:00" endTime="2011-04-14T00:55:05.6081619-07:00" testType="13cdc9d9-ddb5-4fa4-a97d-d965ccfc6d4b" outcome="Passed" testListId="8c84fa94-04c1-424b-9868-57a2d4851a1d" relativeResultsDirectory="0b129a93-99b6-4466-9a0d-e3dab5212058">
    </UnitTestResult>
    <UnitTestResult executionId="b51c0fc1-8cf3-486b-ba77-3e36a1652d27" testId="e2266c17-0caa-081d-5b3a-f6b512e4ff32" testName="ReleaseInstance_Calls_OnReleaseInstance" computerName="GBLOCK-3-17" duration="00:00:00.0016583" startTime="2011-04-14T00:55:05.6111622-07:00" endTime="2011-04-14T00:55:05.6151626-07:00" testType="13cdc9d9-ddb5-4fa4-a97d-d965ccfc6d4b" outcome="Passed" testListId="8c84fa94-04c1-424b-9868-57a2d4851a1d" relativeResultsDirectory="b51c0fc1-8cf3-486b-ba77-3e36a1652d27">
    </UnitTestResult>
    <UnitTestResult executionId="65d1845e-a3d3-4798-ad79-466166240810" testId="328e658c-40bf-1048-20b8-ff789af9961c" testName="ReleaseInstance_HttpInstanceProvider_Null_Instance_Throws" computerName="GBLOCK-3-17" duration="00:00:00.0007964" startTime="2011-04-14T00:55:05.6181629-07:00" endTime="2011-04-14T00:55:05.6201631-07:00" testType="13cdc9d9-ddb5-4fa4-a97d-d965ccfc6d4b" outcome="Passed" testListId="8c84fa94-04c1-424b-9868-57a2d4851a1d" relativeResultsDirectory="65d1845e-a3d3-4798-ad79-466166240810">
    </UnitTestResult>
    <UnitTestResult executionId="145b10c9-88db-4c98-b731-4662cacc2942" testId="e827b650-7c3f-31e8-e982-896f57ba3103" testName="ReleaseInstance_HttpInstanceProvider_Null_InstanceContext_Throws" computerName="GBLOCK-3-17" duration="00:00:00.0007313" startTime="2011-04-14T00:55:05.6231634-07:00" endTime="2011-04-14T00:55:05.6251636-07:00" testType="13cdc9d9-ddb5-4fa4-a97d-d965ccfc6d4b" outcome="Passed" testListId="8c84fa94-04c1-424b-9868-57a2d4851a1d" relativeResultsDirectory="145b10c9-88db-4c98-b731-4662cacc2942">
    </UnitTestResult>
    <UnitTestResult executionId="2f98c4b3-ff50-4980-b21b-8c25658abbaa" testId="0c49941d-7ab7-0d9c-8b48-c083380434f5" testName="DeserializeRequest_Null_HttpRequestMessage_Throws" computerName="GBLOCK-3-17" duration="00:00:00.0041808" startTime="2011-04-14T00:55:05.6281639-07:00" endTime="2011-04-14T00:55:05.6341645-07:00" testType="13cdc9d9-ddb5-4fa4-a97d-d965ccfc6d4b" outcome="Passed" testListId="8c84fa94-04c1-424b-9868-57a2d4851a1d" relativeResultsDirectory="2f98c4b3-ff50-4980-b21b-8c25658abbaa">
    </UnitTestResult>
    <UnitTestResult executionId="082a9c10-68fc-4862-b85c-562a7adc1bf8" testId="3624e999-11bb-acee-bb71-c386dd4110e3" testName="DeserializeRequest_Null_Message_Throws" computerName="GBLOCK-3-17" duration="00:00:00.0014758" startTime="2011-04-14T00:55:05.6471658-07:00" endTime="2011-04-14T00:55:05.6591670-07:00" testType="13cdc9d9-ddb5-4fa4-a97d-d965ccfc6d4b" outcome="Passed" testListId="8c84fa94-04c1-424b-9868-57a2d4851a1d" relativeResultsDirectory="082a9c10-68fc-4862-b85c-562a7adc1bf8">
    </UnitTestResult>
    <UnitTestResult executionId="faa74f1c-73c9-4dfb-b81e-5422501eb1ca" testId="213e5880-64c5-9a93-a07a-9aac2df36d21" testName="DeserializeRequest_Null_Parameters_Throws" computerName="GBLOCK-3-17" duration="00:00:00.0008538" startTime="2011-04-14T00:55:05.6711682-07:00" endTime="2011-04-14T00:55:05.6751686-07:00" testType="13cdc9d9-ddb5-4fa4-a97d-d965ccfc6d4b" outcome="Passed" testListId="8c84fa94-04c1-424b-9868-57a2d4851a1d" relativeResultsDirectory="faa74f1c-73c9-4dfb-b81e-5422501eb1ca">
    </UnitTestResult>
    <UnitTestResult executionId="82f85189-3e8d-4f87-84a7-87daa91c35c2" testId="dd39179b-f11b-5fcd-02c0-b0634e00db80" testName="DeserializeRequest_Receives_Message_And_Parameters" computerName="GBLOCK-3-17" duration="00:00:00.0014312" startTime="2011-04-14T00:55:05.6781689-07:00" endTime="2011-04-14T00:55:05.6801691-07:00" testType="13cdc9d9-ddb5-4fa4-a97d-d965ccfc6d4b" outcome="Passed" testListId="8c84fa94-04c1-424b-9868-57a2d4851a1d" relativeResultsDirectory="82f85189-3e8d-4f87-84a7-87daa91c35c2">
    </UnitTestResult>
    <UnitTestResult executionId="172381c3-2070-4c9f-8018-d9df18dc754f" testId="195de69e-e002-f2ec-fce6-22a2b3405c21" testName="SerializeReply_HttpMessageFormatter_Null_Parameters_Throws" computerName="GBLOCK-3-17" duration="00:00:00.0005285" startTime="2011-04-14T00:55:05.6831694-07:00" endTime="2011-04-14T00:55:05.6841695-07:00" testType="13cdc9d9-ddb5-4fa4-a97d-d965ccfc6d4b" outcome="Passed" testListId="8c84fa94-04c1-424b-9868-57a2d4851a1d" relativeResultsDirectory="172381c3-2070-4c9f-8018-d9df18dc754f">
    </UnitTestResult>
    <UnitTestResult executionId="71876f75-f237-4d12-a730-b89c12c9a2e6" testId="eb8a42cb-c2d6-88d7-fe89-b6d1b9c62cc2" testName="SerializeReply_MessageVersion_Not_None_Throws" computerName="GBLOCK-3-17" duration="00:00:00.0007556" startTime="2011-04-14T00:55:05.6871698-07:00" endTime="2011-04-14T00:55:05.6891700-07:00" testType="13cdc9d9-ddb5-4fa4-a97d-d965ccfc6d4b" outcome="Passed" testListId="8c84fa94-04c1-424b-9868-57a2d4851a1d" relativeResultsDirectory="71876f75-f237-4d12-a730-b89c12c9a2e6">
    </UnitTestResult>
    <UnitTestResult executionId="abe0392d-ecf1-4466-98c3-ba4fd4f19851" testId="9583e842-e7a8-765c-06b3-473b6d4581a8" testName="SerializeReply_Null_HttpResponseMessage_Throws" computerName="GBLOCK-3-17" duration="00:00:00.0011686" startTime="2011-04-14T00:55:05.6921703-07:00" endTime="2011-04-14T00:55:05.6941705-07:00" testType="13cdc9d9-ddb5-4fa4-a97d-d965ccfc6d4b" outcome="Passed" testListId="8c84fa94-04c1-424b-9868-57a2d4851a1d" relativeResultsDirectory="abe0392d-ecf1-4466-98c3-ba4fd4f19851">
    </UnitTestResult>
    <UnitTestResult executionId="d656eb80-f63c-48eb-b10f-4d146ac31fdf" testId="0857c982-449e-ed49-49d1-8998baa0e6e1" testName="SerializeReply_Null_Parameters_Throws" computerName="GBLOCK-3-17" duration="00:00:00.0004804" startTime="2011-04-14T00:55:05.6971708-07:00" endTime="2011-04-14T00:55:05.6981709-07:00" testType="13cdc9d9-ddb5-4fa4-a97d-d965ccfc6d4b" outcome="Passed" testListId="8c84fa94-04c1-424b-9868-57a2d4851a1d" relativeResultsDirectory="d656eb80-f63c-48eb-b10f-4d146ac31fdf">
    </UnitTestResult>
    <UnitTestResult executionId="0f7f57f6-a041-490e-b874-86a0f3755ebc" testId="9897ec61-730d-1dca-bf3e-7c0229b9635d" testName="SerializeReply_Null_Result_Allowed" computerName="GBLOCK-3-17" duration="00:00:00.0005177" startTime="2011-04-14T00:55:05.7021713-07:00" endTime="2011-04-14T00:55:05.7051716-07:00" testType="13cdc9d9-ddb5-4fa4-a97d-d965ccfc6d4b" outcome="Passed" testListId="8c84fa94-04c1-424b-9868-57a2d4851a1d" relativeResultsDirectory="0f7f57f6-a041-490e-b874-86a0f3755ebc">
    </UnitTestResult>
    <UnitTestResult executionId="59c81f95-f453-482e-b71e-792c40cf0f2b" testId="33946e1e-05a4-7a63-49f0-71ab240a892a" testName="SerializeReply_Receives_Parameters_And_Result" computerName="GBLOCK-3-17" duration="00:00:00.0006232" startTime="2011-04-14T00:55:05.7081719-07:00" endTime="2011-04-14T00:55:05.7091720-07:00" testType="13cdc9d9-ddb5-4fa4-a97d-d965ccfc6d4b" outcome="Passed" testListId="8c84fa94-04c1-424b-9868-57a2d4851a1d" relativeResultsDirectory="59c81f95-f453-482e-b71e-792c40cf0f2b">
    </UnitTestResult>
    <UnitTestResult executionId="bf35c6b0-9045-4d60-89c6-75f10085beab" testId="a2fa765c-34d7-bba3-c307-0ce7d1c8aa0a" testName="SerializeReply_Returns_HttpResponseMessage" computerName="GBLOCK-3-17" duration="00:00:00.0005342" startTime="2011-04-14T00:55:05.7121723-07:00" endTime="2011-04-14T00:55:05.7141725-07:00" testType="13cdc9d9-ddb5-4fa4-a97d-d965ccfc6d4b" outcome="Passed" testListId="8c84fa94-04c1-424b-9868-57a2d4851a1d" relativeResultsDirectory="bf35c6b0-9045-4d60-89c6-75f10085beab">
    </UnitTestResult>
    <UnitTestResult executionId="dbe9c107-6190-42c3-8b7a-de6e6a58779b" testId="0b4b96ae-c8e0-c9d4-745c-f6e8437398d4" testName="TypeIsCorrect" computerName="GBLOCK-3-17" duration="00:00:00.0002894" startTime="2011-04-14T00:55:05.7171728-07:00" endTime="2011-04-14T00:55:05.7181729-07:00" testType="13cdc9d9-ddb5-4fa4-a97d-d965ccfc6d4b" outcome="Passed" testListId="8c84fa94-04c1-424b-9868-57a2d4851a1d" relativeResultsDirectory="dbe9c107-6190-42c3-8b7a-de6e6a58779b">
    </UnitTestResult>
    <UnitTestResult executionId="ad493633-4097-4a87-ad22-0c46ff655941" testId="e0a5334c-1633-d414-b907-2c40ff404fb6" testName="UnitTestClassIsCorrect" computerName="GBLOCK-3-17" duration="00:00:00.0020001" startTime="2011-04-14T00:55:05.7211732-07:00" endTime="2011-04-14T00:55:05.7241735-07:00" testType="13cdc9d9-ddb5-4fa4-a97d-d965ccfc6d4b" outcome="Passed" testListId="8c84fa94-04c1-424b-9868-57a2d4851a1d" relativeResultsDirectory="ad493633-4097-4a87-ad22-0c46ff655941">
    </UnitTestResult>
    <UnitTestResult executionId="ded216a3-ed15-4ec9-997d-b1f85697ae95" testId="6ba9294e-43f5-f02c-22f2-7744a62cc48c" testName="AfterReceiveRequest_HttpMessageInspector_Null_Message_Throws" computerName="GBLOCK-3-17" duration="00:00:00.0012807" startTime="2011-04-14T00:55:05.7271738-07:00" endTime="2011-04-14T00:55:05.7291740-07:00" testType="13cdc9d9-ddb5-4fa4-a97d-d965ccfc6d4b" outcome="Passed" testListId="8c84fa94-04c1-424b-9868-57a2d4851a1d" relativeResultsDirectory="ded216a3-ed15-4ec9-997d-b1f85697ae95">
    </UnitTestResult>
    <UnitTestResult executionId="b0318baf-6cc4-4a0b-9e5d-450f1937b4d6" testId="60080ed0-900b-79ca-baf3-77e6d6514461" testName="AfterReceiveRequest_Null_HttpRequestMessage_Throws" computerName="GBLOCK-3-17" duration="00:00:00.0044865" startTime="2011-04-14T00:55:05.7321743-07:00" endTime="2011-04-14T00:55:05.7391750-07:00" testType="13cdc9d9-ddb5-4fa4-a97d-d965ccfc6d4b" outcome="Passed" testListId="8c84fa94-04c1-424b-9868-57a2d4851a1d" relativeResultsDirectory="b0318baf-6cc4-4a0b-9e5d-450f1937b4d6">
    </UnitTestResult>
    <UnitTestResult executionId="e237ba04-c25f-4d50-89ea-7d29cc984088" testId="d9cbcaa1-f614-6d32-b3b9-d890b368f72b" testName="AfterReceiveRequest_Null_Message_Throws" computerName="GBLOCK-3-17" duration="00:00:00.0008549" startTime="2011-04-14T00:55:05.7431754-07:00" endTime="2011-04-14T00:55:05.7441755-07:00" testType="13cdc9d9-ddb5-4fa4-a97d-d965ccfc6d4b" outcome="Passed" testListId="8c84fa94-04c1-424b-9868-57a2d4851a1d" relativeResultsDirectory="e237ba04-c25f-4d50-89ea-7d29cc984088">
    </UnitTestResult>
    <UnitTestResult executionId="152f9b41-77db-4737-a452-e2cf703dbc55" testId="88a86641-ed30-985a-ce27-9c3dcae5b7fe" testName="AfterReceiveRequest_Receives_HttpRequestMessage" computerName="GBLOCK-3-17" duration="00:00:00.0013734" startTime="2011-04-14T00:55:05.7471758-07:00" endTime="2011-04-14T00:55:05.7491760-07:00" testType="13cdc9d9-ddb5-4fa4-a97d-d965ccfc6d4b" outcome="Passed" testListId="8c84fa94-04c1-424b-9868-57a2d4851a1d" relativeResultsDirectory="152f9b41-77db-4737-a452-e2cf703dbc55">
    </UnitTestResult>
    <UnitTestResult executionId="9a7e29fd-b9e8-4758-bc3c-8be4f1bc4226" testId="5130759d-c887-eb8b-0b67-84a72ed4b71d" testName="AfterReceiveRequest_Returns_Custom_State_Value" computerName="GBLOCK-3-17" duration="00:00:00.0008430" startTime="2011-04-14T00:55:05.7521763-07:00" endTime="2011-04-14T00:55:05.7531764-07:00" testType="13cdc9d9-ddb5-4fa4-a97d-d965ccfc6d4b" outcome="Passed" testListId="8c84fa94-04c1-424b-9868-57a2d4851a1d" relativeResultsDirectory="9a7e29fd-b9e8-4758-bc3c-8be4f1bc4226">
    </UnitTestResult>
    <UnitTestResult executionId="d06e7e35-726b-4aa6-8444-7904ac0e2e2f" testId="547eb509-0724-d12b-0d18-ab74cfdb5e18" testName="BeforeSendReply_HttpMessageInspector_Null_Message_Throws" computerName="GBLOCK-3-17" duration="00:00:00.0007217" startTime="2011-04-14T00:55:05.7561767-07:00" endTime="2011-04-14T00:55:05.7571768-07:00" testType="13cdc9d9-ddb5-4fa4-a97d-d965ccfc6d4b" outcome="Passed" testListId="8c84fa94-04c1-424b-9868-57a2d4851a1d" relativeResultsDirectory="d06e7e35-726b-4aa6-8444-7904ac0e2e2f">
    </UnitTestResult>
    <UnitTestResult executionId="b9ecfcc2-eccc-44d5-9720-3d9a9582ec12" testId="3e13a575-a2bd-f629-c2f7-ba4b40ea8b10" testName="BeforeSendReply_Null_HttpResponseMessage_Throws" computerName="GBLOCK-3-17" duration="00:00:00.0009692" startTime="2011-04-14T00:55:05.7611772-07:00" endTime="2011-04-14T00:55:05.7621773-07:00" testType="13cdc9d9-ddb5-4fa4-a97d-d965ccfc6d4b" outcome="Passed" testListId="8c84fa94-04c1-424b-9868-57a2d4851a1d" relativeResultsDirectory="b9ecfcc2-eccc-44d5-9720-3d9a9582ec12">
    </UnitTestResult>
    <UnitTestResult executionId="576d1162-0dcd-46ba-807a-40387b1e3249" testId="41d2dca4-7826-471e-5875-aad13a9abd57" testName="BeforeSendReply_Null_Message_Throws" computerName="GBLOCK-3-17" duration="00:00:00.0004750" startTime="2011-04-14T00:55:05.7651776-07:00" endTime="2011-04-14T00:55:05.7661777-07:00" testType="13cdc9d9-ddb5-4fa4-a97d-d965ccfc6d4b" outcome="Passed" testListId="8c84fa94-04c1-424b-9868-57a2d4851a1d" relativeResultsDirectory="576d1162-0dcd-46ba-807a-40387b1e3249">
    </UnitTestResult>
    <UnitTestResult executionId="b1025dc7-36d5-4cd9-9f6c-c28112fda810" testId="06cf2008-1175-9667-e522-b5c121059f4e" testName="BeforeSendReply_Receives_Custom_CorrelationState" computerName="GBLOCK-3-17" duration="00:00:00.0007960" startTime="2011-04-14T00:55:05.7691780-07:00" endTime="2011-04-14T00:55:05.7701781-07:00" testType="13cdc9d9-ddb5-4fa4-a97d-d965ccfc6d4b" outcome="Passed" testListId="8c84fa94-04c1-424b-9868-57a2d4851a1d" relativeResultsDirectory="b1025dc7-36d5-4cd9-9f6c-c28112fda810">
    </UnitTestResult>
    <UnitTestResult executionId="ceb9bbef-760e-49a4-ad67-37b137b4ff08" testId="16a21422-dfe0-f249-e5a9-04b17dc27661" testName="BeforeSendReply_Receives_HttpResponseMessage" computerName="GBLOCK-3-17" duration="00:00:00.0005781" startTime="2011-04-14T00:55:05.7751786-07:00" endTime="2011-04-14T00:55:05.7771788-07:00" testType="13cdc9d9-ddb5-4fa4-a97d-d965ccfc6d4b" outcome="Passed" testListId="8c84fa94-04c1-424b-9868-57a2d4851a1d" relativeResultsDirectory="ceb9bbef-760e-49a4-ad67-37b137b4ff08">
    </UnitTestResult>
    <UnitTestResult executionId="b9ab8a80-b997-4c82-bdb6-8c20a421c27d" testId="ee2cd2a6-93d2-9094-5137-ee454615e59e" testName="ConstructorThrowsWithEmptyOutputParameterName" computerName="GBLOCK-3-17" duration="00:00:00.0158199" startTime="2011-04-14T00:55:05.7801791-07:00" endTime="2011-04-14T00:55:05.7971808-07:00" testType="13cdc9d9-ddb5-4fa4-a97d-d965ccfc6d4b" outcome="Passed" testListId="8c84fa94-04c1-424b-9868-57a2d4851a1d" relativeResultsDirectory="b9ab8a80-b997-4c82-bdb6-8c20a421c27d">
    </UnitTestResult>
    <UnitTestResult executionId="c0eae40f-ae59-487e-b010-6d25c6a1d7fc" testId="0b65eb5e-2594-b37d-9e89-0c7784ac2d83" testName="ConstructorThrowsWithNullOutputParameterName" computerName="GBLOCK-3-17" duration="00:00:00.0049592" startTime="2011-04-14T00:55:05.8011812-07:00" endTime="2011-04-14T00:55:05.8061817-07:00" testType="13cdc9d9-ddb5-4fa4-a97d-d965ccfc6d4b" outcome="Passed" testListId="8c84fa94-04c1-424b-9868-57a2d4851a1d" relativeResultsDirectory="c0eae40f-ae59-487e-b010-6d25c6a1d7fc">
    </UnitTestResult>
    <UnitTestResult executionId="9bbe64dd-aec8-4e68-aa46-de4c33b9c87b" testId="ccf70447-7559-6096-3df3-786383aa14b8" testName="HandleCallsOnHandleOfGeneric02" computerName="GBLOCK-3-17" duration="00:00:00.0032700" startTime="2011-04-14T00:55:05.8091820-07:00" endTime="2011-04-14T00:55:05.8131824-07:00" testType="13cdc9d9-ddb5-4fa4-a97d-d965ccfc6d4b" outcome="Passed" testListId="8c84fa94-04c1-424b-9868-57a2d4851a1d" relativeResultsDirectory="9bbe64dd-aec8-4e68-aa46-de4c33b9c87b">
    </UnitTestResult>
    <UnitTestResult executionId="a5c7fdc3-a9ce-48b5-a147-9cbdaca6c58c" testId="69f04631-9972-f8c7-7691-95db6c883cf9" testName="HandleCallsOnHandleOfGeneric03" computerName="GBLOCK-3-17" duration="00:00:00.0017776" startTime="2011-04-14T00:55:05.8161827-07:00" endTime="2011-04-14T00:55:05.8181829-07:00" testType="13cdc9d9-ddb5-4fa4-a97d-d965ccfc6d4b" outcome="Passed" testListId="8c84fa94-04c1-424b-9868-57a2d4851a1d" relativeResultsDirectory="a5c7fdc3-a9ce-48b5-a147-9cbdaca6c58c">
    </UnitTestResult>
    <UnitTestResult executionId="95f9f322-f912-4485-b422-9400d6c20f05" testId="d027087a-c2f7-dddb-c2d6-409cc32f3df3" testName="HandleCallsOnHandleOfGeneric04" computerName="GBLOCK-3-17" duration="00:00:00.0019589" startTime="2011-04-14T00:55:05.8211832-07:00" endTime="2011-04-14T00:55:05.8241835-07:00" testType="13cdc9d9-ddb5-4fa4-a97d-d965ccfc6d4b" outcome="Passed" testListId="8c84fa94-04c1-424b-9868-57a2d4851a1d" relativeResultsDirectory="95f9f322-f912-4485-b422-9400d6c20f05">
    </UnitTestResult>
    <UnitTestResult executionId="0fe6a944-bda4-4978-a7ac-c30967612de0" testId="62dc6219-f8b7-1800-cbb5-f3387b083ce8" testName="HandleCallsOnHandleOfGeneric05" computerName="GBLOCK-3-17" duration="00:00:00.0019462" startTime="2011-04-14T00:55:05.8271838-07:00" endTime="2011-04-14T00:55:05.8301841-07:00" testType="13cdc9d9-ddb5-4fa4-a97d-d965ccfc6d4b" outcome="Passed" testListId="8c84fa94-04c1-424b-9868-57a2d4851a1d" relativeResultsDirectory="0fe6a944-bda4-4978-a7ac-c30967612de0">
    </UnitTestResult>
    <UnitTestResult executionId="149adbad-4baa-4cb3-a1f1-5d8309e2d53a" testId="49a97412-47ea-8d85-2bed-e3cbfa833b4e" testName="HandleCallsOnHandleOfGeneric06" computerName="GBLOCK-3-17" duration="00:00:00.0020786" startTime="2011-04-14T00:55:05.8341845-07:00" endTime="2011-04-14T00:55:05.8371848-07:00" testType="13cdc9d9-ddb5-4fa4-a97d-d965ccfc6d4b" outcome="Passed" testListId="8c84fa94-04c1-424b-9868-57a2d4851a1d" relativeResultsDirectory="149adbad-4baa-4cb3-a1f1-5d8309e2d53a">
    </UnitTestResult>
    <UnitTestResult executionId="4a72b552-7d81-40ab-a7cb-b6a592546a6a" testId="f0a3d096-56c9-65ff-551f-4b2fdc28c12c" testName="HandleCallsOnHandleOfGeneric07" computerName="GBLOCK-3-17" duration="00:00:00.0022064" startTime="2011-04-14T00:55:05.8411852-07:00" endTime="2011-04-14T00:55:05.8431854-07:00" testType="13cdc9d9-ddb5-4fa4-a97d-d965ccfc6d4b" outcome="Passed" testListId="8c84fa94-04c1-424b-9868-57a2d4851a1d" relativeResultsDirectory="4a72b552-7d81-40ab-a7cb-b6a592546a6a">
    </UnitTestResult>
    <UnitTestResult executionId="f941aab0-7975-4987-91a9-7a52043c4348" testId="e12983a0-75e1-88b3-15af-c77bd00da173" testName="HandleCallsOnHandleOfGeneric08" computerName="GBLOCK-3-17" duration="00:00:00.0027319" startTime="2011-04-14T00:55:05.8581869-07:00" endTime="2011-04-14T00:55:05.8631874-07:00" testType="13cdc9d9-ddb5-4fa4-a97d-d965ccfc6d4b" outcome="Passed" testListId="8c84fa94-04c1-424b-9868-57a2d4851a1d" relativeResultsDirectory="f941aab0-7975-4987-91a9-7a52043c4348">
    </UnitTestResult>
    <UnitTestResult executionId="751585dd-2296-495d-a975-478f82984cf5" testId="87ae2a05-ce81-9c8f-2bd2-ba739c6baaea" testName="HandleCallsOnHandleOfGeneric09" computerName="GBLOCK-3-17" duration="00:00:00.0028108" startTime="2011-04-14T00:55:05.8801891-07:00" endTime="2011-04-14T00:55:05.8841895-07:00" testType="13cdc9d9-ddb5-4fa4-a97d-d965ccfc6d4b" outcome="Passed" testListId="8c84fa94-04c1-424b-9868-57a2d4851a1d" relativeResultsDirectory="751585dd-2296-495d-a975-478f82984cf5">
    </UnitTestResult>
    <UnitTestResult executionId="6d07ea6d-dd41-4a3f-9319-e07f6d0635c5" testId="7a3cd1bb-e63c-1e4d-44eb-d0957004dfd0" testName="HandleCallsOnHandleOfGeneric1" computerName="GBLOCK-3-17" duration="00:00:00.0021491" startTime="2011-04-14T00:55:05.8991910-07:00" endTime="2011-04-14T00:55:05.9021913-07:00" testType="13cdc9d9-ddb5-4fa4-a97d-d965ccfc6d4b" outcome="Passed" testListId="8c84fa94-04c1-424b-9868-57a2d4851a1d" relativeResultsDirectory="6d07ea6d-dd41-4a3f-9319-e07f6d0635c5">
    </UnitTestResult>
    <UnitTestResult executionId="e6639ff4-51ae-4984-b8e8-c4b380b17a7c" testId="7f778112-3a2b-b55e-3573-2466114a2a8e" testName="HandleCallsOnHandleOfGeneric10" computerName="GBLOCK-3-17" duration="00:00:00.0024235" startTime="2011-04-14T00:55:05.9051916-07:00" endTime="2011-04-14T00:55:05.9091920-07:00" testType="13cdc9d9-ddb5-4fa4-a97d-d965ccfc6d4b" outcome="Passed" testListId="8c84fa94-04c1-424b-9868-57a2d4851a1d" relativeResultsDirectory="e6639ff4-51ae-4984-b8e8-c4b380b17a7c">
    </UnitTestResult>
    <UnitTestResult executionId="ac053ff2-b99f-465f-8f7b-d30bd0a3d42f" testId="c8a14948-e2a5-d269-06d3-e53c168e27cf" testName="HandleCallsOnHandleOfGeneric11" computerName="GBLOCK-3-17" duration="00:00:00.0026495" startTime="2011-04-14T00:55:05.9131924-07:00" endTime="2011-04-14T00:55:05.9161927-07:00" testType="13cdc9d9-ddb5-4fa4-a97d-d965ccfc6d4b" outcome="Passed" testListId="8c84fa94-04c1-424b-9868-57a2d4851a1d" relativeResultsDirectory="ac053ff2-b99f-465f-8f7b-d30bd0a3d42f">
    </UnitTestResult>
    <UnitTestResult executionId="b9d75861-a8d4-401a-afcd-4be54be609ca" testId="ea71b25e-e7c9-9df2-61b7-35b8a4599331" testName="HandleCallsOnHandleOfGeneric12" computerName="GBLOCK-3-17" duration="00:00:00.0027404" startTime="2011-04-14T00:55:05.9191930-07:00" endTime="2011-04-14T00:55:05.9221933-07:00" testType="13cdc9d9-ddb5-4fa4-a97d-d965ccfc6d4b" outcome="Passed" testListId="8c84fa94-04c1-424b-9868-57a2d4851a1d" relativeResultsDirectory="b9d75861-a8d4-401a-afcd-4be54be609ca">
    </UnitTestResult>
    <UnitTestResult executionId="069426f4-5e8d-47ae-9746-f25549ad2778" testId="49d36747-672f-43b4-dab6-b685da44267c" testName="HandleCallsOnHandleOfGeneric13" computerName="GBLOCK-3-17" duration="00:00:00.0026849" startTime="2011-04-14T00:55:05.9261937-07:00" endTime="2011-04-14T00:55:05.9291940-07:00" testType="13cdc9d9-ddb5-4fa4-a97d-d965ccfc6d4b" outcome="Passed" testListId="8c84fa94-04c1-424b-9868-57a2d4851a1d" relativeResultsDirectory="069426f4-5e8d-47ae-9746-f25549ad2778">
    </UnitTestResult>
    <UnitTestResult executionId="d17695af-8304-4b83-adc9-8ad7e29ae4e3" testId="fd0b409c-1523-d706-b3f7-3dd891255108" testName="HandleCallsOnHandleOfGeneric14" computerName="GBLOCK-3-17" duration="00:00:00.0027269" startTime="2011-04-14T00:55:05.9321943-07:00" endTime="2011-04-14T00:55:05.9351946-07:00" testType="13cdc9d9-ddb5-4fa4-a97d-d965ccfc6d4b" outcome="Passed" testListId="8c84fa94-04c1-424b-9868-57a2d4851a1d" relativeResultsDirectory="d17695af-8304-4b83-adc9-8ad7e29ae4e3">
    </UnitTestResult>
    <UnitTestResult executionId="85fc0772-b5da-4d5b-bcd1-ed1c80e0f75f" testId="a7427fea-e82f-c736-8d34-a1eb279ba36d" testName="HandleCallsOnHandleOfGeneric15" computerName="GBLOCK-3-17" duration="00:00:00.0037816" startTime="2011-04-14T00:55:05.9381949-07:00" endTime="2011-04-14T00:55:05.9431954-07:00" testType="13cdc9d9-ddb5-4fa4-a97d-d965ccfc6d4b" outcome="Passed" testListId="8c84fa94-04c1-424b-9868-57a2d4851a1d" relativeResultsDirectory="85fc0772-b5da-4d5b-bcd1-ed1c80e0f75f">
    </UnitTestResult>
    <UnitTestResult executionId="af326b69-5b3a-4208-8784-20666775b5fc" testId="865d114e-40f4-c157-764d-aaf55bd9e4d0" testName="HandleCallsOnHandleOfGeneric16" computerName="GBLOCK-3-17" duration="00:00:00.0028824" startTime="2011-04-14T00:55:05.9461957-07:00" endTime="2011-04-14T00:55:05.9501961-07:00" testType="13cdc9d9-ddb5-4fa4-a97d-d965ccfc6d4b" outcome="Passed" testListId="8c84fa94-04c1-424b-9868-57a2d4851a1d" relativeResultsDirectory="af326b69-5b3a-4208-8784-20666775b5fc">
    </UnitTestResult>
    <UnitTestResult executionId="4c428e7d-6ae7-4696-b3a5-f2c657dbecf2" testId="2560ec52-4d9e-47e2-b2c8-15868b6b142b" testName="InputParametersReturnsReflectedHttpParameters" computerName="GBLOCK-3-17" duration="00:00:00.6196081" startTime="2011-04-14T00:55:05.9561967-07:00" endTime="2011-04-14T00:55:06.5782589-07:00" testType="13cdc9d9-ddb5-4fa4-a97d-d965ccfc6d4b" outcome="Passed" testListId="8c84fa94-04c1-424b-9868-57a2d4851a1d" relativeResultsDirectory="4c428e7d-6ae7-4696-b3a5-f2c657dbecf2">
    </UnitTestResult>
    <UnitTestResult executionId="bcda5fb7-c84e-41f5-b878-b9181721fb79" testId="c256a9da-b87c-4fe8-8c4e-dfdb1dd19403" testName="OutputParametersReturnsReflectedHttpParameters" computerName="GBLOCK-3-17" duration="00:00:00.1221610" startTime="2011-04-14T00:55:06.5812592-07:00" endTime="2011-04-14T00:55:06.7052716-07:00" testType="13cdc9d9-ddb5-4fa4-a97d-d965ccfc6d4b" outcome="Passed" testListId="8c84fa94-04c1-424b-9868-57a2d4851a1d" relativeResultsDirectory="bcda5fb7-c84e-41f5-b878-b9181721fb79">
    </UnitTestResult>
    <UnitTestResult executionId="c25b6614-daf8-40ac-ac39-abccd9c57bce" testId="2399f681-bbf0-d19d-4bf7-da3a21e41e0f" testName="TypeIsCorrect" computerName="GBLOCK-3-17" duration="00:00:00.0002736" startTime="2011-04-14T00:55:06.7092720-07:00" endTime="2011-04-14T00:55:06.7102721-07:00" testType="13cdc9d9-ddb5-4fa4-a97d-d965ccfc6d4b" outcome="Passed" testListId="8c84fa94-04c1-424b-9868-57a2d4851a1d" relativeResultsDirectory="c25b6614-daf8-40ac-ac39-abccd9c57bce">
    </UnitTestResult>
    <UnitTestResult executionId="094b01d6-353d-453c-9ddc-81c50a08b2af" testId="851d053c-2bb4-4dca-4fc3-c070d3b3bdf0" testName="UnitTestClassIsCorrect" computerName="GBLOCK-3-17" duration="00:00:00.0079540" startTime="2011-04-14T00:55:06.7132724-07:00" endTime="2011-04-14T00:55:06.7222733-07:00" testType="13cdc9d9-ddb5-4fa4-a97d-d965ccfc6d4b" outcome="Passed" testListId="8c84fa94-04c1-424b-9868-57a2d4851a1d" relativeResultsDirectory="094b01d6-353d-453c-9ddc-81c50a08b2af">
    </UnitTestResult>
    <UnitTestResult executionId="71b99c2d-4436-4ce7-828d-ab827e7e9319" testId="4069857c-e7a2-2f52-3d7b-b488aa5df2ed" testName="HandleCallsOnHandle" computerName="GBLOCK-3-17" duration="00:00:00.0020451" startTime="2011-04-14T00:55:06.7252736-07:00" endTime="2011-04-14T00:55:06.7282739-07:00" testType="13cdc9d9-ddb5-4fa4-a97d-d965ccfc6d4b" outcome="Passed" testListId="8c84fa94-04c1-424b-9868-57a2d4851a1d" relativeResultsDirectory="71b99c2d-4436-4ce7-828d-ab827e7e9319">
    </UnitTestResult>
    <UnitTestResult executionId="20a2f8ed-1721-4f75-befc-48e74c1e9009" testId="d374edba-e142-fcfb-80d9-088080fb6bb3" testName="HandleConvertsStringInput" computerName="GBLOCK-3-17" duration="00:00:00.0013738" startTime="2011-04-14T00:55:06.7312742-07:00" endTime="2011-04-14T00:55:06.7342745-07:00" testType="13cdc9d9-ddb5-4fa4-a97d-d965ccfc6d4b" outcome="Passed" testListId="8c84fa94-04c1-424b-9868-57a2d4851a1d" relativeResultsDirectory="20a2f8ed-1721-4f75-befc-48e74c1e9009">
    </UnitTestResult>
    <UnitTestResult executionId="b86e302c-eaee-455c-b20e-50a1baa05ccb" testId="6754100d-1f80-23ef-819f-75f4d48474e6" testName="HandleConvertsStringValuesReturnedFromOnHandle" computerName="GBLOCK-3-17" duration="00:00:00.0015008" startTime="2011-04-14T00:55:06.7372748-07:00" endTime="2011-04-14T00:55:06.7402751-07:00" testType="13cdc9d9-ddb5-4fa4-a97d-d965ccfc6d4b" outcome="Passed" testListId="8c84fa94-04c1-424b-9868-57a2d4851a1d" relativeResultsDirectory="b86e302c-eaee-455c-b20e-50a1baa05ccb">
    </UnitTestResult>
    <UnitTestResult executionId="eebd75a8-4eef-4d5c-a84e-c2f5d76ddec6" testId="53516993-c95f-aa4d-cf2c-c8bfb5e7c7a1" testName="HandlePropagatesExceptionFromOnHandle" computerName="GBLOCK-3-17" duration="00:00:00.0010866" startTime="2011-04-14T00:55:06.7432754-07:00" endTime="2011-04-14T00:55:06.7452756-07:00" testType="13cdc9d9-ddb5-4fa4-a97d-d965ccfc6d4b" outcome="Passed" testListId="8c84fa94-04c1-424b-9868-57a2d4851a1d" relativeResultsDirectory="eebd75a8-4eef-4d5c-a84e-c2f5d76ddec6">
    </UnitTestResult>
    <UnitTestResult executionId="8776d621-9eae-4fd6-812f-4f4fff3bc95e" testId="e17fe98f-4ec5-47ea-84d4-3ea874d9d1fa" testName="HandleReturnsEmptyArrayIfOnHandleReturnsNull" computerName="GBLOCK-3-17" duration="00:00:00.0009331" startTime="2011-04-14T00:55:06.7482759-07:00" endTime="2011-04-14T00:55:06.7502761-07:00" testType="13cdc9d9-ddb5-4fa4-a97d-d965ccfc6d4b" outcome="Passed" testListId="8c84fa94-04c1-424b-9868-57a2d4851a1d" relativeResultsDirectory="8776d621-9eae-4fd6-812f-4f4fff3bc95e">
    </UnitTestResult>
    <UnitTestResult executionId="539aa35f-4761-4bb6-aef8-189f87650558" testId="23e60a3c-de93-c43b-06b6-f2f1491eda97" testName="HandleThrowsIfOnHandleReturnsArrayContainingNonconvertableTypes" computerName="GBLOCK-3-17" duration="00:00:00.0039826" startTime="2011-04-14T00:55:06.7532764-07:00" endTime="2011-04-14T00:55:06.7592770-07:00" testType="13cdc9d9-ddb5-4fa4-a97d-d965ccfc6d4b" outcome="Passed" testListId="8c84fa94-04c1-424b-9868-57a2d4851a1d" relativeResultsDirectory="539aa35f-4761-4bb6-aef8-189f87650558">
    </UnitTestResult>
    <UnitTestResult executionId="9b29e72d-da8f-49af-a6cf-d3bacf3e1c66" testId="0609db7d-3092-0347-f1cf-98e38dc2227a" testName="HandleThrowsIfOnHandleReturnsTooLargeArray" computerName="GBLOCK-3-17" duration="00:00:00.0014439" startTime="2011-04-14T00:55:06.7622773-07:00" endTime="2011-04-14T00:55:06.7652776-07:00" testType="13cdc9d9-ddb5-4fa4-a97d-d965ccfc6d4b" outcome="Passed" testListId="8c84fa94-04c1-424b-9868-57a2d4851a1d" relativeResultsDirectory="9b29e72d-da8f-49af-a6cf-d3bacf3e1c66">
    </UnitTestResult>
    <UnitTestResult executionId="2e67fa23-8855-455e-92f7-6e37e1b2e655" testId="5bfe28cf-9d2a-2e6e-7d78-44597a3aadcf" testName="HandleThrowsIfOnHandleReturnsTooSmallArray" computerName="GBLOCK-3-17" duration="00:00:00.0012252" startTime="2011-04-14T00:55:06.7682779-07:00" endTime="2011-04-14T00:55:06.7702781-07:00" testType="13cdc9d9-ddb5-4fa4-a97d-d965ccfc6d4b" outcome="Passed" testListId="8c84fa94-04c1-424b-9868-57a2d4851a1d" relativeResultsDirectory="2e67fa23-8855-455e-92f7-6e37e1b2e655">
    </UnitTestResult>
    <UnitTestResult executionId="b985d32d-93e9-4c6a-856a-76d11e9a0368" testId="ca2b9d43-9e0b-4004-773b-48509b1890fa" testName="HandleThrowsWithNullInput" computerName="GBLOCK-3-17" duration="00:00:00.0007787" startTime="2011-04-14T00:55:06.7732784-07:00" endTime="2011-04-14T00:55:06.7752786-07:00" testType="13cdc9d9-ddb5-4fa4-a97d-d965ccfc6d4b" outcome="Passed" testListId="8c84fa94-04c1-424b-9868-57a2d4851a1d" relativeResultsDirectory="b985d32d-93e9-4c6a-856a-76d11e9a0368">
    </UnitTestResult>
    <UnitTestResult executionId="9e9b1480-c38d-4839-a266-e8df116cbbbd" testId="faf17de9-cd58-7ce5-9c1f-a6dc48d32b40" testName="HandleThrowsWithTooLargeInput" computerName="GBLOCK-3-17" duration="00:00:00.0017449" startTime="2011-04-14T00:55:06.7782789-07:00" endTime="2011-04-14T00:55:06.7812792-07:00" testType="13cdc9d9-ddb5-4fa4-a97d-d965ccfc6d4b" outcome="Passed" testListId="8c84fa94-04c1-424b-9868-57a2d4851a1d" relativeResultsDirectory="9e9b1480-c38d-4839-a266-e8df116cbbbd">
    </UnitTestResult>
    <UnitTestResult executionId="d6fe49be-4251-4c69-abc6-1f7ef4fada23" testId="02dce956-8d86-0c1f-797d-2807fc7022d2" testName="HandleThrowsWithTooSmallInput" computerName="GBLOCK-3-17" duration="00:00:00.0010147" startTime="2011-04-14T00:55:06.7842795-07:00" endTime="2011-04-14T00:55:06.7872798-07:00" testType="13cdc9d9-ddb5-4fa4-a97d-d965ccfc6d4b" outcome="Passed" testListId="8c84fa94-04c1-424b-9868-57a2d4851a1d" relativeResultsDirectory="d6fe49be-4251-4c69-abc6-1f7ef4fada23">
    </UnitTestResult>
    <UnitTestResult executionId="29082e03-46da-4f56-9ae7-7656b8ff7bef" testId="724da28d-84b6-96b3-483c-5e62833deda3" testName="HandleThrowsWitUnconvertableInput" computerName="GBLOCK-3-17" duration="00:00:00.0013846" startTime="2011-04-14T00:55:06.7902801-07:00" endTime="2011-04-14T00:55:06.7922803-07:00" testType="13cdc9d9-ddb5-4fa4-a97d-d965ccfc6d4b" outcome="Passed" testListId="8c84fa94-04c1-424b-9868-57a2d4851a1d" relativeResultsDirectory="29082e03-46da-4f56-9ae7-7656b8ff7bef">
    </UnitTestResult>
    <UnitTestResult executionId="7a2141d2-48c2-4c26-8d5e-c99297dce328" testId="2d3d8331-281b-a15c-63dd-0e924e787318" testName="InputParametersAcceptsNullFromOnGetInputParmeters" computerName="GBLOCK-3-17" duration="00:00:00.0006255" startTime="2011-04-14T00:55:06.7962807-07:00" endTime="2011-04-14T00:55:06.7972808-07:00" testType="13cdc9d9-ddb5-4fa4-a97d-d965ccfc6d4b" outcome="Passed" testListId="8c84fa94-04c1-424b-9868-57a2d4851a1d" relativeResultsDirectory="7a2141d2-48c2-4c26-8d5e-c99297dce328">
    </UnitTestResult>
    <UnitTestResult executionId="fb504b71-6237-4d7b-9bb6-c59fb68ee827" testId="23812c71-6a7e-ed8c-17f0-9db4a3618fbb" testName="InputParametersCallsOnGetInputParmeters" computerName="GBLOCK-3-17" duration="00:00:00.0042501" startTime="2011-04-14T00:55:06.8072818-07:00" endTime="2011-04-14T00:55:06.8142825-07:00" testType="13cdc9d9-ddb5-4fa4-a97d-d965ccfc6d4b" outcome="Passed" testListId="8c84fa94-04c1-424b-9868-57a2d4851a1d" relativeResultsDirectory="fb504b71-6237-4d7b-9bb6-c59fb68ee827">
    </UnitTestResult>
    <UnitTestResult executionId="3a97b9a5-a6af-48c6-aa2c-0377aeba61a1" testId="148f2f22-44c9-b960-15d3-0def7008bfcc" testName="InputParametersClonesParametersFromOnGetInputParameters" computerName="GBLOCK-3-17" duration="00:00:00.0050870" startTime="2011-04-14T00:55:06.8272838-07:00" endTime="2011-04-14T00:55:06.8352846-07:00" testType="13cdc9d9-ddb5-4fa4-a97d-d965ccfc6d4b" outcome="Passed" testListId="8c84fa94-04c1-424b-9868-57a2d4851a1d" relativeResultsDirectory="3a97b9a5-a6af-48c6-aa2c-0377aeba61a1">
    </UnitTestResult>
    <UnitTestResult executionId="71ddabbf-8caa-4723-80ef-286d3bcadfe7" testId="05ebd3cc-2f58-df02-dcf0-f3ec42625226" testName="InputParametersDoesNotCallOnGetInputParmetersTwice" computerName="GBLOCK-3-17" duration="00:00:00.0005808" startTime="2011-04-14T00:55:06.8442855-07:00" endTime="2011-04-14T00:55:06.8462857-07:00" testType="13cdc9d9-ddb5-4fa4-a97d-d965ccfc6d4b" outcome="Passed" testListId="8c84fa94-04c1-424b-9868-57a2d4851a1d" relativeResultsDirectory="71ddabbf-8caa-4723-80ef-286d3bcadfe7">
    </UnitTestResult>
    <UnitTestResult executionId="935025a1-8e5a-483b-a9ae-87f695fd5282" testId="9c96ea5c-70e7-e8fb-4047-980a39e5ea2f" testName="InputParametersPreservesOrderFromOnGetInputParameters" computerName="GBLOCK-3-17" duration="00:00:00.0016760" startTime="2011-04-14T00:55:06.8502861-07:00" endTime="2011-04-14T00:55:06.8532864-07:00" testType="13cdc9d9-ddb5-4fa4-a97d-d965ccfc6d4b" outcome="Passed" testListId="8c84fa94-04c1-424b-9868-57a2d4851a1d" relativeResultsDirectory="935025a1-8e5a-483b-a9ae-87f695fd5282">
    </UnitTestResult>
    <UnitTestResult executionId="3b38a94b-6345-47a6-a1fd-4bcf0e39906b" testId="4bc4f0f9-97d4-a621-341d-40c92a28cc7f" testName="InputParametersReturnsReadOnlyCollection" computerName="GBLOCK-3-17" duration="00:00:00.0009169" startTime="2011-04-14T00:55:06.8562867-07:00" endTime="2011-04-14T00:55:06.8582869-07:00" testType="13cdc9d9-ddb5-4fa4-a97d-d965ccfc6d4b" outcome="Passed" testListId="8c84fa94-04c1-424b-9868-57a2d4851a1d" relativeResultsDirectory="3b38a94b-6345-47a6-a1fd-4bcf0e39906b">
    </UnitTestResult>
    <UnitTestResult executionId="8ea73764-9423-4108-85c4-9144a0ab2b0e" testId="7d3ff19e-e3ac-6613-3ee3-878133f1442f" testName="OutputParametersAcceptsNullFromOnGetOutputParmeters" computerName="GBLOCK-3-17" duration="00:00:00.0005562" startTime="2011-04-14T00:55:06.8612872-07:00" endTime="2011-04-14T00:55:06.8632874-07:00" testType="13cdc9d9-ddb5-4fa4-a97d-d965ccfc6d4b" outcome="Passed" testListId="8c84fa94-04c1-424b-9868-57a2d4851a1d" relativeResultsDirectory="8ea73764-9423-4108-85c4-9144a0ab2b0e">
    </UnitTestResult>
    <UnitTestResult executionId="7a127e00-9749-4f54-bd27-98c096093a39" testId="4392a433-983f-afc1-2e4c-b72bfa0f7b21" testName="OutputParametersCallsOnGetInputParmeters" computerName="GBLOCK-3-17" duration="00:00:00.0004815" startTime="2011-04-14T00:55:06.8682879-07:00" endTime="2011-04-14T00:55:06.8722883-07:00" testType="13cdc9d9-ddb5-4fa4-a97d-d965ccfc6d4b" outcome="Passed" testListId="8c84fa94-04c1-424b-9868-57a2d4851a1d" relativeResultsDirectory="7a127e00-9749-4f54-bd27-98c096093a39">
    </UnitTestResult>
    <UnitTestResult executionId="5752f7d5-1489-4a9d-a052-17d9c2f1d87b" testId="1e1cc752-6293-8fc1-6803-c2c0e6376e2a" testName="OutputParametersClonesParametersFromOnGetInputParameters" computerName="GBLOCK-3-17" duration="00:00:00.0007987" startTime="2011-04-14T00:55:06.8802891-07:00" endTime="2011-04-14T00:55:06.8822893-07:00" testType="13cdc9d9-ddb5-4fa4-a97d-d965ccfc6d4b" outcome="Passed" testListId="8c84fa94-04c1-424b-9868-57a2d4851a1d" relativeResultsDirectory="5752f7d5-1489-4a9d-a052-17d9c2f1d87b">
    </UnitTestResult>
    <UnitTestResult executionId="56ca225e-b7fb-47fd-bd8c-852bf7cafd88" testId="cddf81f8-e516-cea0-42eb-481cd40d736a" testName="OutputParametersDoesNotCallOnGetOutputParmetersTwice" computerName="GBLOCK-3-17" duration="00:00:00.0004896" startTime="2011-04-14T00:55:06.8862897-07:00" endTime="2011-04-14T00:55:06.8872898-07:00" testType="13cdc9d9-ddb5-4fa4-a97d-d965ccfc6d4b" outcome="Passed" testListId="8c84fa94-04c1-424b-9868-57a2d4851a1d" relativeResultsDirectory="56ca225e-b7fb-47fd-bd8c-852bf7cafd88">
    </UnitTestResult>
    <UnitTestResult executionId="7e6c4298-22de-486c-818f-21236a74127f" testId="da430b32-b87f-5386-25d5-e65ca5f1cbbe" testName="OutputParametersPreservesOrderFromOnGetOutputParameters" computerName="GBLOCK-3-17" duration="00:00:00.0005400" startTime="2011-04-14T00:55:06.8912902-07:00" endTime="2011-04-14T00:55:06.8922903-07:00" testType="13cdc9d9-ddb5-4fa4-a97d-d965ccfc6d4b" outcome="Passed" testListId="8c84fa94-04c1-424b-9868-57a2d4851a1d" relativeResultsDirectory="7e6c4298-22de-486c-818f-21236a74127f">
    </UnitTestResult>
    <UnitTestResult executionId="2bb7f981-bbed-41cf-88ec-c1db95118c86" testId="6b7e0116-3df3-84c2-c634-8d97de9414c7" testName="OutputParametersReturnsReadOnlyCollection" computerName="GBLOCK-3-17" duration="00:00:00.0008684" startTime="2011-04-14T00:55:06.8952906-07:00" endTime="2011-04-14T00:55:06.8982909-07:00" testType="13cdc9d9-ddb5-4fa4-a97d-d965ccfc6d4b" outcome="Passed" testListId="8c84fa94-04c1-424b-9868-57a2d4851a1d" relativeResultsDirectory="2bb7f981-bbed-41cf-88ec-c1db95118c86">
    </UnitTestResult>
    <UnitTestResult executionId="6f2936ca-2d82-438b-b1ff-6e3cfb367d81" testId="2c3fa87e-8917-2aa9-356f-fb672837cd4f" testName="TypeIsCorrect" computerName="GBLOCK-3-17" duration="00:00:00.0002914" startTime="2011-04-14T00:55:06.9012912-07:00" endTime="2011-04-14T00:55:06.9022913-07:00" testType="13cdc9d9-ddb5-4fa4-a97d-d965ccfc6d4b" outcome="Passed" testListId="8c84fa94-04c1-424b-9868-57a2d4851a1d" relativeResultsDirectory="6f2936ca-2d82-438b-b1ff-6e3cfb367d81">
    </UnitTestResult>
    <UnitTestResult executionId="148964ed-5a68-4661-a2dc-6873b0dbb931" testId="cb6b3c87-ac17-a125-bdd0-fdda3d410979" testName="UnitTestClassIsCorrect" computerName="GBLOCK-3-17" duration="00:00:00.0034205" startTime="2011-04-14T00:55:06.9052916-07:00" endTime="2011-04-14T00:55:06.9102921-07:00" testType="13cdc9d9-ddb5-4fa4-a97d-d965ccfc6d4b" outcome="Passed" testListId="8c84fa94-04c1-424b-9868-57a2d4851a1d" relativeResultsDirectory="148964ed-5a68-4661-a2dc-6873b0dbb931">
    </UnitTestResult>
    <UnitTestResult executionId="76928386-f9d1-4b6a-9d05-f89e359c650f" testId="0f879ae0-5300-4ec6-0e80-5fdb2cf0b174" testName="SelectOperation_Non_Http_Message_Throws" computerName="GBLOCK-3-17" duration="00:00:00.0009996" startTime="2011-04-14T00:55:06.9132924-07:00" endTime="2011-04-14T00:55:06.9152926-07:00" testType="13cdc9d9-ddb5-4fa4-a97d-d965ccfc6d4b" outcome="Passed" testListId="8c84fa94-04c1-424b-9868-57a2d4851a1d" relativeResultsDirectory="76928386-f9d1-4b6a-9d05-f89e359c650f">
    </UnitTestResult>
    <UnitTestResult executionId="ceb94dd8-0726-4051-bb18-d913718e8cc0" testId="dd3aa1a3-5815-dda1-7372-1f0f96adcf29" testName="SelectOperation_Null_HttpRequestMessage_Throws" computerName="GBLOCK-3-17" duration="00:00:00.0004784" startTime="2011-04-14T00:55:06.9182929-07:00" endTime="2011-04-14T00:55:06.9202931-07:00" testType="13cdc9d9-ddb5-4fa4-a97d-d965ccfc6d4b" outcome="Passed" testListId="8c84fa94-04c1-424b-9868-57a2d4851a1d" relativeResultsDirectory="ceb94dd8-0726-4051-bb18-d913718e8cc0">
    </UnitTestResult>
    <UnitTestResult executionId="a5cd1fcc-9f06-477e-b589-73200eb0c37f" testId="c069af58-5db8-af6d-2b46-485e266d57d0" testName="SelectOperation_Null_Message_Throws" computerName="GBLOCK-3-17" duration="00:00:00.0005100" startTime="2011-04-14T00:55:06.9242935-07:00" endTime="2011-04-14T00:55:06.9262937-07:00" testType="13cdc9d9-ddb5-4fa4-a97d-d965ccfc6d4b" outcome="Passed" testListId="8c84fa94-04c1-424b-9868-57a2d4851a1d" relativeResultsDirectory="a5cd1fcc-9f06-477e-b589-73200eb0c37f">
    </UnitTestResult>
    <UnitTestResult executionId="18e1a6ec-7a0a-46a9-8d69-e6b36b92e107" testId="5182af24-8332-6b76-e43d-5534255c9b33" testName="SelectOperation_Null_Return_Throws" computerName="GBLOCK-3-17" duration="00:00:00.0012576" startTime="2011-04-14T00:55:06.9292940-07:00" endTime="2011-04-14T00:55:06.9322943-07:00" testType="13cdc9d9-ddb5-4fa4-a97d-d965ccfc6d4b" outcome="Passed" testListId="8c84fa94-04c1-424b-9868-57a2d4851a1d" relativeResultsDirectory="18e1a6ec-7a0a-46a9-8d69-e6b36b92e107">
    </UnitTestResult>
    <UnitTestResult executionId="a44b75f0-496e-467d-a322-a054027d4d51" testId="8c17fe43-ad28-1237-3093-88cfaece3054" testName="SelectOperation_Returns_Custom_Operation_Name" computerName="GBLOCK-3-17" duration="00:00:00.0007113" startTime="2011-04-14T00:55:06.9372948-07:00" endTime="2011-04-14T00:55:06.9392950-07:00" testType="13cdc9d9-ddb5-4fa4-a97d-d965ccfc6d4b" outcome="Passed" testListId="8c84fa94-04c1-424b-9868-57a2d4851a1d" relativeResultsDirectory="a44b75f0-496e-467d-a322-a054027d4d51">
    </UnitTestResult>
    <UnitTestResult executionId="b5800bad-6a7e-47e1-9d60-1b637bf59a7c" testId="a92e8b08-8992-7f4a-f30c-eab17c373f76" testName="TypeIsCorrect" computerName="GBLOCK-3-17" duration="00:00:00.0005966" startTime="2011-04-14T00:55:06.9432954-07:00" endTime="2011-04-14T00:55:06.9452956-07:00" testType="13cdc9d9-ddb5-4fa4-a97d-d965ccfc6d4b" outcome="Passed" testListId="8c84fa94-04c1-424b-9868-57a2d4851a1d" relativeResultsDirectory="b5800bad-6a7e-47e1-9d60-1b637bf59a7c">
    </UnitTestResult>
    <UnitTestResult executionId="7d65d0cc-b613-42f5-a996-b0fb9e329676" testId="432df276-83e5-dce0-94e9-e8b3284738d7" testName="UnitTestClassIsCorrect" computerName="GBLOCK-3-17" duration="00:00:00.0007748" startTime="2011-04-14T00:55:06.9482959-07:00" endTime="2011-04-14T00:55:06.9502961-07:00" testType="13cdc9d9-ddb5-4fa4-a97d-d965ccfc6d4b" outcome="Passed" testListId="8c84fa94-04c1-424b-9868-57a2d4851a1d" relativeResultsDirectory="7d65d0cc-b613-42f5-a996-b0fb9e329676">
    </UnitTestResult>
    <UnitTestResult executionId="725ad009-ccae-447c-9ffe-35576dabe642" testId="6d2f50d7-d5f2-6a96-007e-e45d1bd5507f" testName="Constructor" computerName="GBLOCK-3-17" duration="00:00:00.0007417" startTime="2011-04-14T00:55:06.9532964-07:00" endTime="2011-04-14T00:55:06.9552966-07:00" testType="13cdc9d9-ddb5-4fa4-a97d-d965ccfc6d4b" outcome="Passed" testListId="8c84fa94-04c1-424b-9868-57a2d4851a1d" relativeResultsDirectory="725ad009-ccae-447c-9ffe-35576dabe642">
    </UnitTestResult>
    <UnitTestResult executionId="f7b4c732-353e-4445-a1e2-3a457dabc763" testId="341d8281-ca41-caef-5e41-cff0c358aac4" testName="OnDeserializeRequestExecutesRequestPipeline" computerName="GBLOCK-3-17" duration="00:00:00.5296551" startTime="2011-04-14T00:55:06.9592970-07:00" endTime="2011-04-14T00:55:07.4963507-07:00" testType="13cdc9d9-ddb5-4fa4-a97d-d965ccfc6d4b" outcome="Passed" testListId="8c84fa94-04c1-424b-9868-57a2d4851a1d" relativeResultsDirectory="f7b4c732-353e-4445-a1e2-3a457dabc763">
    </UnitTestResult>
    <UnitTestResult executionId="0c2819c3-0efc-48a2-8013-f1287b36c5b5" testId="368ec12a-dca4-54b7-3622-6dfb4ca0fbda" testName="TypeIsCorrect" computerName="GBLOCK-3-17" duration="00:00:00.0005543" startTime="2011-04-14T00:55:07.4993510-07:00" endTime="2011-04-14T00:55:07.5003511-07:00" testType="13cdc9d9-ddb5-4fa4-a97d-d965ccfc6d4b" outcome="Passed" testListId="8c84fa94-04c1-424b-9868-57a2d4851a1d" relativeResultsDirectory="0c2819c3-0efc-48a2-8013-f1287b36c5b5">
    </UnitTestResult>
    <UnitTestResult executionId="f9436f6d-8286-4326-b486-f4943a3f73e4" testId="baeefced-7531-a8ad-4f24-83563e2d165e" testName="UnitTestClassIsCorrect" computerName="GBLOCK-3-17" duration="00:00:00.0009715" startTime="2011-04-14T00:55:07.5033514-07:00" endTime="2011-04-14T00:55:07.5053516-07:00" testType="13cdc9d9-ddb5-4fa4-a97d-d965ccfc6d4b" outcome="Passed" testListId="8c84fa94-04c1-424b-9868-57a2d4851a1d" relativeResultsDirectory="f9436f6d-8286-4326-b486-f4943a3f73e4">
    </UnitTestResult>
    <UnitTestResult executionId="427c62c7-2d14-4686-9d0f-47da7a691e1b" testId="4b8e1d0c-2c01-9947-bfea-4034bd3134ab" testName="Constructor" computerName="GBLOCK-3-17" duration="00:00:00.0120656" startTime="2011-04-14T00:55:07.5113522-07:00" endTime="2011-04-14T00:55:07.5293540-07:00" testType="13cdc9d9-ddb5-4fa4-a97d-d965ccfc6d4b" outcome="Passed" testListId="8c84fa94-04c1-424b-9868-57a2d4851a1d" relativeResultsDirectory="427c62c7-2d14-4686-9d0f-47da7a691e1b">
    </UnitTestResult>
    <UnitTestResult executionId="4c3eadcb-9948-4e52-9b89-cdb54f9f79e6" testId="719e7379-04a7-5b12-54b8-226fa36eaf3c" testName="GetHttpResponseMessageCallsPipelineInfo" computerName="GBLOCK-3-17" duration="00:00:00.0151239" startTime="2011-04-14T00:55:07.5323543-07:00" endTime="2011-04-14T00:55:07.5603571-07:00" testType="13cdc9d9-ddb5-4fa4-a97d-d965ccfc6d4b" outcome="Passed" testListId="8c84fa94-04c1-424b-9868-57a2d4851a1d" relativeResultsDirectory="4c3eadcb-9948-4e52-9b89-cdb54f9f79e6">
    </UnitTestResult>
    <UnitTestResult executionId="4ab2fde8-4601-49f2-8231-d92e58730c3e" testId="ce5d2e87-3418-a9b3-e458-7c6824c2fc1d" testName="GetInputValuesCallsPipelineInfo" computerName="GBLOCK-3-17" duration="00:00:00.0075548" startTime="2011-04-14T00:55:07.5633574-07:00" endTime="2011-04-14T00:55:07.5803591-07:00" testType="13cdc9d9-ddb5-4fa4-a97d-d965ccfc6d4b" outcome="Passed" testListId="8c84fa94-04c1-424b-9868-57a2d4851a1d" relativeResultsDirectory="4ab2fde8-4601-49f2-8231-d92e58730c3e">
    </UnitTestResult>
    <UnitTestResult executionId="e24917ae-598e-4dbd-bd07-e001dade8a65" testId="6acaed0d-3636-a7c5-c282-06754242dbb3" testName="SetOutputValuesAndAdvanceCallsPipelineInfo" computerName="GBLOCK-3-17" duration="00:00:00.0093567" startTime="2011-04-14T00:55:07.5833594-07:00" endTime="2011-04-14T00:55:07.5973608-07:00" testType="13cdc9d9-ddb5-4fa4-a97d-d965ccfc6d4b" outcome="Passed" testListId="8c84fa94-04c1-424b-9868-57a2d4851a1d" relativeResultsDirectory="e24917ae-598e-4dbd-bd07-e001dade8a65">
    </UnitTestResult>
    <UnitTestResult executionId="6a649f2d-cf41-4072-8710-06b7491de1bb" testId="52aaffa4-7e81-5e30-6937-2e7b5c89a64d" testName="TypeIsCorrect" computerName="GBLOCK-3-17" duration="00:00:00.0004207" startTime="2011-04-14T00:55:07.6013612-07:00" endTime="2011-04-14T00:55:07.6023613-07:00" testType="13cdc9d9-ddb5-4fa4-a97d-d965ccfc6d4b" outcome="Passed" testListId="8c84fa94-04c1-424b-9868-57a2d4851a1d" relativeResultsDirectory="6a649f2d-cf41-4072-8710-06b7491de1bb">
    </UnitTestResult>
    <UnitTestResult executionId="f9fd780a-844f-42af-9a29-65217e8d3e63" testId="0c381378-4b4b-e9a3-6209-ef85b628a1fc" testName="UnitTestClassIsCorrect" computerName="GBLOCK-3-17" duration="00:00:00.0012406" startTime="2011-04-14T00:55:07.6063617-07:00" endTime="2011-04-14T00:55:07.6083619-07:00" testType="13cdc9d9-ddb5-4fa4-a97d-d965ccfc6d4b" outcome="Passed" testListId="8c84fa94-04c1-424b-9868-57a2d4851a1d" relativeResultsDirectory="f9fd780a-844f-42af-9a29-65217e8d3e63">
    </UnitTestResult>
    <UnitTestResult executionId="c799878a-a53f-4b7b-a8ff-cb86286a3be9" testId="1efcd3ce-24c4-3958-093e-ac8d75c24d2d" testName="ConstructorAcceptsAnEmptyRequestHandlersCollection" computerName="GBLOCK-3-17" duration="00:00:00.0009619" startTime="2011-04-14T00:55:07.6143625-07:00" endTime="2011-04-14T00:55:07.6183629-07:00" testType="13cdc9d9-ddb5-4fa4-a97d-d965ccfc6d4b" outcome="Passed" testListId="8c84fa94-04c1-424b-9868-57a2d4851a1d" relativeResultsDirectory="c799878a-a53f-4b7b-a8ff-cb86286a3be9">
    </UnitTestResult>
    <UnitTestResult executionId="0bce5d3c-e037-4537-990a-fb1049e74f87" testId="9e7d9fd1-2bb7-5bc4-dcad-3e8a679a3152" testName="ConstructorAcceptsAnEmptyResponseHandlersCollection" computerName="GBLOCK-3-17" duration="00:00:00.0017599" startTime="2011-04-14T00:55:07.6253636-07:00" endTime="2011-04-14T00:55:07.6283639-07:00" testType="13cdc9d9-ddb5-4fa4-a97d-d965ccfc6d4b" outcome="Passed" testListId="8c84fa94-04c1-424b-9868-57a2d4851a1d" relativeResultsDirectory="0bce5d3c-e037-4537-990a-fb1049e74f87">
    </UnitTestResult>
    <UnitTestResult executionId="c699c86e-6566-4cdc-8918-c958d2396246" testId="2b1d03d6-f697-8b7a-4ea6-50437b21c27d" testName="ConstructorCallsOnGetInputParametersOfAllRequestHandlers" computerName="GBLOCK-3-17" duration="00:00:00.0014835" startTime="2011-04-14T00:55:07.6323643-07:00" endTime="2011-04-14T00:55:07.6343645-07:00" testType="13cdc9d9-ddb5-4fa4-a97d-d965ccfc6d4b" outcome="Passed" testListId="8c84fa94-04c1-424b-9868-57a2d4851a1d" relativeResultsDirectory="c699c86e-6566-4cdc-8918-c958d2396246">
    </UnitTestResult>
    <UnitTestResult executionId="e4ed4992-0570-4203-9d7d-c246ee10a9f9" testId="6a22cae7-67e2-7b24-a40c-24472efb559f" testName="ConstructorCallsOnGetInputParametersOfAllResponseHandlers" computerName="GBLOCK-3-17" duration="00:00:00.0015047" startTime="2011-04-14T00:55:07.6373648-07:00" endTime="2011-04-14T00:55:07.6393650-07:00" testType="13cdc9d9-ddb5-4fa4-a97d-d965ccfc6d4b" outcome="Passed" testListId="8c84fa94-04c1-424b-9868-57a2d4851a1d" relativeResultsDirectory="e4ed4992-0570-4203-9d7d-c246ee10a9f9">
    </UnitTestResult>
    <UnitTestResult executionId="ceac24cb-e14e-48a0-b009-7287df909ab1" testId="8d1f6709-8357-0346-9759-dd683ad6130f" testName="ConstructorCallsOnGetOutputParametersOfAllRequestHandlers" computerName="GBLOCK-3-17" duration="00:00:00.0013238" startTime="2011-04-14T00:55:07.6423653-07:00" endTime="2011-04-14T00:55:07.6453656-07:00" testType="13cdc9d9-ddb5-4fa4-a97d-d965ccfc6d4b" outcome="Passed" testListId="8c84fa94-04c1-424b-9868-57a2d4851a1d" relativeResultsDirectory="ceac24cb-e14e-48a0-b009-7287df909ab1">
    </UnitTestResult>
    <UnitTestResult executionId="a309956d-1d99-40be-9b3b-3ed05a599d85" testId="8e0cdb6d-a87e-a0bb-6aa3-7fd02f4f61a2" testName="ConstructorCallsOnGetOutputParametersOfAllResponseHandlers" computerName="GBLOCK-3-17" duration="00:00:00.0013449" startTime="2011-04-14T00:55:07.6483659-07:00" endTime="2011-04-14T00:55:07.6503661-07:00" testType="13cdc9d9-ddb5-4fa4-a97d-d965ccfc6d4b" outcome="Passed" testListId="8c84fa94-04c1-424b-9868-57a2d4851a1d" relativeResultsDirectory="a309956d-1d99-40be-9b3b-3ed05a599d85">
    </UnitTestResult>
    <UnitTestResult executionId="50f99649-7e20-465e-ab6e-89b01d1727d9" testId="53024601-6c96-203b-375e-85fe4fceae32" testName="ConstructorDoesNotCallOnHandleOfAnyRequestHandlers" computerName="GBLOCK-3-17" duration="00:00:00.0014319" startTime="2011-04-14T00:55:07.6533664-07:00" endTime="2011-04-14T00:55:07.6563667-07:00" testType="13cdc9d9-ddb5-4fa4-a97d-d965ccfc6d4b" outcome="Passed" testListId="8c84fa94-04c1-424b-9868-57a2d4851a1d" relativeResultsDirectory="50f99649-7e20-465e-ab6e-89b01d1727d9">
    </UnitTestResult>
    <UnitTestResult executionId="c8909962-14ac-44be-830d-c501b8b6f74c" testId="ab1943b6-8fc3-3f11-6c5d-12e31a746b9a" testName="ConstructorDoesNotCallOnHandleOfAnyResponseHandlers" computerName="GBLOCK-3-17" duration="00:00:00.0014554" startTime="2011-04-14T00:55:07.6593670-07:00" endTime="2011-04-14T00:55:07.6613672-07:00" testType="13cdc9d9-ddb5-4fa4-a97d-d965ccfc6d4b" outcome="Passed" testListId="8c84fa94-04c1-424b-9868-57a2d4851a1d" relativeResultsDirectory="c8909962-14ac-44be-830d-c501b8b6f74c">
    </UnitTestResult>
    <UnitTestResult executionId="3b511ea6-8342-4672-8214-d8e1ff1cc0c5" testId="dc16883e-a24f-7b0e-fb1c-f685f23f6bc1" testName="ConstructorDoesNotThrowIfTheOperationHandlerPipelineCanBindSuccessfully" computerName="GBLOCK-3-17" duration="00:00:00.0019197" startTime="2011-04-14T00:55:07.6643675-07:00" endTime="2011-04-14T00:55:07.6673678-07:00" testType="13cdc9d9-ddb5-4fa4-a97d-d965ccfc6d4b" outcome="Passed" testListId="8c84fa94-04c1-424b-9868-57a2d4851a1d" relativeResultsDirectory="3b511ea6-8342-4672-8214-d8e1ff1cc0c5">
    </UnitTestResult>
    <UnitTestResult executionId="1ee5fcde-e61c-475e-8959-a6dc10e4a59e" testId="a355a6d3-9e15-fc7d-5682-25787eae5a3b" testName="ConstructorThrowsIfARequestHandlerInputCanNotBeBound" computerName="GBLOCK-3-17" duration="00:00:00.0030483" startTime="2011-04-14T00:55:07.6703681-07:00" endTime="2011-04-14T00:55:07.6743685-07:00" testType="13cdc9d9-ddb5-4fa4-a97d-d965ccfc6d4b" outcome="Passed" testListId="8c84fa94-04c1-424b-9868-57a2d4851a1d" relativeResultsDirectory="1ee5fcde-e61c-475e-8959-a6dc10e4a59e">
    </UnitTestResult>
    <UnitTestResult executionId="18bc4ab2-4911-4648-b251-17b7ca2b1d2e" testId="a9745b5f-1f7e-f341-61a9-ac82af374848" testName="ConstructorThrowsIfARequestHandlerInputCanNotBeBoundAndItCanBeConvertedToFromAString" computerName="GBLOCK-3-17" duration="00:00:00.0036619" startTime="2011-04-14T00:55:07.6773688-07:00" endTime="2011-04-14T00:55:07.6813692-07:00" testType="13cdc9d9-ddb5-4fa4-a97d-d965ccfc6d4b" outcome="Passed" testListId="8c84fa94-04c1-424b-9868-57a2d4851a1d" relativeResultsDirectory="18bc4ab2-4911-4648-b251-17b7ca2b1d2e">
    </UnitTestResult>
    <UnitTestResult executionId="def2680a-d8d5-4f82-8bb7-4e3f5f9bb07d" testId="9218e424-6a31-6414-61ab-29fa5bc92ab0" testName="ConstructorThrowsIfARequestHandlerInputHasMultipleTypeOnlyBindings" computerName="GBLOCK-3-17" duration="00:00:00.0058526" startTime="2011-04-14T00:55:07.6843695-07:00" endTime="2011-04-14T00:55:07.6913702-07:00" testType="13cdc9d9-ddb5-4fa4-a97d-d965ccfc6d4b" outcome="Passed" testListId="8c84fa94-04c1-424b-9868-57a2d4851a1d" relativeResultsDirectory="def2680a-d8d5-4f82-8bb7-4e3f5f9bb07d">
    </UnitTestResult>
    <UnitTestResult executionId="ef640208-f16e-4a5b-a7ee-66e23dd899cf" testId="7fa66499-2f67-139e-7645-ad96da7a1118" testName="ConstructorThrowsIfAResponseHandlerInputCanNotBeBound" computerName="GBLOCK-3-17" duration="00:00:00.0023689" startTime="2011-04-14T00:55:07.6953706-07:00" endTime="2011-04-14T00:55:07.6983709-07:00" testType="13cdc9d9-ddb5-4fa4-a97d-d965ccfc6d4b" outcome="Passed" testListId="8c84fa94-04c1-424b-9868-57a2d4851a1d" relativeResultsDirectory="ef640208-f16e-4a5b-a7ee-66e23dd899cf">
    </UnitTestResult>
    <UnitTestResult executionId="196b0fa6-51c3-4cc1-9bd6-4bd6b71cfccd" testId="c77887d7-659d-9176-f4fa-e4cea04c1c21" testName="ConstructorThrowsIfAResponseHandlerInputCanNotBeBoundAndItCanBeConvertedToFromAString" computerName="GBLOCK-3-17" duration="00:00:00.0056971" startTime="2011-04-14T00:55:07.7083719-07:00" endTime="2011-04-14T00:55:07.7163727-07:00" testType="13cdc9d9-ddb5-4fa4-a97d-d965ccfc6d4b" outcome="Passed" testListId="8c84fa94-04c1-424b-9868-57a2d4851a1d" relativeResultsDirectory="196b0fa6-51c3-4cc1-9bd6-4bd6b71cfccd">
    </UnitTestResult>
    <UnitTestResult executionId="64cc6836-ad9e-4db1-8a9f-78d32819c417" testId="aa6079ab-18db-8ee6-f6d3-5a6390969b35" testName="ConstructorThrowsIfAResponseHandlerInputHasMultipleTypeOnlyBindings" computerName="GBLOCK-3-17" duration="00:00:00.0030063" startTime="2011-04-14T00:55:07.7283739-07:00" endTime="2011-04-14T00:55:07.7343745-07:00" testType="13cdc9d9-ddb5-4fa4-a97d-d965ccfc6d4b" outcome="Passed" testListId="8c84fa94-04c1-424b-9868-57a2d4851a1d" relativeResultsDirectory="64cc6836-ad9e-4db1-8a9f-78d32819c417">
    </UnitTestResult>
    <UnitTestResult executionId="d8a8d38b-54da-4231-a852-740996f99ab8" testId="dcd63b14-57dd-b2b7-eb45-bd9dbd23f6be" testName="ConstructorThrowsIfAServiceOperationInputCanNotBeBound" computerName="GBLOCK-3-17" duration="00:00:00.0027184" startTime="2011-04-14T00:55:07.7463757-07:00" endTime="2011-04-14T00:55:07.7513762-07:00" testType="13cdc9d9-ddb5-4fa4-a97d-d965ccfc6d4b" outcome="Passed" testListId="8c84fa94-04c1-424b-9868-57a2d4851a1d" relativeResultsDirectory="d8a8d38b-54da-4231-a852-740996f99ab8">
    </UnitTestResult>
    <UnitTestResult executionId="09194d48-25a7-406b-8c40-c46f502423f5" testId="40e30ed1-79e1-7268-30b1-c2dfa0104ff1" testName="ConstructorThrowsIfAServiceOperationInputCanNotBeBoundAndItCanBeConvertedToFromAString" computerName="GBLOCK-3-17" duration="00:00:00.0016902" startTime="2011-04-14T00:55:07.7543765-07:00" endTime="2011-04-14T00:55:07.7573768-07:00" testType="13cdc9d9-ddb5-4fa4-a97d-d965ccfc6d4b" outcome="Passed" testListId="8c84fa94-04c1-424b-9868-57a2d4851a1d" relativeResultsDirectory="09194d48-25a7-406b-8c40-c46f502423f5">
    </UnitTestResult>
    <UnitTestResult executionId="45ff54be-6def-4c8b-a513-a25504cc3703" testId="85779a38-ca8f-819b-207b-ec5e44ff5811" testName="ConstructorThrowsIfAServiceOperationInputHasMultipleTypeOnlyBindings" computerName="GBLOCK-3-17" duration="00:00:00.0025621" startTime="2011-04-14T00:55:07.7603771-07:00" endTime="2011-04-14T00:55:07.7643775-07:00" testType="13cdc9d9-ddb5-4fa4-a97d-d965ccfc6d4b" outcome="Passed" testListId="8c84fa94-04c1-424b-9868-57a2d4851a1d" relativeResultsDirectory="45ff54be-6def-4c8b-a513-a25504cc3703">
    </UnitTestResult>
    <UnitTestResult executionId="d6dd779b-3d9e-4b4b-a762-42194929c3be" testId="fc5a408f-7863-1cc7-07e7-b3664c40e2a3" testName="ConstructorThrowsWhenBindingIfNothingProducesAnHttpResponseMessage" computerName="GBLOCK-3-17" duration="00:00:00.0009273" startTime="2011-04-14T00:55:07.7673778-07:00" endTime="2011-04-14T00:55:07.7683779-07:00" testType="13cdc9d9-ddb5-4fa4-a97d-d965ccfc6d4b" outcome="Passed" testListId="8c84fa94-04c1-424b-9868-57a2d4851a1d" relativeResultsDirectory="d6dd779b-3d9e-4b4b-a762-42194929c3be">
    </UnitTestResult>
    <UnitTestResult executionId="b5abb6ea-9e98-491b-acc6-14177696e92a" testId="f670a450-6b7b-0350-b2e2-e6ba33890789" testName="ConstructorThrowsWithNullOperation" computerName="GBLOCK-3-17" duration="00:00:00.0010123" startTime="2011-04-14T00:55:07.7713782-07:00" endTime="2011-04-14T00:55:07.7733784-07:00" testType="13cdc9d9-ddb5-4fa4-a97d-d965ccfc6d4b" outcome="Passed" testListId="8c84fa94-04c1-424b-9868-57a2d4851a1d" relativeResultsDirectory="b5abb6ea-9e98-491b-acc6-14177696e92a">
    </UnitTestResult>
    <UnitTestResult executionId="a1ba8d66-886f-42cb-a12b-5e6b5a16eb9a" testId="714489df-87a9-13d9-5af6-5d3b484159c4" testName="ConstructorThrowsWithNullRequestHandlers" computerName="GBLOCK-3-17" duration="00:00:00.0006309" startTime="2011-04-14T00:55:07.7763787-07:00" endTime="2011-04-14T00:55:07.7783789-07:00" testType="13cdc9d9-ddb5-4fa4-a97d-d965ccfc6d4b" outcome="Passed" testListId="8c84fa94-04c1-424b-9868-57a2d4851a1d" relativeResultsDirectory="a1ba8d66-886f-42cb-a12b-5e6b5a16eb9a">
    </UnitTestResult>
    <UnitTestResult executionId="f9d4b19c-d753-43c1-a6b0-6cb4819444cb" testId="fafab547-be4f-3f8a-016d-72daf79b2a85" testName="ConstructorThrowsWithNullResponseHandlers" computerName="GBLOCK-3-17" duration="00:00:00.0006293" startTime="2011-04-14T00:55:07.7813792-07:00" endTime="2011-04-14T00:55:07.7833794-07:00" testType="13cdc9d9-ddb5-4fa4-a97d-d965ccfc6d4b" outcome="Passed" testListId="8c84fa94-04c1-424b-9868-57a2d4851a1d" relativeResultsDirectory="f9d4b19c-d753-43c1-a6b0-6cb4819444cb">
    </UnitTestResult>
    <UnitTestResult executionId="b5a9ce5d-a589-49ee-8ebb-77b560ca242a" testId="197262b2-2393-f4a0-2f7b-58fbed4aeb0b" testName="GetEmptyPipelineValueArrayReturnsAnArrayInstance" computerName="GBLOCK-3-17" duration="00:00:00.0018065" startTime="2011-04-14T00:55:07.7863797-07:00" endTime="2011-04-14T00:55:07.7893800-07:00" testType="13cdc9d9-ddb5-4fa4-a97d-d965ccfc6d4b" outcome="Passed" testListId="8c84fa94-04c1-424b-9868-57a2d4851a1d" relativeResultsDirectory="b5a9ce5d-a589-49ee-8ebb-77b560ca242a">
    </UnitTestResult>
    <UnitTestResult executionId="f4544ce1-a18a-46a4-880c-8bca7ee65b4d" testId="493e28ee-b747-9a51-57f5-e25835ab26b9" testName="GetHttpResponseMessageReturnsAnHttpResponseMessage" computerName="GBLOCK-3-17" duration="00:00:00.0018754" startTime="2011-04-14T00:55:07.7923803-07:00" endTime="2011-04-14T00:55:07.7943805-07:00" testType="13cdc9d9-ddb5-4fa4-a97d-d965ccfc6d4b" outcome="Passed" testListId="8c84fa94-04c1-424b-9868-57a2d4851a1d" relativeResultsDirectory="f4544ce1-a18a-46a4-880c-8bca7ee65b4d">
    </UnitTestResult>
    <UnitTestResult executionId="23c7cf9c-feb5-4bf5-8099-b84e1bc15aff" testId="45fb0c03-4d57-8b81-26da-0d3ef3bfbbbd" testName="GetHttpResponseMessageReturnsNullIfNoHttpResponseMessage" computerName="GBLOCK-3-17" duration="00:00:00.0018411" startTime="2011-04-14T00:55:07.7993810-07:00" endTime="2011-04-14T00:55:07.8023813-07:00" testType="13cdc9d9-ddb5-4fa4-a97d-d965ccfc6d4b" outcome="Passed" testListId="8c84fa94-04c1-424b-9868-57a2d4851a1d" relativeResultsDirectory="23c7cf9c-feb5-4bf5-8099-b84e1bc15aff">
    </UnitTestResult>
    <UnitTestResult executionId="b7d86429-81de-4d8f-bd84-265ecfd2dd14" testId="938c64e0-e96a-2bf4-48c5-93b808451374" testName="GetInputValuesForHandlerReturnsInputsForAGivenHandler" computerName="GBLOCK-3-17" duration="00:00:00.0029340" startTime="2011-04-14T00:55:07.8053816-07:00" endTime="2011-04-14T00:55:07.8113822-07:00" testType="13cdc9d9-ddb5-4fa4-a97d-d965ccfc6d4b" outcome="Passed" testListId="8c84fa94-04c1-424b-9868-57a2d4851a1d" relativeResultsDirectory="b7d86429-81de-4d8f-bd84-265ecfd2dd14">
    </UnitTestResult>
    <UnitTestResult executionId="02991d8d-d0e6-42a2-b263-7746ab2ec7cd" testId="fb041164-deb1-0dcf-a28d-edacd800cf51" testName="SetHttpRequestMessageAddsHttpRequestMessageToTheArray" computerName="GBLOCK-3-17" duration="00:00:00.0022719" startTime="2011-04-14T00:55:07.8143825-07:00" endTime="2011-04-14T00:55:07.8173828-07:00" testType="13cdc9d9-ddb5-4fa4-a97d-d965ccfc6d4b" outcome="Passed" testListId="8c84fa94-04c1-424b-9868-57a2d4851a1d" relativeResultsDirectory="02991d8d-d0e6-42a2-b263-7746ab2ec7cd">
    </UnitTestResult>
    <UnitTestResult executionId="5dcb2850-132e-4f19-b556-6952377f78bb" testId="53d72da3-74c3-5683-0a9b-4b60962a9139" testName="SetOutputValuesFromHandlerSetsValuesOnBoundInputs" computerName="GBLOCK-3-17" duration="00:00:00.0022419" startTime="2011-04-14T00:55:07.8203831-07:00" endTime="2011-04-14T00:55:07.8233834-07:00" testType="13cdc9d9-ddb5-4fa4-a97d-d965ccfc6d4b" outcome="Passed" testListId="8c84fa94-04c1-424b-9868-57a2d4851a1d" relativeResultsDirectory="5dcb2850-132e-4f19-b556-6952377f78bb">
    </UnitTestResult>
    <UnitTestResult executionId="3af51c4a-0d14-4d84-a835-8c5aa5ac1553" testId="44b229ac-c6e5-8869-bc9b-9fcefb64c813" testName="TypeIsCorrect" computerName="GBLOCK-3-17" duration="00:00:00.0003891" startTime="2011-04-14T00:55:07.8263837-07:00" endTime="2011-04-14T00:55:07.8273838-07:00" testType="13cdc9d9-ddb5-4fa4-a97d-d965ccfc6d4b" outcome="Passed" testListId="8c84fa94-04c1-424b-9868-57a2d4851a1d" relativeResultsDirectory="3af51c4a-0d14-4d84-a835-8c5aa5ac1553">
    </UnitTestResult>
    <UnitTestResult executionId="fbe35ff0-9a16-4ca5-b67b-1dab7dcfb383" testId="a75f37c7-5518-80d5-b056-c3557585821a" testName="UnitTestClassIsCorrect" computerName="GBLOCK-3-17" duration="00:00:00.0060832" startTime="2011-04-14T00:55:07.8303841-07:00" endTime="2011-04-14T00:55:07.8373848-07:00" testType="13cdc9d9-ddb5-4fa4-a97d-d965ccfc6d4b" outcome="Passed" testListId="8c84fa94-04c1-424b-9868-57a2d4851a1d" relativeResultsDirectory="fbe35ff0-9a16-4ca5-b67b-1dab7dcfb383">
    </UnitTestResult>
    <UnitTestResult executionId="433e78d0-5ac5-4df5-bb76-09a45fc20e59" testId="9d27f9dd-bee5-ad4d-4d08-322e0473c6d1" testName="Constructor" computerName="GBLOCK-3-17" duration="00:00:00.0004288" startTime="2011-04-14T00:55:07.8413852-07:00" endTime="2011-04-14T00:55:07.8473858-07:00" testType="13cdc9d9-ddb5-4fa4-a97d-d965ccfc6d4b" outcome="Passed" testListId="8c84fa94-04c1-424b-9868-57a2d4851a1d" relativeResultsDirectory="433e78d0-5ac5-4df5-bb76-09a45fc20e59">
    </UnitTestResult>
    <UnitTestResult executionId="86c758c9-939f-434d-ae30-669254fd11c5" testId="cc62bc4d-6871-7e59-deae-41da2b186250" testName="ConstructorThrowsWithNullOperation" computerName="GBLOCK-3-17" duration="00:00:00.0130526" startTime="2011-04-14T00:55:07.8503861-07:00" endTime="2011-04-14T00:55:07.8673878-07:00" testType="13cdc9d9-ddb5-4fa4-a97d-d965ccfc6d4b" outcome="Passed" testListId="8c84fa94-04c1-424b-9868-57a2d4851a1d" relativeResultsDirectory="86c758c9-939f-434d-ae30-669254fd11c5">
    </UnitTestResult>
    <UnitTestResult executionId="44a04335-38cd-4424-bceb-f241f6cab75e" testId="621b3e6c-94e5-aa22-d0fc-7414bc68a676" testName="ConstructorThrowsWithNullRequestHandlers" computerName="GBLOCK-3-17" duration="00:00:00.0006189" startTime="2011-04-14T00:55:07.8713882-07:00" endTime="2011-04-14T00:55:07.8763887-07:00" testType="13cdc9d9-ddb5-4fa4-a97d-d965ccfc6d4b" outcome="Passed" testListId="8c84fa94-04c1-424b-9868-57a2d4851a1d" relativeResultsDirectory="44a04335-38cd-4424-bceb-f241f6cab75e">
    </UnitTestResult>
    <UnitTestResult executionId="49aa1e23-92d8-455a-987a-5827621c89b6" testId="06f31c71-e159-e44b-b86c-d0eccc6cce4a" testName="ConstructorThrowsWithNullResponseHandlers" computerName="GBLOCK-3-17" duration="00:00:00.0005958" startTime="2011-04-14T00:55:07.8803891-07:00" endTime="2011-04-14T00:55:07.8853896-07:00" testType="13cdc9d9-ddb5-4fa4-a97d-d965ccfc6d4b" outcome="Passed" testListId="8c84fa94-04c1-424b-9868-57a2d4851a1d" relativeResultsDirectory="49aa1e23-92d8-455a-987a-5827621c89b6">
    </UnitTestResult>
    <UnitTestResult executionId="8e8dc8c3-7a93-4cda-8fe6-cb6bccd9b809" testId="bcbcac18-76c3-411a-159f-56628979bbca" testName="ExecuteRequestPipeline" computerName="GBLOCK-3-17" duration="00:00:00.0045007" startTime="2011-04-14T00:55:07.8893900-07:00" endTime="2011-04-14T00:55:07.8973908-07:00" testType="13cdc9d9-ddb5-4fa4-a97d-d965ccfc6d4b" outcome="Passed" testListId="8c84fa94-04c1-424b-9868-57a2d4851a1d" relativeResultsDirectory="8e8dc8c3-7a93-4cda-8fe6-cb6bccd9b809">
    </UnitTestResult>
    <UnitTestResult executionId="b6502cca-43bb-4621-b5cd-aba5c69ea217" testId="120960ce-031c-186f-a2d4-e54ff9bda433" testName="ExecuteResponsePipeline" computerName="GBLOCK-3-17" duration="00:00:00.0046928" startTime="2011-04-14T00:55:07.9013912-07:00" endTime="2011-04-14T00:55:07.9103921-07:00" testType="13cdc9d9-ddb5-4fa4-a97d-d965ccfc6d4b" outcome="Passed" testListId="8c84fa94-04c1-424b-9868-57a2d4851a1d" relativeResultsDirectory="b6502cca-43bb-4621-b5cd-aba5c69ea217">
    </UnitTestResult>
    <UnitTestResult executionId="097153f7-9fd0-4563-852d-ba6075776f43" testId="33e60378-b0f9-a1e8-2a41-4ca2a3cfe8a2" testName="TypeIsCorrect" computerName="GBLOCK-3-17" duration="00:00:00.0004280" startTime="2011-04-14T00:55:07.9143925-07:00" endTime="2011-04-14T00:55:07.9153926-07:00" testType="13cdc9d9-ddb5-4fa4-a97d-d965ccfc6d4b" outcome="Passed" testListId="8c84fa94-04c1-424b-9868-57a2d4851a1d" relativeResultsDirectory="097153f7-9fd0-4563-852d-ba6075776f43">
    </UnitTestResult>
    <UnitTestResult executionId="e4b2ae4b-610a-41ec-b2b6-4c9c2abc46b6" testId="e0d15f5d-2dc8-ac60-2906-b8e70689d720" testName="UnitTestClassIsCorrect" computerName="GBLOCK-3-17" duration="00:00:00.0013530" startTime="2011-04-14T00:55:07.9193930-07:00" endTime="2011-04-14T00:55:07.9233934-07:00" testType="13cdc9d9-ddb5-4fa4-a97d-d965ccfc6d4b" outcome="Passed" testListId="8c84fa94-04c1-424b-9868-57a2d4851a1d" relativeResultsDirectory="e4b2ae4b-610a-41ec-b2b6-4c9c2abc46b6">
    </UnitTestResult>
    <UnitTestResult executionId="29c76e26-d8df-4181-bdf4-219d83095018" testId="7c831ad0-1454-0576-e4f1-327f2f22d5df" testName="Constructor" computerName="GBLOCK-3-17" duration="00:00:00.0029332" startTime="2011-04-14T00:55:07.9363947-07:00" endTime="2011-04-14T00:55:07.9413952-07:00" testType="13cdc9d9-ddb5-4fa4-a97d-d965ccfc6d4b" outcome="Passed" testListId="8c84fa94-04c1-424b-9868-57a2d4851a1d" relativeResultsDirectory="29c76e26-d8df-4181-bdf4-219d83095018">
    </UnitTestResult>
    <UnitTestResult executionId="3f89474d-28a7-452b-a67b-286c3a0ac38d" testId="5ea6c6be-bfb7-8408-77c4-c7625fb781eb" testName="ConstructorThrowsWithNullHttpFormatters" computerName="GBLOCK-3-17" duration="00:00:00.0048421" startTime="2011-04-14T00:55:07.9453956-07:00" endTime="2011-04-14T00:55:07.9623973-07:00" testType="13cdc9d9-ddb5-4fa4-a97d-d965ccfc6d4b" outcome="Failed" testListId="8c84fa94-04c1-424b-9868-57a2d4851a1d" relativeResultsDirectory="3f89474d-28a7-452b-a67b-286c3a0ac38d">
      <Output>
        <ErrorInfo>
          <Message>Assert.AreEqual failed. Expected:&lt;mediaTypeFormatters&gt;. Actual:&lt;formatters&gt;. Expected exception to have paramName='mediaTypeFormatters' but found instead 'formatters'.</Message>
          <StackTrace>   at Microsoft.ApplicationServer.Common.Test.ExceptionAssert.&lt;&gt;c__DisplayClass7.&lt;ThrowsArgumentNull&gt;b__6(ArgumentNullException exception) in F:\advisorsrepo\wcfhttp\Http\Test\Microsoft.ApplicationServer.Common.MSTestUtilities\Microsoft\ApplicationServer\Common\Test\ExceptionAssert.cs:line 100
   at Microsoft.ApplicationServer.Common.Test.ExceptionAssert.Throws[TException](String noExceptionMessage, Action codeThatThrows, Action`1 codeThatChecks) in F:\advisorsrepo\wcfhttp\Http\Test\Microsoft.ApplicationServer.Common.MSTestUtilities\Microsoft\ApplicationServer\Common\Test\ExceptionAssert.cs:line 234
   at Microsoft.ApplicationServer.Common.Test.ExceptionAssert.ThrowsArgumentNull(String paramName, Action codeThatThrows) in F:\advisorsrepo\wcfhttp\Http\Test\Microsoft.ApplicationServer.Common.MSTestUtilities\Microsoft\ApplicationServer\Common\Test\ExceptionAssert.cs:line 94
   at Microsoft.ApplicationServer.Http.Dispatcher.RequestContentHandlerTests.ConstructorThrowsWithNullHttpFormatters() in F:\advisorsrepo\wcfhttp\Http\Test\Microsoft.ApplicationServer.Http\Unit\Microsoft\ApplicationServer\Http\Dispatcher\RequestContentHandlerTests.cs:line 65
</StackTrace>
        </ErrorInfo>
      </Output>
    </UnitTestResult>
    <UnitTestResult executionId="fe3ad109-7b02-4015-8c01-a7b09fbca3fb" testId="5a8a2b66-7da6-49d7-3b65-d5f83c0b12e8" testName="ConstructorThrowsWithNullHttpParameter" computerName="GBLOCK-3-17" duration="00:00:00.0013530" startTime="2011-04-14T00:55:07.9713982-07:00" endTime="2011-04-14T00:55:07.9743985-07:00" testType="13cdc9d9-ddb5-4fa4-a97d-d965ccfc6d4b" outcome="Passed" testListId="8c84fa94-04c1-424b-9868-57a2d4851a1d" relativeResultsDirectory="fe3ad109-7b02-4015-8c01-a7b09fbca3fb">
    </UnitTestResult>
    <UnitTestResult executionId="92bbb532-0fdb-425d-a0f6-46deb514a5cd" testId="3f60763a-b577-eeed-c30c-320fb164ade4" testName="FormattersHaveStandardFormatters" computerName="GBLOCK-3-17" duration="00:00:00.0009769" startTime="2011-04-14T00:55:07.9763987-07:00" endTime="2011-04-14T00:55:07.9783989-07:00" testType="13cdc9d9-ddb5-4fa4-a97d-d965ccfc6d4b" outcome="Passed" testListId="8c84fa94-04c1-424b-9868-57a2d4851a1d" relativeResultsDirectory="92bbb532-0fdb-425d-a0f6-46deb514a5cd">
    </UnitTestResult>
    <UnitTestResult executionId="0dd15915-8398-4711-87a7-ea0159c7268b" testId="26b8d371-64b1-a574-1529-a5e83201d4b9" testName="InputParameterAreCreatedAllValueAndReferenceTypes" computerName="GBLOCK-3-17" duration="00:00:00.0105316" startTime="2011-04-14T00:55:07.9803991-07:00" endTime="2011-04-14T00:55:07.9924003-07:00" testType="13cdc9d9-ddb5-4fa4-a97d-d965ccfc6d4b" outcome="Passed" testListId="8c84fa94-04c1-424b-9868-57a2d4851a1d" relativeResultsDirectory="0dd15915-8398-4711-87a7-ea0159c7268b">
    </UnitTestResult>
    <UnitTestResult executionId="4ed08e41-fde9-427d-a2a8-e3e86f0d2de3" testId="708b5838-525b-9732-163a-d8206b4b1007" testName="OutputParameterAreCreatedAllValueAndReferenceTypes" computerName="GBLOCK-3-17" duration="00:00:00.0063130" startTime="2011-04-14T00:55:07.9954006-07:00" endTime="2011-04-14T00:55:08.0034014-07:00" testType="13cdc9d9-ddb5-4fa4-a97d-d965ccfc6d4b" outcome="Passed" testListId="8c84fa94-04c1-424b-9868-57a2d4851a1d" relativeResultsDirectory="4ed08e41-fde9-427d-a2a8-e3e86f0d2de3">
    </UnitTestResult>
    <UnitTestResult executionId="6305f35a-3765-43b8-ac9a-d094df1925c9" testId="e6212808-3bad-54a5-b37e-b4b8b151e6ed" testName="TypeIsCorrect" computerName="GBLOCK-3-17" duration="00:00:00.0002810" startTime="2011-04-14T00:55:08.0054016-07:00" endTime="2011-04-14T00:55:08.0074018-07:00" testType="13cdc9d9-ddb5-4fa4-a97d-d965ccfc6d4b" outcome="Passed" testListId="8c84fa94-04c1-424b-9868-57a2d4851a1d" relativeResultsDirectory="6305f35a-3765-43b8-ac9a-d094df1925c9">
    </UnitTestResult>
    <UnitTestResult executionId="ab83b4b5-55f4-4b72-a7d4-39dafb1fb6be" testId="348f3bfb-9024-913d-3753-411c60c9a9d4" testName="UnitTestClassIsCorrect" computerName="GBLOCK-3-17" duration="00:00:00.0013553" startTime="2011-04-14T00:55:08.0094020-07:00" endTime="2011-04-14T00:55:08.0124023-07:00" testType="13cdc9d9-ddb5-4fa4-a97d-d965ccfc6d4b" outcome="Passed" testListId="8c84fa94-04c1-424b-9868-57a2d4851a1d" relativeResultsDirectory="ab83b4b5-55f4-4b72-a7d4-39dafb1fb6be">
    </UnitTestResult>
    <UnitTestResult executionId="f24e8d95-dbf3-42c0-b30d-117a5d3cfc90" testId="eafd5015-2358-0936-611a-c7af7eb50757" testName="Constructor" computerName="GBLOCK-3-17" duration="00:00:00.0020448" startTime="2011-04-14T00:55:08.0154026-07:00" endTime="2011-04-14T00:55:08.0184029-07:00" testType="13cdc9d9-ddb5-4fa4-a97d-d965ccfc6d4b" outcome="Passed" testListId="8c84fa94-04c1-424b-9868-57a2d4851a1d" relativeResultsDirectory="f24e8d95-dbf3-42c0-b30d-117a5d3cfc90">
    </UnitTestResult>
    <UnitTestResult executionId="3e1c47e4-3f9e-4abb-a157-dcefe4e824f2" testId="d64bdb11-2f48-01bf-1cfb-8b9c6ecba2ca" testName="ConstructorThrowsWithNullHttpFormatters" computerName="GBLOCK-3-17" duration="00:00:00.0012129" startTime="2011-04-14T00:55:08.0204031-07:00" endTime="2011-04-14T00:55:08.0234034-07:00" testType="13cdc9d9-ddb5-4fa4-a97d-d965ccfc6d4b" outcome="Failed" testListId="8c84fa94-04c1-424b-9868-57a2d4851a1d" relativeResultsDirectory="3e1c47e4-3f9e-4abb-a157-dcefe4e824f2">
      <Output>
        <ErrorInfo>
          <Message>Assert.AreEqual failed. Expected:&lt;mediaTypeFormatters&gt;. Actual:&lt;formatters&gt;. Expected exception to have paramName='mediaTypeFormatters' but found instead 'formatters'.</Message>
          <StackTrace>   at Microsoft.ApplicationServer.Common.Test.ExceptionAssert.&lt;&gt;c__DisplayClass7.&lt;ThrowsArgumentNull&gt;b__6(ArgumentNullException exception) in F:\advisorsrepo\wcfhttp\Http\Test\Microsoft.ApplicationServer.Common.MSTestUtilities\Microsoft\ApplicationServer\Common\Test\ExceptionAssert.cs:line 100
   at Microsoft.ApplicationServer.Common.Test.ExceptionAssert.Throws[TException](String noExceptionMessage, Action codeThatThrows, Action`1 codeThatChecks) in F:\advisorsrepo\wcfhttp\Http\Test\Microsoft.ApplicationServer.Common.MSTestUtilities\Microsoft\ApplicationServer\Common\Test\ExceptionAssert.cs:line 234
   at Microsoft.ApplicationServer.Common.Test.ExceptionAssert.ThrowsArgumentNull(String paramName, Action codeThatThrows) in F:\advisorsrepo\wcfhttp\Http\Test\Microsoft.ApplicationServer.Common.MSTestUtilities\Microsoft\ApplicationServer\Common\Test\ExceptionAssert.cs:line 94
   at Microsoft.ApplicationServer.Http.Dispatcher.ResponseContentHandlerTests.ConstructorThrowsWithNullHttpFormatters() in F:\advisorsrepo\wcfhttp\Http\Test\Microsoft.ApplicationServer.Http\Unit\Microsoft\ApplicationServer\Http\Dispatcher\ResponseContentHandlerTests.cs:line 58
</StackTrace>
        </ErrorInfo>
      </Output>
    </UnitTestResult>
    <UnitTestResult executionId="eac014e6-afae-48f4-9bc8-6f8901661297" testId="0256b450-4548-f0fc-56fb-3a2e6068ac9c" testName="FormattersHaveStandardFormatters" computerName="GBLOCK-3-17" duration="00:00:00.0013472" startTime="2011-04-14T00:55:08.0254036-07:00" endTime="2011-04-14T00:55:08.0284039-07:00" testType="13cdc9d9-ddb5-4fa4-a97d-d965ccfc6d4b" outcome="Passed" testListId="8c84fa94-04c1-424b-9868-57a2d4851a1d" relativeResultsDirectory="eac014e6-afae-48f4-9bc8-6f8901661297">
    </UnitTestResult>
    <UnitTestResult executionId="5a1adb00-bbe6-4217-9b01-50a59f104ee5" testId="4c9c7f2d-e46e-b506-fc56-15b5791cda80" testName="InputParameterAreCreatedAllValueAndReferenceTypes" computerName="GBLOCK-3-17" duration="00:00:00.0095954" startTime="2011-04-14T00:55:08.0314042-07:00" endTime="2011-04-14T00:55:08.0424053-07:00" testType="13cdc9d9-ddb5-4fa4-a97d-d965ccfc6d4b" outcome="Passed" testListId="8c84fa94-04c1-424b-9868-57a2d4851a1d" relativeResultsDirectory="5a1adb00-bbe6-4217-9b01-50a59f104ee5">
    </UnitTestResult>
    <UnitTestResult executionId="8d41701d-a326-49f0-a727-17562762847f" testId="d6d21df9-d28c-a283-dc3a-effc8e422f07" testName="OutputParameterAreCreatedAllValueAndReferenceTypes" computerName="GBLOCK-3-17" duration="00:00:00.0057914" startTime="2011-04-14T00:55:08.0454056-07:00" endTime="2011-04-14T00:55:08.0524063-07:00" testType="13cdc9d9-ddb5-4fa4-a97d-d965ccfc6d4b" outcome="Passed" testListId="8c84fa94-04c1-424b-9868-57a2d4851a1d" relativeResultsDirectory="8d41701d-a326-49f0-a727-17562762847f">
    </UnitTestResult>
    <UnitTestResult executionId="2b95f367-a75d-4772-a695-6edb7e5fe69e" testId="7675b2c9-2801-2978-b574-ca696dd66679" testName="TypeIsCorrect" computerName="GBLOCK-3-17" duration="00:00:00.0003799" startTime="2011-04-14T00:55:08.0544065-07:00" endTime="2011-04-14T00:55:08.0574068-07:00" testType="13cdc9d9-ddb5-4fa4-a97d-d965ccfc6d4b" outcome="Passed" testListId="8c84fa94-04c1-424b-9868-57a2d4851a1d" relativeResultsDirectory="2b95f367-a75d-4772-a695-6edb7e5fe69e">
    </UnitTestResult>
    <UnitTestResult executionId="a198f043-b5b1-49e6-a47a-2afd9a4e54ec" testId="ae87dd37-e2a0-72d6-32c8-8637a75e65f9" testName="UnitTestClassIsCorrect" computerName="GBLOCK-3-17" duration="00:00:00.0014554" startTime="2011-04-14T00:55:08.0604071-07:00" endTime="2011-04-14T00:55:08.0634074-07:00" testType="13cdc9d9-ddb5-4fa4-a97d-d965ccfc6d4b" outcome="Passed" testListId="8c84fa94-04c1-424b-9868-57a2d4851a1d" relativeResultsDirectory="a198f043-b5b1-49e6-a47a-2afd9a4e54ec">
    </UnitTestResult>
    <UnitTestResult executionId="3714262a-ee3a-44b0-bbab-1d54eaccaced" testId="de35a2c6-7101-0041-ff0e-920b9a7b7c18" testName="AutoRedirect_TrailingSlash_Tests" computerName="GBLOCK-3-17" duration="00:00:00.0216995" startTime="2011-04-14T00:55:08.0654076-07:00" endTime="2011-04-14T00:55:08.0904101-07:00" testType="13cdc9d9-ddb5-4fa4-a97d-d965ccfc6d4b" outcome="Passed" testListId="8c84fa94-04c1-424b-9868-57a2d4851a1d" relativeResultsDirectory="3714262a-ee3a-44b0-bbab-1d54eaccaced">
    </UnitTestResult>
    <UnitTestResult executionId="e14f44ca-c3f7-4109-9d05-0533085bd1fb" testId="abe0d671-96ac-b27e-0ccc-1f3444d5bd6c" testName="Ignore_TrailingSlash_Tests" computerName="GBLOCK-3-17" duration="00:00:00.0020290" startTime="2011-04-14T00:55:08.0924103-07:00" endTime="2011-04-14T00:55:08.0964107-07:00" testType="13cdc9d9-ddb5-4fa4-a97d-d965ccfc6d4b" outcome="Passed" testListId="8c84fa94-04c1-424b-9868-57a2d4851a1d" relativeResultsDirectory="e14f44ca-c3f7-4109-9d05-0533085bd1fb">
    </UnitTestResult>
    <UnitTestResult executionId="9ad441e1-90b7-4b4f-bc11-bdced38b6d13" testId="d907c9ea-cd47-761b-c557-4383bc06c21a" testName="Constructor" computerName="GBLOCK-3-17" duration="00:00:00.0005027" startTime="2011-04-14T00:55:08.0984109-07:00" endTime="2011-04-14T00:55:08.1014112-07:00" testType="13cdc9d9-ddb5-4fa4-a97d-d965ccfc6d4b" outcome="Passed" testListId="8c84fa94-04c1-424b-9868-57a2d4851a1d" relativeResultsDirectory="9ad441e1-90b7-4b4f-bc11-bdced38b6d13">
    </UnitTestResult>
    <UnitTestResult executionId="5098db47-6964-405d-8c9e-674966b142b0" testId="ec622698-db75-8ac8-1cc2-4dc72ce19515" testName="Constructor1" computerName="GBLOCK-3-17" duration="00:00:00.0006559" startTime="2011-04-14T00:55:08.1034114-07:00" endTime="2011-04-14T00:55:08.1054116-07:00" testType="13cdc9d9-ddb5-4fa4-a97d-d965ccfc6d4b" outcome="Passed" testListId="8c84fa94-04c1-424b-9868-57a2d4851a1d" relativeResultsDirectory="5098db47-6964-405d-8c9e-674966b142b0">
    </UnitTestResult>
    <UnitTestResult executionId="87d43b29-94e3-40b6-b040-ea4038da2ace" testId="e03eb2aa-73bc-0d28-2ec1-929225eea628" testName="Constructor1AcceptsEmptyOperations" computerName="GBLOCK-3-17" duration="00:00:00.0007698" startTime="2011-04-14T00:55:08.1074118-07:00" endTime="2011-04-14T00:55:08.1094120-07:00" testType="13cdc9d9-ddb5-4fa4-a97d-d965ccfc6d4b" outcome="Passed" testListId="8c84fa94-04c1-424b-9868-57a2d4851a1d" relativeResultsDirectory="87d43b29-94e3-40b6-b040-ea4038da2ace">
    </UnitTestResult>
    <UnitTestResult executionId="12f593a8-e37f-458a-b2d6-5a1669476d75" testId="08814e5b-55a7-2634-fcc3-a9c6091c2076" testName="Constructor1SetsTrailingSlashMode" computerName="GBLOCK-3-17" duration="00:00:00.0006979" startTime="2011-04-14T00:55:08.1114122-07:00" endTime="2011-04-14T00:55:08.1144125-07:00" testType="13cdc9d9-ddb5-4fa4-a97d-d965ccfc6d4b" outcome="Passed" testListId="8c84fa94-04c1-424b-9868-57a2d4851a1d" relativeResultsDirectory="12f593a8-e37f-458a-b2d6-5a1669476d75">
    </UnitTestResult>
    <UnitTestResult executionId="256ff304-4e32-4dda-834b-54d43b9d82aa" testId="5303f64e-f492-32f7-bfd1-5b29f642f2a3" testName="Constructor1ThrowsWithNullOperations" computerName="GBLOCK-3-17" duration="00:00:00.0004592" startTime="2011-04-14T00:55:08.1164127-07:00" endTime="2011-04-14T00:55:08.1184129-07:00" testType="13cdc9d9-ddb5-4fa4-a97d-d965ccfc6d4b" outcome="Passed" testListId="8c84fa94-04c1-424b-9868-57a2d4851a1d" relativeResultsDirectory="256ff304-4e32-4dda-834b-54d43b9d82aa">
    </UnitTestResult>
    <UnitTestResult executionId="238573ad-1872-4f24-8830-52f0f2776f94" testId="6ea5d0ce-b29a-d6f4-d0a3-bd3e51a2e333" testName="Constructor1ThrowsWithNullUri" computerName="GBLOCK-3-17" duration="00:00:00.0006363" startTime="2011-04-14T00:55:08.1214132-07:00" endTime="2011-04-14T00:55:08.1234134-07:00" testType="13cdc9d9-ddb5-4fa4-a97d-d965ccfc6d4b" outcome="Passed" testListId="8c84fa94-04c1-424b-9868-57a2d4851a1d" relativeResultsDirectory="238573ad-1872-4f24-8830-52f0f2776f94">
    </UnitTestResult>
    <UnitTestResult executionId="6d06f547-d86e-4897-9146-a33fd941c221" testId="9f50eb42-61db-2118-8e1b-a68b46dca662" testName="ConstructorAcceptsEmptyOperations" computerName="GBLOCK-3-17" duration="00:00:00.0003048" startTime="2011-04-14T00:55:08.1254136-07:00" endTime="2011-04-14T00:55:08.1274138-07:00" testType="13cdc9d9-ddb5-4fa4-a97d-d965ccfc6d4b" outcome="Passed" testListId="8c84fa94-04c1-424b-9868-57a2d4851a1d" relativeResultsDirectory="6d06f547-d86e-4897-9146-a33fd941c221">
    </UnitTestResult>
    <UnitTestResult executionId="4f78a9f9-74dc-41cc-bdc9-63afc7f747b2" testId="43e51f6c-eb37-f708-5321-df9c86c2d655" testName="ConstructorSetsTrailingSlashMode" computerName="GBLOCK-3-17" duration="00:00:00.0009161" startTime="2011-04-14T00:55:08.1294140-07:00" endTime="2011-04-14T00:55:08.1324143-07:00" testType="13cdc9d9-ddb5-4fa4-a97d-d965ccfc6d4b" outcome="Passed" testListId="8c84fa94-04c1-424b-9868-57a2d4851a1d" relativeResultsDirectory="4f78a9f9-74dc-41cc-bdc9-63afc7f747b2">
    </UnitTestResult>
    <UnitTestResult executionId="fc018751-dfa5-4072-9381-6c01b347ac5e" testId="db63d9d5-d584-7e38-bb95-d18a710b52d5" testName="ConstructorThrowsWithDuplicateMethodAndUriTemplate" computerName="GBLOCK-3-17" duration="00:00:00.0079421" startTime="2011-04-14T00:55:08.1354146-07:00" endTime="2011-04-14T00:55:08.1554166-07:00" testType="13cdc9d9-ddb5-4fa4-a97d-d965ccfc6d4b" outcome="Passed" testListId="8c84fa94-04c1-424b-9868-57a2d4851a1d" relativeResultsDirectory="fc018751-dfa5-4072-9381-6c01b347ac5e">
    </UnitTestResult>
    <UnitTestResult executionId="d004c5f4-eda7-4335-bec8-49c708b95616" testId="2d2ab252-5c2c-abbb-4d9d-2f4ed667c041" testName="ConstructorThrowsWithDuplicateWildCardMethods" computerName="GBLOCK-3-17" duration="00:00:00.0018519" startTime="2011-04-14T00:55:08.1604171-07:00" endTime="2011-04-14T00:55:08.1724183-07:00" testType="13cdc9d9-ddb5-4fa4-a97d-d965ccfc6d4b" outcome="Passed" testListId="8c84fa94-04c1-424b-9868-57a2d4851a1d" relativeResultsDirectory="d004c5f4-eda7-4335-bec8-49c708b95616">
    </UnitTestResult>
    <UnitTestResult executionId="7ef480b5-bea8-4bce-a26b-7f43da276293" testId="920bd50c-e812-438b-19f3-d92d98207fea" testName="ConstructorThrowsWithNullOperations" computerName="GBLOCK-3-17" duration="00:00:00.0005947" startTime="2011-04-14T00:55:08.1854196-07:00" endTime="2011-04-14T00:55:08.1904201-07:00" testType="13cdc9d9-ddb5-4fa4-a97d-d965ccfc6d4b" outcome="Passed" testListId="8c84fa94-04c1-424b-9868-57a2d4851a1d" relativeResultsDirectory="7ef480b5-bea8-4bce-a26b-7f43da276293">
    </UnitTestResult>
    <UnitTestResult executionId="d3e2e9cc-9422-4466-9e66-ae18eb82dacb" testId="9fae9b75-851b-e067-ef66-2c5b11ee7fcf" testName="ConstructorThrowsWithNullUri" computerName="GBLOCK-3-17" duration="00:00:00.0017591" startTime="2011-04-14T00:55:08.1934204-07:00" endTime="2011-04-14T00:55:08.1954206-07:00" testType="13cdc9d9-ddb5-4fa4-a97d-d965ccfc6d4b" outcome="Passed" testListId="8c84fa94-04c1-424b-9868-57a2d4851a1d" relativeResultsDirectory="d3e2e9cc-9422-4466-9e66-ae18eb82dacb">
    </UnitTestResult>
    <UnitTestResult executionId="aa2e2185-b2e9-4e6e-a43f-2afc31fda43e" testId="03215f74-0ff4-6f05-f3d6-7ce9f1eaa7df" testName="HelpUriGetsSetsValue" computerName="GBLOCK-3-17" duration="00:00:00.0011686" startTime="2011-04-14T00:55:08.1984209-07:00" endTime="2011-04-14T00:55:08.2004211-07:00" testType="13cdc9d9-ddb5-4fa4-a97d-d965ccfc6d4b" outcome="Passed" testListId="8c84fa94-04c1-424b-9868-57a2d4851a1d" relativeResultsDirectory="aa2e2185-b2e9-4e6e-a43f-2afc31fda43e">
    </UnitTestResult>
    <UnitTestResult executionId="fe98ef10-eb7a-4279-b6bb-b992ba9d7416" testId="f21cf765-eadf-9a42-a439-9a8c44fdacb0" testName="OnTrySelectOperationReturnsFalseForNullRequestUri" computerName="GBLOCK-3-17" duration="00:00:00.0005254" startTime="2011-04-14T00:55:08.2044215-07:00" endTime="2011-04-14T00:55:08.2054216-07:00" testType="13cdc9d9-ddb5-4fa4-a97d-d965ccfc6d4b" outcome="Passed" testListId="8c84fa94-04c1-424b-9868-57a2d4851a1d" relativeResultsDirectory="fe98ef10-eb7a-4279-b6bb-b992ba9d7416">
    </UnitTestResult>
    <UnitTestResult executionId="886ac3ff-e1ed-459b-8053-cb325b89d244" testId="543f0450-a6c7-d638-f0a0-7789efdcfeac" testName="OnTrySelectOperationThrowsWithNullRequest" computerName="GBLOCK-3-17" duration="00:00:00.0007136" startTime="2011-04-14T00:55:08.2084219-07:00" endTime="2011-04-14T00:55:08.2104221-07:00" testType="13cdc9d9-ddb5-4fa4-a97d-d965ccfc6d4b" outcome="Passed" testListId="8c84fa94-04c1-424b-9868-57a2d4851a1d" relativeResultsDirectory="886ac3ff-e1ed-459b-8053-cb325b89d244">
    </UnitTestResult>
    <UnitTestResult executionId="7072530a-3c4e-41c2-a0bc-fa547885a309" testId="6d8554bc-0dd9-0281-c55d-accd39ff71a8" testName="SelectOperationCallsTrySelectOperation" computerName="GBLOCK-3-17" duration="00:00:00.0040207" startTime="2011-04-14T00:55:08.2124223-07:00" endTime="2011-04-14T00:55:08.2184229-07:00" testType="13cdc9d9-ddb5-4fa4-a97d-d965ccfc6d4b" outcome="Passed" testListId="8c84fa94-04c1-424b-9868-57a2d4851a1d" relativeResultsDirectory="7072530a-3c4e-41c2-a0bc-fa547885a309">
    </UnitTestResult>
    <UnitTestResult executionId="d0c25396-2700-4596-8247-54942fae17c0" testId="9f027515-0070-69fe-200d-e706bfbede40" testName="SelectOperationReturnsOperationName" computerName="GBLOCK-3-17" duration="00:00:00.0060470" startTime="2011-04-14T00:55:08.2214232-07:00" endTime="2011-04-14T00:55:08.2284239-07:00" testType="13cdc9d9-ddb5-4fa4-a97d-d965ccfc6d4b" outcome="Passed" testListId="8c84fa94-04c1-424b-9868-57a2d4851a1d" relativeResultsDirectory="d0c25396-2700-4596-8247-54942fae17c0">
    </UnitTestResult>
    <UnitTestResult executionId="40155da6-fe97-4613-a2e7-00411905bf41" testId="a6d52972-2635-aa7a-7e7c-bbc5bb177173" testName="SelectOperationReturnsWildCardTemplateOperationName" computerName="GBLOCK-3-17" duration="00:00:00.0007914" startTime="2011-04-14T00:55:08.2304241-07:00" endTime="2011-04-14T00:55:08.2334244-07:00" testType="13cdc9d9-ddb5-4fa4-a97d-d965ccfc6d4b" outcome="Passed" testListId="8c84fa94-04c1-424b-9868-57a2d4851a1d" relativeResultsDirectory="40155da6-fe97-4613-a2e7-00411905bf41">
    </UnitTestResult>
    <UnitTestResult executionId="917d9568-db04-4ec8-a55d-a1b0de03c77c" testId="27ba0da5-b064-88d3-9dc4-dccfa2da11f7" testName="SelectOperationThrowsWithMatchDifferingByTrailingSlash" computerName="GBLOCK-3-17" duration="00:00:00.0083374" startTime="2011-04-14T00:55:08.2364247-07:00" endTime="2011-04-14T00:55:08.2464257-07:00" testType="13cdc9d9-ddb5-4fa4-a97d-d965ccfc6d4b" outcome="Passed" testListId="8c84fa94-04c1-424b-9868-57a2d4851a1d" relativeResultsDirectory="917d9568-db04-4ec8-a55d-a1b0de03c77c">
    </UnitTestResult>
    <UnitTestResult executionId="0bbd8d16-fed4-4b69-b2f0-875e88cc4905" testId="d6cdfc40-8954-f2e2-4519-15abe61bf284" testName="SelectOperationThrowsWithNoOperations" computerName="GBLOCK-3-17" duration="00:00:00.0012183" startTime="2011-04-14T00:55:08.2514262-07:00" endTime="2011-04-14T00:55:08.2574268-07:00" testType="13cdc9d9-ddb5-4fa4-a97d-d965ccfc6d4b" outcome="Passed" testListId="8c84fa94-04c1-424b-9868-57a2d4851a1d" relativeResultsDirectory="0bbd8d16-fed4-4b69-b2f0-875e88cc4905">
    </UnitTestResult>
    <UnitTestResult executionId="7f392399-e823-48aa-b6ea-ff9fb12a4eef" testId="5ff61744-0565-4d76-89ee-f94abaea90bf" testName="SelectOperationThrowsWithNullRequest" computerName="GBLOCK-3-17" duration="00:00:00.0008103" startTime="2011-04-14T00:55:08.2604271-07:00" endTime="2011-04-14T00:55:08.2624273-07:00" testType="13cdc9d9-ddb5-4fa4-a97d-d965ccfc6d4b" outcome="Passed" testListId="8c84fa94-04c1-424b-9868-57a2d4851a1d" relativeResultsDirectory="7f392399-e823-48aa-b6ea-ff9fb12a4eef">
    </UnitTestResult>
    <UnitTestResult executionId="da0ea7eb-5993-46d3-9863-463b34c151f1" testId="31ee18a7-1489-19f5-5e07-e7120887ffe3" testName="SelectOperationThrowsWithNullRequestUri" computerName="GBLOCK-3-17" duration="00:00:00.0012075" startTime="2011-04-14T00:55:08.2654276-07:00" endTime="2011-04-14T00:55:08.2674278-07:00" testType="13cdc9d9-ddb5-4fa4-a97d-d965ccfc6d4b" outcome="Passed" testListId="8c84fa94-04c1-424b-9868-57a2d4851a1d" relativeResultsDirectory="da0ea7eb-5993-46d3-9863-463b34c151f1">
    </UnitTestResult>
    <UnitTestResult executionId="b1aaab10-c2e1-469c-8c35-01aa73ba649b" testId="6cc11660-c5a6-443d-c7d8-a887f0792a21" testName="SelectOperationThrowsWithUriMatchingButMethodNotMatching" computerName="GBLOCK-3-17" duration="00:00:00.0167268" startTime="2011-04-14T00:55:08.2694280-07:00" endTime="2011-04-14T00:55:08.2884299-07:00" testType="13cdc9d9-ddb5-4fa4-a97d-d965ccfc6d4b" outcome="Passed" testListId="8c84fa94-04c1-424b-9868-57a2d4851a1d" relativeResultsDirectory="b1aaab10-c2e1-469c-8c35-01aa73ba649b">
    </UnitTestResult>
    <UnitTestResult executionId="ad470c8d-3f3d-4ffd-8711-fc9507e78147" testId="7f34e314-8ec8-1241-444a-335080a248c5" testName="TrailingSlashModeGetsValue" computerName="GBLOCK-3-17" duration="00:00:00.0008006" startTime="2011-04-14T00:55:08.2924303-07:00" endTime="2011-04-14T00:55:08.2944305-07:00" testType="13cdc9d9-ddb5-4fa4-a97d-d965ccfc6d4b" outcome="Passed" testListId="8c84fa94-04c1-424b-9868-57a2d4851a1d" relativeResultsDirectory="ad470c8d-3f3d-4ffd-8711-fc9507e78147">
    </UnitTestResult>
    <UnitTestResult executionId="fe1c454f-9d05-4579-82c1-b65c66ce8074" testId="dd298365-59bc-1b69-eaf9-3c166cf00cb2" testName="TrySelectOperationCallsOnTrySelectOperation" computerName="GBLOCK-3-17" duration="00:00:00.0010339" startTime="2011-04-14T00:55:08.2974308-07:00" endTime="2011-04-14T00:55:08.2994310-07:00" testType="13cdc9d9-ddb5-4fa4-a97d-d965ccfc6d4b" outcome="Passed" testListId="8c84fa94-04c1-424b-9868-57a2d4851a1d" relativeResultsDirectory="fe1c454f-9d05-4579-82c1-b65c66ce8074">
    </UnitTestResult>
    <UnitTestResult executionId="64e1a78f-080d-48cc-8e0d-d340e5245e26" testId="49560d8b-036f-c3f2-286d-423dc2b6d044" testName="TrySelectOperationThrowsWithNullRequest" computerName="GBLOCK-3-17" duration="00:00:00.0006763" startTime="2011-04-14T00:55:08.3024313-07:00" endTime="2011-04-14T00:55:08.3044315-07:00" testType="13cdc9d9-ddb5-4fa4-a97d-d965ccfc6d4b" outcome="Passed" testListId="8c84fa94-04c1-424b-9868-57a2d4851a1d" relativeResultsDirectory="64e1a78f-080d-48cc-8e0d-d340e5245e26">
    </UnitTestResult>
    <UnitTestResult executionId="36b06b6e-c9a8-4459-81ab-7378bd5c9247" testId="ee0a9bf9-ecfd-94e2-0637-e2e0eaa6ddcb" testName="TypeIsCorrect" computerName="GBLOCK-3-17" duration="00:00:00.0003803" startTime="2011-04-14T00:55:08.3064317-07:00" endTime="2011-04-14T00:55:08.3084319-07:00" testType="13cdc9d9-ddb5-4fa4-a97d-d965ccfc6d4b" outcome="Passed" testListId="8c84fa94-04c1-424b-9868-57a2d4851a1d" relativeResultsDirectory="36b06b6e-c9a8-4459-81ab-7378bd5c9247">
    </UnitTestResult>
    <UnitTestResult executionId="077d0ab1-1c89-4730-9838-8aa9c7421487" testId="48e81a6e-22d5-bb11-1f8d-7d67a9a0fdd6" testName="UnitTestClassIsCorrect" computerName="GBLOCK-3-17" duration="00:00:00.0038247" startTime="2011-04-14T00:55:08.3104321-07:00" endTime="2011-04-14T00:55:08.3204331-07:00" testType="13cdc9d9-ddb5-4fa4-a97d-d965ccfc6d4b" outcome="Passed" testListId="8c84fa94-04c1-424b-9868-57a2d4851a1d" relativeResultsDirectory="077d0ab1-1c89-4730-9838-8aa9c7421487">
    </UnitTestResult>
    <UnitTestResult executionId="9424ad52-e247-4498-a30c-077f6b777b75" testId="abdb31d5-7c12-44af-d6c9-b20415ed9388" testName="BaseAddress_Returns_Same_Instance_From_Constructor" computerName="GBLOCK-3-17" duration="00:00:00.0006774" startTime="2011-04-14T00:55:08.3234334-07:00" endTime="2011-04-14T00:55:08.3254336-07:00" testType="13cdc9d9-ddb5-4fa4-a97d-d965ccfc6d4b" outcome="Passed" testListId="8c84fa94-04c1-424b-9868-57a2d4851a1d" relativeResultsDirectory="9424ad52-e247-4498-a30c-077f6b777b75">
    </UnitTestResult>
    <UnitTestResult executionId="1d4f6dcb-8e53-4309-aa36-19015fd60672" testId="eb1d3de5-92ed-8700-bba9-aa964755f67a" testName="Handle_With_Simple_UriTemplate" computerName="GBLOCK-3-17" duration="00:00:00.0008691" startTime="2011-04-14T00:55:08.3284339-07:00" endTime="2011-04-14T00:55:08.3304341-07:00" testType="13cdc9d9-ddb5-4fa4-a97d-d965ccfc6d4b" outcome="Passed" testListId="8c84fa94-04c1-424b-9868-57a2d4851a1d" relativeResultsDirectory="1d4f6dcb-8e53-4309-aa36-19015fd60672">
    </UnitTestResult>
    <UnitTestResult executionId="36b20c14-f750-4e22-923e-3fca63254d54" testId="593b0757-abf4-1349-9bba-696bdb7eb89c" testName="Handle_With_Various_UriTemplates" computerName="GBLOCK-3-17" duration="00:00:00.0029459" startTime="2011-04-14T00:55:08.3324343-07:00" endTime="2011-04-14T00:55:08.3364347-07:00" testType="13cdc9d9-ddb5-4fa4-a97d-d965ccfc6d4b" outcome="Passed" testListId="8c84fa94-04c1-424b-9868-57a2d4851a1d" relativeResultsDirectory="36b20c14-f750-4e22-923e-3fca63254d54">
    </UnitTestResult>
    <UnitTestResult executionId="cdb18ae4-ff9b-4ec3-9dc5-e4774857c748" testId="b0808a9c-fac5-5d8e-f3de-98b384d771d7" testName="HandleThrowsIfInputValueIsNotAUri" computerName="GBLOCK-3-17" duration="00:00:00.0006817" startTime="2011-04-14T00:55:08.3394350-07:00" endTime="2011-04-14T00:55:08.3414352-07:00" testType="13cdc9d9-ddb5-4fa4-a97d-d965ccfc6d4b" outcome="Passed" testListId="8c84fa94-04c1-424b-9868-57a2d4851a1d" relativeResultsDirectory="cdb18ae4-ff9b-4ec3-9dc5-e4774857c748">
    </UnitTestResult>
    <UnitTestResult executionId="5e39a0e9-6243-4ac7-a161-218ee4ff8e6a" testId="2e5db011-38d1-7b21-d128-072b48809442" testName="HandleThrowsOnFailedUriTemplateMatch" computerName="GBLOCK-3-17" duration="00:00:00.0009900" startTime="2011-04-14T00:55:08.3444355-07:00" endTime="2011-04-14T00:55:08.3474358-07:00" testType="13cdc9d9-ddb5-4fa4-a97d-d965ccfc6d4b" outcome="Passed" testListId="8c84fa94-04c1-424b-9868-57a2d4851a1d" relativeResultsDirectory="5e39a0e9-6243-4ac7-a161-218ee4ff8e6a">
    </UnitTestResult>
    <UnitTestResult executionId="37b5e143-9cb4-49a7-b49d-1fead3d1df12" testId="586f7215-09b5-79d6-1186-86abde2e5fda" testName="InputParameters_Is_Always_Single_Uri_Argument" computerName="GBLOCK-3-17" duration="00:00:00.0011806" startTime="2011-04-14T00:55:08.3504361-07:00" endTime="2011-04-14T00:55:08.3524363-07:00" testType="13cdc9d9-ddb5-4fa4-a97d-d965ccfc6d4b" outcome="Passed" testListId="8c84fa94-04c1-424b-9868-57a2d4851a1d" relativeResultsDirectory="37b5e143-9cb4-49a7-b49d-1fead3d1df12">
    </UnitTestResult>
    <UnitTestResult executionId="a788ba68-95b1-4919-a912-376edeb6bd55" testId="b28e78a0-c32b-d372-c50d-ee9c296fbdad" testName="OutputParameters_With_Simple_UriTemplate" computerName="GBLOCK-3-17" duration="00:00:00.0018330" startTime="2011-04-14T00:55:08.3544365-07:00" endTime="2011-04-14T00:55:08.3584369-07:00" testType="13cdc9d9-ddb5-4fa4-a97d-d965ccfc6d4b" outcome="Passed" testListId="8c84fa94-04c1-424b-9868-57a2d4851a1d" relativeResultsDirectory="a788ba68-95b1-4919-a912-376edeb6bd55">
    </UnitTestResult>
    <UnitTestResult executionId="f6bf5399-8bed-4b2d-a5cd-73bcb7bf55f6" testId="4bbd5921-670f-9d4d-cdd9-deddf78415d3" testName="OutputParameters_With_Various_UriTemplates" computerName="GBLOCK-3-17" duration="00:00:00.0082038" startTime="2011-04-14T00:55:08.3614372-07:00" endTime="2011-04-14T00:55:08.3804391-07:00" testType="13cdc9d9-ddb5-4fa4-a97d-d965ccfc6d4b" outcome="Passed" testListId="8c84fa94-04c1-424b-9868-57a2d4851a1d" relativeResultsDirectory="f6bf5399-8bed-4b2d-a5cd-73bcb7bf55f6">
    </UnitTestResult>
    <UnitTestResult executionId="af5d270b-51b4-4e06-b09b-1d91f4627e23" testId="6291ba75-e541-f37e-b5f0-ef649fb4af20" testName="OutputParameters_With_WildCard_UriTemplate" computerName="GBLOCK-3-17" duration="00:00:00.0020629" startTime="2011-04-14T00:55:08.3854396-07:00" endTime="2011-04-14T00:55:08.3974408-07:00" testType="13cdc9d9-ddb5-4fa4-a97d-d965ccfc6d4b" outcome="Passed" testListId="8c84fa94-04c1-424b-9868-57a2d4851a1d" relativeResultsDirectory="af5d270b-51b4-4e06-b09b-1d91f4627e23">
    </UnitTestResult>
    <UnitTestResult executionId="94c1586c-0265-4b00-9602-7d892c25e8c2" testId="5eb546d8-75ab-655a-c197-fdfdf0225a73" testName="TypeIsCorrect" computerName="GBLOCK-3-17" duration="00:00:00.0011910" startTime="2011-04-14T00:55:08.4014412-07:00" endTime="2011-04-14T00:55:08.4124423-07:00" testType="13cdc9d9-ddb5-4fa4-a97d-d965ccfc6d4b" outcome="Passed" testListId="8c84fa94-04c1-424b-9868-57a2d4851a1d" relativeResultsDirectory="94c1586c-0265-4b00-9602-7d892c25e8c2">
    </UnitTestResult>
    <UnitTestResult executionId="48992e75-90f8-420b-87e3-5040385ca78e" testId="e5cebc9e-2ea0-4708-8bfb-5dcb9bfa04a5" testName="UnitTestClassIsCorrect" computerName="GBLOCK-3-17" duration="00:00:00.0020348" startTime="2011-04-14T00:55:08.4144425-07:00" endTime="2011-04-14T00:55:08.4184429-07:00" testType="13cdc9d9-ddb5-4fa4-a97d-d965ccfc6d4b" outcome="Passed" testListId="8c84fa94-04c1-424b-9868-57a2d4851a1d" relativeResultsDirectory="48992e75-90f8-420b-87e3-5040385ca78e">
    </UnitTestResult>
    <UnitTestResult executionId="254d8160-bd7b-464d-87b7-c6e1d36f6b7b" testId="ec0b8b51-286a-3fd2-642c-33b7b93b8153" testName="UriTemplate_Returns_Same_Instance_From_Constructor" computerName="GBLOCK-3-17" duration="00:00:00.0004530" startTime="2011-04-14T00:55:08.4204431-07:00" endTime="2011-04-14T00:55:08.4224433-07:00" testType="13cdc9d9-ddb5-4fa4-a97d-d965ccfc6d4b" outcome="Passed" testListId="8c84fa94-04c1-424b-9868-57a2d4851a1d" relativeResultsDirectory="254d8160-bd7b-464d-87b7-c6e1d36f6b7b">
    </UnitTestResult>
    <UnitTestResult executionId="108c6c50-9fe2-4f56-8d70-b90e6d61020e" testId="4fd82f41-87cb-5feb-ea64-f52a4fcbf05b" testName="UriTemplateHttpOperationHandler_Constructor_Throws_With_Null_BaseAddress_Parameter" computerName="GBLOCK-3-17" duration="00:00:00.0005046" startTime="2011-04-14T00:55:08.4244435-07:00" endTime="2011-04-14T00:55:08.4264437-07:00" testType="13cdc9d9-ddb5-4fa4-a97d-d965ccfc6d4b" outcome="Passed" testListId="8c84fa94-04c1-424b-9868-57a2d4851a1d" relativeResultsDirectory="108c6c50-9fe2-4f56-8d70-b90e6d61020e">
    </UnitTestResult>
    <UnitTestResult executionId="d73dd75a-cb7b-4e23-adb2-afddd806074e" testId="b62cddbd-946d-c456-ad19-9543d8db24d1" testName="UriTemplateHttpOperationHandler_Constructor_Throws_With_Null_UriTemplate_Parameter" computerName="GBLOCK-3-17" duration="00:00:00.0004330" startTime="2011-04-14T00:55:08.4294440-07:00" endTime="2011-04-14T00:55:08.4314442-07:00" testType="13cdc9d9-ddb5-4fa4-a97d-d965ccfc6d4b" outcome="Passed" testListId="8c84fa94-04c1-424b-9868-57a2d4851a1d" relativeResultsDirectory="d73dd75a-cb7b-4e23-adb2-afddd806074e">
    </UnitTestResult>
    <UnitTestResult executionId="d8211513-e41c-40b7-bacd-318d25515434" testId="681cb830-7020-c93b-96d9-0dc8b9138fcf" testName="HttpBindingSecurity_Is_A_Public_Non_Abstract_Class" computerName="GBLOCK-3-17" duration="00:00:00.0006320" startTime="2011-04-14T00:55:08.4334444-07:00" endTime="2011-04-14T00:55:08.4354446-07:00" testType="13cdc9d9-ddb5-4fa4-a97d-d965ccfc6d4b" outcome="Passed" testListId="8c84fa94-04c1-424b-9868-57a2d4851a1d" relativeResultsDirectory="d8211513-e41c-40b7-bacd-318d25515434">
    </UnitTestResult>
    <UnitTestResult executionId="06e7c681-7dbf-4f87-81cc-fafad49f01c9" testId="70e0ec0c-6af7-b66b-b7fc-e3c04eba84a3" testName="Mode_Can_Be_Set" computerName="GBLOCK-3-17" duration="00:00:00.0014743" startTime="2011-04-14T00:55:08.4384449-07:00" endTime="2011-04-14T00:55:08.4414452-07:00" testType="13cdc9d9-ddb5-4fa4-a97d-d965ccfc6d4b" outcome="Passed" testListId="8c84fa94-04c1-424b-9868-57a2d4851a1d" relativeResultsDirectory="06e7c681-7dbf-4f87-81cc-fafad49f01c9">
    </UnitTestResult>
    <UnitTestResult executionId="c5d71e87-0370-4844-979e-f9a468904df4" testId="7b60f961-e205-03a0-285f-296df9664e70" testName="Mode_Is_None_By_Default" computerName="GBLOCK-3-17" duration="00:00:00.0002536" startTime="2011-04-14T00:55:08.4444455-07:00" endTime="2011-04-14T00:55:08.4454456-07:00" testType="13cdc9d9-ddb5-4fa4-a97d-d965ccfc6d4b" outcome="Passed" testListId="8c84fa94-04c1-424b-9868-57a2d4851a1d" relativeResultsDirectory="c5d71e87-0370-4844-979e-f9a468904df4">
    </UnitTestResult>
    <UnitTestResult executionId="9d1d210b-555a-4495-9ad1-6f5060789388" testId="f67354a7-7c4d-3d09-3f7a-a780c4ddbab2" testName="Mode_Throws_With_Invalid_HttpBindingSecurityMode_Value" computerName="GBLOCK-3-17" duration="00:00:00.0012764" startTime="2011-04-14T00:55:08.4494460-07:00" endTime="2011-04-14T00:55:08.4524463-07:00" testType="13cdc9d9-ddb5-4fa4-a97d-d965ccfc6d4b" outcome="Passed" testListId="8c84fa94-04c1-424b-9868-57a2d4851a1d" relativeResultsDirectory="9d1d210b-555a-4495-9ad1-6f5060789388">
    </UnitTestResult>
    <UnitTestResult executionId="69867845-6d05-4004-85bf-4a72a623e653" testId="35fc1930-c1ff-1f06-2458-ade0bcbd9fca" testName="Transport_Can_Be_Set" computerName="GBLOCK-3-17" duration="00:00:00.0004465" startTime="2011-04-14T00:55:08.4554466-07:00" endTime="2011-04-14T00:55:08.4584469-07:00" testType="13cdc9d9-ddb5-4fa4-a97d-d965ccfc6d4b" outcome="Passed" testListId="8c84fa94-04c1-424b-9868-57a2d4851a1d" relativeResultsDirectory="69867845-6d05-4004-85bf-4a72a623e653">
    </UnitTestResult>
    <UnitTestResult executionId="218746a0-f09c-4ac3-abf8-5287d8745e67" testId="02f3accf-a72b-9fbf-fd12-9eb3a127eff8" testName="Transport_ClientCredentialType_Is_None_By_Default" computerName="GBLOCK-3-17" duration="00:00:00.0033871" startTime="2011-04-14T00:55:08.4614472-07:00" endTime="2011-04-14T00:55:08.4654476-07:00" testType="13cdc9d9-ddb5-4fa4-a97d-d965ccfc6d4b" outcome="Passed" testListId="8c84fa94-04c1-424b-9868-57a2d4851a1d" relativeResultsDirectory="218746a0-f09c-4ac3-abf8-5287d8745e67">
    </UnitTestResult>
    <UnitTestResult executionId="ed79ff4c-4e0c-455a-bf38-c224ccbf3123" testId="1700de2b-7529-f5b6-793a-a9d501a1dbef" testName="Transport_ExtendedProtectionPolicy_PolicyEnforcement_Is_Never_By_Default" computerName="GBLOCK-3-17" duration="00:00:00.0012668" startTime="2011-04-14T00:55:08.4714482-07:00" endTime="2011-04-14T00:55:08.4774488-07:00" testType="13cdc9d9-ddb5-4fa4-a97d-d965ccfc6d4b" outcome="Passed" testListId="8c84fa94-04c1-424b-9868-57a2d4851a1d" relativeResultsDirectory="ed79ff4c-4e0c-455a-bf38-c224ccbf3123">
    </UnitTestResult>
    <UnitTestResult executionId="54368449-68ee-4ae0-88d1-fe2cbe042398" testId="6af232ed-195b-d67c-6d1a-f52901f0218f" testName="Transport_HttpProxyCredentialType_Is_None_By_Default" computerName="GBLOCK-3-17" duration="00:00:00.0002821" startTime="2011-04-14T00:55:08.4804491-07:00" endTime="2011-04-14T00:55:08.4814492-07:00" testType="13cdc9d9-ddb5-4fa4-a97d-d965ccfc6d4b" outcome="Passed" testListId="8c84fa94-04c1-424b-9868-57a2d4851a1d" relativeResultsDirectory="54368449-68ee-4ae0-88d1-fe2cbe042398">
    </UnitTestResult>
    <UnitTestResult executionId="825a5dfc-20a9-458e-9b26-c75d6e4455e5" testId="d6dfba1f-38f3-4f84-7166-2635b00c9864" testName="Transport_Is_Not_Null" computerName="GBLOCK-3-17" duration="00:00:00.0003849" startTime="2011-04-14T00:55:08.4834494-07:00" endTime="2011-04-14T00:55:08.4854496-07:00" testType="13cdc9d9-ddb5-4fa4-a97d-d965ccfc6d4b" outcome="Passed" testListId="8c84fa94-04c1-424b-9868-57a2d4851a1d" relativeResultsDirectory="825a5dfc-20a9-458e-9b26-c75d6e4455e5">
    </UnitTestResult>
    <UnitTestResult executionId="0f9ba2d1-d6b0-437a-80e4-20d94b6d365e" testId="14c10437-25fa-f41b-f703-31f4d47e74f4" testName="Transport_Realm_Is_Empty_String_By_Default" computerName="GBLOCK-3-17" duration="00:00:00.0002898" startTime="2011-04-14T00:55:08.4884499-07:00" endTime="2011-04-14T00:55:08.4894500-07:00" testType="13cdc9d9-ddb5-4fa4-a97d-d965ccfc6d4b" outcome="Passed" testListId="8c84fa94-04c1-424b-9868-57a2d4851a1d" relativeResultsDirectory="0f9ba2d1-d6b0-437a-80e4-20d94b6d365e">
    </UnitTestResult>
    <UnitTestResult executionId="1fc75320-1288-4aeb-b7a8-9d9602f76316" testId="5dc15847-25cd-f5bf-cc86-b343b84e55ea" testName="Transport_Resets_To_New_Instance_If_Set_To_Null" computerName="GBLOCK-3-17" duration="00:00:00.0004215" startTime="2011-04-14T00:55:08.4924503-07:00" endTime="2011-04-14T00:55:08.4944505-07:00" testType="13cdc9d9-ddb5-4fa4-a97d-d965ccfc6d4b" outcome="Passed" testListId="8c84fa94-04c1-424b-9868-57a2d4851a1d" relativeResultsDirectory="1fc75320-1288-4aeb-b7a8-9d9602f76316">
    </UnitTestResult>
    <UnitTestResult executionId="9b40549c-46e2-4180-a2f2-8adcbf47c0c5" testId="84988936-ab74-0e35-dc72-268fd30acc79" testName="ReadAs1ThrowsWithNullFormatters" computerName="GBLOCK-3-17" duration="00:00:00.0013938" startTime="2011-04-14T00:55:08.4964507-07:00" endTime="2011-04-14T00:55:08.4984509-07:00" testType="13cdc9d9-ddb5-4fa4-a97d-d965ccfc6d4b" outcome="Passed" testListId="8c84fa94-04c1-424b-9868-57a2d4851a1d" relativeResultsDirectory="9b40549c-46e2-4180-a2f2-8adcbf47c0c5">
    </UnitTestResult>
    <UnitTestResult executionId="d8823a5a-abcb-46ac-92ae-ddc1923c2d39" testId="7f3a1cc5-b4ca-a3b7-8376-1792e91fcb83" testName="ReadAs1ThrowsWithNullThis" computerName="GBLOCK-3-17" duration="00:00:00.0009465" startTime="2011-04-14T00:55:08.5014512-07:00" endTime="2011-04-14T00:55:08.5034514-07:00" testType="13cdc9d9-ddb5-4fa4-a97d-d965ccfc6d4b" outcome="Passed" testListId="8c84fa94-04c1-424b-9868-57a2d4851a1d" relativeResultsDirectory="d8823a5a-abcb-46ac-92ae-ddc1923c2d39">
    </UnitTestResult>
    <UnitTestResult executionId="a13fccd1-722f-488d-a6de-7beb79676ecc" testId="80e86035-bbfa-5df5-fbcd-37c7751d1ecd" testName="ReadAs1ThrowsWithNullType" computerName="GBLOCK-3-17" duration="00:00:00.0005262" startTime="2011-04-14T00:55:08.5054516-07:00" endTime="2011-04-14T00:55:08.5074518-07:00" testType="13cdc9d9-ddb5-4fa4-a97d-d965ccfc6d4b" outcome="Passed" testListId="8c84fa94-04c1-424b-9868-57a2d4851a1d" relativeResultsDirectory="a13fccd1-722f-488d-a6de-7beb79676ecc">
    </UnitTestResult>
    <UnitTestResult executionId="95189e7d-932a-460a-b5ab-773de7c4196a" testId="f5d740ab-d577-4943-4daa-7ad3ee06b3bd" testName="ReadAsAsync1ThrowsWithNullFormatters" computerName="GBLOCK-3-17" duration="00:00:00.0012391" startTime="2011-04-14T00:55:08.5104521-07:00" endTime="2011-04-14T00:55:08.5134524-07:00" testType="13cdc9d9-ddb5-4fa4-a97d-d965ccfc6d4b" outcome="Passed" testListId="8c84fa94-04c1-424b-9868-57a2d4851a1d" relativeResultsDirectory="95189e7d-932a-460a-b5ab-773de7c4196a">
    </UnitTestResult>
    <UnitTestResult executionId="7ddd2efd-bc3d-48a7-ad3c-bbd1c1cdc150" testId="aca41d65-e1e2-6800-3868-f8fa5c5ab7d5" testName="ReadAsAsync1ThrowsWithNullThis" computerName="GBLOCK-3-17" duration="00:00:00.0004881" startTime="2011-04-14T00:55:08.5154526-07:00" endTime="2011-04-14T00:55:08.5174528-07:00" testType="13cdc9d9-ddb5-4fa4-a97d-d965ccfc6d4b" outcome="Passed" testListId="8c84fa94-04c1-424b-9868-57a2d4851a1d" relativeResultsDirectory="7ddd2efd-bc3d-48a7-ad3c-bbd1c1cdc150">
    </UnitTestResult>
    <UnitTestResult executionId="56527965-291c-4189-86f9-52d7189bf4db" testId="96ca16f4-6b0c-4caa-a2ff-7d1dc08785c0" testName="ReadAsAsync1ThrowsWithNullType" computerName="GBLOCK-3-17" duration="00:00:00.0005262" startTime="2011-04-14T00:55:08.5194530-07:00" endTime="2011-04-14T00:55:08.5214532-07:00" testType="13cdc9d9-ddb5-4fa4-a97d-d965ccfc6d4b" outcome="Passed" testListId="8c84fa94-04c1-424b-9868-57a2d4851a1d" relativeResultsDirectory="56527965-291c-4189-86f9-52d7189bf4db">
    </UnitTestResult>
    <UnitTestResult executionId="f3a70cf2-de71-45aa-9dcc-4b859374ef37" testId="d271b3b4-1eab-c036-c71c-d3c0da17f5cd" testName="ReadAsAsyncThrowsWithNullThis" computerName="GBLOCK-3-17" duration="00:00:00.0009415" startTime="2011-04-14T00:55:08.5244535-07:00" endTime="2011-04-14T00:55:08.5264537-07:00" testType="13cdc9d9-ddb5-4fa4-a97d-d965ccfc6d4b" outcome="Passed" testListId="8c84fa94-04c1-424b-9868-57a2d4851a1d" relativeResultsDirectory="f3a70cf2-de71-45aa-9dcc-4b859374ef37">
    </UnitTestResult>
    <UnitTestResult executionId="18f46c53-e3aa-483e-9f8b-5b1d7c726400" testId="e9b8d58e-46af-3699-b0f5-0b4f26fbb369" testName="ReadAsAsyncThrowsWithNullType" computerName="GBLOCK-3-17" duration="00:00:00.0004804" startTime="2011-04-14T00:55:08.5284539-07:00" endTime="2011-04-14T00:55:08.5304541-07:00" testType="13cdc9d9-ddb5-4fa4-a97d-d965ccfc6d4b" outcome="Passed" testListId="8c84fa94-04c1-424b-9868-57a2d4851a1d" relativeResultsDirectory="18f46c53-e3aa-483e-9f8b-5b1d7c726400">
    </UnitTestResult>
    <UnitTestResult executionId="c8165506-f544-4d40-8e1a-5d7d57852f34" testId="8f758df7-b3b2-4f7b-221e-8902631501c1" testName="ReadAsOrDefault1ThrowsWithNullFormatters" computerName="GBLOCK-3-17" duration="00:00:00.0008676" startTime="2011-04-14T00:55:08.5324543-07:00" endTime="2011-04-14T00:55:08.5354546-07:00" testType="13cdc9d9-ddb5-4fa4-a97d-d965ccfc6d4b" outcome="Passed" testListId="8c84fa94-04c1-424b-9868-57a2d4851a1d" relativeResultsDirectory="c8165506-f544-4d40-8e1a-5d7d57852f34">
    </UnitTestResult>
    <UnitTestResult executionId="7f0ce72f-7304-4f92-98a4-537224a5a7f7" testId="eab90d3a-fb61-8b1c-8297-2dd471e405c9" testName="ReadAsOrDefault1ThrowsWithNullThis" computerName="GBLOCK-3-17" duration="00:00:00.0004499" startTime="2011-04-14T00:55:08.5384549-07:00" endTime="2011-04-14T00:55:08.5394550-07:00" testType="13cdc9d9-ddb5-4fa4-a97d-d965ccfc6d4b" outcome="Passed" testListId="8c84fa94-04c1-424b-9868-57a2d4851a1d" relativeResultsDirectory="7f0ce72f-7304-4f92-98a4-537224a5a7f7">
    </UnitTestResult>
    <UnitTestResult executionId="2b4fbd51-415b-4428-b766-3231268e1ed3" testId="d8742b48-7ed1-a295-010c-b51f537390b2" testName="ReadAsOrDefault1ThrowsWithNullType" computerName="GBLOCK-3-17" duration="00:00:00.0004988" startTime="2011-04-14T00:55:08.5414552-07:00" endTime="2011-04-14T00:55:08.5434554-07:00" testType="13cdc9d9-ddb5-4fa4-a97d-d965ccfc6d4b" outcome="Passed" testListId="8c84fa94-04c1-424b-9868-57a2d4851a1d" relativeResultsDirectory="2b4fbd51-415b-4428-b766-3231268e1ed3">
    </UnitTestResult>
    <UnitTestResult executionId="e416f9ab-35f8-4d39-8255-48ceae00a2e8" testId="8364336f-34c3-199c-0172-38252de9ba0c" testName="ReadAsOrDefaultAsync1ThrowsWithNullFormatters" computerName="GBLOCK-3-17" duration="00:00:00.0010670" startTime="2011-04-14T00:55:08.5464557-07:00" endTime="2011-04-14T00:55:08.5484559-07:00" testType="13cdc9d9-ddb5-4fa4-a97d-d965ccfc6d4b" outcome="Passed" testListId="8c84fa94-04c1-424b-9868-57a2d4851a1d" relativeResultsDirectory="e416f9ab-35f8-4d39-8255-48ceae00a2e8">
    </UnitTestResult>
    <UnitTestResult executionId="33718082-bfa7-49a5-8753-be0d182414a9" testId="52d86c1e-8881-f066-eec9-8d7c2a823dd8" testName="ReadAsOrDefaultAsync1ThrowsWithNullThis" computerName="GBLOCK-3-17" duration="00:00:00.0005277" startTime="2011-04-14T00:55:08.5524563-07:00" endTime="2011-04-14T00:55:08.5534564-07:00" testType="13cdc9d9-ddb5-4fa4-a97d-d965ccfc6d4b" outcome="Passed" testListId="8c84fa94-04c1-424b-9868-57a2d4851a1d" relativeResultsDirectory="33718082-bfa7-49a5-8753-be0d182414a9">
    </UnitTestResult>
    <UnitTestResult executionId="735a5895-1ff3-4353-a62a-8204757d0c5c" testId="2ce0a661-3586-feaa-88bb-d09dcc2b33a9" testName="ReadAsOrDefaultAsync1ThrowsWithNullType" computerName="GBLOCK-3-17" duration="00:00:00.0005481" startTime="2011-04-14T00:55:08.5554566-07:00" endTime="2011-04-14T00:55:08.5574568-07:00" testType="13cdc9d9-ddb5-4fa4-a97d-d965ccfc6d4b" outcome="Passed" testListId="8c84fa94-04c1-424b-9868-57a2d4851a1d" relativeResultsDirectory="735a5895-1ff3-4353-a62a-8204757d0c5c">
    </UnitTestResult>
    <UnitTestResult executionId="bf5fb6ea-fbf6-47b6-b112-0270c17d51eb" testId="f91c8bfb-2904-ba24-c30d-f3bad70227b3" testName="ReadAsOrDefaultAsyncThrowsWithNullThis" computerName="GBLOCK-3-17" duration="00:00:00.0010993" startTime="2011-04-14T00:55:08.5604571-07:00" endTime="2011-04-14T00:55:08.5624573-07:00" testType="13cdc9d9-ddb5-4fa4-a97d-d965ccfc6d4b" outcome="Passed" testListId="8c84fa94-04c1-424b-9868-57a2d4851a1d" relativeResultsDirectory="bf5fb6ea-fbf6-47b6-b112-0270c17d51eb">
    </UnitTestResult>
    <UnitTestResult executionId="ea6f8edd-ba75-47b3-994b-a6f883199059" testId="ff8206f4-1a70-a4a1-d105-e957983d011b" testName="ReadAsOrDefaultAsyncThrowsWithNullType" computerName="GBLOCK-3-17" duration="00:00:00.0005943" startTime="2011-04-14T00:55:08.5654576-07:00" endTime="2011-04-14T00:55:08.5674578-07:00" testType="13cdc9d9-ddb5-4fa4-a97d-d965ccfc6d4b" outcome="Passed" testListId="8c84fa94-04c1-424b-9868-57a2d4851a1d" relativeResultsDirectory="ea6f8edd-ba75-47b3-994b-a6f883199059">
    </UnitTestResult>
    <UnitTestResult executionId="9453dc7c-9201-4086-8a47-61541acf4649" testId="7280ebf5-5011-9683-7356-b1d3937bb02d" testName="ReadAsOrDefaultThrowsWithNullThis" computerName="GBLOCK-3-17" duration="00:00:00.0011067" startTime="2011-04-14T00:55:08.5704581-07:00" endTime="2011-04-14T00:55:08.5724583-07:00" testType="13cdc9d9-ddb5-4fa4-a97d-d965ccfc6d4b" outcome="Passed" testListId="8c84fa94-04c1-424b-9868-57a2d4851a1d" relativeResultsDirectory="9453dc7c-9201-4086-8a47-61541acf4649">
    </UnitTestResult>
    <UnitTestResult executionId="7420530d-4ade-4eee-b836-72ff015152ff" testId="231c35e5-68fd-0174-0a99-57d467811311" testName="ReadAsOrDefaultThrowsWithNullType" computerName="GBLOCK-3-17" duration="00:00:00.0005181" startTime="2011-04-14T00:55:08.5784589-07:00" endTime="2011-04-14T00:55:08.5804591-07:00" testType="13cdc9d9-ddb5-4fa4-a97d-d965ccfc6d4b" outcome="Passed" testListId="8c84fa94-04c1-424b-9868-57a2d4851a1d" relativeResultsDirectory="7420530d-4ade-4eee-b836-72ff015152ff">
    </UnitTestResult>
    <UnitTestResult executionId="77fd51de-5d17-4a48-a82f-bd380f2b821d" testId="d9cf3424-012b-c62b-ac12-77854a650be6" testName="ReadAsThrowsWithNullThis" computerName="GBLOCK-3-17" duration="00:00:00.0007452" startTime="2011-04-14T00:55:08.5824593-07:00" endTime="2011-04-14T00:55:08.5844595-07:00" testType="13cdc9d9-ddb5-4fa4-a97d-d965ccfc6d4b" outcome="Passed" testListId="8c84fa94-04c1-424b-9868-57a2d4851a1d" relativeResultsDirectory="77fd51de-5d17-4a48-a82f-bd380f2b821d">
    </UnitTestResult>
    <UnitTestResult executionId="967c7cd6-5693-43b8-8194-44d0cda0cc80" testId="a9ed2ab8-589f-953c-bf2b-07fe789da964" testName="ReadAsThrowsWithNullType" computerName="GBLOCK-3-17" duration="00:00:00.0006336" startTime="2011-04-14T00:55:08.5864597-07:00" endTime="2011-04-14T00:55:08.5894600-07:00" testType="13cdc9d9-ddb5-4fa4-a97d-d965ccfc6d4b" outcome="Passed" testListId="8c84fa94-04c1-424b-9868-57a2d4851a1d" relativeResultsDirectory="967c7cd6-5693-43b8-8194-44d0cda0cc80">
    </UnitTestResult>
    <UnitTestResult executionId="3dbfe494-096a-4d03-843e-249374e3dcb7" testId="af2b3c4d-ff6a-2963-74fa-f57cf7663346" testName="TypeIsCorrect" computerName="GBLOCK-3-17" duration="00:00:00.0012060" startTime="2011-04-14T00:55:08.5924603-07:00" endTime="2011-04-14T00:55:08.6024613-07:00" testType="13cdc9d9-ddb5-4fa4-a97d-d965ccfc6d4b" outcome="Passed" testListId="8c84fa94-04c1-424b-9868-57a2d4851a1d" relativeResultsDirectory="3dbfe494-096a-4d03-843e-249374e3dcb7">
    </UnitTestResult>
    <UnitTestResult executionId="fb416008-8084-4c79-a1e0-c638f527e42a" testId="462b8bc2-c430-e3d0-c70f-64cbbbba8a85" testName="UnitTestClassIsCorrect" computerName="GBLOCK-3-17" duration="00:00:00.0056336" startTime="2011-04-14T00:55:08.6044615-07:00" endTime="2011-04-14T00:55:08.6194630-07:00" testType="13cdc9d9-ddb5-4fa4-a97d-d965ccfc6d4b" outcome="Passed" testListId="8c84fa94-04c1-424b-9868-57a2d4851a1d" relativeResultsDirectory="fb416008-8084-4c79-a1e0-c638f527e42a">
    </UnitTestResult>
    <UnitTestResult executionId="7602444a-a248-47e4-9886-9e7f312ca196" testId="5fa04aa5-97a5-b23e-5191-2c8c0bc677ab" testName="Constructor" computerName="GBLOCK-3-17" duration="00:00:00.0038463" startTime="2011-04-14T00:55:08.6224633-07:00" endTime="2011-04-14T00:55:08.6384649-07:00" testType="13cdc9d9-ddb5-4fa4-a97d-d965ccfc6d4b" outcome="Failed" testListId="8c84fa94-04c1-424b-9868-57a2d4851a1d" relativeResultsDirectory="7602444a-a248-47e4-9886-9e7f312ca196">
      <Output>
        <ErrorInfo>
          <Message>Assert.IsNotNull failed. default contructor should have set Content.</Message>
          <StackTrace>   at Microsoft.ApplicationServer.Http.HttpRequestMessageOfTTests.&lt;Constructor&gt;b__0(Type type, Object obj) in F:\advisorsrepo\wcfhttp\Http\Test\Microsoft.ApplicationServer.Http\Unit\Microsoft\ApplicationServer\Http\HttpRequestMessageOfTTests.cs:line 56
   at Microsoft.ApplicationServer.Common.Test.TestDataAssert.ExecuteCodeUnderTest(Type type, Object obj, String messageOnFail, Action`2 codeUnderTest) in F:\advisorsrepo\wcfhttp\Http\Test\Microsoft.ApplicationServer.Common.MSTestUtilities\Microsoft\ApplicationServer\Common\Test\TestDataAssert.cs:line 89
   at Microsoft.ApplicationServer.Common.Test.TestDataAssert.Execute(IEnumerable`1 testDataCollection, TestDataVariations flags, String messageOnFail, Action`2 codeUnderTest) in F:\advisorsrepo\wcfhttp\Http\Test\Microsoft.ApplicationServer.Common.MSTestUtilities\Microsoft\ApplicationServer\Common\Test\TestDataAssert.cs:line 50
   at Microsoft.ApplicationServer.Http.HttpRequestMessageOfTTests.Constructor() in F:\advisorsrepo\wcfhttp\Http\Test\Microsoft.ApplicationServer.Http\Unit\Microsoft\ApplicationServer\Http\HttpRequestMessageOfTTests.cs:line 48
</StackTrace>
        </ErrorInfo>
      </Output>
    </UnitTestResult>
    <UnitTestResult executionId="988ff436-ca7b-4245-a77d-f8d4870100b5" testId="5c2d91f5-e644-2e61-be83-50abd115fa8b" testName="Constructor1" computerName="GBLOCK-3-17" duration="00:00:00.0066506" startTime="2011-04-14T00:55:08.6454656-07:00" endTime="2011-04-14T00:55:08.6554666-07:00" testType="13cdc9d9-ddb5-4fa4-a97d-d965ccfc6d4b" outcome="Passed" testListId="8c84fa94-04c1-424b-9868-57a2d4851a1d" relativeResultsDirectory="988ff436-ca7b-4245-a77d-f8d4870100b5">
    </UnitTestResult>
    <UnitTestResult executionId="cf27230d-6f24-4604-963b-388fa23d3847" testId="6d88926e-fa15-21d5-74c1-a1729fe0d245" testName="Constructor2" computerName="GBLOCK-3-17" duration="00:00:00.0224925" startTime="2011-04-14T00:55:08.6574668-07:00" endTime="2011-04-14T00:55:08.6814692-07:00" testType="13cdc9d9-ddb5-4fa4-a97d-d965ccfc6d4b" outcome="Passed" testListId="8c84fa94-04c1-424b-9868-57a2d4851a1d" relativeResultsDirectory="cf27230d-6f24-4604-963b-388fa23d3847">
    </UnitTestResult>
    <UnitTestResult executionId="72aeb324-e0d5-44fd-a1bf-7639441c8666" testId="80e37262-ef46-b1de-409a-fe3b316cff54" testName="Constructor2ThrowsWithNullFormatters" computerName="GBLOCK-3-17" duration="00:00:00.0628529" startTime="2011-04-14T00:55:08.6844695-07:00" endTime="2011-04-14T00:55:08.7524763-07:00" testType="13cdc9d9-ddb5-4fa4-a97d-d965ccfc6d4b" outcome="Passed" testListId="8c84fa94-04c1-424b-9868-57a2d4851a1d" relativeResultsDirectory="72aeb324-e0d5-44fd-a1bf-7639441c8666">
    </UnitTestResult>
    <UnitTestResult executionId="e8cd3bda-11d5-4fb0-beda-43c3132987e5" testId="65c9dc02-f523-a695-78ad-0b08246cef74" testName="Constructor3" computerName="GBLOCK-3-17" duration="00:00:00.8102981" startTime="2011-04-14T00:55:08.7564767-07:00" endTime="2011-04-14T00:55:09.5665577-07:00" testType="13cdc9d9-ddb5-4fa4-a97d-d965ccfc6d4b" outcome="Passed" testListId="8c84fa94-04c1-424b-9868-57a2d4851a1d" relativeResultsDirectory="e8cd3bda-11d5-4fb0-beda-43c3132987e5">
    </UnitTestResult>
    <UnitTestResult executionId="31d5bbc6-cab8-4fe4-948a-31c26fcd15a4" testId="78529e5b-6d25-9734-8582-b42a804f8cc6" testName="Constructor3ThrowsWithNullFormatters" computerName="GBLOCK-3-17" duration="00:00:02.6530723" startTime="2011-04-14T00:55:09.5695580-07:00" endTime="2011-04-14T00:55:12.2238234-07:00" testType="13cdc9d9-ddb5-4fa4-a97d-d965ccfc6d4b" outcome="Passed" testListId="8c84fa94-04c1-424b-9868-57a2d4851a1d" relativeResultsDirectory="31d5bbc6-cab8-4fe4-948a-31c26fcd15a4">
    </UnitTestResult>
    <UnitTestResult executionId="c23924f6-09af-4619-aee4-44d221d09456" testId="c65a0001-d541-5330-36be-1f6426d327a3" testName="ContentGetterSetsContentHttpRequestMessage" computerName="GBLOCK-3-17" duration="00:00:00.0009369" startTime="2011-04-14T00:55:12.2268237-07:00" endTime="2011-04-14T00:55:12.2288239-07:00" testType="13cdc9d9-ddb5-4fa4-a97d-d965ccfc6d4b" outcome="Passed" testListId="8c84fa94-04c1-424b-9868-57a2d4851a1d" relativeResultsDirectory="c23924f6-09af-4619-aee4-44d221d09456">
    </UnitTestResult>
    <UnitTestResult executionId="b19df280-2e86-4bb3-a7dd-08d21208b70a" testId="3fc31f8c-9baf-4032-9f2f-219db64463ff" testName="ContentGetterSetsNewObjectContentOfTWithBaseHttpContent" computerName="GBLOCK-3-17" duration="00:00:00.0006424" startTime="2011-04-14T00:55:12.2318242-07:00" endTime="2011-04-14T00:55:12.2338244-07:00" testType="13cdc9d9-ddb5-4fa4-a97d-d965ccfc6d4b" outcome="Passed" testListId="8c84fa94-04c1-424b-9868-57a2d4851a1d" relativeResultsDirectory="b19df280-2e86-4bb3-a7dd-08d21208b70a">
    </UnitTestResult>
    <UnitTestResult executionId="58bfafab-5605-405c-b84a-91d90c5063bc" testId="bab71fd7-886e-237f-f842-125e752f14dc" testName="ContentIsSettable" computerName="GBLOCK-3-17" duration="00:00:00.0004030" startTime="2011-04-14T00:55:12.2358246-07:00" endTime="2011-04-14T00:55:12.2378248-07:00" testType="13cdc9d9-ddb5-4fa4-a97d-d965ccfc6d4b" outcome="Passed" testListId="8c84fa94-04c1-424b-9868-57a2d4851a1d" relativeResultsDirectory="58bfafab-5605-405c-b84a-91d90c5063bc">
    </UnitTestResult>
    <UnitTestResult executionId="bef55e20-4755-4ee3-aefb-a38d826b526b" testId="8d043305-bc61-b32b-496a-998a52b5fe95" testName="ContentSetterSetsContentHttpRequestMessage" computerName="GBLOCK-3-17" duration="00:00:00.0003599" startTime="2011-04-14T00:55:12.2398250-07:00" endTime="2011-04-14T00:55:12.2418252-07:00" testType="13cdc9d9-ddb5-4fa4-a97d-d965ccfc6d4b" outcome="Passed" testListId="8c84fa94-04c1-424b-9868-57a2d4851a1d" relativeResultsDirectory="bef55e20-4755-4ee3-aefb-a38d826b526b">
    </UnitTestResult>
    <UnitTestResult executionId="e24ce872-3b8d-4edc-a6c1-0a22928ec1aa" testId="8878d653-131d-820b-62fa-17e46e8fe214" testName="TypeIsCorrect" computerName="GBLOCK-3-17" duration="00:00:00.0004165" startTime="2011-04-14T00:55:12.2438254-07:00" endTime="2011-04-14T00:55:12.2458256-07:00" testType="13cdc9d9-ddb5-4fa4-a97d-d965ccfc6d4b" outcome="Passed" testListId="8c84fa94-04c1-424b-9868-57a2d4851a1d" relativeResultsDirectory="e24ce872-3b8d-4edc-a6c1-0a22928ec1aa">
    </UnitTestResult>
    <UnitTestResult executionId="fc08af9a-2cb0-4d63-98bb-caa25afeb180" testId="2cbd047e-111f-ce07-9594-d3c7dd3ca130" testName="UnitTestClassIsCorrect" computerName="GBLOCK-3-17" duration="00:00:00.0018631" startTime="2011-04-14T00:55:12.2478258-07:00" endTime="2011-04-14T00:55:12.2508261-07:00" testType="13cdc9d9-ddb5-4fa4-a97d-d965ccfc6d4b" outcome="Passed" testListId="8c84fa94-04c1-424b-9868-57a2d4851a1d" relativeResultsDirectory="fc08af9a-2cb0-4d63-98bb-caa25afeb180">
    </UnitTestResult>
    <UnitTestResult executionId="2cec52f5-5887-4c9b-a431-24d3c52a2330" testId="25bbc356-9eb3-f60f-231f-c366648046fe" testName="Constructor" computerName="GBLOCK-3-17" duration="00:00:00.0038344" startTime="2011-04-14T00:55:12.2528263-07:00" endTime="2011-04-14T00:55:12.2588269-07:00" testType="13cdc9d9-ddb5-4fa4-a97d-d965ccfc6d4b" outcome="Failed" testListId="8c84fa94-04c1-424b-9868-57a2d4851a1d" relativeResultsDirectory="2cec52f5-5887-4c9b-a431-24d3c52a2330">
      <Output>
        <ErrorInfo>
          <Message>Assert.IsNotNull failed. default contructor should have set Content.</Message>
          <StackTrace>   at Microsoft.ApplicationServer.Http.HttpResponseMessageOfTTests.&lt;Constructor&gt;b__0(Type type, Object obj) in F:\advisorsrepo\wcfhttp\Http\Test\Microsoft.ApplicationServer.Http\Unit\Microsoft\ApplicationServer\Http\HttpResponseMessageOfTTests.cs:line 60
   at Microsoft.ApplicationServer.Common.Test.TestDataAssert.ExecuteCodeUnderTest(Type type, Object obj, String messageOnFail, Action`2 codeUnderTest) in F:\advisorsrepo\wcfhttp\Http\Test\Microsoft.ApplicationServer.Common.MSTestUtilities\Microsoft\ApplicationServer\Common\Test\TestDataAssert.cs:line 89
   at Microsoft.ApplicationServer.Common.Test.TestDataAssert.Execute(IEnumerable`1 testDataCollection, TestDataVariations flags, String messageOnFail, Action`2 codeUnderTest) in F:\advisorsrepo\wcfhttp\Http\Test\Microsoft.ApplicationServer.Common.MSTestUtilities\Microsoft\ApplicationServer\Common\Test\TestDataAssert.cs:line 50
   at Microsoft.ApplicationServer.Http.HttpResponseMessageOfTTests.Constructor() in F:\advisorsrepo\wcfhttp\Http\Test\Microsoft.ApplicationServer.Http\Unit\Microsoft\ApplicationServer\Http\HttpResponseMessageOfTTests.cs:line 49
</StackTrace>
        </ErrorInfo>
      </Output>
    </UnitTestResult>
    <UnitTestResult executionId="05cfad80-c993-4e2c-827e-f8308b57d2bb" testId="29bd9b85-9ca7-ce8f-a060-75b351632f03" testName="Constructor1" computerName="GBLOCK-3-17" duration="00:00:00.0064416" startTime="2011-04-14T00:55:12.2608271-07:00" endTime="2011-04-14T00:55:12.2688279-07:00" testType="13cdc9d9-ddb5-4fa4-a97d-d965ccfc6d4b" outcome="Passed" testListId="8c84fa94-04c1-424b-9868-57a2d4851a1d" relativeResultsDirectory="05cfad80-c993-4e2c-827e-f8308b57d2bb">
    </UnitTestResult>
    <UnitTestResult executionId="0de8624f-3829-4e28-8719-d370207c0a65" testId="6c1c0a0a-a2c9-58e1-ccca-3b3ad75cf06e" testName="Constructor2" computerName="GBLOCK-3-17" duration="00:00:00.1161671" startTime="2011-04-14T00:55:12.2718282-07:00" endTime="2011-04-14T00:55:12.3888399-07:00" testType="13cdc9d9-ddb5-4fa4-a97d-d965ccfc6d4b" outcome="Passed" testListId="8c84fa94-04c1-424b-9868-57a2d4851a1d" relativeResultsDirectory="0de8624f-3829-4e28-8719-d370207c0a65">
    </UnitTestResult>
    <UnitTestResult executionId="fbe16af4-ddfc-4850-ac0b-8de2c4828975" testId="a62896e8-6275-5559-b3eb-b86e4f855284" testName="Constructor3" computerName="GBLOCK-3-17" duration="00:00:00.0198403" startTime="2011-04-14T00:55:12.3918402-07:00" endTime="2011-04-14T00:55:12.4128423-07:00" testType="13cdc9d9-ddb5-4fa4-a97d-d965ccfc6d4b" outcome="Passed" testListId="8c84fa94-04c1-424b-9868-57a2d4851a1d" relativeResultsDirectory="fbe16af4-ddfc-4850-ac0b-8de2c4828975">
    </UnitTestResult>
    <UnitTestResult executionId="1fd4ec5b-5d11-4a5f-b698-aa0cbf93da4c" testId="efb77e28-745c-442b-bde7-568165562109" testName="Constructor3ThrowsWithNullFormatters" computerName="GBLOCK-3-17" duration="00:00:00.0520118" startTime="2011-04-14T00:55:12.4158426-07:00" endTime="2011-04-14T00:55:12.4698480-07:00" testType="13cdc9d9-ddb5-4fa4-a97d-d965ccfc6d4b" outcome="Passed" testListId="8c84fa94-04c1-424b-9868-57a2d4851a1d" relativeResultsDirectory="1fd4ec5b-5d11-4a5f-b698-aa0cbf93da4c">
    </UnitTestResult>
    <UnitTestResult executionId="86745789-1876-4af5-9e02-ee6be67ecf63" testId="b4326cab-2fe8-ac16-621b-e72753e6a588" testName="Constructor4" computerName="GBLOCK-3-17" duration="00:00:00.6715152" startTime="2011-04-14T00:55:12.4748485-07:00" endTime="2011-04-14T00:55:13.1569167-07:00" testType="13cdc9d9-ddb5-4fa4-a97d-d965ccfc6d4b" outcome="Passed" testListId="8c84fa94-04c1-424b-9868-57a2d4851a1d" relativeResultsDirectory="86745789-1876-4af5-9e02-ee6be67ecf63">
    </UnitTestResult>
    <UnitTestResult executionId="686dcf23-82f8-4233-a0b2-d5ebce6f8786" testId="5b0f1f73-e141-ce6a-f8c4-9df78e783452" testName="Constructor4ThrowsWithNullFormatters" computerName="GBLOCK-3-17" duration="00:00:02.1719733" startTime="2011-04-14T00:55:13.1589169-07:00" endTime="2011-04-14T00:55:15.3331343-07:00" testType="13cdc9d9-ddb5-4fa4-a97d-d965ccfc6d4b" outcome="Passed" testListId="8c84fa94-04c1-424b-9868-57a2d4851a1d" relativeResultsDirectory="686dcf23-82f8-4233-a0b2-d5ebce6f8786">
    </UnitTestResult>
    <UnitTestResult executionId="d489227f-e3ed-4e19-8a43-e22d75586534" testId="d831213e-6cf4-c347-2074-10a890bd0691" testName="ContentGetterSetsContentHttpResponseMessage" computerName="GBLOCK-3-17" duration="00:00:00.0004669" startTime="2011-04-14T00:55:15.3361346-07:00" endTime="2011-04-14T00:55:15.3391349-07:00" testType="13cdc9d9-ddb5-4fa4-a97d-d965ccfc6d4b" outcome="Passed" testListId="8c84fa94-04c1-424b-9868-57a2d4851a1d" relativeResultsDirectory="d489227f-e3ed-4e19-8a43-e22d75586534">
    </UnitTestResult>
    <UnitTestResult executionId="3cc9d8ca-e964-4874-84b6-b3f37d6192f6" testId="d4f88441-5cab-151e-843a-75ed03e180e8" testName="ContentGetterSetsNewObjectContentOfTWithBaseHttpContent" computerName="GBLOCK-3-17" duration="00:00:00.0004088" startTime="2011-04-14T00:55:15.3411351-07:00" endTime="2011-04-14T00:55:15.3431353-07:00" testType="13cdc9d9-ddb5-4fa4-a97d-d965ccfc6d4b" outcome="Passed" testListId="8c84fa94-04c1-424b-9868-57a2d4851a1d" relativeResultsDirectory="3cc9d8ca-e964-4874-84b6-b3f37d6192f6">
    </UnitTestResult>
    <UnitTestResult executionId="9bfb4baa-5731-4d4f-b3b5-20be96531f2c" testId="bf819ab8-3b06-7bbb-5da0-2fc6b3ffc9c0" testName="ContentIsSettable" computerName="GBLOCK-3-17" duration="00:00:00.0003364" startTime="2011-04-14T00:55:15.3471357-07:00" endTime="2011-04-14T00:55:15.3521362-07:00" testType="13cdc9d9-ddb5-4fa4-a97d-d965ccfc6d4b" outcome="Passed" testListId="8c84fa94-04c1-424b-9868-57a2d4851a1d" relativeResultsDirectory="9bfb4baa-5731-4d4f-b3b5-20be96531f2c">
    </UnitTestResult>
    <UnitTestResult executionId="ee25bbb3-955b-4de1-938a-8275cb785e0f" testId="eabc0dd8-6e9b-6360-910e-08ed0bfbaae3" testName="ContentSetterSetsContentHttpResponseMessage" computerName="GBLOCK-3-17" duration="00:00:00.0003468" startTime="2011-04-14T00:55:15.3561366-07:00" endTime="2011-04-14T00:55:15.3571367-07:00" testType="13cdc9d9-ddb5-4fa4-a97d-d965ccfc6d4b" outcome="Passed" testListId="8c84fa94-04c1-424b-9868-57a2d4851a1d" relativeResultsDirectory="ee25bbb3-955b-4de1-938a-8275cb785e0f">
    </UnitTestResult>
    <UnitTestResult executionId="caebf3c7-291c-4727-a13a-68a8ab60c02a" testId="f80fe207-0c24-c3ea-3fe9-12b6f7d97ed2" testName="TypeIsCorrect" computerName="GBLOCK-3-17" duration="00:00:00.0005100" startTime="2011-04-14T00:55:15.3591369-07:00" endTime="2011-04-14T00:55:15.3611371-07:00" testType="13cdc9d9-ddb5-4fa4-a97d-d965ccfc6d4b" outcome="Passed" testListId="8c84fa94-04c1-424b-9868-57a2d4851a1d" relativeResultsDirectory="caebf3c7-291c-4727-a13a-68a8ab60c02a">
    </UnitTestResult>
    <UnitTestResult executionId="a7d970ef-8a8f-4814-b239-b7afc5afccb9" testId="61baba43-f09d-bc5d-b600-0f3157e72fef" testName="UnitTestClassIsCorrect" computerName="GBLOCK-3-17" duration="00:00:00.0022191" startTime="2011-04-14T00:55:15.3641374-07:00" endTime="2011-04-14T00:55:15.3661376-07:00" testType="13cdc9d9-ddb5-4fa4-a97d-d965ccfc6d4b" outcome="Passed" testListId="8c84fa94-04c1-424b-9868-57a2d4851a1d" relativeResultsDirectory="a7d970ef-8a8f-4814-b239-b7afc5afccb9">
    </UnitTestResult>
    <UnitTestResult executionId="346d6b61-9f2d-48c9-8f34-c0f16fe52795" testId="fc220089-2fae-e915-4151-04fff78a31a2" testName="ServiceHost_Ctors" computerName="GBLOCK-3-17" duration="00:00:00.0026079" startTime="2011-04-14T00:55:15.3691379-07:00" endTime="2011-04-14T00:55:15.3731383-07:00" testType="13cdc9d9-ddb5-4fa4-a97d-d965ccfc6d4b" outcome="Passed" testListId="8c84fa94-04c1-424b-9868-57a2d4851a1d" relativeResultsDirectory="346d6b61-9f2d-48c9-8f34-c0f16fe52795">
    </UnitTestResult>
    <UnitTestResult executionId="4f31244b-489a-4fd5-baa4-29f9d4192d22" testId="b716af4b-b9db-6ff4-e6de-aaa11c2d77bd" testName="ServiceHost_Ctors_With_Nulls_Throw" computerName="GBLOCK-3-17" duration="00:00:00.0008364" startTime="2011-04-14T00:55:15.3761386-07:00" endTime="2011-04-14T00:55:15.3781388-07:00" testType="13cdc9d9-ddb5-4fa4-a97d-d965ccfc6d4b" outcome="Passed" testListId="8c84fa94-04c1-424b-9868-57a2d4851a1d" relativeResultsDirectory="4f31244b-489a-4fd5-baa4-29f9d4192d22">
    </UnitTestResult>
    <UnitTestResult executionId="df2627e1-c1bf-4ff0-828f-4ada88b0632d" testId="7a4c32cc-619d-76f4-9f2e-a1e65f36f6c0" testName="ServiceHost_Explicit_Add_Endpoint_Without_Behavior" computerName="GBLOCK-3-17" duration="00:00:00.3009806" startTime="2011-04-14T00:55:15.3801390-07:00" endTime="2011-04-14T00:55:15.6841694-07:00" testType="13cdc9d9-ddb5-4fa4-a97d-d965ccfc6d4b" outcome="Passed" testListId="8c84fa94-04c1-424b-9868-57a2d4851a1d" relativeResultsDirectory="df2627e1-c1bf-4ff0-828f-4ada88b0632d">
    </UnitTestResult>
    <UnitTestResult executionId="07de91e1-59ff-4484-965d-e8f05ae07dc1" testId="0c1ae598-ce2f-1154-e8fa-56c68a97164a" testName="ServiceHost_Works_With_OneWay_Operation" computerName="GBLOCK-3-17" duration="00:00:00.0156009" startTime="2011-04-14T00:55:15.6871697-07:00" endTime="2011-04-14T00:55:15.7041714-07:00" testType="13cdc9d9-ddb5-4fa4-a97d-d965ccfc6d4b" outcome="Passed" testListId="8c84fa94-04c1-424b-9868-57a2d4851a1d" relativeResultsDirectory="07de91e1-59ff-4484-965d-e8f05ae07dc1">
    </UnitTestResult>
    <UnitTestResult executionId="6e5c4309-294f-475f-b6b8-c2dce1767be5" testId="dc8c21ba-1f52-d330-b11c-f13d4d3a5825" testName="CanReadTypeReturnsExpectedValues" computerName="GBLOCK-3-17" duration="00:00:00.0471384" startTime="2011-04-14T00:55:15.7081718-07:00" endTime="2011-04-14T00:55:15.7561766-07:00" testType="13cdc9d9-ddb5-4fa4-a97d-d965ccfc6d4b" outcome="Passed" testListId="8c84fa94-04c1-424b-9868-57a2d4851a1d" relativeResultsDirectory="6e5c4309-294f-475f-b6b8-c2dce1767be5">
    </UnitTestResult>
    <UnitTestResult executionId="138ad61c-b226-4816-ab11-308c2c447ead" testId="72472e01-002a-2a00-2ab3-dd44052b957f" testName="Constructor" computerName="GBLOCK-3-17" duration="00:00:00.0031103" startTime="2011-04-14T00:55:15.7591769-07:00" endTime="2011-04-14T00:55:15.7631773-07:00" testType="13cdc9d9-ddb5-4fa4-a97d-d965ccfc6d4b" outcome="Passed" testListId="8c84fa94-04c1-424b-9868-57a2d4851a1d" relativeResultsDirectory="138ad61c-b226-4816-ab11-308c2c447ead">
    </UnitTestResult>
    <UnitTestResult executionId="4077bc5f-9c77-40f5-b050-3e7e6bf743bb" testId="71316403-a8c7-5b00-bb35-3bef40901945" testName="DefaultMediaTypeReturnsApplicationJson" computerName="GBLOCK-3-17" duration="00:00:00.0002763" startTime="2011-04-14T00:55:15.7661776-07:00" endTime="2011-04-14T00:55:15.7671777-07:00" testType="13cdc9d9-ddb5-4fa4-a97d-d965ccfc6d4b" outcome="Passed" testListId="8c84fa94-04c1-424b-9868-57a2d4851a1d" relativeResultsDirectory="4077bc5f-9c77-40f5-b050-3e7e6bf743bb">
    </UnitTestResult>
    <UnitTestResult executionId="81d1f55d-5ac6-416a-b82c-e1f335d89e23" testId="a9682a61-d490-06e7-25b2-367e497fefab" testName="ReadFromStreamAsyncRoundTripsWriteToStreamAsync" computerName="GBLOCK-3-17" duration="00:00:00.0175060" startTime="2011-04-14T00:55:15.7691779-07:00" endTime="2011-04-14T00:55:15.7901800-07:00" testType="13cdc9d9-ddb5-4fa4-a97d-d965ccfc6d4b" outcome="Passed" testListId="8c84fa94-04c1-424b-9868-57a2d4851a1d" relativeResultsDirectory="81d1f55d-5ac6-416a-b82c-e1f335d89e23">
    </UnitTestResult>
    <UnitTestResult executionId="79d5d2ee-96b2-44ca-a4f6-0c3dd095a2bc" testId="8daf9afb-3a83-6a87-26fc-0260a7813b40" testName="ReadFromStreamRoundTripsWriteToStream" computerName="GBLOCK-3-17" duration="00:00:00.2896837" startTime="2011-04-14T00:55:15.7941804-07:00" endTime="2011-04-14T00:55:16.0842094-07:00" testType="13cdc9d9-ddb5-4fa4-a97d-d965ccfc6d4b" outcome="Passed" testListId="8c84fa94-04c1-424b-9868-57a2d4851a1d" relativeResultsDirectory="79d5d2ee-96b2-44ca-a4f6-0c3dd095a2bc">
    </UnitTestResult>
    <UnitTestResult executionId="41664610-6b53-4014-9aef-493c29e73493" testId="a15d5cc9-12f0-e016-a487-867576b2c529" testName="RemoveSerializerThrowsWithNullType" computerName="GBLOCK-3-17" duration="00:00:00.0008052" startTime="2011-04-14T00:55:16.0872097-07:00" endTime="2011-04-14T00:55:16.0882098-07:00" testType="13cdc9d9-ddb5-4fa4-a97d-d965ccfc6d4b" outcome="Passed" testListId="8c84fa94-04c1-424b-9868-57a2d4851a1d" relativeResultsDirectory="41664610-6b53-4014-9aef-493c29e73493">
    </UnitTestResult>
    <UnitTestResult executionId="e3019ae4-b1d0-41cb-9e65-a9f320615c4d" testId="d8b55c29-bdcb-3e96-d37c-90aaa6c91c8d" testName="SetSerializer1ThrowsWithNullSerializer" computerName="GBLOCK-3-17" duration="00:00:00.0008068" startTime="2011-04-14T00:55:16.0912101-07:00" endTime="2011-04-14T00:55:16.0922102-07:00" testType="13cdc9d9-ddb5-4fa4-a97d-d965ccfc6d4b" outcome="Passed" testListId="8c84fa94-04c1-424b-9868-57a2d4851a1d" relativeResultsDirectory="e3019ae4-b1d0-41cb-9e65-a9f320615c4d">
    </UnitTestResult>
    <UnitTestResult executionId="7da8e434-c795-46e6-ae37-bca1e5ae5ab5" testId="5b035ccb-710f-4b2a-20d3-81cf4dca64d2" testName="SetSerializerThrowsWithNullSerializer" computerName="GBLOCK-3-17" duration="00:00:00.0004688" startTime="2011-04-14T00:55:16.0952105-07:00" endTime="2011-04-14T00:55:16.0962106-07:00" testType="13cdc9d9-ddb5-4fa4-a97d-d965ccfc6d4b" outcome="Passed" testListId="8c84fa94-04c1-424b-9868-57a2d4851a1d" relativeResultsDirectory="7da8e434-c795-46e6-ae37-bca1e5ae5ab5">
    </UnitTestResult>
    <UnitTestResult executionId="31dd18b7-ae42-4aae-b401-c9ca92a90934" testId="93ac5e19-fc4b-4418-1995-c625d750d655" testName="SetSerializerThrowsWithNullType" computerName="GBLOCK-3-17" duration="00:00:00.0006089" startTime="2011-04-14T00:55:16.0982108-07:00" endTime="2011-04-14T00:55:16.1022112-07:00" testType="13cdc9d9-ddb5-4fa4-a97d-d965ccfc6d4b" outcome="Passed" testListId="8c84fa94-04c1-424b-9868-57a2d4851a1d" relativeResultsDirectory="31dd18b7-ae42-4aae-b401-c9ca92a90934">
    </UnitTestResult>
    <UnitTestResult executionId="3a5951d0-a9ec-4ecd-8078-2433cd90bc87" testId="6da08855-b87c-d6c7-7f6b-f2fa06ffed09" testName="TypeIsCorrect" computerName="GBLOCK-3-17" duration="00:00:00.0005023" startTime="2011-04-14T00:55:16.1042114-07:00" endTime="2011-04-14T00:55:16.1052115-07:00" testType="13cdc9d9-ddb5-4fa4-a97d-d965ccfc6d4b" outcome="Passed" testListId="8c84fa94-04c1-424b-9868-57a2d4851a1d" relativeResultsDirectory="3a5951d0-a9ec-4ecd-8078-2433cd90bc87">
    </UnitTestResult>
    <UnitTestResult executionId="71f1cbad-0148-4554-a05f-81f8da6fb416" testId="fbe27a04-ed05-1c89-6428-8082f3dd90af" testName="UnitTestClassIsCorrect" computerName="GBLOCK-3-17" duration="00:00:00.0020840" startTime="2011-04-14T00:55:16.1082118-07:00" endTime="2011-04-14T00:55:16.1112121-07:00" testType="13cdc9d9-ddb5-4fa4-a97d-d965ccfc6d4b" outcome="Passed" testListId="8c84fa94-04c1-424b-9868-57a2d4851a1d" relativeResultsDirectory="71f1cbad-0148-4554-a05f-81f8da6fb416">
    </UnitTestResult>
    <UnitTestResult executionId="ac6ea670-d856-4220-af6f-362d3e9cb401" testId="b417a7ca-1698-176a-ad2f-071e2a5f4efc" testName="Constructor" computerName="GBLOCK-3-17" duration="00:00:00.0030987" startTime="2011-04-14T00:55:16.1152125-07:00" endTime="2011-04-14T00:55:16.1202130-07:00" testType="13cdc9d9-ddb5-4fa4-a97d-d965ccfc6d4b" outcome="Passed" testListId="8c84fa94-04c1-424b-9868-57a2d4851a1d" relativeResultsDirectory="ac6ea670-d856-4220-af6f-362d3e9cb401">
    </UnitTestResult>
    <UnitTestResult executionId="2a0461b5-d6c0-479b-a049-e36c7aae077c" testId="a7042f0f-0cc2-1306-d553-e65d739042f0" testName="Constructor1" computerName="GBLOCK-3-17" duration="00:00:00.0012398" startTime="2011-04-14T00:55:16.1232133-07:00" endTime="2011-04-14T00:55:16.1252135-07:00" testType="13cdc9d9-ddb5-4fa4-a97d-d965ccfc6d4b" outcome="Passed" testListId="8c84fa94-04c1-424b-9868-57a2d4851a1d" relativeResultsDirectory="2a0461b5-d6c0-479b-a049-e36c7aae077c">
    </UnitTestResult>
    <UnitTestResult executionId="a297d456-a467-4053-9d8f-11e0f20d3cb0" testId="ced080d8-17b9-5a4f-e66a-bb0eaa74c3d3" testName="Constructor1ThrowsWithEmptyMediaRange" computerName="GBLOCK-3-17" duration="00:00:00.0020736" startTime="2011-04-14T00:55:16.1282138-07:00" endTime="2011-04-14T00:55:16.1302140-07:00" testType="13cdc9d9-ddb5-4fa4-a97d-d965ccfc6d4b" outcome="Passed" testListId="8c84fa94-04c1-424b-9868-57a2d4851a1d" relativeResultsDirectory="a297d456-a467-4053-9d8f-11e0f20d3cb0">
    </UnitTestResult>
    <UnitTestResult executionId="d8ee8ebd-f732-4a82-a339-683d7411b6aa" testId="9a08d95a-13a2-7dee-5673-b1181b02739d" testName="Constructor1ThrowsWithEmptyMediaType" computerName="GBLOCK-3-17" duration="00:00:00.0013796" startTime="2011-04-14T00:55:16.1332143-07:00" endTime="2011-04-14T00:55:16.1352145-07:00" testType="13cdc9d9-ddb5-4fa4-a97d-d965ccfc6d4b" outcome="Passed" testListId="8c84fa94-04c1-424b-9868-57a2d4851a1d" relativeResultsDirectory="d8ee8ebd-f732-4a82-a339-683d7411b6aa">
    </UnitTestResult>
    <UnitTestResult executionId="b1cf69da-1d32-4c50-8cfc-9d875c80ecbd" testId="336f1c2d-eec1-ac77-cfe0-140038cf12e8" testName="Constructor1ThrowsWithIllegalMediaRange" computerName="GBLOCK-3-17" duration="00:00:00.0014943" startTime="2011-04-14T00:55:16.1372147-07:00" endTime="2011-04-14T00:55:16.1412151-07:00" testType="13cdc9d9-ddb5-4fa4-a97d-d965ccfc6d4b" outcome="Passed" testListId="8c84fa94-04c1-424b-9868-57a2d4851a1d" relativeResultsDirectory="b1cf69da-1d32-4c50-8cfc-9d875c80ecbd">
    </UnitTestResult>
    <UnitTestResult executionId="99c6d18c-f7ec-458c-9030-b9491a4c71f9" testId="ca485b30-169b-793c-d534-5b16632bac5d" testName="ConstructorThrowsWithIllegalMediaRange" computerName="GBLOCK-3-17" duration="00:00:00.0015759" startTime="2011-04-14T00:55:16.1442154-07:00" endTime="2011-04-14T00:55:16.1492159-07:00" testType="13cdc9d9-ddb5-4fa4-a97d-d965ccfc6d4b" outcome="Passed" testListId="8c84fa94-04c1-424b-9868-57a2d4851a1d" relativeResultsDirectory="99c6d18c-f7ec-458c-9030-b9491a4c71f9">
    </UnitTestResult>
    <UnitTestResult executionId="d989ab36-4823-44ca-bd48-e5e0d669a7c9" testId="d1cf06be-387e-10b9-ede0-12d37630d3b9" testName="ConstructorThrowsWithNullMediaRange" computerName="GBLOCK-3-17" duration="00:00:00.0009103" startTime="2011-04-14T00:55:16.1522162-07:00" endTime="2011-04-14T00:55:16.1552165-07:00" testType="13cdc9d9-ddb5-4fa4-a97d-d965ccfc6d4b" outcome="Passed" testListId="8c84fa94-04c1-424b-9868-57a2d4851a1d" relativeResultsDirectory="d989ab36-4823-44ca-bd48-e5e0d669a7c9">
    </UnitTestResult>
    <UnitTestResult executionId="59cae3f9-6a2a-419d-8ce5-f097ece2512d" testId="b411b51c-fd28-1ed2-92de-c0bb804f8529" testName="ConstructorThrowsWithNullMediaType" computerName="GBLOCK-3-17" duration="00:00:00.0012603" startTime="2011-04-14T00:55:16.1582168-07:00" endTime="2011-04-14T00:55:16.1602170-07:00" testType="13cdc9d9-ddb5-4fa4-a97d-d965ccfc6d4b" outcome="Passed" testListId="8c84fa94-04c1-424b-9868-57a2d4851a1d" relativeResultsDirectory="59cae3f9-6a2a-419d-8ce5-f097ece2512d">
    </UnitTestResult>
    <UnitTestResult executionId="88b166bc-d221-4332-8247-bf3d4e53c836" testId="4d50205b-99db-fdf4-23f0-92338d45e6fa" testName="SupportsMediaType1ReturnsFalseWithMediaRangeNotInAcceptHeader" computerName="GBLOCK-3-17" duration="00:00:00.0021117" startTime="2011-04-14T00:55:16.1632173-07:00" endTime="2011-04-14T00:55:16.1652175-07:00" testType="13cdc9d9-ddb5-4fa4-a97d-d965ccfc6d4b" outcome="Passed" testListId="8c84fa94-04c1-424b-9868-57a2d4851a1d" relativeResultsDirectory="88b166bc-d221-4332-8247-bf3d4e53c836">
    </UnitTestResult>
    <UnitTestResult executionId="f8fe8bb7-4e63-4c94-b829-81abdee96bdc" testId="0f7f2b0a-930d-b02c-945d-482143abd835" testName="SupportsMediaType1ReturnsTrueWithMediaRangeInAcceptHeader" computerName="GBLOCK-3-17" duration="00:00:00.0017434" startTime="2011-04-14T00:55:16.1682178-07:00" endTime="2011-04-14T00:55:16.1702180-07:00" testType="13cdc9d9-ddb5-4fa4-a97d-d965ccfc6d4b" outcome="Passed" testListId="8c84fa94-04c1-424b-9868-57a2d4851a1d" relativeResultsDirectory="f8fe8bb7-4e63-4c94-b829-81abdee96bdc">
    </UnitTestResult>
    <UnitTestResult executionId="fcc942d0-e1aa-4e1b-abbb-347da0bc4029" testId="fc331cbc-efe0-7bd7-bfe1-75b31927b50e" testName="SupportsMediaType1ThrowsWithNullHttpResponseMessage" computerName="GBLOCK-3-17" duration="00:00:00.0018862" startTime="2011-04-14T00:55:16.1732183-07:00" endTime="2011-04-14T00:55:16.1762186-07:00" testType="13cdc9d9-ddb5-4fa4-a97d-d965ccfc6d4b" outcome="Passed" testListId="8c84fa94-04c1-424b-9868-57a2d4851a1d" relativeResultsDirectory="fcc942d0-e1aa-4e1b-abbb-347da0bc4029">
    </UnitTestResult>
    <UnitTestResult executionId="f957eca9-50dc-405d-a1ba-f6d94784371a" testId="220aefdd-9270-a0a6-e780-faf7d8c8e36d" testName="SupportsMediaType1ThrowsWithNullRequestInHttpResponseMessage" computerName="GBLOCK-3-17" duration="00:00:00.0019647" startTime="2011-04-14T00:55:16.1792189-07:00" endTime="2011-04-14T00:55:16.1812191-07:00" testType="13cdc9d9-ddb5-4fa4-a97d-d965ccfc6d4b" outcome="Passed" testListId="8c84fa94-04c1-424b-9868-57a2d4851a1d" relativeResultsDirectory="f957eca9-50dc-405d-a1ba-f6d94784371a">
    </UnitTestResult>
    <UnitTestResult executionId="ad608ebc-4361-4599-977a-833889067c16" testId="8f921ca6-1fda-a03a-9c76-f66b19332898" testName="SupportsMediaTypeReturnsFalseAlways" computerName="GBLOCK-3-17" duration="00:00:00.0007560" startTime="2011-04-14T00:55:16.1832193-07:00" endTime="2011-04-14T00:55:16.1852195-07:00" testType="13cdc9d9-ddb5-4fa4-a97d-d965ccfc6d4b" outcome="Passed" testListId="8c84fa94-04c1-424b-9868-57a2d4851a1d" relativeResultsDirectory="ad608ebc-4361-4599-977a-833889067c16">
    </UnitTestResult>
    <UnitTestResult executionId="d9515e02-aeff-42d9-ba08-79a309c2cb3b" testId="e1e9ee33-62a9-33a7-9529-37c159b8030f" testName="SupportsMediaTypeThrowsWithNullHttpRequestMessage" computerName="GBLOCK-3-17" duration="00:00:00.0014500" startTime="2011-04-14T00:55:16.1872197-07:00" endTime="2011-04-14T00:55:16.1892199-07:00" testType="13cdc9d9-ddb5-4fa4-a97d-d965ccfc6d4b" outcome="Passed" testListId="8c84fa94-04c1-424b-9868-57a2d4851a1d" relativeResultsDirectory="d9515e02-aeff-42d9-ba08-79a309c2cb3b">
    </UnitTestResult>
    <UnitTestResult executionId="e2fcd86f-4ecd-4bf4-8036-da098409f33c" testId="208d3d67-c614-fdee-e7ac-f14be5861b9b" testName="TypeIsCorrect" computerName="GBLOCK-3-17" duration="00:00:00.0005851" startTime="2011-04-14T00:55:16.1912201-07:00" endTime="2011-04-14T00:55:16.1932203-07:00" testType="13cdc9d9-ddb5-4fa4-a97d-d965ccfc6d4b" outcome="Passed" testListId="8c84fa94-04c1-424b-9868-57a2d4851a1d" relativeResultsDirectory="e2fcd86f-4ecd-4bf4-8036-da098409f33c">
    </UnitTestResult>
    <UnitTestResult executionId="3dd888f4-4ea9-4609-bb3b-3b363078b877" testId="c91ce4ca-0cea-759c-e005-3714ae733d83" testName="UnitTestClassIsCorrect" computerName="GBLOCK-3-17" duration="00:00:00.0023689" startTime="2011-04-14T00:55:16.1952205-07:00" endTime="2011-04-14T00:55:16.1982208-07:00" testType="13cdc9d9-ddb5-4fa4-a97d-d965ccfc6d4b" outcome="Passed" testListId="8c84fa94-04c1-424b-9868-57a2d4851a1d" relativeResultsDirectory="3dd888f4-4ea9-4609-bb3b-3b363078b877">
    </UnitTestResult>
    <UnitTestResult executionId="b1719f6b-9116-4dca-8c71-446eafe1e4c0" testId="82dc611f-dfb2-21bb-9d58-2fad313ceb9d" testName="Constructor" computerName="GBLOCK-3-17" duration="00:00:00.0003618" startTime="2011-04-14T00:55:16.2002210-07:00" endTime="2011-04-14T00:55:16.2022212-07:00" testType="13cdc9d9-ddb5-4fa4-a97d-d965ccfc6d4b" outcome="Passed" testListId="8c84fa94-04c1-424b-9868-57a2d4851a1d" relativeResultsDirectory="b1719f6b-9116-4dca-8c71-446eafe1e4c0">
    </UnitTestResult>
    <UnitTestResult executionId="a34806b3-a71d-407c-89a8-85943925ab13" testId="39ba0709-c411-1db1-3a9a-e4af8c41669e" testName="Constructor1" computerName="GBLOCK-3-17" duration="00:00:00.0013392" startTime="2011-04-14T00:55:16.2042214-07:00" endTime="2011-04-14T00:55:16.2162226-07:00" testType="13cdc9d9-ddb5-4fa4-a97d-d965ccfc6d4b" outcome="Failed" testListId="8c84fa94-04c1-424b-9868-57a2d4851a1d" relativeResultsDirectory="a34806b3-a71d-407c-89a8-85943925ab13">
      <Output>
        <ErrorInfo>
          <Message>Assert.IsNotNull failed. XmlFormatter was not set.</Message>
          <StackTrace>   at Microsoft.ApplicationServer.Http.MediaTypeFormatterCollectionTests.Constructor1() in F:\advisorsrepo\wcfhttp\Http\Test\Microsoft.ApplicationServer.Http\Unit\Microsoft\ApplicationServer\Http\MediaTypeFormatterCollectionTests.cs:line 62
</StackTrace>
        </ErrorInfo>
      </Output>
    </UnitTestResult>
    <UnitTestResult executionId="29f6d0f6-aee6-4d76-ad71-17d19813b9f3" testId="22d15df2-54ab-69b2-416d-0992dcccb8bf" testName="Constructor1AcceptsDuplicateFormatterTypes" computerName="GBLOCK-3-17" duration="00:00:00.0014027" startTime="2011-04-14T00:55:16.2192229-07:00" endTime="2011-04-14T00:55:16.2282238-07:00" testType="13cdc9d9-ddb5-4fa4-a97d-d965ccfc6d4b" outcome="Passed" testListId="8c84fa94-04c1-424b-9868-57a2d4851a1d" relativeResultsDirectory="29f6d0f6-aee6-4d76-ad71-17d19813b9f3">
    </UnitTestResult>
    <UnitTestResult executionId="9c81852b-0a69-48a2-baa5-5fcbd9545e70" testId="f1a496c4-1265-c9e3-0a3e-14e10cc26c2f" testName="Constructor1SetsDerivedFormatters" computerName="GBLOCK-3-17" duration="00:00:00.0003079" startTime="2011-04-14T00:55:16.2312241-07:00" endTime="2011-04-14T00:55:16.2322242-07:00" testType="13cdc9d9-ddb5-4fa4-a97d-d965ccfc6d4b" outcome="Passed" testListId="8c84fa94-04c1-424b-9868-57a2d4851a1d" relativeResultsDirectory="9c81852b-0a69-48a2-baa5-5fcbd9545e70">
    </UnitTestResult>
    <UnitTestResult executionId="97dd27f4-aaa8-4115-9cef-f7879b3df663" testId="d5703d24-52b7-81ad-bc88-69c1ff0b1e2e" testName="Constructor1ThrowsWithNullFormatterInCollection" computerName="GBLOCK-3-17" duration="00:00:00.0015867" startTime="2011-04-14T00:55:16.2352245-07:00" endTime="2011-04-14T00:55:16.2372247-07:00" testType="13cdc9d9-ddb5-4fa4-a97d-d965ccfc6d4b" outcome="Passed" testListId="8c84fa94-04c1-424b-9868-57a2d4851a1d" relativeResultsDirectory="97dd27f4-aaa8-4115-9cef-f7879b3df663">
    </UnitTestResult>
    <UnitTestResult executionId="e08182b0-0bc7-4da9-9e6a-6746afb4eac2" testId="ca08a655-5170-f5ba-398a-1b995eb8ef76" testName="Constructor1ThrowsWithNullFormatters" computerName="GBLOCK-3-17" duration="00:00:00.0004138" startTime="2011-04-14T00:55:16.2402250-07:00" endTime="2011-04-14T00:55:16.2412251-07:00" testType="13cdc9d9-ddb5-4fa4-a97d-d965ccfc6d4b" outcome="Passed" testListId="8c84fa94-04c1-424b-9868-57a2d4851a1d" relativeResultsDirectory="e08182b0-0bc7-4da9-9e6a-6746afb4eac2">
    </UnitTestResult>
    <UnitTestResult executionId="ce204762-2019-4c0a-a4da-9fa2b6594244" testId="b2699a73-c8b5-352b-8a14-ecb6c727e7a0" testName="InsertSetsJsonFormatter" computerName="GBLOCK-3-17" duration="00:00:00.0387128" startTime="2011-04-14T00:55:16.2432253-07:00" endTime="2011-04-14T00:55:16.2882298-07:00" testType="13cdc9d9-ddb5-4fa4-a97d-d965ccfc6d4b" outcome="Passed" testListId="8c84fa94-04c1-424b-9868-57a2d4851a1d" relativeResultsDirectory="ce204762-2019-4c0a-a4da-9fa2b6594244">
    </UnitTestResult>
    <UnitTestResult executionId="64eb166f-6c66-4cbe-ad54-4587911a8d04" testId="ad3df325-e7ba-6824-08f3-61a336fa8917" testName="InsertSetsXmlFormatter" computerName="GBLOCK-3-17" duration="00:00:00.0039957" startTime="2011-04-14T00:55:16.3012311-07:00" endTime="2011-04-14T00:55:16.3192329-07:00" testType="13cdc9d9-ddb5-4fa4-a97d-d965ccfc6d4b" outcome="Passed" testListId="8c84fa94-04c1-424b-9868-57a2d4851a1d" relativeResultsDirectory="64eb166f-6c66-4cbe-ad54-4587911a8d04">
    </UnitTestResult>
    <UnitTestResult executionId="12f8d6e3-8496-4d42-b640-7c1188165c7b" testId="b1ed85c9-367d-4957-564c-eb2af73d4ea2" testName="RemoveSetsJsonFormatter" computerName="GBLOCK-3-17" duration="00:00:00.0016340" startTime="2011-04-14T00:55:16.3232333-07:00" endTime="2011-04-14T00:55:16.3352345-07:00" testType="13cdc9d9-ddb5-4fa4-a97d-d965ccfc6d4b" outcome="Passed" testListId="8c84fa94-04c1-424b-9868-57a2d4851a1d" relativeResultsDirectory="12f8d6e3-8496-4d42-b640-7c1188165c7b">
    </UnitTestResult>
    <UnitTestResult executionId="a4f020a1-0b54-40f5-a4bb-c9100eb79c23" testId="e87195f5-eeb3-9f5f-6061-3e853946ae6e" testName="RemoveSetsXmlFormatter" computerName="GBLOCK-3-17" duration="00:00:00.0005015" startTime="2011-04-14T00:55:16.3382348-07:00" endTime="2011-04-14T00:55:16.3392349-07:00" testType="13cdc9d9-ddb5-4fa4-a97d-d965ccfc6d4b" outcome="Passed" testListId="8c84fa94-04c1-424b-9868-57a2d4851a1d" relativeResultsDirectory="a4f020a1-0b54-40f5-a4bb-c9100eb79c23">
    </UnitTestResult>
    <UnitTestResult executionId="9049ced4-1d2c-4ba5-a8d5-96db4a9d30e0" testId="eb29e57e-a249-1ad9-2eeb-8889f130a2bf" testName="TypeIsCorrect" computerName="GBLOCK-3-17" duration="00:00:00.0005851" startTime="2011-04-14T00:55:16.3412351-07:00" endTime="2011-04-14T00:55:16.3432353-07:00" testType="13cdc9d9-ddb5-4fa4-a97d-d965ccfc6d4b" outcome="Passed" testListId="8c84fa94-04c1-424b-9868-57a2d4851a1d" relativeResultsDirectory="9049ced4-1d2c-4ba5-a8d5-96db4a9d30e0">
    </UnitTestResult>
    <UnitTestResult executionId="f4365b17-3e45-4137-a917-d153ddbf8226" testId="5fa23aa9-996f-f7ef-bdd9-3baf3a686605" testName="UnitTestClassIsCorrect" computerName="GBLOCK-3-17" duration="00:00:00.0019481" startTime="2011-04-14T00:55:16.3452355-07:00" endTime="2011-04-14T00:55:16.3482358-07:00" testType="13cdc9d9-ddb5-4fa4-a97d-d965ccfc6d4b" outcome="Passed" testListId="8c84fa94-04c1-424b-9868-57a2d4851a1d" relativeResultsDirectory="f4365b17-3e45-4137-a917-d153ddbf8226">
    </UnitTestResult>
    <UnitTestResult executionId="175e3bd7-ba86-45a4-a3e1-6c6560a82820" testId="0341001a-b385-7d46-65b7-03daab49d4d1" testName="AddMediaRangeMapping1ThrowsWithNullThis" computerName="GBLOCK-3-17" duration="00:00:00.0007775" startTime="2011-04-14T00:55:16.3502360-07:00" endTime="2011-04-14T00:55:16.3522362-07:00" testType="13cdc9d9-ddb5-4fa4-a97d-d965ccfc6d4b" outcome="Passed" testListId="8c84fa94-04c1-424b-9868-57a2d4851a1d" relativeResultsDirectory="175e3bd7-ba86-45a4-a3e1-6c6560a82820">
    </UnitTestResult>
    <UnitTestResult executionId="0fc866db-bd80-493a-b12a-69070e8fadaa" testId="4d93a656-208a-14c0-683e-86805301db11" testName="AddMediaRangeMappingThrowsWithNullThis" computerName="GBLOCK-3-17" duration="00:00:00.0009885" startTime="2011-04-14T00:55:16.3552365-07:00" endTime="2011-04-14T00:55:16.3572367-07:00" testType="13cdc9d9-ddb5-4fa4-a97d-d965ccfc6d4b" outcome="Passed" testListId="8c84fa94-04c1-424b-9868-57a2d4851a1d" relativeResultsDirectory="0fc866db-bd80-493a-b12a-69070e8fadaa">
    </UnitTestResult>
    <UnitTestResult executionId="ab6926c0-9ab6-4cf1-8c27-78fb345b530f" testId="60cf16ea-563e-7ce1-9d88-adfcd5488f6e" testName="AddQueryStringMapping1ThrowsWithNullThis" computerName="GBLOCK-3-17" duration="00:00:00.0009203" startTime="2011-04-14T00:55:16.3592369-07:00" endTime="2011-04-14T00:55:16.3612371-07:00" testType="13cdc9d9-ddb5-4fa4-a97d-d965ccfc6d4b" outcome="Passed" testListId="8c84fa94-04c1-424b-9868-57a2d4851a1d" relativeResultsDirectory="ab6926c0-9ab6-4cf1-8c27-78fb345b530f">
    </UnitTestResult>
    <UnitTestResult executionId="5da591f1-a48c-47f2-ad7e-a429b15194c7" testId="b6d9ba44-f271-a150-fb3c-16d66b34f1b7" testName="AddQueryStringMappingThrowsWithNullThis" computerName="GBLOCK-3-17" duration="00:00:00.0009334" startTime="2011-04-14T00:55:16.3632373-07:00" endTime="2011-04-14T00:55:16.3652375-07:00" testType="13cdc9d9-ddb5-4fa4-a97d-d965ccfc6d4b" outcome="Passed" testListId="8c84fa94-04c1-424b-9868-57a2d4851a1d" relativeResultsDirectory="5da591f1-a48c-47f2-ad7e-a429b15194c7">
    </UnitTestResult>
    <UnitTestResult executionId="ea0a81d6-9796-4142-bda6-bc1658f790dc" testId="b05b6d23-23c3-534e-6813-5c855e9f98c5" testName="AddUriPathExtensionMapping1ThrowsWithNullThis" computerName="GBLOCK-3-17" duration="00:00:00.0007606" startTime="2011-04-14T00:55:16.3672377-07:00" endTime="2011-04-14T00:55:16.3692379-07:00" testType="13cdc9d9-ddb5-4fa4-a97d-d965ccfc6d4b" outcome="Passed" testListId="8c84fa94-04c1-424b-9868-57a2d4851a1d" relativeResultsDirectory="ea0a81d6-9796-4142-bda6-bc1658f790dc">
    </UnitTestResult>
    <UnitTestResult executionId="1511a6fd-3963-4c7c-8bc4-f63d4206c565" testId="c427d411-c8d0-ab21-e21e-c4683cebd50a" testName="AddUriPathExtensionMappingThrowsWithNullThis" computerName="GBLOCK-3-17" duration="00:00:00.0014408" startTime="2011-04-14T00:55:16.3722382-07:00" endTime="2011-04-14T00:55:16.3732383-07:00" testType="13cdc9d9-ddb5-4fa4-a97d-d965ccfc6d4b" outcome="Passed" testListId="8c84fa94-04c1-424b-9868-57a2d4851a1d" relativeResultsDirectory="1511a6fd-3963-4c7c-8bc4-f63d4206c565">
    </UnitTestResult>
    <UnitTestResult executionId="94092513-207d-4c82-95f4-471c1f154aa0" testId="cbe5fa2b-5746-cfe2-8616-f73ab14a9fae" testName="TypeIsCorrect" computerName="GBLOCK-3-17" duration="00:00:00.0011586" startTime="2011-04-14T00:55:16.3762386-07:00" endTime="2011-04-14T00:55:16.3782388-07:00" testType="13cdc9d9-ddb5-4fa4-a97d-d965ccfc6d4b" outcome="Passed" testListId="8c84fa94-04c1-424b-9868-57a2d4851a1d" relativeResultsDirectory="94092513-207d-4c82-95f4-471c1f154aa0">
    </UnitTestResult>
    <UnitTestResult executionId="0443e4ec-9c48-441f-93da-176ada416e2b" testId="0e565888-2647-686d-4231-9d0b501f9bab" testName="UnitTestClassIsCorrect" computerName="GBLOCK-3-17" duration="00:00:00.0014300" startTime="2011-04-14T00:55:16.3812391-07:00" endTime="2011-04-14T00:55:16.3832393-07:00" testType="13cdc9d9-ddb5-4fa4-a97d-d965ccfc6d4b" outcome="Passed" testListId="8c84fa94-04c1-424b-9868-57a2d4851a1d" relativeResultsDirectory="0443e4ec-9c48-441f-93da-176ada416e2b">
    </UnitTestResult>
    <UnitTestResult executionId="e96c063e-b5f1-4b75-a5b5-41daf4d2ccbd" testId="dcab3ea3-1833-775e-3373-ebe195f18383" testName="CanReadAs1ReturnsTrue" computerName="GBLOCK-3-17" duration="00:00:00.0042051" startTime="2011-04-14T00:55:16.3852395-07:00" endTime="2011-04-14T00:55:16.3902400-07:00" testType="13cdc9d9-ddb5-4fa4-a97d-d965ccfc6d4b" outcome="Passed" testListId="8c84fa94-04c1-424b-9868-57a2d4851a1d" relativeResultsDirectory="e96c063e-b5f1-4b75-a5b5-41daf4d2ccbd">
    </UnitTestResult>
    <UnitTestResult executionId="c48f9dfe-2482-42ca-b94d-89d41286ffb9" testId="1d4ad57c-d407-0626-f6b4-fd3516c569b9" testName="CanReadAs1ThrowsWithNullContent" computerName="GBLOCK-3-17" duration="00:00:00.0006397" startTime="2011-04-14T00:55:16.4012411-07:00" endTime="2011-04-14T00:55:16.4022412-07:00" testType="13cdc9d9-ddb5-4fa4-a97d-d965ccfc6d4b" outcome="Passed" testListId="8c84fa94-04c1-424b-9868-57a2d4851a1d" relativeResultsDirectory="c48f9dfe-2482-42ca-b94d-89d41286ffb9">
    </UnitTestResult>
    <UnitTestResult executionId="1d79e8a2-7429-49fa-89b0-247fe95f60b5" testId="abf26b52-c8c8-00a7-753b-c16c739c1804" testName="CanReadAs2ReturnsTrue" computerName="GBLOCK-3-17" duration="00:00:00.0034537" startTime="2011-04-14T00:55:16.4052415-07:00" endTime="2011-04-14T00:55:16.4092419-07:00" testType="13cdc9d9-ddb5-4fa4-a97d-d965ccfc6d4b" outcome="Passed" testListId="8c84fa94-04c1-424b-9868-57a2d4851a1d" relativeResultsDirectory="1d79e8a2-7429-49fa-89b0-247fe95f60b5">
    </UnitTestResult>
    <UnitTestResult executionId="bdd9cbe1-d570-4b72-a6a6-9bc6c1649c46" testId="9435d6a7-9387-e914-05aa-366285b55a16" testName="CanReadAs2ThrowsWithNullContent" computerName="GBLOCK-3-17" duration="00:00:00.0010797" startTime="2011-04-14T00:55:16.4122422-07:00" endTime="2011-04-14T00:55:16.4142424-07:00" testType="13cdc9d9-ddb5-4fa4-a97d-d965ccfc6d4b" outcome="Passed" testListId="8c84fa94-04c1-424b-9868-57a2d4851a1d" relativeResultsDirectory="bdd9cbe1-d570-4b72-a6a6-9bc6c1649c46">
    </UnitTestResult>
    <UnitTestResult executionId="fe43c8b0-4e93-4466-9c19-a3b0187a2270" testId="6ca4a300-ca78-a799-f8ec-c9f99514b6d6" testName="CanReadAsReturnsTrue" computerName="GBLOCK-3-17" duration="00:00:00.0457711" startTime="2011-04-14T00:55:16.4172427-07:00" endTime="2011-04-14T00:55:16.4632473-07:00" testType="13cdc9d9-ddb5-4fa4-a97d-d965ccfc6d4b" outcome="Passed" testListId="8c84fa94-04c1-424b-9868-57a2d4851a1d" relativeResultsDirectory="fe43c8b0-4e93-4466-9c19-a3b0187a2270">
    </UnitTestResult>
    <UnitTestResult executionId="e2432bd3-c243-4f90-8273-93a5d1c3e8fb" testId="ebc721cd-48ad-ac5c-86d0-2d87fa71c54e" testName="CanReadAsThrowsWithNullContent" computerName="GBLOCK-3-17" duration="00:00:00.0005604" startTime="2011-04-14T00:55:16.4672477-07:00" endTime="2011-04-14T00:55:16.4682478-07:00" testType="13cdc9d9-ddb5-4fa4-a97d-d965ccfc6d4b" outcome="Passed" testListId="8c84fa94-04c1-424b-9868-57a2d4851a1d" relativeResultsDirectory="e2432bd3-c243-4f90-8273-93a5d1c3e8fb">
    </UnitTestResult>
    <UnitTestResult executionId="4e993281-0638-4574-96ae-4b44eb45f3e4" testId="da471b82-8922-cb78-8dee-49889bc4f7e5" testName="CanReadAsThrowsWithNullType" computerName="GBLOCK-3-17" duration="00:00:00.0013176" startTime="2011-04-14T00:55:16.4722482-07:00" endTime="2011-04-14T00:55:16.4732483-07:00" testType="13cdc9d9-ddb5-4fa4-a97d-d965ccfc6d4b" outcome="Passed" testListId="8c84fa94-04c1-424b-9868-57a2d4851a1d" relativeResultsDirectory="4e993281-0638-4574-96ae-4b44eb45f3e4">
    </UnitTestResult>
    <UnitTestResult executionId="e8d97b3c-dfc6-4f23-b5b4-69b51f176b84" testId="722d388c-f9da-caf0-a67f-8c472282b1ae" testName="CanWriteAs1ReturnsTrue" computerName="GBLOCK-3-17" duration="00:00:00.0030167" startTime="2011-04-14T00:55:16.4772487-07:00" endTime="2011-04-14T00:55:16.4802490-07:00" testType="13cdc9d9-ddb5-4fa4-a97d-d965ccfc6d4b" outcome="Passed" testListId="8c84fa94-04c1-424b-9868-57a2d4851a1d" relativeResultsDirectory="e8d97b3c-dfc6-4f23-b5b4-69b51f176b84">
    </UnitTestResult>
    <UnitTestResult executionId="54727a68-5637-46f2-bf58-6e7fe769e1b5" testId="1f98e9e4-a429-e84c-bb94-3c18ab8cd7c4" testName="CanWriteAs1ThrowsWithNullType" computerName="GBLOCK-3-17" duration="00:00:00.0005974" startTime="2011-04-14T00:55:16.4822492-07:00" endTime="2011-04-14T00:55:16.4842494-07:00" testType="13cdc9d9-ddb5-4fa4-a97d-d965ccfc6d4b" outcome="Passed" testListId="8c84fa94-04c1-424b-9868-57a2d4851a1d" relativeResultsDirectory="54727a68-5637-46f2-bf58-6e7fe769e1b5">
    </UnitTestResult>
    <UnitTestResult executionId="5f2f0790-cb1a-4aad-ba0a-50ee2ac8b78b" testId="776bf259-2f9d-d4cb-b03d-0543628cd066" testName="CanWriteAs2ReturnsTrue" computerName="GBLOCK-3-17" duration="00:00:00.0016048" startTime="2011-04-14T00:55:16.4872497-07:00" endTime="2011-04-14T00:55:16.4892499-07:00" testType="13cdc9d9-ddb5-4fa4-a97d-d965ccfc6d4b" outcome="Passed" testListId="8c84fa94-04c1-424b-9868-57a2d4851a1d" relativeResultsDirectory="5f2f0790-cb1a-4aad-ba0a-50ee2ac8b78b">
    </UnitTestResult>
    <UnitTestResult executionId="230697b2-daf3-4329-a1e3-4bf432202e79" testId="a28593e9-8eb7-2b33-d503-ff774ef4ab24" testName="CanWriteAs2ThrowsWithNullContent" computerName="GBLOCK-3-17" duration="00:00:00.0009916" startTime="2011-04-14T00:55:16.4912501-07:00" endTime="2011-04-14T00:55:16.4952505-07:00" testType="13cdc9d9-ddb5-4fa4-a97d-d965ccfc6d4b" outcome="Passed" testListId="8c84fa94-04c1-424b-9868-57a2d4851a1d" relativeResultsDirectory="230697b2-daf3-4329-a1e3-4bf432202e79">
    </UnitTestResult>
    <UnitTestResult executionId="98549318-2230-42ad-9cee-71e1280ee5a0" testId="675ddffd-ce74-5fbf-3d9e-d23b0c5c68fc" testName="CanWriteAsReturnsTrue" computerName="GBLOCK-3-17" duration="00:00:00.0017584" startTime="2011-04-14T00:55:16.4972507-07:00" endTime="2011-04-14T00:55:16.5002510-07:00" testType="13cdc9d9-ddb5-4fa4-a97d-d965ccfc6d4b" outcome="Passed" testListId="8c84fa94-04c1-424b-9868-57a2d4851a1d" relativeResultsDirectory="98549318-2230-42ad-9cee-71e1280ee5a0">
    </UnitTestResult>
    <UnitTestResult executionId="b3de50e9-6f1d-41e9-b220-c34f0206f249" testId="a3127698-dd39-7d05-aef8-60028061d902" testName="CanWriteAsThrowsWithNullContent" computerName="GBLOCK-3-17" duration="00:00:00.0005435" startTime="2011-04-14T00:55:16.5032513-07:00" endTime="2011-04-14T00:55:16.5042514-07:00" testType="13cdc9d9-ddb5-4fa4-a97d-d965ccfc6d4b" outcome="Passed" testListId="8c84fa94-04c1-424b-9868-57a2d4851a1d" relativeResultsDirectory="b3de50e9-6f1d-41e9-b220-c34f0206f249">
    </UnitTestResult>
    <UnitTestResult executionId="af85f28c-40e8-423a-a817-0e5624a6b487" testId="c50e87f6-2b22-76ac-f112-cbc3ebdad5c6" testName="Constructor" computerName="GBLOCK-3-17" duration="00:00:00.0012572" startTime="2011-04-14T00:55:16.5072517-07:00" endTime="2011-04-14T00:55:16.5172527-07:00" testType="13cdc9d9-ddb5-4fa4-a97d-d965ccfc6d4b" outcome="Passed" testListId="8c84fa94-04c1-424b-9868-57a2d4851a1d" relativeResultsDirectory="af85f28c-40e8-423a-a817-0e5624a6b487">
    </UnitTestResult>
    <UnitTestResult executionId="c306e4af-9f62-4830-81a5-1956f196d826" testId="7bcd2c7b-2731-2acb-382d-1de83659b174" testName="MediaTypeMappingsIsMutable" computerName="GBLOCK-3-17" duration="00:00:00.0039537" startTime="2011-04-14T00:55:16.5212531-07:00" endTime="2011-04-14T00:55:16.5342544-07:00" testType="13cdc9d9-ddb5-4fa4-a97d-d965ccfc6d4b" outcome="Passed" testListId="8c84fa94-04c1-424b-9868-57a2d4851a1d" relativeResultsDirectory="c306e4af-9f62-4830-81a5-1956f196d826">
    </UnitTestResult>
    <UnitTestResult executionId="6231cef7-a5d6-4693-ae4f-2379454ad25d" testId="49d4b46c-a6a8-a0e5-8fde-e96ad58e5717" testName="ReadFromStreamAsyncCallsOnReadFromStreamAsync" computerName="GBLOCK-3-17" duration="00:00:00.0026075" startTime="2011-04-14T00:55:16.5372547-07:00" endTime="2011-04-14T00:55:16.5492559-07:00" testType="13cdc9d9-ddb5-4fa4-a97d-d965ccfc6d4b" outcome="Passed" testListId="8c84fa94-04c1-424b-9868-57a2d4851a1d" relativeResultsDirectory="6231cef7-a5d6-4693-ae4f-2379454ad25d">
    </UnitTestResult>
    <UnitTestResult executionId="7740bc92-56d7-4fdf-b2b4-d2e2c8a6af00" testId="77bb2a2c-7105-891e-8ac5-1aaed917e0a0" testName="ReadFromStreamAsyncCallsOnReadFromStreamInTask" computerName="GBLOCK-3-17" duration="00:00:00.0036758" startTime="2011-04-14T00:55:16.5522562-07:00" endTime="2011-04-14T00:55:16.5662576-07:00" testType="13cdc9d9-ddb5-4fa4-a97d-d965ccfc6d4b" outcome="Passed" testListId="8c84fa94-04c1-424b-9868-57a2d4851a1d" relativeResultsDirectory="7740bc92-56d7-4fdf-b2b4-d2e2c8a6af00">
    </UnitTestResult>
    <UnitTestResult executionId="c8140c9d-13d2-4d4a-b349-20291cb94fce" testId="d9d97bf3-6d1b-4638-d264-99c5a38737fb" testName="ReadFromStreamCallsOnReadFromStream" computerName="GBLOCK-3-17" duration="00:00:00.0011078" startTime="2011-04-14T00:55:16.5712581-07:00" endTime="2011-04-14T00:55:16.5752585-07:00" testType="13cdc9d9-ddb5-4fa4-a97d-d965ccfc6d4b" outcome="Passed" testListId="8c84fa94-04c1-424b-9868-57a2d4851a1d" relativeResultsDirectory="c8140c9d-13d2-4d4a-b349-20291cb94fce">
    </UnitTestResult>
    <UnitTestResult executionId="f81de12b-889d-4a20-9467-1f2474853581" testId="858242ba-2075-b912-7ef1-b74a4950dd82" testName="SupportedMediaTypesAddThrowsWithMediaRange" computerName="GBLOCK-3-17" duration="00:00:00.0013072" startTime="2011-04-14T00:55:16.5792589-07:00" endTime="2011-04-14T00:55:16.5812591-07:00" testType="13cdc9d9-ddb5-4fa4-a97d-d965ccfc6d4b" outcome="Passed" testListId="8c84fa94-04c1-424b-9868-57a2d4851a1d" relativeResultsDirectory="f81de12b-889d-4a20-9467-1f2474853581">
    </UnitTestResult>
    <UnitTestResult executionId="3a42f6f4-5117-4e77-a429-2468e254e4e1" testId="84608604-bbdf-c8b8-8436-ac10de25dc59" testName="SupportedMediaTypesAddThrowsWithNullMediaType" computerName="GBLOCK-3-17" duration="00:00:00.0005427" startTime="2011-04-14T00:55:16.5842594-07:00" endTime="2011-04-14T00:55:16.5852595-07:00" testType="13cdc9d9-ddb5-4fa4-a97d-d965ccfc6d4b" outcome="Passed" testListId="8c84fa94-04c1-424b-9868-57a2d4851a1d" relativeResultsDirectory="3a42f6f4-5117-4e77-a429-2468e254e4e1">
    </UnitTestResult>
    <UnitTestResult executionId="a5eaf304-a9a8-4931-8afa-a38edfa911df" testId="75aead32-e99b-0c02-df8e-1e7d383226a2" testName="SupportedMediaTypesInsertThrowsWithMediaRange" computerName="GBLOCK-3-17" duration="00:00:00.0010089" startTime="2011-04-14T00:55:16.5892599-07:00" endTime="2011-04-14T00:55:16.5912601-07:00" testType="13cdc9d9-ddb5-4fa4-a97d-d965ccfc6d4b" outcome="Passed" testListId="8c84fa94-04c1-424b-9868-57a2d4851a1d" relativeResultsDirectory="a5eaf304-a9a8-4931-8afa-a38edfa911df">
    </UnitTestResult>
    <UnitTestResult executionId="332f8176-1dc6-417a-a45a-2109a48ea567" testId="76e11545-c08b-0b20-17ce-11069f42b7e4" testName="SupportedMediaTypesInsertThrowsWithNullMediaType" computerName="GBLOCK-3-17" duration="00:00:00.0006085" startTime="2011-04-14T00:55:16.5932603-07:00" endTime="2011-04-14T00:55:16.5952605-07:00" testType="13cdc9d9-ddb5-4fa4-a97d-d965ccfc6d4b" outcome="Passed" testListId="8c84fa94-04c1-424b-9868-57a2d4851a1d" relativeResultsDirectory="332f8176-1dc6-417a-a45a-2109a48ea567">
    </UnitTestResult>
    <UnitTestResult executionId="b24df74a-bd7a-44c4-8f24-38d5153d8db3" testId="b9e10cae-a880-4e84-7150-1723bbfe11de" testName="SupportedMediaTypesIsMutable" computerName="GBLOCK-3-17" duration="00:00:00.0005339" startTime="2011-04-14T00:55:16.5982608-07:00" endTime="2011-04-14T00:55:16.5992609-07:00" testType="13cdc9d9-ddb5-4fa4-a97d-d965ccfc6d4b" outcome="Passed" testListId="8c84fa94-04c1-424b-9868-57a2d4851a1d" relativeResultsDirectory="b24df74a-bd7a-44c4-8f24-38d5153d8db3">
    </UnitTestResult>
    <UnitTestResult executionId="6d0ae5d2-14b6-4c44-9ae9-a72581ddc6d3" testId="45d1f76c-9205-e4fd-beac-dd46879f686a" testName="TypeIsCorrect" computerName="GBLOCK-3-17" duration="00:00:00.0003529" startTime="2011-04-14T00:55:16.6022612-07:00" endTime="2011-04-14T00:55:16.6042614-07:00" testType="13cdc9d9-ddb5-4fa4-a97d-d965ccfc6d4b" outcome="Passed" testListId="8c84fa94-04c1-424b-9868-57a2d4851a1d" relativeResultsDirectory="6d0ae5d2-14b6-4c44-9ae9-a72581ddc6d3">
    </UnitTestResult>
    <UnitTestResult executionId="1765c229-5000-4a80-a343-68a4b800532f" testId="34100be6-f59f-bbd4-ecd6-808bfb549f94" testName="UnitTestClassIsCorrect" computerName="GBLOCK-3-17" duration="00:00:00.0039075" startTime="2011-04-14T00:55:16.6062616-07:00" endTime="2011-04-14T00:55:16.6122622-07:00" testType="13cdc9d9-ddb5-4fa4-a97d-d965ccfc6d4b" outcome="Passed" testListId="8c84fa94-04c1-424b-9868-57a2d4851a1d" relativeResultsDirectory="1765c229-5000-4a80-a343-68a4b800532f">
    </UnitTestResult>
    <UnitTestResult executionId="bb30322d-4171-4d02-848d-bdb7e371b14f" testId="d4efaf74-b269-5f8e-95b3-7720ba686a77" testName="WriteToStreamAsyncCallsOnWriteToStreamAsync" computerName="GBLOCK-3-17" duration="00:00:00.0019462" startTime="2011-04-14T00:55:16.6142624-07:00" endTime="2011-04-14T00:55:16.6172627-07:00" testType="13cdc9d9-ddb5-4fa4-a97d-d965ccfc6d4b" outcome="Passed" testListId="8c84fa94-04c1-424b-9868-57a2d4851a1d" relativeResultsDirectory="bb30322d-4171-4d02-848d-bdb7e371b14f">
    </UnitTestResult>
    <UnitTestResult executionId="4b560ae2-b610-4347-bd0f-b723f7b537d9" testId="50155e1f-9aff-d0aa-0d7b-e82b3e296275" testName="WriteToStreamAsyncCallsOnWriteToStreamInTask" computerName="GBLOCK-3-17" duration="00:00:00.0019404" startTime="2011-04-14T00:55:16.6202630-07:00" endTime="2011-04-14T00:55:16.6232633-07:00" testType="13cdc9d9-ddb5-4fa4-a97d-d965ccfc6d4b" outcome="Passed" testListId="8c84fa94-04c1-424b-9868-57a2d4851a1d" relativeResultsDirectory="4b560ae2-b610-4347-bd0f-b723f7b537d9">
    </UnitTestResult>
    <UnitTestResult executionId="622e2d9b-6a66-4cf8-ad80-b47dca735f8d" testId="0b722106-0daa-c3e3-7807-6132cac0938f" testName="WriteToStreamCallsOnWriteToStream" computerName="GBLOCK-3-17" duration="00:00:00.0011632" startTime="2011-04-14T00:55:16.6262636-07:00" endTime="2011-04-14T00:55:16.6292639-07:00" testType="13cdc9d9-ddb5-4fa4-a97d-d965ccfc6d4b" outcome="Passed" testListId="8c84fa94-04c1-424b-9868-57a2d4851a1d" relativeResultsDirectory="622e2d9b-6a66-4cf8-ad80-b47dca735f8d">
    </UnitTestResult>
    <UnitTestResult executionId="03284eac-2a48-4d01-b91a-972d1def78af" testId="7c994539-54ce-f364-12c9-12e479b91a04" testName="Compare_Returns_0_For_MediaTypeHeaderValues_Differ_By_Non_Q_Parameters" computerName="GBLOCK-3-17" duration="00:00:00.0014677" startTime="2011-04-14T00:55:16.6312641-07:00" endTime="2011-04-14T00:55:16.6362646-07:00" testType="13cdc9d9-ddb5-4fa4-a97d-d965ccfc6d4b" outcome="Passed" testListId="8c84fa94-04c1-424b-9868-57a2d4851a1d" relativeResultsDirectory="03284eac-2a48-4d01-b91a-972d1def78af">
    </UnitTestResult>
    <UnitTestResult executionId="20c759df-740f-43bf-a83c-d32bae4522b3" testId="e59e5101-237c-4555-644b-64602650536f" testName="Compare_Returns_0_For_MediaTypeHeaderValues_Differing_Only_By_Case" computerName="GBLOCK-3-17" duration="00:00:00.0006594" startTime="2011-04-14T00:55:16.6382648-07:00" endTime="2011-04-14T00:55:16.6402650-07:00" testType="13cdc9d9-ddb5-4fa4-a97d-d965ccfc6d4b" outcome="Passed" testListId="8c84fa94-04c1-424b-9868-57a2d4851a1d" relativeResultsDirectory="20c759df-740f-43bf-a83c-d32bae4522b3">
    </UnitTestResult>
    <UnitTestResult executionId="ce51989b-2f01-4ea1-986b-58d02b4dffab" testId="eef38d6b-b3b9-cf5b-355f-4e1071ae258d" testName="Compare_Returns_0_For_MediaTypeHeaderValues_With_Same_Q_Value" computerName="GBLOCK-3-17" duration="00:00:00.0048983" startTime="2011-04-14T00:55:16.6432653-07:00" endTime="2011-04-14T00:55:16.6492659-07:00" testType="13cdc9d9-ddb5-4fa4-a97d-d965ccfc6d4b" outcome="Passed" testListId="8c84fa94-04c1-424b-9868-57a2d4851a1d" relativeResultsDirectory="ce51989b-2f01-4ea1-986b-58d02b4dffab">
    </UnitTestResult>
    <UnitTestResult executionId="e2d4ae89-025d-4b97-80fc-e23d25a5f622" testId="1e5a149b-b7ab-ef42-1cfd-14a42711753b" testName="Compare_Returns_0_For_Same_MediaTypeHeaderValue" computerName="GBLOCK-3-17" duration="00:00:00.0007783" startTime="2011-04-14T00:55:16.6522662-07:00" endTime="2011-04-14T00:55:16.6542664-07:00" testType="13cdc9d9-ddb5-4fa4-a97d-d965ccfc6d4b" outcome="Passed" testListId="8c84fa94-04c1-424b-9868-57a2d4851a1d" relativeResultsDirectory="e2d4ae89-025d-4b97-80fc-e23d25a5f622">
    </UnitTestResult>
    <UnitTestResult executionId="1c5b50d2-4856-468f-86e4-cdcc0185469d" testId="83ed5712-5601-591b-1392-6a00f12b4a7c" testName="Compare_Returns_1_If_MediaType1_Has_Smaller_Q_Value" computerName="GBLOCK-3-17" duration="00:00:00.0051158" startTime="2011-04-14T00:55:16.6572667-07:00" endTime="2011-04-14T00:55:16.6642674-07:00" testType="13cdc9d9-ddb5-4fa4-a97d-d965ccfc6d4b" outcome="Passed" testListId="8c84fa94-04c1-424b-9868-57a2d4851a1d" relativeResultsDirectory="1c5b50d2-4856-468f-86e4-cdcc0185469d">
    </UnitTestResult>
    <UnitTestResult executionId="8b2006dd-ee71-40f9-9d40-167420d93c9e" testId="cc22da32-8e1c-0d49-be1d-e34c7a4949fc" testName="Compare_Returns_1_If_Q_Value_Is_Same_But_MediaType1_Is_Media_Range" computerName="GBLOCK-3-17" duration="00:00:00.0032581" startTime="2011-04-14T00:55:16.6672677-07:00" endTime="2011-04-14T00:55:16.6712681-07:00" testType="13cdc9d9-ddb5-4fa4-a97d-d965ccfc6d4b" outcome="Passed" testListId="8c84fa94-04c1-424b-9868-57a2d4851a1d" relativeResultsDirectory="8b2006dd-ee71-40f9-9d40-167420d93c9e">
    </UnitTestResult>
    <UnitTestResult executionId="4b0ca0ab-715e-40b4-a5c5-85039a2bfe87" testId="9370f000-ddf5-1f5d-2c4b-b3735fa045de" testName="Compare_Returns_Negative_1_If_MediaType1_Has_Larger_Q_Value" computerName="GBLOCK-3-17" duration="00:00:00.0047956" startTime="2011-04-14T00:55:16.6742684-07:00" endTime="2011-04-14T00:55:16.6802690-07:00" testType="13cdc9d9-ddb5-4fa4-a97d-d965ccfc6d4b" outcome="Passed" testListId="8c84fa94-04c1-424b-9868-57a2d4851a1d" relativeResultsDirectory="4b0ca0ab-715e-40b4-a5c5-85039a2bfe87">
    </UnitTestResult>
    <UnitTestResult executionId="bf7965bb-8249-47dc-ae72-6dd8c9f9151a" testId="1c50c0de-4519-197b-71ea-fd9a57c54159" testName="Compare_Returns_Negative_1_If_Q_Value_Is_Same_But_MediaType2_Is_Media_Range" computerName="GBLOCK-3-17" duration="00:00:00.0031318" startTime="2011-04-14T00:55:16.6832693-07:00" endTime="2011-04-14T00:55:16.6872697-07:00" testType="13cdc9d9-ddb5-4fa4-a97d-d965ccfc6d4b" outcome="Passed" testListId="8c84fa94-04c1-424b-9868-57a2d4851a1d" relativeResultsDirectory="bf7965bb-8249-47dc-ae72-6dd8c9f9151a">
    </UnitTestResult>
    <UnitTestResult executionId="8a65a051-6007-4b7c-bdb8-407a372e25eb" testId="34eff23b-677b-173e-005a-b6f1c509710a" testName="Comparer_Returns_MediaTypeHeadeValueComparer" computerName="GBLOCK-3-17" duration="00:00:00.0002213" startTime="2011-04-14T00:55:16.6902700-07:00" endTime="2011-04-14T00:55:16.6912701-07:00" testType="13cdc9d9-ddb5-4fa4-a97d-d965ccfc6d4b" outcome="Passed" testListId="8c84fa94-04c1-424b-9868-57a2d4851a1d" relativeResultsDirectory="8a65a051-6007-4b7c-bdb8-407a372e25eb">
    </UnitTestResult>
    <UnitTestResult executionId="8969f350-3e28-49f5-b702-6c9031935f46" testId="824966d9-c04d-c68e-419e-057dc1bd1a8d" testName="EqualityComparer_Returns_MediaTypeHeadeValueEqualityComparer" computerName="GBLOCK-3-17" duration="00:00:00.0005650" startTime="2011-04-14T00:55:16.6932703-07:00" endTime="2011-04-14T00:55:16.6952705-07:00" testType="13cdc9d9-ddb5-4fa4-a97d-d965ccfc6d4b" outcome="Passed" testListId="8c84fa94-04c1-424b-9868-57a2d4851a1d" relativeResultsDirectory="8969f350-3e28-49f5-b702-6c9031935f46">
    </UnitTestResult>
    <UnitTestResult executionId="026ff285-1fc4-44c9-856d-3c013415f3e9" testId="b9720b37-eb2a-b2e7-aac6-095af08de331" testName="Equals_Returns_False_If_MediaTypes_Differ_By_More_Than_Case" computerName="GBLOCK-3-17" duration="00:00:00.0004014" startTime="2011-04-14T00:55:16.6982708-07:00" endTime="2011-04-14T00:55:16.6992709-07:00" testType="13cdc9d9-ddb5-4fa4-a97d-d965ccfc6d4b" outcome="Passed" testListId="8c84fa94-04c1-424b-9868-57a2d4851a1d" relativeResultsDirectory="026ff285-1fc4-44c9-856d-3c013415f3e9">
    </UnitTestResult>
    <UnitTestResult executionId="0632c4d9-1347-412a-84c7-0d2628884bab" testId="aab3631c-f53b-2a3e-3c60-eddafc437266" testName="Equals_Returns_True_If_MediaTypes_Differ_Only_By_Case" computerName="GBLOCK-3-17" duration="00:00:00.0010143" startTime="2011-04-14T00:55:16.7022712-07:00" endTime="2011-04-14T00:55:16.7032713-07:00" testType="13cdc9d9-ddb5-4fa4-a97d-d965ccfc6d4b" outcome="Passed" testListId="8c84fa94-04c1-424b-9868-57a2d4851a1d" relativeResultsDirectory="0632c4d9-1347-412a-84c7-0d2628884bab">
    </UnitTestResult>
    <UnitTestResult executionId="6af75475-2ab0-4fd0-a364-2ac852f185c1" testId="20b698b2-30a2-ce28-0297-61292449a39c" testName="GetHashCode_Returns_Different_Hash_Code_For_Different_Media_Type" computerName="GBLOCK-3-17" duration="00:00:00.0011067" startTime="2011-04-14T00:55:16.7062716-07:00" endTime="2011-04-14T00:55:16.7082718-07:00" testType="13cdc9d9-ddb5-4fa4-a97d-d965ccfc6d4b" outcome="Passed" testListId="8c84fa94-04c1-424b-9868-57a2d4851a1d" relativeResultsDirectory="6af75475-2ab0-4fd0-a364-2ac852f185c1">
    </UnitTestResult>
    <UnitTestResult executionId="8adb23e7-8ef0-437e-bc9d-d735c43174ec" testId="f80bb932-ad0d-f3e7-d69c-5b51fefda49e" testName="GetHashCode_Returns_Same_Hash_Code_Regardless_Of_Case" computerName="GBLOCK-3-17" duration="00:00:00.0009627" startTime="2011-04-14T00:55:16.7112721-07:00" endTime="2011-04-14T00:55:16.7122722-07:00" testType="13cdc9d9-ddb5-4fa4-a97d-d965ccfc6d4b" outcome="Passed" testListId="8c84fa94-04c1-424b-9868-57a2d4851a1d" relativeResultsDirectory="8adb23e7-8ef0-437e-bc9d-d735c43174ec">
    </UnitTestResult>
    <UnitTestResult executionId="5a3990ac-9c99-43a8-b0b5-734fbc43b761" testId="c4c0e5ae-a7e7-e1d8-4c76-47772a7efbb8" testName="IsMediaRange_Returns_False_For_Non_Media_Ranges" computerName="GBLOCK-3-17" duration="00:00:00.0009238" startTime="2011-04-14T00:55:16.7152725-07:00" endTime="2011-04-14T00:55:16.7182728-07:00" testType="13cdc9d9-ddb5-4fa4-a97d-d965ccfc6d4b" outcome="Passed" testListId="8c84fa94-04c1-424b-9868-57a2d4851a1d" relativeResultsDirectory="5a3990ac-9c99-43a8-b0b5-734fbc43b761">
    </UnitTestResult>
    <UnitTestResult executionId="339d1e41-4aeb-4700-b8c1-4bd9eaeb05f9" testId="d5b1fcc6-6bba-9282-5bf9-218a902fbde1" testName="IsMediaRange_Returns_True_For_Media_Ranges" computerName="GBLOCK-3-17" duration="00:00:00.0014265" startTime="2011-04-14T00:55:16.7212731-07:00" endTime="2011-04-14T00:55:16.7332743-07:00" testType="13cdc9d9-ddb5-4fa4-a97d-d965ccfc6d4b" outcome="Passed" testListId="8c84fa94-04c1-424b-9868-57a2d4851a1d" relativeResultsDirectory="339d1e41-4aeb-4700-b8c1-4bd9eaeb05f9">
    </UnitTestResult>
    <UnitTestResult executionId="3994e5c0-44ab-4350-86c9-1f4d90e3df8c" testId="2fe57b50-957a-a3c6-926a-890027626ce8" testName="IsWithinMediaRange_Returns_False_When_Charset_Is_Different" computerName="GBLOCK-3-17" duration="00:00:00.0007929" startTime="2011-04-14T00:55:16.7382748-07:00" endTime="2011-04-14T00:55:16.7492759-07:00" testType="13cdc9d9-ddb5-4fa4-a97d-d965ccfc6d4b" outcome="Passed" testListId="8c84fa94-04c1-424b-9868-57a2d4851a1d" relativeResultsDirectory="3994e5c0-44ab-4350-86c9-1f4d90e3df8c">
    </UnitTestResult>
    <UnitTestResult executionId="b5f89f63-9bdc-4164-a886-8854d34071c4" testId="40a8a6d7-c80b-7c82-f9cd-09bb545bf40e" testName="IsWithinMediaRange_Returns_False_When_SubType_Is_Different" computerName="GBLOCK-3-17" duration="00:00:00.0002694" startTime="2011-04-14T00:55:16.7632773-07:00" endTime="2011-04-14T00:55:16.7672777-07:00" testType="13cdc9d9-ddb5-4fa4-a97d-d965ccfc6d4b" outcome="Passed" testListId="8c84fa94-04c1-424b-9868-57a2d4851a1d" relativeResultsDirectory="b5f89f63-9bdc-4164-a886-8854d34071c4">
    </UnitTestResult>
    <UnitTestResult executionId="009ce961-f68a-44d4-83af-6c6832122ff4" testId="83849ae5-feb5-a21b-8923-be3696ead3ff" testName="IsWithinMediaRange_Returns_False_When_Type_Is_Different" computerName="GBLOCK-3-17" duration="00:00:00.0009073" startTime="2011-04-14T00:55:16.7702780-07:00" endTime="2011-04-14T00:55:16.7722782-07:00" testType="13cdc9d9-ddb5-4fa4-a97d-d965ccfc6d4b" outcome="Passed" testListId="8c84fa94-04c1-424b-9868-57a2d4851a1d" relativeResultsDirectory="009ce961-f68a-44d4-83af-6c6832122ff4">
    </UnitTestResult>
    <UnitTestResult executionId="ac019123-9c9a-441a-852b-a135f05bbee5" testId="5ad5c8bf-09f3-06d0-652c-5089f56ab06a" testName="IsWithinMediaRange_Returns_True_For_Media_Ranges" computerName="GBLOCK-3-17" duration="00:00:00.0002748" startTime="2011-04-14T00:55:16.7752785-07:00" endTime="2011-04-14T00:55:16.7762786-07:00" testType="13cdc9d9-ddb5-4fa4-a97d-d965ccfc6d4b" outcome="Passed" testListId="8c84fa94-04c1-424b-9868-57a2d4851a1d" relativeResultsDirectory="ac019123-9c9a-441a-852b-a135f05bbee5">
    </UnitTestResult>
    <UnitTestResult executionId="4a1f4cd8-5b47-41bb-ba34-ee4be2522ce1" testId="c08d0bd7-2680-49ec-49db-da9afed00137" testName="IsWithinMediaRange_Returns_True_For_Media_Ranges_Regardless_Of_Case" computerName="GBLOCK-3-17" duration="00:00:00.0003499" startTime="2011-04-14T00:55:16.7782788-07:00" endTime="2011-04-14T00:55:16.7812791-07:00" testType="13cdc9d9-ddb5-4fa4-a97d-d965ccfc6d4b" outcome="Passed" testListId="8c84fa94-04c1-424b-9868-57a2d4851a1d" relativeResultsDirectory="4a1f4cd8-5b47-41bb-ba34-ee4be2522ce1">
    </UnitTestResult>
    <UnitTestResult executionId="d184d6af-ffa7-4345-a920-b31c4e040760" testId="33c7a03f-dd60-1714-4753-466162484f1c" testName="IsWithinMediaRange_Returns_True_For_Media_Types_Equaivalent_To_The_Media_Range" computerName="GBLOCK-3-17" duration="00:00:00.0002228" startTime="2011-04-14T00:55:16.7842794-07:00" endTime="2011-04-14T00:55:16.7852795-07:00" testType="13cdc9d9-ddb5-4fa4-a97d-d965ccfc6d4b" outcome="Passed" testListId="8c84fa94-04c1-424b-9868-57a2d4851a1d" relativeResultsDirectory="d184d6af-ffa7-4345-a920-b31c4e040760">
    </UnitTestResult>
    <UnitTestResult executionId="eb552b11-4a2c-44f6-862e-33436ed37263" testId="bf1535cc-9979-5a63-10ce-2a8917553c35" testName="IsWithinMediaRange_Returns_True_For_Media_Types_More_Specific_Than_The_Media_Range" computerName="GBLOCK-3-17" duration="00:00:00.0002498" startTime="2011-04-14T00:55:16.7892799-07:00" endTime="2011-04-14T00:55:16.7902800-07:00" testType="13cdc9d9-ddb5-4fa4-a97d-d965ccfc6d4b" outcome="Passed" testListId="8c84fa94-04c1-424b-9868-57a2d4851a1d" relativeResultsDirectory="eb552b11-4a2c-44f6-862e-33436ed37263">
    </UnitTestResult>
    <UnitTestResult executionId="2248e3c8-19e6-4174-9f65-c84074049f31" testId="c98aa690-8aa5-b222-0ec9-dbe127e5edbe" testName="IsWithinMediaRange_Returns_True_For_Media_Types_That_Are_Equaivalent_Media_Ranges" computerName="GBLOCK-3-17" duration="00:00:00.0002090" startTime="2011-04-14T00:55:16.7932803-07:00" endTime="2011-04-14T00:55:16.7942804-07:00" testType="13cdc9d9-ddb5-4fa4-a97d-d965ccfc6d4b" outcome="Passed" testListId="8c84fa94-04c1-424b-9868-57a2d4851a1d" relativeResultsDirectory="2248e3c8-19e6-4174-9f65-c84074049f31">
    </UnitTestResult>
    <UnitTestResult executionId="dc7a561d-0e35-44bb-bcd6-640d476d2507" testId="bcb32315-67a5-988d-f6fd-a8b7f0651e29" testName="IsWithinMediaRange_Returns_True_For_Media_Types_With_Charset" computerName="GBLOCK-3-17" duration="00:00:00.0002663" startTime="2011-04-14T00:55:16.7972807-07:00" endTime="2011-04-14T00:55:16.7982808-07:00" testType="13cdc9d9-ddb5-4fa4-a97d-d965ccfc6d4b" outcome="Passed" testListId="8c84fa94-04c1-424b-9868-57a2d4851a1d" relativeResultsDirectory="dc7a561d-0e35-44bb-bcd6-640d476d2507">
    </UnitTestResult>
    <UnitTestResult executionId="4d5fc93c-6215-4f9f-ac36-13a038580e51" testId="e7255978-2842-5a3e-f6e5-5f444ec9a87b" testName="IsWithinMediaRange_Returns_True_For_Media_Types_With_Charset_And_Media_Ranges_With_Same_Charset" computerName="GBLOCK-3-17" duration="00:00:00.0002783" startTime="2011-04-14T00:55:16.8012811-07:00" endTime="2011-04-14T00:55:16.8022812-07:00" testType="13cdc9d9-ddb5-4fa4-a97d-d965ccfc6d4b" outcome="Passed" testListId="8c84fa94-04c1-424b-9868-57a2d4851a1d" relativeResultsDirectory="4d5fc93c-6215-4f9f-ac36-13a038580e51">
    </UnitTestResult>
    <UnitTestResult executionId="d1eb272e-2043-4f07-bb6d-ed4f9f8f71a4" testId="f745c16a-1507-ee64-e628-afe16a99f160" testName="IsWithinMediaRange_Returns_True_Regardless_Of_Media_Ranges_With_Charset" computerName="GBLOCK-3-17" duration="00:00:00.0008118" startTime="2011-04-14T00:55:16.8052815-07:00" endTime="2011-04-14T00:55:16.8072817-07:00" testType="13cdc9d9-ddb5-4fa4-a97d-d965ccfc6d4b" outcome="Passed" testListId="8c84fa94-04c1-424b-9868-57a2d4851a1d" relativeResultsDirectory="d1eb272e-2043-4f07-bb6d-ed4f9f8f71a4">
    </UnitTestResult>
    <UnitTestResult executionId="737ae7b1-f193-4b30-8013-86ae5acfe477" testId="410b1a75-80e7-7f39-639c-dc24d274a512" testName="Constructor" computerName="GBLOCK-3-17" duration="00:00:00.1069358" startTime="2011-04-14T00:55:16.8102820-07:00" endTime="2011-04-14T00:55:16.9222932-07:00" testType="13cdc9d9-ddb5-4fa4-a97d-d965ccfc6d4b" outcome="Passed" testListId="8c84fa94-04c1-424b-9868-57a2d4851a1d" relativeResultsDirectory="737ae7b1-f193-4b30-8013-86ae5acfe477">
    </UnitTestResult>
    <UnitTestResult executionId="d25813d8-470d-4910-86a1-79608b4afb55" testId="b4ce56c7-9110-c57f-cbc8-41faed4fd11f" testName="Constructor1" computerName="GBLOCK-3-17" duration="00:00:00.1391843" startTime="2011-04-14T00:55:16.9262936-07:00" endTime="2011-04-14T00:55:17.0803090-07:00" testType="13cdc9d9-ddb5-4fa4-a97d-d965ccfc6d4b" outcome="Passed" testListId="8c84fa94-04c1-424b-9868-57a2d4851a1d" relativeResultsDirectory="d25813d8-470d-4910-86a1-79608b4afb55">
    </UnitTestResult>
    <UnitTestResult executionId="bb2552a5-e905-4ee0-93e3-b15014fab75b" testId="1b9f07d9-5c5d-8a65-a1d3-19ccdfcb88eb" testName="Constructor1ConvertsNullValueTypeToDefault" computerName="GBLOCK-3-17" duration="00:00:00.0834096" startTime="2011-04-14T00:55:17.0833093-07:00" endTime="2011-04-14T00:55:17.1743184-07:00" testType="13cdc9d9-ddb5-4fa4-a97d-d965ccfc6d4b" outcome="Passed" testListId="8c84fa94-04c1-424b-9868-57a2d4851a1d" relativeResultsDirectory="bb2552a5-e905-4ee0-93e3-b15014fab75b">
    </UnitTestResult>
    <UnitTestResult executionId="ec47f469-72bd-40e1-a736-ddf18a814c2f" testId="9ad24d5a-b2b9-000a-9f3c-e120bd569adc" testName="Constructor1ThrowsWithEmptyMediaType" computerName="GBLOCK-3-17" duration="00:00:00.2569612" startTime="2011-04-14T00:55:17.1793189-07:00" endTime="2011-04-14T00:55:17.4373447-07:00" testType="13cdc9d9-ddb5-4fa4-a97d-d965ccfc6d4b" outcome="Passed" testListId="8c84fa94-04c1-424b-9868-57a2d4851a1d" relativeResultsDirectory="ec47f469-72bd-40e1-a736-ddf18a814c2f">
    </UnitTestResult>
    <UnitTestResult executionId="1effa185-f627-40fd-8e58-b9fb34ba694e" testId="ebf34ede-3229-9d17-6f03-39044c3fafc5" testName="Constructor1ThrowsWithHttpContentAsT" computerName="GBLOCK-3-17" duration="00:00:00.0117549" startTime="2011-04-14T00:55:17.4393449-07:00" endTime="2011-04-14T00:55:17.4543464-07:00" testType="13cdc9d9-ddb5-4fa4-a97d-d965ccfc6d4b" outcome="Passed" testListId="8c84fa94-04c1-424b-9868-57a2d4851a1d" relativeResultsDirectory="1effa185-f627-40fd-8e58-b9fb34ba694e">
    </UnitTestResult>
    <UnitTestResult executionId="9ac45a2e-3a09-4685-880e-a0c07bbeb439" testId="494eda6e-e0a1-b0f3-2e23-6c9bc4f8b3a0" testName="Constructor1ThrowsWithIllegalMediaType" computerName="GBLOCK-3-17" duration="00:00:00.1468327" startTime="2011-04-14T00:55:17.4573467-07:00" endTime="2011-04-14T00:55:17.6053615-07:00" testType="13cdc9d9-ddb5-4fa4-a97d-d965ccfc6d4b" outcome="Passed" testListId="8c84fa94-04c1-424b-9868-57a2d4851a1d" relativeResultsDirectory="9ac45a2e-3a09-4685-880e-a0c07bbeb439">
    </UnitTestResult>
    <UnitTestResult executionId="76dd12ef-fcc8-43dd-8695-4d8002d24af0" testId="701d7343-c0d9-403f-a3c7-a96171bca1ae" testName="Constructor2" computerName="GBLOCK-3-17" duration="00:00:00.1069469" startTime="2011-04-14T00:55:17.6083618-07:00" endTime="2011-04-14T00:55:17.7223732-07:00" testType="13cdc9d9-ddb5-4fa4-a97d-d965ccfc6d4b" outcome="Passed" testListId="8c84fa94-04c1-424b-9868-57a2d4851a1d" relativeResultsDirectory="76dd12ef-fcc8-43dd-8695-4d8002d24af0">
    </UnitTestResult>
    <UnitTestResult executionId="18c28bb2-deb8-4f17-8301-5982557affdc" testId="490a366b-7b34-5f58-bbbb-ec7dd2151e74" testName="Constructor2ConvertsNullValueTypeToDefault" computerName="GBLOCK-3-17" duration="00:00:00.0578425" startTime="2011-04-14T00:55:17.7243734-07:00" endTime="2011-04-14T00:55:17.7883798-07:00" testType="13cdc9d9-ddb5-4fa4-a97d-d965ccfc6d4b" outcome="Passed" testListId="8c84fa94-04c1-424b-9868-57a2d4851a1d" relativeResultsDirectory="18c28bb2-deb8-4f17-8301-5982557affdc">
    </UnitTestResult>
    <UnitTestResult executionId="9346ec7b-951a-4336-a7e6-e2c128504319" testId="e6011be0-f347-be5c-3c10-5345649bf92d" testName="Constructor2ThrowsWithHttpContentAsT" computerName="GBLOCK-3-17" duration="00:00:00.0107425" startTime="2011-04-14T00:55:17.7913801-07:00" endTime="2011-04-14T00:55:17.8033813-07:00" testType="13cdc9d9-ddb5-4fa4-a97d-d965ccfc6d4b" outcome="Passed" testListId="8c84fa94-04c1-424b-9868-57a2d4851a1d" relativeResultsDirectory="9346ec7b-951a-4336-a7e6-e2c128504319">
    </UnitTestResult>
    <UnitTestResult executionId="65939f38-a6ac-4982-8521-7b8b649a958f" testId="3198c8f1-e5d1-ddd4-4f1c-9ff612d5be0f" testName="Constructor2ThrowsWithNullMediaType" computerName="GBLOCK-3-17" duration="00:00:00.0013792" startTime="2011-04-14T00:55:17.8063816-07:00" endTime="2011-04-14T00:55:17.8083818-07:00" testType="13cdc9d9-ddb5-4fa4-a97d-d965ccfc6d4b" outcome="Passed" testListId="8c84fa94-04c1-424b-9868-57a2d4851a1d" relativeResultsDirectory="65939f38-a6ac-4982-8521-7b8b649a958f">
    </UnitTestResult>
    <UnitTestResult executionId="c15b8039-0c0c-4aef-980a-3ac92bf4af86" testId="0f50b03f-1d9d-8421-007b-251d1e438c23" testName="Constructor3" computerName="GBLOCK-3-17" duration="00:00:00.3014583" startTime="2011-04-14T00:55:17.8103820-07:00" endTime="2011-04-14T00:55:18.1184128-07:00" testType="13cdc9d9-ddb5-4fa4-a97d-d965ccfc6d4b" outcome="Passed" testListId="8c84fa94-04c1-424b-9868-57a2d4851a1d" relativeResultsDirectory="c15b8039-0c0c-4aef-980a-3ac92bf4af86">
    </UnitTestResult>
    <UnitTestResult executionId="be9058f8-3126-44e1-bbf7-ccb7d49e589a" testId="942c8fc5-be3f-05b0-6e1d-0d90c0c0a8e1" testName="Constructor3SetsContentHeadersWithHttpContent" computerName="GBLOCK-3-17" duration="00:00:00.0273339" startTime="2011-04-14T00:55:18.1214131-07:00" endTime="2011-04-14T00:55:18.1504160-07:00" testType="13cdc9d9-ddb5-4fa4-a97d-d965ccfc6d4b" outcome="Passed" testListId="8c84fa94-04c1-424b-9868-57a2d4851a1d" relativeResultsDirectory="be9058f8-3126-44e1-bbf7-ccb7d49e589a">
    </UnitTestResult>
    <UnitTestResult executionId="0d717164-ea5e-4fe0-8654-0418e777449d" testId="1b76f2f5-1e74-f8e5-6827-00963914a155" testName="Constructor3ThrowsWithHttpContentAsT" computerName="GBLOCK-3-17" duration="00:00:00.0038836" startTime="2011-04-14T00:55:18.1534163-07:00" endTime="2011-04-14T00:55:18.1584168-07:00" testType="13cdc9d9-ddb5-4fa4-a97d-d965ccfc6d4b" outcome="Passed" testListId="8c84fa94-04c1-424b-9868-57a2d4851a1d" relativeResultsDirectory="0d717164-ea5e-4fe0-8654-0418e777449d">
    </UnitTestResult>
    <UnitTestResult executionId="d966b3c0-70ca-475f-9183-386be7f92415" testId="c5700006-71d9-774b-0d26-23618dcc64a0" testName="Constructor3ThrowsWithNullHttpContent" computerName="GBLOCK-3-17" duration="00:00:00.0005504" startTime="2011-04-14T00:55:18.1604170-07:00" endTime="2011-04-14T00:55:18.1624172-07:00" testType="13cdc9d9-ddb5-4fa4-a97d-d965ccfc6d4b" outcome="Passed" testListId="8c84fa94-04c1-424b-9868-57a2d4851a1d" relativeResultsDirectory="d966b3c0-70ca-475f-9183-386be7f92415">
    </UnitTestResult>
    <UnitTestResult executionId="863b8e08-8fa5-4afa-ae9f-eff9dc94973d" testId="b7398987-515f-dc47-67a0-977d5bd9d294" testName="Constructor4" computerName="GBLOCK-3-17" duration="00:00:00.1747368" startTime="2011-04-14T00:55:18.1644174-07:00" endTime="2011-04-14T00:55:18.3464356-07:00" testType="13cdc9d9-ddb5-4fa4-a97d-d965ccfc6d4b" outcome="Passed" testListId="8c84fa94-04c1-424b-9868-57a2d4851a1d" relativeResultsDirectory="863b8e08-8fa5-4afa-ae9f-eff9dc94973d">
    </UnitTestResult>
    <UnitTestResult executionId="50ffca6d-1c54-47bd-a32e-f9d72776876a" testId="26f8ba42-ce90-9bc6-416d-918ae8340d80" testName="Constructor4ConvertsNullValueTypeToDefault" computerName="GBLOCK-3-17" duration="00:00:00.1035845" startTime="2011-04-14T00:55:18.3504360-07:00" endTime="2011-04-14T00:55:18.4684478-07:00" testType="13cdc9d9-ddb5-4fa4-a97d-d965ccfc6d4b" outcome="Passed" testListId="8c84fa94-04c1-424b-9868-57a2d4851a1d" relativeResultsDirectory="50ffca6d-1c54-47bd-a32e-f9d72776876a">
    </UnitTestResult>
    <UnitTestResult executionId="fcc911bf-8f52-4d6d-a515-57ba328dd710" testId="81a94f9b-ab2f-6ec6-f3a7-86580010cef1" testName="Constructor4ThrowsWithHttpContentAsT" computerName="GBLOCK-3-17" duration="00:00:00.0041993" startTime="2011-04-14T00:55:18.4714481-07:00" endTime="2011-04-14T00:55:18.4764486-07:00" testType="13cdc9d9-ddb5-4fa4-a97d-d965ccfc6d4b" outcome="Passed" testListId="8c84fa94-04c1-424b-9868-57a2d4851a1d" relativeResultsDirectory="fcc911bf-8f52-4d6d-a515-57ba328dd710">
    </UnitTestResult>
    <UnitTestResult executionId="1b495da2-d290-4c10-b3ae-1bc863dd8cd1" testId="5b9a4d0e-f5c6-a5ec-3eb5-b690e462e09f" testName="Constructor4ThrowsWithNullFormatters" computerName="GBLOCK-3-17" duration="00:00:00.0005812" startTime="2011-04-14T00:55:18.4804490-07:00" endTime="2011-04-14T00:55:18.4884498-07:00" testType="13cdc9d9-ddb5-4fa4-a97d-d965ccfc6d4b" outcome="Passed" testListId="8c84fa94-04c1-424b-9868-57a2d4851a1d" relativeResultsDirectory="1b495da2-d290-4c10-b3ae-1bc863dd8cd1">
    </UnitTestResult>
    <UnitTestResult executionId="fa3e3b92-ee42-4b15-bf34-2fb26a5a14e0" testId="55bad3db-84e3-3925-7acd-530fb8734ca3" testName="Constructor5" computerName="GBLOCK-3-17" duration="00:00:00.8944303" startTime="2011-04-14T00:55:18.4914501-07:00" endTime="2011-04-14T00:55:19.3925402-07:00" testType="13cdc9d9-ddb5-4fa4-a97d-d965ccfc6d4b" outcome="Passed" testListId="8c84fa94-04c1-424b-9868-57a2d4851a1d" relativeResultsDirectory="fa3e3b92-ee42-4b15-bf34-2fb26a5a14e0">
    </UnitTestResult>
    <UnitTestResult executionId="91bf4b61-b3a2-477a-8abc-3c72d1c477b2" testId="8ca09e05-fbe4-485b-5248-b4afe8602b96" testName="Constructor5ConvertsNullValueTypeToDefault" computerName="GBLOCK-3-17" duration="00:00:00.4766967" startTime="2011-04-14T00:55:19.3965406-07:00" endTime="2011-04-14T00:55:19.8775887-07:00" testType="13cdc9d9-ddb5-4fa4-a97d-d965ccfc6d4b" outcome="Passed" testListId="8c84fa94-04c1-424b-9868-57a2d4851a1d" relativeResultsDirectory="91bf4b61-b3a2-477a-8abc-3c72d1c477b2">
    </UnitTestResult>
    <UnitTestResult executionId="bc395efa-ca50-43f8-b91b-216793dc18d4" testId="e7bc42bc-4677-5da7-c489-c92ff428bf7b" testName="Constructor5ThrowsWithEmptyMediaType" computerName="GBLOCK-3-17" duration="00:00:00.7430591" startTime="2011-04-14T00:55:19.8815891-07:00" endTime="2011-04-14T00:55:20.6246634-07:00" testType="13cdc9d9-ddb5-4fa4-a97d-d965ccfc6d4b" outcome="Passed" testListId="8c84fa94-04c1-424b-9868-57a2d4851a1d" relativeResultsDirectory="bc395efa-ca50-43f8-b91b-216793dc18d4">
    </UnitTestResult>
    <UnitTestResult executionId="6d60e8ba-be5b-49ba-b99a-f9dd3dab6852" testId="6ab7c85b-07a2-053d-c5c0-da764bc30c49" testName="Constructor5ThrowsWithHttpContentAsT" computerName="GBLOCK-3-17" duration="00:00:00.0302198" startTime="2011-04-14T00:55:20.6286638-07:00" endTime="2011-04-14T00:55:20.6586668-07:00" testType="13cdc9d9-ddb5-4fa4-a97d-d965ccfc6d4b" outcome="Passed" testListId="8c84fa94-04c1-424b-9868-57a2d4851a1d" relativeResultsDirectory="6d60e8ba-be5b-49ba-b99a-f9dd3dab6852">
    </UnitTestResult>
    <UnitTestResult executionId="cdd47420-84d5-4033-959b-3e76d2cd5264" testId="ad7717dc-a213-7ac3-d7df-3de15423034b" testName="Constructor5ThrowsWithIllegalMediaType" computerName="GBLOCK-3-17" duration="00:00:00.4126700" startTime="2011-04-14T00:55:20.6616671-07:00" endTime="2011-04-14T00:55:21.0757085-07:00" testType="13cdc9d9-ddb5-4fa4-a97d-d965ccfc6d4b" outcome="Passed" testListId="8c84fa94-04c1-424b-9868-57a2d4851a1d" relativeResultsDirectory="cdd47420-84d5-4033-959b-3e76d2cd5264">
    </UnitTestResult>
    <UnitTestResult executionId="80d9cacb-69c5-4eea-b58e-201388f691fb" testId="0d199676-b1aa-e103-9a75-db71715b2a29" testName="Constructor5ThrowsWithNullFormatters" computerName="GBLOCK-3-17" duration="00:00:00.0011509" startTime="2011-04-14T00:55:21.0777087-07:00" endTime="2011-04-14T00:55:21.0837093-07:00" testType="13cdc9d9-ddb5-4fa4-a97d-d965ccfc6d4b" outcome="Passed" testListId="8c84fa94-04c1-424b-9868-57a2d4851a1d" relativeResultsDirectory="80d9cacb-69c5-4eea-b58e-201388f691fb">
    </UnitTestResult>
    <UnitTestResult executionId="c9934a0f-e10d-4c91-bfd3-19ac45e8ead0" testId="ac713d07-d137-989c-fa41-6dc5ead8e2b1" testName="Constructor6" computerName="GBLOCK-3-17" duration="00:00:00.7790242" startTime="2011-04-14T00:55:21.0867096-07:00" endTime="2011-04-14T00:55:21.8707880-07:00" testType="13cdc9d9-ddb5-4fa4-a97d-d965ccfc6d4b" outcome="Passed" testListId="8c84fa94-04c1-424b-9868-57a2d4851a1d" relativeResultsDirectory="c9934a0f-e10d-4c91-bfd3-19ac45e8ead0">
    </UnitTestResult>
    <UnitTestResult executionId="1e0d0e78-432e-4f2c-b47f-83f63faf5ec5" testId="6392af92-145f-ea63-1c22-6ba4392c0916" testName="Constructor6ConvertsNullValueTypeToDefault" computerName="GBLOCK-3-17" duration="00:00:00.4507169" startTime="2011-04-14T00:55:21.8747884-07:00" endTime="2011-04-14T00:55:22.3308340-07:00" testType="13cdc9d9-ddb5-4fa4-a97d-d965ccfc6d4b" outcome="Passed" testListId="8c84fa94-04c1-424b-9868-57a2d4851a1d" relativeResultsDirectory="1e0d0e78-432e-4f2c-b47f-83f63faf5ec5">
    </UnitTestResult>
    <UnitTestResult executionId="7a5e6674-530c-4a18-826a-a3251398fee6" testId="30811b3b-be5a-d7d4-d49d-fc4c8b55356f" testName="Constructor6ThrowsWithHttpContentAsT" computerName="GBLOCK-3-17" duration="00:00:00.0301494" startTime="2011-04-14T00:55:22.3338343-07:00" endTime="2011-04-14T00:55:22.3638373-07:00" testType="13cdc9d9-ddb5-4fa4-a97d-d965ccfc6d4b" outcome="Passed" testListId="8c84fa94-04c1-424b-9868-57a2d4851a1d" relativeResultsDirectory="7a5e6674-530c-4a18-826a-a3251398fee6">
    </UnitTestResult>
    <UnitTestResult executionId="59020a4e-0057-466f-b93d-be142d64bd4a" testId="592f38dc-bf5e-c7dd-0606-ec6353c387ce" testName="Constructor6ThrowsWithNullFormatters" computerName="GBLOCK-3-17" duration="00:00:00.0011967" startTime="2011-04-14T00:55:22.3668376-07:00" endTime="2011-04-14T00:55:22.3738383-07:00" testType="13cdc9d9-ddb5-4fa4-a97d-d965ccfc6d4b" outcome="Passed" testListId="8c84fa94-04c1-424b-9868-57a2d4851a1d" relativeResultsDirectory="59020a4e-0057-466f-b93d-be142d64bd4a">
    </UnitTestResult>
    <UnitTestResult executionId="111bf4be-ef90-46ae-b06b-8ade3e295d3a" testId="5c84f039-34e8-11de-6e13-6a1977fd30c2" testName="Constructor6ThrowsWithNullMediaType" computerName="GBLOCK-3-17" duration="00:00:00.0011602" startTime="2011-04-14T00:55:22.3768386-07:00" endTime="2011-04-14T00:55:22.3798389-07:00" testType="13cdc9d9-ddb5-4fa4-a97d-d965ccfc6d4b" outcome="Passed" testListId="8c84fa94-04c1-424b-9868-57a2d4851a1d" relativeResultsDirectory="111bf4be-ef90-46ae-b06b-8ade3e295d3a">
    </UnitTestResult>
    <UnitTestResult executionId="25491a30-4a66-4e41-8aa6-3cfa05d12f61" testId="a6885aa2-560a-7c2e-1294-1a2dce741fc2" testName="Constructor7" computerName="GBLOCK-3-17" duration="00:00:01.4339843" startTime="2011-04-14T00:55:22.3908400-07:00" endTime="2011-04-14T00:55:23.8299839-07:00" testType="13cdc9d9-ddb5-4fa4-a97d-d965ccfc6d4b" outcome="Passed" testListId="8c84fa94-04c1-424b-9868-57a2d4851a1d" relativeResultsDirectory="25491a30-4a66-4e41-8aa6-3cfa05d12f61">
    </UnitTestResult>
    <UnitTestResult executionId="c03ed875-5ff4-4d0c-8754-24def985c3ff" testId="a46221d6-7504-b219-2a3c-d1a899d1c957" testName="Constructor7SetsContentHeadersWithHttpContent" computerName="GBLOCK-3-17" duration="00:00:00.0991453" startTime="2011-04-14T00:55:23.8329842-07:00" endTime="2011-04-14T00:55:23.9339943-07:00" testType="13cdc9d9-ddb5-4fa4-a97d-d965ccfc6d4b" outcome="Passed" testListId="8c84fa94-04c1-424b-9868-57a2d4851a1d" relativeResultsDirectory="c03ed875-5ff4-4d0c-8754-24def985c3ff">
    </UnitTestResult>
    <UnitTestResult executionId="3fffe6fe-3abd-42c5-b58d-f7b0c46aa87b" testId="9c32b7a7-0735-1a4b-4e3a-1dc035e22d85" testName="Constructor7ThrowsWithHttpContentAsT" computerName="GBLOCK-3-17" duration="00:00:00.0086592" startTime="2011-04-14T00:55:23.9379947-07:00" endTime="2011-04-14T00:55:23.9539963-07:00" testType="13cdc9d9-ddb5-4fa4-a97d-d965ccfc6d4b" outcome="Passed" testListId="8c84fa94-04c1-424b-9868-57a2d4851a1d" relativeResultsDirectory="3fffe6fe-3abd-42c5-b58d-f7b0c46aa87b">
    </UnitTestResult>
    <UnitTestResult executionId="ae8c5bdf-b0a2-4860-a08e-89f086dd1684" testId="0f4943d9-ca49-5d33-54e9-5ee1ac981e68" testName="Constructor7ThrowsWithNullFormatters" computerName="GBLOCK-3-17" duration="00:00:00.0020490" startTime="2011-04-14T00:55:23.9569966-07:00" endTime="2011-04-14T00:55:23.9679977-07:00" testType="13cdc9d9-ddb5-4fa4-a97d-d965ccfc6d4b" outcome="Passed" testListId="8c84fa94-04c1-424b-9868-57a2d4851a1d" relativeResultsDirectory="ae8c5bdf-b0a2-4860-a08e-89f086dd1684">
    </UnitTestResult>
    <UnitTestResult executionId="dfe3885c-6928-4415-8904-09bd18955125" testId="71508469-8853-91d9-189c-c15351730d64" testName="Constructor7ThrowsWithNullHttpContent" computerName="GBLOCK-3-17" duration="00:00:00.0090322" startTime="2011-04-14T00:55:23.9719981-07:00" endTime="2011-04-14T00:55:23.9819991-07:00" testType="13cdc9d9-ddb5-4fa4-a97d-d965ccfc6d4b" outcome="Passed" testListId="8c84fa94-04c1-424b-9868-57a2d4851a1d" relativeResultsDirectory="dfe3885c-6928-4415-8904-09bd18955125">
    </UnitTestResult>
    <UnitTestResult executionId="33d6e0a1-2132-4d5f-bf89-ac6ff22ea2d6" testId="4533de6e-a7c1-6374-8848-271078b97c83" testName="ConstructorConvertsNullValueTypeToDefault" computerName="GBLOCK-3-17" duration="00:00:00.0137959" startTime="2011-04-14T00:55:23.9869996-07:00" endTime="2011-04-14T00:55:24.0140023-07:00" testType="13cdc9d9-ddb5-4fa4-a97d-d965ccfc6d4b" outcome="Passed" testListId="8c84fa94-04c1-424b-9868-57a2d4851a1d" relativeResultsDirectory="33d6e0a1-2132-4d5f-bf89-ac6ff22ea2d6">
    </UnitTestResult>
    <UnitTestResult executionId="fa0e56d2-9864-427b-a3d7-efbd8a7fae34" testId="4e4d07d2-bc46-8e27-aaae-2db6b1756f00" testName="ConstructorThrowsWithHttpContentAsT" computerName="GBLOCK-3-17" duration="00:00:00.0036065" startTime="2011-04-14T00:55:24.0180027-07:00" endTime="2011-04-14T00:55:24.0230032-07:00" testType="13cdc9d9-ddb5-4fa4-a97d-d965ccfc6d4b" outcome="Passed" testListId="8c84fa94-04c1-424b-9868-57a2d4851a1d" relativeResultsDirectory="fa0e56d2-9864-427b-a3d7-efbd8a7fae34">
    </UnitTestResult>
    <UnitTestResult executionId="4ee775a2-d7ff-440d-84d9-df8147b588b9" testId="8ce127b4-7850-a93a-4ef3-60f241c6e395" testName="ReadAsAsyncCallsFormatter" computerName="GBLOCK-3-17" duration="00:00:00.1329128" startTime="2011-04-14T00:55:24.0270036-07:00" endTime="2011-04-14T00:55:24.1730182-07:00" testType="13cdc9d9-ddb5-4fa4-a97d-d965ccfc6d4b" outcome="Passed" testListId="8c84fa94-04c1-424b-9868-57a2d4851a1d" relativeResultsDirectory="4ee775a2-d7ff-440d-84d9-df8147b588b9">
    </UnitTestResult>
    <UnitTestResult executionId="c9ff305b-68bf-4f12-a305-2e193a417e1f" testId="73d6890c-0157-76e1-2157-ca22e239035b" testName="ReadAsAsyncCallsFormatterOnceOnly" computerName="GBLOCK-3-17" duration="00:00:00.0097552" startTime="2011-04-14T00:55:24.1750184-07:00" endTime="2011-04-14T00:55:24.1910200-07:00" testType="13cdc9d9-ddb5-4fa4-a97d-d965ccfc6d4b" outcome="Passed" testListId="8c84fa94-04c1-424b-9868-57a2d4851a1d" relativeResultsDirectory="c9ff305b-68bf-4f12-a305-2e193a417e1f">
    </UnitTestResult>
    <UnitTestResult executionId="2972d5a9-7c40-4d41-b632-af81659a8dc2" testId="9fcc7583-7b8d-b5dd-eaac-8fcfb71d475c" testName="ReadAsAsyncGetsTaskOfObject" computerName="GBLOCK-3-17" duration="00:00:00.0622663" startTime="2011-04-14T00:55:24.1940203-07:00" endTime="2011-04-14T00:55:24.2650274-07:00" testType="13cdc9d9-ddb5-4fa4-a97d-d965ccfc6d4b" outcome="Passed" testListId="8c84fa94-04c1-424b-9868-57a2d4851a1d" relativeResultsDirectory="2972d5a9-7c40-4d41-b632-af81659a8dc2">
    </UnitTestResult>
    <UnitTestResult executionId="774fcfe0-842d-4c59-8cb3-b1c44a675779" testId="af6ab763-ee7b-c074-0d35-e76f7e7bee4f" testName="ReadAsAsyncThrowsWithNoFormatter" computerName="GBLOCK-3-17" duration="00:00:05.6369955" startTime="2011-04-14T00:55:24.2680277-07:00" endTime="2011-04-14T00:55:29.9065915-07:00" testType="13cdc9d9-ddb5-4fa4-a97d-d965ccfc6d4b" outcome="Passed" testListId="8c84fa94-04c1-424b-9868-57a2d4851a1d" relativeResultsDirectory="774fcfe0-842d-4c59-8cb3-b1c44a675779">
    </UnitTestResult>
    <UnitTestResult executionId="79d9a7a1-6f19-42be-be83-23dcd5fbab63" testId="58eb5de8-b1b5-f9f6-827a-029f24a0baeb" testName="ReadAsCallsFormatter" computerName="GBLOCK-3-17" duration="00:00:00.0094711" startTime="2011-04-14T00:55:29.9095918-07:00" endTime="2011-04-14T00:55:29.9245933-07:00" testType="13cdc9d9-ddb5-4fa4-a97d-d965ccfc6d4b" outcome="Passed" testListId="8c84fa94-04c1-424b-9868-57a2d4851a1d" relativeResultsDirectory="79d9a7a1-6f19-42be-be83-23dcd5fbab63">
    </UnitTestResult>
    <UnitTestResult executionId="5bff6623-2bab-447a-bcff-126760e7abad" testId="8e08642a-c4c5-dd96-997d-9a479018ea15" testName="ReadAsCallsFormatterOnceOnly" computerName="GBLOCK-3-17" duration="00:00:00.0035730" startTime="2011-04-14T00:55:29.9265935-07:00" endTime="2011-04-14T00:55:29.9355944-07:00" testType="13cdc9d9-ddb5-4fa4-a97d-d965ccfc6d4b" outcome="Passed" testListId="8c84fa94-04c1-424b-9868-57a2d4851a1d" relativeResultsDirectory="5bff6623-2bab-447a-bcff-126760e7abad">
    </UnitTestResult>
    <UnitTestResult executionId="05c55087-443c-482d-9e4f-ca803e8e878f" testId="5b3783ac-46cc-4632-b84c-99175a01a062" testName="ReadAsGetsObject" computerName="GBLOCK-3-17" duration="00:00:00.0112868" startTime="2011-04-14T00:55:29.9385947-07:00" endTime="2011-04-14T00:55:29.9505959-07:00" testType="13cdc9d9-ddb5-4fa4-a97d-d965ccfc6d4b" outcome="Passed" testListId="8c84fa94-04c1-424b-9868-57a2d4851a1d" relativeResultsDirectory="05c55087-443c-482d-9e4f-ca803e8e878f">
    </UnitTestResult>
    <UnitTestResult executionId="13c741df-e569-4919-8681-3362106f8f89" testId="bcf252c8-4567-0e29-ce2f-80ef04bd15cb" testName="ReadAsOrDefaultAsyncGetsTaskOfObject" computerName="GBLOCK-3-17" duration="00:00:00.0287848" startTime="2011-04-14T00:55:29.9525961-07:00" endTime="2011-04-14T00:55:29.9825991-07:00" testType="13cdc9d9-ddb5-4fa4-a97d-d965ccfc6d4b" outcome="Passed" testListId="8c84fa94-04c1-424b-9868-57a2d4851a1d" relativeResultsDirectory="13c741df-e569-4919-8681-3362106f8f89">
    </UnitTestResult>
    <UnitTestResult executionId="2157ab3f-c0e9-47d1-83ae-a1efa122d483" testId="49d433e5-7570-2608-673e-d7c58bdcd64f" testName="ReadAsOrDefaultAsyncReturnsDefaultWithNoFormatter" computerName="GBLOCK-3-17" duration="00:00:00.0331673" startTime="2011-04-14T00:55:29.9855994-07:00" endTime="2011-04-14T00:55:30.0186027-07:00" testType="13cdc9d9-ddb5-4fa4-a97d-d965ccfc6d4b" outcome="Passed" testListId="8c84fa94-04c1-424b-9868-57a2d4851a1d" relativeResultsDirectory="2157ab3f-c0e9-47d1-83ae-a1efa122d483">
    </UnitTestResult>
    <UnitTestResult executionId="fba945a8-da8c-4c91-bf3b-cc5f44c045cd" testId="dcaca901-4c16-7192-ab82-b1e7a1c13c44" testName="ReadAsOrDefaultGetsObject" computerName="GBLOCK-3-17" duration="00:00:00.0132920" startTime="2011-04-14T00:55:30.0216030-07:00" endTime="2011-04-14T00:55:30.0356044-07:00" testType="13cdc9d9-ddb5-4fa4-a97d-d965ccfc6d4b" outcome="Passed" testListId="8c84fa94-04c1-424b-9868-57a2d4851a1d" relativeResultsDirectory="fba945a8-da8c-4c91-bf3b-cc5f44c045cd">
    </UnitTestResult>
    <UnitTestResult executionId="9c4c1440-ba4a-4e54-8148-2f429c78170e" testId="38e57ccb-677d-e7f3-5a5c-ecd3706228bd" testName="ReadAsOrDefaultReturnsDefaultWithNoFormatter" computerName="GBLOCK-3-17" duration="00:00:00.0159050" startTime="2011-04-14T00:55:30.0366045-07:00" endTime="2011-04-14T00:55:30.0536062-07:00" testType="13cdc9d9-ddb5-4fa4-a97d-d965ccfc6d4b" outcome="Passed" testListId="8c84fa94-04c1-424b-9868-57a2d4851a1d" relativeResultsDirectory="9c4c1440-ba4a-4e54-8148-2f429c78170e">
    </UnitTestResult>
    <UnitTestResult executionId="5047bbe4-16c6-4c20-b552-b71f4f1936f3" testId="1ab0154a-4246-49b6-5df2-1392a91ff78e" testName="ReadAsThrowsWithNoFormatter" computerName="GBLOCK-3-17" duration="00:00:00.0612370" startTime="2011-04-14T00:55:30.0556064-07:00" endTime="2011-04-14T00:55:30.1176126-07:00" testType="13cdc9d9-ddb5-4fa4-a97d-d965ccfc6d4b" outcome="Passed" testListId="8c84fa94-04c1-424b-9868-57a2d4851a1d" relativeResultsDirectory="5047bbe4-16c6-4c20-b552-b71f4f1936f3">
    </UnitTestResult>
    <UnitTestResult executionId="ba691351-47e6-43a7-b0ff-a280223a15b0" testId="67bd137b-4028-dfd4-1b03-9cae11d5025a" testName="TypeIsCorrect" computerName="GBLOCK-3-17" duration="00:00:00.0010127" startTime="2011-04-14T00:55:30.1196128-07:00" endTime="2011-04-14T00:55:30.1216130-07:00" testType="13cdc9d9-ddb5-4fa4-a97d-d965ccfc6d4b" outcome="Passed" testListId="8c84fa94-04c1-424b-9868-57a2d4851a1d" relativeResultsDirectory="ba691351-47e6-43a7-b0ff-a280223a15b0">
    </UnitTestResult>
    <UnitTestResult executionId="6b3e881f-2260-4d33-a8d8-5f8ec9d74c0e" testId="b9cb1256-6626-3a9c-4482-910fe6c178da" testName="UnitTestClassIsCorrect" computerName="GBLOCK-3-17" duration="00:00:00.0070201" startTime="2011-04-14T00:55:30.1236132-07:00" endTime="2011-04-14T00:55:30.1316140-07:00" testType="13cdc9d9-ddb5-4fa4-a97d-d965ccfc6d4b" outcome="Passed" testListId="8c84fa94-04c1-424b-9868-57a2d4851a1d" relativeResultsDirectory="6b3e881f-2260-4d33-a8d8-5f8ec9d74c0e">
    </UnitTestResult>
    <UnitTestResult executionId="9adefbdd-bfce-46ca-9eb8-868b9bbd5efc" testId="b1d53f63-9b5a-115e-8135-4790d789c907" testName="Constructor" computerName="GBLOCK-3-17" duration="00:00:00.0064866" startTime="2011-04-14T00:55:30.1336142-07:00" endTime="2011-04-14T00:55:30.1566165-07:00" testType="13cdc9d9-ddb5-4fa4-a97d-d965ccfc6d4b" outcome="Passed" testListId="8c84fa94-04c1-424b-9868-57a2d4851a1d" relativeResultsDirectory="9adefbdd-bfce-46ca-9eb8-868b9bbd5efc">
    </UnitTestResult>
    <UnitTestResult executionId="a2dd17d2-4b6a-4f3e-a1a2-bce6dba6288e" testId="7d6378f5-83ac-cc39-f19e-ad53e125ba5b" testName="Constructor1" computerName="GBLOCK-3-17" duration="00:00:00.1063064" startTime="2011-04-14T00:55:30.1666175-07:00" endTime="2011-04-14T00:55:30.2776286-07:00" testType="13cdc9d9-ddb5-4fa4-a97d-d965ccfc6d4b" outcome="Passed" testListId="8c84fa94-04c1-424b-9868-57a2d4851a1d" relativeResultsDirectory="a2dd17d2-4b6a-4f3e-a1a2-bce6dba6288e">
    </UnitTestResult>
    <UnitTestResult executionId="392177b3-658c-4354-9a86-78766fdf6817" testId="be735f43-e1a0-0a6c-895e-0baa4e896021" testName="Constructor1SetsHttpContentWithHttpContentAsObject" computerName="GBLOCK-3-17" duration="00:00:00.0075517" startTime="2011-04-14T00:55:30.2806289-07:00" endTime="2011-04-14T00:55:30.2936302-07:00" testType="13cdc9d9-ddb5-4fa4-a97d-d965ccfc6d4b" outcome="Passed" testListId="8c84fa94-04c1-424b-9868-57a2d4851a1d" relativeResultsDirectory="392177b3-658c-4354-9a86-78766fdf6817">
    </UnitTestResult>
    <UnitTestResult executionId="fb66d94d-466b-44c9-b230-02c0cb55ab8a" testId="0a8fb3cc-f07d-f68c-3267-6e6310693297" testName="Constructor1SetsHttpContentWithStreamAsObject" computerName="GBLOCK-3-17" duration="00:00:00.0418158" startTime="2011-04-14T00:55:30.2956304-07:00" endTime="2011-04-14T00:55:30.3446353-07:00" testType="13cdc9d9-ddb5-4fa4-a97d-d965ccfc6d4b" outcome="Passed" testListId="8c84fa94-04c1-424b-9868-57a2d4851a1d" relativeResultsDirectory="fb66d94d-466b-44c9-b230-02c0cb55ab8a">
    </UnitTestResult>
    <UnitTestResult executionId="e59d48c9-b85b-4c07-8741-08914fb64d6f" testId="a59ec826-e5ed-33fc-b4c5-73577c6db27f" testName="Constructor1ThrowsWithEmptyMediaType" computerName="GBLOCK-3-17" duration="00:00:00.0514694" startTime="2011-04-14T00:55:30.3576366-07:00" endTime="2011-04-14T00:55:30.4186427-07:00" testType="13cdc9d9-ddb5-4fa4-a97d-d965ccfc6d4b" outcome="Passed" testListId="8c84fa94-04c1-424b-9868-57a2d4851a1d" relativeResultsDirectory="e59d48c9-b85b-4c07-8741-08914fb64d6f">
    </UnitTestResult>
    <UnitTestResult executionId="9bc99440-2cd1-45fd-9fd4-24451fd4d20a" testId="69ed96e8-8794-1805-08b8-622701965e77" testName="Constructor1ThrowsWithIllegalMediaType" computerName="GBLOCK-3-17" duration="00:00:00.0279029" startTime="2011-04-14T00:55:30.4236432-07:00" endTime="2011-04-14T00:55:30.4536462-07:00" testType="13cdc9d9-ddb5-4fa4-a97d-d965ccfc6d4b" outcome="Passed" testListId="8c84fa94-04c1-424b-9868-57a2d4851a1d" relativeResultsDirectory="9bc99440-2cd1-45fd-9fd4-24451fd4d20a">
    </UnitTestResult>
    <UnitTestResult executionId="754408ca-136e-42e1-95b1-75f93d887216" testId="5df9aad4-1bca-eb8e-8db2-74cbfd226dd4" testName="Constructor1ThrowsWithNullType" computerName="GBLOCK-3-17" duration="00:00:00.0010054" startTime="2011-04-14T00:55:30.4556464-07:00" endTime="2011-04-14T00:55:30.4586467-07:00" testType="13cdc9d9-ddb5-4fa4-a97d-d965ccfc6d4b" outcome="Passed" testListId="8c84fa94-04c1-424b-9868-57a2d4851a1d" relativeResultsDirectory="754408ca-136e-42e1-95b1-75f93d887216">
    </UnitTestResult>
    <UnitTestResult executionId="97d22af0-acff-44bd-a03a-6ed6e3307279" testId="97dead80-4597-b960-9506-a6e0cc567d77" testName="Constructor1ThrowsWithNullValueTypeObject" computerName="GBLOCK-3-17" duration="00:00:00.0041288" startTime="2011-04-14T00:55:30.4606469-07:00" endTime="2011-04-14T00:55:30.4666475-07:00" testType="13cdc9d9-ddb5-4fa4-a97d-d965ccfc6d4b" outcome="Passed" testListId="8c84fa94-04c1-424b-9868-57a2d4851a1d" relativeResultsDirectory="97d22af0-acff-44bd-a03a-6ed6e3307279">
    </UnitTestResult>
    <UnitTestResult executionId="57cf0f48-bca2-45e3-8a4b-92b0a010142d" testId="1eebbbea-e8ae-c6e1-eb9e-eb44a6b11863" testName="Constructor1ThrowsWithObjectNotAssignableToType" computerName="GBLOCK-3-17" duration="00:00:00.0412704" startTime="2011-04-14T00:55:30.4676476-07:00" endTime="2011-04-14T00:55:30.5106519-07:00" testType="13cdc9d9-ddb5-4fa4-a97d-d965ccfc6d4b" outcome="Passed" testListId="8c84fa94-04c1-424b-9868-57a2d4851a1d" relativeResultsDirectory="57cf0f48-bca2-45e3-8a4b-92b0a010142d">
    </UnitTestResult>
    <UnitTestResult executionId="ff76a432-1d58-4008-bb89-b93d9afb4e72" testId="b3f998cb-f721-08d9-b943-ce9b73cb1733" testName="Constructor2" computerName="GBLOCK-3-17" duration="00:00:00.0814641" startTime="2011-04-14T00:55:30.5126521-07:00" endTime="2011-04-14T00:55:30.6016610-07:00" testType="13cdc9d9-ddb5-4fa4-a97d-d965ccfc6d4b" outcome="Passed" testListId="8c84fa94-04c1-424b-9868-57a2d4851a1d" relativeResultsDirectory="ff76a432-1d58-4008-bb89-b93d9afb4e72">
    </UnitTestResult>
    <UnitTestResult executionId="46b32680-c3ee-46a2-af64-0f627bc3f9cb" testId="0341b5b4-77e6-a5db-47bb-fccaa5b5ca9b" testName="Constructor2ThrowsWithNullMediaType" computerName="GBLOCK-3-17" duration="00:00:00.0017164" startTime="2011-04-14T00:55:30.6026611-07:00" endTime="2011-04-14T00:55:30.6066615-07:00" testType="13cdc9d9-ddb5-4fa4-a97d-d965ccfc6d4b" outcome="Passed" testListId="8c84fa94-04c1-424b-9868-57a2d4851a1d" relativeResultsDirectory="46b32680-c3ee-46a2-af64-0f627bc3f9cb">
    </UnitTestResult>
    <UnitTestResult executionId="b9946aab-ef7d-45d6-9085-5cf96b116e5f" testId="577deaa8-e64c-c11e-46b3-4b39ef82d0fc" testName="Constructor2ThrowsWithNullType" computerName="GBLOCK-3-17" duration="00:00:00.0011067" startTime="2011-04-14T00:55:30.6076616-07:00" endTime="2011-04-14T00:55:30.6116620-07:00" testType="13cdc9d9-ddb5-4fa4-a97d-d965ccfc6d4b" outcome="Passed" testListId="8c84fa94-04c1-424b-9868-57a2d4851a1d" relativeResultsDirectory="b9946aab-ef7d-45d6-9085-5cf96b116e5f">
    </UnitTestResult>
    <UnitTestResult executionId="17a5c87e-b86c-4c14-90da-37902ae85915" testId="659732af-8ae0-5870-7ee8-93959a065ffe" testName="Constructor2ThrowsWithNullValueTypeObject" computerName="GBLOCK-3-17" duration="00:00:00.0042782" startTime="2011-04-14T00:55:30.6126621-07:00" endTime="2011-04-14T00:55:30.6186627-07:00" testType="13cdc9d9-ddb5-4fa4-a97d-d965ccfc6d4b" outcome="Passed" testListId="8c84fa94-04c1-424b-9868-57a2d4851a1d" relativeResultsDirectory="17a5c87e-b86c-4c14-90da-37902ae85915">
    </UnitTestResult>
    <UnitTestResult executionId="fd07199d-0ef1-44aa-9389-7048d35bcfba" testId="ef92cb0b-9f50-906f-4517-81dffec33f0a" testName="Constructor2ThrowsWithObjectNotAssignableToType" computerName="GBLOCK-3-17" duration="00:00:00.0418305" startTime="2011-04-14T00:55:30.6206629-07:00" endTime="2011-04-14T00:55:30.6646673-07:00" testType="13cdc9d9-ddb5-4fa4-a97d-d965ccfc6d4b" outcome="Passed" testListId="8c84fa94-04c1-424b-9868-57a2d4851a1d" relativeResultsDirectory="fd07199d-0ef1-44aa-9389-7048d35bcfba">
    </UnitTestResult>
    <UnitTestResult executionId="c3bdfbd2-e8a1-405f-a8c0-b350089b63a7" testId="b0e2e929-2314-301a-1ce9-b3de2c24eb9d" testName="Constructor3" computerName="GBLOCK-3-17" duration="00:00:00.2451824" startTime="2011-04-14T00:55:30.6666675-07:00" endTime="2011-04-14T00:55:30.9166925-07:00" testType="13cdc9d9-ddb5-4fa4-a97d-d965ccfc6d4b" outcome="Passed" testListId="8c84fa94-04c1-424b-9868-57a2d4851a1d" relativeResultsDirectory="c3bdfbd2-e8a1-405f-a8c0-b350089b63a7">
    </UnitTestResult>
    <UnitTestResult executionId="db0eb20f-61d1-4387-a62f-2b26161d8b22" testId="e4aa57cd-5f11-ace7-6de5-f0b63ee84197" testName="Constructor3SetsContentHeadersWithHttpContent" computerName="GBLOCK-3-17" duration="00:00:00.4196667" startTime="2011-04-14T00:55:30.9196928-07:00" endTime="2011-04-14T00:55:31.3447353-07:00" testType="13cdc9d9-ddb5-4fa4-a97d-d965ccfc6d4b" outcome="Passed" testListId="8c84fa94-04c1-424b-9868-57a2d4851a1d" relativeResultsDirectory="db0eb20f-61d1-4387-a62f-2b26161d8b22">
    </UnitTestResult>
    <UnitTestResult executionId="d6a63130-d802-41b9-acfd-2f9b1e7afea2" testId="22badf18-a1b8-1461-c0e6-c29aa2e53f63" testName="Constructor3ThrowsWithNullHttpContent" computerName="GBLOCK-3-17" duration="00:00:00.0093159" startTime="2011-04-14T00:55:31.3477356-07:00" endTime="2011-04-14T00:55:31.3577366-07:00" testType="13cdc9d9-ddb5-4fa4-a97d-d965ccfc6d4b" outcome="Passed" testListId="8c84fa94-04c1-424b-9868-57a2d4851a1d" relativeResultsDirectory="d6a63130-d802-41b9-acfd-2f9b1e7afea2">
    </UnitTestResult>
    <UnitTestResult executionId="4dd632f3-8cc0-4e51-b73c-8409183561de" testId="903ab3a9-2655-a936-5918-f880a57ee487" testName="Constructor3ThrowsWithNullType" computerName="GBLOCK-3-17" duration="00:00:00.0010285" startTime="2011-04-14T00:55:31.3597368-07:00" endTime="2011-04-14T00:55:31.3627371-07:00" testType="13cdc9d9-ddb5-4fa4-a97d-d965ccfc6d4b" outcome="Passed" testListId="8c84fa94-04c1-424b-9868-57a2d4851a1d" relativeResultsDirectory="4dd632f3-8cc0-4e51-b73c-8409183561de">
    </UnitTestResult>
    <UnitTestResult executionId="a3f7699a-b11c-4a28-84dd-d08be1bcc403" testId="62f668d4-ba5e-c212-e772-e812d7d7951a" testName="Constructor4" computerName="GBLOCK-3-17" duration="00:00:00.0732953" startTime="2011-04-14T00:55:31.3647373-07:00" endTime="2011-04-14T00:55:31.4457454-07:00" testType="13cdc9d9-ddb5-4fa4-a97d-d965ccfc6d4b" outcome="Passed" testListId="8c84fa94-04c1-424b-9868-57a2d4851a1d" relativeResultsDirectory="a3f7699a-b11c-4a28-84dd-d08be1bcc403">
    </UnitTestResult>
    <UnitTestResult executionId="8f3f863e-eadc-420f-9ce2-cbedae2f2c8e" testId="4c679617-41b3-fff1-6bec-e13582b7b6b1" testName="Constructor4SetsFormattersWithEmptyFormatterCollection" computerName="GBLOCK-3-17" duration="00:00:00.0037916" startTime="2011-04-14T00:55:31.4487457-07:00" endTime="2011-04-14T00:55:31.4527461-07:00" testType="13cdc9d9-ddb5-4fa4-a97d-d965ccfc6d4b" outcome="Failed" testListId="8c84fa94-04c1-424b-9868-57a2d4851a1d" relativeResultsDirectory="8f3f863e-eadc-420f-9ce2-cbedae2f2c8e">
      <Output>
        <ErrorInfo>
          <Message>CollectionAssert.AreEqual failed. Formatter types should have been the standard ones.(Different number of elements.)</Message>
          <StackTrace>   at Microsoft.ApplicationServer.Http.ObjectContentTests.&lt;Constructor4SetsFormattersWithEmptyFormatterCollection&gt;b__78(Type type, Object obj) in F:\advisorsrepo\wcfhttp\Http\Test\Microsoft.ApplicationServer.Http\Unit\Microsoft\ApplicationServer\Http\ObjectContentTests.cs:line 506
   at Microsoft.ApplicationServer.Common.Test.TestDataAssert.ExecuteCodeUnderTest(Type type, Object obj, String messageOnFail, Action`2 codeUnderTest) in F:\advisorsrepo\wcfhttp\Http\Test\Microsoft.ApplicationServer.Common.MSTestUtilities\Microsoft\ApplicationServer\Common\Test\TestDataAssert.cs:line 89
   at Microsoft.ApplicationServer.Common.Test.TestDataAssert.Execute(IEnumerable`1 testDataCollection, TestDataVariations flags, String messageOnFail, Action`2 codeUnderTest) in F:\advisorsrepo\wcfhttp\Http\Test\Microsoft.ApplicationServer.Common.MSTestUtilities\Microsoft\ApplicationServer\Common\Test\TestDataAssert.cs:line 50
   at Microsoft.ApplicationServer.Http.ObjectContentTests.Constructor4SetsFormattersWithEmptyFormatterCollection() in F:\advisorsrepo\wcfhttp\Http\Test\Microsoft.ApplicationServer.Http\Unit\Microsoft\ApplicationServer\Http\ObjectContentTests.cs:line 501
</StackTrace>
        </ErrorInfo>
      </Output>
    </UnitTestResult>
    <UnitTestResult executionId="6ddc3cb9-d2d6-4fea-a9ed-2bef8d4e8c8e" testId="9fa311bd-3319-d2c7-8f0e-6446600a8b6d" testName="Constructor4ThrowsWithNullFormatters" computerName="GBLOCK-3-17" duration="00:00:00.0005700" startTime="2011-04-14T00:55:31.4557464-07:00" endTime="2011-04-14T00:55:31.4577466-07:00" testType="13cdc9d9-ddb5-4fa4-a97d-d965ccfc6d4b" outcome="Passed" testListId="8c84fa94-04c1-424b-9868-57a2d4851a1d" relativeResultsDirectory="6ddc3cb9-d2d6-4fea-a9ed-2bef8d4e8c8e">
    </UnitTestResult>
    <UnitTestResult executionId="f5300a54-c92e-43ff-8e46-3c2586b699d1" testId="62defaa6-6492-5f15-6a60-c33a7d3bf5d2" testName="Constructor4ThrowsWithNullType" computerName="GBLOCK-3-17" duration="00:00:00.0021244" startTime="2011-04-14T00:55:31.4587467-07:00" endTime="2011-04-14T00:55:31.4617470-07:00" testType="13cdc9d9-ddb5-4fa4-a97d-d965ccfc6d4b" outcome="Passed" testListId="8c84fa94-04c1-424b-9868-57a2d4851a1d" relativeResultsDirectory="f5300a54-c92e-43ff-8e46-3c2586b699d1">
    </UnitTestResult>
    <UnitTestResult executionId="fdcce226-3e28-4c4f-8ecb-1f7855e69713" testId="2ff6e98d-6eaf-cd8d-0daa-7c09f216796f" testName="Constructor4ThrowsWithNullValueTypeObject" computerName="GBLOCK-3-17" duration="00:00:00.0040530" startTime="2011-04-14T00:55:31.4637472-07:00" endTime="2011-04-14T00:55:31.4687477-07:00" testType="13cdc9d9-ddb5-4fa4-a97d-d965ccfc6d4b" outcome="Passed" testListId="8c84fa94-04c1-424b-9868-57a2d4851a1d" relativeResultsDirectory="fdcce226-3e28-4c4f-8ecb-1f7855e69713">
    </UnitTestResult>
    <UnitTestResult executionId="331dc91a-e9ff-4f39-9be6-e06c99df755b" testId="5522eda8-fa07-1270-5632-8056a1650af0" testName="Constructor4ThrowsWithObjectNotAssignableToType" computerName="GBLOCK-3-17" duration="00:00:00.0305239" startTime="2011-04-14T00:55:31.4707479-07:00" endTime="2011-04-14T00:55:31.5057514-07:00" testType="13cdc9d9-ddb5-4fa4-a97d-d965ccfc6d4b" outcome="Passed" testListId="8c84fa94-04c1-424b-9868-57a2d4851a1d" relativeResultsDirectory="331dc91a-e9ff-4f39-9be6-e06c99df755b">
    </UnitTestResult>
    <UnitTestResult executionId="c92f59bd-0d72-4c68-b4a2-927603adc841" testId="de9366b7-3c0a-1502-8381-276d81715e36" testName="Constructor5" computerName="GBLOCK-3-17" duration="00:00:00.8343447" startTime="2011-04-14T00:55:31.5077516-07:00" endTime="2011-04-14T00:55:32.3488357-07:00" testType="13cdc9d9-ddb5-4fa4-a97d-d965ccfc6d4b" outcome="Passed" testListId="8c84fa94-04c1-424b-9868-57a2d4851a1d" relativeResultsDirectory="c92f59bd-0d72-4c68-b4a2-927603adc841">
    </UnitTestResult>
    <UnitTestResult executionId="f9e62804-c39b-490c-958e-bc05e2f06a6c" testId="b55eac9d-f9b3-b23a-7f51-5df2a72f36a7" testName="Constructor5SetsHttpContentWithHttpContentAsObject" computerName="GBLOCK-3-17" duration="00:00:00.0621539" startTime="2011-04-14T00:55:32.3518360-07:00" endTime="2011-04-14T00:55:32.4198428-07:00" testType="13cdc9d9-ddb5-4fa4-a97d-d965ccfc6d4b" outcome="Passed" testListId="8c84fa94-04c1-424b-9868-57a2d4851a1d" relativeResultsDirectory="f9e62804-c39b-490c-958e-bc05e2f06a6c">
    </UnitTestResult>
    <UnitTestResult executionId="2faafa1e-b8d7-45cd-9e5d-e30c59565dbc" testId="dcee107d-314d-f456-34ea-5164306881b5" testName="Constructor5SetsHttpContentWithStreamAsObject" computerName="GBLOCK-3-17" duration="00:00:00.0087963" startTime="2011-04-14T00:55:32.4398448-07:00" endTime="2011-04-14T00:55:32.4908499-07:00" testType="13cdc9d9-ddb5-4fa4-a97d-d965ccfc6d4b" outcome="Passed" testListId="8c84fa94-04c1-424b-9868-57a2d4851a1d" relativeResultsDirectory="2faafa1e-b8d7-45cd-9e5d-e30c59565dbc">
    </UnitTestResult>
    <UnitTestResult executionId="6b7f31e6-47f1-48bc-938b-63993388f303" testId="804fcfae-54da-b47d-e0b1-10b843b719ed" testName="Constructor5ThrowsWithEmptyMediaType" computerName="GBLOCK-3-17" duration="00:00:00.1603184" startTime="2011-04-14T00:55:32.5028511-07:00" endTime="2011-04-14T00:55:32.6768685-07:00" testType="13cdc9d9-ddb5-4fa4-a97d-d965ccfc6d4b" outcome="Passed" testListId="8c84fa94-04c1-424b-9868-57a2d4851a1d" relativeResultsDirectory="6b7f31e6-47f1-48bc-938b-63993388f303">
    </UnitTestResult>
    <UnitTestResult executionId="e4e3b5e9-1919-4fbf-852c-4876218a07cb" testId="a2e0fa48-1a88-57b1-8058-eff842256fc9" testName="Constructor5ThrowsWithIllegalMediaType" computerName="GBLOCK-3-17" duration="00:00:00.0847257" startTime="2011-04-14T00:55:32.6798688-07:00" endTime="2011-04-14T00:55:32.7658774-07:00" testType="13cdc9d9-ddb5-4fa4-a97d-d965ccfc6d4b" outcome="Passed" testListId="8c84fa94-04c1-424b-9868-57a2d4851a1d" relativeResultsDirectory="e4e3b5e9-1919-4fbf-852c-4876218a07cb">
    </UnitTestResult>
    <UnitTestResult executionId="1eb0b22e-379f-437a-9194-8fd675b2bcde" testId="045228c3-1d98-acdb-9280-57eec2e91b5d" testName="Constructor5ThrowsWithNullFormatters" computerName="GBLOCK-3-17" duration="00:00:00.0012730" startTime="2011-04-14T00:55:32.7678776-07:00" endTime="2011-04-14T00:55:32.7708779-07:00" testType="13cdc9d9-ddb5-4fa4-a97d-d965ccfc6d4b" outcome="Passed" testListId="8c84fa94-04c1-424b-9868-57a2d4851a1d" relativeResultsDirectory="1eb0b22e-379f-437a-9194-8fd675b2bcde">
    </UnitTestResult>
    <UnitTestResult executionId="ab7c2bbe-9b02-45a3-acbe-5f5cab206587" testId="77a9b352-1b49-753f-a09d-374a05905bbc" testName="Constructor5ThrowsWithNullType" computerName="GBLOCK-3-17" duration="00:00:00.0017630" startTime="2011-04-14T00:55:32.7738782-07:00" endTime="2011-04-14T00:55:32.7758784-07:00" testType="13cdc9d9-ddb5-4fa4-a97d-d965ccfc6d4b" outcome="Passed" testListId="8c84fa94-04c1-424b-9868-57a2d4851a1d" relativeResultsDirectory="ab7c2bbe-9b02-45a3-acbe-5f5cab206587">
    </UnitTestResult>
    <UnitTestResult executionId="ca49c187-059c-438e-808a-0e628a73c3bf" testId="f6f228e4-b6a4-6850-e2f2-233436bbf4b2" testName="Constructor5ThrowsWithNullValueTypeObject" computerName="GBLOCK-3-17" duration="00:00:00.0466480" startTime="2011-04-14T00:55:32.7788787-07:00" endTime="2011-04-14T00:55:32.8258834-07:00" testType="13cdc9d9-ddb5-4fa4-a97d-d965ccfc6d4b" outcome="Passed" testListId="8c84fa94-04c1-424b-9868-57a2d4851a1d" relativeResultsDirectory="ca49c187-059c-438e-808a-0e628a73c3bf">
    </UnitTestResult>
    <UnitTestResult executionId="e69a8f5d-08be-4129-b5d4-d50b848142dc" testId="afb15155-ab03-cd3c-8c09-517f799d0628" testName="Constructor5ThrowsWithObjectNotAssignableToType" computerName="GBLOCK-3-17" duration="00:00:00.1492948" startTime="2011-04-14T00:55:32.8318840-07:00" endTime="2011-04-14T00:55:32.9818990-07:00" testType="13cdc9d9-ddb5-4fa4-a97d-d965ccfc6d4b" outcome="Passed" testListId="8c84fa94-04c1-424b-9868-57a2d4851a1d" relativeResultsDirectory="e69a8f5d-08be-4129-b5d4-d50b848142dc">
    </UnitTestResult>
    <UnitTestResult executionId="84663b0d-2d48-47d9-a1f0-37f8d3965a2d" testId="a387f863-3503-43b5-f2cd-b69c3ffdcc44" testName="Constructor6" computerName="GBLOCK-3-17" duration="00:00:00.7426972" startTime="2011-04-14T00:55:32.9858994-07:00" endTime="2011-04-14T00:55:33.7379746-07:00" testType="13cdc9d9-ddb5-4fa4-a97d-d965ccfc6d4b" outcome="Passed" testListId="8c84fa94-04c1-424b-9868-57a2d4851a1d" relativeResultsDirectory="84663b0d-2d48-47d9-a1f0-37f8d3965a2d">
    </UnitTestResult>
    <UnitTestResult executionId="c36730b5-f275-4e5e-a856-99805d07807f" testId="9f44e24b-fc5f-d3d4-b833-9fb8a16890ff" testName="Constructor6SetsHttpContentWithHttpContentAsObject" computerName="GBLOCK-3-17" duration="00:00:00.0425445" startTime="2011-04-14T00:55:33.7419750-07:00" endTime="2011-04-14T00:55:33.7889797-07:00" testType="13cdc9d9-ddb5-4fa4-a97d-d965ccfc6d4b" outcome="Passed" testListId="8c84fa94-04c1-424b-9868-57a2d4851a1d" relativeResultsDirectory="c36730b5-f275-4e5e-a856-99805d07807f">
    </UnitTestResult>
    <UnitTestResult executionId="5648524e-83bb-450c-afb3-be535213edff" testId="00299580-0c13-1a64-66a4-fd4e8003c635" testName="Constructor6SetsHttpContentWithStreamAsObject" computerName="GBLOCK-3-17" duration="00:00:00.0080622" startTime="2011-04-14T00:55:33.7929801-07:00" endTime="2011-04-14T00:55:33.8059814-07:00" testType="13cdc9d9-ddb5-4fa4-a97d-d965ccfc6d4b" outcome="Passed" testListId="8c84fa94-04c1-424b-9868-57a2d4851a1d" relativeResultsDirectory="5648524e-83bb-450c-afb3-be535213edff">
    </UnitTestResult>
    <UnitTestResult executionId="4e70c7dc-ca91-4296-82b8-968a67e5638e" testId="3f4d4e1e-f9b5-3194-da8f-42b832122fc9" testName="Constructor6ThrowsWithNullFormatters" computerName="GBLOCK-3-17" duration="00:00:00.0010470" startTime="2011-04-14T00:55:33.8089817-07:00" endTime="2011-04-14T00:55:33.8109819-07:00" testType="13cdc9d9-ddb5-4fa4-a97d-d965ccfc6d4b" outcome="Passed" testListId="8c84fa94-04c1-424b-9868-57a2d4851a1d" relativeResultsDirectory="4e70c7dc-ca91-4296-82b8-968a67e5638e">
    </UnitTestResult>
    <UnitTestResult executionId="e789c87a-0d57-4576-93d5-49ed84de9a9a" testId="e3d20541-6d9b-66b6-b176-86133c24d5ba" testName="Constructor6ThrowsWithNullMediaType" computerName="GBLOCK-3-17" duration="00:00:00.0009835" startTime="2011-04-14T00:55:33.8139822-07:00" endTime="2011-04-14T00:55:33.8179826-07:00" testType="13cdc9d9-ddb5-4fa4-a97d-d965ccfc6d4b" outcome="Passed" testListId="8c84fa94-04c1-424b-9868-57a2d4851a1d" relativeResultsDirectory="e789c87a-0d57-4576-93d5-49ed84de9a9a">
    </UnitTestResult>
    <UnitTestResult executionId="1099c984-cf02-479b-a825-026d7e9038af" testId="24665181-53e6-c43d-e8fb-25326bb6eb8a" testName="Constructor6ThrowsWithNullType" computerName="GBLOCK-3-17" duration="00:00:00.0040861" startTime="2011-04-14T00:55:33.8219830-07:00" endTime="2011-04-14T00:55:33.8359844-07:00" testType="13cdc9d9-ddb5-4fa4-a97d-d965ccfc6d4b" outcome="Passed" testListId="8c84fa94-04c1-424b-9868-57a2d4851a1d" relativeResultsDirectory="1099c984-cf02-479b-a825-026d7e9038af">
    </UnitTestResult>
    <UnitTestResult executionId="fc3d363f-9080-4d76-ab15-f307b8617cbc" testId="f004821b-121c-e076-18de-81c546f599de" testName="Constructor6ThrowsWithNullValueTypeObject" computerName="GBLOCK-3-17" duration="00:00:00.0396224" startTime="2011-04-14T00:55:33.8439852-07:00" endTime="2011-04-14T00:55:33.8869895-07:00" testType="13cdc9d9-ddb5-4fa4-a97d-d965ccfc6d4b" outcome="Passed" testListId="8c84fa94-04c1-424b-9868-57a2d4851a1d" relativeResultsDirectory="fc3d363f-9080-4d76-ab15-f307b8617cbc">
    </UnitTestResult>
    <UnitTestResult executionId="3fa5b104-8354-473f-90d0-47dd5d1a03ee" testId="9c74756b-1ded-698e-48ae-d399fe02d7d5" testName="Constructor6ThrowsWithObjectNotAssignableToType" computerName="GBLOCK-3-17" duration="00:00:00.1232985" startTime="2011-04-14T00:55:33.8899898-07:00" endTime="2011-04-14T00:55:34.0140022-07:00" testType="13cdc9d9-ddb5-4fa4-a97d-d965ccfc6d4b" outcome="Passed" testListId="8c84fa94-04c1-424b-9868-57a2d4851a1d" relativeResultsDirectory="3fa5b104-8354-473f-90d0-47dd5d1a03ee">
    </UnitTestResult>
    <UnitTestResult executionId="607a5d32-a6ba-4363-b412-e8d413b8ccec" testId="11dbf517-9cc0-4232-22bd-077ff8f89a4c" testName="Constructor7" computerName="GBLOCK-3-17" duration="00:00:02.2552583" startTime="2011-04-14T00:55:34.0180026-07:00" endTime="2011-04-14T00:55:36.2812289-07:00" testType="13cdc9d9-ddb5-4fa4-a97d-d965ccfc6d4b" outcome="Passed" testListId="8c84fa94-04c1-424b-9868-57a2d4851a1d" relativeResultsDirectory="607a5d32-a6ba-4363-b412-e8d413b8ccec">
    </UnitTestResult>
    <UnitTestResult executionId="71b4b973-b05d-4563-a9e3-35eb4f7ea955" testId="8d5694a0-a635-16ab-ee38-50393e06d52d" testName="Constructor7SetsContentHeadersWithHttpContent" computerName="GBLOCK-3-17" duration="00:00:00.0272735" startTime="2011-04-14T00:55:36.2842292-07:00" endTime="2011-04-14T00:55:36.3122320-07:00" testType="13cdc9d9-ddb5-4fa4-a97d-d965ccfc6d4b" outcome="Passed" testListId="8c84fa94-04c1-424b-9868-57a2d4851a1d" relativeResultsDirectory="71b4b973-b05d-4563-a9e3-35eb4f7ea955">
    </UnitTestResult>
    <UnitTestResult executionId="1aa31a18-b219-4a24-9b90-4014ba1bfe32" testId="fa530a06-809a-d621-8b5e-a50a7e56965b" testName="Constructor7ThrowsWithNullFormatters" computerName="GBLOCK-3-17" duration="00:00:00.0011679" startTime="2011-04-14T00:55:36.3182326-07:00" endTime="2011-04-14T00:55:36.3212329-07:00" testType="13cdc9d9-ddb5-4fa4-a97d-d965ccfc6d4b" outcome="Passed" testListId="8c84fa94-04c1-424b-9868-57a2d4851a1d" relativeResultsDirectory="1aa31a18-b219-4a24-9b90-4014ba1bfe32">
    </UnitTestResult>
    <UnitTestResult executionId="8f105d86-6536-4fe6-8901-ba7b285ae9d0" testId="4d40d511-c5f0-b2df-eb5d-d7af17863864" testName="Constructor7ThrowsWithNullHttpContent" computerName="GBLOCK-3-17" duration="00:00:00.0286370" startTime="2011-04-14T00:55:36.3242332-07:00" endTime="2011-04-14T00:55:36.3542362-07:00" testType="13cdc9d9-ddb5-4fa4-a97d-d965ccfc6d4b" outcome="Passed" testListId="8c84fa94-04c1-424b-9868-57a2d4851a1d" relativeResultsDirectory="8f105d86-6536-4fe6-8901-ba7b285ae9d0">
    </UnitTestResult>
    <UnitTestResult executionId="3218b8a8-a707-4586-9bd3-a576fbb7e5f4" testId="77576ff0-e2b4-1135-d50b-af1232092bda" testName="Constructor7ThrowsWithNullType" computerName="GBLOCK-3-17" duration="00:00:00.0021837" startTime="2011-04-14T00:55:36.3572365-07:00" endTime="2011-04-14T00:55:36.3592367-07:00" testType="13cdc9d9-ddb5-4fa4-a97d-d965ccfc6d4b" outcome="Passed" testListId="8c84fa94-04c1-424b-9868-57a2d4851a1d" relativeResultsDirectory="3218b8a8-a707-4586-9bd3-a576fbb7e5f4">
    </UnitTestResult>
    <UnitTestResult executionId="cd5f5d6e-5434-41c4-8db0-d3149a00440d" testId="ccdce0d0-74b3-ebbc-76a6-d43c64101b8e" testName="ConstructorSetsHttpContentWithHttpContentAsObject" computerName="GBLOCK-3-17" duration="00:00:00.0024905" startTime="2011-04-14T00:55:36.3632371-07:00" endTime="2011-04-14T00:55:36.3702378-07:00" testType="13cdc9d9-ddb5-4fa4-a97d-d965ccfc6d4b" outcome="Passed" testListId="8c84fa94-04c1-424b-9868-57a2d4851a1d" relativeResultsDirectory="cd5f5d6e-5434-41c4-8db0-d3149a00440d">
    </UnitTestResult>
    <UnitTestResult executionId="1ca11ffc-5de9-41b2-afd0-7e931fa39abd" testId="88f99648-2687-a586-ec71-6a509aa2c591" testName="ConstructorSetsHttpContentWithStreamAsObject" computerName="GBLOCK-3-17" duration="00:00:00.0010123" startTime="2011-04-14T00:55:36.3742382-07:00" endTime="2011-04-14T00:55:36.3792387-07:00" testType="13cdc9d9-ddb5-4fa4-a97d-d965ccfc6d4b" outcome="Passed" testListId="8c84fa94-04c1-424b-9868-57a2d4851a1d" relativeResultsDirectory="1ca11ffc-5de9-41b2-afd0-7e931fa39abd">
    </UnitTestResult>
    <UnitTestResult executionId="1598c926-e11e-4bce-8961-f225f1c8eae5" testId="b62ec78c-590a-fab6-c50b-b77762b35d63" testName="ConstructorThrowsWithNullType" computerName="GBLOCK-3-17" duration="00:00:00.0005142" startTime="2011-04-14T00:55:36.3822390-07:00" endTime="2011-04-14T00:55:36.3842392-07:00" testType="13cdc9d9-ddb5-4fa4-a97d-d965ccfc6d4b" outcome="Passed" testListId="8c84fa94-04c1-424b-9868-57a2d4851a1d" relativeResultsDirectory="1598c926-e11e-4bce-8961-f225f1c8eae5">
    </UnitTestResult>
    <UnitTestResult executionId="5b2e3366-651f-4951-9d2b-3cf21d435c29" testId="58d4cc2c-4aa6-67a0-a83b-20a2f9736e91" testName="ConstructorThrowsWithNullValueTypeObject" computerName="GBLOCK-3-17" duration="00:00:00.0038397" startTime="2011-04-14T00:55:36.3872395-07:00" endTime="2011-04-14T00:55:36.3922400-07:00" testType="13cdc9d9-ddb5-4fa4-a97d-d965ccfc6d4b" outcome="Passed" testListId="8c84fa94-04c1-424b-9868-57a2d4851a1d" relativeResultsDirectory="5b2e3366-651f-4951-9d2b-3cf21d435c29">
    </UnitTestResult>
    <UnitTestResult executionId="6b5d14cf-9213-4806-b5dd-d0d39ce460c9" testId="56ed91f1-bfaf-e214-0725-91f0e0cb32ff" testName="ConstructorThrowsWithObjectNotAssignableToType" computerName="GBLOCK-3-17" duration="00:00:00.0101374" startTime="2011-04-14T00:55:36.3962404-07:00" endTime="2011-04-14T00:55:36.4082416-07:00" testType="13cdc9d9-ddb5-4fa4-a97d-d965ccfc6d4b" outcome="Passed" testListId="8c84fa94-04c1-424b-9868-57a2d4851a1d" relativeResultsDirectory="6b5d14cf-9213-4806-b5dd-d0d39ce460c9">
    </UnitTestResult>
    <UnitTestResult executionId="1af721a8-c06a-4565-baab-de44a6418120" testId="90f799dd-06b9-bc8d-4824-e79439065a23" testName="CopyToAsyncCallsSerializeToStreamAsync" computerName="GBLOCK-3-17" duration="00:00:00.0178824" startTime="2011-04-14T00:55:36.4112419-07:00" endTime="2011-04-14T00:55:36.4342442-07:00" testType="13cdc9d9-ddb5-4fa4-a97d-d965ccfc6d4b" outcome="Passed" testListId="8c84fa94-04c1-424b-9868-57a2d4851a1d" relativeResultsDirectory="1af721a8-c06a-4565-baab-de44a6418120">
    </UnitTestResult>
    <UnitTestResult executionId="d7c02ace-489d-4578-8323-944492760111" testId="dd1ac30c-3bb5-913f-2418-96fb84a72f99" testName="CopyToCallsSerializeToStream" computerName="GBLOCK-3-17" duration="00:00:00.0045403" startTime="2011-04-14T00:55:36.4382446-07:00" endTime="2011-04-14T00:55:36.4472455-07:00" testType="13cdc9d9-ddb5-4fa4-a97d-d965ccfc6d4b" outcome="Passed" testListId="8c84fa94-04c1-424b-9868-57a2d4851a1d" relativeResultsDirectory="d7c02ace-489d-4578-8323-944492760111">
    </UnitTestResult>
    <UnitTestResult executionId="470c888f-c3f7-42b9-b561-dcb9c540b004" testId="2ca66f02-dd3b-9f7c-4a1d-7736d1222940" testName="DetermineWriteSerializerAndContentType" computerName="GBLOCK-3-17" duration="00:00:00.0371873" startTime="2011-04-14T00:55:36.4512459-07:00" endTime="2011-04-14T00:55:36.4952503-07:00" testType="13cdc9d9-ddb5-4fa4-a97d-d965ccfc6d4b" outcome="Passed" testListId="8c84fa94-04c1-424b-9868-57a2d4851a1d" relativeResultsDirectory="470c888f-c3f7-42b9-b561-dcb9c540b004">
    </UnitTestResult>
    <UnitTestResult executionId="7f40090a-04ba-4e06-9d67-a007724eeca8" testId="5425b3b1-ce75-eaaf-53b3-288fcdfffdd4" testName="FormattersReturnsMutableCollection" computerName="GBLOCK-3-17" duration="00:00:00.0009157" startTime="2011-04-14T00:55:36.5082516-07:00" endTime="2011-04-14T00:55:36.5112519-07:00" testType="13cdc9d9-ddb5-4fa4-a97d-d965ccfc6d4b" outcome="Passed" testListId="8c84fa94-04c1-424b-9868-57a2d4851a1d" relativeResultsDirectory="7f40090a-04ba-4e06-9d67-a007724eeca8">
    </UnitTestResult>
    <UnitTestResult executionId="be3e4889-a005-4f22-aaf4-bb647a02a29b" testId="88671c6a-43da-2b1c-55bc-5168023b0662" testName="HttpRequestMessageGetsAlteredPairing" computerName="GBLOCK-3-17" duration="00:00:00.0011459" startTime="2011-04-14T00:55:36.5272535-07:00" endTime="2011-04-14T00:55:36.5292537-07:00" testType="13cdc9d9-ddb5-4fa4-a97d-d965ccfc6d4b" outcome="Passed" testListId="8c84fa94-04c1-424b-9868-57a2d4851a1d" relativeResultsDirectory="be3e4889-a005-4f22-aaf4-bb647a02a29b">
    </UnitTestResult>
    <UnitTestResult executionId="abd28590-2c7a-4de6-ac0b-0c14373f3044" testId="0fa71e30-35fa-6282-3553-ef273a986d0e" testName="HttpRequestMessageGetsNullWithNoPairing" computerName="GBLOCK-3-17" duration="00:00:00.0008541" startTime="2011-04-14T00:55:36.5422550-07:00" endTime="2011-04-14T00:55:36.5432551-07:00" testType="13cdc9d9-ddb5-4fa4-a97d-d965ccfc6d4b" outcome="Passed" testListId="8c84fa94-04c1-424b-9868-57a2d4851a1d" relativeResultsDirectory="abd28590-2c7a-4de6-ac0b-0c14373f3044">
    </UnitTestResult>
    <UnitTestResult executionId="c7ddd046-ef16-4cb3-ad97-1c30be92e629" testId="4207b3de-ff15-c5ba-57ca-ff97b8105ac4" testName="HttpRequestMessageGetsValueWithPairing" computerName="GBLOCK-3-17" duration="00:00:00.0004576" startTime="2011-04-14T00:55:36.5462554-07:00" endTime="2011-04-14T00:55:36.5532561-07:00" testType="13cdc9d9-ddb5-4fa4-a97d-d965ccfc6d4b" outcome="Passed" testListId="8c84fa94-04c1-424b-9868-57a2d4851a1d" relativeResultsDirectory="c7ddd046-ef16-4cb3-ad97-1c30be92e629">
    </UnitTestResult>
    <UnitTestResult executionId="452c7ca7-8803-41f3-a230-6b03d2d9ab45" testId="b4e134b8-c4de-ba5e-fb65-ae4de5691e81" testName="HttpRequestMessageSetsHttpResponseMessageToNull" computerName="GBLOCK-3-17" duration="00:00:00.0055543" startTime="2011-04-14T00:55:36.5632571-07:00" endTime="2011-04-14T00:55:36.5702578-07:00" testType="13cdc9d9-ddb5-4fa4-a97d-d965ccfc6d4b" outcome="Passed" testListId="8c84fa94-04c1-424b-9868-57a2d4851a1d" relativeResultsDirectory="452c7ca7-8803-41f3-a230-6b03d2d9ab45">
    </UnitTestResult>
    <UnitTestResult executionId="7510cad2-6210-4ad3-9bc1-5d7eeed0ef76" testId="2c748dd7-cc28-6669-67ca-4d27825585ab" testName="HttpResponseMessageGetsAlteredPairing" computerName="GBLOCK-3-17" duration="00:00:00.0006821" startTime="2011-04-14T00:55:36.5772585-07:00" endTime="2011-04-14T00:55:36.5782586-07:00" testType="13cdc9d9-ddb5-4fa4-a97d-d965ccfc6d4b" outcome="Passed" testListId="8c84fa94-04c1-424b-9868-57a2d4851a1d" relativeResultsDirectory="7510cad2-6210-4ad3-9bc1-5d7eeed0ef76">
    </UnitTestResult>
    <UnitTestResult executionId="7218071b-fef1-40e0-b5f7-fe5b3ae48185" testId="2b99c2a2-3cb2-4aac-8abd-0f8a92181441" testName="HttpResponseMessageGetsNullWithNoPairing" computerName="GBLOCK-3-17" duration="00:00:00.0009569" startTime="2011-04-14T00:55:36.5842592-07:00" endTime="2011-04-14T00:55:36.5862594-07:00" testType="13cdc9d9-ddb5-4fa4-a97d-d965ccfc6d4b" outcome="Passed" testListId="8c84fa94-04c1-424b-9868-57a2d4851a1d" relativeResultsDirectory="7218071b-fef1-40e0-b5f7-fe5b3ae48185">
    </UnitTestResult>
    <UnitTestResult executionId="4b19065e-e270-47e4-a653-b1ddc64db8e8" testId="8e677ad3-4d3b-e70a-38f3-c3846971c141" testName="HttpResponseMessageGetsValueWithPairing" computerName="GBLOCK-3-17" duration="00:00:00.0006097" startTime="2011-04-14T00:55:36.5902598-07:00" endTime="2011-04-14T00:55:36.5932601-07:00" testType="13cdc9d9-ddb5-4fa4-a97d-d965ccfc6d4b" outcome="Passed" testListId="8c84fa94-04c1-424b-9868-57a2d4851a1d" relativeResultsDirectory="4b19065e-e270-47e4-a653-b1ddc64db8e8">
    </UnitTestResult>
    <UnitTestResult executionId="949278b0-52de-4b97-8852-cce789770491" testId="5891b51a-c506-242c-aa58-b2a9e9cb411a" testName="HttpResponseMessageSetsHttpRequestMessageToNull" computerName="GBLOCK-3-17" duration="00:00:00.0009523" startTime="2011-04-14T00:55:36.5972605-07:00" endTime="2011-04-14T00:55:36.5992607-07:00" testType="13cdc9d9-ddb5-4fa4-a97d-d965ccfc6d4b" outcome="Passed" testListId="8c84fa94-04c1-424b-9868-57a2d4851a1d" relativeResultsDirectory="949278b0-52de-4b97-8852-cce789770491">
    </UnitTestResult>
    <UnitTestResult executionId="5f5bd10f-c979-4a7e-aa4f-953812004b39" testId="4f105392-1793-5230-7804-4b1cd8043f3c" testName="ReadAsAsyncCallsFormatter" computerName="GBLOCK-3-17" duration="00:00:00.0098741" startTime="2011-04-14T00:55:36.6012609-07:00" endTime="2011-04-14T00:55:36.6172625-07:00" testType="13cdc9d9-ddb5-4fa4-a97d-d965ccfc6d4b" outcome="Passed" testListId="8c84fa94-04c1-424b-9868-57a2d4851a1d" relativeResultsDirectory="5f5bd10f-c979-4a7e-aa4f-953812004b39">
    </UnitTestResult>
    <UnitTestResult executionId="a75fa727-a270-467e-9cc4-f871295b496d" testId="70d462e3-417d-0e36-f276-6704a0de92d3" testName="ReadAsAsyncCallsFormatterOnceOnly" computerName="GBLOCK-3-17" duration="00:00:00.0052702" startTime="2011-04-14T00:55:36.6202628-07:00" endTime="2011-04-14T00:55:36.6292637-07:00" testType="13cdc9d9-ddb5-4fa4-a97d-d965ccfc6d4b" outcome="Passed" testListId="8c84fa94-04c1-424b-9868-57a2d4851a1d" relativeResultsDirectory="a75fa727-a270-467e-9cc4-f871295b496d">
    </UnitTestResult>
    <UnitTestResult executionId="848da62f-4a05-4693-a611-6fe3322182de" testId="9209631c-7e7d-260b-60e2-27df8de00837" testName="ReadAsAsyncFromStreamGetsRoundTrippedObject" computerName="GBLOCK-3-17" duration="00:00:00.1746356" startTime="2011-04-14T00:55:36.6322640-07:00" endTime="2011-04-14T00:55:36.8082816-07:00" testType="13cdc9d9-ddb5-4fa4-a97d-d965ccfc6d4b" outcome="Passed" testListId="8c84fa94-04c1-424b-9868-57a2d4851a1d" relativeResultsDirectory="848da62f-4a05-4693-a611-6fe3322182de">
    </UnitTestResult>
    <UnitTestResult executionId="ffc2fd87-0a2f-4a25-a53d-2ddd60e41ba9" testId="ff15a40b-9540-44a7-409a-ccf2df5f4b73" testName="ReadAsAsyncGetsTaskOfObject" computerName="GBLOCK-3-17" duration="00:00:00.0179090" startTime="2011-04-14T00:55:36.8142822-07:00" endTime="2011-04-14T00:55:36.8332841-07:00" testType="13cdc9d9-ddb5-4fa4-a97d-d965ccfc6d4b" outcome="Passed" testListId="8c84fa94-04c1-424b-9868-57a2d4851a1d" relativeResultsDirectory="ffc2fd87-0a2f-4a25-a53d-2ddd60e41ba9">
    </UnitTestResult>
    <UnitTestResult executionId="185304fa-1057-4596-a4ed-aa8a377ea1e4" testId="c3ddd259-4e58-cf82-5109-594c22659260" testName="ReadAsAsyncThrowsWithNoFormatter" computerName="GBLOCK-3-17" duration="00:00:00.0268143" startTime="2011-04-14T00:55:36.8362844-07:00" endTime="2011-04-14T00:55:36.8662874-07:00" testType="13cdc9d9-ddb5-4fa4-a97d-d965ccfc6d4b" outcome="Passed" testListId="8c84fa94-04c1-424b-9868-57a2d4851a1d" relativeResultsDirectory="185304fa-1057-4596-a4ed-aa8a377ea1e4">
    </UnitTestResult>
    <UnitTestResult executionId="c04e1a82-9108-4e98-becf-5a469972ba0e" testId="190dff6b-a724-690c-2bef-ad9c25558495" testName="ReadAsCallsFormatter" computerName="GBLOCK-3-17" duration="00:00:00.0044826" startTime="2011-04-14T00:55:36.8692877-07:00" endTime="2011-04-14T00:55:36.8822890-07:00" testType="13cdc9d9-ddb5-4fa4-a97d-d965ccfc6d4b" outcome="Passed" testListId="8c84fa94-04c1-424b-9868-57a2d4851a1d" relativeResultsDirectory="c04e1a82-9108-4e98-becf-5a469972ba0e">
    </UnitTestResult>
    <UnitTestResult executionId="3d93001f-7c71-4388-938f-1f30f0997b3d" testId="778d3e0f-4f34-b442-ce17-ecfe409b5fa6" testName="ReadAsCallsFormatterOnceOnly" computerName="GBLOCK-3-17" duration="00:00:00.0037108" startTime="2011-04-14T00:55:36.8872895-07:00" endTime="2011-04-14T00:55:36.8982906-07:00" testType="13cdc9d9-ddb5-4fa4-a97d-d965ccfc6d4b" outcome="Passed" testListId="8c84fa94-04c1-424b-9868-57a2d4851a1d" relativeResultsDirectory="3d93001f-7c71-4388-938f-1f30f0997b3d">
    </UnitTestResult>
    <UnitTestResult executionId="990fa7ec-e6c2-4d79-b1f7-2fbcf8f6519d" testId="7b41c144-1b26-94f5-b05e-f99c49e2c99c" testName="ReadAsFromStreamGetsRoundTrippedObject" computerName="GBLOCK-3-17" duration="00:00:00.0194241" startTime="2011-04-14T00:55:36.9002908-07:00" endTime="2011-04-14T00:55:36.9242932-07:00" testType="13cdc9d9-ddb5-4fa4-a97d-d965ccfc6d4b" outcome="Passed" testListId="8c84fa94-04c1-424b-9868-57a2d4851a1d" relativeResultsDirectory="990fa7ec-e6c2-4d79-b1f7-2fbcf8f6519d">
    </UnitTestResult>
    <UnitTestResult executionId="d50fdd73-2550-4788-8e55-1bfa139d554f" testId="8be0433d-81aa-4113-2dd0-6a9ca555363e" testName="ReadAsGetsObject" computerName="GBLOCK-3-17" duration="00:00:00.0018396" startTime="2011-04-14T00:55:36.9272935-07:00" endTime="2011-04-14T00:55:36.9292937-07:00" testType="13cdc9d9-ddb5-4fa4-a97d-d965ccfc6d4b" outcome="Passed" testListId="8c84fa94-04c1-424b-9868-57a2d4851a1d" relativeResultsDirectory="d50fdd73-2550-4788-8e55-1bfa139d554f">
    </UnitTestResult>
    <UnitTestResult executionId="b382f2af-d512-4781-8d35-68acc4740600" testId="936248ed-1766-7e4e-c04f-d069d5dd040e" testName="ReadAsOrDefaultAsyncGetsDefaultWithNoFormatter" computerName="GBLOCK-3-17" duration="00:00:00.0169717" startTime="2011-04-14T00:55:36.9312939-07:00" endTime="2011-04-14T00:55:36.9502958-07:00" testType="13cdc9d9-ddb5-4fa4-a97d-d965ccfc6d4b" outcome="Passed" testListId="8c84fa94-04c1-424b-9868-57a2d4851a1d" relativeResultsDirectory="b382f2af-d512-4781-8d35-68acc4740600">
    </UnitTestResult>
    <UnitTestResult executionId="c713cff3-246e-46dc-bc1f-4b17c685920e" testId="a6c7d660-421f-6c44-076c-18aec99dfe88" testName="ReadAsOrDefaultAsyncGetsTaskOfObject" computerName="GBLOCK-3-17" duration="00:00:00.0055993" startTime="2011-04-14T00:55:36.9552963-07:00" endTime="2011-04-14T00:55:36.9612969-07:00" testType="13cdc9d9-ddb5-4fa4-a97d-d965ccfc6d4b" outcome="Passed" testListId="8c84fa94-04c1-424b-9868-57a2d4851a1d" relativeResultsDirectory="c713cff3-246e-46dc-bc1f-4b17c685920e">
    </UnitTestResult>
    <UnitTestResult executionId="2a3c8ef1-9cd4-4a50-a1cc-75b5e9820889" testId="0e8655f6-6c31-aba0-0e03-ff7715717669" testName="ReadAsOrDefaultGetsDefaultWithNoFormatter" computerName="GBLOCK-3-17" duration="00:00:00.0137366" startTime="2011-04-14T00:55:36.9642972-07:00" endTime="2011-04-14T00:55:36.9782986-07:00" testType="13cdc9d9-ddb5-4fa4-a97d-d965ccfc6d4b" outcome="Passed" testListId="8c84fa94-04c1-424b-9868-57a2d4851a1d" relativeResultsDirectory="2a3c8ef1-9cd4-4a50-a1cc-75b5e9820889">
    </UnitTestResult>
    <UnitTestResult executionId="87079f62-cfb2-484c-bccc-56b1f2323dc1" testId="1c1e16c9-697c-0a58-633c-5079d21e5c83" testName="ReadAsOrDefaultGetsObject" computerName="GBLOCK-3-17" duration="00:00:00.0010174" startTime="2011-04-14T00:55:36.9792987-07:00" endTime="2011-04-14T00:55:36.9842992-07:00" testType="13cdc9d9-ddb5-4fa4-a97d-d965ccfc6d4b" outcome="Passed" testListId="8c84fa94-04c1-424b-9868-57a2d4851a1d" relativeResultsDirectory="87079f62-cfb2-484c-bccc-56b1f2323dc1">
    </UnitTestResult>
    <UnitTestResult executionId="2489cb91-7117-45ff-ba3d-4947061f9e06" testId="3c63ff46-95dd-9be8-89bc-d114927f6e13" testName="ReadAsThrowsWithNoFormatter" computerName="GBLOCK-3-17" duration="00:00:00.0176107" startTime="2011-04-14T00:55:36.9862994-07:00" endTime="2011-04-14T00:55:37.0053013-07:00" testType="13cdc9d9-ddb5-4fa4-a97d-d965ccfc6d4b" outcome="Passed" testListId="8c84fa94-04c1-424b-9868-57a2d4851a1d" relativeResultsDirectory="2489cb91-7117-45ff-ba3d-4947061f9e06">
    </UnitTestResult>
    <UnitTestResult executionId="a30f1f19-fda8-4092-aaf7-371b3ac9990b" testId="6f9739b6-9e44-a181-8de4-a432dfbe887a" testName="SerializeToStreamAsyncCallsFormatter" computerName="GBLOCK-3-17" duration="00:00:00.0069100" startTime="2011-04-14T00:55:37.0073015-07:00" endTime="2011-04-14T00:55:37.0213029-07:00" testType="13cdc9d9-ddb5-4fa4-a97d-d965ccfc6d4b" outcome="Passed" testListId="8c84fa94-04c1-424b-9868-57a2d4851a1d" relativeResultsDirectory="a30f1f19-fda8-4092-aaf7-371b3ac9990b">
    </UnitTestResult>
    <UnitTestResult executionId="55705ea1-3eef-408e-b7bf-7364565cbf83" testId="32ff42a4-f2ea-bcd3-b1f4-e1c431b3394f" testName="SerializeToStreamAsyncUsesXmlMediaTypeFormatterWithNoMatchingFormatters" computerName="GBLOCK-3-17" duration="00:00:00.0026129" startTime="2011-04-14T00:55:37.0253033-07:00" endTime="2011-04-14T00:55:37.0393047-07:00" testType="13cdc9d9-ddb5-4fa4-a97d-d965ccfc6d4b" outcome="Passed" testListId="8c84fa94-04c1-424b-9868-57a2d4851a1d" relativeResultsDirectory="55705ea1-3eef-408e-b7bf-7364565cbf83">
    </UnitTestResult>
    <UnitTestResult executionId="1f1d9000-15b5-4fc7-b838-3e8316d2c483" testId="d35e30be-f962-9527-dd27-f07d967b4216" testName="SerializeToStreamCallsFormatter" computerName="GBLOCK-3-17" duration="00:00:00.0057675" startTime="2011-04-14T00:55:37.0403048-07:00" endTime="2011-04-14T00:55:37.0663074-07:00" testType="13cdc9d9-ddb5-4fa4-a97d-d965ccfc6d4b" outcome="Passed" testListId="8c84fa94-04c1-424b-9868-57a2d4851a1d" relativeResultsDirectory="1f1d9000-15b5-4fc7-b838-3e8316d2c483">
    </UnitTestResult>
    <UnitTestResult executionId="2a822003-4e4a-44b4-9df4-40a32310a4f0" testId="12a0132a-3ac1-8c25-2eac-86ff672b1460" testName="SerializeToStreamUsesXmlMediaTypeFormatterWithNoMatchingFormatters" computerName="GBLOCK-3-17" duration="00:00:00.0026676" startTime="2011-04-14T00:55:37.0693077-07:00" endTime="2011-04-14T00:55:37.0743082-07:00" testType="13cdc9d9-ddb5-4fa4-a97d-d965ccfc6d4b" outcome="Passed" testListId="8c84fa94-04c1-424b-9868-57a2d4851a1d" relativeResultsDirectory="2a822003-4e4a-44b4-9df4-40a32310a4f0">
    </UnitTestResult>
    <UnitTestResult executionId="99c4fce0-8bd2-41c8-9f29-349f60c06472" testId="7d03f59f-5461-3f7f-be3b-5e740eccee52" testName="TypeIsCorrect" computerName="GBLOCK-3-17" duration="00:00:00.0004515" startTime="2011-04-14T00:55:37.0753083-07:00" endTime="2011-04-14T00:55:37.0843092-07:00" testType="13cdc9d9-ddb5-4fa4-a97d-d965ccfc6d4b" outcome="Passed" testListId="8c84fa94-04c1-424b-9868-57a2d4851a1d" relativeResultsDirectory="99c4fce0-8bd2-41c8-9f29-349f60c06472">
    </UnitTestResult>
    <UnitTestResult executionId="ed60fa86-2a47-420c-af0b-f67f9aedaf2d" testId="7b287c18-3fe9-522b-e16d-ea4e3bdd040d" testName="UnitTestClassIsCorrect" computerName="GBLOCK-3-17" duration="00:00:00.0106078" startTime="2011-04-14T00:55:37.0853093-07:00" endTime="2011-04-14T00:55:37.0973105-07:00" testType="13cdc9d9-ddb5-4fa4-a97d-d965ccfc6d4b" outcome="Passed" testListId="8c84fa94-04c1-424b-9868-57a2d4851a1d" relativeResultsDirectory="ed60fa86-2a47-420c-af0b-f67f9aedaf2d">
    </UnitTestResult>
    <UnitTestResult executionId="d6e12487-844f-482e-bf21-7902af37df6b" testId="38c8d447-276b-2c54-c246-3c574e51b167" testName="CharSet_Is_CharSet_Of_MediaTypeHeaderValue" computerName="GBLOCK-3-17" duration="00:00:00.0011559" startTime="2011-04-14T00:55:37.0993107-07:00" endTime="2011-04-14T00:55:37.1023110-07:00" testType="13cdc9d9-ddb5-4fa4-a97d-d965ccfc6d4b" outcome="Passed" testListId="8c84fa94-04c1-424b-9868-57a2d4851a1d" relativeResultsDirectory="d6e12487-844f-482e-bf21-7902af37df6b">
    </UnitTestResult>
    <UnitTestResult executionId="67eb2b41-720d-4c19-ab1d-afa1b39f714b" testId="e69e94f5-b5cb-127d-f866-bfbd362d3485" testName="IsAllMediaRange_Returns_True_Only_When_Type_And_SubType_Are_Wildcards" computerName="GBLOCK-3-17" duration="00:00:00.0017241" startTime="2011-04-14T00:55:37.1043112-07:00" endTime="2011-04-14T00:55:37.1073115-07:00" testType="13cdc9d9-ddb5-4fa4-a97d-d965ccfc6d4b" outcome="Passed" testListId="8c84fa94-04c1-424b-9868-57a2d4851a1d" relativeResultsDirectory="67eb2b41-720d-4c19-ab1d-afa1b39f714b">
    </UnitTestResult>
    <UnitTestResult executionId="329c50a1-8f7e-4613-a165-dfa3bd2fa937" testId="c7255e59-86dd-7d74-aa2f-5cca5df080e3" testName="IsSubTypeMediaRange_Returns_True_For_Media_Ranges" computerName="GBLOCK-3-17" duration="00:00:00.0004084" startTime="2011-04-14T00:55:37.1083116-07:00" endTime="2011-04-14T00:55:37.1113119-07:00" testType="13cdc9d9-ddb5-4fa4-a97d-d965ccfc6d4b" outcome="Passed" testListId="8c84fa94-04c1-424b-9868-57a2d4851a1d" relativeResultsDirectory="329c50a1-8f7e-4613-a165-dfa3bd2fa937">
    </UnitTestResult>
    <UnitTestResult executionId="703f2478-fcb4-4e3f-93f4-5ddbab30b2a8" testId="40241d34-edb3-1fb9-c43e-11d64436fe68" testName="MediaTypeHeaderValue_Ensures_Valid_MediaType" computerName="GBLOCK-3-17" duration="00:00:00.0015690" startTime="2011-04-14T00:55:37.1123120-07:00" endTime="2011-04-14T00:55:37.1163124-07:00" testType="13cdc9d9-ddb5-4fa4-a97d-d965ccfc6d4b" outcome="Passed" testListId="8c84fa94-04c1-424b-9868-57a2d4851a1d" relativeResultsDirectory="703f2478-fcb4-4e3f-93f4-5ddbab30b2a8">
    </UnitTestResult>
    <UnitTestResult executionId="89c85ce5-4c81-44e3-ac7b-81c464c8fd05" testId="095e5032-cd89-ef29-8541-3b5c7165b9e8" testName="QualityFactor_Returns_1_For_MediaTypeHeaderValue" computerName="GBLOCK-3-17" duration="00:00:00.0017741" startTime="2011-04-14T00:55:37.1183126-07:00" endTime="2011-04-14T00:55:37.1213129-07:00" testType="13cdc9d9-ddb5-4fa4-a97d-d965ccfc6d4b" outcome="Passed" testListId="8c84fa94-04c1-424b-9868-57a2d4851a1d" relativeResultsDirectory="89c85ce5-4c81-44e3-ac7b-81c464c8fd05">
    </UnitTestResult>
    <UnitTestResult executionId="d2c7af53-f9f7-4892-9bf9-c4f7e4c5efa8" testId="78c67d31-82a9-5fd3-dc06-1cb2349ceb67" testName="QualityFactor_Returns_Q_Value_For_MediaTypeWithQualityHeaderValue" computerName="GBLOCK-3-17" duration="00:00:00.0029902" startTime="2011-04-14T00:55:37.1253133-07:00" endTime="2011-04-14T00:55:37.1293137-07:00" testType="13cdc9d9-ddb5-4fa4-a97d-d965ccfc6d4b" outcome="Passed" testListId="8c84fa94-04c1-424b-9868-57a2d4851a1d" relativeResultsDirectory="d2c7af53-f9f7-4892-9bf9-c4f7e4c5efa8">
    </UnitTestResult>
    <UnitTestResult executionId="e95568f0-765d-4d40-909f-e01166c5303d" testId="2ce0c6a5-043c-d3d5-9d55-2205f4dd8547" testName="SubType_Returns_Just_The_Sub_Type" computerName="GBLOCK-3-17" duration="00:00:00.0004908" startTime="2011-04-14T00:55:37.1313139-07:00" endTime="2011-04-14T00:55:37.1333141-07:00" testType="13cdc9d9-ddb5-4fa4-a97d-d965ccfc6d4b" outcome="Passed" testListId="8c84fa94-04c1-424b-9868-57a2d4851a1d" relativeResultsDirectory="e95568f0-765d-4d40-909f-e01166c5303d">
    </UnitTestResult>
    <UnitTestResult executionId="47016008-5c78-49bf-ad15-d6c6e490ef14" testId="eb17421e-48cd-b9db-34f3-b849d7dbce75" testName="Type_Returns_Just_The_Type" computerName="GBLOCK-3-17" duration="00:00:00.0017818" startTime="2011-04-14T00:55:37.1363144-07:00" endTime="2011-04-14T00:55:37.1383146-07:00" testType="13cdc9d9-ddb5-4fa4-a97d-d965ccfc6d4b" outcome="Passed" testListId="8c84fa94-04c1-424b-9868-57a2d4851a1d" relativeResultsDirectory="47016008-5c78-49bf-ad15-d6c6e490ef14">
    </UnitTestResult>
    <UnitTestResult executionId="2b60baa2-585a-4df3-9dc2-5ac1a14dfa4c" testId="b0051a55-1f5a-066d-1293-62195317a27f" testName="Constructor" computerName="GBLOCK-3-17" duration="00:00:00.0014196" startTime="2011-04-14T00:55:37.1393147-07:00" endTime="2011-04-14T00:55:37.1433151-07:00" testType="13cdc9d9-ddb5-4fa4-a97d-d965ccfc6d4b" outcome="Passed" testListId="8c84fa94-04c1-424b-9868-57a2d4851a1d" relativeResultsDirectory="2b60baa2-585a-4df3-9dc2-5ac1a14dfa4c">
    </UnitTestResult>
    <UnitTestResult executionId="29713a2b-cfa8-4a31-bc5d-c86b9488f928" testId="d3194c55-49ed-260c-14aa-57cd80c96868" testName="Constructor1" computerName="GBLOCK-3-17" duration="00:00:00.0022076" startTime="2011-04-14T00:55:37.1443152-07:00" endTime="2011-04-14T00:55:37.1483156-07:00" testType="13cdc9d9-ddb5-4fa4-a97d-d965ccfc6d4b" outcome="Passed" testListId="8c84fa94-04c1-424b-9868-57a2d4851a1d" relativeResultsDirectory="29713a2b-cfa8-4a31-bc5d-c86b9488f928">
    </UnitTestResult>
    <UnitTestResult executionId="a2e22e01-3d56-4338-a1a2-dd6b749e4ea4" testId="89495f2c-bf06-ff77-b60e-9e1489d67c82" testName="Constructor1ThrowsWithEmptyMediaType" computerName="GBLOCK-3-17" duration="00:00:00.0023874" startTime="2011-04-14T00:55:37.1493157-07:00" endTime="2011-04-14T00:55:37.1533161-07:00" testType="13cdc9d9-ddb5-4fa4-a97d-d965ccfc6d4b" outcome="Passed" testListId="8c84fa94-04c1-424b-9868-57a2d4851a1d" relativeResultsDirectory="a2e22e01-3d56-4338-a1a2-dd6b749e4ea4">
    </UnitTestResult>
    <UnitTestResult executionId="bf3db23a-0ee0-42df-b8d9-1e6d6054e22d" testId="489b25f7-149b-2f51-6c4e-5d72efb851b2" testName="Constructor1ThrowsWithEmptyQueryParameterName" computerName="GBLOCK-3-17" duration="00:00:00.0021017" startTime="2011-04-14T00:55:37.1553163-07:00" endTime="2011-04-14T00:55:37.1603168-07:00" testType="13cdc9d9-ddb5-4fa4-a97d-d965ccfc6d4b" outcome="Passed" testListId="8c84fa94-04c1-424b-9868-57a2d4851a1d" relativeResultsDirectory="bf3db23a-0ee0-42df-b8d9-1e6d6054e22d">
    </UnitTestResult>
    <UnitTestResult executionId="f8d20258-6e55-4d3e-b289-dd87d24a76ff" testId="ae9b7d12-cfe0-7f75-0499-dc4540ad7038" testName="Constructor1ThrowsWithEmptyQueryParameterValue" computerName="GBLOCK-3-17" duration="00:00:00.0021695" startTime="2011-04-14T00:55:37.1623170-07:00" endTime="2011-04-14T00:55:37.1663174-07:00" testType="13cdc9d9-ddb5-4fa4-a97d-d965ccfc6d4b" outcome="Passed" testListId="8c84fa94-04c1-424b-9868-57a2d4851a1d" relativeResultsDirectory="f8d20258-6e55-4d3e-b289-dd87d24a76ff">
    </UnitTestResult>
    <UnitTestResult executionId="76c0e242-93ce-4a2a-bbea-0f9e24404240" testId="30a26b88-02e5-300a-05e8-a76858771c46" testName="ConstructorThrowsWithEmptyQueryParameterName" computerName="GBLOCK-3-17" duration="00:00:00.0023219" startTime="2011-04-14T00:55:37.1683176-07:00" endTime="2011-04-14T00:55:37.1723180-07:00" testType="13cdc9d9-ddb5-4fa4-a97d-d965ccfc6d4b" outcome="Passed" testListId="8c84fa94-04c1-424b-9868-57a2d4851a1d" relativeResultsDirectory="76c0e242-93ce-4a2a-bbea-0f9e24404240">
    </UnitTestResult>
    <UnitTestResult executionId="9002ea21-ad0a-431a-8c99-356da9575627" testId="fb21d2b2-0bbe-1548-c3f3-044cea206a55" testName="ConstructorThrowsWithEmptyQueryParameterValue" computerName="GBLOCK-3-17" duration="00:00:00.0021406" startTime="2011-04-14T00:55:37.1733181-07:00" endTime="2011-04-14T00:55:37.1803188-07:00" testType="13cdc9d9-ddb5-4fa4-a97d-d965ccfc6d4b" outcome="Passed" testListId="8c84fa94-04c1-424b-9868-57a2d4851a1d" relativeResultsDirectory="9002ea21-ad0a-431a-8c99-356da9575627">
    </UnitTestResult>
    <UnitTestResult executionId="bf3b33fc-566a-414e-a0cd-06b0079c8f89" testId="60ca3a90-4ac0-0a3c-3175-5d4ecdf80936" testName="ConstructorThrowsWithNullMediaTypeHeaderValue" computerName="GBLOCK-3-17" duration="00:00:00.0010416" startTime="2011-04-14T00:55:37.1813189-07:00" endTime="2011-04-14T00:55:37.1853193-07:00" testType="13cdc9d9-ddb5-4fa4-a97d-d965ccfc6d4b" outcome="Passed" testListId="8c84fa94-04c1-424b-9868-57a2d4851a1d" relativeResultsDirectory="bf3b33fc-566a-414e-a0cd-06b0079c8f89">
    </UnitTestResult>
    <UnitTestResult executionId="bce575f3-482b-4578-bc34-390d1b704ee7" testId="1defc877-5f7c-0234-b2ed-d5121ed2b704" testName="SupportsMediaType1ReturnsFalseWithQueryStringParameterNameNotInUri" computerName="GBLOCK-3-17" duration="00:00:00.0062695" startTime="2011-04-14T00:55:37.1863194-07:00" endTime="2011-04-14T00:55:37.1953203-07:00" testType="13cdc9d9-ddb5-4fa4-a97d-d965ccfc6d4b" outcome="Passed" testListId="8c84fa94-04c1-424b-9868-57a2d4851a1d" relativeResultsDirectory="bce575f3-482b-4578-bc34-390d1b704ee7">
    </UnitTestResult>
    <UnitTestResult executionId="336ded59-b631-4550-99f6-0fb5d34fde22" testId="a991d121-fd05-250d-e434-8553ba0f9d03" testName="SupportsMediaType1ReturnsFalseWithQueryStringParameterValueNotInUri" computerName="GBLOCK-3-17" duration="00:00:00.0027319" startTime="2011-04-14T00:55:37.1973205-07:00" endTime="2011-04-14T00:55:37.2013209-07:00" testType="13cdc9d9-ddb5-4fa4-a97d-d965ccfc6d4b" outcome="Passed" testListId="8c84fa94-04c1-424b-9868-57a2d4851a1d" relativeResultsDirectory="336ded59-b631-4550-99f6-0fb5d34fde22">
    </UnitTestResult>
    <UnitTestResult executionId="1428a987-f72b-4db7-b4eb-92c3d5573f10" testId="57034684-30d0-0abe-d98c-ccad6751313c" testName="SupportsMediaType1ReturnsTrueWithQueryStringParameterNameAndValueInUri" computerName="GBLOCK-3-17" duration="00:00:00.0024828" startTime="2011-04-14T00:55:37.2033211-07:00" endTime="2011-04-14T00:55:37.2073215-07:00" testType="13cdc9d9-ddb5-4fa4-a97d-d965ccfc6d4b" outcome="Passed" testListId="8c84fa94-04c1-424b-9868-57a2d4851a1d" relativeResultsDirectory="1428a987-f72b-4db7-b4eb-92c3d5573f10">
    </UnitTestResult>
    <UnitTestResult executionId="71b8638f-a2d7-4f47-9fb2-768b69505ac9" testId="24250228-198e-e55c-31f8-e73c614c813e" testName="SupportsMediaType1ThrowsWithNullHttpResponseMessage" computerName="GBLOCK-3-17" duration="00:00:00.0024243" startTime="2011-04-14T00:55:37.2103218-07:00" endTime="2011-04-14T00:55:37.2133221-07:00" testType="13cdc9d9-ddb5-4fa4-a97d-d965ccfc6d4b" outcome="Passed" testListId="8c84fa94-04c1-424b-9868-57a2d4851a1d" relativeResultsDirectory="71b8638f-a2d7-4f47-9fb2-768b69505ac9">
    </UnitTestResult>
    <UnitTestResult executionId="54c13888-3f57-451b-bafa-eeea878ce384" testId="e8f2fa7f-0111-ee28-ea43-bfb44625e324" testName="SupportsMediaType1ThrowsWithNullRequestInHttpResponseMessage" computerName="GBLOCK-3-17" duration="00:00:00.0030183" startTime="2011-04-14T00:55:37.2153223-07:00" endTime="2011-04-14T00:55:37.2193227-07:00" testType="13cdc9d9-ddb5-4fa4-a97d-d965ccfc6d4b" outcome="Passed" testListId="8c84fa94-04c1-424b-9868-57a2d4851a1d" relativeResultsDirectory="54c13888-3f57-451b-bafa-eeea878ce384">
    </UnitTestResult>
    <UnitTestResult executionId="dd2879da-3541-446d-aae8-00b887eb96e1" testId="1cea6394-8b3f-3177-1eb9-928ca867d14d" testName="SupportsMediaType1ThrowsWithNullUriInHttpRequestMessage" computerName="GBLOCK-3-17" duration="00:00:00.0019982" startTime="2011-04-14T00:55:37.2203228-07:00" endTime="2011-04-14T00:55:37.2253233-07:00" testType="13cdc9d9-ddb5-4fa4-a97d-d965ccfc6d4b" outcome="Passed" testListId="8c84fa94-04c1-424b-9868-57a2d4851a1d" relativeResultsDirectory="dd2879da-3541-446d-aae8-00b887eb96e1">
    </UnitTestResult>
    <UnitTestResult executionId="4cc69a48-28a6-43aa-9987-1390b7f7e992" testId="9c046774-1ada-1e71-9721-aa18effee99a" testName="SupportsMediaTypeReturnsFalseWithQueryStringParameterNameNotInUri" computerName="GBLOCK-3-17" duration="00:00:00.0026353" startTime="2011-04-14T00:55:37.2263234-07:00" endTime="2011-04-14T00:55:37.2383246-07:00" testType="13cdc9d9-ddb5-4fa4-a97d-d965ccfc6d4b" outcome="Passed" testListId="8c84fa94-04c1-424b-9868-57a2d4851a1d" relativeResultsDirectory="4cc69a48-28a6-43aa-9987-1390b7f7e992">
    </UnitTestResult>
    <UnitTestResult executionId="23d7428d-9299-40ee-a0b4-47aaaddb6bf5" testId="26f358ab-5741-cc97-3cb6-e3525cf63d9d" testName="SupportsMediaTypeReturnsFalseWithQueryStringParameterValueNotInUri" computerName="GBLOCK-3-17" duration="00:00:00.0050192" startTime="2011-04-14T00:55:37.2483256-07:00" endTime="2011-04-14T00:55:37.2633271-07:00" testType="13cdc9d9-ddb5-4fa4-a97d-d965ccfc6d4b" outcome="Passed" testListId="8c84fa94-04c1-424b-9868-57a2d4851a1d" relativeResultsDirectory="23d7428d-9299-40ee-a0b4-47aaaddb6bf5">
    </UnitTestResult>
    <UnitTestResult executionId="4bde8661-ec12-4d71-9d67-0d0fe0b6e5a9" testId="cbcf6cd8-6d03-b6e2-4979-09f79c239bad" testName="SupportsMediaTypeReturnsTrueWithQueryStringParameterNameAndValueInUri" computerName="GBLOCK-3-17" duration="00:00:00.0056332" startTime="2011-04-14T00:55:37.2743282-07:00" endTime="2011-04-14T00:55:37.2813289-07:00" testType="13cdc9d9-ddb5-4fa4-a97d-d965ccfc6d4b" outcome="Passed" testListId="8c84fa94-04c1-424b-9868-57a2d4851a1d" relativeResultsDirectory="4bde8661-ec12-4d71-9d67-0d0fe0b6e5a9">
    </UnitTestResult>
    <UnitTestResult executionId="36d78e7b-f212-49a1-b05e-5e34ac7f8513" testId="0e12d3f2-cf95-72e1-a5dd-93a569171b93" testName="SupportsMediaTypeThrowsWithNullHttpRequestMessage" computerName="GBLOCK-3-17" duration="00:00:00.0026218" startTime="2011-04-14T00:55:37.2913299-07:00" endTime="2011-04-14T00:55:37.2963304-07:00" testType="13cdc9d9-ddb5-4fa4-a97d-d965ccfc6d4b" outcome="Passed" testListId="8c84fa94-04c1-424b-9868-57a2d4851a1d" relativeResultsDirectory="36d78e7b-f212-49a1-b05e-5e34ac7f8513">
    </UnitTestResult>
    <UnitTestResult executionId="5a57ad30-8a29-4a75-a525-ea4b89dfd7fa" testId="d774d954-a03a-e71e-5244-2a1691932535" testName="SupportsMediaTypeThrowsWithNullUriInHttpRequestMessage" computerName="GBLOCK-3-17" duration="00:00:00.0033470" startTime="2011-04-14T00:55:37.3003308-07:00" endTime="2011-04-14T00:55:37.3043312-07:00" testType="13cdc9d9-ddb5-4fa4-a97d-d965ccfc6d4b" outcome="Passed" testListId="8c84fa94-04c1-424b-9868-57a2d4851a1d" relativeResultsDirectory="5a57ad30-8a29-4a75-a525-ea4b89dfd7fa">
    </UnitTestResult>
    <UnitTestResult executionId="7cf8fbf2-0dd1-4f29-9b24-e0cbbd59c6f9" testId="5016bc88-8486-79fd-f4f4-bf4a77c81557" testName="TypeIsCorrect" computerName="GBLOCK-3-17" duration="00:00:00.0004026" startTime="2011-04-14T00:55:37.3073315-07:00" endTime="2011-04-14T00:55:37.3093317-07:00" testType="13cdc9d9-ddb5-4fa4-a97d-d965ccfc6d4b" outcome="Passed" testListId="8c84fa94-04c1-424b-9868-57a2d4851a1d" relativeResultsDirectory="7cf8fbf2-0dd1-4f29-9b24-e0cbbd59c6f9">
    </UnitTestResult>
    <UnitTestResult executionId="ee69aa3f-70e1-483e-8379-de416c323464" testId="6bef8db5-1271-65c2-58e0-12ee929b415b" testName="UnitTestClassIsCorrect" computerName="GBLOCK-3-17" duration="00:00:00.0030583" startTime="2011-04-14T00:55:37.3123320-07:00" endTime="2011-04-14T00:55:37.3163324-07:00" testType="13cdc9d9-ddb5-4fa4-a97d-d965ccfc6d4b" outcome="Passed" testListId="8c84fa94-04c1-424b-9868-57a2d4851a1d" relativeResultsDirectory="ee69aa3f-70e1-483e-8379-de416c323464">
    </UnitTestResult>
    <UnitTestResult executionId="0e206423-e367-4866-9ee8-0032c3ba9a91" testId="91f6204f-d7f5-d831-22f3-c437b393953a" testName="UnitTestClassIsCorrect" computerName="GBLOCK-3-17" duration="00:00:00.0001416" startTime="2011-04-14T00:55:37.3193327-07:00" endTime="2011-04-14T00:55:37.3203328-07:00" testType="13cdc9d9-ddb5-4fa4-a97d-d965ccfc6d4b" outcome="Passed" testListId="8c84fa94-04c1-424b-9868-57a2d4851a1d" relativeResultsDirectory="0e206423-e367-4866-9ee8-0032c3ba9a91">
    </UnitTestResult>
    <UnitTestResult executionId="8c0a1491-1f25-48bd-b445-50305443083f" testId="4f1823cd-bfe4-58a1-0190-922193c5c508" testName="UnitTestSuiteIsCorrect" computerName="GBLOCK-3-17" duration="00:00:00.0175337" startTime="2011-04-14T00:55:37.3223330-07:00" endTime="2011-04-14T00:55:37.3413349-07:00" testType="13cdc9d9-ddb5-4fa4-a97d-d965ccfc6d4b" outcome="Passed" testListId="8c84fa94-04c1-424b-9868-57a2d4851a1d" relativeResultsDirectory="8c0a1491-1f25-48bd-b445-50305443083f">
    </UnitTestResult>
    <UnitTestResult executionId="bd2b1d4f-fa72-4004-aca4-bbfd64a1cf4b" testId="8bc3e283-dd9f-5740-928d-d1a137b6b875" testName="Constructor" computerName="GBLOCK-3-17" duration="00:00:00.0009034" startTime="2011-04-14T00:55:37.3443352-07:00" endTime="2011-04-14T00:55:37.3473355-07:00" testType="13cdc9d9-ddb5-4fa4-a97d-d965ccfc6d4b" outcome="Passed" testListId="8c84fa94-04c1-424b-9868-57a2d4851a1d" relativeResultsDirectory="bd2b1d4f-fa72-4004-aca4-bbfd64a1cf4b">
    </UnitTestResult>
    <UnitTestResult executionId="48e5cc72-3ce0-45c5-99a1-0830af323a09" testId="5fff4461-b51e-97d3-cb92-0f7407ff9d85" testName="Constructor1" computerName="GBLOCK-3-17" duration="00:00:00.0005824" startTime="2011-04-14T00:55:37.3503358-07:00" endTime="2011-04-14T00:55:37.3513359-07:00" testType="13cdc9d9-ddb5-4fa4-a97d-d965ccfc6d4b" outcome="Passed" testListId="8c84fa94-04c1-424b-9868-57a2d4851a1d" relativeResultsDirectory="48e5cc72-3ce0-45c5-99a1-0830af323a09">
    </UnitTestResult>
    <UnitTestResult executionId="25463a1a-380c-4385-880a-616431d73315" testId="359a5f58-9396-4b7a-707a-6d580ac507be" testName="Constructor1ThrowsWithEmptyUriPathExtension" computerName="GBLOCK-3-17" duration="00:00:00.0021483" startTime="2011-04-14T00:55:37.3543362-07:00" endTime="2011-04-14T00:55:37.3573365-07:00" testType="13cdc9d9-ddb5-4fa4-a97d-d965ccfc6d4b" outcome="Passed" testListId="8c84fa94-04c1-424b-9868-57a2d4851a1d" relativeResultsDirectory="25463a1a-380c-4385-880a-616431d73315">
    </UnitTestResult>
    <UnitTestResult executionId="75ed12f3-c2c6-4b93-b72f-cceeff78b780" testId="e02e9296-2a81-39f1-a362-7fada3142adc" testName="Constructor1ThrowsWithNullMediaType" computerName="GBLOCK-3-17" duration="00:00:00.0007448" startTime="2011-04-14T00:55:37.3603368-07:00" endTime="2011-04-14T00:55:37.3633371-07:00" testType="13cdc9d9-ddb5-4fa4-a97d-d965ccfc6d4b" outcome="Passed" testListId="8c84fa94-04c1-424b-9868-57a2d4851a1d" relativeResultsDirectory="75ed12f3-c2c6-4b93-b72f-cceeff78b780">
    </UnitTestResult>
    <UnitTestResult executionId="852ad85d-4cd4-4e5f-b16f-e6f4b06bab0b" testId="8013a69e-84b5-7079-c698-f3b6d77b3904" testName="ConstructorThrowsWithEmptyMediaType" computerName="GBLOCK-3-17" duration="00:00:00.0013919" startTime="2011-04-14T00:55:37.3653373-07:00" endTime="2011-04-14T00:55:37.3683376-07:00" testType="13cdc9d9-ddb5-4fa4-a97d-d965ccfc6d4b" outcome="Passed" testListId="8c84fa94-04c1-424b-9868-57a2d4851a1d" relativeResultsDirectory="852ad85d-4cd4-4e5f-b16f-e6f4b06bab0b">
    </UnitTestResult>
    <UnitTestResult executionId="c51a18c6-a43a-45bc-b63d-ee2816e1cd42" testId="6148554f-0805-99eb-7fbf-8d2ab641ea06" testName="ConstructorThrowsWithEmptyUriPathExtension" computerName="GBLOCK-3-17" duration="00:00:00.0021333" startTime="2011-04-14T00:55:37.3703378-07:00" endTime="2011-04-14T00:55:37.3743382-07:00" testType="13cdc9d9-ddb5-4fa4-a97d-d965ccfc6d4b" outcome="Passed" testListId="8c84fa94-04c1-424b-9868-57a2d4851a1d" relativeResultsDirectory="c51a18c6-a43a-45bc-b63d-ee2816e1cd42">
    </UnitTestResult>
    <UnitTestResult executionId="9f0cbee6-8171-48e7-bf5d-646f9641bdd8" testId="7edae74c-575c-8b6a-90c0-b64f1fb385f8" testName="SupportsMediaType1ReturnsFalseWithExtensionNotInUri" computerName="GBLOCK-3-17" duration="00:00:00.0017903" startTime="2011-04-14T00:55:37.3763384-07:00" endTime="2011-04-14T00:55:37.3793387-07:00" testType="13cdc9d9-ddb5-4fa4-a97d-d965ccfc6d4b" outcome="Passed" testListId="8c84fa94-04c1-424b-9868-57a2d4851a1d" relativeResultsDirectory="9f0cbee6-8171-48e7-bf5d-646f9641bdd8">
    </UnitTestResult>
    <UnitTestResult executionId="a5d7d93b-0a51-4ba8-affd-34c52c1bad6a" testId="1abc93e2-8cc5-57c5-968e-738412575768" testName="SupportsMediaType1ReturnsFalseWithExtensionNotLastInUri" computerName="GBLOCK-3-17" duration="00:00:00.0012306" startTime="2011-04-14T00:55:37.3823390-07:00" endTime="2011-04-14T00:55:37.3853393-07:00" testType="13cdc9d9-ddb5-4fa4-a97d-d965ccfc6d4b" outcome="Passed" testListId="8c84fa94-04c1-424b-9868-57a2d4851a1d" relativeResultsDirectory="a5d7d93b-0a51-4ba8-affd-34c52c1bad6a">
    </UnitTestResult>
    <UnitTestResult executionId="5195337f-51a2-40c8-8783-ea5998a5dc8f" testId="f4ba4fd6-ca81-108a-3df4-286c533f7aa3" testName="SupportsMediaType1ReturnsTrueWithExtensionInUri" computerName="GBLOCK-3-17" duration="00:00:00.0013526" startTime="2011-04-14T00:55:37.3883396-07:00" endTime="2011-04-14T00:55:37.3903398-07:00" testType="13cdc9d9-ddb5-4fa4-a97d-d965ccfc6d4b" outcome="Passed" testListId="8c84fa94-04c1-424b-9868-57a2d4851a1d" relativeResultsDirectory="5195337f-51a2-40c8-8783-ea5998a5dc8f">
    </UnitTestResult>
    <UnitTestResult executionId="1d4ec6aa-7966-4d9e-897c-773d7e32ede0" testId="b35c34ac-9df1-147d-e4ac-701c61038409" testName="SupportsMediaType1ThrowsWithNullHttpResponseMessage" computerName="GBLOCK-3-17" duration="00:00:00.0012814" startTime="2011-04-14T00:55:37.3933401-07:00" endTime="2011-04-14T00:55:37.3953403-07:00" testType="13cdc9d9-ddb5-4fa4-a97d-d965ccfc6d4b" outcome="Passed" testListId="8c84fa94-04c1-424b-9868-57a2d4851a1d" relativeResultsDirectory="1d4ec6aa-7966-4d9e-897c-773d7e32ede0">
    </UnitTestResult>
    <UnitTestResult executionId="028ec5e4-15db-4efa-ac42-eea1f5987247" testId="1abd5974-21f0-4db3-4aad-9c65176d60b0" testName="SupportsMediaType1ThrowsWithNullRequestInHttpResponseMessage" computerName="GBLOCK-3-17" duration="00:00:00.0011332" startTime="2011-04-14T00:55:37.3983406-07:00" endTime="2011-04-14T00:55:37.4003408-07:00" testType="13cdc9d9-ddb5-4fa4-a97d-d965ccfc6d4b" outcome="Passed" testListId="8c84fa94-04c1-424b-9868-57a2d4851a1d" relativeResultsDirectory="028ec5e4-15db-4efa-ac42-eea1f5987247">
    </UnitTestResult>
    <UnitTestResult executionId="dc600fe6-1332-4281-8fbf-3405a8740d1f" testId="99b24d71-3bae-4dc0-e55d-ec55b33de623" testName="SupportsMediaType1ThrowsWithNullUriInHttpRequestMessage" computerName="GBLOCK-3-17" duration="00:00:00.0059916" startTime="2011-04-14T00:55:37.4033411-07:00" endTime="2011-04-14T00:55:37.4103418-07:00" testType="13cdc9d9-ddb5-4fa4-a97d-d965ccfc6d4b" outcome="Passed" testListId="8c84fa94-04c1-424b-9868-57a2d4851a1d" relativeResultsDirectory="dc600fe6-1332-4281-8fbf-3405a8740d1f">
    </UnitTestResult>
    <UnitTestResult executionId="2a745ff5-add3-4106-8bbf-613d03e632d9" testId="bb7daf1a-09a6-5de5-6c16-05de18972e7b" testName="SupportsMediaTypeReturnsFalseWithExtensionNotInUri" computerName="GBLOCK-3-17" duration="00:00:00.0012114" startTime="2011-04-14T00:55:37.4133421-07:00" endTime="2011-04-14T00:55:37.4163424-07:00" testType="13cdc9d9-ddb5-4fa4-a97d-d965ccfc6d4b" outcome="Passed" testListId="8c84fa94-04c1-424b-9868-57a2d4851a1d" relativeResultsDirectory="2a745ff5-add3-4106-8bbf-613d03e632d9">
    </UnitTestResult>
    <UnitTestResult executionId="9b4b917b-e4da-4dc9-b7d6-214bfe57abf2" testId="6914e19c-13da-4285-09f2-765daa65a8c1" testName="SupportsMediaTypeReturnsFalseWithExtensionNotLastInUri" computerName="GBLOCK-3-17" duration="00:00:00.0012560" startTime="2011-04-14T00:55:37.4183426-07:00" endTime="2011-04-14T00:55:37.4213429-07:00" testType="13cdc9d9-ddb5-4fa4-a97d-d965ccfc6d4b" outcome="Passed" testListId="8c84fa94-04c1-424b-9868-57a2d4851a1d" relativeResultsDirectory="9b4b917b-e4da-4dc9-b7d6-214bfe57abf2">
    </UnitTestResult>
    <UnitTestResult executionId="3257d172-ed26-42df-a252-08a7f62c30a1" testId="dc8ce518-e475-92f1-3c44-f5b3129a9802" testName="SupportsMediaTypeReturnsTrueWithExtensionInUri" computerName="GBLOCK-3-17" duration="00:00:00.0011902" startTime="2011-04-14T00:55:37.4233431-07:00" endTime="2011-04-14T00:55:37.4263434-07:00" testType="13cdc9d9-ddb5-4fa4-a97d-d965ccfc6d4b" outcome="Passed" testListId="8c84fa94-04c1-424b-9868-57a2d4851a1d" relativeResultsDirectory="3257d172-ed26-42df-a252-08a7f62c30a1">
    </UnitTestResult>
    <UnitTestResult executionId="64bab1a9-a60b-4cda-b8fe-ecd7d303e1cb" testId="3a44bda8-9638-7b2b-d0c1-f89e8e5deab8" testName="SupportsMediaTypeThrowsWithNullHttpRequestMessage" computerName="GBLOCK-3-17" duration="00:00:00.0013503" startTime="2011-04-14T00:55:37.4283436-07:00" endTime="2011-04-14T00:55:37.4313439-07:00" testType="13cdc9d9-ddb5-4fa4-a97d-d965ccfc6d4b" outcome="Passed" testListId="8c84fa94-04c1-424b-9868-57a2d4851a1d" relativeResultsDirectory="64bab1a9-a60b-4cda-b8fe-ecd7d303e1cb">
    </UnitTestResult>
    <UnitTestResult executionId="00f18a23-1fb1-47f2-b893-cdea7728d2ca" testId="971fa0a3-a764-b2fc-a48e-ba12893df1d6" testName="SupportsMediaTypeThrowsWithNullUriInHttpRequestMessage" computerName="GBLOCK-3-17" duration="00:00:00.0017595" startTime="2011-04-14T00:55:37.4333441-07:00" endTime="2011-04-14T00:55:37.4383446-07:00" testType="13cdc9d9-ddb5-4fa4-a97d-d965ccfc6d4b" outcome="Passed" testListId="8c84fa94-04c1-424b-9868-57a2d4851a1d" relativeResultsDirectory="00f18a23-1fb1-47f2-b893-cdea7728d2ca">
    </UnitTestResult>
    <UnitTestResult executionId="1ded8c2c-bb21-4aeb-938e-6736b9027bad" testId="c108297f-98ff-44da-39cb-4587cac764b1" testName="TypeIsCorrect" computerName="GBLOCK-3-17" duration="00:00:00.0008487" startTime="2011-04-14T00:55:37.4423450-07:00" endTime="2011-04-14T00:55:37.4463454-07:00" testType="13cdc9d9-ddb5-4fa4-a97d-d965ccfc6d4b" outcome="Passed" testListId="8c84fa94-04c1-424b-9868-57a2d4851a1d" relativeResultsDirectory="1ded8c2c-bb21-4aeb-938e-6736b9027bad">
    </UnitTestResult>
    <UnitTestResult executionId="beaf8b7b-b0ba-406d-b553-b31b374b1fe9" testId="c089de65-54a9-7674-e55f-3f1127390a37" testName="UnitTestClassIsCorrect" computerName="GBLOCK-3-17" duration="00:00:00.0031546" startTime="2011-04-14T00:55:37.4503458-07:00" endTime="2011-04-14T00:55:37.4563464-07:00" testType="13cdc9d9-ddb5-4fa4-a97d-d965ccfc6d4b" outcome="Passed" testListId="8c84fa94-04c1-424b-9868-57a2d4851a1d" relativeResultsDirectory="beaf8b7b-b0ba-406d-b553-b31b374b1fe9">
    </UnitTestResult>
    <UnitTestResult executionId="65edf513-88ed-428a-9255-6d628b3c3a10" testId="5c5de329-4b40-daad-ece3-4f0d7e8dfdca" testName="CanReadTypeReturnsSameResultAsXmlSerializerConstructor" computerName="GBLOCK-3-17" duration="00:00:00.0111794" startTime="2011-04-14T00:55:37.4593467-07:00" endTime="2011-04-14T00:55:37.4743482-07:00" testType="13cdc9d9-ddb5-4fa4-a97d-d965ccfc6d4b" outcome="Failed" testListId="8c84fa94-04c1-424b-9868-57a2d4851a1d" relativeResultsDirectory="65edf513-88ed-428a-9255-6d628b3c3a10">
      <Output>
        <ErrorInfo>
          <Message>Assert.AreEqual failed. Expected:&lt;False&gt;. Actual:&lt;True&gt;. CanReadType returned wrong value for 'System.Linq.IQueryable`1[System.Int32]'.</Message>
          <StackTrace>   at Microsoft.ApplicationServer.Http.XmlMediaTypeFormatterTests.&lt;&gt;c__DisplayClass1.&lt;CanReadTypeReturnsSameResultAsXmlSerializerConstructor&gt;b__0(Type type, Object obj) in F:\advisorsrepo\wcfhttp\Http\Test\Microsoft.ApplicationServer.Http\Unit\Microsoft\ApplicationServer\Http\XmlMediaTypeFormatterTests.cs:line 99
   at Microsoft.ApplicationServer.Common.Test.TestDataAssert.ExecuteCodeUnderTest(Type type, Object obj, String messageOnFail, Action`2 codeUnderTest) in F:\advisorsrepo\wcfhttp\Http\Test\Microsoft.ApplicationServer.Common.MSTestUtilities\Microsoft\ApplicationServer\Common\Test\TestDataAssert.cs:line 89
   at Microsoft.ApplicationServer.Common.Test.TestDataAssert.Execute(IEnumerable`1 testDataCollection, TestDataVariations flags, String messageOnFail, Action`2 codeUnderTest) in F:\advisorsrepo\wcfhttp\Http\Test\Microsoft.ApplicationServer.Common.MSTestUtilities\Microsoft\ApplicationServer\Common\Test\TestDataAssert.cs:line 55
   at Microsoft.ApplicationServer.Http.XmlMediaTypeFormatterTests.CanReadTypeReturnsSameResultAsXmlSerializerConstructor() in F:\advisorsrepo\wcfhttp\Http\Test\Microsoft.ApplicationServer.Http\Unit\Microsoft\ApplicationServer\Http\XmlMediaTypeFormatterTests.cs:line 91
</StackTrace>
        </ErrorInfo>
      </Output>
    </UnitTestResult>
    <UnitTestResult executionId="c3ed1060-6f82-4c8a-84d8-e913716faa20" testId="49da9259-b20f-5d25-c5fa-5b15aceef488" testName="Constructor" computerName="GBLOCK-3-17" duration="00:00:00.0012853" startTime="2011-04-14T00:55:37.4803488-07:00" endTime="2011-04-14T00:55:37.4853493-07:00" testType="13cdc9d9-ddb5-4fa4-a97d-d965ccfc6d4b" outcome="Passed" testListId="8c84fa94-04c1-424b-9868-57a2d4851a1d" relativeResultsDirectory="c3ed1060-6f82-4c8a-84d8-e913716faa20">
    </UnitTestResult>
    <UnitTestResult executionId="2121d13b-d724-431d-ab84-81465399c4ee" testId="62b8b8d4-4aa4-5a1c-c395-e4887915a562" testName="DefaultMediaTypeReturnsApplicationXml" computerName="GBLOCK-3-17" duration="00:00:00.0007252" startTime="2011-04-14T00:55:37.4893497-07:00" endTime="2011-04-14T00:55:37.4903498-07:00" testType="13cdc9d9-ddb5-4fa4-a97d-d965ccfc6d4b" outcome="Passed" testListId="8c84fa94-04c1-424b-9868-57a2d4851a1d" relativeResultsDirectory="2121d13b-d724-431d-ab84-81465399c4ee">
    </UnitTestResult>
    <UnitTestResult executionId="2870517c-d24f-4049-b172-a4bbec005d8d" testId="e2edefec-5189-8c48-46b1-b637ce7cf3bd" testName="ReadFromStreamAsyncRoundTripsWriteToStreamAsyncUsingXmlSerializer" computerName="GBLOCK-3-17" duration="00:00:00.1559412" startTime="2011-04-14T00:55:37.4923500-07:00" endTime="2011-04-14T00:55:37.6523660-07:00" testType="13cdc9d9-ddb5-4fa4-a97d-d965ccfc6d4b" outcome="Passed" testListId="8c84fa94-04c1-424b-9868-57a2d4851a1d" relativeResultsDirectory="2870517c-d24f-4049-b172-a4bbec005d8d">
    </UnitTestResult>
    <UnitTestResult executionId="d720e8d7-b3a0-439f-b1e1-18e580c44de9" testId="21a7a4fb-54c1-77a7-c0ec-94a9331b74fc" testName="ReadFromStreamAsyncRoundTripsWriteToStreamUsingDataContractSerializer" computerName="GBLOCK-3-17" duration="00:00:00.1744327" startTime="2011-04-14T00:55:37.6643672-07:00" endTime="2011-04-14T00:55:37.8443852-07:00" testType="13cdc9d9-ddb5-4fa4-a97d-d965ccfc6d4b" outcome="Passed" testListId="8c84fa94-04c1-424b-9868-57a2d4851a1d" relativeResultsDirectory="d720e8d7-b3a0-439f-b1e1-18e580c44de9">
    </UnitTestResult>
    <UnitTestResult executionId="5c4d2577-8705-40fe-b3e0-83f4b06403a6" testId="a95f1344-57a9-d55d-960f-ca466331cf7d" testName="ReadFromStreamRoundTripsWriteToStreamUsingDataContractSerializer" computerName="GBLOCK-3-17" duration="00:00:00.3652286" startTime="2011-04-14T00:55:37.8503858-07:00" endTime="2011-04-14T00:55:38.2154223-07:00" testType="13cdc9d9-ddb5-4fa4-a97d-d965ccfc6d4b" outcome="Passed" testListId="8c84fa94-04c1-424b-9868-57a2d4851a1d" relativeResultsDirectory="5c4d2577-8705-40fe-b3e0-83f4b06403a6">
    </UnitTestResult>
    <UnitTestResult executionId="09210341-629b-4c34-bb02-4af8848d0fdf" testId="fc15c370-1f51-a438-ec8e-730f66c61a64" testName="ReadFromStreamRoundTripsWriteToStreamUsingXmlSerializer" computerName="GBLOCK-3-17" duration="00:00:26.2429147" startTime="2011-04-14T00:55:38.2194227-07:00" endTime="2011-04-14T00:56:04.4640469-07:00" testType="13cdc9d9-ddb5-4fa4-a97d-d965ccfc6d4b" outcome="Passed" testListId="8c84fa94-04c1-424b-9868-57a2d4851a1d" relativeResultsDirectory="09210341-629b-4c34-bb02-4af8848d0fdf">
    </UnitTestResult>
    <UnitTestResult executionId="26118edb-3ff7-4e7e-9e17-82dfac229c68" testId="4adf28ed-1984-c510-70ef-af33a094a454" testName="RemoveSerializerThrowsWithNullType" computerName="GBLOCK-3-17" duration="00:00:00.0008334" startTime="2011-04-14T00:56:04.4680473-07:00" endTime="2011-04-14T00:56:04.4700475-07:00" testType="13cdc9d9-ddb5-4fa4-a97d-d965ccfc6d4b" outcome="Passed" testListId="8c84fa94-04c1-424b-9868-57a2d4851a1d" relativeResultsDirectory="26118edb-3ff7-4e7e-9e17-82dfac229c68">
    </UnitTestResult>
    <UnitTestResult executionId="3f481b98-5dd6-4eb6-9012-18820cd29cf3" testId="fd6e4f47-6baf-8808-4c28-44ec2e9f596e" testName="SetSerializer1ThrowsWithNullSerializer" computerName="GBLOCK-3-17" duration="00:00:00.0009011" startTime="2011-04-14T00:56:04.4720477-07:00" endTime="2011-04-14T00:56:04.4740479-07:00" testType="13cdc9d9-ddb5-4fa4-a97d-d965ccfc6d4b" outcome="Passed" testListId="8c84fa94-04c1-424b-9868-57a2d4851a1d" relativeResultsDirectory="3f481b98-5dd6-4eb6-9012-18820cd29cf3">
    </UnitTestResult>
    <UnitTestResult executionId="8d2fbda6-ef1a-415d-a597-c7cfe520b32b" testId="3b831500-0d4d-0e2b-e374-2d64f8abfc0a" testName="SetSerializer2ThrowsWithNullSerializer" computerName="GBLOCK-3-17" duration="00:00:00.0012518" startTime="2011-04-14T00:56:04.4780483-07:00" endTime="2011-04-14T00:56:04.4800485-07:00" testType="13cdc9d9-ddb5-4fa4-a97d-d965ccfc6d4b" outcome="Passed" testListId="8c84fa94-04c1-424b-9868-57a2d4851a1d" relativeResultsDirectory="8d2fbda6-ef1a-415d-a597-c7cfe520b32b">
    </UnitTestResult>
    <UnitTestResult executionId="ed51956d-fd99-490f-9519-3ed60ea7d7f6" testId="a5d7f672-ff51-ccc7-aaa4-61173d8ecaf1" testName="SetSerializer2ThrowsWithNullType" computerName="GBLOCK-3-17" duration="00:00:00.0008815" startTime="2011-04-14T00:56:04.4830488-07:00" endTime="2011-04-14T00:56:04.4850490-07:00" testType="13cdc9d9-ddb5-4fa4-a97d-d965ccfc6d4b" outcome="Passed" testListId="8c84fa94-04c1-424b-9868-57a2d4851a1d" relativeResultsDirectory="ed51956d-fd99-490f-9519-3ed60ea7d7f6">
    </UnitTestResult>
    <UnitTestResult executionId="b8909f51-ba7f-4b4b-8296-66f4d117d9ad" testId="8c52eb96-163e-59e6-f3d8-b2ee1bd0843a" testName="SetSerializer3ThrowsWithNullSerializer" computerName="GBLOCK-3-17" duration="00:00:00.0006236" startTime="2011-04-14T00:56:04.4910496-07:00" endTime="2011-04-14T00:56:04.4960501-07:00" testType="13cdc9d9-ddb5-4fa4-a97d-d965ccfc6d4b" outcome="Passed" testListId="8c84fa94-04c1-424b-9868-57a2d4851a1d" relativeResultsDirectory="b8909f51-ba7f-4b4b-8296-66f4d117d9ad">
    </UnitTestResult>
    <UnitTestResult executionId="8e6cfac6-e4f0-4422-b56e-1e617ccaaee4" testId="5c811b2e-c0cb-82ae-8277-4fce857c209e" testName="SetSerializerThrowsWithNullSerializer" computerName="GBLOCK-3-17" duration="00:00:00.0005146" startTime="2011-04-14T00:56:04.4990504-07:00" endTime="2011-04-14T00:56:04.5000505-07:00" testType="13cdc9d9-ddb5-4fa4-a97d-d965ccfc6d4b" outcome="Passed" testListId="8c84fa94-04c1-424b-9868-57a2d4851a1d" relativeResultsDirectory="8e6cfac6-e4f0-4422-b56e-1e617ccaaee4">
    </UnitTestResult>
    <UnitTestResult executionId="6393c377-dc24-4394-b9fc-f6bd9a1ebb84" testId="a02cb17d-6995-9863-489a-aa7bdff42397" testName="SetSerializerThrowsWithNullType" computerName="GBLOCK-3-17" duration="00:00:00.0006459" startTime="2011-04-14T00:56:04.5030508-07:00" endTime="2011-04-14T00:56:04.5050510-07:00" testType="13cdc9d9-ddb5-4fa4-a97d-d965ccfc6d4b" outcome="Passed" testListId="8c84fa94-04c1-424b-9868-57a2d4851a1d" relativeResultsDirectory="6393c377-dc24-4394-b9fc-f6bd9a1ebb84">
    </UnitTestResult>
    <UnitTestResult executionId="5c3c7af5-3b86-4e79-b255-69bf1805a681" testId="bef2b608-26e8-810c-9b40-c028519d7c9a" testName="TypeIsCorrect" computerName="GBLOCK-3-17" duration="00:00:00.0004480" startTime="2011-04-14T00:56:04.5080513-07:00" endTime="2011-04-14T00:56:04.5100515-07:00" testType="13cdc9d9-ddb5-4fa4-a97d-d965ccfc6d4b" outcome="Passed" testListId="8c84fa94-04c1-424b-9868-57a2d4851a1d" relativeResultsDirectory="5c3c7af5-3b86-4e79-b255-69bf1805a681">
    </UnitTestResult>
    <UnitTestResult executionId="833e05fb-870b-4ad3-82b4-6dcfd1fbcc41" testId="3c91f6d8-20bf-d3c0-bca7-fa25bc3bfabc" testName="UnitTestClassIsCorrect" computerName="GBLOCK-3-17" duration="00:00:00.0032789" startTime="2011-04-14T00:56:04.5120517-07:00" endTime="2011-04-14T00:56:04.5160521-07:00" testType="13cdc9d9-ddb5-4fa4-a97d-d965ccfc6d4b" outcome="Passed" testListId="8c84fa94-04c1-424b-9868-57a2d4851a1d" relativeResultsDirectory="833e05fb-870b-4ad3-82b4-6dcfd1fbcc41">
    </UnitTestResult>
  </Results>
</TestRun>