<?xml version="1.0" encoding="UTF-8"?>
<TestRun id="ac833736-3baf-4c38-a61f-bf30e6285c22" name="gblock@GBLOCK-3-17 2011-04-14 01:01:25" runUser="REDMOND\gblock" xmlns="http://microsoft.com/schemas/VisualStudio/TeamTest/2010">
  <TestSettings name="Trace and Test Impact" id="e4b741f9-75b1-4816-82ac-1e2250cc91e2">
    <Description>These are test settings for Trace and Test Impact.</Description>
    <Execution>
      <TestTypeSpecific />
      <AgentRule name="Execution Agents">
        <DataCollectors>
          <DataCollector uri="datacollector://microsoft/SystemInfo/1.0" assemblyQualifiedName="Microsoft.VisualStudio.TestTools.DataCollection.SystemInfo.SystemInfoDataCollector, Microsoft.VisualStudio.TestTools.DataCollection.SystemInfo, Version=10.0.0.0, Culture=neutral, PublicKeyToken=b03f5f7f11d50a3a" friendlyName="System Information">
          </DataCollector>
          <DataCollector uri="datacollector://microsoft/ActionLog/1.0" assemblyQualifiedName="Microsoft.VisualStudio.TestTools.ManualTest.ActionLog.ActionLogPlugin, Microsoft.VisualStudio.TestTools.ManualTest.ActionLog, Version=10.0.0.0, Culture=neutral, PublicKeyToken=b03f5f7f11d50a3a" friendlyName="Actions">
          </DataCollector>
          <DataCollector uri="datacollector://microsoft/HttpProxy/1.0" assemblyQualifiedName="Microsoft.VisualStudio.TraceCollector.HttpProxyCollector, Microsoft.VisualStudio.TraceCollector, Version=10.0.0.0, Culture=neutral, PublicKeyToken=b03f5f7f11d50a3a" friendlyName="ASP.NET Client Proxy for IntelliTrace and Test Impact">
          </DataCollector>
          <DataCollector uri="datacollector://microsoft/TestImpact/1.0" assemblyQualifiedName="Microsoft.VisualStudio.TraceCollector.TestImpactDataCollector, Microsoft.VisualStudio.TraceCollector, Version=10.0.0.0, Culture=neutral, PublicKeyToken=b03f5f7f11d50a3a" friendlyName="Test Impact">
          </DataCollector>
          <DataCollector uri="datacollector://microsoft/TraceDebugger/1.0" assemblyQualifiedName="Microsoft.VisualStudio.TraceCollector.TraceDebuggerDataCollector, Microsoft.VisualStudio.TraceCollector, Version=10.0.0.0, Culture=neutral, PublicKeyToken=b03f5f7f11d50a3a" friendlyName="IntelliTrace">
          </DataCollector>
        </DataCollectors>
      </AgentRule>
    </Execution>
    <Deployment runDeploymentRoot="gblock_GBLOCK-3-17 2011-04-14 01_01_25" />
  </TestSettings>
  <Times creation="2011-04-14T01:01:25.7631736-07:00" queuing="2011-04-14T01:01:32.0127985-07:00" start="2011-04-14T01:01:32.5518524-07:00" finish="2011-04-14T01:02:29.1925159-07:00" />
  <ResultSummary outcome="Error">
    <Counters total="212" executed="212" passed="204" error="0" failed="8" timeout="0" aborted="0" inconclusive="0" passedButRunAborted="0" notRunnable="0" notExecuted="0" disconnected="0" warning="0" completed="0" inProgress="0" pending="0" />
    <DataCollectorMessages>
      <DataCollectorMessage timestamp="2011-04-14T01:01:32.3048277-07:00" agentName="GBLOCK-3-17" level="Error">
        <Text>The diagnostic data adapter 'Microsoft.VisualStudio.TestTools.DataCollection.SystemInfo.SystemInfoDataCollector, Microsoft.VisualStudio.TestTools.DataCollection.SystemInfo, Version=10.0.0.0, Culture=neutral, PublicKeyToken=b03f5f7f11d50a3a' on agent 'GBLOCK-3-17' threw an exception during type loading, construction, or initialization: System.IO.FileNotFoundException: Could not load file or assembly 'Microsoft.VisualStudio.TestTools.DataCollection.SystemInfo, Version=10.0.0.0, Culture=neutral, PublicKeyToken=b03f5f7f11d50a3a' or one of its dependencies. The system cannot find the file specified.
File name: 'Microsoft.VisualStudio.TestTools.DataCollection.SystemInfo, Version=10.0.0.0, Culture=neutral, PublicKeyToken=b03f5f7f11d50a3a'
   at System.RuntimeTypeHandle.GetTypeByName(String name, Boolean throwOnError, Boolean ignoreCase, Boolean reflectionOnly, StackCrawlMarkHandle stackMark, Boolean loadTypeFromPartialName, ObjectHandleOnStack type)
   at System.RuntimeTypeHandle.GetTypeByName(String name, Boolean throwOnError, Boolean ignoreCase, Boolean reflectionOnly, StackCrawlMark&amp; stackMark, Boolean loadTypeFromPartialName)
   at System.RuntimeType.GetType(String typeName, Boolean throwOnError, Boolean ignoreCase, Boolean reflectionOnly, StackCrawlMark&amp; stackMark)
   at System.Type.GetType(String typeName, Boolean throwOnError)
   at Microsoft.VisualStudio.TestTools.DataCollection.ExecutionPluginManager.LoadAndInitDataCollectorAsync(TestRun testRun, String collectorTypeName, Dictionary`2 dataCollectorCache)

WRN: Assembly binding logging is turned OFF.
To enable assembly bind failure logging, set the registry value [HKLM\Software\Microsoft\Fusion!EnableLog] (DWORD) to 1.
Note: There is some performance penalty associated with assembly bind failure logging.
To turn this feature off, remove the registry value [HKLM\Software\Microsoft\Fusion!EnableLog].
.</Text>
      </DataCollectorMessage>
      <DataCollectorMessage timestamp="2011-04-14T01:01:32.4078380-07:00" agentName="GBLOCK-3-17" level="Error">
        <Text>The diagnostic data adapter 'Microsoft.VisualStudio.TestTools.ManualTest.ActionLog.ActionLogPlugin, Microsoft.VisualStudio.TestTools.ManualTest.ActionLog, Version=10.0.0.0, Culture=neutral, PublicKeyToken=b03f5f7f11d50a3a' on agent 'GBLOCK-3-17' threw an exception during type loading, construction, or initialization: System.IO.FileNotFoundException: Could not load file or assembly 'Microsoft.VisualStudio.TestTools.ManualTest.ActionLog, Version=10.0.0.0, Culture=neutral, PublicKeyToken=b03f5f7f11d50a3a' or one of its dependencies. The system cannot find the file specified.
File name: 'Microsoft.VisualStudio.TestTools.ManualTest.ActionLog, Version=10.0.0.0, Culture=neutral, PublicKeyToken=b03f5f7f11d50a3a'
   at System.RuntimeTypeHandle.GetTypeByName(String name, Boolean throwOnError, Boolean ignoreCase, Boolean reflectionOnly, StackCrawlMarkHandle stackMark, Boolean loadTypeFromPartialName, ObjectHandleOnStack type)
   at System.RuntimeTypeHandle.GetTypeByName(String name, Boolean throwOnError, Boolean ignoreCase, Boolean reflectionOnly, StackCrawlMark&amp; stackMark, Boolean loadTypeFromPartialName)
   at System.RuntimeType.GetType(String typeName, Boolean throwOnError, Boolean ignoreCase, Boolean reflectionOnly, StackCrawlMark&amp; stackMark)
   at System.Type.GetType(String typeName, Boolean throwOnError)
   at Microsoft.VisualStudio.TestTools.DataCollection.ExecutionPluginManager.LoadAndInitDataCollectorAsync(TestRun testRun, String collectorTypeName, Dictionary`2 dataCollectorCache)

WRN: Assembly binding logging is turned OFF.
To enable assembly bind failure logging, set the registry value [HKLM\Software\Microsoft\Fusion!EnableLog] (DWORD) to 1.
Note: There is some performance penalty associated with assembly bind failure logging.
To turn this feature off, remove the registry value [HKLM\Software\Microsoft\Fusion!EnableLog].
.</Text>
      </DataCollectorMessage>
      <DataCollectorMessage timestamp="2011-04-14T01:01:32.4938466-07:00" agentName="GBLOCK-3-17" level="Error">
        <Text>The diagnostic data adapter 'Microsoft.VisualStudio.TraceCollector.HttpProxyCollector, Microsoft.VisualStudio.TraceCollector, Version=10.0.0.0, Culture=neutral, PublicKeyToken=b03f5f7f11d50a3a' on agent 'GBLOCK-3-17' threw an exception during type loading, construction, or initialization: System.IO.FileNotFoundException: Could not load file or assembly 'Microsoft.VisualStudio.TraceCollector, Version=10.0.0.0, Culture=neutral, PublicKeyToken=b03f5f7f11d50a3a' or one of its dependencies. The system cannot find the file specified.
File name: 'Microsoft.VisualStudio.TraceCollector, Version=10.0.0.0, Culture=neutral, PublicKeyToken=b03f5f7f11d50a3a'
   at System.RuntimeTypeHandle.GetTypeByName(String name, Boolean throwOnError, Boolean ignoreCase, Boolean reflectionOnly, StackCrawlMarkHandle stackMark, Boolean loadTypeFromPartialName, ObjectHandleOnStack type)
   at System.RuntimeTypeHandle.GetTypeByName(String name, Boolean throwOnError, Boolean ignoreCase, Boolean reflectionOnly, StackCrawlMark&amp; stackMark, Boolean loadTypeFromPartialName)
   at System.RuntimeType.GetType(String typeName, Boolean throwOnError, Boolean ignoreCase, Boolean reflectionOnly, StackCrawlMark&amp; stackMark)
   at System.Type.GetType(String typeName, Boolean throwOnError)
   at Microsoft.VisualStudio.TestTools.DataCollection.ExecutionPluginManager.LoadAndInitDataCollectorAsync(TestRun testRun, String collectorTypeName, Dictionary`2 dataCollectorCache)

WRN: Assembly binding logging is turned OFF.
To enable assembly bind failure logging, set the registry value [HKLM\Software\Microsoft\Fusion!EnableLog] (DWORD) to 1.
Note: There is some performance penalty associated with assembly bind failure logging.
To turn this feature off, remove the registry value [HKLM\Software\Microsoft\Fusion!EnableLog].
.</Text>
      </DataCollectorMessage>
      <DataCollectorMessage timestamp="2011-04-14T01:01:32.4948467-07:00" agentName="GBLOCK-3-17" level="Error">
        <Text>The diagnostic data adapter 'Microsoft.VisualStudio.TraceCollector.TestImpactDataCollector, Microsoft.VisualStudio.TraceCollector, Version=10.0.0.0, Culture=neutral, PublicKeyToken=b03f5f7f11d50a3a' on agent 'GBLOCK-3-17' threw an exception during type loading, construction, or initialization: System.IO.FileNotFoundException: Could not load file or assembly 'Microsoft.VisualStudio.TraceCollector, Version=10.0.0.0, Culture=neutral, PublicKeyToken=b03f5f7f11d50a3a' or one of its dependencies. The system cannot find the file specified.
File name: 'Microsoft.VisualStudio.TraceCollector, Version=10.0.0.0, Culture=neutral, PublicKeyToken=b03f5f7f11d50a3a'
   at System.RuntimeTypeHandle.GetTypeByName(String name, Boolean throwOnError, Boolean ignoreCase, Boolean reflectionOnly, StackCrawlMarkHandle stackMark, Boolean loadTypeFromPartialName, ObjectHandleOnStack type)
   at System.RuntimeTypeHandle.GetTypeByName(String name, Boolean throwOnError, Boolean ignoreCase, Boolean reflectionOnly, StackCrawlMark&amp; stackMark, Boolean loadTypeFromPartialName)
   at System.RuntimeType.GetType(String typeName, Boolean throwOnError, Boolean ignoreCase, Boolean reflectionOnly, StackCrawlMark&amp; stackMark)
   at System.Type.GetType(String typeName, Boolean throwOnError)
   at Microsoft.VisualStudio.TestTools.DataCollection.ExecutionPluginManager.LoadAndInitDataCollectorAsync(TestRun testRun, String collectorTypeName, Dictionary`2 dataCollectorCache)

WRN: Assembly binding logging is turned OFF.
To enable assembly bind failure logging, set the registry value [HKLM\Software\Microsoft\Fusion!EnableLog] (DWORD) to 1.
Note: There is some performance penalty associated with assembly bind failure logging.
To turn this feature off, remove the registry value [HKLM\Software\Microsoft\Fusion!EnableLog].
.</Text>
      </DataCollectorMessage>
      <DataCollectorMessage timestamp="2011-04-14T01:01:32.4958468-07:00" agentName="GBLOCK-3-17" level="Error">
        <Text>The diagnostic data adapter 'Microsoft.VisualStudio.TraceCollector.TraceDebuggerDataCollector, Microsoft.VisualStudio.TraceCollector, Version=10.0.0.0, Culture=neutral, PublicKeyToken=b03f5f7f11d50a3a' on agent 'GBLOCK-3-17' threw an exception during type loading, construction, or initialization: System.IO.FileNotFoundException: Could not load file or assembly 'Microsoft.VisualStudio.TraceCollector, Version=10.0.0.0, Culture=neutral, PublicKeyToken=b03f5f7f11d50a3a' or one of its dependencies. The system cannot find the file specified.
File name: 'Microsoft.VisualStudio.TraceCollector, Version=10.0.0.0, Culture=neutral, PublicKeyToken=b03f5f7f11d50a3a'
   at System.RuntimeTypeHandle.GetTypeByName(String name, Boolean throwOnError, Boolean ignoreCase, Boolean reflectionOnly, StackCrawlMarkHandle stackMark, Boolean loadTypeFromPartialName, ObjectHandleOnStack type)
   at System.RuntimeTypeHandle.GetTypeByName(String name, Boolean throwOnError, Boolean ignoreCase, Boolean reflectionOnly, StackCrawlMark&amp; stackMark, Boolean loadTypeFromPartialName)
   at System.RuntimeType.GetType(String typeName, Boolean throwOnError, Boolean ignoreCase, Boolean reflectionOnly, StackCrawlMark&amp; stackMark)
   at System.Type.GetType(String typeName, Boolean throwOnError)
   at Microsoft.VisualStudio.TestTools.DataCollection.ExecutionPluginManager.LoadAndInitDataCollectorAsync(TestRun testRun, String collectorTypeName, Dictionary`2 dataCollectorCache)

WRN: Assembly binding logging is turned OFF.
To enable assembly bind failure logging, set the registry value [HKLM\Software\Microsoft\Fusion!EnableLog] (DWORD) to 1.
Note: There is some performance penalty associated with assembly bind failure logging.
To turn this feature off, remove the registry value [HKLM\Software\Microsoft\Fusion!EnableLog].
.</Text>
      </DataCollectorMessage>
    </DataCollectorMessages>
  </ResultSummary>
  <TestDefinitions>
    <UnitTest name="CloseRequestContextTestA4" storage="f:\advisorsrepo\wcfhttp\http\test\microsoft.applicationserver.http\scenario\bin\debug\microsoft.applicationserver.http.cit.scenario.dll" id="2d2259de-e308-659d-de99-6be3f1b5a5b1">
      <Execution timeOut="30000" id="1d62ee9c-3917-4c2e-b69e-ab0bc0ed5f03" />
      <Owners>
        <Owner name="derik" />
      </Owners>
      <TestCategory>
        <TestCategoryItem TestCategory="CIT" />
      </TestCategory>
      <TestMethod codeBase="F:/advisorsrepo/wcfhttp/Http/Test/Microsoft.ApplicationServer.Http/Scenario/bin/Debug/Microsoft.ApplicationServer.Http.CIT.Scenario.DLL" adapterTypeName="Microsoft.VisualStudio.TestTools.TestTypes.Unit.UnitTestAdapter, Microsoft.VisualStudio.QualityTools.Tips.UnitTest.Adapter, Version=10.0.0.0, Culture=neutral, PublicKeyToken=b03f5f7f11d50a3a" className="Microsoft.ApplicationServer.Http.CIT.Scenario.CloseRequestContextTests, Microsoft.ApplicationServer.Http.CIT.Scenario, Version=0.0.0.0, Culture=neutral, PublicKeyToken=null" name="CloseRequestContextTestA4" />
    </UnitTest>
    <UnitTest name="BadHandlerConstructorServiceTest7" storage="f:\advisorsrepo\wcfhttp\http\test\microsoft.applicationserver.http\scenario\bin\debug\microsoft.applicationserver.http.cit.scenario.dll" id="cad5d31b-1f99-a197-0fbc-d204907c9be4">
      <Execution timeOut="30000" id="d5a4db01-6565-4973-8c12-01b57aa28126" />
      <Owners>
        <Owner name="derik" />
      </Owners>
      <TestCategory>
        <TestCategoryItem TestCategory="CIT" />
      </TestCategory>
      <TestMethod codeBase="F:/advisorsrepo/wcfhttp/Http/Test/Microsoft.ApplicationServer.Http/Scenario/bin/Debug/Microsoft.ApplicationServer.Http.CIT.Scenario.DLL" adapterTypeName="Microsoft.VisualStudio.TestTools.TestTypes.Unit.UnitTestAdapter, Microsoft.VisualStudio.QualityTools.Tips.UnitTest.Adapter, Version=10.0.0.0, Culture=neutral, PublicKeyToken=b03f5f7f11d50a3a" className="Microsoft.ApplicationServer.Http.CIT.Scenario.BadHandlerConstructorServiceTests, Microsoft.ApplicationServer.Http.CIT.Scenario, Version=0.0.0.0, Culture=neutral, PublicKeyToken=null" name="BadHandlerConstructorServiceTest7" />
    </UnitTest>
    <UnitTest name="CloseChannelTestB6" storage="f:\advisorsrepo\wcfhttp\http\test\microsoft.applicationserver.http\scenario\bin\debug\microsoft.applicationserver.http.cit.scenario.dll" id="134b69af-db08-c333-6962-d001ab7492a7">
      <Execution timeOut="30000" id="5d8f04d2-088a-42d6-a868-aa5cb542b6e2" />
      <Owners>
        <Owner name="derik" />
      </Owners>
      <TestCategory>
        <TestCategoryItem TestCategory="CIT" />
        <TestCategoryItem TestCategory="ADP_Basics" />
      </TestCategory>
      <TestMethod codeBase="F:/advisorsrepo/wcfhttp/Http/Test/Microsoft.ApplicationServer.Http/Scenario/bin/Debug/Microsoft.ApplicationServer.Http.CIT.Scenario.DLL" adapterTypeName="Microsoft.VisualStudio.TestTools.TestTypes.Unit.UnitTestAdapter, Microsoft.VisualStudio.QualityTools.Tips.UnitTest.Adapter, Version=10.0.0.0, Culture=neutral, PublicKeyToken=b03f5f7f11d50a3a" className="Microsoft.ApplicationServer.Http.CIT.Scenario.CloseChannelTests, Microsoft.ApplicationServer.Http.CIT.Scenario, Version=0.0.0.0, Culture=neutral, PublicKeyToken=null" name="CloseChannelTestB6" />
    </UnitTest>
    <UnitTest name="CloseChannelTestA2" storage="f:\advisorsrepo\wcfhttp\http\test\microsoft.applicationserver.http\scenario\bin\debug\microsoft.applicationserver.http.cit.scenario.dll" id="51427f18-dbbe-6335-d57e-bceedb6cc7f2">
      <Execution timeOut="30000" id="ced38fee-0f82-43c0-98dc-ca443e36d9d9" />
      <Owners>
        <Owner name="derik" />
      </Owners>
      <TestCategory>
        <TestCategoryItem TestCategory="ADP_Basics" />
        <TestCategoryItem TestCategory="CIT" />
      </TestCategory>
      <TestMethod codeBase="F:/advisorsrepo/wcfhttp/Http/Test/Microsoft.ApplicationServer.Http/Scenario/bin/Debug/Microsoft.ApplicationServer.Http.CIT.Scenario.DLL" adapterTypeName="Microsoft.VisualStudio.TestTools.TestTypes.Unit.UnitTestAdapter, Microsoft.VisualStudio.QualityTools.Tips.UnitTest.Adapter, Version=10.0.0.0, Culture=neutral, PublicKeyToken=b03f5f7f11d50a3a" className="Microsoft.ApplicationServer.Http.CIT.Scenario.CloseChannelTests, Microsoft.ApplicationServer.Http.CIT.Scenario, Version=0.0.0.0, Culture=neutral, PublicKeyToken=null" name="CloseChannelTestA2" />
    </UnitTest>
    <UnitTest name="BadServiceTest1" storage="f:\advisorsrepo\wcfhttp\http\test\microsoft.applicationserver.http\scenario\bin\debug\microsoft.applicationserver.http.cit.scenario.dll" id="a65bcb6e-9094-121d-4876-44f925bde4b2">
      <Execution timeOut="30000" id="c9aedda1-f717-45a9-8a1f-c639b021dc53" />
      <Owners>
        <Owner name="derik" />
      </Owners>
      <TestCategory>
        <TestCategoryItem TestCategory="CIT" />
      </TestCategory>
      <TestMethod codeBase="F:/advisorsrepo/wcfhttp/Http/Test/Microsoft.ApplicationServer.Http/Scenario/bin/Debug/Microsoft.ApplicationServer.Http.CIT.Scenario.DLL" adapterTypeName="Microsoft.VisualStudio.TestTools.TestTypes.Unit.UnitTestAdapter, Microsoft.VisualStudio.QualityTools.Tips.UnitTest.Adapter, Version=10.0.0.0, Culture=neutral, PublicKeyToken=b03f5f7f11d50a3a" className="Microsoft.ApplicationServer.Http.CIT.Scenario.BadServiceTests, Microsoft.ApplicationServer.Http.CIT.Scenario, Version=0.0.0.0, Culture=neutral, PublicKeyToken=null" name="BadServiceTest1" />
    </UnitTest>
    <UnitTest name="Update_Existing_Customer" storage="f:\advisorsrepo\wcfhttp\http\test\microsoft.applicationserver.http\scenario\bin\debug\microsoft.applicationserver.http.cit.scenario.dll" id="57220689-5fe7-e731-f740-76c47358b9e9">
      <Description>Sends a PUT request to update a single customer that already exists by default.</Description>
      <Execution timeOut="30000" id="b326e19c-a55d-4c77-9aed-35d5ae8fd543" />
      <Owners>
        <Owner name="derik" />
      </Owners>
      <TestCategory>
        <TestCategoryItem TestCategory="CIT" />
      </TestCategory>
      <TestMethod codeBase="F:/advisorsrepo/wcfhttp/Http/Test/Microsoft.ApplicationServer.Http/Scenario/bin/Debug/Microsoft.ApplicationServer.Http.CIT.Scenario.DLL" adapterTypeName="Microsoft.VisualStudio.TestTools.TestTypes.Unit.UnitTestAdapter, Microsoft.VisualStudio.QualityTools.Tips.UnitTest.Adapter, Version=10.0.0.0, Culture=neutral, PublicKeyToken=b03f5f7f11d50a3a" className="Microsoft.ApplicationServer.Http.CIT.Scenario.ScenarioTests, Microsoft.ApplicationServer.Http.CIT.Scenario, Version=0.0.0.0, Culture=neutral, PublicKeyToken=null" name="Update_Existing_Customer" />
    </UnitTest>
    <UnitTest name="PostAndReadAsXmlNoDerivedTypes" storage="f:\advisorsrepo\wcfhttp\http\test\microsoft.applicationserver.http\scenario\bin\debug\microsoft.applicationserver.http.cit.scenario.dll" id="d8c28c6d-0b58-db24-d9e0-9713bd92b2dc">
      <Description>All value and reference types (without derived types) can be read Http POST of HttpRequestMessage&lt;T&gt; and ReadAs using XmlSerializer.</Description>
      <Execution timeOut="240000" id="915a442f-5da4-4510-8b0a-9826773b0db5" />
      <Owners>
        <Owner name="dravva" />
      </Owners>
      <TestCategory>
        <TestCategoryItem TestCategory="CIT" />
      </TestCategory>
      <TestMethod codeBase="F:/advisorsrepo/wcfhttp/Http/Test/Microsoft.ApplicationServer.Http/Scenario/bin/Debug/Microsoft.ApplicationServer.Http.CIT.Scenario.DLL" adapterTypeName="Microsoft.VisualStudio.TestTools.TestTypes.Unit.UnitTestAdapter, Microsoft.VisualStudio.QualityTools.Tips.UnitTest.Adapter, Version=10.0.0.0, Culture=neutral, PublicKeyToken=b03f5f7f11d50a3a" className="Microsoft.ApplicationServer.Http.CIT.Scenario.ObjectContentScenarioTests, Microsoft.ApplicationServer.Http.CIT.Scenario, Version=0.0.0.0, Culture=neutral, PublicKeyToken=null" name="PostAndReadAsXmlNoDerivedTypes" />
    </UnitTest>
    <UnitTest name="RequestFailureHandlerTest6" storage="f:\advisorsrepo\wcfhttp\http\test\microsoft.applicationserver.http\scenario\bin\debug\microsoft.applicationserver.http.cit.scenario.dll" id="7cd6f6d1-a843-bd0f-abb5-35876a104d48">
      <Execution timeOut="30000" id="12dbe0f4-0b7b-4fab-8620-26f83433f2b9" />
      <Owners>
        <Owner name="derik" />
      </Owners>
      <TestCategory>
        <TestCategoryItem TestCategory="ADP_Basics" />
        <TestCategoryItem TestCategory="CIT" />
      </TestCategory>
      <TestMethod codeBase="F:/advisorsrepo/wcfhttp/Http/Test/Microsoft.ApplicationServer.Http/Scenario/bin/Debug/Microsoft.ApplicationServer.Http.CIT.Scenario.DLL" adapterTypeName="Microsoft.VisualStudio.TestTools.TestTypes.Unit.UnitTestAdapter, Microsoft.VisualStudio.QualityTools.Tips.UnitTest.Adapter, Version=10.0.0.0, Culture=neutral, PublicKeyToken=b03f5f7f11d50a3a" className="Microsoft.ApplicationServer.Http.CIT.Scenario.RequestFailureHandlerTests, Microsoft.ApplicationServer.Http.CIT.Scenario, Version=0.0.0.0, Culture=neutral, PublicKeyToken=null" name="RequestFailureHandlerTest6" />
    </UnitTest>
    <UnitTest name="NestedHandlerTest3" storage="f:\advisorsrepo\wcfhttp\http\test\microsoft.applicationserver.http\scenario\bin\debug\microsoft.applicationserver.http.cit.scenario.dll" id="eb0ef4a9-4d9e-77c9-45b5-44a5da5d014e">
      <Execution timeOut="30000" id="9082b82e-dfbc-4956-abd9-f427d0728b87" />
      <Owners>
        <Owner name="derik" />
      </Owners>
      <TestCategory>
        <TestCategoryItem TestCategory="CIT" />
      </TestCategory>
      <TestMethod codeBase="F:/advisorsrepo/wcfhttp/Http/Test/Microsoft.ApplicationServer.Http/Scenario/bin/Debug/Microsoft.ApplicationServer.Http.CIT.Scenario.DLL" adapterTypeName="Microsoft.VisualStudio.TestTools.TestTypes.Unit.UnitTestAdapter, Microsoft.VisualStudio.QualityTools.Tips.UnitTest.Adapter, Version=10.0.0.0, Culture=neutral, PublicKeyToken=b03f5f7f11d50a3a" className="Microsoft.ApplicationServer.Http.CIT.Scenario.NestedHandlerTests, Microsoft.ApplicationServer.Http.CIT.Scenario, Version=0.0.0.0, Culture=neutral, PublicKeyToken=null" name="NestedHandlerTest3" />
    </UnitTest>
    <UnitTest name="NotFoundServiceTest1" storage="f:\advisorsrepo\wcfhttp\http\test\microsoft.applicationserver.http\scenario\bin\debug\microsoft.applicationserver.http.cit.scenario.dll" id="9efec71f-0ac0-1d8e-a0bb-96b5b21b8a47">
      <Execution timeOut="30000" id="050865cc-1534-4151-a0ef-3b205be05ac4" />
      <Owners>
        <Owner name="derik" />
      </Owners>
      <TestCategory>
        <TestCategoryItem TestCategory="ADP_Basics" />
        <TestCategoryItem TestCategory="CIT" />
      </TestCategory>
      <TestMethod codeBase="F:/advisorsrepo/wcfhttp/Http/Test/Microsoft.ApplicationServer.Http/Scenario/bin/Debug/Microsoft.ApplicationServer.Http.CIT.Scenario.DLL" adapterTypeName="Microsoft.VisualStudio.TestTools.TestTypes.Unit.UnitTestAdapter, Microsoft.VisualStudio.QualityTools.Tips.UnitTest.Adapter, Version=10.0.0.0, Culture=neutral, PublicKeyToken=b03f5f7f11d50a3a" className="Microsoft.ApplicationServer.Http.CIT.Scenario.NotFoundServiceTests, Microsoft.ApplicationServer.Http.CIT.Scenario, Version=0.0.0.0, Culture=neutral, PublicKeyToken=null" name="NotFoundServiceTest1" />
    </UnitTest>
    <UnitTest name="CloseRequestContextTestB4" storage="f:\advisorsrepo\wcfhttp\http\test\microsoft.applicationserver.http\scenario\bin\debug\microsoft.applicationserver.http.cit.scenario.dll" id="1b8c4fa3-0cd5-af7b-e3bc-0ea95a970937">
      <Execution timeOut="30000" id="036009b3-f021-4651-b6d0-23d82959ed77" />
      <Owners>
        <Owner name="derik" />
      </Owners>
      <TestCategory>
        <TestCategoryItem TestCategory="CIT" />
      </TestCategory>
      <TestMethod codeBase="F:/advisorsrepo/wcfhttp/Http/Test/Microsoft.ApplicationServer.Http/Scenario/bin/Debug/Microsoft.ApplicationServer.Http.CIT.Scenario.DLL" adapterTypeName="Microsoft.VisualStudio.TestTools.TestTypes.Unit.UnitTestAdapter, Microsoft.VisualStudio.QualityTools.Tips.UnitTest.Adapter, Version=10.0.0.0, Culture=neutral, PublicKeyToken=b03f5f7f11d50a3a" className="Microsoft.ApplicationServer.Http.CIT.Scenario.CloseRequestContextTests, Microsoft.ApplicationServer.Http.CIT.Scenario, Version=0.0.0.0, Culture=neutral, PublicKeyToken=null" name="CloseRequestContextTestB4" />
    </UnitTest>
    <UnitTest name="CloseChannelTestB5" storage="f:\advisorsrepo\wcfhttp\http\test\microsoft.applicationserver.http\scenario\bin\debug\microsoft.applicationserver.http.cit.scenario.dll" id="e522e006-cf7d-fcdf-6d06-3c2566f71474">
      <Execution timeOut="30000" id="184c8295-e32c-4da1-b2af-da04c6303149" />
      <Owners>
        <Owner name="derik" />
      </Owners>
      <TestCategory>
        <TestCategoryItem TestCategory="CIT" />
      </TestCategory>
      <TestMethod codeBase="F:/advisorsrepo/wcfhttp/Http/Test/Microsoft.ApplicationServer.Http/Scenario/bin/Debug/Microsoft.ApplicationServer.Http.CIT.Scenario.DLL" adapterTypeName="Microsoft.VisualStudio.TestTools.TestTypes.Unit.UnitTestAdapter, Microsoft.VisualStudio.QualityTools.Tips.UnitTest.Adapter, Version=10.0.0.0, Culture=neutral, PublicKeyToken=b03f5f7f11d50a3a" className="Microsoft.ApplicationServer.Http.CIT.Scenario.CloseChannelTests, Microsoft.ApplicationServer.Http.CIT.Scenario, Version=0.0.0.0, Culture=neutral, PublicKeyToken=null" name="CloseChannelTestB5" />
    </UnitTest>
    <UnitTest name="DisposeHandlerTest3" storage="f:\advisorsrepo\wcfhttp\http\test\microsoft.applicationserver.http\scenario\bin\debug\microsoft.applicationserver.http.cit.scenario.dll" id="1ea82097-5e7a-0044-b688-4f5c8b6b137c">
      <Execution timeOut="30000" id="68272e41-9e47-4a02-9682-b30b6c174e4a" />
      <Owners>
        <Owner name="derik" />
      </Owners>
      <TestCategory>
        <TestCategoryItem TestCategory="CIT" />
      </TestCategory>
      <TestMethod codeBase="F:/advisorsrepo/wcfhttp/Http/Test/Microsoft.ApplicationServer.Http/Scenario/bin/Debug/Microsoft.ApplicationServer.Http.CIT.Scenario.DLL" adapterTypeName="Microsoft.VisualStudio.TestTools.TestTypes.Unit.UnitTestAdapter, Microsoft.VisualStudio.QualityTools.Tips.UnitTest.Adapter, Version=10.0.0.0, Culture=neutral, PublicKeyToken=b03f5f7f11d50a3a" className="Microsoft.ApplicationServer.Http.CIT.Scenario.DisposeHandlerTests, Microsoft.ApplicationServer.Http.CIT.Scenario, Version=0.0.0.0, Culture=neutral, PublicKeyToken=null" name="DisposeHandlerTest3" />
    </UnitTest>
    <UnitTest name="Get_Non_Existing_Customer" storage="f:\advisorsrepo\wcfhttp\http\test\microsoft.applicationserver.http\scenario\bin\debug\microsoft.applicationserver.http.cit.scenario.dll" id="4a655999-b148-94c5-e9d2-f5f4dce8e46f">
      <Description>Sends a GET request for a customer that doesn't exist by default.</Description>
      <Execution timeOut="30000" id="f3f8ba21-3c5f-45bd-90d4-82a4e712238d" />
      <Owners>
        <Owner name="derik" />
      </Owners>
      <TestCategory>
        <TestCategoryItem TestCategory="CIT" />
      </TestCategory>
      <TestMethod codeBase="F:/advisorsrepo/wcfhttp/Http/Test/Microsoft.ApplicationServer.Http/Scenario/bin/Debug/Microsoft.ApplicationServer.Http.CIT.Scenario.DLL" adapterTypeName="Microsoft.VisualStudio.TestTools.TestTypes.Unit.UnitTestAdapter, Microsoft.VisualStudio.QualityTools.Tips.UnitTest.Adapter, Version=10.0.0.0, Culture=neutral, PublicKeyToken=b03f5f7f11d50a3a" className="Microsoft.ApplicationServer.Http.CIT.Scenario.ScenarioTests, Microsoft.ApplicationServer.Http.CIT.Scenario, Version=0.0.0.0, Culture=neutral, PublicKeyToken=null" name="Get_Non_Existing_Customer" />
    </UnitTest>
    <UnitTest name="CloseChannelTestB8" storage="f:\advisorsrepo\wcfhttp\http\test\microsoft.applicationserver.http\scenario\bin\debug\microsoft.applicationserver.http.cit.scenario.dll" id="47d545f5-b7ca-cd09-9597-ae3302bfea47">
      <Execution timeOut="30000" id="0ff71799-f5ca-4a10-9518-0c8814d3df24" />
      <Owners>
        <Owner name="derik" />
      </Owners>
      <TestCategory>
        <TestCategoryItem TestCategory="CIT" />
      </TestCategory>
      <TestMethod codeBase="F:/advisorsrepo/wcfhttp/Http/Test/Microsoft.ApplicationServer.Http/Scenario/bin/Debug/Microsoft.ApplicationServer.Http.CIT.Scenario.DLL" adapterTypeName="Microsoft.VisualStudio.TestTools.TestTypes.Unit.UnitTestAdapter, Microsoft.VisualStudio.QualityTools.Tips.UnitTest.Adapter, Version=10.0.0.0, Culture=neutral, PublicKeyToken=b03f5f7f11d50a3a" className="Microsoft.ApplicationServer.Http.CIT.Scenario.CloseChannelTests, Microsoft.ApplicationServer.Http.CIT.Scenario, Version=0.0.0.0, Culture=neutral, PublicKeyToken=null" name="CloseChannelTestB8" />
    </UnitTest>
    <UnitTest name="BadHandlerConstructorServiceTest6" storage="f:\advisorsrepo\wcfhttp\http\test\microsoft.applicationserver.http\scenario\bin\debug\microsoft.applicationserver.http.cit.scenario.dll" id="6d4bf016-2488-e0ab-1ee7-7635e95c916c">
      <Execution timeOut="30000" id="efd2a796-06c0-4a06-b1fe-6dd488f784bb" />
      <Owners>
        <Owner name="derik" />
      </Owners>
      <TestCategory>
        <TestCategoryItem TestCategory="CIT" />
      </TestCategory>
      <TestMethod codeBase="F:/advisorsrepo/wcfhttp/Http/Test/Microsoft.ApplicationServer.Http/Scenario/bin/Debug/Microsoft.ApplicationServer.Http.CIT.Scenario.DLL" adapterTypeName="Microsoft.VisualStudio.TestTools.TestTypes.Unit.UnitTestAdapter, Microsoft.VisualStudio.QualityTools.Tips.UnitTest.Adapter, Version=10.0.0.0, Culture=neutral, PublicKeyToken=b03f5f7f11d50a3a" className="Microsoft.ApplicationServer.Http.CIT.Scenario.BadHandlerConstructorServiceTests, Microsoft.ApplicationServer.Http.CIT.Scenario, Version=0.0.0.0, Culture=neutral, PublicKeyToken=null" name="BadHandlerConstructorServiceTest6" />
    </UnitTest>
    <UnitTest name="CloseChannelTestB2" storage="f:\advisorsrepo\wcfhttp\http\test\microsoft.applicationserver.http\scenario\bin\debug\microsoft.applicationserver.http.cit.scenario.dll" id="0122dd7c-0391-5e8c-973b-48ccaa14a19f">
      <Execution timeOut="30000" id="d9077e9d-0843-4a2d-b835-94b7e277563a" />
      <Owners>
        <Owner name="derik" />
      </Owners>
      <TestCategory>
        <TestCategoryItem TestCategory="ADP_Basics" />
        <TestCategoryItem TestCategory="CIT" />
      </TestCategory>
      <TestMethod codeBase="F:/advisorsrepo/wcfhttp/Http/Test/Microsoft.ApplicationServer.Http/Scenario/bin/Debug/Microsoft.ApplicationServer.Http.CIT.Scenario.DLL" adapterTypeName="Microsoft.VisualStudio.TestTools.TestTypes.Unit.UnitTestAdapter, Microsoft.VisualStudio.QualityTools.Tips.UnitTest.Adapter, Version=10.0.0.0, Culture=neutral, PublicKeyToken=b03f5f7f11d50a3a" className="Microsoft.ApplicationServer.Http.CIT.Scenario.CloseChannelTests, Microsoft.ApplicationServer.Http.CIT.Scenario, Version=0.0.0.0, Culture=neutral, PublicKeyToken=null" name="CloseChannelTestB2" />
    </UnitTest>
    <UnitTest name="BadFactoryCreateServiceTest8" storage="f:\advisorsrepo\wcfhttp\http\test\microsoft.applicationserver.http\scenario\bin\debug\microsoft.applicationserver.http.cit.scenario.dll" id="54c216e1-4772-2649-8a5c-d7db7822e713">
      <Execution timeOut="30000" id="0e7786ae-84a1-4283-8756-1dd88fa9dc68" />
      <Owners>
        <Owner name="derik" />
      </Owners>
      <TestCategory>
        <TestCategoryItem TestCategory="CIT" />
      </TestCategory>
      <TestMethod codeBase="F:/advisorsrepo/wcfhttp/Http/Test/Microsoft.ApplicationServer.Http/Scenario/bin/Debug/Microsoft.ApplicationServer.Http.CIT.Scenario.DLL" adapterTypeName="Microsoft.VisualStudio.TestTools.TestTypes.Unit.UnitTestAdapter, Microsoft.VisualStudio.QualityTools.Tips.UnitTest.Adapter, Version=10.0.0.0, Culture=neutral, PublicKeyToken=b03f5f7f11d50a3a" className="Microsoft.ApplicationServer.Http.CIT.Scenario.BadFactoryCreateServiceTests, Microsoft.ApplicationServer.Http.CIT.Scenario, Version=0.0.0.0, Culture=neutral, PublicKeyToken=null" name="BadFactoryCreateServiceTest8" />
    </UnitTest>
    <UnitTest name="BadServiceTest6" storage="f:\advisorsrepo\wcfhttp\http\test\microsoft.applicationserver.http\scenario\bin\debug\microsoft.applicationserver.http.cit.scenario.dll" id="54f876a2-f3b7-af17-f273-6222fe96e7b3">
      <Execution timeOut="30000" id="4a7ca58a-a90d-468a-a353-a09fda2a49a7" />
      <Owners>
        <Owner name="derik" />
      </Owners>
      <TestCategory>
        <TestCategoryItem TestCategory="CIT" />
        <TestCategoryItem TestCategory="ADP_Basics" />
      </TestCategory>
      <TestMethod codeBase="F:/advisorsrepo/wcfhttp/Http/Test/Microsoft.ApplicationServer.Http/Scenario/bin/Debug/Microsoft.ApplicationServer.Http.CIT.Scenario.DLL" adapterTypeName="Microsoft.VisualStudio.TestTools.TestTypes.Unit.UnitTestAdapter, Microsoft.VisualStudio.QualityTools.Tips.UnitTest.Adapter, Version=10.0.0.0, Culture=neutral, PublicKeyToken=b03f5f7f11d50a3a" className="Microsoft.ApplicationServer.Http.CIT.Scenario.BadServiceTests, Microsoft.ApplicationServer.Http.CIT.Scenario, Version=0.0.0.0, Culture=neutral, PublicKeyToken=null" name="BadServiceTest6" />
    </UnitTest>
    <UnitTest name="OkAfterRedirectServiceTest4" storage="f:\advisorsrepo\wcfhttp\http\test\microsoft.applicationserver.http\scenario\bin\debug\microsoft.applicationserver.http.cit.scenario.dll" id="806d34dd-1ec1-814e-265b-2fe6da8b31ef">
      <Execution timeOut="30000" id="ca5b62b7-58a6-4aaf-8d45-8ae20353ae9e" />
      <Owners>
        <Owner name="derik" />
      </Owners>
      <TestCategory>
        <TestCategoryItem TestCategory="CIT" />
        <TestCategoryItem TestCategory="ADP_Basics" />
      </TestCategory>
      <TestMethod codeBase="F:/advisorsrepo/wcfhttp/Http/Test/Microsoft.ApplicationServer.Http/Scenario/bin/Debug/Microsoft.ApplicationServer.Http.CIT.Scenario.DLL" adapterTypeName="Microsoft.VisualStudio.TestTools.TestTypes.Unit.UnitTestAdapter, Microsoft.VisualStudio.QualityTools.Tips.UnitTest.Adapter, Version=10.0.0.0, Culture=neutral, PublicKeyToken=b03f5f7f11d50a3a" className="Microsoft.ApplicationServer.Http.CIT.Scenario.OkAfterRedirectServiceTests, Microsoft.ApplicationServer.Http.CIT.Scenario, Version=0.0.0.0, Culture=neutral, PublicKeyToken=null" name="OkAfterRedirectServiceTest4" />
    </UnitTest>
    <UnitTest name="BasicChannelTest3" storage="f:\advisorsrepo\wcfhttp\http\test\microsoft.applicationserver.http\scenario\bin\debug\microsoft.applicationserver.http.cit.scenario.dll" id="5d10f5d5-4ebc-9a58-51dd-f5657b710a11">
      <Execution timeOut="30000" id="62704728-4bde-4142-83bb-7ebc3d55b662" />
      <Owners>
        <Owner name="derik" />
      </Owners>
      <TestCategory>
        <TestCategoryItem TestCategory="CIT" />
      </TestCategory>
      <TestMethod codeBase="F:/advisorsrepo/wcfhttp/Http/Test/Microsoft.ApplicationServer.Http/Scenario/bin/Debug/Microsoft.ApplicationServer.Http.CIT.Scenario.DLL" adapterTypeName="Microsoft.VisualStudio.TestTools.TestTypes.Unit.UnitTestAdapter, Microsoft.VisualStudio.QualityTools.Tips.UnitTest.Adapter, Version=10.0.0.0, Culture=neutral, PublicKeyToken=b03f5f7f11d50a3a" className="Microsoft.ApplicationServer.Http.CIT.Scenario.BasicChannelTests, Microsoft.ApplicationServer.Http.CIT.Scenario, Version=0.0.0.0, Culture=neutral, PublicKeyToken=null" name="BasicChannelTest3" />
    </UnitTest>
    <UnitTest name="AbortChannelTest8" storage="f:\advisorsrepo\wcfhttp\http\test\microsoft.applicationserver.http\scenario\bin\debug\microsoft.applicationserver.http.cit.scenario.dll" id="a847277e-48e3-197b-7651-c31f12c06f3b">
      <Execution timeOut="30000" id="d3c071ef-f0bf-408c-9a22-318cefa60bfc" />
      <Owners>
        <Owner name="derik" />
      </Owners>
      <TestCategory>
        <TestCategoryItem TestCategory="CIT" />
      </TestCategory>
      <TestMethod codeBase="F:/advisorsrepo/wcfhttp/Http/Test/Microsoft.ApplicationServer.Http/Scenario/bin/Debug/Microsoft.ApplicationServer.Http.CIT.Scenario.DLL" adapterTypeName="Microsoft.VisualStudio.TestTools.TestTypes.Unit.UnitTestAdapter, Microsoft.VisualStudio.QualityTools.Tips.UnitTest.Adapter, Version=10.0.0.0, Culture=neutral, PublicKeyToken=b03f5f7f11d50a3a" className="Microsoft.ApplicationServer.Http.CIT.Scenario.AbortChannelTests, Microsoft.ApplicationServer.Http.CIT.Scenario, Version=0.0.0.0, Culture=neutral, PublicKeyToken=null" name="AbortChannelTest8" />
    </UnitTest>
    <UnitTest name="BadServiceTest11" storage="f:\advisorsrepo\wcfhttp\http\test\microsoft.applicationserver.http\scenario\bin\debug\microsoft.applicationserver.http.cit.scenario.dll" id="1ee922a7-65b9-2fdc-adf3-6d227b904657">
      <Execution timeOut="30000" id="4c7b7965-9658-4db2-9b0a-a5065bdeef11" />
      <Owners>
        <Owner name="derik" />
      </Owners>
      <TestCategory>
        <TestCategoryItem TestCategory="CIT" />
      </TestCategory>
      <TestMethod codeBase="F:/advisorsrepo/wcfhttp/Http/Test/Microsoft.ApplicationServer.Http/Scenario/bin/Debug/Microsoft.ApplicationServer.Http.CIT.Scenario.DLL" adapterTypeName="Microsoft.VisualStudio.TestTools.TestTypes.Unit.UnitTestAdapter, Microsoft.VisualStudio.QualityTools.Tips.UnitTest.Adapter, Version=10.0.0.0, Culture=neutral, PublicKeyToken=b03f5f7f11d50a3a" className="Microsoft.ApplicationServer.Http.CIT.Scenario.BadServiceTests, Microsoft.ApplicationServer.Http.CIT.Scenario, Version=0.0.0.0, Culture=neutral, PublicKeyToken=null" name="BadServiceTest11" />
    </UnitTest>
    <UnitTest name="BadServiceTest16" storage="f:\advisorsrepo\wcfhttp\http\test\microsoft.applicationserver.http\scenario\bin\debug\microsoft.applicationserver.http.cit.scenario.dll" id="89d498b9-1f29-0f06-ef8c-50ec106d28db">
      <Execution timeOut="30000" id="056ca9cf-a849-4536-96a8-acd6ff65b580" />
      <Owners>
        <Owner name="derik" />
      </Owners>
      <TestCategory>
        <TestCategoryItem TestCategory="CIT" />
      </TestCategory>
      <TestMethod codeBase="F:/advisorsrepo/wcfhttp/Http/Test/Microsoft.ApplicationServer.Http/Scenario/bin/Debug/Microsoft.ApplicationServer.Http.CIT.Scenario.DLL" adapterTypeName="Microsoft.VisualStudio.TestTools.TestTypes.Unit.UnitTestAdapter, Microsoft.VisualStudio.QualityTools.Tips.UnitTest.Adapter, Version=10.0.0.0, Culture=neutral, PublicKeyToken=b03f5f7f11d50a3a" className="Microsoft.ApplicationServer.Http.CIT.Scenario.BadServiceTests, Microsoft.ApplicationServer.Http.CIT.Scenario, Version=0.0.0.0, Culture=neutral, PublicKeyToken=null" name="BadServiceTest16" />
    </UnitTest>
    <UnitTest name="OkServiceTest6" storage="f:\advisorsrepo\wcfhttp\http\test\microsoft.applicationserver.http\scenario\bin\debug\microsoft.applicationserver.http.cit.scenario.dll" id="4c96e581-3c1e-1bd8-7042-aeef7583999d">
      <Execution timeOut="30000" id="b26c30d4-9821-4c62-b498-b3922cd828f4" />
      <Owners>
        <Owner name="derik" />
      </Owners>
      <TestCategory>
        <TestCategoryItem TestCategory="CIT" />
        <TestCategoryItem TestCategory="ADP_Basics" />
      </TestCategory>
      <TestMethod codeBase="F:/advisorsrepo/wcfhttp/Http/Test/Microsoft.ApplicationServer.Http/Scenario/bin/Debug/Microsoft.ApplicationServer.Http.CIT.Scenario.DLL" adapterTypeName="Microsoft.VisualStudio.TestTools.TestTypes.Unit.UnitTestAdapter, Microsoft.VisualStudio.QualityTools.Tips.UnitTest.Adapter, Version=10.0.0.0, Culture=neutral, PublicKeyToken=b03f5f7f11d50a3a" className="Microsoft.ApplicationServer.Http.CIT.Scenario.OkServiceTests, Microsoft.ApplicationServer.Http.CIT.Scenario, Version=0.0.0.0, Culture=neutral, PublicKeyToken=null" name="OkServiceTest6" />
    </UnitTest>
    <UnitTest name="ShortCircuitHandlerTest6" storage="f:\advisorsrepo\wcfhttp\http\test\microsoft.applicationserver.http\scenario\bin\debug\microsoft.applicationserver.http.cit.scenario.dll" id="74bdc9c3-7462-4355-2680-3dca2efa6bbd">
      <Execution timeOut="30000" id="099fd084-437a-4396-87aa-ec47a877b27c" />
      <Owners>
        <Owner name="derik" />
      </Owners>
      <TestCategory>
        <TestCategoryItem TestCategory="CIT" />
        <TestCategoryItem TestCategory="ADP_Basics" />
      </TestCategory>
      <TestMethod codeBase="F:/advisorsrepo/wcfhttp/Http/Test/Microsoft.ApplicationServer.Http/Scenario/bin/Debug/Microsoft.ApplicationServer.Http.CIT.Scenario.DLL" adapterTypeName="Microsoft.VisualStudio.TestTools.TestTypes.Unit.UnitTestAdapter, Microsoft.VisualStudio.QualityTools.Tips.UnitTest.Adapter, Version=10.0.0.0, Culture=neutral, PublicKeyToken=b03f5f7f11d50a3a" className="Microsoft.ApplicationServer.Http.CIT.Scenario.ShortCircuitHandlerTests, Microsoft.ApplicationServer.Http.CIT.Scenario, Version=0.0.0.0, Culture=neutral, PublicKeyToken=null" name="ShortCircuitHandlerTest6" />
    </UnitTest>
    <UnitTest name="ShortCircuitHandlerTest7" storage="f:\advisorsrepo\wcfhttp\http\test\microsoft.applicationserver.http\scenario\bin\debug\microsoft.applicationserver.http.cit.scenario.dll" id="9f473589-538d-9b07-3323-5155ba9a9575">
      <Execution timeOut="30000" id="717ecae1-6cd2-4a17-ba58-3542cbb69468" />
      <Owners>
        <Owner name="derik" />
      </Owners>
      <TestCategory>
        <TestCategoryItem TestCategory="CIT" />
      </TestCategory>
      <TestMethod codeBase="F:/advisorsrepo/wcfhttp/Http/Test/Microsoft.ApplicationServer.Http/Scenario/bin/Debug/Microsoft.ApplicationServer.Http.CIT.Scenario.DLL" adapterTypeName="Microsoft.VisualStudio.TestTools.TestTypes.Unit.UnitTestAdapter, Microsoft.VisualStudio.QualityTools.Tips.UnitTest.Adapter, Version=10.0.0.0, Culture=neutral, PublicKeyToken=b03f5f7f11d50a3a" className="Microsoft.ApplicationServer.Http.CIT.Scenario.ShortCircuitHandlerTests, Microsoft.ApplicationServer.Http.CIT.Scenario, Version=0.0.0.0, Culture=neutral, PublicKeyToken=null" name="ShortCircuitHandlerTest7" />
    </UnitTest>
    <UnitTest name="BadFactoryCreateServiceTest1" storage="f:\advisorsrepo\wcfhttp\http\test\microsoft.applicationserver.http\scenario\bin\debug\microsoft.applicationserver.http.cit.scenario.dll" id="db5c637f-a9f2-b9f1-652e-0af803c85eac">
      <Execution timeOut="30000" id="d90474af-0768-434b-ac21-f2d3cfa1c07e" />
      <Owners>
        <Owner name="derik" />
      </Owners>
      <TestCategory>
        <TestCategoryItem TestCategory="CIT" />
      </TestCategory>
      <TestMethod codeBase="F:/advisorsrepo/wcfhttp/Http/Test/Microsoft.ApplicationServer.Http/Scenario/bin/Debug/Microsoft.ApplicationServer.Http.CIT.Scenario.DLL" adapterTypeName="Microsoft.VisualStudio.TestTools.TestTypes.Unit.UnitTestAdapter, Microsoft.VisualStudio.QualityTools.Tips.UnitTest.Adapter, Version=10.0.0.0, Culture=neutral, PublicKeyToken=b03f5f7f11d50a3a" className="Microsoft.ApplicationServer.Http.CIT.Scenario.BadFactoryCreateServiceTests, Microsoft.ApplicationServer.Http.CIT.Scenario, Version=0.0.0.0, Culture=neutral, PublicKeyToken=null" name="BadFactoryCreateServiceTest1" />
    </UnitTest>
    <UnitTest name="CloseChannelTestA5" storage="f:\advisorsrepo\wcfhttp\http\test\microsoft.applicationserver.http\scenario\bin\debug\microsoft.applicationserver.http.cit.scenario.dll" id="968fa18a-1396-3b38-113b-54a9cdfa6d21">
      <Execution timeOut="30000" id="f889f4aa-d23c-4343-8f2f-868e803d555b" />
      <Owners>
        <Owner name="derik" />
      </Owners>
      <TestCategory>
        <TestCategoryItem TestCategory="CIT" />
      </TestCategory>
      <TestMethod codeBase="F:/advisorsrepo/wcfhttp/Http/Test/Microsoft.ApplicationServer.Http/Scenario/bin/Debug/Microsoft.ApplicationServer.Http.CIT.Scenario.DLL" adapterTypeName="Microsoft.VisualStudio.TestTools.TestTypes.Unit.UnitTestAdapter, Microsoft.VisualStudio.QualityTools.Tips.UnitTest.Adapter, Version=10.0.0.0, Culture=neutral, PublicKeyToken=b03f5f7f11d50a3a" className="Microsoft.ApplicationServer.Http.CIT.Scenario.CloseChannelTests, Microsoft.ApplicationServer.Http.CIT.Scenario, Version=0.0.0.0, Culture=neutral, PublicKeyToken=null" name="CloseChannelTestA5" />
    </UnitTest>
    <UnitTest name="NoFactoryTest4" storage="f:\advisorsrepo\wcfhttp\http\test\microsoft.applicationserver.http\scenario\bin\debug\microsoft.applicationserver.http.cit.scenario.dll" id="33ec0c4b-8eee-1bee-815b-2bcd49da3b77">
      <Execution timeOut="30000" id="6dc1d1f4-8594-4feb-9af2-8e40f86cbfce" />
      <Owners>
        <Owner name="derik" />
      </Owners>
      <TestCategory>
        <TestCategoryItem TestCategory="CIT" />
      </TestCategory>
      <TestMethod codeBase="F:/advisorsrepo/wcfhttp/Http/Test/Microsoft.ApplicationServer.Http/Scenario/bin/Debug/Microsoft.ApplicationServer.Http.CIT.Scenario.DLL" adapterTypeName="Microsoft.VisualStudio.TestTools.TestTypes.Unit.UnitTestAdapter, Microsoft.VisualStudio.QualityTools.Tips.UnitTest.Adapter, Version=10.0.0.0, Culture=neutral, PublicKeyToken=b03f5f7f11d50a3a" className="Microsoft.ApplicationServer.Http.CIT.Scenario.NoFactoryTests, Microsoft.ApplicationServer.Http.CIT.Scenario, Version=0.0.0.0, Culture=neutral, PublicKeyToken=null" name="NoFactoryTest4" />
    </UnitTest>
    <UnitTest name="HeaderHandlerTest1" storage="f:\advisorsrepo\wcfhttp\http\test\microsoft.applicationserver.http\scenario\bin\debug\microsoft.applicationserver.http.cit.scenario.dll" id="a90a1c66-082c-6abf-3889-c5b405b617e6">
      <Execution timeOut="30000" id="322ac6d1-c270-48d3-9d1b-1c73cdd274dd" />
      <Owners>
        <Owner name="derik" />
      </Owners>
      <TestCategory>
        <TestCategoryItem TestCategory="CIT" />
      </TestCategory>
      <TestMethod codeBase="F:/advisorsrepo/wcfhttp/Http/Test/Microsoft.ApplicationServer.Http/Scenario/bin/Debug/Microsoft.ApplicationServer.Http.CIT.Scenario.DLL" adapterTypeName="Microsoft.VisualStudio.TestTools.TestTypes.Unit.UnitTestAdapter, Microsoft.VisualStudio.QualityTools.Tips.UnitTest.Adapter, Version=10.0.0.0, Culture=neutral, PublicKeyToken=b03f5f7f11d50a3a" className="Microsoft.ApplicationServer.Http.CIT.Scenario.HeaderHandlerTests, Microsoft.ApplicationServer.Http.CIT.Scenario, Version=0.0.0.0, Culture=neutral, PublicKeyToken=null" name="HeaderHandlerTest1" />
    </UnitTest>
    <UnitTest name="RequestFailureHandlerTest1" storage="f:\advisorsrepo\wcfhttp\http\test\microsoft.applicationserver.http\scenario\bin\debug\microsoft.applicationserver.http.cit.scenario.dll" id="4794a9fa-cca8-ca13-105e-24cf8fe32ab5">
      <Execution timeOut="30000" id="72e2d3ca-d9c1-4f70-8eeb-c5682d05a37a" />
      <Owners>
        <Owner name="derik" />
      </Owners>
      <TestCategory>
        <TestCategoryItem TestCategory="CIT" />
      </TestCategory>
      <TestMethod codeBase="F:/advisorsrepo/wcfhttp/Http/Test/Microsoft.ApplicationServer.Http/Scenario/bin/Debug/Microsoft.ApplicationServer.Http.CIT.Scenario.DLL" adapterTypeName="Microsoft.VisualStudio.TestTools.TestTypes.Unit.UnitTestAdapter, Microsoft.VisualStudio.QualityTools.Tips.UnitTest.Adapter, Version=10.0.0.0, Culture=neutral, PublicKeyToken=b03f5f7f11d50a3a" className="Microsoft.ApplicationServer.Http.CIT.Scenario.RequestFailureHandlerTests, Microsoft.ApplicationServer.Http.CIT.Scenario, Version=0.0.0.0, Culture=neutral, PublicKeyToken=null" name="RequestFailureHandlerTest1" />
    </UnitTest>
    <UnitTest name="GetReadAsJson" storage="f:\advisorsrepo\wcfhttp\http\test\microsoft.applicationserver.http\scenario\bin\debug\microsoft.applicationserver.http.cit.scenario.dll" id="7887e148-56a7-378a-2a5f-d1af2424a133">
      <Description>All value and reference types (including derived types) can be read using ReadAs() from Http GET using DataContractJsonSerializer.</Description>
      <Execution timeOut="240000" id="0a5fa946-ad60-4312-b22d-a787f92a166e" />
      <Owners>
        <Owner name="dravva" />
      </Owners>
      <TestCategory>
        <TestCategoryItem TestCategory="CIT" />
      </TestCategory>
      <TestMethod codeBase="F:/advisorsrepo/wcfhttp/Http/Test/Microsoft.ApplicationServer.Http/Scenario/bin/Debug/Microsoft.ApplicationServer.Http.CIT.Scenario.DLL" adapterTypeName="Microsoft.VisualStudio.TestTools.TestTypes.Unit.UnitTestAdapter, Microsoft.VisualStudio.QualityTools.Tips.UnitTest.Adapter, Version=10.0.0.0, Culture=neutral, PublicKeyToken=b03f5f7f11d50a3a" className="Microsoft.ApplicationServer.Http.CIT.Scenario.ObjectContentScenarioTests, Microsoft.ApplicationServer.Http.CIT.Scenario, Version=0.0.0.0, Culture=neutral, PublicKeyToken=null" name="GetReadAsJson" />
    </UnitTest>
    <UnitTest name="NoHandlerTest2" storage="f:\advisorsrepo\wcfhttp\http\test\microsoft.applicationserver.http\scenario\bin\debug\microsoft.applicationserver.http.cit.scenario.dll" id="afe3f13e-043f-169d-1e0c-84d88c118d08">
      <Execution timeOut="30000" id="2610e318-086d-40fa-b942-811fc4b3fe07" />
      <Owners>
        <Owner name="derik" />
      </Owners>
      <TestCategory>
        <TestCategoryItem TestCategory="ADP_Basics" />
        <TestCategoryItem TestCategory="CIT" />
      </TestCategory>
      <TestMethod codeBase="F:/advisorsrepo/wcfhttp/Http/Test/Microsoft.ApplicationServer.Http/Scenario/bin/Debug/Microsoft.ApplicationServer.Http.CIT.Scenario.DLL" adapterTypeName="Microsoft.VisualStudio.TestTools.TestTypes.Unit.UnitTestAdapter, Microsoft.VisualStudio.QualityTools.Tips.UnitTest.Adapter, Version=10.0.0.0, Culture=neutral, PublicKeyToken=b03f5f7f11d50a3a" className="Microsoft.ApplicationServer.Http.CIT.Scenario.NoHandlerTests, Microsoft.ApplicationServer.Http.CIT.Scenario, Version=0.0.0.0, Culture=neutral, PublicKeyToken=null" name="NoHandlerTest2" />
    </UnitTest>
    <UnitTest name="CloseChannelTestB7" storage="f:\advisorsrepo\wcfhttp\http\test\microsoft.applicationserver.http\scenario\bin\debug\microsoft.applicationserver.http.cit.scenario.dll" id="2361eac4-2161-83e0-d057-d9e8a2cd7b49">
      <Execution timeOut="30000" id="1a67882b-f1b7-432c-b0b0-ab759e419aa0" />
      <Owners>
        <Owner name="derik" />
      </Owners>
      <TestCategory>
        <TestCategoryItem TestCategory="CIT" />
      </TestCategory>
      <TestMethod codeBase="F:/advisorsrepo/wcfhttp/Http/Test/Microsoft.ApplicationServer.Http/Scenario/bin/Debug/Microsoft.ApplicationServer.Http.CIT.Scenario.DLL" adapterTypeName="Microsoft.VisualStudio.TestTools.TestTypes.Unit.UnitTestAdapter, Microsoft.VisualStudio.QualityTools.Tips.UnitTest.Adapter, Version=10.0.0.0, Culture=neutral, PublicKeyToken=b03f5f7f11d50a3a" className="Microsoft.ApplicationServer.Http.CIT.Scenario.CloseChannelTests, Microsoft.ApplicationServer.Http.CIT.Scenario, Version=0.0.0.0, Culture=neutral, PublicKeyToken=null" name="CloseChannelTestB7" />
    </UnitTest>
    <UnitTest name="DisposeHandlerTest2" storage="f:\advisorsrepo\wcfhttp\http\test\microsoft.applicationserver.http\scenario\bin\debug\microsoft.applicationserver.http.cit.scenario.dll" id="81392819-ab4a-6d43-f4f9-66d77a325c4c">
      <Execution timeOut="30000" id="6cda593c-da4f-4ed8-8339-ec5de6ca6456" />
      <Owners>
        <Owner name="derik" />
      </Owners>
      <TestCategory>
        <TestCategoryItem TestCategory="CIT" />
      </TestCategory>
      <TestMethod codeBase="F:/advisorsrepo/wcfhttp/Http/Test/Microsoft.ApplicationServer.Http/Scenario/bin/Debug/Microsoft.ApplicationServer.Http.CIT.Scenario.DLL" adapterTypeName="Microsoft.VisualStudio.TestTools.TestTypes.Unit.UnitTestAdapter, Microsoft.VisualStudio.QualityTools.Tips.UnitTest.Adapter, Version=10.0.0.0, Culture=neutral, PublicKeyToken=b03f5f7f11d50a3a" className="Microsoft.ApplicationServer.Http.CIT.Scenario.DisposeHandlerTests, Microsoft.ApplicationServer.Http.CIT.Scenario, Version=0.0.0.0, Culture=neutral, PublicKeyToken=null" name="DisposeHandlerTest2" />
    </UnitTest>
    <UnitTest name="AbortChannelTest1" storage="f:\advisorsrepo\wcfhttp\http\test\microsoft.applicationserver.http\scenario\bin\debug\microsoft.applicationserver.http.cit.scenario.dll" id="8289cb24-cbe0-0b26-8150-6092cb69a7e8">
      <Execution timeOut="30000" id="b5fb7dc2-88e2-46b1-b69e-0cea73e8de76" />
      <Owners>
        <Owner name="derik" />
      </Owners>
      <TestCategory>
        <TestCategoryItem TestCategory="CIT" />
      </TestCategory>
      <TestMethod codeBase="F:/advisorsrepo/wcfhttp/Http/Test/Microsoft.ApplicationServer.Http/Scenario/bin/Debug/Microsoft.ApplicationServer.Http.CIT.Scenario.DLL" adapterTypeName="Microsoft.VisualStudio.TestTools.TestTypes.Unit.UnitTestAdapter, Microsoft.VisualStudio.QualityTools.Tips.UnitTest.Adapter, Version=10.0.0.0, Culture=neutral, PublicKeyToken=b03f5f7f11d50a3a" className="Microsoft.ApplicationServer.Http.CIT.Scenario.AbortChannelTests, Microsoft.ApplicationServer.Http.CIT.Scenario, Version=0.0.0.0, Culture=neutral, PublicKeyToken=null" name="AbortChannelTest1" />
    </UnitTest>
    <UnitTest name="RequestFailureHandlerTest8" storage="f:\advisorsrepo\wcfhttp\http\test\microsoft.applicationserver.http\scenario\bin\debug\microsoft.applicationserver.http.cit.scenario.dll" id="e72b702d-3c3b-c917-d7af-3386f34457e6">
      <Execution timeOut="30000" id="5ecc74f9-8e50-4e60-96ef-0ac698923782" />
      <Owners>
        <Owner name="derik" />
      </Owners>
      <TestCategory>
        <TestCategoryItem TestCategory="CIT" />
      </TestCategory>
      <TestMethod codeBase="F:/advisorsrepo/wcfhttp/Http/Test/Microsoft.ApplicationServer.Http/Scenario/bin/Debug/Microsoft.ApplicationServer.Http.CIT.Scenario.DLL" adapterTypeName="Microsoft.VisualStudio.TestTools.TestTypes.Unit.UnitTestAdapter, Microsoft.VisualStudio.QualityTools.Tips.UnitTest.Adapter, Version=10.0.0.0, Culture=neutral, PublicKeyToken=b03f5f7f11d50a3a" className="Microsoft.ApplicationServer.Http.CIT.Scenario.RequestFailureHandlerTests, Microsoft.ApplicationServer.Http.CIT.Scenario, Version=0.0.0.0, Culture=neutral, PublicKeyToken=null" name="RequestFailureHandlerTest8" />
    </UnitTest>
    <UnitTest name="MethodNotAllowedServiceTest3" storage="f:\advisorsrepo\wcfhttp\http\test\microsoft.applicationserver.http\scenario\bin\debug\microsoft.applicationserver.http.cit.scenario.dll" id="d78a1e97-280f-e1a1-1f17-9710c8acd985">
      <Execution timeOut="30000" id="44b6e315-9d51-4e1d-afcf-bc6f85eb10ef" />
      <Owners>
        <Owner name="derik" />
      </Owners>
      <TestCategory>
        <TestCategoryItem TestCategory="ADP_Basics" />
        <TestCategoryItem TestCategory="CIT" />
      </TestCategory>
      <TestMethod codeBase="F:/advisorsrepo/wcfhttp/Http/Test/Microsoft.ApplicationServer.Http/Scenario/bin/Debug/Microsoft.ApplicationServer.Http.CIT.Scenario.DLL" adapterTypeName="Microsoft.VisualStudio.TestTools.TestTypes.Unit.UnitTestAdapter, Microsoft.VisualStudio.QualityTools.Tips.UnitTest.Adapter, Version=10.0.0.0, Culture=neutral, PublicKeyToken=b03f5f7f11d50a3a" className="Microsoft.ApplicationServer.Http.CIT.Scenario.MethodNotAllowedServiceTests, Microsoft.ApplicationServer.Http.CIT.Scenario, Version=0.0.0.0, Culture=neutral, PublicKeyToken=null" name="MethodNotAllowedServiceTest3" />
    </UnitTest>
    <UnitTest name="CloseChannelTestA7" storage="f:\advisorsrepo\wcfhttp\http\test\microsoft.applicationserver.http\scenario\bin\debug\microsoft.applicationserver.http.cit.scenario.dll" id="b33ec5ba-100f-41ef-fa59-01ad28252c50">
      <Execution timeOut="30000" id="21b7d661-1867-492a-ad1b-fdac31ce001c" />
      <Owners>
        <Owner name="derik" />
      </Owners>
      <TestCategory>
        <TestCategoryItem TestCategory="CIT" />
      </TestCategory>
      <TestMethod codeBase="F:/advisorsrepo/wcfhttp/Http/Test/Microsoft.ApplicationServer.Http/Scenario/bin/Debug/Microsoft.ApplicationServer.Http.CIT.Scenario.DLL" adapterTypeName="Microsoft.VisualStudio.TestTools.TestTypes.Unit.UnitTestAdapter, Microsoft.VisualStudio.QualityTools.Tips.UnitTest.Adapter, Version=10.0.0.0, Culture=neutral, PublicKeyToken=b03f5f7f11d50a3a" className="Microsoft.ApplicationServer.Http.CIT.Scenario.CloseChannelTests, Microsoft.ApplicationServer.Http.CIT.Scenario, Version=0.0.0.0, Culture=neutral, PublicKeyToken=null" name="CloseChannelTestA7" />
    </UnitTest>
    <UnitTest name="OneWayServiceTest6" storage="f:\advisorsrepo\wcfhttp\http\test\microsoft.applicationserver.http\scenario\bin\debug\microsoft.applicationserver.http.cit.scenario.dll" id="e0847afd-150a-4f95-5bb7-4f881764ef2f">
      <Execution timeOut="30000" id="1c0ee88e-5d6f-4412-a0f4-0aee25569f93" />
      <Owners>
        <Owner name="derik" />
      </Owners>
      <TestCategory>
        <TestCategoryItem TestCategory="CIT" />
        <TestCategoryItem TestCategory="ADP_Basics" />
      </TestCategory>
      <TestMethod codeBase="F:/advisorsrepo/wcfhttp/Http/Test/Microsoft.ApplicationServer.Http/Scenario/bin/Debug/Microsoft.ApplicationServer.Http.CIT.Scenario.DLL" adapterTypeName="Microsoft.VisualStudio.TestTools.TestTypes.Unit.UnitTestAdapter, Microsoft.VisualStudio.QualityTools.Tips.UnitTest.Adapter, Version=10.0.0.0, Culture=neutral, PublicKeyToken=b03f5f7f11d50a3a" className="Microsoft.ApplicationServer.Http.CIT.Scenario.OneWayServiceTests, Microsoft.ApplicationServer.Http.CIT.Scenario, Version=0.0.0.0, Culture=neutral, PublicKeyToken=null" name="OneWayServiceTest6" />
    </UnitTest>
    <UnitTest name="GetReadAsXmlDataContract" storage="f:\advisorsrepo\wcfhttp\http\test\microsoft.applicationserver.http\scenario\bin\debug\microsoft.applicationserver.http.cit.scenario.dll" id="0a175cb9-c8f7-f626-0973-243760abdc15">
      <Description>All value and reference types (including derived types) can be read using ReadAs() from Http GET using DataContractSerializer for XML.</Description>
      <Execution timeOut="240000" id="5af5fc50-9557-485d-9f4a-088b9a839588" />
      <Owners>
        <Owner name="dravva" />
      </Owners>
      <TestCategory>
        <TestCategoryItem TestCategory="CIT" />
      </TestCategory>
      <TestMethod codeBase="F:/advisorsrepo/wcfhttp/Http/Test/Microsoft.ApplicationServer.Http/Scenario/bin/Debug/Microsoft.ApplicationServer.Http.CIT.Scenario.DLL" adapterTypeName="Microsoft.VisualStudio.TestTools.TestTypes.Unit.UnitTestAdapter, Microsoft.VisualStudio.QualityTools.Tips.UnitTest.Adapter, Version=10.0.0.0, Culture=neutral, PublicKeyToken=b03f5f7f11d50a3a" className="Microsoft.ApplicationServer.Http.CIT.Scenario.ObjectContentScenarioTests, Microsoft.ApplicationServer.Http.CIT.Scenario, Version=0.0.0.0, Culture=neutral, PublicKeyToken=null" name="GetReadAsXmlDataContract" />
    </UnitTest>
    <UnitTest name="MethodNotAllowedServiceTest4" storage="f:\advisorsrepo\wcfhttp\http\test\microsoft.applicationserver.http\scenario\bin\debug\microsoft.applicationserver.http.cit.scenario.dll" id="f093cd32-3512-4011-722f-3e9d9af2aae8">
      <Execution timeOut="30000" id="5ff75d3f-114e-4931-ac3c-f62c306324a6" />
      <Owners>
        <Owner name="derik" />
      </Owners>
      <TestCategory>
        <TestCategoryItem TestCategory="CIT" />
        <TestCategoryItem TestCategory="ADP_Basics" />
      </TestCategory>
      <TestMethod codeBase="F:/advisorsrepo/wcfhttp/Http/Test/Microsoft.ApplicationServer.Http/Scenario/bin/Debug/Microsoft.ApplicationServer.Http.CIT.Scenario.DLL" adapterTypeName="Microsoft.VisualStudio.TestTools.TestTypes.Unit.UnitTestAdapter, Microsoft.VisualStudio.QualityTools.Tips.UnitTest.Adapter, Version=10.0.0.0, Culture=neutral, PublicKeyToken=b03f5f7f11d50a3a" className="Microsoft.ApplicationServer.Http.CIT.Scenario.MethodNotAllowedServiceTests, Microsoft.ApplicationServer.Http.CIT.Scenario, Version=0.0.0.0, Culture=neutral, PublicKeyToken=null" name="MethodNotAllowedServiceTest4" />
    </UnitTest>
    <UnitTest name="BasicChannelTest2" storage="f:\advisorsrepo\wcfhttp\http\test\microsoft.applicationserver.http\scenario\bin\debug\microsoft.applicationserver.http.cit.scenario.dll" id="9e0d1c1a-2ef6-3c5e-7046-933f5e56231e">
      <Execution timeOut="30000" id="b01c17ce-5316-491c-97a1-e4ad68aee11e" />
      <Owners>
        <Owner name="derik" />
      </Owners>
      <TestCategory>
        <TestCategoryItem TestCategory="ADP_Basics" />
        <TestCategoryItem TestCategory="CIT" />
      </TestCategory>
      <TestMethod codeBase="F:/advisorsrepo/wcfhttp/Http/Test/Microsoft.ApplicationServer.Http/Scenario/bin/Debug/Microsoft.ApplicationServer.Http.CIT.Scenario.DLL" adapterTypeName="Microsoft.VisualStudio.TestTools.TestTypes.Unit.UnitTestAdapter, Microsoft.VisualStudio.QualityTools.Tips.UnitTest.Adapter, Version=10.0.0.0, Culture=neutral, PublicKeyToken=b03f5f7f11d50a3a" className="Microsoft.ApplicationServer.Http.CIT.Scenario.BasicChannelTests, Microsoft.ApplicationServer.Http.CIT.Scenario, Version=0.0.0.0, Culture=neutral, PublicKeyToken=null" name="BasicChannelTest2" />
    </UnitTest>
    <UnitTest name="CloseRequestContextTestB1" storage="f:\advisorsrepo\wcfhttp\http\test\microsoft.applicationserver.http\scenario\bin\debug\microsoft.applicationserver.http.cit.scenario.dll" id="e66ac091-c9fb-b667-81c5-57b92869fcf7">
      <Execution timeOut="30000" id="35564cbe-a895-497b-9f4d-0c6c5ae8f1af" />
      <Owners>
        <Owner name="derik" />
      </Owners>
      <TestCategory>
        <TestCategoryItem TestCategory="CIT" />
      </TestCategory>
      <TestMethod codeBase="F:/advisorsrepo/wcfhttp/Http/Test/Microsoft.ApplicationServer.Http/Scenario/bin/Debug/Microsoft.ApplicationServer.Http.CIT.Scenario.DLL" adapterTypeName="Microsoft.VisualStudio.TestTools.TestTypes.Unit.UnitTestAdapter, Microsoft.VisualStudio.QualityTools.Tips.UnitTest.Adapter, Version=10.0.0.0, Culture=neutral, PublicKeyToken=b03f5f7f11d50a3a" className="Microsoft.ApplicationServer.Http.CIT.Scenario.CloseRequestContextTests, Microsoft.ApplicationServer.Http.CIT.Scenario, Version=0.0.0.0, Culture=neutral, PublicKeyToken=null" name="CloseRequestContextTestB1" />
    </UnitTest>
    <UnitTest name="BadServiceTest9" storage="f:\advisorsrepo\wcfhttp\http\test\microsoft.applicationserver.http\scenario\bin\debug\microsoft.applicationserver.http.cit.scenario.dll" id="80e20a42-50ed-becb-f978-694cbe01575d">
      <Execution timeOut="30000" id="234443c1-60e4-4c03-92e2-a88f86f3df21" />
      <Owners>
        <Owner name="derik" />
      </Owners>
      <TestCategory>
        <TestCategoryItem TestCategory="CIT" />
      </TestCategory>
      <TestMethod codeBase="F:/advisorsrepo/wcfhttp/Http/Test/Microsoft.ApplicationServer.Http/Scenario/bin/Debug/Microsoft.ApplicationServer.Http.CIT.Scenario.DLL" adapterTypeName="Microsoft.VisualStudio.TestTools.TestTypes.Unit.UnitTestAdapter, Microsoft.VisualStudio.QualityTools.Tips.UnitTest.Adapter, Version=10.0.0.0, Culture=neutral, PublicKeyToken=b03f5f7f11d50a3a" className="Microsoft.ApplicationServer.Http.CIT.Scenario.BadServiceTests, Microsoft.ApplicationServer.Http.CIT.Scenario, Version=0.0.0.0, Culture=neutral, PublicKeyToken=null" name="BadServiceTest9" />
    </UnitTest>
    <UnitTest name="OneWayServiceTest1" storage="f:\advisorsrepo\wcfhttp\http\test\microsoft.applicationserver.http\scenario\bin\debug\microsoft.applicationserver.http.cit.scenario.dll" id="ac5f41d7-b823-b752-a3d0-1c8e798c701d">
      <Execution timeOut="30000" id="820665b9-3fb3-408f-9017-287679401598" />
      <Owners>
        <Owner name="derik" />
      </Owners>
      <TestCategory>
        <TestCategoryItem TestCategory="CIT" />
      </TestCategory>
      <TestMethod codeBase="F:/advisorsrepo/wcfhttp/Http/Test/Microsoft.ApplicationServer.Http/Scenario/bin/Debug/Microsoft.ApplicationServer.Http.CIT.Scenario.DLL" adapterTypeName="Microsoft.VisualStudio.TestTools.TestTypes.Unit.UnitTestAdapter, Microsoft.VisualStudio.QualityTools.Tips.UnitTest.Adapter, Version=10.0.0.0, Culture=neutral, PublicKeyToken=b03f5f7f11d50a3a" className="Microsoft.ApplicationServer.Http.CIT.Scenario.OneWayServiceTests, Microsoft.ApplicationServer.Http.CIT.Scenario, Version=0.0.0.0, Culture=neutral, PublicKeyToken=null" name="OneWayServiceTest1" />
    </UnitTest>
    <UnitTest name="GetReadAsXmlNoDerivedTypes" storage="f:\advisorsrepo\wcfhttp\http\test\microsoft.applicationserver.http\scenario\bin\debug\microsoft.applicationserver.http.cit.scenario.dll" id="4e8f4c7c-8eca-b3e6-b8f0-f7fb21a45d25">
      <Description>All value and reference types (without derived types) can be read ReadAs() from Http GET using XmlSerializer.</Description>
      <Execution timeOut="240000" id="012a9a11-6f50-45a6-8bdb-31cfaddcff4f" />
      <Owners>
        <Owner name="dravva" />
      </Owners>
      <TestCategory>
        <TestCategoryItem TestCategory="CIT" />
      </TestCategory>
      <TestMethod codeBase="F:/advisorsrepo/wcfhttp/Http/Test/Microsoft.ApplicationServer.Http/Scenario/bin/Debug/Microsoft.ApplicationServer.Http.CIT.Scenario.DLL" adapterTypeName="Microsoft.VisualStudio.TestTools.TestTypes.Unit.UnitTestAdapter, Microsoft.VisualStudio.QualityTools.Tips.UnitTest.Adapter, Version=10.0.0.0, Culture=neutral, PublicKeyToken=b03f5f7f11d50a3a" className="Microsoft.ApplicationServer.Http.CIT.Scenario.ObjectContentScenarioTests, Microsoft.ApplicationServer.Http.CIT.Scenario, Version=0.0.0.0, Culture=neutral, PublicKeyToken=null" name="GetReadAsXmlNoDerivedTypes" />
    </UnitTest>
    <UnitTest name="GetPocoXmlDataContract" storage="f:\advisorsrepo\wcfhttp\http\test\microsoft.applicationserver.http\scenario\bin\debug\microsoft.applicationserver.http.cit.scenario.dll" id="dabc70db-3c40-dd75-ca9f-176d6a1ca190">
      <Description>Demonstrates how to treat the response from an Http GET as a strongly typed object using the DataContract Xml serializer.</Description>
      <Execution timeOut="240000" id="0ddfd708-17bf-40c9-9e43-139a4b299acd" />
      <Owners>
        <Owner name="dravva" />
      </Owners>
      <TestCategory>
        <TestCategoryItem TestCategory="CIT" />
      </TestCategory>
      <TestMethod codeBase="F:/advisorsrepo/wcfhttp/Http/Test/Microsoft.ApplicationServer.Http/Scenario/bin/Debug/Microsoft.ApplicationServer.Http.CIT.Scenario.DLL" adapterTypeName="Microsoft.VisualStudio.TestTools.TestTypes.Unit.UnitTestAdapter, Microsoft.VisualStudio.QualityTools.Tips.UnitTest.Adapter, Version=10.0.0.0, Culture=neutral, PublicKeyToken=b03f5f7f11d50a3a" className="Microsoft.ApplicationServer.Http.CIT.Scenario.ObjectContentScenarioTests, Microsoft.ApplicationServer.Http.CIT.Scenario, Version=0.0.0.0, Culture=neutral, PublicKeyToken=null" name="GetPocoXmlDataContract" />
    </UnitTest>
    <UnitTest name="PostPocoXmlDataContract" storage="f:\advisorsrepo\wcfhttp\http\test\microsoft.applicationserver.http\scenario\bin\debug\microsoft.applicationserver.http.cit.scenario.dll" id="3f8063f6-35e9-784a-8174-2328fa1b9f0a">
      <Description>Demonstrates how to POST and then read a strongly typed object using the DataContract Xml serializer.</Description>
      <Execution timeOut="240000" id="db872204-cfc6-4e11-9e97-afd10a737080" />
      <Owners>
        <Owner name="dravva" />
      </Owners>
      <TestCategory>
        <TestCategoryItem TestCategory="CIT" />
      </TestCategory>
      <TestMethod codeBase="F:/advisorsrepo/wcfhttp/Http/Test/Microsoft.ApplicationServer.Http/Scenario/bin/Debug/Microsoft.ApplicationServer.Http.CIT.Scenario.DLL" adapterTypeName="Microsoft.VisualStudio.TestTools.TestTypes.Unit.UnitTestAdapter, Microsoft.VisualStudio.QualityTools.Tips.UnitTest.Adapter, Version=10.0.0.0, Culture=neutral, PublicKeyToken=b03f5f7f11d50a3a" className="Microsoft.ApplicationServer.Http.CIT.Scenario.ObjectContentScenarioTests, Microsoft.ApplicationServer.Http.CIT.Scenario, Version=0.0.0.0, Culture=neutral, PublicKeyToken=null" name="PostPocoXmlDataContract" />
    </UnitTest>
    <UnitTest name="PersistenceTest4" storage="f:\advisorsrepo\wcfhttp\http\test\microsoft.applicationserver.http\scenario\bin\debug\microsoft.applicationserver.http.cit.scenario.dll" id="58c7152c-4273-2e63-4434-403472e01ce7">
      <Execution timeOut="30000" id="ef639807-40c0-4ade-b823-a0e05ac5b7ff" />
      <Owners>
        <Owner name="derik" />
      </Owners>
      <TestCategory>
        <TestCategoryItem TestCategory="CIT" />
      </TestCategory>
      <TestMethod codeBase="F:/advisorsrepo/wcfhttp/Http/Test/Microsoft.ApplicationServer.Http/Scenario/bin/Debug/Microsoft.ApplicationServer.Http.CIT.Scenario.DLL" adapterTypeName="Microsoft.VisualStudio.TestTools.TestTypes.Unit.UnitTestAdapter, Microsoft.VisualStudio.QualityTools.Tips.UnitTest.Adapter, Version=10.0.0.0, Culture=neutral, PublicKeyToken=b03f5f7f11d50a3a" className="Microsoft.ApplicationServer.Http.CIT.Scenario.PersistenceTests, Microsoft.ApplicationServer.Http.CIT.Scenario, Version=0.0.0.0, Culture=neutral, PublicKeyToken=null" name="PersistenceTest4" />
    </UnitTest>
    <UnitTest name="RedirectServiceTest3" storage="f:\advisorsrepo\wcfhttp\http\test\microsoft.applicationserver.http\scenario\bin\debug\microsoft.applicationserver.http.cit.scenario.dll" id="34235b64-6272-024c-bcd7-5b2be741b133">
      <Execution timeOut="30000" id="de799133-c1e7-4672-bc36-dc1396ad59cb" />
      <Owners>
        <Owner name="derik" />
      </Owners>
      <TestCategory>
        <TestCategoryItem TestCategory="CIT" />
        <TestCategoryItem TestCategory="ADP_Basics" />
      </TestCategory>
      <TestMethod codeBase="F:/advisorsrepo/wcfhttp/Http/Test/Microsoft.ApplicationServer.Http/Scenario/bin/Debug/Microsoft.ApplicationServer.Http.CIT.Scenario.DLL" adapterTypeName="Microsoft.VisualStudio.TestTools.TestTypes.Unit.UnitTestAdapter, Microsoft.VisualStudio.QualityTools.Tips.UnitTest.Adapter, Version=10.0.0.0, Culture=neutral, PublicKeyToken=b03f5f7f11d50a3a" className="Microsoft.ApplicationServer.Http.CIT.Scenario.RedirectServiceTests, Microsoft.ApplicationServer.Http.CIT.Scenario, Version=0.0.0.0, Culture=neutral, PublicKeyToken=null" name="RedirectServiceTest3" />
    </UnitTest>
    <UnitTest name="MissingPropertyServiceTest4" storage="f:\advisorsrepo\wcfhttp\http\test\microsoft.applicationserver.http\scenario\bin\debug\microsoft.applicationserver.http.cit.scenario.dll" id="ef8bb85f-2e58-1d4a-2716-1b27149e651e">
      <Execution timeOut="30000" id="c98f1025-d7c8-4fa0-b519-037731a86ba4" />
      <Owners>
        <Owner name="derik" />
      </Owners>
      <TestCategory>
        <TestCategoryItem TestCategory="CIT" />
      </TestCategory>
      <TestMethod codeBase="F:/advisorsrepo/wcfhttp/Http/Test/Microsoft.ApplicationServer.Http/Scenario/bin/Debug/Microsoft.ApplicationServer.Http.CIT.Scenario.DLL" adapterTypeName="Microsoft.VisualStudio.TestTools.TestTypes.Unit.UnitTestAdapter, Microsoft.VisualStudio.QualityTools.Tips.UnitTest.Adapter, Version=10.0.0.0, Culture=neutral, PublicKeyToken=b03f5f7f11d50a3a" className="Microsoft.ApplicationServer.Http.CIT.Scenario.MissingPropertyServiceTests, Microsoft.ApplicationServer.Http.CIT.Scenario, Version=0.0.0.0, Culture=neutral, PublicKeyToken=null" name="MissingPropertyServiceTest4" />
    </UnitTest>
    <UnitTest name="OkServiceTest2" storage="f:\advisorsrepo\wcfhttp\http\test\microsoft.applicationserver.http\scenario\bin\debug\microsoft.applicationserver.http.cit.scenario.dll" id="6ecb8c1c-4570-db41-4bce-3984a917c541">
      <Execution timeOut="30000" id="a987404a-f0c6-42c4-8338-1fab8ed745ea" />
      <Owners>
        <Owner name="derik" />
      </Owners>
      <TestCategory>
        <TestCategoryItem TestCategory="ADP_Basics" />
        <TestCategoryItem TestCategory="CIT" />
      </TestCategory>
      <TestMethod codeBase="F:/advisorsrepo/wcfhttp/Http/Test/Microsoft.ApplicationServer.Http/Scenario/bin/Debug/Microsoft.ApplicationServer.Http.CIT.Scenario.DLL" adapterTypeName="Microsoft.VisualStudio.TestTools.TestTypes.Unit.UnitTestAdapter, Microsoft.VisualStudio.QualityTools.Tips.UnitTest.Adapter, Version=10.0.0.0, Culture=neutral, PublicKeyToken=b03f5f7f11d50a3a" className="Microsoft.ApplicationServer.Http.CIT.Scenario.OkServiceTests, Microsoft.ApplicationServer.Http.CIT.Scenario, Version=0.0.0.0, Culture=neutral, PublicKeyToken=null" name="OkServiceTest2" />
    </UnitTest>
    <UnitTest name="ArtifactScenario_GetArtifactsFoundBy" storage="f:\advisorsrepo\wcfhttp\http\test\microsoft.applicationserver.http\scenario\bin\debug\microsoft.applicationserver.http.cit.scenario.dll" id="e2b2f821-232e-beed-a60d-1fa617de5c1f">
      <Description>Demonstrates operation that directly manipulates HttpResponseMessage (see ArtifactService.GetArtifactsFoundBy)</Description>
      <Execution timeOut="30000" id="1ea7f467-b690-400c-b5cc-cdbd38342e03" />
      <Owners>
        <Owner name="vinelap" />
      </Owners>
      <TestCategory>
        <TestCategoryItem TestCategory="CIT" />
      </TestCategory>
      <TestMethod codeBase="F:/advisorsrepo/wcfhttp/Http/Test/Microsoft.ApplicationServer.Http/Scenario/bin/Debug/Microsoft.ApplicationServer.Http.CIT.Scenario.DLL" adapterTypeName="Microsoft.VisualStudio.TestTools.TestTypes.Unit.UnitTestAdapter, Microsoft.VisualStudio.QualityTools.Tips.UnitTest.Adapter, Version=10.0.0.0, Culture=neutral, PublicKeyToken=b03f5f7f11d50a3a" className="Microsoft.ApplicationServer.Http.CIT.Scenario.ArtifactScenarioTests, Microsoft.ApplicationServer.Http.CIT.Scenario, Version=0.0.0.0, Culture=neutral, PublicKeyToken=null" name="ArtifactScenario_GetArtifactsFoundBy" />
    </UnitTest>
    <UnitTest name="OneWayServiceTest8" storage="f:\advisorsrepo\wcfhttp\http\test\microsoft.applicationserver.http\scenario\bin\debug\microsoft.applicationserver.http.cit.scenario.dll" id="fd15e591-2aa8-1d22-3624-503ca84e7584">
      <Execution timeOut="30000" id="a30ef559-3e95-4d35-aca0-d616eba9600b" />
      <Owners>
        <Owner name="derik" />
      </Owners>
      <TestCategory>
        <TestCategoryItem TestCategory="CIT" />
      </TestCategory>
      <TestMethod codeBase="F:/advisorsrepo/wcfhttp/Http/Test/Microsoft.ApplicationServer.Http/Scenario/bin/Debug/Microsoft.ApplicationServer.Http.CIT.Scenario.DLL" adapterTypeName="Microsoft.VisualStudio.TestTools.TestTypes.Unit.UnitTestAdapter, Microsoft.VisualStudio.QualityTools.Tips.UnitTest.Adapter, Version=10.0.0.0, Culture=neutral, PublicKeyToken=b03f5f7f11d50a3a" className="Microsoft.ApplicationServer.Http.CIT.Scenario.OneWayServiceTests, Microsoft.ApplicationServer.Http.CIT.Scenario, Version=0.0.0.0, Culture=neutral, PublicKeyToken=null" name="OneWayServiceTest8" />
    </UnitTest>
    <UnitTest name="RequestFailureHandlerTest16" storage="f:\advisorsrepo\wcfhttp\http\test\microsoft.applicationserver.http\scenario\bin\debug\microsoft.applicationserver.http.cit.scenario.dll" id="eaad52bd-22fc-f126-feae-23ee7db28541">
      <Execution timeOut="30000" id="7311da3d-a2e7-4243-b914-35489a63073d" />
      <Owners>
        <Owner name="derik" />
      </Owners>
      <TestCategory>
        <TestCategoryItem TestCategory="CIT" />
      </TestCategory>
      <TestMethod codeBase="F:/advisorsrepo/wcfhttp/Http/Test/Microsoft.ApplicationServer.Http/Scenario/bin/Debug/Microsoft.ApplicationServer.Http.CIT.Scenario.DLL" adapterTypeName="Microsoft.VisualStudio.TestTools.TestTypes.Unit.UnitTestAdapter, Microsoft.VisualStudio.QualityTools.Tips.UnitTest.Adapter, Version=10.0.0.0, Culture=neutral, PublicKeyToken=b03f5f7f11d50a3a" className="Microsoft.ApplicationServer.Http.CIT.Scenario.RequestFailureHandlerTests, Microsoft.ApplicationServer.Http.CIT.Scenario, Version=0.0.0.0, Culture=neutral, PublicKeyToken=null" name="RequestFailureHandlerTest16" />
    </UnitTest>
    <UnitTest name="RedirectServiceTest4" storage="f:\advisorsrepo\wcfhttp\http\test\microsoft.applicationserver.http\scenario\bin\debug\microsoft.applicationserver.http.cit.scenario.dll" id="ba6331ee-0d35-e41d-20b4-6fedf3bdda9e">
      <Execution timeOut="30000" id="ef5eae76-fa02-48c9-b2ab-13e0c3f7f62f" />
      <Owners>
        <Owner name="derik" />
      </Owners>
      <TestCategory>
        <TestCategoryItem TestCategory="ADP_Basics" />
        <TestCategoryItem TestCategory="CIT" />
      </TestCategory>
      <TestMethod codeBase="F:/advisorsrepo/wcfhttp/Http/Test/Microsoft.ApplicationServer.Http/Scenario/bin/Debug/Microsoft.ApplicationServer.Http.CIT.Scenario.DLL" adapterTypeName="Microsoft.VisualStudio.TestTools.TestTypes.Unit.UnitTestAdapter, Microsoft.VisualStudio.QualityTools.Tips.UnitTest.Adapter, Version=10.0.0.0, Culture=neutral, PublicKeyToken=b03f5f7f11d50a3a" className="Microsoft.ApplicationServer.Http.CIT.Scenario.RedirectServiceTests, Microsoft.ApplicationServer.Http.CIT.Scenario, Version=0.0.0.0, Culture=neutral, PublicKeyToken=null" name="RedirectServiceTest4" />
    </UnitTest>
    <UnitTest name="NoHandlerTest4" storage="f:\advisorsrepo\wcfhttp\http\test\microsoft.applicationserver.http\scenario\bin\debug\microsoft.applicationserver.http.cit.scenario.dll" id="3fe7df62-cd26-7a7d-bbf1-cfbe628f7aac">
      <Execution timeOut="30000" id="659bc3c0-0b60-4d4c-bff9-7be1355317fa" />
      <Owners>
        <Owner name="derik" />
      </Owners>
      <TestCategory>
        <TestCategoryItem TestCategory="CIT" />
      </TestCategory>
      <TestMethod codeBase="F:/advisorsrepo/wcfhttp/Http/Test/Microsoft.ApplicationServer.Http/Scenario/bin/Debug/Microsoft.ApplicationServer.Http.CIT.Scenario.DLL" adapterTypeName="Microsoft.VisualStudio.TestTools.TestTypes.Unit.UnitTestAdapter, Microsoft.VisualStudio.QualityTools.Tips.UnitTest.Adapter, Version=10.0.0.0, Culture=neutral, PublicKeyToken=b03f5f7f11d50a3a" className="Microsoft.ApplicationServer.Http.CIT.Scenario.NoHandlerTests, Microsoft.ApplicationServer.Http.CIT.Scenario, Version=0.0.0.0, Culture=neutral, PublicKeyToken=null" name="NoHandlerTest4" />
    </UnitTest>
    <UnitTest name="NotFoundServiceTest3" storage="f:\advisorsrepo\wcfhttp\http\test\microsoft.applicationserver.http\scenario\bin\debug\microsoft.applicationserver.http.cit.scenario.dll" id="bc8eb5c5-5db8-a57c-1591-45d98b155fb5">
      <Execution timeOut="30000" id="92472453-a516-4b29-8188-ec948d0d5eb3" />
      <Owners>
        <Owner name="derik" />
      </Owners>
      <TestCategory>
        <TestCategoryItem TestCategory="CIT" />
        <TestCategoryItem TestCategory="ADP_Basics" />
      </TestCategory>
      <TestMethod codeBase="F:/advisorsrepo/wcfhttp/Http/Test/Microsoft.ApplicationServer.Http/Scenario/bin/Debug/Microsoft.ApplicationServer.Http.CIT.Scenario.DLL" adapterTypeName="Microsoft.VisualStudio.TestTools.TestTypes.Unit.UnitTestAdapter, Microsoft.VisualStudio.QualityTools.Tips.UnitTest.Adapter, Version=10.0.0.0, Culture=neutral, PublicKeyToken=b03f5f7f11d50a3a" className="Microsoft.ApplicationServer.Http.CIT.Scenario.NotFoundServiceTests, Microsoft.ApplicationServer.Http.CIT.Scenario, Version=0.0.0.0, Culture=neutral, PublicKeyToken=null" name="NotFoundServiceTest3" />
    </UnitTest>
    <UnitTest name="CloseRequestContextTestA1" storage="f:\advisorsrepo\wcfhttp\http\test\microsoft.applicationserver.http\scenario\bin\debug\microsoft.applicationserver.http.cit.scenario.dll" id="8d276502-50cf-4b37-8985-c093fef9c816">
      <Execution timeOut="30000" id="a0b43ebd-2a8e-4ef8-af04-903d9565a618" />
      <Owners>
        <Owner name="derik" />
      </Owners>
      <TestCategory>
        <TestCategoryItem TestCategory="CIT" />
      </TestCategory>
      <TestMethod codeBase="F:/advisorsrepo/wcfhttp/Http/Test/Microsoft.ApplicationServer.Http/Scenario/bin/Debug/Microsoft.ApplicationServer.Http.CIT.Scenario.DLL" adapterTypeName="Microsoft.VisualStudio.TestTools.TestTypes.Unit.UnitTestAdapter, Microsoft.VisualStudio.QualityTools.Tips.UnitTest.Adapter, Version=10.0.0.0, Culture=neutral, PublicKeyToken=b03f5f7f11d50a3a" className="Microsoft.ApplicationServer.Http.CIT.Scenario.CloseRequestContextTests, Microsoft.ApplicationServer.Http.CIT.Scenario, Version=0.0.0.0, Culture=neutral, PublicKeyToken=null" name="CloseRequestContextTestA1" />
    </UnitTest>
    <UnitTest name="BadServiceTest5" storage="f:\advisorsrepo\wcfhttp\http\test\microsoft.applicationserver.http\scenario\bin\debug\microsoft.applicationserver.http.cit.scenario.dll" id="b2428557-711e-4938-fab9-28f9de600e5c">
      <Execution timeOut="30000" id="587150d8-962d-4b3d-86ef-3be870610f6d" />
      <Owners>
        <Owner name="derik" />
      </Owners>
      <TestCategory>
        <TestCategoryItem TestCategory="CIT" />
      </TestCategory>
      <TestMethod codeBase="F:/advisorsrepo/wcfhttp/Http/Test/Microsoft.ApplicationServer.Http/Scenario/bin/Debug/Microsoft.ApplicationServer.Http.CIT.Scenario.DLL" adapterTypeName="Microsoft.VisualStudio.TestTools.TestTypes.Unit.UnitTestAdapter, Microsoft.VisualStudio.QualityTools.Tips.UnitTest.Adapter, Version=10.0.0.0, Culture=neutral, PublicKeyToken=b03f5f7f11d50a3a" className="Microsoft.ApplicationServer.Http.CIT.Scenario.BadServiceTests, Microsoft.ApplicationServer.Http.CIT.Scenario, Version=0.0.0.0, Culture=neutral, PublicKeyToken=null" name="BadServiceTest5" />
    </UnitTest>
    <UnitTest name="AbortRequestContextTest2" storage="f:\advisorsrepo\wcfhttp\http\test\microsoft.applicationserver.http\scenario\bin\debug\microsoft.applicationserver.http.cit.scenario.dll" id="4e5b1681-b8d8-0264-58a3-ab96cc5137a6">
      <Execution timeOut="30000" id="7b8adb15-9f71-441f-a289-0799379be1f2" />
      <Owners>
        <Owner name="derik" />
      </Owners>
      <TestCategory>
        <TestCategoryItem TestCategory="ADP_Basics" />
        <TestCategoryItem TestCategory="CIT" />
      </TestCategory>
      <TestMethod codeBase="F:/advisorsrepo/wcfhttp/Http/Test/Microsoft.ApplicationServer.Http/Scenario/bin/Debug/Microsoft.ApplicationServer.Http.CIT.Scenario.DLL" adapterTypeName="Microsoft.VisualStudio.TestTools.TestTypes.Unit.UnitTestAdapter, Microsoft.VisualStudio.QualityTools.Tips.UnitTest.Adapter, Version=10.0.0.0, Culture=neutral, PublicKeyToken=b03f5f7f11d50a3a" className="Microsoft.ApplicationServer.Http.CIT.Scenario.AbortRequestContextTests, Microsoft.ApplicationServer.Http.CIT.Scenario, Version=0.0.0.0, Culture=neutral, PublicKeyToken=null" name="AbortRequestContextTest2" />
    </UnitTest>
    <UnitTest name="Get_Existing_Customer" storage="f:\advisorsrepo\wcfhttp\http\test\microsoft.applicationserver.http\scenario\bin\debug\microsoft.applicationserver.http.cit.scenario.dll" id="ae1a9443-8988-bd36-83f9-4a059f861ac4">
      <Description>Sends a GET request for a single customer that already exists by default.</Description>
      <Execution timeOut="30000" id="7e1ce797-a209-4b0f-a05f-602c8ac7dbc9" />
      <Owners>
        <Owner name="derik" />
      </Owners>
      <TestCategory>
        <TestCategoryItem TestCategory="CIT" />
      </TestCategory>
      <TestMethod codeBase="F:/advisorsrepo/wcfhttp/Http/Test/Microsoft.ApplicationServer.Http/Scenario/bin/Debug/Microsoft.ApplicationServer.Http.CIT.Scenario.DLL" adapterTypeName="Microsoft.VisualStudio.TestTools.TestTypes.Unit.UnitTestAdapter, Microsoft.VisualStudio.QualityTools.Tips.UnitTest.Adapter, Version=10.0.0.0, Culture=neutral, PublicKeyToken=b03f5f7f11d50a3a" className="Microsoft.ApplicationServer.Http.CIT.Scenario.ScenarioTests, Microsoft.ApplicationServer.Http.CIT.Scenario, Version=0.0.0.0, Culture=neutral, PublicKeyToken=null" name="Get_Existing_Customer" />
    </UnitTest>
    <UnitTest name="MissingPropertyServiceTest6" storage="f:\advisorsrepo\wcfhttp\http\test\microsoft.applicationserver.http\scenario\bin\debug\microsoft.applicationserver.http.cit.scenario.dll" id="6ea354ff-e041-60f2-135e-b836f30728c8">
      <Execution timeOut="30000" id="23ab0189-a916-4f6f-9eaa-fe98bd84a327" />
      <Owners>
        <Owner name="derik" />
      </Owners>
      <TestCategory>
        <TestCategoryItem TestCategory="CIT" />
      </TestCategory>
      <TestMethod codeBase="F:/advisorsrepo/wcfhttp/Http/Test/Microsoft.ApplicationServer.Http/Scenario/bin/Debug/Microsoft.ApplicationServer.Http.CIT.Scenario.DLL" adapterTypeName="Microsoft.VisualStudio.TestTools.TestTypes.Unit.UnitTestAdapter, Microsoft.VisualStudio.QualityTools.Tips.UnitTest.Adapter, Version=10.0.0.0, Culture=neutral, PublicKeyToken=b03f5f7f11d50a3a" className="Microsoft.ApplicationServer.Http.CIT.Scenario.MissingPropertyServiceTests, Microsoft.ApplicationServer.Http.CIT.Scenario, Version=0.0.0.0, Culture=neutral, PublicKeyToken=null" name="MissingPropertyServiceTest6" />
    </UnitTest>
    <UnitTest name="Get_With_Custom_Header_For_Customer_Names_Only" storage="f:\advisorsrepo\wcfhttp\http\test\microsoft.applicationserver.http\scenario\bin\debug\microsoft.applicationserver.http.cit.scenario.dll" id="bb4827b4-80fe-b4d4-6d34-f8e968cebd37">
      <Description>Sends a GET request for all customers and uses the 'NamesOnly' custom header.</Description>
      <Execution timeOut="30000" id="f87bcc81-e71b-485c-b00a-d19ae68ea105" />
      <Owners>
        <Owner name="derik" />
      </Owners>
      <TestCategory>
        <TestCategoryItem TestCategory="CIT" />
      </TestCategory>
      <TestMethod codeBase="F:/advisorsrepo/wcfhttp/Http/Test/Microsoft.ApplicationServer.Http/Scenario/bin/Debug/Microsoft.ApplicationServer.Http.CIT.Scenario.DLL" adapterTypeName="Microsoft.VisualStudio.TestTools.TestTypes.Unit.UnitTestAdapter, Microsoft.VisualStudio.QualityTools.Tips.UnitTest.Adapter, Version=10.0.0.0, Culture=neutral, PublicKeyToken=b03f5f7f11d50a3a" className="Microsoft.ApplicationServer.Http.CIT.Scenario.ScenarioTests, Microsoft.ApplicationServer.Http.CIT.Scenario, Version=0.0.0.0, Culture=neutral, PublicKeyToken=null" name="Get_With_Custom_Header_For_Customer_Names_Only" />
    </UnitTest>
    <UnitTest name="RequestFailureHandlerTest14" storage="f:\advisorsrepo\wcfhttp\http\test\microsoft.applicationserver.http\scenario\bin\debug\microsoft.applicationserver.http.cit.scenario.dll" id="8acf70f4-42a8-5b3a-0ee5-b32ca7afe0c0">
      <Execution timeOut="30000" id="42398d47-891f-4d55-8545-d95739610c91" />
      <Owners>
        <Owner name="derik" />
      </Owners>
      <TestCategory>
        <TestCategoryItem TestCategory="CIT" />
        <TestCategoryItem TestCategory="ADP_Basics" />
      </TestCategory>
      <TestMethod codeBase="F:/advisorsrepo/wcfhttp/Http/Test/Microsoft.ApplicationServer.Http/Scenario/bin/Debug/Microsoft.ApplicationServer.Http.CIT.Scenario.DLL" adapterTypeName="Microsoft.VisualStudio.TestTools.TestTypes.Unit.UnitTestAdapter, Microsoft.VisualStudio.QualityTools.Tips.UnitTest.Adapter, Version=10.0.0.0, Culture=neutral, PublicKeyToken=b03f5f7f11d50a3a" className="Microsoft.ApplicationServer.Http.CIT.Scenario.RequestFailureHandlerTests, Microsoft.ApplicationServer.Http.CIT.Scenario, Version=0.0.0.0, Culture=neutral, PublicKeyToken=null" name="RequestFailureHandlerTest14" />
    </UnitTest>
    <UnitTest name="OkAfterRedirectServiceTest3" storage="f:\advisorsrepo\wcfhttp\http\test\microsoft.applicationserver.http\scenario\bin\debug\microsoft.applicationserver.http.cit.scenario.dll" id="973b7633-fe1e-72c9-efce-5776b172b9ce">
      <Execution timeOut="30000" id="3361fb46-4496-427e-a2ed-4dc2797efd03" />
      <Owners>
        <Owner name="derik" />
      </Owners>
      <TestCategory>
        <TestCategoryItem TestCategory="ADP_Basics" />
        <TestCategoryItem TestCategory="CIT" />
      </TestCategory>
      <TestMethod codeBase="F:/advisorsrepo/wcfhttp/Http/Test/Microsoft.ApplicationServer.Http/Scenario/bin/Debug/Microsoft.ApplicationServer.Http.CIT.Scenario.DLL" adapterTypeName="Microsoft.VisualStudio.TestTools.TestTypes.Unit.UnitTestAdapter, Microsoft.VisualStudio.QualityTools.Tips.UnitTest.Adapter, Version=10.0.0.0, Culture=neutral, PublicKeyToken=b03f5f7f11d50a3a" className="Microsoft.ApplicationServer.Http.CIT.Scenario.OkAfterRedirectServiceTests, Microsoft.ApplicationServer.Http.CIT.Scenario, Version=0.0.0.0, Culture=neutral, PublicKeyToken=null" name="OkAfterRedirectServiceTest3" />
    </UnitTest>
    <UnitTest name="CloseRequestContextTestA3" storage="f:\advisorsrepo\wcfhttp\http\test\microsoft.applicationserver.http\scenario\bin\debug\microsoft.applicationserver.http.cit.scenario.dll" id="f6cde357-e1d4-53a8-e3fe-b3cc8d27f208">
      <Execution timeOut="30000" id="ccb2ed8c-1260-4d91-9ba6-5e9ea2292f77" />
      <Owners>
        <Owner name="derik" />
      </Owners>
      <TestCategory>
        <TestCategoryItem TestCategory="CIT" />
      </TestCategory>
      <TestMethod codeBase="F:/advisorsrepo/wcfhttp/Http/Test/Microsoft.ApplicationServer.Http/Scenario/bin/Debug/Microsoft.ApplicationServer.Http.CIT.Scenario.DLL" adapterTypeName="Microsoft.VisualStudio.TestTools.TestTypes.Unit.UnitTestAdapter, Microsoft.VisualStudio.QualityTools.Tips.UnitTest.Adapter, Version=10.0.0.0, Culture=neutral, PublicKeyToken=b03f5f7f11d50a3a" className="Microsoft.ApplicationServer.Http.CIT.Scenario.CloseRequestContextTests, Microsoft.ApplicationServer.Http.CIT.Scenario, Version=0.0.0.0, Culture=neutral, PublicKeyToken=null" name="CloseRequestContextTestA3" />
    </UnitTest>
    <UnitTest name="NoFactoryTest2" storage="f:\advisorsrepo\wcfhttp\http\test\microsoft.applicationserver.http\scenario\bin\debug\microsoft.applicationserver.http.cit.scenario.dll" id="916a8ab3-a888-6a8c-f10c-80b333565ce6">
      <Execution timeOut="30000" id="b58d2105-697b-4e90-8631-5899f5dc41de" />
      <Owners>
        <Owner name="derik" />
      </Owners>
      <TestCategory>
        <TestCategoryItem TestCategory="CIT" />
        <TestCategoryItem TestCategory="ADP_Basics" />
      </TestCategory>
      <TestMethod codeBase="F:/advisorsrepo/wcfhttp/Http/Test/Microsoft.ApplicationServer.Http/Scenario/bin/Debug/Microsoft.ApplicationServer.Http.CIT.Scenario.DLL" adapterTypeName="Microsoft.VisualStudio.TestTools.TestTypes.Unit.UnitTestAdapter, Microsoft.VisualStudio.QualityTools.Tips.UnitTest.Adapter, Version=10.0.0.0, Culture=neutral, PublicKeyToken=b03f5f7f11d50a3a" className="Microsoft.ApplicationServer.Http.CIT.Scenario.NoFactoryTests, Microsoft.ApplicationServer.Http.CIT.Scenario, Version=0.0.0.0, Culture=neutral, PublicKeyToken=null" name="NoFactoryTest2" />
    </UnitTest>
    <UnitTest name="PersistenceTest1" storage="f:\advisorsrepo\wcfhttp\http\test\microsoft.applicationserver.http\scenario\bin\debug\microsoft.applicationserver.http.cit.scenario.dll" id="2df06ce5-f3a8-7ad7-e161-1e1234a7dd47">
      <Execution timeOut="30000" id="ddffa7e9-a580-4001-ba9c-37d6b343fb94" />
      <Owners>
        <Owner name="derik" />
      </Owners>
      <TestCategory>
        <TestCategoryItem TestCategory="CIT" />
      </TestCategory>
      <TestMethod codeBase="F:/advisorsrepo/wcfhttp/Http/Test/Microsoft.ApplicationServer.Http/Scenario/bin/Debug/Microsoft.ApplicationServer.Http.CIT.Scenario.DLL" adapterTypeName="Microsoft.VisualStudio.TestTools.TestTypes.Unit.UnitTestAdapter, Microsoft.VisualStudio.QualityTools.Tips.UnitTest.Adapter, Version=10.0.0.0, Culture=neutral, PublicKeyToken=b03f5f7f11d50a3a" className="Microsoft.ApplicationServer.Http.CIT.Scenario.PersistenceTests, Microsoft.ApplicationServer.Http.CIT.Scenario, Version=0.0.0.0, Culture=neutral, PublicKeyToken=null" name="PersistenceTest1" />
    </UnitTest>
    <UnitTest name="BadFactoryCreateServiceTest7" storage="f:\advisorsrepo\wcfhttp\http\test\microsoft.applicationserver.http\scenario\bin\debug\microsoft.applicationserver.http.cit.scenario.dll" id="8cd6064a-e3e3-1790-d3d6-4ac48741e88a">
      <Execution timeOut="30000" id="dd2d7f4e-51f4-4173-bc84-f00d41f95c71" />
      <Owners>
        <Owner name="derik" />
      </Owners>
      <TestCategory>
        <TestCategoryItem TestCategory="CIT" />
      </TestCategory>
      <TestMethod codeBase="F:/advisorsrepo/wcfhttp/Http/Test/Microsoft.ApplicationServer.Http/Scenario/bin/Debug/Microsoft.ApplicationServer.Http.CIT.Scenario.DLL" adapterTypeName="Microsoft.VisualStudio.TestTools.TestTypes.Unit.UnitTestAdapter, Microsoft.VisualStudio.QualityTools.Tips.UnitTest.Adapter, Version=10.0.0.0, Culture=neutral, PublicKeyToken=b03f5f7f11d50a3a" className="Microsoft.ApplicationServer.Http.CIT.Scenario.BadFactoryCreateServiceTests, Microsoft.ApplicationServer.Http.CIT.Scenario, Version=0.0.0.0, Culture=neutral, PublicKeyToken=null" name="BadFactoryCreateServiceTest7" />
    </UnitTest>
    <UnitTest name="Update_Non_Existing_Customer" storage="f:\advisorsrepo\wcfhttp\http\test\microsoft.applicationserver.http\scenario\bin\debug\microsoft.applicationserver.http.cit.scenario.dll" id="9af72250-d05c-59dd-600a-f78391ca5294">
      <Description>Sends a PUT request to update a single customer that doesn't exist by default.</Description>
      <Execution timeOut="30000" id="f8172ef1-f75e-4965-9109-7908431c686a" />
      <Owners>
        <Owner name="derik" />
      </Owners>
      <TestCategory>
        <TestCategoryItem TestCategory="CIT" />
      </TestCategory>
      <TestMethod codeBase="F:/advisorsrepo/wcfhttp/Http/Test/Microsoft.ApplicationServer.Http/Scenario/bin/Debug/Microsoft.ApplicationServer.Http.CIT.Scenario.DLL" adapterTypeName="Microsoft.VisualStudio.TestTools.TestTypes.Unit.UnitTestAdapter, Microsoft.VisualStudio.QualityTools.Tips.UnitTest.Adapter, Version=10.0.0.0, Culture=neutral, PublicKeyToken=b03f5f7f11d50a3a" className="Microsoft.ApplicationServer.Http.CIT.Scenario.ScenarioTests, Microsoft.ApplicationServer.Http.CIT.Scenario, Version=0.0.0.0, Culture=neutral, PublicKeyToken=null" name="Update_Non_Existing_Customer" />
    </UnitTest>
    <UnitTest name="RequestFailureHandlerTest4" storage="f:\advisorsrepo\wcfhttp\http\test\microsoft.applicationserver.http\scenario\bin\debug\microsoft.applicationserver.http.cit.scenario.dll" id="f92f2431-d9b7-d874-8998-6315c571aff2">
      <Execution timeOut="30000" id="b83e1647-b7b1-44d5-a276-2e440bdc614a" />
      <Owners>
        <Owner name="derik" />
      </Owners>
      <TestCategory>
        <TestCategoryItem TestCategory="CIT" />
      </TestCategory>
      <TestMethod codeBase="F:/advisorsrepo/wcfhttp/Http/Test/Microsoft.ApplicationServer.Http/Scenario/bin/Debug/Microsoft.ApplicationServer.Http.CIT.Scenario.DLL" adapterTypeName="Microsoft.VisualStudio.TestTools.TestTypes.Unit.UnitTestAdapter, Microsoft.VisualStudio.QualityTools.Tips.UnitTest.Adapter, Version=10.0.0.0, Culture=neutral, PublicKeyToken=b03f5f7f11d50a3a" className="Microsoft.ApplicationServer.Http.CIT.Scenario.RequestFailureHandlerTests, Microsoft.ApplicationServer.Http.CIT.Scenario, Version=0.0.0.0, Culture=neutral, PublicKeyToken=null" name="RequestFailureHandlerTest4" />
    </UnitTest>
    <UnitTest name="Get_All_Existing_Customer" storage="f:\advisorsrepo\wcfhttp\http\test\microsoft.applicationserver.http\scenario\bin\debug\microsoft.applicationserver.http.cit.scenario.dll" id="8f7db601-bb81-584c-a9d8-671dcf4ae868">
      <Description>Sends a GET request for all customers that already exist by default.</Description>
      <Execution timeOut="30000" id="1bb6fc25-5056-458c-be8f-485ec53efb99" />
      <Owners>
        <Owner name="derik" />
      </Owners>
      <TestCategory>
        <TestCategoryItem TestCategory="CIT" />
      </TestCategory>
      <TestMethod codeBase="F:/advisorsrepo/wcfhttp/Http/Test/Microsoft.ApplicationServer.Http/Scenario/bin/Debug/Microsoft.ApplicationServer.Http.CIT.Scenario.DLL" adapterTypeName="Microsoft.VisualStudio.TestTools.TestTypes.Unit.UnitTestAdapter, Microsoft.VisualStudio.QualityTools.Tips.UnitTest.Adapter, Version=10.0.0.0, Culture=neutral, PublicKeyToken=b03f5f7f11d50a3a" className="Microsoft.ApplicationServer.Http.CIT.Scenario.ScenarioTests, Microsoft.ApplicationServer.Http.CIT.Scenario, Version=0.0.0.0, Culture=neutral, PublicKeyToken=null" name="Get_All_Existing_Customer" />
    </UnitTest>
    <UnitTest name="CloseRequestContextTestA2" storage="f:\advisorsrepo\wcfhttp\http\test\microsoft.applicationserver.http\scenario\bin\debug\microsoft.applicationserver.http.cit.scenario.dll" id="be343ec3-9522-070d-7059-0a1dbd7ff0a4">
      <Execution timeOut="30000" id="32e2545f-d1b7-4169-85a5-1411b84f1b4d" />
      <Owners>
        <Owner name="derik" />
      </Owners>
      <TestCategory>
        <TestCategoryItem TestCategory="CIT" />
        <TestCategoryItem TestCategory="ADP_Basics" />
      </TestCategory>
      <TestMethod codeBase="F:/advisorsrepo/wcfhttp/Http/Test/Microsoft.ApplicationServer.Http/Scenario/bin/Debug/Microsoft.ApplicationServer.Http.CIT.Scenario.DLL" adapterTypeName="Microsoft.VisualStudio.TestTools.TestTypes.Unit.UnitTestAdapter, Microsoft.VisualStudio.QualityTools.Tips.UnitTest.Adapter, Version=10.0.0.0, Culture=neutral, PublicKeyToken=b03f5f7f11d50a3a" className="Microsoft.ApplicationServer.Http.CIT.Scenario.CloseRequestContextTests, Microsoft.ApplicationServer.Http.CIT.Scenario, Version=0.0.0.0, Culture=neutral, PublicKeyToken=null" name="CloseRequestContextTestA2" />
    </UnitTest>
    <UnitTest name="OkAfterRedirectServiceTest1" storage="f:\advisorsrepo\wcfhttp\http\test\microsoft.applicationserver.http\scenario\bin\debug\microsoft.applicationserver.http.cit.scenario.dll" id="a6a9b3ff-9056-f078-7bed-e1e3afe4ed43">
      <Execution timeOut="30000" id="c8a8a6d2-da0d-4ad8-a2d7-b2821e556caf" />
      <Owners>
        <Owner name="derik" />
      </Owners>
      <TestCategory>
        <TestCategoryItem TestCategory="CIT" />
        <TestCategoryItem TestCategory="ADP_Basics" />
      </TestCategory>
      <TestMethod codeBase="F:/advisorsrepo/wcfhttp/Http/Test/Microsoft.ApplicationServer.Http/Scenario/bin/Debug/Microsoft.ApplicationServer.Http.CIT.Scenario.DLL" adapterTypeName="Microsoft.VisualStudio.TestTools.TestTypes.Unit.UnitTestAdapter, Microsoft.VisualStudio.QualityTools.Tips.UnitTest.Adapter, Version=10.0.0.0, Culture=neutral, PublicKeyToken=b03f5f7f11d50a3a" className="Microsoft.ApplicationServer.Http.CIT.Scenario.OkAfterRedirectServiceTests, Microsoft.ApplicationServer.Http.CIT.Scenario, Version=0.0.0.0, Culture=neutral, PublicKeyToken=null" name="OkAfterRedirectServiceTest1" />
    </UnitTest>
    <UnitTest name="Get_With_Non_Integer_Id" storage="f:\advisorsrepo\wcfhttp\http\test\microsoft.applicationserver.http\scenario\bin\debug\microsoft.applicationserver.http.cit.scenario.dll" id="793dfc8a-9b3e-4bf5-47cd-c7a759f2cfb1">
      <Description>Sends a GET request with an id that can't be parsed as an integer.</Description>
      <Execution timeOut="30000" id="ac41a253-df2a-49b8-88c7-52a325f8a32a" />
      <Owners>
        <Owner name="derik" />
      </Owners>
      <TestCategory>
        <TestCategoryItem TestCategory="CIT" />
      </TestCategory>
      <TestMethod codeBase="F:/advisorsrepo/wcfhttp/Http/Test/Microsoft.ApplicationServer.Http/Scenario/bin/Debug/Microsoft.ApplicationServer.Http.CIT.Scenario.DLL" adapterTypeName="Microsoft.VisualStudio.TestTools.TestTypes.Unit.UnitTestAdapter, Microsoft.VisualStudio.QualityTools.Tips.UnitTest.Adapter, Version=10.0.0.0, Culture=neutral, PublicKeyToken=b03f5f7f11d50a3a" className="Microsoft.ApplicationServer.Http.CIT.Scenario.ScenarioTests, Microsoft.ApplicationServer.Http.CIT.Scenario, Version=0.0.0.0, Culture=neutral, PublicKeyToken=null" name="Get_With_Non_Integer_Id" />
    </UnitTest>
    <UnitTest name="PersistenceTest2" storage="f:\advisorsrepo\wcfhttp\http\test\microsoft.applicationserver.http\scenario\bin\debug\microsoft.applicationserver.http.cit.scenario.dll" id="d10823c9-82b5-410a-6811-33cd639c176f">
      <Execution timeOut="30000" id="6647b665-b554-4f78-9995-35dca966d001" />
      <Owners>
        <Owner name="derik" />
      </Owners>
      <TestCategory>
        <TestCategoryItem TestCategory="CIT" />
      </TestCategory>
      <TestMethod codeBase="F:/advisorsrepo/wcfhttp/Http/Test/Microsoft.ApplicationServer.Http/Scenario/bin/Debug/Microsoft.ApplicationServer.Http.CIT.Scenario.DLL" adapterTypeName="Microsoft.VisualStudio.TestTools.TestTypes.Unit.UnitTestAdapter, Microsoft.VisualStudio.QualityTools.Tips.UnitTest.Adapter, Version=10.0.0.0, Culture=neutral, PublicKeyToken=b03f5f7f11d50a3a" className="Microsoft.ApplicationServer.Http.CIT.Scenario.PersistenceTests, Microsoft.ApplicationServer.Http.CIT.Scenario, Version=0.0.0.0, Culture=neutral, PublicKeyToken=null" name="PersistenceTest2" />
    </UnitTest>
    <UnitTest name="BadServiceTest4" storage="f:\advisorsrepo\wcfhttp\http\test\microsoft.applicationserver.http\scenario\bin\debug\microsoft.applicationserver.http.cit.scenario.dll" id="5069fb9b-b7f9-ec22-1d16-8b01ef12321c">
      <Execution timeOut="30000" id="8b020488-a8a1-4385-9c39-5daafe1b262e" />
      <Owners>
        <Owner name="derik" />
      </Owners>
      <TestCategory>
        <TestCategoryItem TestCategory="CIT" />
      </TestCategory>
      <TestMethod codeBase="F:/advisorsrepo/wcfhttp/Http/Test/Microsoft.ApplicationServer.Http/Scenario/bin/Debug/Microsoft.ApplicationServer.Http.CIT.Scenario.DLL" adapterTypeName="Microsoft.VisualStudio.TestTools.TestTypes.Unit.UnitTestAdapter, Microsoft.VisualStudio.QualityTools.Tips.UnitTest.Adapter, Version=10.0.0.0, Culture=neutral, PublicKeyToken=b03f5f7f11d50a3a" className="Microsoft.ApplicationServer.Http.CIT.Scenario.BadServiceTests, Microsoft.ApplicationServer.Http.CIT.Scenario, Version=0.0.0.0, Culture=neutral, PublicKeyToken=null" name="BadServiceTest4" />
    </UnitTest>
    <UnitTest name="BasicChannelTest4" storage="f:\advisorsrepo\wcfhttp\http\test\microsoft.applicationserver.http\scenario\bin\debug\microsoft.applicationserver.http.cit.scenario.dll" id="1e1c294a-71a3-3646-0a37-cb8736eb4aaa">
      <Execution timeOut="30000" id="0c9faaa3-30ea-4147-90df-1a80204dc308" />
      <Owners>
        <Owner name="derik" />
      </Owners>
      <TestCategory>
        <TestCategoryItem TestCategory="ADP_Basics" />
        <TestCategoryItem TestCategory="CIT" />
      </TestCategory>
      <TestMethod codeBase="F:/advisorsrepo/wcfhttp/Http/Test/Microsoft.ApplicationServer.Http/Scenario/bin/Debug/Microsoft.ApplicationServer.Http.CIT.Scenario.DLL" adapterTypeName="Microsoft.VisualStudio.TestTools.TestTypes.Unit.UnitTestAdapter, Microsoft.VisualStudio.QualityTools.Tips.UnitTest.Adapter, Version=10.0.0.0, Culture=neutral, PublicKeyToken=b03f5f7f11d50a3a" className="Microsoft.ApplicationServer.Http.CIT.Scenario.BasicChannelTests, Microsoft.ApplicationServer.Http.CIT.Scenario, Version=0.0.0.0, Culture=neutral, PublicKeyToken=null" name="BasicChannelTest4" />
    </UnitTest>
    <UnitTest name="MissingPropertyServiceTest8" storage="f:\advisorsrepo\wcfhttp\http\test\microsoft.applicationserver.http\scenario\bin\debug\microsoft.applicationserver.http.cit.scenario.dll" id="81c4f8ac-f12b-9337-f09b-a49474719b13">
      <Execution timeOut="30000" id="4f390a53-04a0-4d26-aac6-347315b15e60" />
      <Owners>
        <Owner name="derik" />
      </Owners>
      <TestCategory>
        <TestCategoryItem TestCategory="CIT" />
      </TestCategory>
      <TestMethod codeBase="F:/advisorsrepo/wcfhttp/Http/Test/Microsoft.ApplicationServer.Http/Scenario/bin/Debug/Microsoft.ApplicationServer.Http.CIT.Scenario.DLL" adapterTypeName="Microsoft.VisualStudio.TestTools.TestTypes.Unit.UnitTestAdapter, Microsoft.VisualStudio.QualityTools.Tips.UnitTest.Adapter, Version=10.0.0.0, Culture=neutral, PublicKeyToken=b03f5f7f11d50a3a" className="Microsoft.ApplicationServer.Http.CIT.Scenario.MissingPropertyServiceTests, Microsoft.ApplicationServer.Http.CIT.Scenario, Version=0.0.0.0, Culture=neutral, PublicKeyToken=null" name="MissingPropertyServiceTest8" />
    </UnitTest>
    <UnitTest name="ResponseFailureHandlerTest5" storage="f:\advisorsrepo\wcfhttp\http\test\microsoft.applicationserver.http\scenario\bin\debug\microsoft.applicationserver.http.cit.scenario.dll" id="00745456-1145-5e60-461f-30399860a1d7">
      <Execution timeOut="30000" id="c7f1b5a2-8d0a-498a-9573-b50058bf3271" />
      <Owners>
        <Owner name="derik" />
      </Owners>
      <TestCategory>
        <TestCategoryItem TestCategory="CIT" />
      </TestCategory>
      <TestMethod codeBase="F:/advisorsrepo/wcfhttp/Http/Test/Microsoft.ApplicationServer.Http/Scenario/bin/Debug/Microsoft.ApplicationServer.Http.CIT.Scenario.DLL" adapterTypeName="Microsoft.VisualStudio.TestTools.TestTypes.Unit.UnitTestAdapter, Microsoft.VisualStudio.QualityTools.Tips.UnitTest.Adapter, Version=10.0.0.0, Culture=neutral, PublicKeyToken=b03f5f7f11d50a3a" className="Microsoft.ApplicationServer.Http.CIT.Scenario.ResponseFailureHandlerTests, Microsoft.ApplicationServer.Http.CIT.Scenario, Version=0.0.0.0, Culture=neutral, PublicKeyToken=null" name="ResponseFailureHandlerTest5" />
    </UnitTest>
    <UnitTest name="RequestFailureHandlerTest11" storage="f:\advisorsrepo\wcfhttp\http\test\microsoft.applicationserver.http\scenario\bin\debug\microsoft.applicationserver.http.cit.scenario.dll" id="d31e0230-96ca-cecc-9673-d2af89af4ccf">
      <Execution timeOut="30000" id="79b026d6-a1fd-4104-86bd-97c84464b67c" />
      <Owners>
        <Owner name="derik" />
      </Owners>
      <TestCategory>
        <TestCategoryItem TestCategory="CIT" />
      </TestCategory>
      <TestMethod codeBase="F:/advisorsrepo/wcfhttp/Http/Test/Microsoft.ApplicationServer.Http/Scenario/bin/Debug/Microsoft.ApplicationServer.Http.CIT.Scenario.DLL" adapterTypeName="Microsoft.VisualStudio.TestTools.TestTypes.Unit.UnitTestAdapter, Microsoft.VisualStudio.QualityTools.Tips.UnitTest.Adapter, Version=10.0.0.0, Culture=neutral, PublicKeyToken=b03f5f7f11d50a3a" className="Microsoft.ApplicationServer.Http.CIT.Scenario.RequestFailureHandlerTests, Microsoft.ApplicationServer.Http.CIT.Scenario, Version=0.0.0.0, Culture=neutral, PublicKeyToken=null" name="RequestFailureHandlerTest11" />
    </UnitTest>
    <UnitTest name="ShortCircuitHandlerTest3" storage="f:\advisorsrepo\wcfhttp\http\test\microsoft.applicationserver.http\scenario\bin\debug\microsoft.applicationserver.http.cit.scenario.dll" id="5004cfd2-76d9-01a4-0af8-33992e1e608c">
      <Execution timeOut="30000" id="5bd007e3-2c5e-40d3-bd17-98086c827a54" />
      <Owners>
        <Owner name="derik" />
      </Owners>
      <TestCategory>
        <TestCategoryItem TestCategory="CIT" />
      </TestCategory>
      <TestMethod codeBase="F:/advisorsrepo/wcfhttp/Http/Test/Microsoft.ApplicationServer.Http/Scenario/bin/Debug/Microsoft.ApplicationServer.Http.CIT.Scenario.DLL" adapterTypeName="Microsoft.VisualStudio.TestTools.TestTypes.Unit.UnitTestAdapter, Microsoft.VisualStudio.QualityTools.Tips.UnitTest.Adapter, Version=10.0.0.0, Culture=neutral, PublicKeyToken=b03f5f7f11d50a3a" className="Microsoft.ApplicationServer.Http.CIT.Scenario.ShortCircuitHandlerTests, Microsoft.ApplicationServer.Http.CIT.Scenario, Version=0.0.0.0, Culture=neutral, PublicKeyToken=null" name="ShortCircuitHandlerTest3" />
    </UnitTest>
    <UnitTest name="Create_Customer_That_Already_Exists" storage="f:\advisorsrepo\wcfhttp\http\test\microsoft.applicationserver.http\scenario\bin\debug\microsoft.applicationserver.http.cit.scenario.dll" id="9a07635f-fae1-d0b6-97b2-e1675a5498b7">
      <Description>Sends a POST request to create a customer that already exists.</Description>
      <Execution timeOut="30000" id="cfba3e97-2433-4efc-95e9-cc924f5bf62e" />
      <Owners>
        <Owner name="derik" />
      </Owners>
      <TestCategory>
        <TestCategoryItem TestCategory="CIT" />
      </TestCategory>
      <TestMethod codeBase="F:/advisorsrepo/wcfhttp/Http/Test/Microsoft.ApplicationServer.Http/Scenario/bin/Debug/Microsoft.ApplicationServer.Http.CIT.Scenario.DLL" adapterTypeName="Microsoft.VisualStudio.TestTools.TestTypes.Unit.UnitTestAdapter, Microsoft.VisualStudio.QualityTools.Tips.UnitTest.Adapter, Version=10.0.0.0, Culture=neutral, PublicKeyToken=b03f5f7f11d50a3a" className="Microsoft.ApplicationServer.Http.CIT.Scenario.ScenarioTests, Microsoft.ApplicationServer.Http.CIT.Scenario, Version=0.0.0.0, Culture=neutral, PublicKeyToken=null" name="Create_Customer_That_Already_Exists" />
    </UnitTest>
    <UnitTest name="TimedoutServiceTest4" storage="f:\advisorsrepo\wcfhttp\http\test\microsoft.applicationserver.http\scenario\bin\debug\microsoft.applicationserver.http.cit.scenario.dll" id="0e593327-a1c9-a001-c528-1be3fbc4411c">
      <Execution timeOut="30000" id="0b790e7f-505e-473f-88b2-77268d5f0d04" />
      <Owners>
        <Owner name="derik" />
      </Owners>
      <TestCategory>
        <TestCategoryItem TestCategory="CIT" />
      </TestCategory>
      <TestMethod codeBase="F:/advisorsrepo/wcfhttp/Http/Test/Microsoft.ApplicationServer.Http/Scenario/bin/Debug/Microsoft.ApplicationServer.Http.CIT.Scenario.DLL" adapterTypeName="Microsoft.VisualStudio.TestTools.TestTypes.Unit.UnitTestAdapter, Microsoft.VisualStudio.QualityTools.Tips.UnitTest.Adapter, Version=10.0.0.0, Culture=neutral, PublicKeyToken=b03f5f7f11d50a3a" className="Microsoft.ApplicationServer.Http.CIT.Scenario.TimedoutServiceTests, Microsoft.ApplicationServer.Http.CIT.Scenario, Version=0.0.0.0, Culture=neutral, PublicKeyToken=null" name="TimedoutServiceTest4" />
    </UnitTest>
    <UnitTest name="PostPocoXml" storage="f:\advisorsrepo\wcfhttp\http\test\microsoft.applicationserver.http\scenario\bin\debug\microsoft.applicationserver.http.cit.scenario.dll" id="992add57-b567-7ac9-23ee-fb62062964d5">
      <Description>Demonstrates how to POST and then read a strongly typed object using the default Xml serializer.</Description>
      <Execution timeOut="240000" id="36001724-ec02-4790-a7de-863e309e8702" />
      <Owners>
        <Owner name="dravva" />
      </Owners>
      <TestCategory>
        <TestCategoryItem TestCategory="CIT" />
      </TestCategory>
      <TestMethod codeBase="F:/advisorsrepo/wcfhttp/Http/Test/Microsoft.ApplicationServer.Http/Scenario/bin/Debug/Microsoft.ApplicationServer.Http.CIT.Scenario.DLL" adapterTypeName="Microsoft.VisualStudio.TestTools.TestTypes.Unit.UnitTestAdapter, Microsoft.VisualStudio.QualityTools.Tips.UnitTest.Adapter, Version=10.0.0.0, Culture=neutral, PublicKeyToken=b03f5f7f11d50a3a" className="Microsoft.ApplicationServer.Http.CIT.Scenario.ObjectContentScenarioTests, Microsoft.ApplicationServer.Http.CIT.Scenario, Version=0.0.0.0, Culture=neutral, PublicKeyToken=null" name="PostPocoXml" />
    </UnitTest>
    <UnitTest name="PersistenceTest3" storage="f:\advisorsrepo\wcfhttp\http\test\microsoft.applicationserver.http\scenario\bin\debug\microsoft.applicationserver.http.cit.scenario.dll" id="9283fe3c-be3b-dbe7-7504-5d51c6895e05">
      <Execution timeOut="30000" id="73c52bd8-76ae-49e7-a5ff-b5d6b51754ca" />
      <Owners>
        <Owner name="derik" />
      </Owners>
      <TestCategory>
        <TestCategoryItem TestCategory="CIT" />
      </TestCategory>
      <TestMethod codeBase="F:/advisorsrepo/wcfhttp/Http/Test/Microsoft.ApplicationServer.Http/Scenario/bin/Debug/Microsoft.ApplicationServer.Http.CIT.Scenario.DLL" adapterTypeName="Microsoft.VisualStudio.TestTools.TestTypes.Unit.UnitTestAdapter, Microsoft.VisualStudio.QualityTools.Tips.UnitTest.Adapter, Version=10.0.0.0, Culture=neutral, PublicKeyToken=b03f5f7f11d50a3a" className="Microsoft.ApplicationServer.Http.CIT.Scenario.PersistenceTests, Microsoft.ApplicationServer.Http.CIT.Scenario, Version=0.0.0.0, Culture=neutral, PublicKeyToken=null" name="PersistenceTest3" />
    </UnitTest>
    <UnitTest name="AbortChannelTest4" storage="f:\advisorsrepo\wcfhttp\http\test\microsoft.applicationserver.http\scenario\bin\debug\microsoft.applicationserver.http.cit.scenario.dll" id="a24d7bb5-489c-7057-5841-d6c31f4db6c5">
      <Execution timeOut="30000" id="8d76714d-ce15-4b4c-a791-27abda6622c6" />
      <Owners>
        <Owner name="derik" />
      </Owners>
      <TestCategory>
        <TestCategoryItem TestCategory="CIT" />
      </TestCategory>
      <TestMethod codeBase="F:/advisorsrepo/wcfhttp/Http/Test/Microsoft.ApplicationServer.Http/Scenario/bin/Debug/Microsoft.ApplicationServer.Http.CIT.Scenario.DLL" adapterTypeName="Microsoft.VisualStudio.TestTools.TestTypes.Unit.UnitTestAdapter, Microsoft.VisualStudio.QualityTools.Tips.UnitTest.Adapter, Version=10.0.0.0, Culture=neutral, PublicKeyToken=b03f5f7f11d50a3a" className="Microsoft.ApplicationServer.Http.CIT.Scenario.AbortChannelTests, Microsoft.ApplicationServer.Http.CIT.Scenario, Version=0.0.0.0, Culture=neutral, PublicKeyToken=null" name="AbortChannelTest4" />
    </UnitTest>
    <UnitTest name="OneWayServiceTest4" storage="f:\advisorsrepo\wcfhttp\http\test\microsoft.applicationserver.http\scenario\bin\debug\microsoft.applicationserver.http.cit.scenario.dll" id="63058356-bb8a-08e3-3c32-31261efb7ed9">
      <Execution timeOut="30000" id="8dceaa07-5fd7-4b39-83df-f299494ffa2c" />
      <Owners>
        <Owner name="derik" />
      </Owners>
      <TestCategory>
        <TestCategoryItem TestCategory="CIT" />
      </TestCategory>
      <TestMethod codeBase="F:/advisorsrepo/wcfhttp/Http/Test/Microsoft.ApplicationServer.Http/Scenario/bin/Debug/Microsoft.ApplicationServer.Http.CIT.Scenario.DLL" adapterTypeName="Microsoft.VisualStudio.TestTools.TestTypes.Unit.UnitTestAdapter, Microsoft.VisualStudio.QualityTools.Tips.UnitTest.Adapter, Version=10.0.0.0, Culture=neutral, PublicKeyToken=b03f5f7f11d50a3a" className="Microsoft.ApplicationServer.Http.CIT.Scenario.OneWayServiceTests, Microsoft.ApplicationServer.Http.CIT.Scenario, Version=0.0.0.0, Culture=neutral, PublicKeyToken=null" name="OneWayServiceTest4" />
    </UnitTest>
    <UnitTest name="BadHandlerConstructorServiceTest1" storage="f:\advisorsrepo\wcfhttp\http\test\microsoft.applicationserver.http\scenario\bin\debug\microsoft.applicationserver.http.cit.scenario.dll" id="a860909e-3f13-6741-df72-e637d9a7f7a6">
      <Execution timeOut="30000" id="07adc541-d95b-4a0b-8c6e-f6a9c1487b4b" />
      <Owners>
        <Owner name="derik" />
      </Owners>
      <TestCategory>
        <TestCategoryItem TestCategory="CIT" />
      </TestCategory>
      <TestMethod codeBase="F:/advisorsrepo/wcfhttp/Http/Test/Microsoft.ApplicationServer.Http/Scenario/bin/Debug/Microsoft.ApplicationServer.Http.CIT.Scenario.DLL" adapterTypeName="Microsoft.VisualStudio.TestTools.TestTypes.Unit.UnitTestAdapter, Microsoft.VisualStudio.QualityTools.Tips.UnitTest.Adapter, Version=10.0.0.0, Culture=neutral, PublicKeyToken=b03f5f7f11d50a3a" className="Microsoft.ApplicationServer.Http.CIT.Scenario.BadHandlerConstructorServiceTests, Microsoft.ApplicationServer.Http.CIT.Scenario, Version=0.0.0.0, Culture=neutral, PublicKeyToken=null" name="BadHandlerConstructorServiceTest1" />
    </UnitTest>
    <UnitTest name="BadServiceTest7" storage="f:\advisorsrepo\wcfhttp\http\test\microsoft.applicationserver.http\scenario\bin\debug\microsoft.applicationserver.http.cit.scenario.dll" id="13872f40-d205-120c-e3f2-0ffb4de75902">
      <Execution timeOut="30000" id="53e3f650-5bc2-4518-a883-b04596616628" />
      <Owners>
        <Owner name="derik" />
      </Owners>
      <TestCategory>
        <TestCategoryItem TestCategory="CIT" />
      </TestCategory>
      <TestMethod codeBase="F:/advisorsrepo/wcfhttp/Http/Test/Microsoft.ApplicationServer.Http/Scenario/bin/Debug/Microsoft.ApplicationServer.Http.CIT.Scenario.DLL" adapterTypeName="Microsoft.VisualStudio.TestTools.TestTypes.Unit.UnitTestAdapter, Microsoft.VisualStudio.QualityTools.Tips.UnitTest.Adapter, Version=10.0.0.0, Culture=neutral, PublicKeyToken=b03f5f7f11d50a3a" className="Microsoft.ApplicationServer.Http.CIT.Scenario.BadServiceTests, Microsoft.ApplicationServer.Http.CIT.Scenario, Version=0.0.0.0, Culture=neutral, PublicKeyToken=null" name="BadServiceTest7" />
    </UnitTest>
    <UnitTest name="DisposeHandlerTest4" storage="f:\advisorsrepo\wcfhttp\http\test\microsoft.applicationserver.http\scenario\bin\debug\microsoft.applicationserver.http.cit.scenario.dll" id="a4f94445-9002-6507-3dbc-f8a455aa8fbb">
      <Execution timeOut="30000" id="26809af6-6b4c-4631-862d-9c6a56603ee4" />
      <Owners>
        <Owner name="derik" />
      </Owners>
      <TestCategory>
        <TestCategoryItem TestCategory="CIT" />
      </TestCategory>
      <TestMethod codeBase="F:/advisorsrepo/wcfhttp/Http/Test/Microsoft.ApplicationServer.Http/Scenario/bin/Debug/Microsoft.ApplicationServer.Http.CIT.Scenario.DLL" adapterTypeName="Microsoft.VisualStudio.TestTools.TestTypes.Unit.UnitTestAdapter, Microsoft.VisualStudio.QualityTools.Tips.UnitTest.Adapter, Version=10.0.0.0, Culture=neutral, PublicKeyToken=b03f5f7f11d50a3a" className="Microsoft.ApplicationServer.Http.CIT.Scenario.DisposeHandlerTests, Microsoft.ApplicationServer.Http.CIT.Scenario, Version=0.0.0.0, Culture=neutral, PublicKeyToken=null" name="DisposeHandlerTest4" />
    </UnitTest>
    <UnitTest name="MissingPropertyServiceTest2" storage="f:\advisorsrepo\wcfhttp\http\test\microsoft.applicationserver.http\scenario\bin\debug\microsoft.applicationserver.http.cit.scenario.dll" id="9d71b70f-a7a2-9159-a5c4-69c891e15b47">
      <Execution timeOut="30000" id="f522a6f7-8291-4e7d-9336-9e50e5089af8" />
      <Owners>
        <Owner name="derik" />
      </Owners>
      <TestCategory>
        <TestCategoryItem TestCategory="CIT" />
      </TestCategory>
      <TestMethod codeBase="F:/advisorsrepo/wcfhttp/Http/Test/Microsoft.ApplicationServer.Http/Scenario/bin/Debug/Microsoft.ApplicationServer.Http.CIT.Scenario.DLL" adapterTypeName="Microsoft.VisualStudio.TestTools.TestTypes.Unit.UnitTestAdapter, Microsoft.VisualStudio.QualityTools.Tips.UnitTest.Adapter, Version=10.0.0.0, Culture=neutral, PublicKeyToken=b03f5f7f11d50a3a" className="Microsoft.ApplicationServer.Http.CIT.Scenario.MissingPropertyServiceTests, Microsoft.ApplicationServer.Http.CIT.Scenario, Version=0.0.0.0, Culture=neutral, PublicKeyToken=null" name="MissingPropertyServiceTest2" />
    </UnitTest>
    <UnitTest name="AbortChannelTest7" storage="f:\advisorsrepo\wcfhttp\http\test\microsoft.applicationserver.http\scenario\bin\debug\microsoft.applicationserver.http.cit.scenario.dll" id="fe1443bc-41f1-bffc-16d8-c6713bf45d22">
      <Execution timeOut="30000" id="403ac36c-8c29-457e-a00b-cc86e28944c0" />
      <Owners>
        <Owner name="derik" />
      </Owners>
      <TestCategory>
        <TestCategoryItem TestCategory="CIT" />
      </TestCategory>
      <TestMethod codeBase="F:/advisorsrepo/wcfhttp/Http/Test/Microsoft.ApplicationServer.Http/Scenario/bin/Debug/Microsoft.ApplicationServer.Http.CIT.Scenario.DLL" adapterTypeName="Microsoft.VisualStudio.TestTools.TestTypes.Unit.UnitTestAdapter, Microsoft.VisualStudio.QualityTools.Tips.UnitTest.Adapter, Version=10.0.0.0, Culture=neutral, PublicKeyToken=b03f5f7f11d50a3a" className="Microsoft.ApplicationServer.Http.CIT.Scenario.AbortChannelTests, Microsoft.ApplicationServer.Http.CIT.Scenario, Version=0.0.0.0, Culture=neutral, PublicKeyToken=null" name="AbortChannelTest7" />
    </UnitTest>
    <UnitTest name="TimedoutServiceTest3" storage="f:\advisorsrepo\wcfhttp\http\test\microsoft.applicationserver.http\scenario\bin\debug\microsoft.applicationserver.http.cit.scenario.dll" id="7560958f-2529-1e77-bb85-30dcc22f6748">
      <Execution timeOut="30000" id="a00b5a74-fedd-4429-97f1-25397adbb6b8" />
      <Owners>
        <Owner name="derik" />
      </Owners>
      <TestCategory>
        <TestCategoryItem TestCategory="CIT" />
      </TestCategory>
      <TestMethod codeBase="F:/advisorsrepo/wcfhttp/Http/Test/Microsoft.ApplicationServer.Http/Scenario/bin/Debug/Microsoft.ApplicationServer.Http.CIT.Scenario.DLL" adapterTypeName="Microsoft.VisualStudio.TestTools.TestTypes.Unit.UnitTestAdapter, Microsoft.VisualStudio.QualityTools.Tips.UnitTest.Adapter, Version=10.0.0.0, Culture=neutral, PublicKeyToken=b03f5f7f11d50a3a" className="Microsoft.ApplicationServer.Http.CIT.Scenario.TimedoutServiceTests, Microsoft.ApplicationServer.Http.CIT.Scenario, Version=0.0.0.0, Culture=neutral, PublicKeyToken=null" name="TimedoutServiceTest3" />
    </UnitTest>
    <UnitTest name="BadFactoryCreateServiceTest6" storage="f:\advisorsrepo\wcfhttp\http\test\microsoft.applicationserver.http\scenario\bin\debug\microsoft.applicationserver.http.cit.scenario.dll" id="0c0289b4-0c54-a912-0e0c-5ba53330197b">
      <Execution timeOut="30000" id="d1ed67c7-25a7-413c-8513-490d05c9ffbd" />
      <Owners>
        <Owner name="derik" />
      </Owners>
      <TestCategory>
        <TestCategoryItem TestCategory="CIT" />
      </TestCategory>
      <TestMethod codeBase="F:/advisorsrepo/wcfhttp/Http/Test/Microsoft.ApplicationServer.Http/Scenario/bin/Debug/Microsoft.ApplicationServer.Http.CIT.Scenario.DLL" adapterTypeName="Microsoft.VisualStudio.TestTools.TestTypes.Unit.UnitTestAdapter, Microsoft.VisualStudio.QualityTools.Tips.UnitTest.Adapter, Version=10.0.0.0, Culture=neutral, PublicKeyToken=b03f5f7f11d50a3a" className="Microsoft.ApplicationServer.Http.CIT.Scenario.BadFactoryCreateServiceTests, Microsoft.ApplicationServer.Http.CIT.Scenario, Version=0.0.0.0, Culture=neutral, PublicKeyToken=null" name="BadFactoryCreateServiceTest6" />
    </UnitTest>
    <UnitTest name="Delete_Existing_Customer" storage="f:\advisorsrepo\wcfhttp\http\test\microsoft.applicationserver.http\scenario\bin\debug\microsoft.applicationserver.http.cit.scenario.dll" id="1a290505-d063-c1b2-1688-69a6fe7418ad">
      <Description>Sends a DELETE request to remove a single customer that already exists by default.</Description>
      <Execution timeOut="30000" id="677139d3-0381-4b33-893d-d999514d286d" />
      <Owners>
        <Owner name="derik" />
      </Owners>
      <TestCategory>
        <TestCategoryItem TestCategory="CIT" />
      </TestCategory>
      <TestMethod codeBase="F:/advisorsrepo/wcfhttp/Http/Test/Microsoft.ApplicationServer.Http/Scenario/bin/Debug/Microsoft.ApplicationServer.Http.CIT.Scenario.DLL" adapterTypeName="Microsoft.VisualStudio.TestTools.TestTypes.Unit.UnitTestAdapter, Microsoft.VisualStudio.QualityTools.Tips.UnitTest.Adapter, Version=10.0.0.0, Culture=neutral, PublicKeyToken=b03f5f7f11d50a3a" className="Microsoft.ApplicationServer.Http.CIT.Scenario.ScenarioTests, Microsoft.ApplicationServer.Http.CIT.Scenario, Version=0.0.0.0, Culture=neutral, PublicKeyToken=null" name="Delete_Existing_Customer" />
    </UnitTest>
    <UnitTest name="OkServiceTest4" storage="f:\advisorsrepo\wcfhttp\http\test\microsoft.applicationserver.http\scenario\bin\debug\microsoft.applicationserver.http.cit.scenario.dll" id="6effb0fd-f0ec-57de-2cec-99c4affc5bee">
      <Execution timeOut="30000" id="245a0dd4-7aba-4eb0-877b-bc62940f379e" />
      <Owners>
        <Owner name="derik" />
      </Owners>
      <TestCategory>
        <TestCategoryItem TestCategory="ADP_Basics" />
        <TestCategoryItem TestCategory="CIT" />
      </TestCategory>
      <TestMethod codeBase="F:/advisorsrepo/wcfhttp/Http/Test/Microsoft.ApplicationServer.Http/Scenario/bin/Debug/Microsoft.ApplicationServer.Http.CIT.Scenario.DLL" adapterTypeName="Microsoft.VisualStudio.TestTools.TestTypes.Unit.UnitTestAdapter, Microsoft.VisualStudio.QualityTools.Tips.UnitTest.Adapter, Version=10.0.0.0, Culture=neutral, PublicKeyToken=b03f5f7f11d50a3a" className="Microsoft.ApplicationServer.Http.CIT.Scenario.OkServiceTests, Microsoft.ApplicationServer.Http.CIT.Scenario, Version=0.0.0.0, Culture=neutral, PublicKeyToken=null" name="OkServiceTest4" />
    </UnitTest>
    <UnitTest name="ShortCircuitHandlerTest5" storage="f:\advisorsrepo\wcfhttp\http\test\microsoft.applicationserver.http\scenario\bin\debug\microsoft.applicationserver.http.cit.scenario.dll" id="c37dfadd-c011-302c-0ace-dc9bd568b689">
      <Execution timeOut="30000" id="dd0293e3-6e25-4e22-943d-90520c3bd075" />
      <Owners>
        <Owner name="derik" />
      </Owners>
      <TestCategory>
        <TestCategoryItem TestCategory="CIT" />
      </TestCategory>
      <TestMethod codeBase="F:/advisorsrepo/wcfhttp/Http/Test/Microsoft.ApplicationServer.Http/Scenario/bin/Debug/Microsoft.ApplicationServer.Http.CIT.Scenario.DLL" adapterTypeName="Microsoft.VisualStudio.TestTools.TestTypes.Unit.UnitTestAdapter, Microsoft.VisualStudio.QualityTools.Tips.UnitTest.Adapter, Version=10.0.0.0, Culture=neutral, PublicKeyToken=b03f5f7f11d50a3a" className="Microsoft.ApplicationServer.Http.CIT.Scenario.ShortCircuitHandlerTests, Microsoft.ApplicationServer.Http.CIT.Scenario, Version=0.0.0.0, Culture=neutral, PublicKeyToken=null" name="ShortCircuitHandlerTest5" />
    </UnitTest>
    <UnitTest name="NoFactoryTest1" storage="f:\advisorsrepo\wcfhttp\http\test\microsoft.applicationserver.http\scenario\bin\debug\microsoft.applicationserver.http.cit.scenario.dll" id="02077cb5-9252-70c9-4cec-6312b51fbc66">
      <Execution timeOut="30000" id="215c8740-4798-4729-b73f-826403f6fce9" />
      <Owners>
        <Owner name="derik" />
      </Owners>
      <TestCategory>
        <TestCategoryItem TestCategory="CIT" />
      </TestCategory>
      <TestMethod codeBase="F:/advisorsrepo/wcfhttp/Http/Test/Microsoft.ApplicationServer.Http/Scenario/bin/Debug/Microsoft.ApplicationServer.Http.CIT.Scenario.DLL" adapterTypeName="Microsoft.VisualStudio.TestTools.TestTypes.Unit.UnitTestAdapter, Microsoft.VisualStudio.QualityTools.Tips.UnitTest.Adapter, Version=10.0.0.0, Culture=neutral, PublicKeyToken=b03f5f7f11d50a3a" className="Microsoft.ApplicationServer.Http.CIT.Scenario.NoFactoryTests, Microsoft.ApplicationServer.Http.CIT.Scenario, Version=0.0.0.0, Culture=neutral, PublicKeyToken=null" name="NoFactoryTest1" />
    </UnitTest>
    <UnitTest name="NoHandlerTest3" storage="f:\advisorsrepo\wcfhttp\http\test\microsoft.applicationserver.http\scenario\bin\debug\microsoft.applicationserver.http.cit.scenario.dll" id="9b6a8009-2d60-f782-cb01-4becd1fe6016">
      <Execution timeOut="30000" id="096d4684-3795-4a0b-877f-a8db0af00cb0" />
      <Owners>
        <Owner name="derik" />
      </Owners>
      <TestCategory>
        <TestCategoryItem TestCategory="CIT" />
      </TestCategory>
      <TestMethod codeBase="F:/advisorsrepo/wcfhttp/Http/Test/Microsoft.ApplicationServer.Http/Scenario/bin/Debug/Microsoft.ApplicationServer.Http.CIT.Scenario.DLL" adapterTypeName="Microsoft.VisualStudio.TestTools.TestTypes.Unit.UnitTestAdapter, Microsoft.VisualStudio.QualityTools.Tips.UnitTest.Adapter, Version=10.0.0.0, Culture=neutral, PublicKeyToken=b03f5f7f11d50a3a" className="Microsoft.ApplicationServer.Http.CIT.Scenario.NoHandlerTests, Microsoft.ApplicationServer.Http.CIT.Scenario, Version=0.0.0.0, Culture=neutral, PublicKeyToken=null" name="NoHandlerTest3" />
    </UnitTest>
    <UnitTest name="BadFactoryCreateServiceTest2" storage="f:\advisorsrepo\wcfhttp\http\test\microsoft.applicationserver.http\scenario\bin\debug\microsoft.applicationserver.http.cit.scenario.dll" id="613b595e-ec49-31b4-c0b2-da6962e466a7">
      <Execution timeOut="30000" id="cd4509fd-ed55-46a2-8a44-9e0153704ffe" />
      <Owners>
        <Owner name="derik" />
      </Owners>
      <TestCategory>
        <TestCategoryItem TestCategory="CIT" />
      </TestCategory>
      <TestMethod codeBase="F:/advisorsrepo/wcfhttp/Http/Test/Microsoft.ApplicationServer.Http/Scenario/bin/Debug/Microsoft.ApplicationServer.Http.CIT.Scenario.DLL" adapterTypeName="Microsoft.VisualStudio.TestTools.TestTypes.Unit.UnitTestAdapter, Microsoft.VisualStudio.QualityTools.Tips.UnitTest.Adapter, Version=10.0.0.0, Culture=neutral, PublicKeyToken=b03f5f7f11d50a3a" className="Microsoft.ApplicationServer.Http.CIT.Scenario.BadFactoryCreateServiceTests, Microsoft.ApplicationServer.Http.CIT.Scenario, Version=0.0.0.0, Culture=neutral, PublicKeyToken=null" name="BadFactoryCreateServiceTest2" />
    </UnitTest>
    <UnitTest name="ResponseFailureHandlerTest7" storage="f:\advisorsrepo\wcfhttp\http\test\microsoft.applicationserver.http\scenario\bin\debug\microsoft.applicationserver.http.cit.scenario.dll" id="aa29ef63-4577-7df1-0db1-922aa15e9dc2">
      <Execution timeOut="30000" id="7625ad69-c0fe-4881-b1f3-7b1c4ef7c12d" />
      <Owners>
        <Owner name="derik" />
      </Owners>
      <TestCategory>
        <TestCategoryItem TestCategory="CIT" />
      </TestCategory>
      <TestMethod codeBase="F:/advisorsrepo/wcfhttp/Http/Test/Microsoft.ApplicationServer.Http/Scenario/bin/Debug/Microsoft.ApplicationServer.Http.CIT.Scenario.DLL" adapterTypeName="Microsoft.VisualStudio.TestTools.TestTypes.Unit.UnitTestAdapter, Microsoft.VisualStudio.QualityTools.Tips.UnitTest.Adapter, Version=10.0.0.0, Culture=neutral, PublicKeyToken=b03f5f7f11d50a3a" className="Microsoft.ApplicationServer.Http.CIT.Scenario.ResponseFailureHandlerTests, Microsoft.ApplicationServer.Http.CIT.Scenario, Version=0.0.0.0, Culture=neutral, PublicKeyToken=null" name="ResponseFailureHandlerTest7" />
    </UnitTest>
    <UnitTest name="NestedHandlerTest2" storage="f:\advisorsrepo\wcfhttp\http\test\microsoft.applicationserver.http\scenario\bin\debug\microsoft.applicationserver.http.cit.scenario.dll" id="a628380b-2e10-ec78-7a9c-46cbcd3b839a">
      <Execution timeOut="30000" id="97ca0eb2-d687-464e-9920-02629fa8b8fe" />
      <Owners>
        <Owner name="derik" />
      </Owners>
      <TestCategory>
        <TestCategoryItem TestCategory="CIT" />
        <TestCategoryItem TestCategory="ADP_Basics" />
      </TestCategory>
      <TestMethod codeBase="F:/advisorsrepo/wcfhttp/Http/Test/Microsoft.ApplicationServer.Http/Scenario/bin/Debug/Microsoft.ApplicationServer.Http.CIT.Scenario.DLL" adapterTypeName="Microsoft.VisualStudio.TestTools.TestTypes.Unit.UnitTestAdapter, Microsoft.VisualStudio.QualityTools.Tips.UnitTest.Adapter, Version=10.0.0.0, Culture=neutral, PublicKeyToken=b03f5f7f11d50a3a" className="Microsoft.ApplicationServer.Http.CIT.Scenario.NestedHandlerTests, Microsoft.ApplicationServer.Http.CIT.Scenario, Version=0.0.0.0, Culture=neutral, PublicKeyToken=null" name="NestedHandlerTest2" />
    </UnitTest>
    <UnitTest name="Send_Request_With_Unknown_Uri" storage="f:\advisorsrepo\wcfhttp\http\test\microsoft.applicationserver.http\scenario\bin\debug\microsoft.applicationserver.http.cit.scenario.dll" id="0001a7c7-0d29-97ea-95df-87978b97237e">
      <Description>Sends a request that will get handled by the catch all operation because of the URI used.</Description>
      <Execution timeOut="30000" id="0e90022e-19d2-463a-ad5c-3399f49c2e3b" />
      <Owners>
        <Owner name="derik" />
      </Owners>
      <TestCategory>
        <TestCategoryItem TestCategory="CIT" />
      </TestCategory>
      <TestMethod codeBase="F:/advisorsrepo/wcfhttp/Http/Test/Microsoft.ApplicationServer.Http/Scenario/bin/Debug/Microsoft.ApplicationServer.Http.CIT.Scenario.DLL" adapterTypeName="Microsoft.VisualStudio.TestTools.TestTypes.Unit.UnitTestAdapter, Microsoft.VisualStudio.QualityTools.Tips.UnitTest.Adapter, Version=10.0.0.0, Culture=neutral, PublicKeyToken=b03f5f7f11d50a3a" className="Microsoft.ApplicationServer.Http.CIT.Scenario.ScenarioTests, Microsoft.ApplicationServer.Http.CIT.Scenario, Version=0.0.0.0, Culture=neutral, PublicKeyToken=null" name="Send_Request_With_Unknown_Uri" />
    </UnitTest>
    <UnitTest name="BasicHandlerTest4" storage="f:\advisorsrepo\wcfhttp\http\test\microsoft.applicationserver.http\scenario\bin\debug\microsoft.applicationserver.http.cit.scenario.dll" id="728aa50a-12d3-dd84-1eca-920579aec9cf">
      <Execution timeOut="30000" id="cfdcc309-1b2b-4608-9042-7d7fee8b15a0" />
      <Owners>
        <Owner name="derik" />
      </Owners>
      <TestCategory>
        <TestCategoryItem TestCategory="CIT" />
      </TestCategory>
      <TestMethod codeBase="F:/advisorsrepo/wcfhttp/Http/Test/Microsoft.ApplicationServer.Http/Scenario/bin/Debug/Microsoft.ApplicationServer.Http.CIT.Scenario.DLL" adapterTypeName="Microsoft.VisualStudio.TestTools.TestTypes.Unit.UnitTestAdapter, Microsoft.VisualStudio.QualityTools.Tips.UnitTest.Adapter, Version=10.0.0.0, Culture=neutral, PublicKeyToken=b03f5f7f11d50a3a" className="Microsoft.ApplicationServer.Http.CIT.Scenario.BasicHandlerTests, Microsoft.ApplicationServer.Http.CIT.Scenario, Version=0.0.0.0, Culture=neutral, PublicKeyToken=null" name="BasicHandlerTest4" />
    </UnitTest>
    <UnitTest name="BadServiceTest14" storage="f:\advisorsrepo\wcfhttp\http\test\microsoft.applicationserver.http\scenario\bin\debug\microsoft.applicationserver.http.cit.scenario.dll" id="d9b13593-d6b0-a191-75dd-51431b951ae2">
      <Execution timeOut="30000" id="e96da4e1-aa20-4cd5-a6dd-7c2e838451b0" />
      <Owners>
        <Owner name="derik" />
      </Owners>
      <TestCategory>
        <TestCategoryItem TestCategory="CIT" />
        <TestCategoryItem TestCategory="ADP_Basics" />
      </TestCategory>
      <TestMethod codeBase="F:/advisorsrepo/wcfhttp/Http/Test/Microsoft.ApplicationServer.Http/Scenario/bin/Debug/Microsoft.ApplicationServer.Http.CIT.Scenario.DLL" adapterTypeName="Microsoft.VisualStudio.TestTools.TestTypes.Unit.UnitTestAdapter, Microsoft.VisualStudio.QualityTools.Tips.UnitTest.Adapter, Version=10.0.0.0, Culture=neutral, PublicKeyToken=b03f5f7f11d50a3a" className="Microsoft.ApplicationServer.Http.CIT.Scenario.BadServiceTests, Microsoft.ApplicationServer.Http.CIT.Scenario, Version=0.0.0.0, Culture=neutral, PublicKeyToken=null" name="BadServiceTest14" />
    </UnitTest>
    <UnitTest name="ArtifactScenario_GetArtifactsFromXY_Json_MediaRange" storage="f:\advisorsrepo\wcfhttp\http\test\microsoft.applicationserver.http\scenario\bin\debug\microsoft.applicationserver.http.cit.scenario.dll" id="54b59e06-7ad2-1878-d4b4-5a32aae0ef99">
      <Description>Same strongly-typed scenario, but demonstrates use of media range mapping to give json for text/*</Description>
      <Execution timeOut="30000" id="6a3422f3-fede-4315-aade-c2a9c28d5e66" />
      <Owners>
        <Owner name="vinelap" />
      </Owners>
      <TestCategory>
        <TestCategoryItem TestCategory="CIT" />
      </TestCategory>
      <TestMethod codeBase="F:/advisorsrepo/wcfhttp/Http/Test/Microsoft.ApplicationServer.Http/Scenario/bin/Debug/Microsoft.ApplicationServer.Http.CIT.Scenario.DLL" adapterTypeName="Microsoft.VisualStudio.TestTools.TestTypes.Unit.UnitTestAdapter, Microsoft.VisualStudio.QualityTools.Tips.UnitTest.Adapter, Version=10.0.0.0, Culture=neutral, PublicKeyToken=b03f5f7f11d50a3a" className="Microsoft.ApplicationServer.Http.CIT.Scenario.ArtifactScenarioTests, Microsoft.ApplicationServer.Http.CIT.Scenario, Version=0.0.0.0, Culture=neutral, PublicKeyToken=null" name="ArtifactScenario_GetArtifactsFromXY_Json_MediaRange" />
    </UnitTest>
    <UnitTest name="CloseChannelTestA4" storage="f:\advisorsrepo\wcfhttp\http\test\microsoft.applicationserver.http\scenario\bin\debug\microsoft.applicationserver.http.cit.scenario.dll" id="e27bd274-38da-fc6b-41ae-e563e815e834">
      <Execution timeOut="30000" id="97b3f6b0-2da6-4322-91d1-907de417c469" />
      <Owners>
        <Owner name="derik" />
      </Owners>
      <TestCategory>
        <TestCategoryItem TestCategory="CIT" />
      </TestCategory>
      <TestMethod codeBase="F:/advisorsrepo/wcfhttp/Http/Test/Microsoft.ApplicationServer.Http/Scenario/bin/Debug/Microsoft.ApplicationServer.Http.CIT.Scenario.DLL" adapterTypeName="Microsoft.VisualStudio.TestTools.TestTypes.Unit.UnitTestAdapter, Microsoft.VisualStudio.QualityTools.Tips.UnitTest.Adapter, Version=10.0.0.0, Culture=neutral, PublicKeyToken=b03f5f7f11d50a3a" className="Microsoft.ApplicationServer.Http.CIT.Scenario.CloseChannelTests, Microsoft.ApplicationServer.Http.CIT.Scenario, Version=0.0.0.0, Culture=neutral, PublicKeyToken=null" name="CloseChannelTestA4" />
    </UnitTest>
    <UnitTest name="BadServiceTest2" storage="f:\advisorsrepo\wcfhttp\http\test\microsoft.applicationserver.http\scenario\bin\debug\microsoft.applicationserver.http.cit.scenario.dll" id="e16a7714-c8b4-560a-1dbf-b6a2bb03c6e0">
      <Execution timeOut="30000" id="e9816336-4286-4606-9f06-b1ccdb963d8c" />
      <Owners>
        <Owner name="derik" />
      </Owners>
      <TestCategory>
        <TestCategoryItem TestCategory="CIT" />
        <TestCategoryItem TestCategory="ADP_Basics" />
      </TestCategory>
      <TestMethod codeBase="F:/advisorsrepo/wcfhttp/Http/Test/Microsoft.ApplicationServer.Http/Scenario/bin/Debug/Microsoft.ApplicationServer.Http.CIT.Scenario.DLL" adapterTypeName="Microsoft.VisualStudio.TestTools.TestTypes.Unit.UnitTestAdapter, Microsoft.VisualStudio.QualityTools.Tips.UnitTest.Adapter, Version=10.0.0.0, Culture=neutral, PublicKeyToken=b03f5f7f11d50a3a" className="Microsoft.ApplicationServer.Http.CIT.Scenario.BadServiceTests, Microsoft.ApplicationServer.Http.CIT.Scenario, Version=0.0.0.0, Culture=neutral, PublicKeyToken=null" name="BadServiceTest2" />
    </UnitTest>
    <UnitTest name="TimedoutServiceTest2" storage="f:\advisorsrepo\wcfhttp\http\test\microsoft.applicationserver.http\scenario\bin\debug\microsoft.applicationserver.http.cit.scenario.dll" id="57ea77c6-3002-36a7-98dd-0bd4c28d39fe">
      <Execution timeOut="30000" id="db6a2977-9d72-4ac0-b309-7be140f464f8" />
      <Owners>
        <Owner name="derik" />
      </Owners>
      <TestCategory>
        <TestCategoryItem TestCategory="ADP_Basics" />
        <TestCategoryItem TestCategory="CIT" />
      </TestCategory>
      <TestMethod codeBase="F:/advisorsrepo/wcfhttp/Http/Test/Microsoft.ApplicationServer.Http/Scenario/bin/Debug/Microsoft.ApplicationServer.Http.CIT.Scenario.DLL" adapterTypeName="Microsoft.VisualStudio.TestTools.TestTypes.Unit.UnitTestAdapter, Microsoft.VisualStudio.QualityTools.Tips.UnitTest.Adapter, Version=10.0.0.0, Culture=neutral, PublicKeyToken=b03f5f7f11d50a3a" className="Microsoft.ApplicationServer.Http.CIT.Scenario.TimedoutServiceTests, Microsoft.ApplicationServer.Http.CIT.Scenario, Version=0.0.0.0, Culture=neutral, PublicKeyToken=null" name="TimedoutServiceTest2" />
    </UnitTest>
    <UnitTest name="ArtifactScenario_GetArtifactsFromXY_Json" storage="f:\advisorsrepo\wcfhttp\http\test\microsoft.applicationserver.http\scenario\bin\debug\microsoft.applicationserver.http.cit.scenario.dll" id="31db0cb8-1198-de4e-7e62-22ba1b397526">
      <Description>Demonstrates same strongly-typed operation from Uri but asks for json response</Description>
      <Execution timeOut="30000" id="d325d521-ac91-4c56-8472-753a04ba7a02" />
      <Owners>
        <Owner name="vinelap" />
      </Owners>
      <TestCategory>
        <TestCategoryItem TestCategory="CIT" />
      </TestCategory>
      <TestMethod codeBase="F:/advisorsrepo/wcfhttp/Http/Test/Microsoft.ApplicationServer.Http/Scenario/bin/Debug/Microsoft.ApplicationServer.Http.CIT.Scenario.DLL" adapterTypeName="Microsoft.VisualStudio.TestTools.TestTypes.Unit.UnitTestAdapter, Microsoft.VisualStudio.QualityTools.Tips.UnitTest.Adapter, Version=10.0.0.0, Culture=neutral, PublicKeyToken=b03f5f7f11d50a3a" className="Microsoft.ApplicationServer.Http.CIT.Scenario.ArtifactScenarioTests, Microsoft.ApplicationServer.Http.CIT.Scenario, Version=0.0.0.0, Culture=neutral, PublicKeyToken=null" name="ArtifactScenario_GetArtifactsFromXY_Json" />
    </UnitTest>
    <UnitTest name="Send_Request_With_Unknown_Method" storage="f:\advisorsrepo\wcfhttp\http\test\microsoft.applicationserver.http\scenario\bin\debug\microsoft.applicationserver.http.cit.scenario.dll" id="92d18f0e-f506-5440-57f6-2c7fb0ef32b4">
      <Description>Sends a request that will get handled by the catch all operation because of the HTTP method used.</Description>
      <Execution timeOut="30000" id="5e6605ce-faec-4e2e-82e3-ee4f765b2d70" />
      <Owners>
        <Owner name="derik" />
      </Owners>
      <TestCategory>
        <TestCategoryItem TestCategory="CIT" />
      </TestCategory>
      <TestMethod codeBase="F:/advisorsrepo/wcfhttp/Http/Test/Microsoft.ApplicationServer.Http/Scenario/bin/Debug/Microsoft.ApplicationServer.Http.CIT.Scenario.DLL" adapterTypeName="Microsoft.VisualStudio.TestTools.TestTypes.Unit.UnitTestAdapter, Microsoft.VisualStudio.QualityTools.Tips.UnitTest.Adapter, Version=10.0.0.0, Culture=neutral, PublicKeyToken=b03f5f7f11d50a3a" className="Microsoft.ApplicationServer.Http.CIT.Scenario.ScenarioTests, Microsoft.ApplicationServer.Http.CIT.Scenario, Version=0.0.0.0, Culture=neutral, PublicKeyToken=null" name="Send_Request_With_Unknown_Method" />
    </UnitTest>
    <UnitTest name="BadServiceTest13" storage="f:\advisorsrepo\wcfhttp\http\test\microsoft.applicationserver.http\scenario\bin\debug\microsoft.applicationserver.http.cit.scenario.dll" id="23325456-f439-8f34-e798-e7791270d6ba">
      <Execution timeOut="30000" id="e97f4a07-9d53-492c-bb1f-eae43637fa4c" />
      <Owners>
        <Owner name="derik" />
      </Owners>
      <TestCategory>
        <TestCategoryItem TestCategory="CIT" />
      </TestCategory>
      <TestMethod codeBase="F:/advisorsrepo/wcfhttp/Http/Test/Microsoft.ApplicationServer.Http/Scenario/bin/Debug/Microsoft.ApplicationServer.Http.CIT.Scenario.DLL" adapterTypeName="Microsoft.VisualStudio.TestTools.TestTypes.Unit.UnitTestAdapter, Microsoft.VisualStudio.QualityTools.Tips.UnitTest.Adapter, Version=10.0.0.0, Culture=neutral, PublicKeyToken=b03f5f7f11d50a3a" className="Microsoft.ApplicationServer.Http.CIT.Scenario.BadServiceTests, Microsoft.ApplicationServer.Http.CIT.Scenario, Version=0.0.0.0, Culture=neutral, PublicKeyToken=null" name="BadServiceTest13" />
    </UnitTest>
    <UnitTest name="BadHandlerConstructorServiceTest5" storage="f:\advisorsrepo\wcfhttp\http\test\microsoft.applicationserver.http\scenario\bin\debug\microsoft.applicationserver.http.cit.scenario.dll" id="6dac41d0-496c-1b5f-9088-2355223a6f55">
      <Execution timeOut="30000" id="3b2d9b28-ff41-429f-8fdb-d70c19e3fa7a" />
      <Owners>
        <Owner name="derik" />
      </Owners>
      <TestCategory>
        <TestCategoryItem TestCategory="CIT" />
      </TestCategory>
      <TestMethod codeBase="F:/advisorsrepo/wcfhttp/Http/Test/Microsoft.ApplicationServer.Http/Scenario/bin/Debug/Microsoft.ApplicationServer.Http.CIT.Scenario.DLL" adapterTypeName="Microsoft.VisualStudio.TestTools.TestTypes.Unit.UnitTestAdapter, Microsoft.VisualStudio.QualityTools.Tips.UnitTest.Adapter, Version=10.0.0.0, Culture=neutral, PublicKeyToken=b03f5f7f11d50a3a" className="Microsoft.ApplicationServer.Http.CIT.Scenario.BadHandlerConstructorServiceTests, Microsoft.ApplicationServer.Http.CIT.Scenario, Version=0.0.0.0, Culture=neutral, PublicKeyToken=null" name="BadHandlerConstructorServiceTest5" />
    </UnitTest>
    <UnitTest name="OneWayServiceTest3" storage="f:\advisorsrepo\wcfhttp\http\test\microsoft.applicationserver.http\scenario\bin\debug\microsoft.applicationserver.http.cit.scenario.dll" id="ba4be374-db37-a4dd-c2e3-d6def5c45822">
      <Execution timeOut="30000" id="c2b22b63-ddec-4b2c-a1cb-78bced0d9b71" />
      <Owners>
        <Owner name="derik" />
      </Owners>
      <TestCategory>
        <TestCategoryItem TestCategory="CIT" />
      </TestCategory>
      <TestMethod codeBase="F:/advisorsrepo/wcfhttp/Http/Test/Microsoft.ApplicationServer.Http/Scenario/bin/Debug/Microsoft.ApplicationServer.Http.CIT.Scenario.DLL" adapterTypeName="Microsoft.VisualStudio.TestTools.TestTypes.Unit.UnitTestAdapter, Microsoft.VisualStudio.QualityTools.Tips.UnitTest.Adapter, Version=10.0.0.0, Culture=neutral, PublicKeyToken=b03f5f7f11d50a3a" className="Microsoft.ApplicationServer.Http.CIT.Scenario.OneWayServiceTests, Microsoft.ApplicationServer.Http.CIT.Scenario, Version=0.0.0.0, Culture=neutral, PublicKeyToken=null" name="OneWayServiceTest3" />
    </UnitTest>
    <UnitTest name="DisposeHandlerTest1" storage="f:\advisorsrepo\wcfhttp\http\test\microsoft.applicationserver.http\scenario\bin\debug\microsoft.applicationserver.http.cit.scenario.dll" id="56f4ffe3-a3c9-b025-e78f-6ef339bba29b">
      <Execution timeOut="30000" id="95cb4180-3057-4933-8f59-b5845a98cd29" />
      <Owners>
        <Owner name="derik" />
      </Owners>
      <TestCategory>
        <TestCategoryItem TestCategory="CIT" />
      </TestCategory>
      <TestMethod codeBase="F:/advisorsrepo/wcfhttp/Http/Test/Microsoft.ApplicationServer.Http/Scenario/bin/Debug/Microsoft.ApplicationServer.Http.CIT.Scenario.DLL" adapterTypeName="Microsoft.VisualStudio.TestTools.TestTypes.Unit.UnitTestAdapter, Microsoft.VisualStudio.QualityTools.Tips.UnitTest.Adapter, Version=10.0.0.0, Culture=neutral, PublicKeyToken=b03f5f7f11d50a3a" className="Microsoft.ApplicationServer.Http.CIT.Scenario.DisposeHandlerTests, Microsoft.ApplicationServer.Http.CIT.Scenario, Version=0.0.0.0, Culture=neutral, PublicKeyToken=null" name="DisposeHandlerTest1" />
    </UnitTest>
    <UnitTest name="OneWayServiceTest7" storage="f:\advisorsrepo\wcfhttp\http\test\microsoft.applicationserver.http\scenario\bin\debug\microsoft.applicationserver.http.cit.scenario.dll" id="d2802df6-7a30-dd5c-4c74-faf509449e97">
      <Execution timeOut="30000" id="63b7dcf9-144c-41f0-b345-debfe1bc92d2" />
      <Owners>
        <Owner name="derik" />
      </Owners>
      <TestCategory>
        <TestCategoryItem TestCategory="CIT" />
      </TestCategory>
      <TestMethod codeBase="F:/advisorsrepo/wcfhttp/Http/Test/Microsoft.ApplicationServer.Http/Scenario/bin/Debug/Microsoft.ApplicationServer.Http.CIT.Scenario.DLL" adapterTypeName="Microsoft.VisualStudio.TestTools.TestTypes.Unit.UnitTestAdapter, Microsoft.VisualStudio.QualityTools.Tips.UnitTest.Adapter, Version=10.0.0.0, Culture=neutral, PublicKeyToken=b03f5f7f11d50a3a" className="Microsoft.ApplicationServer.Http.CIT.Scenario.OneWayServiceTests, Microsoft.ApplicationServer.Http.CIT.Scenario, Version=0.0.0.0, Culture=neutral, PublicKeyToken=null" name="OneWayServiceTest7" />
    </UnitTest>
    <UnitTest name="RedirectServiceTest2" storage="f:\advisorsrepo\wcfhttp\http\test\microsoft.applicationserver.http\scenario\bin\debug\microsoft.applicationserver.http.cit.scenario.dll" id="8fd6c54f-8d75-a3e1-0cae-206dfaee898d">
      <Execution timeOut="30000" id="26546c62-3491-4564-96cc-c9ecd572d7b0" />
      <Owners>
        <Owner name="derik" />
      </Owners>
      <TestCategory>
        <TestCategoryItem TestCategory="CIT" />
        <TestCategoryItem TestCategory="ADP_Basics" />
      </TestCategory>
      <TestMethod codeBase="F:/advisorsrepo/wcfhttp/Http/Test/Microsoft.ApplicationServer.Http/Scenario/bin/Debug/Microsoft.ApplicationServer.Http.CIT.Scenario.DLL" adapterTypeName="Microsoft.VisualStudio.TestTools.TestTypes.Unit.UnitTestAdapter, Microsoft.VisualStudio.QualityTools.Tips.UnitTest.Adapter, Version=10.0.0.0, Culture=neutral, PublicKeyToken=b03f5f7f11d50a3a" className="Microsoft.ApplicationServer.Http.CIT.Scenario.RedirectServiceTests, Microsoft.ApplicationServer.Http.CIT.Scenario, Version=0.0.0.0, Culture=neutral, PublicKeyToken=null" name="RedirectServiceTest2" />
    </UnitTest>
    <UnitTest name="NoDataServiceTest8" storage="f:\advisorsrepo\wcfhttp\http\test\microsoft.applicationserver.http\scenario\bin\debug\microsoft.applicationserver.http.cit.scenario.dll" id="8fc35733-decb-569c-28bc-efbbc0634b41">
      <Execution timeOut="30000" id="8be66204-d8c7-4508-a9ff-d767ba189750" />
      <Owners>
        <Owner name="derik" />
      </Owners>
      <TestCategory>
        <TestCategoryItem TestCategory="CIT" />
        <TestCategoryItem TestCategory="ADP_Basics" />
      </TestCategory>
      <TestMethod codeBase="F:/advisorsrepo/wcfhttp/Http/Test/Microsoft.ApplicationServer.Http/Scenario/bin/Debug/Microsoft.ApplicationServer.Http.CIT.Scenario.DLL" adapterTypeName="Microsoft.VisualStudio.TestTools.TestTypes.Unit.UnitTestAdapter, Microsoft.VisualStudio.QualityTools.Tips.UnitTest.Adapter, Version=10.0.0.0, Culture=neutral, PublicKeyToken=b03f5f7f11d50a3a" className="Microsoft.ApplicationServer.Http.CIT.Scenario.NoDataServiceTests, Microsoft.ApplicationServer.Http.CIT.Scenario, Version=0.0.0.0, Culture=neutral, PublicKeyToken=null" name="NoDataServiceTest8" />
    </UnitTest>
    <UnitTest name="HeaderHandlerTest3" storage="f:\advisorsrepo\wcfhttp\http\test\microsoft.applicationserver.http\scenario\bin\debug\microsoft.applicationserver.http.cit.scenario.dll" id="a5d947ab-b8dd-3c43-0381-5cfeb96b4701">
      <Execution timeOut="30000" id="1d9e7c7a-e0ca-4583-9e56-4c491c45f72b" />
      <Owners>
        <Owner name="derik" />
      </Owners>
      <TestCategory>
        <TestCategoryItem TestCategory="CIT" />
      </TestCategory>
      <TestMethod codeBase="F:/advisorsrepo/wcfhttp/Http/Test/Microsoft.ApplicationServer.Http/Scenario/bin/Debug/Microsoft.ApplicationServer.Http.CIT.Scenario.DLL" adapterTypeName="Microsoft.VisualStudio.TestTools.TestTypes.Unit.UnitTestAdapter, Microsoft.VisualStudio.QualityTools.Tips.UnitTest.Adapter, Version=10.0.0.0, Culture=neutral, PublicKeyToken=b03f5f7f11d50a3a" className="Microsoft.ApplicationServer.Http.CIT.Scenario.HeaderHandlerTests, Microsoft.ApplicationServer.Http.CIT.Scenario, Version=0.0.0.0, Culture=neutral, PublicKeyToken=null" name="HeaderHandlerTest3" />
    </UnitTest>
    <UnitTest name="BadServiceTest10" storage="f:\advisorsrepo\wcfhttp\http\test\microsoft.applicationserver.http\scenario\bin\debug\microsoft.applicationserver.http.cit.scenario.dll" id="dd35fdff-f919-a619-e9c7-09cd7aeac050">
      <Execution timeOut="30000" id="0996fad8-e97f-471f-9756-320e28835484" />
      <Owners>
        <Owner name="derik" />
      </Owners>
      <TestCategory>
        <TestCategoryItem TestCategory="ADP_Basics" />
        <TestCategoryItem TestCategory="CIT" />
      </TestCategory>
      <TestMethod codeBase="F:/advisorsrepo/wcfhttp/Http/Test/Microsoft.ApplicationServer.Http/Scenario/bin/Debug/Microsoft.ApplicationServer.Http.CIT.Scenario.DLL" adapterTypeName="Microsoft.VisualStudio.TestTools.TestTypes.Unit.UnitTestAdapter, Microsoft.VisualStudio.QualityTools.Tips.UnitTest.Adapter, Version=10.0.0.0, Culture=neutral, PublicKeyToken=b03f5f7f11d50a3a" className="Microsoft.ApplicationServer.Http.CIT.Scenario.BadServiceTests, Microsoft.ApplicationServer.Http.CIT.Scenario, Version=0.0.0.0, Culture=neutral, PublicKeyToken=null" name="BadServiceTest10" />
    </UnitTest>
    <UnitTest name="ShortCircuitHandlerTest8" storage="f:\advisorsrepo\wcfhttp\http\test\microsoft.applicationserver.http\scenario\bin\debug\microsoft.applicationserver.http.cit.scenario.dll" id="6a7ac1f1-0cb4-c623-f854-c01a527b76f0">
      <Execution timeOut="30000" id="e63ef29f-fbe8-4cfc-bd2c-9a3b22c139a7" />
      <Owners>
        <Owner name="derik" />
      </Owners>
      <TestCategory>
        <TestCategoryItem TestCategory="CIT" />
      </TestCategory>
      <TestMethod codeBase="F:/advisorsrepo/wcfhttp/Http/Test/Microsoft.ApplicationServer.Http/Scenario/bin/Debug/Microsoft.ApplicationServer.Http.CIT.Scenario.DLL" adapterTypeName="Microsoft.VisualStudio.TestTools.TestTypes.Unit.UnitTestAdapter, Microsoft.VisualStudio.QualityTools.Tips.UnitTest.Adapter, Version=10.0.0.0, Culture=neutral, PublicKeyToken=b03f5f7f11d50a3a" className="Microsoft.ApplicationServer.Http.CIT.Scenario.ShortCircuitHandlerTests, Microsoft.ApplicationServer.Http.CIT.Scenario, Version=0.0.0.0, Culture=neutral, PublicKeyToken=null" name="ShortCircuitHandlerTest8" />
    </UnitTest>
    <UnitTest name="OkServiceTest5" storage="f:\advisorsrepo\wcfhttp\http\test\microsoft.applicationserver.http\scenario\bin\debug\microsoft.applicationserver.http.cit.scenario.dll" id="8b2a78aa-1060-fb98-0b73-17bfd3ccc983">
      <Execution timeOut="30000" id="1b29d88a-1653-4576-bf28-a2f107bca2c7" />
      <Owners>
        <Owner name="derik" />
      </Owners>
      <TestCategory>
        <TestCategoryItem TestCategory="CIT" />
        <TestCategoryItem TestCategory="ADP_Basics" />
      </TestCategory>
      <TestMethod codeBase="F:/advisorsrepo/wcfhttp/Http/Test/Microsoft.ApplicationServer.Http/Scenario/bin/Debug/Microsoft.ApplicationServer.Http.CIT.Scenario.DLL" adapterTypeName="Microsoft.VisualStudio.TestTools.TestTypes.Unit.UnitTestAdapter, Microsoft.VisualStudio.QualityTools.Tips.UnitTest.Adapter, Version=10.0.0.0, Culture=neutral, PublicKeyToken=b03f5f7f11d50a3a" className="Microsoft.ApplicationServer.Http.CIT.Scenario.OkServiceTests, Microsoft.ApplicationServer.Http.CIT.Scenario, Version=0.0.0.0, Culture=neutral, PublicKeyToken=null" name="OkServiceTest5" />
    </UnitTest>
    <UnitTest name="PostAndReadAsXmlDataContract" storage="f:\advisorsrepo\wcfhttp\http\test\microsoft.applicationserver.http\scenario\bin\debug\microsoft.applicationserver.http.cit.scenario.dll" id="c536c183-d850-ceee-657a-8f63a86d533d">
      <Description>All value and reference types (including derived types) can be read using Http POST of HttpRequestMessage&lt;T&gt; and ReadAs using DataContractSerializer for XML.</Description>
      <Execution timeOut="240000" id="b82d0101-03d3-4d81-869b-8629c71be20c" />
      <Owners>
        <Owner name="dravva" />
      </Owners>
      <TestCategory>
        <TestCategoryItem TestCategory="CIT" />
      </TestCategory>
      <TestMethod codeBase="F:/advisorsrepo/wcfhttp/Http/Test/Microsoft.ApplicationServer.Http/Scenario/bin/Debug/Microsoft.ApplicationServer.Http.CIT.Scenario.DLL" adapterTypeName="Microsoft.VisualStudio.TestTools.TestTypes.Unit.UnitTestAdapter, Microsoft.VisualStudio.QualityTools.Tips.UnitTest.Adapter, Version=10.0.0.0, Culture=neutral, PublicKeyToken=b03f5f7f11d50a3a" className="Microsoft.ApplicationServer.Http.CIT.Scenario.ObjectContentScenarioTests, Microsoft.ApplicationServer.Http.CIT.Scenario, Version=0.0.0.0, Culture=neutral, PublicKeyToken=null" name="PostAndReadAsXmlDataContract" />
    </UnitTest>
    <UnitTest name="RequestFailureHandlerTest10" storage="f:\advisorsrepo\wcfhttp\http\test\microsoft.applicationserver.http\scenario\bin\debug\microsoft.applicationserver.http.cit.scenario.dll" id="353393d7-727e-522c-6aff-c241eee65daf">
      <Execution timeOut="30000" id="f99cbecd-5bcc-4fe4-b775-95bfde2907f0" />
      <Owners>
        <Owner name="derik" />
      </Owners>
      <TestCategory>
        <TestCategoryItem TestCategory="ADP_Basics" />
        <TestCategoryItem TestCategory="CIT" />
      </TestCategory>
      <TestMethod codeBase="F:/advisorsrepo/wcfhttp/Http/Test/Microsoft.ApplicationServer.Http/Scenario/bin/Debug/Microsoft.ApplicationServer.Http.CIT.Scenario.DLL" adapterTypeName="Microsoft.VisualStudio.TestTools.TestTypes.Unit.UnitTestAdapter, Microsoft.VisualStudio.QualityTools.Tips.UnitTest.Adapter, Version=10.0.0.0, Culture=neutral, PublicKeyToken=b03f5f7f11d50a3a" className="Microsoft.ApplicationServer.Http.CIT.Scenario.RequestFailureHandlerTests, Microsoft.ApplicationServer.Http.CIT.Scenario, Version=0.0.0.0, Culture=neutral, PublicKeyToken=null" name="RequestFailureHandlerTest10" />
    </UnitTest>
    <UnitTest name="RequestFailureHandlerTest9" storage="f:\advisorsrepo\wcfhttp\http\test\microsoft.applicationserver.http\scenario\bin\debug\microsoft.applicationserver.http.cit.scenario.dll" id="30a04436-234e-ceee-29ff-935dcff17890">
      <Execution timeOut="30000" id="4869cafa-0973-4d8c-8b9f-c67aae4f51ed" />
      <Owners>
        <Owner name="derik" />
      </Owners>
      <TestCategory>
        <TestCategoryItem TestCategory="CIT" />
      </TestCategory>
      <TestMethod codeBase="F:/advisorsrepo/wcfhttp/Http/Test/Microsoft.ApplicationServer.Http/Scenario/bin/Debug/Microsoft.ApplicationServer.Http.CIT.Scenario.DLL" adapterTypeName="Microsoft.VisualStudio.TestTools.TestTypes.Unit.UnitTestAdapter, Microsoft.VisualStudio.QualityTools.Tips.UnitTest.Adapter, Version=10.0.0.0, Culture=neutral, PublicKeyToken=b03f5f7f11d50a3a" className="Microsoft.ApplicationServer.Http.CIT.Scenario.RequestFailureHandlerTests, Microsoft.ApplicationServer.Http.CIT.Scenario, Version=0.0.0.0, Culture=neutral, PublicKeyToken=null" name="RequestFailureHandlerTest9" />
    </UnitTest>
    <UnitTest name="Delete_Non_Existing_Customer" storage="f:\advisorsrepo\wcfhttp\http\test\microsoft.applicationserver.http\scenario\bin\debug\microsoft.applicationserver.http.cit.scenario.dll" id="8bdea291-107b-50cb-f053-eac6565b593f">
      <Description>Sends a DELETE request to remove a single customer that doesn't exist.</Description>
      <Execution timeOut="30000" id="a6dbed6c-fab7-49b5-a695-49dc6c78215c" />
      <Owners>
        <Owner name="derik" />
      </Owners>
      <TestCategory>
        <TestCategoryItem TestCategory="CIT" />
      </TestCategory>
      <TestMethod codeBase="F:/advisorsrepo/wcfhttp/Http/Test/Microsoft.ApplicationServer.Http/Scenario/bin/Debug/Microsoft.ApplicationServer.Http.CIT.Scenario.DLL" adapterTypeName="Microsoft.VisualStudio.TestTools.TestTypes.Unit.UnitTestAdapter, Microsoft.VisualStudio.QualityTools.Tips.UnitTest.Adapter, Version=10.0.0.0, Culture=neutral, PublicKeyToken=b03f5f7f11d50a3a" className="Microsoft.ApplicationServer.Http.CIT.Scenario.ScenarioTests, Microsoft.ApplicationServer.Http.CIT.Scenario, Version=0.0.0.0, Culture=neutral, PublicKeyToken=null" name="Delete_Non_Existing_Customer" />
    </UnitTest>
    <UnitTest name="NotFoundServiceTest4" storage="f:\advisorsrepo\wcfhttp\http\test\microsoft.applicationserver.http\scenario\bin\debug\microsoft.applicationserver.http.cit.scenario.dll" id="747c1993-1e32-4aa4-febe-7051c9199f1b">
      <Execution timeOut="30000" id="f738d331-b2f9-49b3-8109-4ec575800fee" />
      <Owners>
        <Owner name="derik" />
      </Owners>
      <TestCategory>
        <TestCategoryItem TestCategory="ADP_Basics" />
        <TestCategoryItem TestCategory="CIT" />
      </TestCategory>
      <TestMethod codeBase="F:/advisorsrepo/wcfhttp/Http/Test/Microsoft.ApplicationServer.Http/Scenario/bin/Debug/Microsoft.ApplicationServer.Http.CIT.Scenario.DLL" adapterTypeName="Microsoft.VisualStudio.TestTools.TestTypes.Unit.UnitTestAdapter, Microsoft.VisualStudio.QualityTools.Tips.UnitTest.Adapter, Version=10.0.0.0, Culture=neutral, PublicKeyToken=b03f5f7f11d50a3a" className="Microsoft.ApplicationServer.Http.CIT.Scenario.NotFoundServiceTests, Microsoft.ApplicationServer.Http.CIT.Scenario, Version=0.0.0.0, Culture=neutral, PublicKeyToken=null" name="NotFoundServiceTest4" />
    </UnitTest>
    <UnitTest name="NoDataServiceTest3" storage="f:\advisorsrepo\wcfhttp\http\test\microsoft.applicationserver.http\scenario\bin\debug\microsoft.applicationserver.http.cit.scenario.dll" id="8b8e8d46-15e3-c4f0-5c34-d81523750595">
      <Execution timeOut="30000" id="5022233c-c01f-421e-b898-dc2756012816" />
      <Owners>
        <Owner name="derik" />
      </Owners>
      <TestCategory>
        <TestCategoryItem TestCategory="ADP_Basics" />
        <TestCategoryItem TestCategory="CIT" />
      </TestCategory>
      <TestMethod codeBase="F:/advisorsrepo/wcfhttp/Http/Test/Microsoft.ApplicationServer.Http/Scenario/bin/Debug/Microsoft.ApplicationServer.Http.CIT.Scenario.DLL" adapterTypeName="Microsoft.VisualStudio.TestTools.TestTypes.Unit.UnitTestAdapter, Microsoft.VisualStudio.QualityTools.Tips.UnitTest.Adapter, Version=10.0.0.0, Culture=neutral, PublicKeyToken=b03f5f7f11d50a3a" className="Microsoft.ApplicationServer.Http.CIT.Scenario.NoDataServiceTests, Microsoft.ApplicationServer.Http.CIT.Scenario, Version=0.0.0.0, Culture=neutral, PublicKeyToken=null" name="NoDataServiceTest3" />
    </UnitTest>
    <UnitTest name="CloseChannelTestA3" storage="f:\advisorsrepo\wcfhttp\http\test\microsoft.applicationserver.http\scenario\bin\debug\microsoft.applicationserver.http.cit.scenario.dll" id="40a359c7-cee4-f44d-5939-2e397482725e">
      <Execution timeOut="30000" id="a6091747-425a-4ce7-86bf-f40d5d6746bd" />
      <Owners>
        <Owner name="derik" />
      </Owners>
      <TestCategory>
        <TestCategoryItem TestCategory="CIT" />
      </TestCategory>
      <TestMethod codeBase="F:/advisorsrepo/wcfhttp/Http/Test/Microsoft.ApplicationServer.Http/Scenario/bin/Debug/Microsoft.ApplicationServer.Http.CIT.Scenario.DLL" adapterTypeName="Microsoft.VisualStudio.TestTools.TestTypes.Unit.UnitTestAdapter, Microsoft.VisualStudio.QualityTools.Tips.UnitTest.Adapter, Version=10.0.0.0, Culture=neutral, PublicKeyToken=b03f5f7f11d50a3a" className="Microsoft.ApplicationServer.Http.CIT.Scenario.CloseChannelTests, Microsoft.ApplicationServer.Http.CIT.Scenario, Version=0.0.0.0, Culture=neutral, PublicKeyToken=null" name="CloseChannelTestA3" />
    </UnitTest>
    <UnitTest name="MethodNotAllowedServiceTest1" storage="f:\advisorsrepo\wcfhttp\http\test\microsoft.applicationserver.http\scenario\bin\debug\microsoft.applicationserver.http.cit.scenario.dll" id="1de8a50d-9efb-eb11-123e-8ae622de1d71">
      <Execution timeOut="30000" id="7a815efe-8bb6-4ed8-8b35-8ac1b7b19740" />
      <Owners>
        <Owner name="derik" />
      </Owners>
      <TestCategory>
        <TestCategoryItem TestCategory="ADP_Basics" />
        <TestCategoryItem TestCategory="CIT" />
      </TestCategory>
      <TestMethod codeBase="F:/advisorsrepo/wcfhttp/Http/Test/Microsoft.ApplicationServer.Http/Scenario/bin/Debug/Microsoft.ApplicationServer.Http.CIT.Scenario.DLL" adapterTypeName="Microsoft.VisualStudio.TestTools.TestTypes.Unit.UnitTestAdapter, Microsoft.VisualStudio.QualityTools.Tips.UnitTest.Adapter, Version=10.0.0.0, Culture=neutral, PublicKeyToken=b03f5f7f11d50a3a" className="Microsoft.ApplicationServer.Http.CIT.Scenario.MethodNotAllowedServiceTests, Microsoft.ApplicationServer.Http.CIT.Scenario, Version=0.0.0.0, Culture=neutral, PublicKeyToken=null" name="MethodNotAllowedServiceTest1" />
    </UnitTest>
    <UnitTest name="BasicHandlerTest3" storage="f:\advisorsrepo\wcfhttp\http\test\microsoft.applicationserver.http\scenario\bin\debug\microsoft.applicationserver.http.cit.scenario.dll" id="76494668-3e2e-cc4d-cfbe-61eb885a3477">
      <Execution timeOut="30000" id="b47763b7-49ec-436f-9c4a-321b85110369" />
      <Owners>
        <Owner name="derik" />
      </Owners>
      <TestCategory>
        <TestCategoryItem TestCategory="CIT" />
      </TestCategory>
      <TestMethod codeBase="F:/advisorsrepo/wcfhttp/Http/Test/Microsoft.ApplicationServer.Http/Scenario/bin/Debug/Microsoft.ApplicationServer.Http.CIT.Scenario.DLL" adapterTypeName="Microsoft.VisualStudio.TestTools.TestTypes.Unit.UnitTestAdapter, Microsoft.VisualStudio.QualityTools.Tips.UnitTest.Adapter, Version=10.0.0.0, Culture=neutral, PublicKeyToken=b03f5f7f11d50a3a" className="Microsoft.ApplicationServer.Http.CIT.Scenario.BasicHandlerTests, Microsoft.ApplicationServer.Http.CIT.Scenario, Version=0.0.0.0, Culture=neutral, PublicKeyToken=null" name="BasicHandlerTest3" />
    </UnitTest>
    <UnitTest name="AbortChannelTest2" storage="f:\advisorsrepo\wcfhttp\http\test\microsoft.applicationserver.http\scenario\bin\debug\microsoft.applicationserver.http.cit.scenario.dll" id="d9c6cd25-a3c1-c09b-9022-041a1b07579b">
      <Execution timeOut="30000" id="4874a9ad-2a97-4af9-a13c-9221206d2ef6" />
      <Owners>
        <Owner name="derik" />
      </Owners>
      <TestCategory>
        <TestCategoryItem TestCategory="CIT" />
        <TestCategoryItem TestCategory="ADP_Basics" />
      </TestCategory>
      <TestMethod codeBase="F:/advisorsrepo/wcfhttp/Http/Test/Microsoft.ApplicationServer.Http/Scenario/bin/Debug/Microsoft.ApplicationServer.Http.CIT.Scenario.DLL" adapterTypeName="Microsoft.VisualStudio.TestTools.TestTypes.Unit.UnitTestAdapter, Microsoft.VisualStudio.QualityTools.Tips.UnitTest.Adapter, Version=10.0.0.0, Culture=neutral, PublicKeyToken=b03f5f7f11d50a3a" className="Microsoft.ApplicationServer.Http.CIT.Scenario.AbortChannelTests, Microsoft.ApplicationServer.Http.CIT.Scenario, Version=0.0.0.0, Culture=neutral, PublicKeyToken=null" name="AbortChannelTest2" />
    </UnitTest>
    <UnitTest name="OkServiceTest3" storage="f:\advisorsrepo\wcfhttp\http\test\microsoft.applicationserver.http\scenario\bin\debug\microsoft.applicationserver.http.cit.scenario.dll" id="ac68ad38-c572-08ee-6372-2cdb47e75bab">
      <Execution timeOut="30000" id="b691ba82-ec99-499b-830b-d2d7b683b6c5" />
      <Owners>
        <Owner name="derik" />
      </Owners>
      <TestCategory>
        <TestCategoryItem TestCategory="ADP_Basics" />
        <TestCategoryItem TestCategory="CIT" />
      </TestCategory>
      <TestMethod codeBase="F:/advisorsrepo/wcfhttp/Http/Test/Microsoft.ApplicationServer.Http/Scenario/bin/Debug/Microsoft.ApplicationServer.Http.CIT.Scenario.DLL" adapterTypeName="Microsoft.VisualStudio.TestTools.TestTypes.Unit.UnitTestAdapter, Microsoft.VisualStudio.QualityTools.Tips.UnitTest.Adapter, Version=10.0.0.0, Culture=neutral, PublicKeyToken=b03f5f7f11d50a3a" className="Microsoft.ApplicationServer.Http.CIT.Scenario.OkServiceTests, Microsoft.ApplicationServer.Http.CIT.Scenario, Version=0.0.0.0, Culture=neutral, PublicKeyToken=null" name="OkServiceTest3" />
    </UnitTest>
    <UnitTest name="BadHandlerConstructorServiceTest3" storage="f:\advisorsrepo\wcfhttp\http\test\microsoft.applicationserver.http\scenario\bin\debug\microsoft.applicationserver.http.cit.scenario.dll" id="2ec396c7-c6f2-5101-0282-8ae48619ff76">
      <Execution timeOut="30000" id="e9333b0c-60e2-4771-bbfc-a49f5ccd8ef0" />
      <Owners>
        <Owner name="derik" />
      </Owners>
      <TestCategory>
        <TestCategoryItem TestCategory="CIT" />
      </TestCategory>
      <TestMethod codeBase="F:/advisorsrepo/wcfhttp/Http/Test/Microsoft.ApplicationServer.Http/Scenario/bin/Debug/Microsoft.ApplicationServer.Http.CIT.Scenario.DLL" adapterTypeName="Microsoft.VisualStudio.TestTools.TestTypes.Unit.UnitTestAdapter, Microsoft.VisualStudio.QualityTools.Tips.UnitTest.Adapter, Version=10.0.0.0, Culture=neutral, PublicKeyToken=b03f5f7f11d50a3a" className="Microsoft.ApplicationServer.Http.CIT.Scenario.BadHandlerConstructorServiceTests, Microsoft.ApplicationServer.Http.CIT.Scenario, Version=0.0.0.0, Culture=neutral, PublicKeyToken=null" name="BadHandlerConstructorServiceTest3" />
    </UnitTest>
    <UnitTest name="ResponseFailureHandlerTest8" storage="f:\advisorsrepo\wcfhttp\http\test\microsoft.applicationserver.http\scenario\bin\debug\microsoft.applicationserver.http.cit.scenario.dll" id="0a84608f-9c18-f167-736d-316e2fdbfe12">
      <Execution timeOut="30000" id="13321963-ba09-4116-8a57-1a239e31e466" />
      <Owners>
        <Owner name="derik" />
      </Owners>
      <TestCategory>
        <TestCategoryItem TestCategory="CIT" />
      </TestCategory>
      <TestMethod codeBase="F:/advisorsrepo/wcfhttp/Http/Test/Microsoft.ApplicationServer.Http/Scenario/bin/Debug/Microsoft.ApplicationServer.Http.CIT.Scenario.DLL" adapterTypeName="Microsoft.VisualStudio.TestTools.TestTypes.Unit.UnitTestAdapter, Microsoft.VisualStudio.QualityTools.Tips.UnitTest.Adapter, Version=10.0.0.0, Culture=neutral, PublicKeyToken=b03f5f7f11d50a3a" className="Microsoft.ApplicationServer.Http.CIT.Scenario.ResponseFailureHandlerTests, Microsoft.ApplicationServer.Http.CIT.Scenario, Version=0.0.0.0, Culture=neutral, PublicKeyToken=null" name="ResponseFailureHandlerTest8" />
    </UnitTest>
    <UnitTest name="ResponseFailureHandlerTest4" storage="f:\advisorsrepo\wcfhttp\http\test\microsoft.applicationserver.http\scenario\bin\debug\microsoft.applicationserver.http.cit.scenario.dll" id="6e6b4421-0e8c-e3b6-64b6-74b12beb35d8">
      <Execution timeOut="30000" id="83d413fe-a751-487c-8429-159382b83c70" />
      <Owners>
        <Owner name="derik" />
      </Owners>
      <TestCategory>
        <TestCategoryItem TestCategory="CIT" />
      </TestCategory>
      <TestMethod codeBase="F:/advisorsrepo/wcfhttp/Http/Test/Microsoft.ApplicationServer.Http/Scenario/bin/Debug/Microsoft.ApplicationServer.Http.CIT.Scenario.DLL" adapterTypeName="Microsoft.VisualStudio.TestTools.TestTypes.Unit.UnitTestAdapter, Microsoft.VisualStudio.QualityTools.Tips.UnitTest.Adapter, Version=10.0.0.0, Culture=neutral, PublicKeyToken=b03f5f7f11d50a3a" className="Microsoft.ApplicationServer.Http.CIT.Scenario.ResponseFailureHandlerTests, Microsoft.ApplicationServer.Http.CIT.Scenario, Version=0.0.0.0, Culture=neutral, PublicKeyToken=null" name="ResponseFailureHandlerTest4" />
    </UnitTest>
    <UnitTest name="OneWayServiceTest5" storage="f:\advisorsrepo\wcfhttp\http\test\microsoft.applicationserver.http\scenario\bin\debug\microsoft.applicationserver.http.cit.scenario.dll" id="b6daeaca-e436-feb4-2499-8d9085d03a28">
      <Execution timeOut="30000" id="a6227291-7fd6-4c73-97a4-fd7788c7ef07" />
      <Owners>
        <Owner name="derik" />
      </Owners>
      <TestCategory>
        <TestCategoryItem TestCategory="CIT" />
      </TestCategory>
      <TestMethod codeBase="F:/advisorsrepo/wcfhttp/Http/Test/Microsoft.ApplicationServer.Http/Scenario/bin/Debug/Microsoft.ApplicationServer.Http.CIT.Scenario.DLL" adapterTypeName="Microsoft.VisualStudio.TestTools.TestTypes.Unit.UnitTestAdapter, Microsoft.VisualStudio.QualityTools.Tips.UnitTest.Adapter, Version=10.0.0.0, Culture=neutral, PublicKeyToken=b03f5f7f11d50a3a" className="Microsoft.ApplicationServer.Http.CIT.Scenario.OneWayServiceTests, Microsoft.ApplicationServer.Http.CIT.Scenario, Version=0.0.0.0, Culture=neutral, PublicKeyToken=null" name="OneWayServiceTest5" />
    </UnitTest>
    <UnitTest name="OkAfterRedirectServiceTest2" storage="f:\advisorsrepo\wcfhttp\http\test\microsoft.applicationserver.http\scenario\bin\debug\microsoft.applicationserver.http.cit.scenario.dll" id="5388d0dc-ee23-a502-5c12-1d3cf8c5249d">
      <Execution timeOut="30000" id="35132ef7-85ec-48ed-9719-225532ef1ca2" />
      <Owners>
        <Owner name="derik" />
      </Owners>
      <TestCategory>
        <TestCategoryItem TestCategory="ADP_Basics" />
        <TestCategoryItem TestCategory="CIT" />
      </TestCategory>
      <TestMethod codeBase="F:/advisorsrepo/wcfhttp/Http/Test/Microsoft.ApplicationServer.Http/Scenario/bin/Debug/Microsoft.ApplicationServer.Http.CIT.Scenario.DLL" adapterTypeName="Microsoft.VisualStudio.TestTools.TestTypes.Unit.UnitTestAdapter, Microsoft.VisualStudio.QualityTools.Tips.UnitTest.Adapter, Version=10.0.0.0, Culture=neutral, PublicKeyToken=b03f5f7f11d50a3a" className="Microsoft.ApplicationServer.Http.CIT.Scenario.OkAfterRedirectServiceTests, Microsoft.ApplicationServer.Http.CIT.Scenario, Version=0.0.0.0, Culture=neutral, PublicKeyToken=null" name="OkAfterRedirectServiceTest2" />
    </UnitTest>
    <UnitTest name="ShortCircuitHandlerTest4" storage="f:\advisorsrepo\wcfhttp\http\test\microsoft.applicationserver.http\scenario\bin\debug\microsoft.applicationserver.http.cit.scenario.dll" id="ae52cac1-f095-4d8a-ddd3-3d3312da71cd">
      <Execution timeOut="30000" id="c1040d83-b5e8-4b4b-8919-276b35d9a63f" />
      <Owners>
        <Owner name="derik" />
      </Owners>
      <TestCategory>
        <TestCategoryItem TestCategory="CIT" />
      </TestCategory>
      <TestMethod codeBase="F:/advisorsrepo/wcfhttp/Http/Test/Microsoft.ApplicationServer.Http/Scenario/bin/Debug/Microsoft.ApplicationServer.Http.CIT.Scenario.DLL" adapterTypeName="Microsoft.VisualStudio.TestTools.TestTypes.Unit.UnitTestAdapter, Microsoft.VisualStudio.QualityTools.Tips.UnitTest.Adapter, Version=10.0.0.0, Culture=neutral, PublicKeyToken=b03f5f7f11d50a3a" className="Microsoft.ApplicationServer.Http.CIT.Scenario.ShortCircuitHandlerTests, Microsoft.ApplicationServer.Http.CIT.Scenario, Version=0.0.0.0, Culture=neutral, PublicKeyToken=null" name="ShortCircuitHandlerTest4" />
    </UnitTest>
    <UnitTest name="AbortRequestContextTest4" storage="f:\advisorsrepo\wcfhttp\http\test\microsoft.applicationserver.http\scenario\bin\debug\microsoft.applicationserver.http.cit.scenario.dll" id="af1ce901-d44e-2887-e9ec-2dfe03e04bcc">
      <Execution timeOut="30000" id="233aab14-ec1f-444a-ab5b-17f3f4e5e03d" />
      <Owners>
        <Owner name="derik" />
      </Owners>
      <TestCategory>
        <TestCategoryItem TestCategory="CIT" />
      </TestCategory>
      <TestMethod codeBase="F:/advisorsrepo/wcfhttp/Http/Test/Microsoft.ApplicationServer.Http/Scenario/bin/Debug/Microsoft.ApplicationServer.Http.CIT.Scenario.DLL" adapterTypeName="Microsoft.VisualStudio.TestTools.TestTypes.Unit.UnitTestAdapter, Microsoft.VisualStudio.QualityTools.Tips.UnitTest.Adapter, Version=10.0.0.0, Culture=neutral, PublicKeyToken=b03f5f7f11d50a3a" className="Microsoft.ApplicationServer.Http.CIT.Scenario.AbortRequestContextTests, Microsoft.ApplicationServer.Http.CIT.Scenario, Version=0.0.0.0, Culture=neutral, PublicKeyToken=null" name="AbortRequestContextTest4" />
    </UnitTest>
    <UnitTest name="GetPocoJson" storage="f:\advisorsrepo\wcfhttp\http\test\microsoft.applicationserver.http\scenario\bin\debug\microsoft.applicationserver.http.cit.scenario.dll" id="45678971-c8c7-79bc-7b57-c407b572b1ac">
      <Description>Demonstrates how to treat the response from an Http GET as a strongly typed object using the default Json serializer.</Description>
      <Execution timeOut="240000" id="a51b4b9e-2193-44f2-b0fc-be321def45a0" />
      <Owners>
        <Owner name="dravva" />
      </Owners>
      <TestCategory>
        <TestCategoryItem TestCategory="CIT" />
      </TestCategory>
      <TestMethod codeBase="F:/advisorsrepo/wcfhttp/Http/Test/Microsoft.ApplicationServer.Http/Scenario/bin/Debug/Microsoft.ApplicationServer.Http.CIT.Scenario.DLL" adapterTypeName="Microsoft.VisualStudio.TestTools.TestTypes.Unit.UnitTestAdapter, Microsoft.VisualStudio.QualityTools.Tips.UnitTest.Adapter, Version=10.0.0.0, Culture=neutral, PublicKeyToken=b03f5f7f11d50a3a" className="Microsoft.ApplicationServer.Http.CIT.Scenario.ObjectContentScenarioTests, Microsoft.ApplicationServer.Http.CIT.Scenario, Version=0.0.0.0, Culture=neutral, PublicKeyToken=null" name="GetPocoJson" />
    </UnitTest>
    <UnitTest name="OkServiceTest7" storage="f:\advisorsrepo\wcfhttp\http\test\microsoft.applicationserver.http\scenario\bin\debug\microsoft.applicationserver.http.cit.scenario.dll" id="bf4a2889-2fec-0c91-4d92-4c1a6f78c440">
      <Execution timeOut="30000" id="200b8aa2-b345-417c-9b76-9395793bf28f" />
      <Owners>
        <Owner name="derik" />
      </Owners>
      <TestCategory>
        <TestCategoryItem TestCategory="CIT" />
        <TestCategoryItem TestCategory="ADP_Basics" />
      </TestCategory>
      <TestMethod codeBase="F:/advisorsrepo/wcfhttp/Http/Test/Microsoft.ApplicationServer.Http/Scenario/bin/Debug/Microsoft.ApplicationServer.Http.CIT.Scenario.DLL" adapterTypeName="Microsoft.VisualStudio.TestTools.TestTypes.Unit.UnitTestAdapter, Microsoft.VisualStudio.QualityTools.Tips.UnitTest.Adapter, Version=10.0.0.0, Culture=neutral, PublicKeyToken=b03f5f7f11d50a3a" className="Microsoft.ApplicationServer.Http.CIT.Scenario.OkServiceTests, Microsoft.ApplicationServer.Http.CIT.Scenario, Version=0.0.0.0, Culture=neutral, PublicKeyToken=null" name="OkServiceTest7" />
    </UnitTest>
    <UnitTest name="RequestFailureHandlerTest13" storage="f:\advisorsrepo\wcfhttp\http\test\microsoft.applicationserver.http\scenario\bin\debug\microsoft.applicationserver.http.cit.scenario.dll" id="de2e4591-79f0-1deb-5ba1-47d29aac8031">
      <Execution timeOut="30000" id="eb049d1e-2a1e-4dc9-9072-570b2703edd9" />
      <Owners>
        <Owner name="derik" />
      </Owners>
      <TestCategory>
        <TestCategoryItem TestCategory="CIT" />
      </TestCategory>
      <TestMethod codeBase="F:/advisorsrepo/wcfhttp/Http/Test/Microsoft.ApplicationServer.Http/Scenario/bin/Debug/Microsoft.ApplicationServer.Http.CIT.Scenario.DLL" adapterTypeName="Microsoft.VisualStudio.TestTools.TestTypes.Unit.UnitTestAdapter, Microsoft.VisualStudio.QualityTools.Tips.UnitTest.Adapter, Version=10.0.0.0, Culture=neutral, PublicKeyToken=b03f5f7f11d50a3a" className="Microsoft.ApplicationServer.Http.CIT.Scenario.RequestFailureHandlerTests, Microsoft.ApplicationServer.Http.CIT.Scenario, Version=0.0.0.0, Culture=neutral, PublicKeyToken=null" name="RequestFailureHandlerTest13" />
    </UnitTest>
    <UnitTest name="BadFactoryCreateServiceTest3" storage="f:\advisorsrepo\wcfhttp\http\test\microsoft.applicationserver.http\scenario\bin\debug\microsoft.applicationserver.http.cit.scenario.dll" id="53208d44-7ebf-8f61-ff34-6e86b16f849b">
      <Execution timeOut="30000" id="5ed5f4a7-3e70-41a5-8d4d-963459f0b8b5" />
      <Owners>
        <Owner name="derik" />
      </Owners>
      <TestCategory>
        <TestCategoryItem TestCategory="CIT" />
      </TestCategory>
      <TestMethod codeBase="F:/advisorsrepo/wcfhttp/Http/Test/Microsoft.ApplicationServer.Http/Scenario/bin/Debug/Microsoft.ApplicationServer.Http.CIT.Scenario.DLL" adapterTypeName="Microsoft.VisualStudio.TestTools.TestTypes.Unit.UnitTestAdapter, Microsoft.VisualStudio.QualityTools.Tips.UnitTest.Adapter, Version=10.0.0.0, Culture=neutral, PublicKeyToken=b03f5f7f11d50a3a" className="Microsoft.ApplicationServer.Http.CIT.Scenario.BadFactoryCreateServiceTests, Microsoft.ApplicationServer.Http.CIT.Scenario, Version=0.0.0.0, Culture=neutral, PublicKeyToken=null" name="BadFactoryCreateServiceTest3" />
    </UnitTest>
    <UnitTest name="NoDataServiceTest2" storage="f:\advisorsrepo\wcfhttp\http\test\microsoft.applicationserver.http\scenario\bin\debug\microsoft.applicationserver.http.cit.scenario.dll" id="72753d40-b4e3-cad8-27c5-84b76a84b432">
      <Execution timeOut="30000" id="70a77e35-e270-445c-b09f-166b4d7aacea" />
      <Owners>
        <Owner name="derik" />
      </Owners>
      <TestCategory>
        <TestCategoryItem TestCategory="ADP_Basics" />
        <TestCategoryItem TestCategory="CIT" />
      </TestCategory>
      <TestMethod codeBase="F:/advisorsrepo/wcfhttp/Http/Test/Microsoft.ApplicationServer.Http/Scenario/bin/Debug/Microsoft.ApplicationServer.Http.CIT.Scenario.DLL" adapterTypeName="Microsoft.VisualStudio.TestTools.TestTypes.Unit.UnitTestAdapter, Microsoft.VisualStudio.QualityTools.Tips.UnitTest.Adapter, Version=10.0.0.0, Culture=neutral, PublicKeyToken=b03f5f7f11d50a3a" className="Microsoft.ApplicationServer.Http.CIT.Scenario.NoDataServiceTests, Microsoft.ApplicationServer.Http.CIT.Scenario, Version=0.0.0.0, Culture=neutral, PublicKeyToken=null" name="NoDataServiceTest2" />
    </UnitTest>
    <UnitTest name="MissingPropertyServiceTest3" storage="f:\advisorsrepo\wcfhttp\http\test\microsoft.applicationserver.http\scenario\bin\debug\microsoft.applicationserver.http.cit.scenario.dll" id="b4378fcc-0ddf-09bb-d6a2-ec88537db050">
      <Execution timeOut="30000" id="cc785f0c-bb3c-4360-9649-025db055e195" />
      <Owners>
        <Owner name="derik" />
      </Owners>
      <TestCategory>
        <TestCategoryItem TestCategory="CIT" />
      </TestCategory>
      <TestMethod codeBase="F:/advisorsrepo/wcfhttp/Http/Test/Microsoft.ApplicationServer.Http/Scenario/bin/Debug/Microsoft.ApplicationServer.Http.CIT.Scenario.DLL" adapterTypeName="Microsoft.VisualStudio.TestTools.TestTypes.Unit.UnitTestAdapter, Microsoft.VisualStudio.QualityTools.Tips.UnitTest.Adapter, Version=10.0.0.0, Culture=neutral, PublicKeyToken=b03f5f7f11d50a3a" className="Microsoft.ApplicationServer.Http.CIT.Scenario.MissingPropertyServiceTests, Microsoft.ApplicationServer.Http.CIT.Scenario, Version=0.0.0.0, Culture=neutral, PublicKeyToken=null" name="MissingPropertyServiceTest3" />
    </UnitTest>
    <UnitTest name="ResponseFailureHandlerTest3" storage="f:\advisorsrepo\wcfhttp\http\test\microsoft.applicationserver.http\scenario\bin\debug\microsoft.applicationserver.http.cit.scenario.dll" id="221b606c-efad-4ac1-d67b-9bf5f2cf7cdc">
      <Execution timeOut="30000" id="235e45e7-d613-4497-a27d-cd168955145a" />
      <Owners>
        <Owner name="derik" />
      </Owners>
      <TestCategory>
        <TestCategoryItem TestCategory="CIT" />
      </TestCategory>
      <TestMethod codeBase="F:/advisorsrepo/wcfhttp/Http/Test/Microsoft.ApplicationServer.Http/Scenario/bin/Debug/Microsoft.ApplicationServer.Http.CIT.Scenario.DLL" adapterTypeName="Microsoft.VisualStudio.TestTools.TestTypes.Unit.UnitTestAdapter, Microsoft.VisualStudio.QualityTools.Tips.UnitTest.Adapter, Version=10.0.0.0, Culture=neutral, PublicKeyToken=b03f5f7f11d50a3a" className="Microsoft.ApplicationServer.Http.CIT.Scenario.ResponseFailureHandlerTests, Microsoft.ApplicationServer.Http.CIT.Scenario, Version=0.0.0.0, Culture=neutral, PublicKeyToken=null" name="ResponseFailureHandlerTest3" />
    </UnitTest>
    <UnitTest name="NoFactoryTest3" storage="f:\advisorsrepo\wcfhttp\http\test\microsoft.applicationserver.http\scenario\bin\debug\microsoft.applicationserver.http.cit.scenario.dll" id="1a43a42f-f642-b3cc-d7b8-12ef72ebee50">
      <Execution timeOut="30000" id="75b046e4-ca81-403d-b495-7d566ac602f9" />
      <Owners>
        <Owner name="derik" />
      </Owners>
      <TestCategory>
        <TestCategoryItem TestCategory="CIT" />
      </TestCategory>
      <TestMethod codeBase="F:/advisorsrepo/wcfhttp/Http/Test/Microsoft.ApplicationServer.Http/Scenario/bin/Debug/Microsoft.ApplicationServer.Http.CIT.Scenario.DLL" adapterTypeName="Microsoft.VisualStudio.TestTools.TestTypes.Unit.UnitTestAdapter, Microsoft.VisualStudio.QualityTools.Tips.UnitTest.Adapter, Version=10.0.0.0, Culture=neutral, PublicKeyToken=b03f5f7f11d50a3a" className="Microsoft.ApplicationServer.Http.CIT.Scenario.NoFactoryTests, Microsoft.ApplicationServer.Http.CIT.Scenario, Version=0.0.0.0, Culture=neutral, PublicKeyToken=null" name="NoFactoryTest3" />
    </UnitTest>
    <UnitTest name="RequestFailureHandlerTest3" storage="f:\advisorsrepo\wcfhttp\http\test\microsoft.applicationserver.http\scenario\bin\debug\microsoft.applicationserver.http.cit.scenario.dll" id="253be663-bfd2-0886-a059-1cc4b1f9c118">
      <Execution timeOut="30000" id="e7f2556f-2b8d-42f5-8ab6-837df3bcd8ab" />
      <Owners>
        <Owner name="derik" />
      </Owners>
      <TestCategory>
        <TestCategoryItem TestCategory="CIT" />
      </TestCategory>
      <TestMethod codeBase="F:/advisorsrepo/wcfhttp/Http/Test/Microsoft.ApplicationServer.Http/Scenario/bin/Debug/Microsoft.ApplicationServer.Http.CIT.Scenario.DLL" adapterTypeName="Microsoft.VisualStudio.TestTools.TestTypes.Unit.UnitTestAdapter, Microsoft.VisualStudio.QualityTools.Tips.UnitTest.Adapter, Version=10.0.0.0, Culture=neutral, PublicKeyToken=b03f5f7f11d50a3a" className="Microsoft.ApplicationServer.Http.CIT.Scenario.RequestFailureHandlerTests, Microsoft.ApplicationServer.Http.CIT.Scenario, Version=0.0.0.0, Culture=neutral, PublicKeyToken=null" name="RequestFailureHandlerTest3" />
    </UnitTest>
    <UnitTest name="NoHandlerTest1" storage="f:\advisorsrepo\wcfhttp\http\test\microsoft.applicationserver.http\scenario\bin\debug\microsoft.applicationserver.http.cit.scenario.dll" id="552144bb-d4bf-16aa-8142-3cc30edc5c48">
      <Execution timeOut="30000" id="aeddf990-587c-4bf4-ac64-2247870d1bb5" />
      <Owners>
        <Owner name="derik" />
      </Owners>
      <TestCategory>
        <TestCategoryItem TestCategory="CIT" />
      </TestCategory>
      <TestMethod codeBase="F:/advisorsrepo/wcfhttp/Http/Test/Microsoft.ApplicationServer.Http/Scenario/bin/Debug/Microsoft.ApplicationServer.Http.CIT.Scenario.DLL" adapterTypeName="Microsoft.VisualStudio.TestTools.TestTypes.Unit.UnitTestAdapter, Microsoft.VisualStudio.QualityTools.Tips.UnitTest.Adapter, Version=10.0.0.0, Culture=neutral, PublicKeyToken=b03f5f7f11d50a3a" className="Microsoft.ApplicationServer.Http.CIT.Scenario.NoHandlerTests, Microsoft.ApplicationServer.Http.CIT.Scenario, Version=0.0.0.0, Culture=neutral, PublicKeyToken=null" name="NoHandlerTest1" />
    </UnitTest>
    <UnitTest name="MissingPropertyServiceTest1" storage="f:\advisorsrepo\wcfhttp\http\test\microsoft.applicationserver.http\scenario\bin\debug\microsoft.applicationserver.http.cit.scenario.dll" id="2b635808-cadb-c40a-e40b-1cbe1e6900ca">
      <Execution timeOut="30000" id="40460cae-f018-41a4-a3a4-4928114197ab" />
      <Owners>
        <Owner name="derik" />
      </Owners>
      <TestCategory>
        <TestCategoryItem TestCategory="CIT" />
      </TestCategory>
      <TestMethod codeBase="F:/advisorsrepo/wcfhttp/Http/Test/Microsoft.ApplicationServer.Http/Scenario/bin/Debug/Microsoft.ApplicationServer.Http.CIT.Scenario.DLL" adapterTypeName="Microsoft.VisualStudio.TestTools.TestTypes.Unit.UnitTestAdapter, Microsoft.VisualStudio.QualityTools.Tips.UnitTest.Adapter, Version=10.0.0.0, Culture=neutral, PublicKeyToken=b03f5f7f11d50a3a" className="Microsoft.ApplicationServer.Http.CIT.Scenario.MissingPropertyServiceTests, Microsoft.ApplicationServer.Http.CIT.Scenario, Version=0.0.0.0, Culture=neutral, PublicKeyToken=null" name="MissingPropertyServiceTest1" />
    </UnitTest>
    <UnitTest name="ResponseFailureHandlerTest6" storage="f:\advisorsrepo\wcfhttp\http\test\microsoft.applicationserver.http\scenario\bin\debug\microsoft.applicationserver.http.cit.scenario.dll" id="9cadce48-91d2-0589-1538-8017522a5842">
      <Execution timeOut="30000" id="893bce52-a643-4e80-ba9d-8dedfb8b25ff" />
      <Owners>
        <Owner name="derik" />
      </Owners>
      <TestCategory>
        <TestCategoryItem TestCategory="ADP_Basics" />
        <TestCategoryItem TestCategory="CIT" />
      </TestCategory>
      <TestMethod codeBase="F:/advisorsrepo/wcfhttp/Http/Test/Microsoft.ApplicationServer.Http/Scenario/bin/Debug/Microsoft.ApplicationServer.Http.CIT.Scenario.DLL" adapterTypeName="Microsoft.VisualStudio.TestTools.TestTypes.Unit.UnitTestAdapter, Microsoft.VisualStudio.QualityTools.Tips.UnitTest.Adapter, Version=10.0.0.0, Culture=neutral, PublicKeyToken=b03f5f7f11d50a3a" className="Microsoft.ApplicationServer.Http.CIT.Scenario.ResponseFailureHandlerTests, Microsoft.ApplicationServer.Http.CIT.Scenario, Version=0.0.0.0, Culture=neutral, PublicKeyToken=null" name="ResponseFailureHandlerTest6" />
    </UnitTest>
    <UnitTest name="HeaderHandlerTest4" storage="f:\advisorsrepo\wcfhttp\http\test\microsoft.applicationserver.http\scenario\bin\debug\microsoft.applicationserver.http.cit.scenario.dll" id="ab32c913-4dd3-a3a1-4844-d6c3e8782d51">
      <Execution timeOut="30000" id="062158d4-0526-4cfc-a4ff-b904777cfc1c" />
      <Owners>
        <Owner name="derik" />
      </Owners>
      <TestCategory>
        <TestCategoryItem TestCategory="CIT" />
      </TestCategory>
      <TestMethod codeBase="F:/advisorsrepo/wcfhttp/Http/Test/Microsoft.ApplicationServer.Http/Scenario/bin/Debug/Microsoft.ApplicationServer.Http.CIT.Scenario.DLL" adapterTypeName="Microsoft.VisualStudio.TestTools.TestTypes.Unit.UnitTestAdapter, Microsoft.VisualStudio.QualityTools.Tips.UnitTest.Adapter, Version=10.0.0.0, Culture=neutral, PublicKeyToken=b03f5f7f11d50a3a" className="Microsoft.ApplicationServer.Http.CIT.Scenario.HeaderHandlerTests, Microsoft.ApplicationServer.Http.CIT.Scenario, Version=0.0.0.0, Culture=neutral, PublicKeyToken=null" name="HeaderHandlerTest4" />
    </UnitTest>
    <UnitTest name="RequestFailureHandlerTest12" storage="f:\advisorsrepo\wcfhttp\http\test\microsoft.applicationserver.http\scenario\bin\debug\microsoft.applicationserver.http.cit.scenario.dll" id="a2fb9b5d-26d6-f3a9-84f6-746d421bb859">
      <Execution timeOut="30000" id="72a8ae1b-c4d1-46a7-8bec-706bee648d21" />
      <Owners>
        <Owner name="derik" />
      </Owners>
      <TestCategory>
        <TestCategoryItem TestCategory="CIT" />
      </TestCategory>
      <TestMethod codeBase="F:/advisorsrepo/wcfhttp/Http/Test/Microsoft.ApplicationServer.Http/Scenario/bin/Debug/Microsoft.ApplicationServer.Http.CIT.Scenario.DLL" adapterTypeName="Microsoft.VisualStudio.TestTools.TestTypes.Unit.UnitTestAdapter, Microsoft.VisualStudio.QualityTools.Tips.UnitTest.Adapter, Version=10.0.0.0, Culture=neutral, PublicKeyToken=b03f5f7f11d50a3a" className="Microsoft.ApplicationServer.Http.CIT.Scenario.RequestFailureHandlerTests, Microsoft.ApplicationServer.Http.CIT.Scenario, Version=0.0.0.0, Culture=neutral, PublicKeyToken=null" name="RequestFailureHandlerTest12" />
    </UnitTest>
    <UnitTest name="CloseRequestContextTestB2" storage="f:\advisorsrepo\wcfhttp\http\test\microsoft.applicationserver.http\scenario\bin\debug\microsoft.applicationserver.http.cit.scenario.dll" id="207c0220-6db0-72b3-aa3e-c427e58288b2">
      <Execution timeOut="30000" id="e3183758-d75f-467d-9e73-c542ba609f67" />
      <Owners>
        <Owner name="derik" />
      </Owners>
      <TestCategory>
        <TestCategoryItem TestCategory="CIT" />
        <TestCategoryItem TestCategory="ADP_Basics" />
      </TestCategory>
      <TestMethod codeBase="F:/advisorsrepo/wcfhttp/Http/Test/Microsoft.ApplicationServer.Http/Scenario/bin/Debug/Microsoft.ApplicationServer.Http.CIT.Scenario.DLL" adapterTypeName="Microsoft.VisualStudio.TestTools.TestTypes.Unit.UnitTestAdapter, Microsoft.VisualStudio.QualityTools.Tips.UnitTest.Adapter, Version=10.0.0.0, Culture=neutral, PublicKeyToken=b03f5f7f11d50a3a" className="Microsoft.ApplicationServer.Http.CIT.Scenario.CloseRequestContextTests, Microsoft.ApplicationServer.Http.CIT.Scenario, Version=0.0.0.0, Culture=neutral, PublicKeyToken=null" name="CloseRequestContextTestB2" />
    </UnitTest>
    <UnitTest name="BadFactoryCreateServiceTest4" storage="f:\advisorsrepo\wcfhttp\http\test\microsoft.applicationserver.http\scenario\bin\debug\microsoft.applicationserver.http.cit.scenario.dll" id="ee76e7fa-a7ff-9a03-4f27-68597f9cafe6">
      <Execution timeOut="30000" id="570354c5-0772-4e7a-8ee4-33b23a8a7093" />
      <Owners>
        <Owner name="derik" />
      </Owners>
      <TestCategory>
        <TestCategoryItem TestCategory="CIT" />
      </TestCategory>
      <TestMethod codeBase="F:/advisorsrepo/wcfhttp/Http/Test/Microsoft.ApplicationServer.Http/Scenario/bin/Debug/Microsoft.ApplicationServer.Http.CIT.Scenario.DLL" adapterTypeName="Microsoft.VisualStudio.TestTools.TestTypes.Unit.UnitTestAdapter, Microsoft.VisualStudio.QualityTools.Tips.UnitTest.Adapter, Version=10.0.0.0, Culture=neutral, PublicKeyToken=b03f5f7f11d50a3a" className="Microsoft.ApplicationServer.Http.CIT.Scenario.BadFactoryCreateServiceTests, Microsoft.ApplicationServer.Http.CIT.Scenario, Version=0.0.0.0, Culture=neutral, PublicKeyToken=null" name="BadFactoryCreateServiceTest4" />
    </UnitTest>
    <UnitTest name="RequestFailureHandlerTest2" storage="f:\advisorsrepo\wcfhttp\http\test\microsoft.applicationserver.http\scenario\bin\debug\microsoft.applicationserver.http.cit.scenario.dll" id="845b9517-5f19-a4d0-555b-e8ae3759a502">
      <Execution timeOut="30000" id="7d4131d4-f0ad-4e02-82c6-d07f08a7709b" />
      <Owners>
        <Owner name="derik" />
      </Owners>
      <TestCategory>
        <TestCategoryItem TestCategory="CIT" />
        <TestCategoryItem TestCategory="ADP_Basics" />
      </TestCategory>
      <TestMethod codeBase="F:/advisorsrepo/wcfhttp/Http/Test/Microsoft.ApplicationServer.Http/Scenario/bin/Debug/Microsoft.ApplicationServer.Http.CIT.Scenario.DLL" adapterTypeName="Microsoft.VisualStudio.TestTools.TestTypes.Unit.UnitTestAdapter, Microsoft.VisualStudio.QualityTools.Tips.UnitTest.Adapter, Version=10.0.0.0, Culture=neutral, PublicKeyToken=b03f5f7f11d50a3a" className="Microsoft.ApplicationServer.Http.CIT.Scenario.RequestFailureHandlerTests, Microsoft.ApplicationServer.Http.CIT.Scenario, Version=0.0.0.0, Culture=neutral, PublicKeyToken=null" name="RequestFailureHandlerTest2" />
    </UnitTest>
    <UnitTest name="BasicChannelTest1" storage="f:\advisorsrepo\wcfhttp\http\test\microsoft.applicationserver.http\scenario\bin\debug\microsoft.applicationserver.http.cit.scenario.dll" id="d07e7a70-d12d-b415-1757-8eec6510fbde">
      <Execution timeOut="30000" id="deeef74d-4911-4aea-a76d-e01a4f71dd7a" />
      <Owners>
        <Owner name="derik" />
      </Owners>
      <TestCategory>
        <TestCategoryItem TestCategory="CIT" />
      </TestCategory>
      <TestMethod codeBase="F:/advisorsrepo/wcfhttp/Http/Test/Microsoft.ApplicationServer.Http/Scenario/bin/Debug/Microsoft.ApplicationServer.Http.CIT.Scenario.DLL" adapterTypeName="Microsoft.VisualStudio.TestTools.TestTypes.Unit.UnitTestAdapter, Microsoft.VisualStudio.QualityTools.Tips.UnitTest.Adapter, Version=10.0.0.0, Culture=neutral, PublicKeyToken=b03f5f7f11d50a3a" className="Microsoft.ApplicationServer.Http.CIT.Scenario.BasicChannelTests, Microsoft.ApplicationServer.Http.CIT.Scenario, Version=0.0.0.0, Culture=neutral, PublicKeyToken=null" name="BasicChannelTest1" />
    </UnitTest>
    <UnitTest name="BadHandlerConstructorServiceTest2" storage="f:\advisorsrepo\wcfhttp\http\test\microsoft.applicationserver.http\scenario\bin\debug\microsoft.applicationserver.http.cit.scenario.dll" id="eed9de61-fb8d-a6c7-a742-b900caff63b0">
      <Execution timeOut="30000" id="e6cdb46d-d8f9-45d3-9867-109b7f9ab86b" />
      <Owners>
        <Owner name="derik" />
      </Owners>
      <TestCategory>
        <TestCategoryItem TestCategory="CIT" />
      </TestCategory>
      <TestMethod codeBase="F:/advisorsrepo/wcfhttp/Http/Test/Microsoft.ApplicationServer.Http/Scenario/bin/Debug/Microsoft.ApplicationServer.Http.CIT.Scenario.DLL" adapterTypeName="Microsoft.VisualStudio.TestTools.TestTypes.Unit.UnitTestAdapter, Microsoft.VisualStudio.QualityTools.Tips.UnitTest.Adapter, Version=10.0.0.0, Culture=neutral, PublicKeyToken=b03f5f7f11d50a3a" className="Microsoft.ApplicationServer.Http.CIT.Scenario.BadHandlerConstructorServiceTests, Microsoft.ApplicationServer.Http.CIT.Scenario, Version=0.0.0.0, Culture=neutral, PublicKeyToken=null" name="BadHandlerConstructorServiceTest2" />
    </UnitTest>
    <UnitTest name="RequestFailureHandlerTest7" storage="f:\advisorsrepo\wcfhttp\http\test\microsoft.applicationserver.http\scenario\bin\debug\microsoft.applicationserver.http.cit.scenario.dll" id="f272c276-709e-c376-c381-0170dcb2316a">
      <Execution timeOut="30000" id="21f1ba83-33bc-4037-97f1-663964cb8b8a" />
      <Owners>
        <Owner name="derik" />
      </Owners>
      <TestCategory>
        <TestCategoryItem TestCategory="CIT" />
      </TestCategory>
      <TestMethod codeBase="F:/advisorsrepo/wcfhttp/Http/Test/Microsoft.ApplicationServer.Http/Scenario/bin/Debug/Microsoft.ApplicationServer.Http.CIT.Scenario.DLL" adapterTypeName="Microsoft.VisualStudio.TestTools.TestTypes.Unit.UnitTestAdapter, Microsoft.VisualStudio.QualityTools.Tips.UnitTest.Adapter, Version=10.0.0.0, Culture=neutral, PublicKeyToken=b03f5f7f11d50a3a" className="Microsoft.ApplicationServer.Http.CIT.Scenario.RequestFailureHandlerTests, Microsoft.ApplicationServer.Http.CIT.Scenario, Version=0.0.0.0, Culture=neutral, PublicKeyToken=null" name="RequestFailureHandlerTest7" />
    </UnitTest>
    <UnitTest name="OneWayServiceTest2" storage="f:\advisorsrepo\wcfhttp\http\test\microsoft.applicationserver.http\scenario\bin\debug\microsoft.applicationserver.http.cit.scenario.dll" id="5cbe73f6-1128-b64a-49fe-0545e7460772">
      <Execution timeOut="30000" id="d6906e17-f633-4216-bad9-c5e798af87c6" />
      <Owners>
        <Owner name="derik" />
      </Owners>
      <TestCategory>
        <TestCategoryItem TestCategory="ADP_Basics" />
        <TestCategoryItem TestCategory="CIT" />
      </TestCategory>
      <TestMethod codeBase="F:/advisorsrepo/wcfhttp/Http/Test/Microsoft.ApplicationServer.Http/Scenario/bin/Debug/Microsoft.ApplicationServer.Http.CIT.Scenario.DLL" adapterTypeName="Microsoft.VisualStudio.TestTools.TestTypes.Unit.UnitTestAdapter, Microsoft.VisualStudio.QualityTools.Tips.UnitTest.Adapter, Version=10.0.0.0, Culture=neutral, PublicKeyToken=b03f5f7f11d50a3a" className="Microsoft.ApplicationServer.Http.CIT.Scenario.OneWayServiceTests, Microsoft.ApplicationServer.Http.CIT.Scenario, Version=0.0.0.0, Culture=neutral, PublicKeyToken=null" name="OneWayServiceTest2" />
    </UnitTest>
    <UnitTest name="RequestFailureHandlerTest5" storage="f:\advisorsrepo\wcfhttp\http\test\microsoft.applicationserver.http\scenario\bin\debug\microsoft.applicationserver.http.cit.scenario.dll" id="07ba8a7e-5146-66aa-d2a6-9f97da79fc4a">
      <Execution timeOut="30000" id="212ad549-baae-46e7-a314-44157f09697b" />
      <Owners>
        <Owner name="derik" />
      </Owners>
      <TestCategory>
        <TestCategoryItem TestCategory="CIT" />
      </TestCategory>
      <TestMethod codeBase="F:/advisorsrepo/wcfhttp/Http/Test/Microsoft.ApplicationServer.Http/Scenario/bin/Debug/Microsoft.ApplicationServer.Http.CIT.Scenario.DLL" adapterTypeName="Microsoft.VisualStudio.TestTools.TestTypes.Unit.UnitTestAdapter, Microsoft.VisualStudio.QualityTools.Tips.UnitTest.Adapter, Version=10.0.0.0, Culture=neutral, PublicKeyToken=b03f5f7f11d50a3a" className="Microsoft.ApplicationServer.Http.CIT.Scenario.RequestFailureHandlerTests, Microsoft.ApplicationServer.Http.CIT.Scenario, Version=0.0.0.0, Culture=neutral, PublicKeyToken=null" name="RequestFailureHandlerTest5" />
    </UnitTest>
    <UnitTest name="ShortCircuitHandlerTest2" storage="f:\advisorsrepo\wcfhttp\http\test\microsoft.applicationserver.http\scenario\bin\debug\microsoft.applicationserver.http.cit.scenario.dll" id="53e2e804-10fd-82ec-60fc-fb32efb60189">
      <Execution timeOut="30000" id="5820bd87-7f14-4f2c-ad0d-80f7cad42fd8" />
      <Owners>
        <Owner name="derik" />
      </Owners>
      <TestCategory>
        <TestCategoryItem TestCategory="ADP_Basics" />
        <TestCategoryItem TestCategory="CIT" />
      </TestCategory>
      <TestMethod codeBase="F:/advisorsrepo/wcfhttp/Http/Test/Microsoft.ApplicationServer.Http/Scenario/bin/Debug/Microsoft.ApplicationServer.Http.CIT.Scenario.DLL" adapterTypeName="Microsoft.VisualStudio.TestTools.TestTypes.Unit.UnitTestAdapter, Microsoft.VisualStudio.QualityTools.Tips.UnitTest.Adapter, Version=10.0.0.0, Culture=neutral, PublicKeyToken=b03f5f7f11d50a3a" className="Microsoft.ApplicationServer.Http.CIT.Scenario.ShortCircuitHandlerTests, Microsoft.ApplicationServer.Http.CIT.Scenario, Version=0.0.0.0, Culture=neutral, PublicKeyToken=null" name="ShortCircuitHandlerTest2" />
    </UnitTest>
    <UnitTest name="AbortRequestContextTest1" storage="f:\advisorsrepo\wcfhttp\http\test\microsoft.applicationserver.http\scenario\bin\debug\microsoft.applicationserver.http.cit.scenario.dll" id="e23d5b10-35d3-69e6-a7f9-be89f87a9c34">
      <Execution timeOut="30000" id="8426f577-687f-4e06-a51b-e69feeb11fc8" />
      <Owners>
        <Owner name="derik" />
      </Owners>
      <TestCategory>
        <TestCategoryItem TestCategory="CIT" />
      </TestCategory>
      <TestMethod codeBase="F:/advisorsrepo/wcfhttp/Http/Test/Microsoft.ApplicationServer.Http/Scenario/bin/Debug/Microsoft.ApplicationServer.Http.CIT.Scenario.DLL" adapterTypeName="Microsoft.VisualStudio.TestTools.TestTypes.Unit.UnitTestAdapter, Microsoft.VisualStudio.QualityTools.Tips.UnitTest.Adapter, Version=10.0.0.0, Culture=neutral, PublicKeyToken=b03f5f7f11d50a3a" className="Microsoft.ApplicationServer.Http.CIT.Scenario.AbortRequestContextTests, Microsoft.ApplicationServer.Http.CIT.Scenario, Version=0.0.0.0, Culture=neutral, PublicKeyToken=null" name="AbortRequestContextTest1" />
    </UnitTest>
    <UnitTest name="CloseChannelTestB4" storage="f:\advisorsrepo\wcfhttp\http\test\microsoft.applicationserver.http\scenario\bin\debug\microsoft.applicationserver.http.cit.scenario.dll" id="a50fe969-a2c5-91c2-a490-3b1eb7082e30">
      <Execution timeOut="30000" id="6c6f5ee6-6021-46b6-9a9f-54e7c4d330f7" />
      <Owners>
        <Owner name="derik" />
      </Owners>
      <TestCategory>
        <TestCategoryItem TestCategory="CIT" />
      </TestCategory>
      <TestMethod codeBase="F:/advisorsrepo/wcfhttp/Http/Test/Microsoft.ApplicationServer.Http/Scenario/bin/Debug/Microsoft.ApplicationServer.Http.CIT.Scenario.DLL" adapterTypeName="Microsoft.VisualStudio.TestTools.TestTypes.Unit.UnitTestAdapter, Microsoft.VisualStudio.QualityTools.Tips.UnitTest.Adapter, Version=10.0.0.0, Culture=neutral, PublicKeyToken=b03f5f7f11d50a3a" className="Microsoft.ApplicationServer.Http.CIT.Scenario.CloseChannelTests, Microsoft.ApplicationServer.Http.CIT.Scenario, Version=0.0.0.0, Culture=neutral, PublicKeyToken=null" name="CloseChannelTestB4" />
    </UnitTest>
    <UnitTest name="MissingPropertyServiceTest7" storage="f:\advisorsrepo\wcfhttp\http\test\microsoft.applicationserver.http\scenario\bin\debug\microsoft.applicationserver.http.cit.scenario.dll" id="43a257aa-ff84-c361-fd94-854f1044f0a8">
      <Execution timeOut="30000" id="51c96ebb-7c71-43c7-9918-152bc1db23e0" />
      <Owners>
        <Owner name="derik" />
      </Owners>
      <TestCategory>
        <TestCategoryItem TestCategory="CIT" />
      </TestCategory>
      <TestMethod codeBase="F:/advisorsrepo/wcfhttp/Http/Test/Microsoft.ApplicationServer.Http/Scenario/bin/Debug/Microsoft.ApplicationServer.Http.CIT.Scenario.DLL" adapterTypeName="Microsoft.VisualStudio.TestTools.TestTypes.Unit.UnitTestAdapter, Microsoft.VisualStudio.QualityTools.Tips.UnitTest.Adapter, Version=10.0.0.0, Culture=neutral, PublicKeyToken=b03f5f7f11d50a3a" className="Microsoft.ApplicationServer.Http.CIT.Scenario.MissingPropertyServiceTests, Microsoft.ApplicationServer.Http.CIT.Scenario, Version=0.0.0.0, Culture=neutral, PublicKeyToken=null" name="MissingPropertyServiceTest7" />
    </UnitTest>
    <UnitTest name="CloseChannelTestB3" storage="f:\advisorsrepo\wcfhttp\http\test\microsoft.applicationserver.http\scenario\bin\debug\microsoft.applicationserver.http.cit.scenario.dll" id="7a909e8f-99fb-fd5c-e4a3-54e1556a0abd">
      <Execution timeOut="30000" id="ff8d1792-c142-439f-adbf-672982d1fe35" />
      <Owners>
        <Owner name="derik" />
      </Owners>
      <TestCategory>
        <TestCategoryItem TestCategory="CIT" />
      </TestCategory>
      <TestMethod codeBase="F:/advisorsrepo/wcfhttp/Http/Test/Microsoft.ApplicationServer.Http/Scenario/bin/Debug/Microsoft.ApplicationServer.Http.CIT.Scenario.DLL" adapterTypeName="Microsoft.VisualStudio.TestTools.TestTypes.Unit.UnitTestAdapter, Microsoft.VisualStudio.QualityTools.Tips.UnitTest.Adapter, Version=10.0.0.0, Culture=neutral, PublicKeyToken=b03f5f7f11d50a3a" className="Microsoft.ApplicationServer.Http.CIT.Scenario.CloseChannelTests, Microsoft.ApplicationServer.Http.CIT.Scenario, Version=0.0.0.0, Culture=neutral, PublicKeyToken=null" name="CloseChannelTestB3" />
    </UnitTest>
    <UnitTest name="OkServiceTest1" storage="f:\advisorsrepo\wcfhttp\http\test\microsoft.applicationserver.http\scenario\bin\debug\microsoft.applicationserver.http.cit.scenario.dll" id="3cfb6f0e-e61b-9afe-7589-b0743c75afc8">
      <Execution timeOut="30000" id="2d44aafe-666d-449a-a509-8a3d01364b32" />
      <Owners>
        <Owner name="derik" />
      </Owners>
      <TestCategory>
        <TestCategoryItem TestCategory="ADP_Basics" />
        <TestCategoryItem TestCategory="CIT" />
      </TestCategory>
      <TestMethod codeBase="F:/advisorsrepo/wcfhttp/Http/Test/Microsoft.ApplicationServer.Http/Scenario/bin/Debug/Microsoft.ApplicationServer.Http.CIT.Scenario.DLL" adapterTypeName="Microsoft.VisualStudio.TestTools.TestTypes.Unit.UnitTestAdapter, Microsoft.VisualStudio.QualityTools.Tips.UnitTest.Adapter, Version=10.0.0.0, Culture=neutral, PublicKeyToken=b03f5f7f11d50a3a" className="Microsoft.ApplicationServer.Http.CIT.Scenario.OkServiceTests, Microsoft.ApplicationServer.Http.CIT.Scenario, Version=0.0.0.0, Culture=neutral, PublicKeyToken=null" name="OkServiceTest1" />
    </UnitTest>
    <UnitTest name="RedirectServiceTest1" storage="f:\advisorsrepo\wcfhttp\http\test\microsoft.applicationserver.http\scenario\bin\debug\microsoft.applicationserver.http.cit.scenario.dll" id="1c3b0db4-7158-f1e8-f169-27bb5f3e237b">
      <Execution timeOut="30000" id="31f5e072-8e24-4f19-a379-22ed99f89da2" />
      <Owners>
        <Owner name="derik" />
      </Owners>
      <TestCategory>
        <TestCategoryItem TestCategory="ADP_Basics" />
        <TestCategoryItem TestCategory="CIT" />
      </TestCategory>
      <TestMethod codeBase="F:/advisorsrepo/wcfhttp/Http/Test/Microsoft.ApplicationServer.Http/Scenario/bin/Debug/Microsoft.ApplicationServer.Http.CIT.Scenario.DLL" adapterTypeName="Microsoft.VisualStudio.TestTools.TestTypes.Unit.UnitTestAdapter, Microsoft.VisualStudio.QualityTools.Tips.UnitTest.Adapter, Version=10.0.0.0, Culture=neutral, PublicKeyToken=b03f5f7f11d50a3a" className="Microsoft.ApplicationServer.Http.CIT.Scenario.RedirectServiceTests, Microsoft.ApplicationServer.Http.CIT.Scenario, Version=0.0.0.0, Culture=neutral, PublicKeyToken=null" name="RedirectServiceTest1" />
    </UnitTest>
    <UnitTest name="BadFactoryCreateServiceTest5" storage="f:\advisorsrepo\wcfhttp\http\test\microsoft.applicationserver.http\scenario\bin\debug\microsoft.applicationserver.http.cit.scenario.dll" id="ec033bcb-2956-4203-3c06-b674c9efc993">
      <Execution timeOut="30000" id="f00bdc3a-b5c9-4fa3-9893-702c3cd06a00" />
      <Owners>
        <Owner name="derik" />
      </Owners>
      <TestCategory>
        <TestCategoryItem TestCategory="CIT" />
      </TestCategory>
      <TestMethod codeBase="F:/advisorsrepo/wcfhttp/Http/Test/Microsoft.ApplicationServer.Http/Scenario/bin/Debug/Microsoft.ApplicationServer.Http.CIT.Scenario.DLL" adapterTypeName="Microsoft.VisualStudio.TestTools.TestTypes.Unit.UnitTestAdapter, Microsoft.VisualStudio.QualityTools.Tips.UnitTest.Adapter, Version=10.0.0.0, Culture=neutral, PublicKeyToken=b03f5f7f11d50a3a" className="Microsoft.ApplicationServer.Http.CIT.Scenario.BadFactoryCreateServiceTests, Microsoft.ApplicationServer.Http.CIT.Scenario, Version=0.0.0.0, Culture=neutral, PublicKeyToken=null" name="BadFactoryCreateServiceTest5" />
    </UnitTest>
    <UnitTest name="NestedHandlerTest1" storage="f:\advisorsrepo\wcfhttp\http\test\microsoft.applicationserver.http\scenario\bin\debug\microsoft.applicationserver.http.cit.scenario.dll" id="ecad479f-0ceb-b6ed-5214-8eab0dca7661">
      <Execution timeOut="30000" id="69fb4f27-5b7f-4b61-97e6-660ea8b4d9c9" />
      <Owners>
        <Owner name="derik" />
      </Owners>
      <TestCategory>
        <TestCategoryItem TestCategory="CIT" />
      </TestCategory>
      <TestMethod codeBase="F:/advisorsrepo/wcfhttp/Http/Test/Microsoft.ApplicationServer.Http/Scenario/bin/Debug/Microsoft.ApplicationServer.Http.CIT.Scenario.DLL" adapterTypeName="Microsoft.VisualStudio.TestTools.TestTypes.Unit.UnitTestAdapter, Microsoft.VisualStudio.QualityTools.Tips.UnitTest.Adapter, Version=10.0.0.0, Culture=neutral, PublicKeyToken=b03f5f7f11d50a3a" className="Microsoft.ApplicationServer.Http.CIT.Scenario.NestedHandlerTests, Microsoft.ApplicationServer.Http.CIT.Scenario, Version=0.0.0.0, Culture=neutral, PublicKeyToken=null" name="NestedHandlerTest1" />
    </UnitTest>
    <UnitTest name="CloseRequestContextTestB3" storage="f:\advisorsrepo\wcfhttp\http\test\microsoft.applicationserver.http\scenario\bin\debug\microsoft.applicationserver.http.cit.scenario.dll" id="6eb79656-ec26-6daf-ae10-a85d05c13881">
      <Execution timeOut="30000" id="7cd17edb-3394-4689-a3d6-d8c426ad6311" />
      <Owners>
        <Owner name="derik" />
      </Owners>
      <TestCategory>
        <TestCategoryItem TestCategory="CIT" />
      </TestCategory>
      <TestMethod codeBase="F:/advisorsrepo/wcfhttp/Http/Test/Microsoft.ApplicationServer.Http/Scenario/bin/Debug/Microsoft.ApplicationServer.Http.CIT.Scenario.DLL" adapterTypeName="Microsoft.VisualStudio.TestTools.TestTypes.Unit.UnitTestAdapter, Microsoft.VisualStudio.QualityTools.Tips.UnitTest.Adapter, Version=10.0.0.0, Culture=neutral, PublicKeyToken=b03f5f7f11d50a3a" className="Microsoft.ApplicationServer.Http.CIT.Scenario.CloseRequestContextTests, Microsoft.ApplicationServer.Http.CIT.Scenario, Version=0.0.0.0, Culture=neutral, PublicKeyToken=null" name="CloseRequestContextTestB3" />
    </UnitTest>
    <UnitTest name="BadHandlerConstructorServiceTest8" storage="f:\advisorsrepo\wcfhttp\http\test\microsoft.applicationserver.http\scenario\bin\debug\microsoft.applicationserver.http.cit.scenario.dll" id="dd85f7a0-7f0e-3d5d-1a5b-192cf8b4325f">
      <Execution timeOut="30000" id="a5ad6ac8-0759-454b-9e3d-92a31c354e0a" />
      <Owners>
        <Owner name="derik" />
      </Owners>
      <TestCategory>
        <TestCategoryItem TestCategory="CIT" />
      </TestCategory>
      <TestMethod codeBase="F:/advisorsrepo/wcfhttp/Http/Test/Microsoft.ApplicationServer.Http/Scenario/bin/Debug/Microsoft.ApplicationServer.Http.CIT.Scenario.DLL" adapterTypeName="Microsoft.VisualStudio.TestTools.TestTypes.Unit.UnitTestAdapter, Microsoft.VisualStudio.QualityTools.Tips.UnitTest.Adapter, Version=10.0.0.0, Culture=neutral, PublicKeyToken=b03f5f7f11d50a3a" className="Microsoft.ApplicationServer.Http.CIT.Scenario.BadHandlerConstructorServiceTests, Microsoft.ApplicationServer.Http.CIT.Scenario, Version=0.0.0.0, Culture=neutral, PublicKeyToken=null" name="BadHandlerConstructorServiceTest8" />
    </UnitTest>
    <UnitTest name="PostPocoJson" storage="f:\advisorsrepo\wcfhttp\http\test\microsoft.applicationserver.http\scenario\bin\debug\microsoft.applicationserver.http.cit.scenario.dll" id="971f92b9-725e-5216-dd65-f9699942353c">
      <Description>Demonstrates how to POST and then read a strongly typed object using the default Json serializer.</Description>
      <Execution timeOut="240000" id="505d9a2b-ca0c-423a-acde-02c57930ba3e" />
      <Owners>
        <Owner name="dravva" />
      </Owners>
      <TestCategory>
        <TestCategoryItem TestCategory="CIT" />
      </TestCategory>
      <TestMethod codeBase="F:/advisorsrepo/wcfhttp/Http/Test/Microsoft.ApplicationServer.Http/Scenario/bin/Debug/Microsoft.ApplicationServer.Http.CIT.Scenario.DLL" adapterTypeName="Microsoft.VisualStudio.TestTools.TestTypes.Unit.UnitTestAdapter, Microsoft.VisualStudio.QualityTools.Tips.UnitTest.Adapter, Version=10.0.0.0, Culture=neutral, PublicKeyToken=b03f5f7f11d50a3a" className="Microsoft.ApplicationServer.Http.CIT.Scenario.ObjectContentScenarioTests, Microsoft.ApplicationServer.Http.CIT.Scenario, Version=0.0.0.0, Culture=neutral, PublicKeyToken=null" name="PostPocoJson" />
    </UnitTest>
    <UnitTest name="BadServiceTest3" storage="f:\advisorsrepo\wcfhttp\http\test\microsoft.applicationserver.http\scenario\bin\debug\microsoft.applicationserver.http.cit.scenario.dll" id="8e786cfe-2b22-d37a-825c-b0a893bc1c09">
      <Execution timeOut="30000" id="5109e6f4-0d92-4eef-90fb-598a6dd5b206" />
      <Owners>
        <Owner name="derik" />
      </Owners>
      <TestCategory>
        <TestCategoryItem TestCategory="CIT" />
      </TestCategory>
      <TestMethod codeBase="F:/advisorsrepo/wcfhttp/Http/Test/Microsoft.ApplicationServer.Http/Scenario/bin/Debug/Microsoft.ApplicationServer.Http.CIT.Scenario.DLL" adapterTypeName="Microsoft.VisualStudio.TestTools.TestTypes.Unit.UnitTestAdapter, Microsoft.VisualStudio.QualityTools.Tips.UnitTest.Adapter, Version=10.0.0.0, Culture=neutral, PublicKeyToken=b03f5f7f11d50a3a" className="Microsoft.ApplicationServer.Http.CIT.Scenario.BadServiceTests, Microsoft.ApplicationServer.Http.CIT.Scenario, Version=0.0.0.0, Culture=neutral, PublicKeyToken=null" name="BadServiceTest3" />
    </UnitTest>
    <UnitTest name="NoDataServiceTest4" storage="f:\advisorsrepo\wcfhttp\http\test\microsoft.applicationserver.http\scenario\bin\debug\microsoft.applicationserver.http.cit.scenario.dll" id="f6174d6e-0ccd-cf3f-2f1b-774b992a9801">
      <Execution timeOut="30000" id="707572a5-d0ca-461b-a4a5-22edc569de01" />
      <Owners>
        <Owner name="derik" />
      </Owners>
      <TestCategory>
        <TestCategoryItem TestCategory="CIT" />
        <TestCategoryItem TestCategory="ADP_Basics" />
      </TestCategory>
      <TestMethod codeBase="F:/advisorsrepo/wcfhttp/Http/Test/Microsoft.ApplicationServer.Http/Scenario/bin/Debug/Microsoft.ApplicationServer.Http.CIT.Scenario.DLL" adapterTypeName="Microsoft.VisualStudio.TestTools.TestTypes.Unit.UnitTestAdapter, Microsoft.VisualStudio.QualityTools.Tips.UnitTest.Adapter, Version=10.0.0.0, Culture=neutral, PublicKeyToken=b03f5f7f11d50a3a" className="Microsoft.ApplicationServer.Http.CIT.Scenario.NoDataServiceTests, Microsoft.ApplicationServer.Http.CIT.Scenario, Version=0.0.0.0, Culture=neutral, PublicKeyToken=null" name="NoDataServiceTest4" />
    </UnitTest>
    <UnitTest name="ArtifactScenario_GetArtifactsFromXY" storage="f:\advisorsrepo\wcfhttp\http\test\microsoft.applicationserver.http\scenario\bin\debug\microsoft.applicationserver.http.cit.scenario.dll" id="c58492ef-d56f-4c7b-29df-525bf22a6400">
      <Description>Demonstrates a custom processor creating a strongly-typed object from URI variables</Description>
      <Execution timeOut="30000" id="45122bbc-0634-429a-93a9-e5bd68f6f334" />
      <Owners>
        <Owner name="vinelap" />
      </Owners>
      <TestCategory>
        <TestCategoryItem TestCategory="CIT" />
      </TestCategory>
      <TestMethod codeBase="F:/advisorsrepo/wcfhttp/Http/Test/Microsoft.ApplicationServer.Http/Scenario/bin/Debug/Microsoft.ApplicationServer.Http.CIT.Scenario.DLL" adapterTypeName="Microsoft.VisualStudio.TestTools.TestTypes.Unit.UnitTestAdapter, Microsoft.VisualStudio.QualityTools.Tips.UnitTest.Adapter, Version=10.0.0.0, Culture=neutral, PublicKeyToken=b03f5f7f11d50a3a" className="Microsoft.ApplicationServer.Http.CIT.Scenario.ArtifactScenarioTests, Microsoft.ApplicationServer.Http.CIT.Scenario, Version=0.0.0.0, Culture=neutral, PublicKeyToken=null" name="ArtifactScenario_GetArtifactsFromXY" />
    </UnitTest>
    <UnitTest name="NoDataServiceTest6" storage="f:\advisorsrepo\wcfhttp\http\test\microsoft.applicationserver.http\scenario\bin\debug\microsoft.applicationserver.http.cit.scenario.dll" id="8c71d1e6-ec0d-e591-6d31-27909df5512b">
      <Execution timeOut="30000" id="0f79c3cc-4b11-4ecb-aa52-a751c645e9d8" />
      <Owners>
        <Owner name="derik" />
      </Owners>
      <TestCategory>
        <TestCategoryItem TestCategory="ADP_Basics" />
        <TestCategoryItem TestCategory="CIT" />
      </TestCategory>
      <TestMethod codeBase="F:/advisorsrepo/wcfhttp/Http/Test/Microsoft.ApplicationServer.Http/Scenario/bin/Debug/Microsoft.ApplicationServer.Http.CIT.Scenario.DLL" adapterTypeName="Microsoft.VisualStudio.TestTools.TestTypes.Unit.UnitTestAdapter, Microsoft.VisualStudio.QualityTools.Tips.UnitTest.Adapter, Version=10.0.0.0, Culture=neutral, PublicKeyToken=b03f5f7f11d50a3a" className="Microsoft.ApplicationServer.Http.CIT.Scenario.NoDataServiceTests, Microsoft.ApplicationServer.Http.CIT.Scenario, Version=0.0.0.0, Culture=neutral, PublicKeyToken=null" name="NoDataServiceTest6" />
    </UnitTest>
    <UnitTest name="PostAndReadAsJson" storage="f:\advisorsrepo\wcfhttp\http\test\microsoft.applicationserver.http\scenario\bin\debug\microsoft.applicationserver.http.cit.scenario.dll" id="11e2beea-b5d3-301b-92c0-241e8e8995f4">
      <Description>All value and reference types (including derived types) can be read using Http POST of HttpRequestMessage&lt;T&gt; and ReadAs using DataContractJsonSerializer.</Description>
      <Execution timeOut="240000" id="1e9619ae-573b-4479-bd7b-5c3be0106ea0" />
      <Owners>
        <Owner name="dravva" />
      </Owners>
      <TestCategory>
        <TestCategoryItem TestCategory="CIT" />
      </TestCategory>
      <TestMethod codeBase="F:/advisorsrepo/wcfhttp/Http/Test/Microsoft.ApplicationServer.Http/Scenario/bin/Debug/Microsoft.ApplicationServer.Http.CIT.Scenario.DLL" adapterTypeName="Microsoft.VisualStudio.TestTools.TestTypes.Unit.UnitTestAdapter, Microsoft.VisualStudio.QualityTools.Tips.UnitTest.Adapter, Version=10.0.0.0, Culture=neutral, PublicKeyToken=b03f5f7f11d50a3a" className="Microsoft.ApplicationServer.Http.CIT.Scenario.ObjectContentScenarioTests, Microsoft.ApplicationServer.Http.CIT.Scenario, Version=0.0.0.0, Culture=neutral, PublicKeyToken=null" name="PostAndReadAsJson" />
    </UnitTest>
    <UnitTest name="BadServiceTest15" storage="f:\advisorsrepo\wcfhttp\http\test\microsoft.applicationserver.http\scenario\bin\debug\microsoft.applicationserver.http.cit.scenario.dll" id="c7f26818-6ec1-38c9-074d-958b970a4468">
      <Execution timeOut="30000" id="b5e47436-0df3-4300-a276-f223220e5f61" />
      <Owners>
        <Owner name="derik" />
      </Owners>
      <TestCategory>
        <TestCategoryItem TestCategory="CIT" />
      </TestCategory>
      <TestMethod codeBase="F:/advisorsrepo/wcfhttp/Http/Test/Microsoft.ApplicationServer.Http/Scenario/bin/Debug/Microsoft.ApplicationServer.Http.CIT.Scenario.DLL" adapterTypeName="Microsoft.VisualStudio.TestTools.TestTypes.Unit.UnitTestAdapter, Microsoft.VisualStudio.QualityTools.Tips.UnitTest.Adapter, Version=10.0.0.0, Culture=neutral, PublicKeyToken=b03f5f7f11d50a3a" className="Microsoft.ApplicationServer.Http.CIT.Scenario.BadServiceTests, Microsoft.ApplicationServer.Http.CIT.Scenario, Version=0.0.0.0, Culture=neutral, PublicKeyToken=null" name="BadServiceTest15" />
    </UnitTest>
    <UnitTest name="CloseChannelTestA8" storage="f:\advisorsrepo\wcfhttp\http\test\microsoft.applicationserver.http\scenario\bin\debug\microsoft.applicationserver.http.cit.scenario.dll" id="b49b33eb-d370-4ad0-7b64-cc3658d5b07e">
      <Execution timeOut="30000" id="4effce0b-4c39-41b6-a86f-9b3152263b3b" />
      <Owners>
        <Owner name="derik" />
      </Owners>
      <TestCategory>
        <TestCategoryItem TestCategory="CIT" />
      </TestCategory>
      <TestMethod codeBase="F:/advisorsrepo/wcfhttp/Http/Test/Microsoft.ApplicationServer.Http/Scenario/bin/Debug/Microsoft.ApplicationServer.Http.CIT.Scenario.DLL" adapterTypeName="Microsoft.VisualStudio.TestTools.TestTypes.Unit.UnitTestAdapter, Microsoft.VisualStudio.QualityTools.Tips.UnitTest.Adapter, Version=10.0.0.0, Culture=neutral, PublicKeyToken=b03f5f7f11d50a3a" className="Microsoft.ApplicationServer.Http.CIT.Scenario.CloseChannelTests, Microsoft.ApplicationServer.Http.CIT.Scenario, Version=0.0.0.0, Culture=neutral, PublicKeyToken=null" name="CloseChannelTestA8" />
    </UnitTest>
    <UnitTest name="MethodNotAllowedServiceTest2" storage="f:\advisorsrepo\wcfhttp\http\test\microsoft.applicationserver.http\scenario\bin\debug\microsoft.applicationserver.http.cit.scenario.dll" id="8e1d09c1-a51b-6ffe-3454-b1d7838c62d9">
      <Execution timeOut="30000" id="ab65cdd1-364b-4aa0-8e2b-b0d9b997b221" />
      <Owners>
        <Owner name="derik" />
      </Owners>
      <TestCategory>
        <TestCategoryItem TestCategory="CIT" />
        <TestCategoryItem TestCategory="ADP_Basics" />
      </TestCategory>
      <TestMethod codeBase="F:/advisorsrepo/wcfhttp/Http/Test/Microsoft.ApplicationServer.Http/Scenario/bin/Debug/Microsoft.ApplicationServer.Http.CIT.Scenario.DLL" adapterTypeName="Microsoft.VisualStudio.TestTools.TestTypes.Unit.UnitTestAdapter, Microsoft.VisualStudio.QualityTools.Tips.UnitTest.Adapter, Version=10.0.0.0, Culture=neutral, PublicKeyToken=b03f5f7f11d50a3a" className="Microsoft.ApplicationServer.Http.CIT.Scenario.MethodNotAllowedServiceTests, Microsoft.ApplicationServer.Http.CIT.Scenario, Version=0.0.0.0, Culture=neutral, PublicKeyToken=null" name="MethodNotAllowedServiceTest2" />
    </UnitTest>
    <UnitTest name="GetPocoXml" storage="f:\advisorsrepo\wcfhttp\http\test\microsoft.applicationserver.http\scenario\bin\debug\microsoft.applicationserver.http.cit.scenario.dll" id="6da794c0-3580-2c3b-6559-ddff85744c6d">
      <Description>Demonstrates how to treat the response from an Http GET as a strongly typed object using the default Xml serializer.</Description>
      <Execution timeOut="240000" id="1f320495-0c69-47fb-a15e-85f5cf0dd57d" />
      <Owners>
        <Owner name="dravva" />
      </Owners>
      <TestCategory>
        <TestCategoryItem TestCategory="CIT" />
      </TestCategory>
      <TestMethod codeBase="F:/advisorsrepo/wcfhttp/Http/Test/Microsoft.ApplicationServer.Http/Scenario/bin/Debug/Microsoft.ApplicationServer.Http.CIT.Scenario.DLL" adapterTypeName="Microsoft.VisualStudio.TestTools.TestTypes.Unit.UnitTestAdapter, Microsoft.VisualStudio.QualityTools.Tips.UnitTest.Adapter, Version=10.0.0.0, Culture=neutral, PublicKeyToken=b03f5f7f11d50a3a" className="Microsoft.ApplicationServer.Http.CIT.Scenario.ObjectContentScenarioTests, Microsoft.ApplicationServer.Http.CIT.Scenario, Version=0.0.0.0, Culture=neutral, PublicKeyToken=null" name="GetPocoXml" />
    </UnitTest>
    <UnitTest name="ShortCircuitHandlerTest1" storage="f:\advisorsrepo\wcfhttp\http\test\microsoft.applicationserver.http\scenario\bin\debug\microsoft.applicationserver.http.cit.scenario.dll" id="b0be3c3b-fcbf-17c3-4e08-26978cc83c42">
      <Execution timeOut="30000" id="d11fa9bc-9c61-4f21-bf43-a2e9e3c8da34" />
      <Owners>
        <Owner name="derik" />
      </Owners>
      <TestCategory>
        <TestCategoryItem TestCategory="CIT" />
      </TestCategory>
      <TestMethod codeBase="F:/advisorsrepo/wcfhttp/Http/Test/Microsoft.ApplicationServer.Http/Scenario/bin/Debug/Microsoft.ApplicationServer.Http.CIT.Scenario.DLL" adapterTypeName="Microsoft.VisualStudio.TestTools.TestTypes.Unit.UnitTestAdapter, Microsoft.VisualStudio.QualityTools.Tips.UnitTest.Adapter, Version=10.0.0.0, Culture=neutral, PublicKeyToken=b03f5f7f11d50a3a" className="Microsoft.ApplicationServer.Http.CIT.Scenario.ShortCircuitHandlerTests, Microsoft.ApplicationServer.Http.CIT.Scenario, Version=0.0.0.0, Culture=neutral, PublicKeyToken=null" name="ShortCircuitHandlerTest1" />
    </UnitTest>
    <UnitTest name="TimedoutServiceTest1" storage="f:\advisorsrepo\wcfhttp\http\test\microsoft.applicationserver.http\scenario\bin\debug\microsoft.applicationserver.http.cit.scenario.dll" id="8a435ead-546e-d2f3-55b8-b44a7f1dbdde">
      <Execution timeOut="30000" id="10ff0c15-315b-4eae-a864-248f0a8f7b06" />
      <Owners>
        <Owner name="derik" />
      </Owners>
      <TestCategory>
        <TestCategoryItem TestCategory="CIT" />
      </TestCategory>
      <TestMethod codeBase="F:/advisorsrepo/wcfhttp/Http/Test/Microsoft.ApplicationServer.Http/Scenario/bin/Debug/Microsoft.ApplicationServer.Http.CIT.Scenario.DLL" adapterTypeName="Microsoft.VisualStudio.TestTools.TestTypes.Unit.UnitTestAdapter, Microsoft.VisualStudio.QualityTools.Tips.UnitTest.Adapter, Version=10.0.0.0, Culture=neutral, PublicKeyToken=b03f5f7f11d50a3a" className="Microsoft.ApplicationServer.Http.CIT.Scenario.TimedoutServiceTests, Microsoft.ApplicationServer.Http.CIT.Scenario, Version=0.0.0.0, Culture=neutral, PublicKeyToken=null" name="TimedoutServiceTest1" />
    </UnitTest>
    <UnitTest name="MissingPropertyServiceTest5" storage="f:\advisorsrepo\wcfhttp\http\test\microsoft.applicationserver.http\scenario\bin\debug\microsoft.applicationserver.http.cit.scenario.dll" id="b6bb099c-afaa-a2d7-f2a0-a70147f5a1a5">
      <Execution timeOut="30000" id="9e255e08-536b-4da6-be1d-8165a57c9fee" />
      <Owners>
        <Owner name="derik" />
      </Owners>
      <TestCategory>
        <TestCategoryItem TestCategory="CIT" />
      </TestCategory>
      <TestMethod codeBase="F:/advisorsrepo/wcfhttp/Http/Test/Microsoft.ApplicationServer.Http/Scenario/bin/Debug/Microsoft.ApplicationServer.Http.CIT.Scenario.DLL" adapterTypeName="Microsoft.VisualStudio.TestTools.TestTypes.Unit.UnitTestAdapter, Microsoft.VisualStudio.QualityTools.Tips.UnitTest.Adapter, Version=10.0.0.0, Culture=neutral, PublicKeyToken=b03f5f7f11d50a3a" className="Microsoft.ApplicationServer.Http.CIT.Scenario.MissingPropertyServiceTests, Microsoft.ApplicationServer.Http.CIT.Scenario, Version=0.0.0.0, Culture=neutral, PublicKeyToken=null" name="MissingPropertyServiceTest5" />
    </UnitTest>
    <UnitTest name="NoDataServiceTest1" storage="f:\advisorsrepo\wcfhttp\http\test\microsoft.applicationserver.http\scenario\bin\debug\microsoft.applicationserver.http.cit.scenario.dll" id="fe6d2a90-0143-ac37-c41a-bac45236b722">
      <Execution timeOut="30000" id="0641af86-2231-45aa-82ce-4216a3e9615e" />
      <Owners>
        <Owner name="derik" />
      </Owners>
      <TestCategory>
        <TestCategoryItem TestCategory="CIT" />
        <TestCategoryItem TestCategory="ADP_Basics" />
      </TestCategory>
      <TestMethod codeBase="F:/advisorsrepo/wcfhttp/Http/Test/Microsoft.ApplicationServer.Http/Scenario/bin/Debug/Microsoft.ApplicationServer.Http.CIT.Scenario.DLL" adapterTypeName="Microsoft.VisualStudio.TestTools.TestTypes.Unit.UnitTestAdapter, Microsoft.VisualStudio.QualityTools.Tips.UnitTest.Adapter, Version=10.0.0.0, Culture=neutral, PublicKeyToken=b03f5f7f11d50a3a" className="Microsoft.ApplicationServer.Http.CIT.Scenario.NoDataServiceTests, Microsoft.ApplicationServer.Http.CIT.Scenario, Version=0.0.0.0, Culture=neutral, PublicKeyToken=null" name="NoDataServiceTest1" />
    </UnitTest>
    <UnitTest name="CloseChannelTestB1" storage="f:\advisorsrepo\wcfhttp\http\test\microsoft.applicationserver.http\scenario\bin\debug\microsoft.applicationserver.http.cit.scenario.dll" id="d7c1ca46-a924-daf6-2705-4c58c6de0ea7">
      <Execution timeOut="30000" id="725fa03c-9865-4f52-94a5-e5f402f61770" />
      <Owners>
        <Owner name="derik" />
      </Owners>
      <TestCategory>
        <TestCategoryItem TestCategory="CIT" />
      </TestCategory>
      <TestMethod codeBase="F:/advisorsrepo/wcfhttp/Http/Test/Microsoft.ApplicationServer.Http/Scenario/bin/Debug/Microsoft.ApplicationServer.Http.CIT.Scenario.DLL" adapterTypeName="Microsoft.VisualStudio.TestTools.TestTypes.Unit.UnitTestAdapter, Microsoft.VisualStudio.QualityTools.Tips.UnitTest.Adapter, Version=10.0.0.0, Culture=neutral, PublicKeyToken=b03f5f7f11d50a3a" className="Microsoft.ApplicationServer.Http.CIT.Scenario.CloseChannelTests, Microsoft.ApplicationServer.Http.CIT.Scenario, Version=0.0.0.0, Culture=neutral, PublicKeyToken=null" name="CloseChannelTestB1" />
    </UnitTest>
    <UnitTest name="RequestFailureHandlerTest15" storage="f:\advisorsrepo\wcfhttp\http\test\microsoft.applicationserver.http\scenario\bin\debug\microsoft.applicationserver.http.cit.scenario.dll" id="75efd511-cd23-a9fe-60ad-edbb68610573">
      <Execution timeOut="30000" id="e7493670-dbe6-431e-836b-d35ad03dbcbe" />
      <Owners>
        <Owner name="derik" />
      </Owners>
      <TestCategory>
        <TestCategoryItem TestCategory="CIT" />
      </TestCategory>
      <TestMethod codeBase="F:/advisorsrepo/wcfhttp/Http/Test/Microsoft.ApplicationServer.Http/Scenario/bin/Debug/Microsoft.ApplicationServer.Http.CIT.Scenario.DLL" adapterTypeName="Microsoft.VisualStudio.TestTools.TestTypes.Unit.UnitTestAdapter, Microsoft.VisualStudio.QualityTools.Tips.UnitTest.Adapter, Version=10.0.0.0, Culture=neutral, PublicKeyToken=b03f5f7f11d50a3a" className="Microsoft.ApplicationServer.Http.CIT.Scenario.RequestFailureHandlerTests, Microsoft.ApplicationServer.Http.CIT.Scenario, Version=0.0.0.0, Culture=neutral, PublicKeyToken=null" name="RequestFailureHandlerTest15" />
    </UnitTest>
    <UnitTest name="CloseChannelTestA6" storage="f:\advisorsrepo\wcfhttp\http\test\microsoft.applicationserver.http\scenario\bin\debug\microsoft.applicationserver.http.cit.scenario.dll" id="a30cf6f3-36f1-4880-3883-e34824969c70">
      <Execution timeOut="30000" id="8b9c0269-2a14-497d-aff4-28987def8600" />
      <Owners>
        <Owner name="derik" />
      </Owners>
      <TestCategory>
        <TestCategoryItem TestCategory="ADP_Basics" />
        <TestCategoryItem TestCategory="CIT" />
      </TestCategory>
      <TestMethod codeBase="F:/advisorsrepo/wcfhttp/Http/Test/Microsoft.ApplicationServer.Http/Scenario/bin/Debug/Microsoft.ApplicationServer.Http.CIT.Scenario.DLL" adapterTypeName="Microsoft.VisualStudio.TestTools.TestTypes.Unit.UnitTestAdapter, Microsoft.VisualStudio.QualityTools.Tips.UnitTest.Adapter, Version=10.0.0.0, Culture=neutral, PublicKeyToken=b03f5f7f11d50a3a" className="Microsoft.ApplicationServer.Http.CIT.Scenario.CloseChannelTests, Microsoft.ApplicationServer.Http.CIT.Scenario, Version=0.0.0.0, Culture=neutral, PublicKeyToken=null" name="CloseChannelTestA6" />
    </UnitTest>
    <UnitTest name="AbortChannelTest6" storage="f:\advisorsrepo\wcfhttp\http\test\microsoft.applicationserver.http\scenario\bin\debug\microsoft.applicationserver.http.cit.scenario.dll" id="5b47ffab-f5d9-20dd-abf6-7f4256bbbe4f">
      <Execution timeOut="30000" id="5272d67f-dfad-4dd2-bb5d-7ec6ea359c3e" />
      <Owners>
        <Owner name="derik" />
      </Owners>
      <TestCategory>
        <TestCategoryItem TestCategory="ADP_Basics" />
        <TestCategoryItem TestCategory="CIT" />
      </TestCategory>
      <TestMethod codeBase="F:/advisorsrepo/wcfhttp/Http/Test/Microsoft.ApplicationServer.Http/Scenario/bin/Debug/Microsoft.ApplicationServer.Http.CIT.Scenario.DLL" adapterTypeName="Microsoft.VisualStudio.TestTools.TestTypes.Unit.UnitTestAdapter, Microsoft.VisualStudio.QualityTools.Tips.UnitTest.Adapter, Version=10.0.0.0, Culture=neutral, PublicKeyToken=b03f5f7f11d50a3a" className="Microsoft.ApplicationServer.Http.CIT.Scenario.AbortChannelTests, Microsoft.ApplicationServer.Http.CIT.Scenario, Version=0.0.0.0, Culture=neutral, PublicKeyToken=null" name="AbortChannelTest6" />
    </UnitTest>
    <UnitTest name="NoDataServiceTest7" storage="f:\advisorsrepo\wcfhttp\http\test\microsoft.applicationserver.http\scenario\bin\debug\microsoft.applicationserver.http.cit.scenario.dll" id="667307ee-3be9-65a6-f003-5abd6e590898">
      <Execution timeOut="30000" id="ed5bd48c-71ab-4464-8621-ee666eb70120" />
      <Owners>
        <Owner name="derik" />
      </Owners>
      <TestCategory>
        <TestCategoryItem TestCategory="CIT" />
        <TestCategoryItem TestCategory="ADP_Basics" />
      </TestCategory>
      <TestMethod codeBase="F:/advisorsrepo/wcfhttp/Http/Test/Microsoft.ApplicationServer.Http/Scenario/bin/Debug/Microsoft.ApplicationServer.Http.CIT.Scenario.DLL" adapterTypeName="Microsoft.VisualStudio.TestTools.TestTypes.Unit.UnitTestAdapter, Microsoft.VisualStudio.QualityTools.Tips.UnitTest.Adapter, Version=10.0.0.0, Culture=neutral, PublicKeyToken=b03f5f7f11d50a3a" className="Microsoft.ApplicationServer.Http.CIT.Scenario.NoDataServiceTests, Microsoft.ApplicationServer.Http.CIT.Scenario, Version=0.0.0.0, Culture=neutral, PublicKeyToken=null" name="NoDataServiceTest7" />
    </UnitTest>
    <UnitTest name="NestedHandlerTest4" storage="f:\advisorsrepo\wcfhttp\http\test\microsoft.applicationserver.http\scenario\bin\debug\microsoft.applicationserver.http.cit.scenario.dll" id="8d60b970-2091-93a3-8f76-fcc917760dd6">
      <Execution timeOut="30000" id="1d6d3927-d1ae-4494-b7a5-11f0e3dcc52d" />
      <Owners>
        <Owner name="derik" />
      </Owners>
      <TestCategory>
        <TestCategoryItem TestCategory="CIT" />
      </TestCategory>
      <TestMethod codeBase="F:/advisorsrepo/wcfhttp/Http/Test/Microsoft.ApplicationServer.Http/Scenario/bin/Debug/Microsoft.ApplicationServer.Http.CIT.Scenario.DLL" adapterTypeName="Microsoft.VisualStudio.TestTools.TestTypes.Unit.UnitTestAdapter, Microsoft.VisualStudio.QualityTools.Tips.UnitTest.Adapter, Version=10.0.0.0, Culture=neutral, PublicKeyToken=b03f5f7f11d50a3a" className="Microsoft.ApplicationServer.Http.CIT.Scenario.NestedHandlerTests, Microsoft.ApplicationServer.Http.CIT.Scenario, Version=0.0.0.0, Culture=neutral, PublicKeyToken=null" name="NestedHandlerTest4" />
    </UnitTest>
    <UnitTest name="BasicHandlerTest2" storage="f:\advisorsrepo\wcfhttp\http\test\microsoft.applicationserver.http\scenario\bin\debug\microsoft.applicationserver.http.cit.scenario.dll" id="00974b13-23b1-2bed-9cc8-323ff5051909">
      <Execution timeOut="30000" id="6ab9b8fc-cac5-45a0-b3aa-6f5c90e71776" />
      <Owners>
        <Owner name="derik" />
      </Owners>
      <TestCategory>
        <TestCategoryItem TestCategory="ADP_Basics" />
        <TestCategoryItem TestCategory="CIT" />
      </TestCategory>
      <TestMethod codeBase="F:/advisorsrepo/wcfhttp/Http/Test/Microsoft.ApplicationServer.Http/Scenario/bin/Debug/Microsoft.ApplicationServer.Http.CIT.Scenario.DLL" adapterTypeName="Microsoft.VisualStudio.TestTools.TestTypes.Unit.UnitTestAdapter, Microsoft.VisualStudio.QualityTools.Tips.UnitTest.Adapter, Version=10.0.0.0, Culture=neutral, PublicKeyToken=b03f5f7f11d50a3a" className="Microsoft.ApplicationServer.Http.CIT.Scenario.BasicHandlerTests, Microsoft.ApplicationServer.Http.CIT.Scenario, Version=0.0.0.0, Culture=neutral, PublicKeyToken=null" name="BasicHandlerTest2" />
    </UnitTest>
    <UnitTest name="CloseChannelTestA1" storage="f:\advisorsrepo\wcfhttp\http\test\microsoft.applicationserver.http\scenario\bin\debug\microsoft.applicationserver.http.cit.scenario.dll" id="6017a30c-7173-e03b-4409-2c509b51f006">
      <Execution timeOut="30000" id="c9ba9ae4-40ed-4b4f-81e7-5ecde7b493e2" />
      <Owners>
        <Owner name="derik" />
      </Owners>
      <TestCategory>
        <TestCategoryItem TestCategory="CIT" />
      </TestCategory>
      <TestMethod codeBase="F:/advisorsrepo/wcfhttp/Http/Test/Microsoft.ApplicationServer.Http/Scenario/bin/Debug/Microsoft.ApplicationServer.Http.CIT.Scenario.DLL" adapterTypeName="Microsoft.VisualStudio.TestTools.TestTypes.Unit.UnitTestAdapter, Microsoft.VisualStudio.QualityTools.Tips.UnitTest.Adapter, Version=10.0.0.0, Culture=neutral, PublicKeyToken=b03f5f7f11d50a3a" className="Microsoft.ApplicationServer.Http.CIT.Scenario.CloseChannelTests, Microsoft.ApplicationServer.Http.CIT.Scenario, Version=0.0.0.0, Culture=neutral, PublicKeyToken=null" name="CloseChannelTestA1" />
    </UnitTest>
    <UnitTest name="ResponseFailureHandlerTest2" storage="f:\advisorsrepo\wcfhttp\http\test\microsoft.applicationserver.http\scenario\bin\debug\microsoft.applicationserver.http.cit.scenario.dll" id="a6bb3691-d36a-8665-b99c-c448be712b68">
      <Execution timeOut="30000" id="61ca9e50-5440-4b0e-90f8-7242fac79f06" />
      <Owners>
        <Owner name="derik" />
      </Owners>
      <TestCategory>
        <TestCategoryItem TestCategory="CIT" />
        <TestCategoryItem TestCategory="ADP_Basics" />
      </TestCategory>
      <TestMethod codeBase="F:/advisorsrepo/wcfhttp/Http/Test/Microsoft.ApplicationServer.Http/Scenario/bin/Debug/Microsoft.ApplicationServer.Http.CIT.Scenario.DLL" adapterTypeName="Microsoft.VisualStudio.TestTools.TestTypes.Unit.UnitTestAdapter, Microsoft.VisualStudio.QualityTools.Tips.UnitTest.Adapter, Version=10.0.0.0, Culture=neutral, PublicKeyToken=b03f5f7f11d50a3a" className="Microsoft.ApplicationServer.Http.CIT.Scenario.ResponseFailureHandlerTests, Microsoft.ApplicationServer.Http.CIT.Scenario, Version=0.0.0.0, Culture=neutral, PublicKeyToken=null" name="ResponseFailureHandlerTest2" />
    </UnitTest>
    <UnitTest name="ResponseFailureHandlerTest1" storage="f:\advisorsrepo\wcfhttp\http\test\microsoft.applicationserver.http\scenario\bin\debug\microsoft.applicationserver.http.cit.scenario.dll" id="1459ec45-198c-fbc8-8bcd-7425f0cb2224">
      <Execution timeOut="30000" id="f9cb0cd4-9bba-4cb0-af15-66f8365e7ba9" />
      <Owners>
        <Owner name="derik" />
      </Owners>
      <TestCategory>
        <TestCategoryItem TestCategory="CIT" />
      </TestCategory>
      <TestMethod codeBase="F:/advisorsrepo/wcfhttp/Http/Test/Microsoft.ApplicationServer.Http/Scenario/bin/Debug/Microsoft.ApplicationServer.Http.CIT.Scenario.DLL" adapterTypeName="Microsoft.VisualStudio.TestTools.TestTypes.Unit.UnitTestAdapter, Microsoft.VisualStudio.QualityTools.Tips.UnitTest.Adapter, Version=10.0.0.0, Culture=neutral, PublicKeyToken=b03f5f7f11d50a3a" className="Microsoft.ApplicationServer.Http.CIT.Scenario.ResponseFailureHandlerTests, Microsoft.ApplicationServer.Http.CIT.Scenario, Version=0.0.0.0, Culture=neutral, PublicKeyToken=null" name="ResponseFailureHandlerTest1" />
    </UnitTest>
    <UnitTest name="Create_New_Customer" storage="f:\advisorsrepo\wcfhttp\http\test\microsoft.applicationserver.http\scenario\bin\debug\microsoft.applicationserver.http.cit.scenario.dll" id="9a87ef54-f3c2-edf0-fb49-a94c5b95711c">
      <Description>Sends a POST request to create a new customer.</Description>
      <Execution timeOut="30000" id="002d218a-1adb-4beb-867f-8cd2a1d7fa73" />
      <Owners>
        <Owner name="derik" />
      </Owners>
      <TestCategory>
        <TestCategoryItem TestCategory="CIT" />
      </TestCategory>
      <TestMethod codeBase="F:/advisorsrepo/wcfhttp/Http/Test/Microsoft.ApplicationServer.Http/Scenario/bin/Debug/Microsoft.ApplicationServer.Http.CIT.Scenario.DLL" adapterTypeName="Microsoft.VisualStudio.TestTools.TestTypes.Unit.UnitTestAdapter, Microsoft.VisualStudio.QualityTools.Tips.UnitTest.Adapter, Version=10.0.0.0, Culture=neutral, PublicKeyToken=b03f5f7f11d50a3a" className="Microsoft.ApplicationServer.Http.CIT.Scenario.ScenarioTests, Microsoft.ApplicationServer.Http.CIT.Scenario, Version=0.0.0.0, Culture=neutral, PublicKeyToken=null" name="Create_New_Customer" />
    </UnitTest>
    <UnitTest name="AbortChannelTest5" storage="f:\advisorsrepo\wcfhttp\http\test\microsoft.applicationserver.http\scenario\bin\debug\microsoft.applicationserver.http.cit.scenario.dll" id="c8043cb1-4e9c-e176-fffc-3d03381977ac">
      <Execution timeOut="30000" id="dd344cd5-45a5-4195-b635-b36472108fb5" />
      <Owners>
        <Owner name="derik" />
      </Owners>
      <TestCategory>
        <TestCategoryItem TestCategory="CIT" />
      </TestCategory>
      <TestMethod codeBase="F:/advisorsrepo/wcfhttp/Http/Test/Microsoft.ApplicationServer.Http/Scenario/bin/Debug/Microsoft.ApplicationServer.Http.CIT.Scenario.DLL" adapterTypeName="Microsoft.VisualStudio.TestTools.TestTypes.Unit.UnitTestAdapter, Microsoft.VisualStudio.QualityTools.Tips.UnitTest.Adapter, Version=10.0.0.0, Culture=neutral, PublicKeyToken=b03f5f7f11d50a3a" className="Microsoft.ApplicationServer.Http.CIT.Scenario.AbortChannelTests, Microsoft.ApplicationServer.Http.CIT.Scenario, Version=0.0.0.0, Culture=neutral, PublicKeyToken=null" name="AbortChannelTest5" />
    </UnitTest>
    <UnitTest name="AbortRequestContextTest3" storage="f:\advisorsrepo\wcfhttp\http\test\microsoft.applicationserver.http\scenario\bin\debug\microsoft.applicationserver.http.cit.scenario.dll" id="f1d2ba88-85b3-18aa-86bb-8e3cc868dc54">
      <Execution timeOut="30000" id="63b7cfec-c1c3-4bed-8c31-d6191dcafb4a" />
      <Owners>
        <Owner name="derik" />
      </Owners>
      <TestCategory>
        <TestCategoryItem TestCategory="CIT" />
      </TestCategory>
      <TestMethod codeBase="F:/advisorsrepo/wcfhttp/Http/Test/Microsoft.ApplicationServer.Http/Scenario/bin/Debug/Microsoft.ApplicationServer.Http.CIT.Scenario.DLL" adapterTypeName="Microsoft.VisualStudio.TestTools.TestTypes.Unit.UnitTestAdapter, Microsoft.VisualStudio.QualityTools.Tips.UnitTest.Adapter, Version=10.0.0.0, Culture=neutral, PublicKeyToken=b03f5f7f11d50a3a" className="Microsoft.ApplicationServer.Http.CIT.Scenario.AbortRequestContextTests, Microsoft.ApplicationServer.Http.CIT.Scenario, Version=0.0.0.0, Culture=neutral, PublicKeyToken=null" name="AbortRequestContextTest3" />
    </UnitTest>
    <UnitTest name="BadServiceTest12" storage="f:\advisorsrepo\wcfhttp\http\test\microsoft.applicationserver.http\scenario\bin\debug\microsoft.applicationserver.http.cit.scenario.dll" id="95e7a2c2-c743-82dd-9362-864774a395dd">
      <Execution timeOut="30000" id="2db9981f-55df-430c-8ec2-7a29c39a0f55" />
      <Owners>
        <Owner name="derik" />
      </Owners>
      <TestCategory>
        <TestCategoryItem TestCategory="CIT" />
      </TestCategory>
      <TestMethod codeBase="F:/advisorsrepo/wcfhttp/Http/Test/Microsoft.ApplicationServer.Http/Scenario/bin/Debug/Microsoft.ApplicationServer.Http.CIT.Scenario.DLL" adapterTypeName="Microsoft.VisualStudio.TestTools.TestTypes.Unit.UnitTestAdapter, Microsoft.VisualStudio.QualityTools.Tips.UnitTest.Adapter, Version=10.0.0.0, Culture=neutral, PublicKeyToken=b03f5f7f11d50a3a" className="Microsoft.ApplicationServer.Http.CIT.Scenario.BadServiceTests, Microsoft.ApplicationServer.Http.CIT.Scenario, Version=0.0.0.0, Culture=neutral, PublicKeyToken=null" name="BadServiceTest12" />
    </UnitTest>
    <UnitTest name="HeaderHandlerTest2" storage="f:\advisorsrepo\wcfhttp\http\test\microsoft.applicationserver.http\scenario\bin\debug\microsoft.applicationserver.http.cit.scenario.dll" id="f1bb6284-63ad-697b-0d64-f7453f48062c">
      <Execution timeOut="30000" id="8c0cce82-1548-40c6-b525-9ceba10d4908" />
      <Owners>
        <Owner name="derik" />
      </Owners>
      <TestCategory>
        <TestCategoryItem TestCategory="ADP_Basics" />
        <TestCategoryItem TestCategory="CIT" />
      </TestCategory>
      <TestMethod codeBase="F:/advisorsrepo/wcfhttp/Http/Test/Microsoft.ApplicationServer.Http/Scenario/bin/Debug/Microsoft.ApplicationServer.Http.CIT.Scenario.DLL" adapterTypeName="Microsoft.VisualStudio.TestTools.TestTypes.Unit.UnitTestAdapter, Microsoft.VisualStudio.QualityTools.Tips.UnitTest.Adapter, Version=10.0.0.0, Culture=neutral, PublicKeyToken=b03f5f7f11d50a3a" className="Microsoft.ApplicationServer.Http.CIT.Scenario.HeaderHandlerTests, Microsoft.ApplicationServer.Http.CIT.Scenario, Version=0.0.0.0, Culture=neutral, PublicKeyToken=null" name="HeaderHandlerTest2" />
    </UnitTest>
    <UnitTest name="NotFoundServiceTest2" storage="f:\advisorsrepo\wcfhttp\http\test\microsoft.applicationserver.http\scenario\bin\debug\microsoft.applicationserver.http.cit.scenario.dll" id="1911bfa4-8280-1984-c0c5-c90a4c254595">
      <Execution timeOut="30000" id="6aca7930-0ca2-4fa5-a2da-c6795b578f82" />
      <Owners>
        <Owner name="derik" />
      </Owners>
      <TestCategory>
        <TestCategoryItem TestCategory="CIT" />
        <TestCategoryItem TestCategory="ADP_Basics" />
      </TestCategory>
      <TestMethod codeBase="F:/advisorsrepo/wcfhttp/Http/Test/Microsoft.ApplicationServer.Http/Scenario/bin/Debug/Microsoft.ApplicationServer.Http.CIT.Scenario.DLL" adapterTypeName="Microsoft.VisualStudio.TestTools.TestTypes.Unit.UnitTestAdapter, Microsoft.VisualStudio.QualityTools.Tips.UnitTest.Adapter, Version=10.0.0.0, Culture=neutral, PublicKeyToken=b03f5f7f11d50a3a" className="Microsoft.ApplicationServer.Http.CIT.Scenario.NotFoundServiceTests, Microsoft.ApplicationServer.Http.CIT.Scenario, Version=0.0.0.0, Culture=neutral, PublicKeyToken=null" name="NotFoundServiceTest2" />
    </UnitTest>
    <UnitTest name="NoDataServiceTest5" storage="f:\advisorsrepo\wcfhttp\http\test\microsoft.applicationserver.http\scenario\bin\debug\microsoft.applicationserver.http.cit.scenario.dll" id="b45f3899-fc81-1ec6-2824-4ea75862c9b0">
      <Execution timeOut="30000" id="10e44220-a39e-4642-975f-3f46e1b8d157" />
      <Owners>
        <Owner name="derik" />
      </Owners>
      <TestCategory>
        <TestCategoryItem TestCategory="CIT" />
        <TestCategoryItem TestCategory="ADP_Basics" />
      </TestCategory>
      <TestMethod codeBase="F:/advisorsrepo/wcfhttp/Http/Test/Microsoft.ApplicationServer.Http/Scenario/bin/Debug/Microsoft.ApplicationServer.Http.CIT.Scenario.DLL" adapterTypeName="Microsoft.VisualStudio.TestTools.TestTypes.Unit.UnitTestAdapter, Microsoft.VisualStudio.QualityTools.Tips.UnitTest.Adapter, Version=10.0.0.0, Culture=neutral, PublicKeyToken=b03f5f7f11d50a3a" className="Microsoft.ApplicationServer.Http.CIT.Scenario.NoDataServiceTests, Microsoft.ApplicationServer.Http.CIT.Scenario, Version=0.0.0.0, Culture=neutral, PublicKeyToken=null" name="NoDataServiceTest5" />
    </UnitTest>
    <UnitTest name="BadHandlerConstructorServiceTest4" storage="f:\advisorsrepo\wcfhttp\http\test\microsoft.applicationserver.http\scenario\bin\debug\microsoft.applicationserver.http.cit.scenario.dll" id="1859c005-c41d-189c-621c-78c4720795cd">
      <Execution timeOut="30000" id="ca31cc6a-ea60-4323-bace-6f19061930af" />
      <Owners>
        <Owner name="derik" />
      </Owners>
      <TestCategory>
        <TestCategoryItem TestCategory="CIT" />
      </TestCategory>
      <TestMethod codeBase="F:/advisorsrepo/wcfhttp/Http/Test/Microsoft.ApplicationServer.Http/Scenario/bin/Debug/Microsoft.ApplicationServer.Http.CIT.Scenario.DLL" adapterTypeName="Microsoft.VisualStudio.TestTools.TestTypes.Unit.UnitTestAdapter, Microsoft.VisualStudio.QualityTools.Tips.UnitTest.Adapter, Version=10.0.0.0, Culture=neutral, PublicKeyToken=b03f5f7f11d50a3a" className="Microsoft.ApplicationServer.Http.CIT.Scenario.BadHandlerConstructorServiceTests, Microsoft.ApplicationServer.Http.CIT.Scenario, Version=0.0.0.0, Culture=neutral, PublicKeyToken=null" name="BadHandlerConstructorServiceTest4" />
    </UnitTest>
    <UnitTest name="BasicHandlerTest1" storage="f:\advisorsrepo\wcfhttp\http\test\microsoft.applicationserver.http\scenario\bin\debug\microsoft.applicationserver.http.cit.scenario.dll" id="a506f3b0-a995-c104-a48f-83489b9a9936">
      <Execution timeOut="30000" id="414d98b5-a79f-491b-a6e3-6d10a2ee5837" />
      <Owners>
        <Owner name="derik" />
      </Owners>
      <TestCategory>
        <TestCategoryItem TestCategory="CIT" />
      </TestCategory>
      <TestMethod codeBase="F:/advisorsrepo/wcfhttp/Http/Test/Microsoft.ApplicationServer.Http/Scenario/bin/Debug/Microsoft.ApplicationServer.Http.CIT.Scenario.DLL" adapterTypeName="Microsoft.VisualStudio.TestTools.TestTypes.Unit.UnitTestAdapter, Microsoft.VisualStudio.QualityTools.Tips.UnitTest.Adapter, Version=10.0.0.0, Culture=neutral, PublicKeyToken=b03f5f7f11d50a3a" className="Microsoft.ApplicationServer.Http.CIT.Scenario.BasicHandlerTests, Microsoft.ApplicationServer.Http.CIT.Scenario, Version=0.0.0.0, Culture=neutral, PublicKeyToken=null" name="BasicHandlerTest1" />
    </UnitTest>
    <UnitTest name="AbortChannelTest3" storage="f:\advisorsrepo\wcfhttp\http\test\microsoft.applicationserver.http\scenario\bin\debug\microsoft.applicationserver.http.cit.scenario.dll" id="7c7a73a2-3fe4-089d-8604-7fdd5c5cc6d3">
      <Execution timeOut="30000" id="99178bf1-acf4-4dae-9d72-a2b36e28602c" />
      <Owners>
        <Owner name="derik" />
      </Owners>
      <TestCategory>
        <TestCategoryItem TestCategory="CIT" />
      </TestCategory>
      <TestMethod codeBase="F:/advisorsrepo/wcfhttp/Http/Test/Microsoft.ApplicationServer.Http/Scenario/bin/Debug/Microsoft.ApplicationServer.Http.CIT.Scenario.DLL" adapterTypeName="Microsoft.VisualStudio.TestTools.TestTypes.Unit.UnitTestAdapter, Microsoft.VisualStudio.QualityTools.Tips.UnitTest.Adapter, Version=10.0.0.0, Culture=neutral, PublicKeyToken=b03f5f7f11d50a3a" className="Microsoft.ApplicationServer.Http.CIT.Scenario.AbortChannelTests, Microsoft.ApplicationServer.Http.CIT.Scenario, Version=0.0.0.0, Culture=neutral, PublicKeyToken=null" name="AbortChannelTest3" />
    </UnitTest>
    <UnitTest name="BadServiceTest8" storage="f:\advisorsrepo\wcfhttp\http\test\microsoft.applicationserver.http\scenario\bin\debug\microsoft.applicationserver.http.cit.scenario.dll" id="fc7c1490-991d-be47-233a-82781eb03d45">
      <Execution timeOut="30000" id="10db0e32-1bc7-424d-8817-fa3fe3784756" />
      <Owners>
        <Owner name="derik" />
      </Owners>
      <TestCategory>
        <TestCategoryItem TestCategory="CIT" />
      </TestCategory>
      <TestMethod codeBase="F:/advisorsrepo/wcfhttp/Http/Test/Microsoft.ApplicationServer.Http/Scenario/bin/Debug/Microsoft.ApplicationServer.Http.CIT.Scenario.DLL" adapterTypeName="Microsoft.VisualStudio.TestTools.TestTypes.Unit.UnitTestAdapter, Microsoft.VisualStudio.QualityTools.Tips.UnitTest.Adapter, Version=10.0.0.0, Culture=neutral, PublicKeyToken=b03f5f7f11d50a3a" className="Microsoft.ApplicationServer.Http.CIT.Scenario.BadServiceTests, Microsoft.ApplicationServer.Http.CIT.Scenario, Version=0.0.0.0, Culture=neutral, PublicKeyToken=null" name="BadServiceTest8" />
    </UnitTest>
  </TestDefinitions>
  <TestLists>
    <TestList name="Results Not in a List" id="8c84fa94-04c1-424b-9868-57a2d4851a1d" />
    <TestList name="All Loaded Results" id="19431567-8539-422a-85d7-44ee4e166bda" />
  </TestLists>
  <TestEntries>
    <TestEntry testId="8289cb24-cbe0-0b26-8150-6092cb69a7e8" executionId="b5fb7dc2-88e2-46b1-b69e-0cea73e8de76" testListId="8c84fa94-04c1-424b-9868-57a2d4851a1d" />
    <TestEntry testId="d9c6cd25-a3c1-c09b-9022-041a1b07579b" executionId="4874a9ad-2a97-4af9-a13c-9221206d2ef6" testListId="8c84fa94-04c1-424b-9868-57a2d4851a1d" />
    <TestEntry testId="7c7a73a2-3fe4-089d-8604-7fdd5c5cc6d3" executionId="99178bf1-acf4-4dae-9d72-a2b36e28602c" testListId="8c84fa94-04c1-424b-9868-57a2d4851a1d" />
    <TestEntry testId="a24d7bb5-489c-7057-5841-d6c31f4db6c5" executionId="8d76714d-ce15-4b4c-a791-27abda6622c6" testListId="8c84fa94-04c1-424b-9868-57a2d4851a1d" />
    <TestEntry testId="c8043cb1-4e9c-e176-fffc-3d03381977ac" executionId="dd344cd5-45a5-4195-b635-b36472108fb5" testListId="8c84fa94-04c1-424b-9868-57a2d4851a1d" />
    <TestEntry testId="5b47ffab-f5d9-20dd-abf6-7f4256bbbe4f" executionId="5272d67f-dfad-4dd2-bb5d-7ec6ea359c3e" testListId="8c84fa94-04c1-424b-9868-57a2d4851a1d" />
    <TestEntry testId="fe1443bc-41f1-bffc-16d8-c6713bf45d22" executionId="403ac36c-8c29-457e-a00b-cc86e28944c0" testListId="8c84fa94-04c1-424b-9868-57a2d4851a1d" />
    <TestEntry testId="a847277e-48e3-197b-7651-c31f12c06f3b" executionId="d3c071ef-f0bf-408c-9a22-318cefa60bfc" testListId="8c84fa94-04c1-424b-9868-57a2d4851a1d" />
    <TestEntry testId="e23d5b10-35d3-69e6-a7f9-be89f87a9c34" executionId="8426f577-687f-4e06-a51b-e69feeb11fc8" testListId="8c84fa94-04c1-424b-9868-57a2d4851a1d" />
    <TestEntry testId="4e5b1681-b8d8-0264-58a3-ab96cc5137a6" executionId="7b8adb15-9f71-441f-a289-0799379be1f2" testListId="8c84fa94-04c1-424b-9868-57a2d4851a1d" />
    <TestEntry testId="f1d2ba88-85b3-18aa-86bb-8e3cc868dc54" executionId="63b7cfec-c1c3-4bed-8c31-d6191dcafb4a" testListId="8c84fa94-04c1-424b-9868-57a2d4851a1d" />
    <TestEntry testId="af1ce901-d44e-2887-e9ec-2dfe03e04bcc" executionId="233aab14-ec1f-444a-ab5b-17f3f4e5e03d" testListId="8c84fa94-04c1-424b-9868-57a2d4851a1d" />
    <TestEntry testId="e2b2f821-232e-beed-a60d-1fa617de5c1f" executionId="1ea7f467-b690-400c-b5cc-cdbd38342e03" testListId="8c84fa94-04c1-424b-9868-57a2d4851a1d" />
    <TestEntry testId="c58492ef-d56f-4c7b-29df-525bf22a6400" executionId="45122bbc-0634-429a-93a9-e5bd68f6f334" testListId="8c84fa94-04c1-424b-9868-57a2d4851a1d" />
    <TestEntry testId="31db0cb8-1198-de4e-7e62-22ba1b397526" executionId="d325d521-ac91-4c56-8472-753a04ba7a02" testListId="8c84fa94-04c1-424b-9868-57a2d4851a1d" />
    <TestEntry testId="54b59e06-7ad2-1878-d4b4-5a32aae0ef99" executionId="6a3422f3-fede-4315-aade-c2a9c28d5e66" testListId="8c84fa94-04c1-424b-9868-57a2d4851a1d" />
    <TestEntry testId="db5c637f-a9f2-b9f1-652e-0af803c85eac" executionId="d90474af-0768-434b-ac21-f2d3cfa1c07e" testListId="8c84fa94-04c1-424b-9868-57a2d4851a1d" />
    <TestEntry testId="613b595e-ec49-31b4-c0b2-da6962e466a7" executionId="cd4509fd-ed55-46a2-8a44-9e0153704ffe" testListId="8c84fa94-04c1-424b-9868-57a2d4851a1d" />
    <TestEntry testId="53208d44-7ebf-8f61-ff34-6e86b16f849b" executionId="5ed5f4a7-3e70-41a5-8d4d-963459f0b8b5" testListId="8c84fa94-04c1-424b-9868-57a2d4851a1d" />
    <TestEntry testId="ee76e7fa-a7ff-9a03-4f27-68597f9cafe6" executionId="570354c5-0772-4e7a-8ee4-33b23a8a7093" testListId="8c84fa94-04c1-424b-9868-57a2d4851a1d" />
    <TestEntry testId="ec033bcb-2956-4203-3c06-b674c9efc993" executionId="f00bdc3a-b5c9-4fa3-9893-702c3cd06a00" testListId="8c84fa94-04c1-424b-9868-57a2d4851a1d" />
    <TestEntry testId="0c0289b4-0c54-a912-0e0c-5ba53330197b" executionId="d1ed67c7-25a7-413c-8513-490d05c9ffbd" testListId="8c84fa94-04c1-424b-9868-57a2d4851a1d" />
    <TestEntry testId="8cd6064a-e3e3-1790-d3d6-4ac48741e88a" executionId="dd2d7f4e-51f4-4173-bc84-f00d41f95c71" testListId="8c84fa94-04c1-424b-9868-57a2d4851a1d" />
    <TestEntry testId="54c216e1-4772-2649-8a5c-d7db7822e713" executionId="0e7786ae-84a1-4283-8756-1dd88fa9dc68" testListId="8c84fa94-04c1-424b-9868-57a2d4851a1d" />
    <TestEntry testId="a860909e-3f13-6741-df72-e637d9a7f7a6" executionId="07adc541-d95b-4a0b-8c6e-f6a9c1487b4b" testListId="8c84fa94-04c1-424b-9868-57a2d4851a1d" />
    <TestEntry testId="eed9de61-fb8d-a6c7-a742-b900caff63b0" executionId="e6cdb46d-d8f9-45d3-9867-109b7f9ab86b" testListId="8c84fa94-04c1-424b-9868-57a2d4851a1d" />
    <TestEntry testId="2ec396c7-c6f2-5101-0282-8ae48619ff76" executionId="e9333b0c-60e2-4771-bbfc-a49f5ccd8ef0" testListId="8c84fa94-04c1-424b-9868-57a2d4851a1d" />
    <TestEntry testId="1859c005-c41d-189c-621c-78c4720795cd" executionId="ca31cc6a-ea60-4323-bace-6f19061930af" testListId="8c84fa94-04c1-424b-9868-57a2d4851a1d" />
    <TestEntry testId="6dac41d0-496c-1b5f-9088-2355223a6f55" executionId="3b2d9b28-ff41-429f-8fdb-d70c19e3fa7a" testListId="8c84fa94-04c1-424b-9868-57a2d4851a1d" />
    <TestEntry testId="6d4bf016-2488-e0ab-1ee7-7635e95c916c" executionId="efd2a796-06c0-4a06-b1fe-6dd488f784bb" testListId="8c84fa94-04c1-424b-9868-57a2d4851a1d" />
    <TestEntry testId="cad5d31b-1f99-a197-0fbc-d204907c9be4" executionId="d5a4db01-6565-4973-8c12-01b57aa28126" testListId="8c84fa94-04c1-424b-9868-57a2d4851a1d" />
    <TestEntry testId="dd85f7a0-7f0e-3d5d-1a5b-192cf8b4325f" executionId="a5ad6ac8-0759-454b-9e3d-92a31c354e0a" testListId="8c84fa94-04c1-424b-9868-57a2d4851a1d" />
    <TestEntry testId="a65bcb6e-9094-121d-4876-44f925bde4b2" executionId="c9aedda1-f717-45a9-8a1f-c639b021dc53" testListId="8c84fa94-04c1-424b-9868-57a2d4851a1d" />
    <TestEntry testId="dd35fdff-f919-a619-e9c7-09cd7aeac050" executionId="0996fad8-e97f-471f-9756-320e28835484" testListId="8c84fa94-04c1-424b-9868-57a2d4851a1d" />
    <TestEntry testId="1ee922a7-65b9-2fdc-adf3-6d227b904657" executionId="4c7b7965-9658-4db2-9b0a-a5065bdeef11" testListId="8c84fa94-04c1-424b-9868-57a2d4851a1d" />
    <TestEntry testId="95e7a2c2-c743-82dd-9362-864774a395dd" executionId="2db9981f-55df-430c-8ec2-7a29c39a0f55" testListId="8c84fa94-04c1-424b-9868-57a2d4851a1d" />
    <TestEntry testId="23325456-f439-8f34-e798-e7791270d6ba" executionId="e97f4a07-9d53-492c-bb1f-eae43637fa4c" testListId="8c84fa94-04c1-424b-9868-57a2d4851a1d" />
    <TestEntry testId="d9b13593-d6b0-a191-75dd-51431b951ae2" executionId="e96da4e1-aa20-4cd5-a6dd-7c2e838451b0" testListId="8c84fa94-04c1-424b-9868-57a2d4851a1d" />
    <TestEntry testId="c7f26818-6ec1-38c9-074d-958b970a4468" executionId="b5e47436-0df3-4300-a276-f223220e5f61" testListId="8c84fa94-04c1-424b-9868-57a2d4851a1d" />
    <TestEntry testId="89d498b9-1f29-0f06-ef8c-50ec106d28db" executionId="056ca9cf-a849-4536-96a8-acd6ff65b580" testListId="8c84fa94-04c1-424b-9868-57a2d4851a1d" />
    <TestEntry testId="e16a7714-c8b4-560a-1dbf-b6a2bb03c6e0" executionId="e9816336-4286-4606-9f06-b1ccdb963d8c" testListId="8c84fa94-04c1-424b-9868-57a2d4851a1d" />
    <TestEntry testId="8e786cfe-2b22-d37a-825c-b0a893bc1c09" executionId="5109e6f4-0d92-4eef-90fb-598a6dd5b206" testListId="8c84fa94-04c1-424b-9868-57a2d4851a1d" />
    <TestEntry testId="5069fb9b-b7f9-ec22-1d16-8b01ef12321c" executionId="8b020488-a8a1-4385-9c39-5daafe1b262e" testListId="8c84fa94-04c1-424b-9868-57a2d4851a1d" />
    <TestEntry testId="b2428557-711e-4938-fab9-28f9de600e5c" executionId="587150d8-962d-4b3d-86ef-3be870610f6d" testListId="8c84fa94-04c1-424b-9868-57a2d4851a1d" />
    <TestEntry testId="54f876a2-f3b7-af17-f273-6222fe96e7b3" executionId="4a7ca58a-a90d-468a-a353-a09fda2a49a7" testListId="8c84fa94-04c1-424b-9868-57a2d4851a1d" />
    <TestEntry testId="13872f40-d205-120c-e3f2-0ffb4de75902" executionId="53e3f650-5bc2-4518-a883-b04596616628" testListId="8c84fa94-04c1-424b-9868-57a2d4851a1d" />
    <TestEntry testId="fc7c1490-991d-be47-233a-82781eb03d45" executionId="10db0e32-1bc7-424d-8817-fa3fe3784756" testListId="8c84fa94-04c1-424b-9868-57a2d4851a1d" />
    <TestEntry testId="80e20a42-50ed-becb-f978-694cbe01575d" executionId="234443c1-60e4-4c03-92e2-a88f86f3df21" testListId="8c84fa94-04c1-424b-9868-57a2d4851a1d" />
    <TestEntry testId="d07e7a70-d12d-b415-1757-8eec6510fbde" executionId="deeef74d-4911-4aea-a76d-e01a4f71dd7a" testListId="8c84fa94-04c1-424b-9868-57a2d4851a1d" />
    <TestEntry testId="9e0d1c1a-2ef6-3c5e-7046-933f5e56231e" executionId="b01c17ce-5316-491c-97a1-e4ad68aee11e" testListId="8c84fa94-04c1-424b-9868-57a2d4851a1d" />
    <TestEntry testId="5d10f5d5-4ebc-9a58-51dd-f5657b710a11" executionId="62704728-4bde-4142-83bb-7ebc3d55b662" testListId="8c84fa94-04c1-424b-9868-57a2d4851a1d" />
    <TestEntry testId="1e1c294a-71a3-3646-0a37-cb8736eb4aaa" executionId="0c9faaa3-30ea-4147-90df-1a80204dc308" testListId="8c84fa94-04c1-424b-9868-57a2d4851a1d" />
    <TestEntry testId="a506f3b0-a995-c104-a48f-83489b9a9936" executionId="414d98b5-a79f-491b-a6e3-6d10a2ee5837" testListId="8c84fa94-04c1-424b-9868-57a2d4851a1d" />
    <TestEntry testId="00974b13-23b1-2bed-9cc8-323ff5051909" executionId="6ab9b8fc-cac5-45a0-b3aa-6f5c90e71776" testListId="8c84fa94-04c1-424b-9868-57a2d4851a1d" />
    <TestEntry testId="76494668-3e2e-cc4d-cfbe-61eb885a3477" executionId="b47763b7-49ec-436f-9c4a-321b85110369" testListId="8c84fa94-04c1-424b-9868-57a2d4851a1d" />
    <TestEntry testId="728aa50a-12d3-dd84-1eca-920579aec9cf" executionId="cfdcc309-1b2b-4608-9042-7d7fee8b15a0" testListId="8c84fa94-04c1-424b-9868-57a2d4851a1d" />
    <TestEntry testId="6017a30c-7173-e03b-4409-2c509b51f006" executionId="c9ba9ae4-40ed-4b4f-81e7-5ecde7b493e2" testListId="8c84fa94-04c1-424b-9868-57a2d4851a1d" />
    <TestEntry testId="51427f18-dbbe-6335-d57e-bceedb6cc7f2" executionId="ced38fee-0f82-43c0-98dc-ca443e36d9d9" testListId="8c84fa94-04c1-424b-9868-57a2d4851a1d" />
    <TestEntry testId="40a359c7-cee4-f44d-5939-2e397482725e" executionId="a6091747-425a-4ce7-86bf-f40d5d6746bd" testListId="8c84fa94-04c1-424b-9868-57a2d4851a1d" />
    <TestEntry testId="e27bd274-38da-fc6b-41ae-e563e815e834" executionId="97b3f6b0-2da6-4322-91d1-907de417c469" testListId="8c84fa94-04c1-424b-9868-57a2d4851a1d" />
    <TestEntry testId="968fa18a-1396-3b38-113b-54a9cdfa6d21" executionId="f889f4aa-d23c-4343-8f2f-868e803d555b" testListId="8c84fa94-04c1-424b-9868-57a2d4851a1d" />
    <TestEntry testId="a30cf6f3-36f1-4880-3883-e34824969c70" executionId="8b9c0269-2a14-497d-aff4-28987def8600" testListId="8c84fa94-04c1-424b-9868-57a2d4851a1d" />
    <TestEntry testId="b33ec5ba-100f-41ef-fa59-01ad28252c50" executionId="21b7d661-1867-492a-ad1b-fdac31ce001c" testListId="8c84fa94-04c1-424b-9868-57a2d4851a1d" />
    <TestEntry testId="b49b33eb-d370-4ad0-7b64-cc3658d5b07e" executionId="4effce0b-4c39-41b6-a86f-9b3152263b3b" testListId="8c84fa94-04c1-424b-9868-57a2d4851a1d" />
    <TestEntry testId="d7c1ca46-a924-daf6-2705-4c58c6de0ea7" executionId="725fa03c-9865-4f52-94a5-e5f402f61770" testListId="8c84fa94-04c1-424b-9868-57a2d4851a1d" />
    <TestEntry testId="0122dd7c-0391-5e8c-973b-48ccaa14a19f" executionId="d9077e9d-0843-4a2d-b835-94b7e277563a" testListId="8c84fa94-04c1-424b-9868-57a2d4851a1d" />
    <TestEntry testId="7a909e8f-99fb-fd5c-e4a3-54e1556a0abd" executionId="ff8d1792-c142-439f-adbf-672982d1fe35" testListId="8c84fa94-04c1-424b-9868-57a2d4851a1d" />
    <TestEntry testId="a50fe969-a2c5-91c2-a490-3b1eb7082e30" executionId="6c6f5ee6-6021-46b6-9a9f-54e7c4d330f7" testListId="8c84fa94-04c1-424b-9868-57a2d4851a1d" />
    <TestEntry testId="e522e006-cf7d-fcdf-6d06-3c2566f71474" executionId="184c8295-e32c-4da1-b2af-da04c6303149" testListId="8c84fa94-04c1-424b-9868-57a2d4851a1d" />
    <TestEntry testId="134b69af-db08-c333-6962-d001ab7492a7" executionId="5d8f04d2-088a-42d6-a868-aa5cb542b6e2" testListId="8c84fa94-04c1-424b-9868-57a2d4851a1d" />
    <TestEntry testId="2361eac4-2161-83e0-d057-d9e8a2cd7b49" executionId="1a67882b-f1b7-432c-b0b0-ab759e419aa0" testListId="8c84fa94-04c1-424b-9868-57a2d4851a1d" />
    <TestEntry testId="47d545f5-b7ca-cd09-9597-ae3302bfea47" executionId="0ff71799-f5ca-4a10-9518-0c8814d3df24" testListId="8c84fa94-04c1-424b-9868-57a2d4851a1d" />
    <TestEntry testId="8d276502-50cf-4b37-8985-c093fef9c816" executionId="a0b43ebd-2a8e-4ef8-af04-903d9565a618" testListId="8c84fa94-04c1-424b-9868-57a2d4851a1d" />
    <TestEntry testId="be343ec3-9522-070d-7059-0a1dbd7ff0a4" executionId="32e2545f-d1b7-4169-85a5-1411b84f1b4d" testListId="8c84fa94-04c1-424b-9868-57a2d4851a1d" />
    <TestEntry testId="f6cde357-e1d4-53a8-e3fe-b3cc8d27f208" executionId="ccb2ed8c-1260-4d91-9ba6-5e9ea2292f77" testListId="8c84fa94-04c1-424b-9868-57a2d4851a1d" />
    <TestEntry testId="2d2259de-e308-659d-de99-6be3f1b5a5b1" executionId="1d62ee9c-3917-4c2e-b69e-ab0bc0ed5f03" testListId="8c84fa94-04c1-424b-9868-57a2d4851a1d" />
    <TestEntry testId="e66ac091-c9fb-b667-81c5-57b92869fcf7" executionId="35564cbe-a895-497b-9f4d-0c6c5ae8f1af" testListId="8c84fa94-04c1-424b-9868-57a2d4851a1d" />
    <TestEntry testId="207c0220-6db0-72b3-aa3e-c427e58288b2" executionId="e3183758-d75f-467d-9e73-c542ba609f67" testListId="8c84fa94-04c1-424b-9868-57a2d4851a1d" />
    <TestEntry testId="6eb79656-ec26-6daf-ae10-a85d05c13881" executionId="7cd17edb-3394-4689-a3d6-d8c426ad6311" testListId="8c84fa94-04c1-424b-9868-57a2d4851a1d" />
    <TestEntry testId="1b8c4fa3-0cd5-af7b-e3bc-0ea95a970937" executionId="036009b3-f021-4651-b6d0-23d82959ed77" testListId="8c84fa94-04c1-424b-9868-57a2d4851a1d" />
    <TestEntry testId="56f4ffe3-a3c9-b025-e78f-6ef339bba29b" executionId="95cb4180-3057-4933-8f59-b5845a98cd29" testListId="8c84fa94-04c1-424b-9868-57a2d4851a1d" />
    <TestEntry testId="81392819-ab4a-6d43-f4f9-66d77a325c4c" executionId="6cda593c-da4f-4ed8-8339-ec5de6ca6456" testListId="8c84fa94-04c1-424b-9868-57a2d4851a1d" />
    <TestEntry testId="1ea82097-5e7a-0044-b688-4f5c8b6b137c" executionId="68272e41-9e47-4a02-9682-b30b6c174e4a" testListId="8c84fa94-04c1-424b-9868-57a2d4851a1d" />
    <TestEntry testId="a4f94445-9002-6507-3dbc-f8a455aa8fbb" executionId="26809af6-6b4c-4631-862d-9c6a56603ee4" testListId="8c84fa94-04c1-424b-9868-57a2d4851a1d" />
    <TestEntry testId="a90a1c66-082c-6abf-3889-c5b405b617e6" executionId="322ac6d1-c270-48d3-9d1b-1c73cdd274dd" testListId="8c84fa94-04c1-424b-9868-57a2d4851a1d" />
    <TestEntry testId="f1bb6284-63ad-697b-0d64-f7453f48062c" executionId="8c0cce82-1548-40c6-b525-9ceba10d4908" testListId="8c84fa94-04c1-424b-9868-57a2d4851a1d" />
    <TestEntry testId="a5d947ab-b8dd-3c43-0381-5cfeb96b4701" executionId="1d9e7c7a-e0ca-4583-9e56-4c491c45f72b" testListId="8c84fa94-04c1-424b-9868-57a2d4851a1d" />
    <TestEntry testId="ab32c913-4dd3-a3a1-4844-d6c3e8782d51" executionId="062158d4-0526-4cfc-a4ff-b904777cfc1c" testListId="8c84fa94-04c1-424b-9868-57a2d4851a1d" />
    <TestEntry testId="1de8a50d-9efb-eb11-123e-8ae622de1d71" executionId="7a815efe-8bb6-4ed8-8b35-8ac1b7b19740" testListId="8c84fa94-04c1-424b-9868-57a2d4851a1d" />
    <TestEntry testId="8e1d09c1-a51b-6ffe-3454-b1d7838c62d9" executionId="ab65cdd1-364b-4aa0-8e2b-b0d9b997b221" testListId="8c84fa94-04c1-424b-9868-57a2d4851a1d" />
    <TestEntry testId="d78a1e97-280f-e1a1-1f17-9710c8acd985" executionId="44b6e315-9d51-4e1d-afcf-bc6f85eb10ef" testListId="8c84fa94-04c1-424b-9868-57a2d4851a1d" />
    <TestEntry testId="f093cd32-3512-4011-722f-3e9d9af2aae8" executionId="5ff75d3f-114e-4931-ac3c-f62c306324a6" testListId="8c84fa94-04c1-424b-9868-57a2d4851a1d" />
    <TestEntry testId="2b635808-cadb-c40a-e40b-1cbe1e6900ca" executionId="40460cae-f018-41a4-a3a4-4928114197ab" testListId="8c84fa94-04c1-424b-9868-57a2d4851a1d" />
    <TestEntry testId="9d71b70f-a7a2-9159-a5c4-69c891e15b47" executionId="f522a6f7-8291-4e7d-9336-9e50e5089af8" testListId="8c84fa94-04c1-424b-9868-57a2d4851a1d" />
    <TestEntry testId="b4378fcc-0ddf-09bb-d6a2-ec88537db050" executionId="cc785f0c-bb3c-4360-9649-025db055e195" testListId="8c84fa94-04c1-424b-9868-57a2d4851a1d" />
    <TestEntry testId="ef8bb85f-2e58-1d4a-2716-1b27149e651e" executionId="c98f1025-d7c8-4fa0-b519-037731a86ba4" testListId="8c84fa94-04c1-424b-9868-57a2d4851a1d" />
    <TestEntry testId="b6bb099c-afaa-a2d7-f2a0-a70147f5a1a5" executionId="9e255e08-536b-4da6-be1d-8165a57c9fee" testListId="8c84fa94-04c1-424b-9868-57a2d4851a1d" />
    <TestEntry testId="6ea354ff-e041-60f2-135e-b836f30728c8" executionId="23ab0189-a916-4f6f-9eaa-fe98bd84a327" testListId="8c84fa94-04c1-424b-9868-57a2d4851a1d" />
    <TestEntry testId="43a257aa-ff84-c361-fd94-854f1044f0a8" executionId="51c96ebb-7c71-43c7-9918-152bc1db23e0" testListId="8c84fa94-04c1-424b-9868-57a2d4851a1d" />
    <TestEntry testId="81c4f8ac-f12b-9337-f09b-a49474719b13" executionId="4f390a53-04a0-4d26-aac6-347315b15e60" testListId="8c84fa94-04c1-424b-9868-57a2d4851a1d" />
    <TestEntry testId="ecad479f-0ceb-b6ed-5214-8eab0dca7661" executionId="69fb4f27-5b7f-4b61-97e6-660ea8b4d9c9" testListId="8c84fa94-04c1-424b-9868-57a2d4851a1d" />
    <TestEntry testId="a628380b-2e10-ec78-7a9c-46cbcd3b839a" executionId="97ca0eb2-d687-464e-9920-02629fa8b8fe" testListId="8c84fa94-04c1-424b-9868-57a2d4851a1d" />
    <TestEntry testId="eb0ef4a9-4d9e-77c9-45b5-44a5da5d014e" executionId="9082b82e-dfbc-4956-abd9-f427d0728b87" testListId="8c84fa94-04c1-424b-9868-57a2d4851a1d" />
    <TestEntry testId="8d60b970-2091-93a3-8f76-fcc917760dd6" executionId="1d6d3927-d1ae-4494-b7a5-11f0e3dcc52d" testListId="8c84fa94-04c1-424b-9868-57a2d4851a1d" />
    <TestEntry testId="fe6d2a90-0143-ac37-c41a-bac45236b722" executionId="0641af86-2231-45aa-82ce-4216a3e9615e" testListId="8c84fa94-04c1-424b-9868-57a2d4851a1d" />
    <TestEntry testId="72753d40-b4e3-cad8-27c5-84b76a84b432" executionId="70a77e35-e270-445c-b09f-166b4d7aacea" testListId="8c84fa94-04c1-424b-9868-57a2d4851a1d" />
    <TestEntry testId="8b8e8d46-15e3-c4f0-5c34-d81523750595" executionId="5022233c-c01f-421e-b898-dc2756012816" testListId="8c84fa94-04c1-424b-9868-57a2d4851a1d" />
    <TestEntry testId="f6174d6e-0ccd-cf3f-2f1b-774b992a9801" executionId="707572a5-d0ca-461b-a4a5-22edc569de01" testListId="8c84fa94-04c1-424b-9868-57a2d4851a1d" />
    <TestEntry testId="b45f3899-fc81-1ec6-2824-4ea75862c9b0" executionId="10e44220-a39e-4642-975f-3f46e1b8d157" testListId="8c84fa94-04c1-424b-9868-57a2d4851a1d" />
    <TestEntry testId="8c71d1e6-ec0d-e591-6d31-27909df5512b" executionId="0f79c3cc-4b11-4ecb-aa52-a751c645e9d8" testListId="8c84fa94-04c1-424b-9868-57a2d4851a1d" />
    <TestEntry testId="667307ee-3be9-65a6-f003-5abd6e590898" executionId="ed5bd48c-71ab-4464-8621-ee666eb70120" testListId="8c84fa94-04c1-424b-9868-57a2d4851a1d" />
    <TestEntry testId="8fc35733-decb-569c-28bc-efbbc0634b41" executionId="8be66204-d8c7-4508-a9ff-d767ba189750" testListId="8c84fa94-04c1-424b-9868-57a2d4851a1d" />
    <TestEntry testId="02077cb5-9252-70c9-4cec-6312b51fbc66" executionId="215c8740-4798-4729-b73f-826403f6fce9" testListId="8c84fa94-04c1-424b-9868-57a2d4851a1d" />
    <TestEntry testId="916a8ab3-a888-6a8c-f10c-80b333565ce6" executionId="b58d2105-697b-4e90-8631-5899f5dc41de" testListId="8c84fa94-04c1-424b-9868-57a2d4851a1d" />
    <TestEntry testId="1a43a42f-f642-b3cc-d7b8-12ef72ebee50" executionId="75b046e4-ca81-403d-b495-7d566ac602f9" testListId="8c84fa94-04c1-424b-9868-57a2d4851a1d" />
    <TestEntry testId="33ec0c4b-8eee-1bee-815b-2bcd49da3b77" executionId="6dc1d1f4-8594-4feb-9af2-8e40f86cbfce" testListId="8c84fa94-04c1-424b-9868-57a2d4851a1d" />
    <TestEntry testId="552144bb-d4bf-16aa-8142-3cc30edc5c48" executionId="aeddf990-587c-4bf4-ac64-2247870d1bb5" testListId="8c84fa94-04c1-424b-9868-57a2d4851a1d" />
    <TestEntry testId="afe3f13e-043f-169d-1e0c-84d88c118d08" executionId="2610e318-086d-40fa-b942-811fc4b3fe07" testListId="8c84fa94-04c1-424b-9868-57a2d4851a1d" />
    <TestEntry testId="9b6a8009-2d60-f782-cb01-4becd1fe6016" executionId="096d4684-3795-4a0b-877f-a8db0af00cb0" testListId="8c84fa94-04c1-424b-9868-57a2d4851a1d" />
    <TestEntry testId="3fe7df62-cd26-7a7d-bbf1-cfbe628f7aac" executionId="659bc3c0-0b60-4d4c-bff9-7be1355317fa" testListId="8c84fa94-04c1-424b-9868-57a2d4851a1d" />
    <TestEntry testId="9efec71f-0ac0-1d8e-a0bb-96b5b21b8a47" executionId="050865cc-1534-4151-a0ef-3b205be05ac4" testListId="8c84fa94-04c1-424b-9868-57a2d4851a1d" />
    <TestEntry testId="1911bfa4-8280-1984-c0c5-c90a4c254595" executionId="6aca7930-0ca2-4fa5-a2da-c6795b578f82" testListId="8c84fa94-04c1-424b-9868-57a2d4851a1d" />
    <TestEntry testId="bc8eb5c5-5db8-a57c-1591-45d98b155fb5" executionId="92472453-a516-4b29-8188-ec948d0d5eb3" testListId="8c84fa94-04c1-424b-9868-57a2d4851a1d" />
    <TestEntry testId="747c1993-1e32-4aa4-febe-7051c9199f1b" executionId="f738d331-b2f9-49b3-8109-4ec575800fee" testListId="8c84fa94-04c1-424b-9868-57a2d4851a1d" />
    <TestEntry testId="45678971-c8c7-79bc-7b57-c407b572b1ac" executionId="a51b4b9e-2193-44f2-b0fc-be321def45a0" testListId="8c84fa94-04c1-424b-9868-57a2d4851a1d" />
    <TestEntry testId="6da794c0-3580-2c3b-6559-ddff85744c6d" executionId="1f320495-0c69-47fb-a15e-85f5cf0dd57d" testListId="8c84fa94-04c1-424b-9868-57a2d4851a1d" />
    <TestEntry testId="dabc70db-3c40-dd75-ca9f-176d6a1ca190" executionId="0ddfd708-17bf-40c9-9e43-139a4b299acd" testListId="8c84fa94-04c1-424b-9868-57a2d4851a1d" />
    <TestEntry testId="7887e148-56a7-378a-2a5f-d1af2424a133" executionId="0a5fa946-ad60-4312-b22d-a787f92a166e" testListId="8c84fa94-04c1-424b-9868-57a2d4851a1d" />
    <TestEntry testId="0a175cb9-c8f7-f626-0973-243760abdc15" executionId="5af5fc50-9557-485d-9f4a-088b9a839588" testListId="8c84fa94-04c1-424b-9868-57a2d4851a1d" />
    <TestEntry testId="4e8f4c7c-8eca-b3e6-b8f0-f7fb21a45d25" executionId="012a9a11-6f50-45a6-8bdb-31cfaddcff4f" testListId="8c84fa94-04c1-424b-9868-57a2d4851a1d" />
    <TestEntry testId="11e2beea-b5d3-301b-92c0-241e8e8995f4" executionId="1e9619ae-573b-4479-bd7b-5c3be0106ea0" testListId="8c84fa94-04c1-424b-9868-57a2d4851a1d" />
    <TestEntry testId="c536c183-d850-ceee-657a-8f63a86d533d" executionId="b82d0101-03d3-4d81-869b-8629c71be20c" testListId="8c84fa94-04c1-424b-9868-57a2d4851a1d" />
    <TestEntry testId="d8c28c6d-0b58-db24-d9e0-9713bd92b2dc" executionId="915a442f-5da4-4510-8b0a-9826773b0db5" testListId="8c84fa94-04c1-424b-9868-57a2d4851a1d" />
    <TestEntry testId="971f92b9-725e-5216-dd65-f9699942353c" executionId="505d9a2b-ca0c-423a-acde-02c57930ba3e" testListId="8c84fa94-04c1-424b-9868-57a2d4851a1d" />
    <TestEntry testId="992add57-b567-7ac9-23ee-fb62062964d5" executionId="36001724-ec02-4790-a7de-863e309e8702" testListId="8c84fa94-04c1-424b-9868-57a2d4851a1d" />
    <TestEntry testId="3f8063f6-35e9-784a-8174-2328fa1b9f0a" executionId="db872204-cfc6-4e11-9e97-afd10a737080" testListId="8c84fa94-04c1-424b-9868-57a2d4851a1d" />
    <TestEntry testId="a6a9b3ff-9056-f078-7bed-e1e3afe4ed43" executionId="c8a8a6d2-da0d-4ad8-a2d7-b2821e556caf" testListId="8c84fa94-04c1-424b-9868-57a2d4851a1d" />
    <TestEntry testId="5388d0dc-ee23-a502-5c12-1d3cf8c5249d" executionId="35132ef7-85ec-48ed-9719-225532ef1ca2" testListId="8c84fa94-04c1-424b-9868-57a2d4851a1d" />
    <TestEntry testId="973b7633-fe1e-72c9-efce-5776b172b9ce" executionId="3361fb46-4496-427e-a2ed-4dc2797efd03" testListId="8c84fa94-04c1-424b-9868-57a2d4851a1d" />
    <TestEntry testId="806d34dd-1ec1-814e-265b-2fe6da8b31ef" executionId="ca5b62b7-58a6-4aaf-8d45-8ae20353ae9e" testListId="8c84fa94-04c1-424b-9868-57a2d4851a1d" />
    <TestEntry testId="3cfb6f0e-e61b-9afe-7589-b0743c75afc8" executionId="2d44aafe-666d-449a-a509-8a3d01364b32" testListId="8c84fa94-04c1-424b-9868-57a2d4851a1d" />
    <TestEntry testId="6ecb8c1c-4570-db41-4bce-3984a917c541" executionId="a987404a-f0c6-42c4-8338-1fab8ed745ea" testListId="8c84fa94-04c1-424b-9868-57a2d4851a1d" />
    <TestEntry testId="ac68ad38-c572-08ee-6372-2cdb47e75bab" executionId="b691ba82-ec99-499b-830b-d2d7b683b6c5" testListId="8c84fa94-04c1-424b-9868-57a2d4851a1d" />
    <TestEntry testId="6effb0fd-f0ec-57de-2cec-99c4affc5bee" executionId="245a0dd4-7aba-4eb0-877b-bc62940f379e" testListId="8c84fa94-04c1-424b-9868-57a2d4851a1d" />
    <TestEntry testId="8b2a78aa-1060-fb98-0b73-17bfd3ccc983" executionId="1b29d88a-1653-4576-bf28-a2f107bca2c7" testListId="8c84fa94-04c1-424b-9868-57a2d4851a1d" />
    <TestEntry testId="4c96e581-3c1e-1bd8-7042-aeef7583999d" executionId="b26c30d4-9821-4c62-b498-b3922cd828f4" testListId="8c84fa94-04c1-424b-9868-57a2d4851a1d" />
    <TestEntry testId="bf4a2889-2fec-0c91-4d92-4c1a6f78c440" executionId="200b8aa2-b345-417c-9b76-9395793bf28f" testListId="8c84fa94-04c1-424b-9868-57a2d4851a1d" />
    <TestEntry testId="ac5f41d7-b823-b752-a3d0-1c8e798c701d" executionId="820665b9-3fb3-408f-9017-287679401598" testListId="8c84fa94-04c1-424b-9868-57a2d4851a1d" />
    <TestEntry testId="5cbe73f6-1128-b64a-49fe-0545e7460772" executionId="d6906e17-f633-4216-bad9-c5e798af87c6" testListId="8c84fa94-04c1-424b-9868-57a2d4851a1d" />
    <TestEntry testId="ba4be374-db37-a4dd-c2e3-d6def5c45822" executionId="c2b22b63-ddec-4b2c-a1cb-78bced0d9b71" testListId="8c84fa94-04c1-424b-9868-57a2d4851a1d" />
    <TestEntry testId="63058356-bb8a-08e3-3c32-31261efb7ed9" executionId="8dceaa07-5fd7-4b39-83df-f299494ffa2c" testListId="8c84fa94-04c1-424b-9868-57a2d4851a1d" />
    <TestEntry testId="b6daeaca-e436-feb4-2499-8d9085d03a28" executionId="a6227291-7fd6-4c73-97a4-fd7788c7ef07" testListId="8c84fa94-04c1-424b-9868-57a2d4851a1d" />
    <TestEntry testId="e0847afd-150a-4f95-5bb7-4f881764ef2f" executionId="1c0ee88e-5d6f-4412-a0f4-0aee25569f93" testListId="8c84fa94-04c1-424b-9868-57a2d4851a1d" />
    <TestEntry testId="d2802df6-7a30-dd5c-4c74-faf509449e97" executionId="63b7dcf9-144c-41f0-b345-debfe1bc92d2" testListId="8c84fa94-04c1-424b-9868-57a2d4851a1d" />
    <TestEntry testId="fd15e591-2aa8-1d22-3624-503ca84e7584" executionId="a30ef559-3e95-4d35-aca0-d616eba9600b" testListId="8c84fa94-04c1-424b-9868-57a2d4851a1d" />
    <TestEntry testId="2df06ce5-f3a8-7ad7-e161-1e1234a7dd47" executionId="ddffa7e9-a580-4001-ba9c-37d6b343fb94" testListId="8c84fa94-04c1-424b-9868-57a2d4851a1d" />
    <TestEntry testId="d10823c9-82b5-410a-6811-33cd639c176f" executionId="6647b665-b554-4f78-9995-35dca966d001" testListId="8c84fa94-04c1-424b-9868-57a2d4851a1d" />
    <TestEntry testId="9283fe3c-be3b-dbe7-7504-5d51c6895e05" executionId="73c52bd8-76ae-49e7-a5ff-b5d6b51754ca" testListId="8c84fa94-04c1-424b-9868-57a2d4851a1d" />
    <TestEntry testId="58c7152c-4273-2e63-4434-403472e01ce7" executionId="ef639807-40c0-4ade-b823-a0e05ac5b7ff" testListId="8c84fa94-04c1-424b-9868-57a2d4851a1d" />
    <TestEntry testId="1c3b0db4-7158-f1e8-f169-27bb5f3e237b" executionId="31f5e072-8e24-4f19-a379-22ed99f89da2" testListId="8c84fa94-04c1-424b-9868-57a2d4851a1d" />
    <TestEntry testId="8fd6c54f-8d75-a3e1-0cae-206dfaee898d" executionId="26546c62-3491-4564-96cc-c9ecd572d7b0" testListId="8c84fa94-04c1-424b-9868-57a2d4851a1d" />
    <TestEntry testId="34235b64-6272-024c-bcd7-5b2be741b133" executionId="de799133-c1e7-4672-bc36-dc1396ad59cb" testListId="8c84fa94-04c1-424b-9868-57a2d4851a1d" />
    <TestEntry testId="ba6331ee-0d35-e41d-20b4-6fedf3bdda9e" executionId="ef5eae76-fa02-48c9-b2ab-13e0c3f7f62f" testListId="8c84fa94-04c1-424b-9868-57a2d4851a1d" />
    <TestEntry testId="4794a9fa-cca8-ca13-105e-24cf8fe32ab5" executionId="72e2d3ca-d9c1-4f70-8eeb-c5682d05a37a" testListId="8c84fa94-04c1-424b-9868-57a2d4851a1d" />
    <TestEntry testId="353393d7-727e-522c-6aff-c241eee65daf" executionId="f99cbecd-5bcc-4fe4-b775-95bfde2907f0" testListId="8c84fa94-04c1-424b-9868-57a2d4851a1d" />
    <TestEntry testId="d31e0230-96ca-cecc-9673-d2af89af4ccf" executionId="79b026d6-a1fd-4104-86bd-97c84464b67c" testListId="8c84fa94-04c1-424b-9868-57a2d4851a1d" />
    <TestEntry testId="a2fb9b5d-26d6-f3a9-84f6-746d421bb859" executionId="72a8ae1b-c4d1-46a7-8bec-706bee648d21" testListId="8c84fa94-04c1-424b-9868-57a2d4851a1d" />
    <TestEntry testId="de2e4591-79f0-1deb-5ba1-47d29aac8031" executionId="eb049d1e-2a1e-4dc9-9072-570b2703edd9" testListId="8c84fa94-04c1-424b-9868-57a2d4851a1d" />
    <TestEntry testId="8acf70f4-42a8-5b3a-0ee5-b32ca7afe0c0" executionId="42398d47-891f-4d55-8545-d95739610c91" testListId="8c84fa94-04c1-424b-9868-57a2d4851a1d" />
    <TestEntry testId="75efd511-cd23-a9fe-60ad-edbb68610573" executionId="e7493670-dbe6-431e-836b-d35ad03dbcbe" testListId="8c84fa94-04c1-424b-9868-57a2d4851a1d" />
    <TestEntry testId="eaad52bd-22fc-f126-feae-23ee7db28541" executionId="7311da3d-a2e7-4243-b914-35489a63073d" testListId="8c84fa94-04c1-424b-9868-57a2d4851a1d" />
    <TestEntry testId="845b9517-5f19-a4d0-555b-e8ae3759a502" executionId="7d4131d4-f0ad-4e02-82c6-d07f08a7709b" testListId="8c84fa94-04c1-424b-9868-57a2d4851a1d" />
    <TestEntry testId="253be663-bfd2-0886-a059-1cc4b1f9c118" executionId="e7f2556f-2b8d-42f5-8ab6-837df3bcd8ab" testListId="8c84fa94-04c1-424b-9868-57a2d4851a1d" />
    <TestEntry testId="f92f2431-d9b7-d874-8998-6315c571aff2" executionId="b83e1647-b7b1-44d5-a276-2e440bdc614a" testListId="8c84fa94-04c1-424b-9868-57a2d4851a1d" />
    <TestEntry testId="07ba8a7e-5146-66aa-d2a6-9f97da79fc4a" executionId="212ad549-baae-46e7-a314-44157f09697b" testListId="8c84fa94-04c1-424b-9868-57a2d4851a1d" />
    <TestEntry testId="7cd6f6d1-a843-bd0f-abb5-35876a104d48" executionId="12dbe0f4-0b7b-4fab-8620-26f83433f2b9" testListId="8c84fa94-04c1-424b-9868-57a2d4851a1d" />
    <TestEntry testId="f272c276-709e-c376-c381-0170dcb2316a" executionId="21f1ba83-33bc-4037-97f1-663964cb8b8a" testListId="8c84fa94-04c1-424b-9868-57a2d4851a1d" />
    <TestEntry testId="e72b702d-3c3b-c917-d7af-3386f34457e6" executionId="5ecc74f9-8e50-4e60-96ef-0ac698923782" testListId="8c84fa94-04c1-424b-9868-57a2d4851a1d" />
    <TestEntry testId="30a04436-234e-ceee-29ff-935dcff17890" executionId="4869cafa-0973-4d8c-8b9f-c67aae4f51ed" testListId="8c84fa94-04c1-424b-9868-57a2d4851a1d" />
    <TestEntry testId="1459ec45-198c-fbc8-8bcd-7425f0cb2224" executionId="f9cb0cd4-9bba-4cb0-af15-66f8365e7ba9" testListId="8c84fa94-04c1-424b-9868-57a2d4851a1d" />
    <TestEntry testId="a6bb3691-d36a-8665-b99c-c448be712b68" executionId="61ca9e50-5440-4b0e-90f8-7242fac79f06" testListId="8c84fa94-04c1-424b-9868-57a2d4851a1d" />
    <TestEntry testId="221b606c-efad-4ac1-d67b-9bf5f2cf7cdc" executionId="235e45e7-d613-4497-a27d-cd168955145a" testListId="8c84fa94-04c1-424b-9868-57a2d4851a1d" />
    <TestEntry testId="6e6b4421-0e8c-e3b6-64b6-74b12beb35d8" executionId="83d413fe-a751-487c-8429-159382b83c70" testListId="8c84fa94-04c1-424b-9868-57a2d4851a1d" />
    <TestEntry testId="00745456-1145-5e60-461f-30399860a1d7" executionId="c7f1b5a2-8d0a-498a-9573-b50058bf3271" testListId="8c84fa94-04c1-424b-9868-57a2d4851a1d" />
    <TestEntry testId="9cadce48-91d2-0589-1538-8017522a5842" executionId="893bce52-a643-4e80-ba9d-8dedfb8b25ff" testListId="8c84fa94-04c1-424b-9868-57a2d4851a1d" />
    <TestEntry testId="aa29ef63-4577-7df1-0db1-922aa15e9dc2" executionId="7625ad69-c0fe-4881-b1f3-7b1c4ef7c12d" testListId="8c84fa94-04c1-424b-9868-57a2d4851a1d" />
    <TestEntry testId="0a84608f-9c18-f167-736d-316e2fdbfe12" executionId="13321963-ba09-4116-8a57-1a239e31e466" testListId="8c84fa94-04c1-424b-9868-57a2d4851a1d" />
    <TestEntry testId="9a07635f-fae1-d0b6-97b2-e1675a5498b7" executionId="cfba3e97-2433-4efc-95e9-cc924f5bf62e" testListId="8c84fa94-04c1-424b-9868-57a2d4851a1d" />
    <TestEntry testId="9a87ef54-f3c2-edf0-fb49-a94c5b95711c" executionId="002d218a-1adb-4beb-867f-8cd2a1d7fa73" testListId="8c84fa94-04c1-424b-9868-57a2d4851a1d" />
    <TestEntry testId="1a290505-d063-c1b2-1688-69a6fe7418ad" executionId="677139d3-0381-4b33-893d-d999514d286d" testListId="8c84fa94-04c1-424b-9868-57a2d4851a1d" />
    <TestEntry testId="8bdea291-107b-50cb-f053-eac6565b593f" executionId="a6dbed6c-fab7-49b5-a695-49dc6c78215c" testListId="8c84fa94-04c1-424b-9868-57a2d4851a1d" />
    <TestEntry testId="8f7db601-bb81-584c-a9d8-671dcf4ae868" executionId="1bb6fc25-5056-458c-be8f-485ec53efb99" testListId="8c84fa94-04c1-424b-9868-57a2d4851a1d" />
    <TestEntry testId="ae1a9443-8988-bd36-83f9-4a059f861ac4" executionId="7e1ce797-a209-4b0f-a05f-602c8ac7dbc9" testListId="8c84fa94-04c1-424b-9868-57a2d4851a1d" />
    <TestEntry testId="4a655999-b148-94c5-e9d2-f5f4dce8e46f" executionId="f3f8ba21-3c5f-45bd-90d4-82a4e712238d" testListId="8c84fa94-04c1-424b-9868-57a2d4851a1d" />
    <TestEntry testId="bb4827b4-80fe-b4d4-6d34-f8e968cebd37" executionId="f87bcc81-e71b-485c-b00a-d19ae68ea105" testListId="8c84fa94-04c1-424b-9868-57a2d4851a1d" />
    <TestEntry testId="793dfc8a-9b3e-4bf5-47cd-c7a759f2cfb1" executionId="ac41a253-df2a-49b8-88c7-52a325f8a32a" testListId="8c84fa94-04c1-424b-9868-57a2d4851a1d" />
    <TestEntry testId="92d18f0e-f506-5440-57f6-2c7fb0ef32b4" executionId="5e6605ce-faec-4e2e-82e3-ee4f765b2d70" testListId="8c84fa94-04c1-424b-9868-57a2d4851a1d" />
    <TestEntry testId="0001a7c7-0d29-97ea-95df-87978b97237e" executionId="0e90022e-19d2-463a-ad5c-3399f49c2e3b" testListId="8c84fa94-04c1-424b-9868-57a2d4851a1d" />
    <TestEntry testId="57220689-5fe7-e731-f740-76c47358b9e9" executionId="b326e19c-a55d-4c77-9aed-35d5ae8fd543" testListId="8c84fa94-04c1-424b-9868-57a2d4851a1d" />
    <TestEntry testId="9af72250-d05c-59dd-600a-f78391ca5294" executionId="f8172ef1-f75e-4965-9109-7908431c686a" testListId="8c84fa94-04c1-424b-9868-57a2d4851a1d" />
    <TestEntry testId="b0be3c3b-fcbf-17c3-4e08-26978cc83c42" executionId="d11fa9bc-9c61-4f21-bf43-a2e9e3c8da34" testListId="8c84fa94-04c1-424b-9868-57a2d4851a1d" />
    <TestEntry testId="53e2e804-10fd-82ec-60fc-fb32efb60189" executionId="5820bd87-7f14-4f2c-ad0d-80f7cad42fd8" testListId="8c84fa94-04c1-424b-9868-57a2d4851a1d" />
    <TestEntry testId="5004cfd2-76d9-01a4-0af8-33992e1e608c" executionId="5bd007e3-2c5e-40d3-bd17-98086c827a54" testListId="8c84fa94-04c1-424b-9868-57a2d4851a1d" />
    <TestEntry testId="ae52cac1-f095-4d8a-ddd3-3d3312da71cd" executionId="c1040d83-b5e8-4b4b-8919-276b35d9a63f" testListId="8c84fa94-04c1-424b-9868-57a2d4851a1d" />
    <TestEntry testId="c37dfadd-c011-302c-0ace-dc9bd568b689" executionId="dd0293e3-6e25-4e22-943d-90520c3bd075" testListId="8c84fa94-04c1-424b-9868-57a2d4851a1d" />
    <TestEntry testId="74bdc9c3-7462-4355-2680-3dca2efa6bbd" executionId="099fd084-437a-4396-87aa-ec47a877b27c" testListId="8c84fa94-04c1-424b-9868-57a2d4851a1d" />
    <TestEntry testId="9f473589-538d-9b07-3323-5155ba9a9575" executionId="717ecae1-6cd2-4a17-ba58-3542cbb69468" testListId="8c84fa94-04c1-424b-9868-57a2d4851a1d" />
    <TestEntry testId="6a7ac1f1-0cb4-c623-f854-c01a527b76f0" executionId="e63ef29f-fbe8-4cfc-bd2c-9a3b22c139a7" testListId="8c84fa94-04c1-424b-9868-57a2d4851a1d" />
    <TestEntry testId="8a435ead-546e-d2f3-55b8-b44a7f1dbdde" executionId="10ff0c15-315b-4eae-a864-248f0a8f7b06" testListId="8c84fa94-04c1-424b-9868-57a2d4851a1d" />
    <TestEntry testId="57ea77c6-3002-36a7-98dd-0bd4c28d39fe" executionId="db6a2977-9d72-4ac0-b309-7be140f464f8" testListId="8c84fa94-04c1-424b-9868-57a2d4851a1d" />
    <TestEntry testId="7560958f-2529-1e77-bb85-30dcc22f6748" executionId="a00b5a74-fedd-4429-97f1-25397adbb6b8" testListId="8c84fa94-04c1-424b-9868-57a2d4851a1d" />
    <TestEntry testId="0e593327-a1c9-a001-c528-1be3fbc4411c" executionId="0b790e7f-505e-473f-88b2-77268d5f0d04" testListId="8c84fa94-04c1-424b-9868-57a2d4851a1d" />
  </TestEntries>
  <Results>
    <UnitTestResult executionId="b5fb7dc2-88e2-46b1-b69e-0cea73e8de76" testId="8289cb24-cbe0-0b26-8150-6092cb69a7e8" testName="AbortChannelTest1" computerName="GBLOCK-3-17" duration="00:00:01.3323934" startTime="2011-04-14T01:01:32.5908563-07:00" endTime="2011-04-14T01:01:34.0009973-07:00" testType="13cdc9d9-ddb5-4fa4-a97d-d965ccfc6d4b" outcome="Passed" testListId="8c84fa94-04c1-424b-9868-57a2d4851a1d" relativeResultsDirectory="b5fb7dc2-88e2-46b1-b69e-0cea73e8de76">
    </UnitTestResult>
    <UnitTestResult executionId="4874a9ad-2a97-4af9-a13c-9221206d2ef6" testId="d9c6cd25-a3c1-c09b-9022-041a1b07579b" testName="AbortChannelTest2" computerName="GBLOCK-3-17" duration="00:00:00.0388899" startTime="2011-04-14T01:01:34.0169989-07:00" endTime="2011-04-14T01:01:34.0590031-07:00" testType="13cdc9d9-ddb5-4fa4-a97d-d965ccfc6d4b" outcome="Passed" testListId="8c84fa94-04c1-424b-9868-57a2d4851a1d" relativeResultsDirectory="4874a9ad-2a97-4af9-a13c-9221206d2ef6">
    </UnitTestResult>
    <UnitTestResult executionId="99178bf1-acf4-4dae-9d72-a2b36e28602c" testId="7c7a73a2-3fe4-089d-8604-7fdd5c5cc6d3" testName="AbortChannelTest3" computerName="GBLOCK-3-17" duration="00:00:00.0127173" startTime="2011-04-14T01:01:34.0660038-07:00" endTime="2011-04-14T01:01:34.0800052-07:00" testType="13cdc9d9-ddb5-4fa4-a97d-d965ccfc6d4b" outcome="Passed" testListId="8c84fa94-04c1-424b-9868-57a2d4851a1d" relativeResultsDirectory="99178bf1-acf4-4dae-9d72-a2b36e28602c">
    </UnitTestResult>
    <UnitTestResult executionId="8d76714d-ce15-4b4c-a791-27abda6622c6" testId="a24d7bb5-489c-7057-5841-d6c31f4db6c5" testName="AbortChannelTest4" computerName="GBLOCK-3-17" duration="00:00:00.0088733" startTime="2011-04-14T01:01:34.0820054-07:00" endTime="2011-04-14T01:01:34.0940066-07:00" testType="13cdc9d9-ddb5-4fa4-a97d-d965ccfc6d4b" outcome="Passed" testListId="8c84fa94-04c1-424b-9868-57a2d4851a1d" relativeResultsDirectory="8d76714d-ce15-4b4c-a791-27abda6622c6">
    </UnitTestResult>
    <UnitTestResult executionId="dd344cd5-45a5-4195-b635-b36472108fb5" testId="c8043cb1-4e9c-e176-fffc-3d03381977ac" testName="AbortChannelTest5" computerName="GBLOCK-3-17" duration="00:00:00.0060759" startTime="2011-04-14T01:01:34.0970069-07:00" endTime="2011-04-14T01:01:34.1040076-07:00" testType="13cdc9d9-ddb5-4fa4-a97d-d965ccfc6d4b" outcome="Passed" testListId="8c84fa94-04c1-424b-9868-57a2d4851a1d" relativeResultsDirectory="dd344cd5-45a5-4195-b635-b36472108fb5">
    </UnitTestResult>
    <UnitTestResult executionId="5272d67f-dfad-4dd2-bb5d-7ec6ea359c3e" testId="5b47ffab-f5d9-20dd-abf6-7f4256bbbe4f" testName="AbortChannelTest6" computerName="GBLOCK-3-17" duration="00:00:00.0183093" startTime="2011-04-14T01:01:34.1090081-07:00" endTime="2011-04-14T01:01:34.1420114-07:00" testType="13cdc9d9-ddb5-4fa4-a97d-d965ccfc6d4b" outcome="Passed" testListId="8c84fa94-04c1-424b-9868-57a2d4851a1d" relativeResultsDirectory="5272d67f-dfad-4dd2-bb5d-7ec6ea359c3e">
    </UnitTestResult>
    <UnitTestResult executionId="403ac36c-8c29-457e-a00b-cc86e28944c0" testId="fe1443bc-41f1-bffc-16d8-c6713bf45d22" testName="AbortChannelTest7" computerName="GBLOCK-3-17" duration="00:00:00.0059893" startTime="2011-04-14T01:01:34.1450117-07:00" endTime="2011-04-14T01:01:34.1540126-07:00" testType="13cdc9d9-ddb5-4fa4-a97d-d965ccfc6d4b" outcome="Passed" testListId="8c84fa94-04c1-424b-9868-57a2d4851a1d" relativeResultsDirectory="403ac36c-8c29-457e-a00b-cc86e28944c0">
    </UnitTestResult>
    <UnitTestResult executionId="d3c071ef-f0bf-408c-9a22-318cefa60bfc" testId="a847277e-48e3-197b-7651-c31f12c06f3b" testName="AbortChannelTest8" computerName="GBLOCK-3-17" duration="00:00:00.0072172" startTime="2011-04-14T01:01:34.1550127-07:00" endTime="2011-04-14T01:01:34.1650137-07:00" testType="13cdc9d9-ddb5-4fa4-a97d-d965ccfc6d4b" outcome="Passed" testListId="8c84fa94-04c1-424b-9868-57a2d4851a1d" relativeResultsDirectory="d3c071ef-f0bf-408c-9a22-318cefa60bfc">
    </UnitTestResult>
    <UnitTestResult executionId="8426f577-687f-4e06-a51b-e69feeb11fc8" testId="e23d5b10-35d3-69e6-a7f9-be89f87a9c34" testName="AbortRequestContextTest1" computerName="GBLOCK-3-17" duration="00:00:00.0850941" startTime="2011-04-14T01:01:34.1670139-07:00" endTime="2011-04-14T01:01:34.2550227-07:00" testType="13cdc9d9-ddb5-4fa4-a97d-d965ccfc6d4b" outcome="Passed" testListId="8c84fa94-04c1-424b-9868-57a2d4851a1d" relativeResultsDirectory="8426f577-687f-4e06-a51b-e69feeb11fc8">
    </UnitTestResult>
    <UnitTestResult executionId="7b8adb15-9f71-441f-a289-0799379be1f2" testId="4e5b1681-b8d8-0264-58a3-ab96cc5137a6" testName="AbortRequestContextTest2" computerName="GBLOCK-3-17" duration="00:00:00.0318874" startTime="2011-04-14T01:01:34.2570229-07:00" endTime="2011-04-14T01:01:34.2990271-07:00" testType="13cdc9d9-ddb5-4fa4-a97d-d965ccfc6d4b" outcome="Passed" testListId="8c84fa94-04c1-424b-9868-57a2d4851a1d" relativeResultsDirectory="7b8adb15-9f71-441f-a289-0799379be1f2">
    </UnitTestResult>
    <UnitTestResult executionId="63b7cfec-c1c3-4bed-8c31-d6191dcafb4a" testId="f1d2ba88-85b3-18aa-86bb-8e3cc868dc54" testName="AbortRequestContextTest3" computerName="GBLOCK-3-17" duration="00:00:00.0127816" startTime="2011-04-14T01:01:34.3020274-07:00" endTime="2011-04-14T01:01:34.3230295-07:00" testType="13cdc9d9-ddb5-4fa4-a97d-d965ccfc6d4b" outcome="Passed" testListId="8c84fa94-04c1-424b-9868-57a2d4851a1d" relativeResultsDirectory="63b7cfec-c1c3-4bed-8c31-d6191dcafb4a">
    </UnitTestResult>
    <UnitTestResult executionId="233aab14-ec1f-444a-ab5b-17f3f4e5e03d" testId="af1ce901-d44e-2887-e9ec-2dfe03e04bcc" testName="AbortRequestContextTest4" computerName="GBLOCK-3-17" duration="00:00:00.0079047" startTime="2011-04-14T01:01:34.3260298-07:00" endTime="2011-04-14T01:01:34.3370309-07:00" testType="13cdc9d9-ddb5-4fa4-a97d-d965ccfc6d4b" outcome="Passed" testListId="8c84fa94-04c1-424b-9868-57a2d4851a1d" relativeResultsDirectory="233aab14-ec1f-444a-ab5b-17f3f4e5e03d">
    </UnitTestResult>
    <UnitTestResult executionId="1ea7f467-b690-400c-b5cc-cdbd38342e03" testId="e2b2f821-232e-beed-a60d-1fa617de5c1f" testName="ArtifactScenario_GetArtifactsFoundBy" computerName="GBLOCK-3-17" duration="00:00:00.5111259" startTime="2011-04-14T01:01:34.3400312-07:00" endTime="2011-04-14T01:01:34.8520824-07:00" testType="13cdc9d9-ddb5-4fa4-a97d-d965ccfc6d4b" outcome="Passed" testListId="8c84fa94-04c1-424b-9868-57a2d4851a1d" relativeResultsDirectory="1ea7f467-b690-400c-b5cc-cdbd38342e03">
    </UnitTestResult>
    <UnitTestResult executionId="45122bbc-0634-429a-93a9-e5bd68f6f334" testId="c58492ef-d56f-4c7b-29df-525bf22a6400" testName="ArtifactScenario_GetArtifactsFromXY" computerName="GBLOCK-3-17" duration="00:00:00.0926944" startTime="2011-04-14T01:01:34.8540826-07:00" endTime="2011-04-14T01:01:34.9480920-07:00" testType="13cdc9d9-ddb5-4fa4-a97d-d965ccfc6d4b" outcome="Failed" testListId="8c84fa94-04c1-424b-9868-57a2d4851a1d" relativeResultsDirectory="45122bbc-0634-429a-93a9-e5bd68f6f334">
      <Output>
        <ErrorInfo>
          <Message>Assert.AreEqual failed. Expected:&lt;OK&gt;. Actual:&lt;Accepted&gt;. status code not ok</Message>
          <StackTrace>   at Microsoft.ApplicationServer.Http.CIT.Scenario.ArtifactScenarioTests.ArtifactScenario_GetArtifactsFromXY() in F:\advisorsrepo\wcfhttp\Http\Test\Microsoft.ApplicationServer.Http\Scenario\TestCases\ArtifactScenarioTests.cs:line 59
</StackTrace>
        </ErrorInfo>
      </Output>
    </UnitTestResult>
    <UnitTestResult executionId="d325d521-ac91-4c56-8472-753a04ba7a02" testId="31db0cb8-1198-de4e-7e62-22ba1b397526" testName="ArtifactScenario_GetArtifactsFromXY_Json" computerName="GBLOCK-3-17" duration="00:00:00.0140338" startTime="2011-04-14T01:01:34.9510923-07:00" endTime="2011-04-14T01:01:34.9670939-07:00" testType="13cdc9d9-ddb5-4fa4-a97d-d965ccfc6d4b" outcome="Failed" testListId="8c84fa94-04c1-424b-9868-57a2d4851a1d" relativeResultsDirectory="d325d521-ac91-4c56-8472-753a04ba7a02">
      <Output>
        <ErrorInfo>
          <Message>Assert.AreEqual failed. Expected:&lt;OK&gt;. Actual:&lt;Accepted&gt;. status code not ok</Message>
          <StackTrace>   at Microsoft.ApplicationServer.Http.CIT.Scenario.ArtifactScenarioTests.ArtifactScenario_GetArtifactsFromXY_Json() in F:\advisorsrepo\wcfhttp\Http\Test\Microsoft.ApplicationServer.Http\Scenario\TestCases\ArtifactScenarioTests.cs:line 92
</StackTrace>
        </ErrorInfo>
      </Output>
    </UnitTestResult>
    <UnitTestResult executionId="6a3422f3-fede-4315-aade-c2a9c28d5e66" testId="54b59e06-7ad2-1878-d4b4-5a32aae0ef99" testName="ArtifactScenario_GetArtifactsFromXY_Json_MediaRange" computerName="GBLOCK-3-17" duration="00:00:00.6682116" startTime="2011-04-14T01:01:34.9700942-07:00" endTime="2011-04-14T01:01:35.6391611-07:00" testType="13cdc9d9-ddb5-4fa4-a97d-d965ccfc6d4b" outcome="Passed" testListId="8c84fa94-04c1-424b-9868-57a2d4851a1d" relativeResultsDirectory="6a3422f3-fede-4315-aade-c2a9c28d5e66">
    </UnitTestResult>
    <UnitTestResult executionId="d90474af-0768-434b-ac21-f2d3cfa1c07e" testId="db5c637f-a9f2-b9f1-652e-0af803c85eac" testName="BadFactoryCreateServiceTest1" computerName="GBLOCK-3-17" duration="00:00:00.0255632" startTime="2011-04-14T01:01:35.6421614-07:00" endTime="2011-04-14T01:01:35.6731645-07:00" testType="13cdc9d9-ddb5-4fa4-a97d-d965ccfc6d4b" outcome="Passed" testListId="8c84fa94-04c1-424b-9868-57a2d4851a1d" relativeResultsDirectory="d90474af-0768-434b-ac21-f2d3cfa1c07e">
    </UnitTestResult>
    <UnitTestResult executionId="cd4509fd-ed55-46a2-8a44-9e0153704ffe" testId="613b595e-ec49-31b4-c0b2-da6962e466a7" testName="BadFactoryCreateServiceTest2" computerName="GBLOCK-3-17" duration="00:00:00.0063996" startTime="2011-04-14T01:01:35.6761648-07:00" endTime="2011-04-14T01:01:35.6831655-07:00" testType="13cdc9d9-ddb5-4fa4-a97d-d965ccfc6d4b" outcome="Passed" testListId="8c84fa94-04c1-424b-9868-57a2d4851a1d" relativeResultsDirectory="cd4509fd-ed55-46a2-8a44-9e0153704ffe">
    </UnitTestResult>
    <UnitTestResult executionId="5ed5f4a7-3e70-41a5-8d4d-963459f0b8b5" testId="53208d44-7ebf-8f61-ff34-6e86b16f849b" testName="BadFactoryCreateServiceTest3" computerName="GBLOCK-3-17" duration="00:00:00.0105539" startTime="2011-04-14T01:01:35.6861658-07:00" endTime="2011-04-14T01:01:35.6981670-07:00" testType="13cdc9d9-ddb5-4fa4-a97d-d965ccfc6d4b" outcome="Passed" testListId="8c84fa94-04c1-424b-9868-57a2d4851a1d" relativeResultsDirectory="5ed5f4a7-3e70-41a5-8d4d-963459f0b8b5">
    </UnitTestResult>
    <UnitTestResult executionId="570354c5-0772-4e7a-8ee4-33b23a8a7093" testId="ee76e7fa-a7ff-9a03-4f27-68597f9cafe6" testName="BadFactoryCreateServiceTest4" computerName="GBLOCK-3-17" duration="00:00:00.0069077" startTime="2011-04-14T01:01:35.7001672-07:00" endTime="2011-04-14T01:01:35.7091681-07:00" testType="13cdc9d9-ddb5-4fa4-a97d-d965ccfc6d4b" outcome="Passed" testListId="8c84fa94-04c1-424b-9868-57a2d4851a1d" relativeResultsDirectory="570354c5-0772-4e7a-8ee4-33b23a8a7093">
    </UnitTestResult>
    <UnitTestResult executionId="f00bdc3a-b5c9-4fa3-9893-702c3cd06a00" testId="ec033bcb-2956-4203-3c06-b674c9efc993" testName="BadFactoryCreateServiceTest5" computerName="GBLOCK-3-17" duration="00:00:00.0180818" startTime="2011-04-14T01:01:35.7111683-07:00" endTime="2011-04-14T01:01:35.7301702-07:00" testType="13cdc9d9-ddb5-4fa4-a97d-d965ccfc6d4b" outcome="Passed" testListId="8c84fa94-04c1-424b-9868-57a2d4851a1d" relativeResultsDirectory="f00bdc3a-b5c9-4fa3-9893-702c3cd06a00">
    </UnitTestResult>
    <UnitTestResult executionId="d1ed67c7-25a7-413c-8513-490d05c9ffbd" testId="0c0289b4-0c54-a912-0e0c-5ba53330197b" testName="BadFactoryCreateServiceTest6" computerName="GBLOCK-3-17" duration="00:00:00.0064139" startTime="2011-04-14T01:01:35.7321704-07:00" endTime="2011-04-14T01:01:35.7401712-07:00" testType="13cdc9d9-ddb5-4fa4-a97d-d965ccfc6d4b" outcome="Passed" testListId="8c84fa94-04c1-424b-9868-57a2d4851a1d" relativeResultsDirectory="d1ed67c7-25a7-413c-8513-490d05c9ffbd">
    </UnitTestResult>
    <UnitTestResult executionId="dd2d7f4e-51f4-4173-bc84-f00d41f95c71" testId="8cd6064a-e3e3-1790-d3d6-4ac48741e88a" testName="BadFactoryCreateServiceTest7" computerName="GBLOCK-3-17" duration="00:00:00.0089229" startTime="2011-04-14T01:01:35.7421714-07:00" endTime="2011-04-14T01:01:35.7531725-07:00" testType="13cdc9d9-ddb5-4fa4-a97d-d965ccfc6d4b" outcome="Passed" testListId="8c84fa94-04c1-424b-9868-57a2d4851a1d" relativeResultsDirectory="dd2d7f4e-51f4-4173-bc84-f00d41f95c71">
    </UnitTestResult>
    <UnitTestResult executionId="0e7786ae-84a1-4283-8756-1dd88fa9dc68" testId="54c216e1-4772-2649-8a5c-d7db7822e713" testName="BadFactoryCreateServiceTest8" computerName="GBLOCK-3-17" duration="00:00:00.0064562" startTime="2011-04-14T01:01:35.7581730-07:00" endTime="2011-04-14T01:01:35.7671739-07:00" testType="13cdc9d9-ddb5-4fa4-a97d-d965ccfc6d4b" outcome="Passed" testListId="8c84fa94-04c1-424b-9868-57a2d4851a1d" relativeResultsDirectory="0e7786ae-84a1-4283-8756-1dd88fa9dc68">
    </UnitTestResult>
    <UnitTestResult executionId="07adc541-d95b-4a0b-8c6e-f6a9c1487b4b" testId="a860909e-3f13-6741-df72-e637d9a7f7a6" testName="BadHandlerConstructorServiceTest1" computerName="GBLOCK-3-17" duration="00:00:00.0071260" startTime="2011-04-14T01:01:35.7691741-07:00" endTime="2011-04-14T01:01:35.7771749-07:00" testType="13cdc9d9-ddb5-4fa4-a97d-d965ccfc6d4b" outcome="Passed" testListId="8c84fa94-04c1-424b-9868-57a2d4851a1d" relativeResultsDirectory="07adc541-d95b-4a0b-8c6e-f6a9c1487b4b">
    </UnitTestResult>
    <UnitTestResult executionId="e6cdb46d-d8f9-45d3-9867-109b7f9ab86b" testId="eed9de61-fb8d-a6c7-a742-b900caff63b0" testName="BadHandlerConstructorServiceTest2" computerName="GBLOCK-3-17" duration="00:00:00.0066529" startTime="2011-04-14T01:01:35.7791751-07:00" endTime="2011-04-14T01:01:35.7881760-07:00" testType="13cdc9d9-ddb5-4fa4-a97d-d965ccfc6d4b" outcome="Passed" testListId="8c84fa94-04c1-424b-9868-57a2d4851a1d" relativeResultsDirectory="e6cdb46d-d8f9-45d3-9867-109b7f9ab86b">
    </UnitTestResult>
    <UnitTestResult executionId="e9333b0c-60e2-4771-bbfc-a49f5ccd8ef0" testId="2ec396c7-c6f2-5101-0282-8ae48619ff76" testName="BadHandlerConstructorServiceTest3" computerName="GBLOCK-3-17" duration="00:00:00.0079521" startTime="2011-04-14T01:01:35.7901762-07:00" endTime="2011-04-14T01:01:35.8001772-07:00" testType="13cdc9d9-ddb5-4fa4-a97d-d965ccfc6d4b" outcome="Passed" testListId="8c84fa94-04c1-424b-9868-57a2d4851a1d" relativeResultsDirectory="e9333b0c-60e2-4771-bbfc-a49f5ccd8ef0">
    </UnitTestResult>
    <UnitTestResult executionId="ca31cc6a-ea60-4323-bace-6f19061930af" testId="1859c005-c41d-189c-621c-78c4720795cd" testName="BadHandlerConstructorServiceTest4" computerName="GBLOCK-3-17" duration="00:00:00.0064897" startTime="2011-04-14T01:01:35.8021774-07:00" endTime="2011-04-14T01:01:35.8101782-07:00" testType="13cdc9d9-ddb5-4fa4-a97d-d965ccfc6d4b" outcome="Passed" testListId="8c84fa94-04c1-424b-9868-57a2d4851a1d" relativeResultsDirectory="ca31cc6a-ea60-4323-bace-6f19061930af">
    </UnitTestResult>
    <UnitTestResult executionId="3b2d9b28-ff41-429f-8fdb-d70c19e3fa7a" testId="6dac41d0-496c-1b5f-9088-2355223a6f55" testName="BadHandlerConstructorServiceTest5" computerName="GBLOCK-3-17" duration="00:00:00.0060813" startTime="2011-04-14T01:01:35.8121784-07:00" endTime="2011-04-14T01:01:35.8211793-07:00" testType="13cdc9d9-ddb5-4fa4-a97d-d965ccfc6d4b" outcome="Passed" testListId="8c84fa94-04c1-424b-9868-57a2d4851a1d" relativeResultsDirectory="3b2d9b28-ff41-429f-8fdb-d70c19e3fa7a">
    </UnitTestResult>
    <UnitTestResult executionId="efd2a796-06c0-4a06-b1fe-6dd488f784bb" testId="6d4bf016-2488-e0ab-1ee7-7635e95c916c" testName="BadHandlerConstructorServiceTest6" computerName="GBLOCK-3-17" duration="00:00:00.0068350" startTime="2011-04-14T01:01:35.8261798-07:00" endTime="2011-04-14T01:01:35.8341806-07:00" testType="13cdc9d9-ddb5-4fa4-a97d-d965ccfc6d4b" outcome="Passed" testListId="8c84fa94-04c1-424b-9868-57a2d4851a1d" relativeResultsDirectory="efd2a796-06c0-4a06-b1fe-6dd488f784bb">
    </UnitTestResult>
    <UnitTestResult executionId="d5a4db01-6565-4973-8c12-01b57aa28126" testId="cad5d31b-1f99-a197-0fbc-d204907c9be4" testName="BadHandlerConstructorServiceTest7" computerName="GBLOCK-3-17" duration="00:00:00.0065605" startTime="2011-04-14T01:01:35.8361808-07:00" endTime="2011-04-14T01:01:35.8451817-07:00" testType="13cdc9d9-ddb5-4fa4-a97d-d965ccfc6d4b" outcome="Passed" testListId="8c84fa94-04c1-424b-9868-57a2d4851a1d" relativeResultsDirectory="d5a4db01-6565-4973-8c12-01b57aa28126">
    </UnitTestResult>
    <UnitTestResult executionId="a5ad6ac8-0759-454b-9e3d-92a31c354e0a" testId="dd85f7a0-7f0e-3d5d-1a5b-192cf8b4325f" testName="BadHandlerConstructorServiceTest8" computerName="GBLOCK-3-17" duration="00:00:00.0085915" startTime="2011-04-14T01:01:35.8481820-07:00" endTime="2011-04-14T01:01:35.8591831-07:00" testType="13cdc9d9-ddb5-4fa4-a97d-d965ccfc6d4b" outcome="Passed" testListId="8c84fa94-04c1-424b-9868-57a2d4851a1d" relativeResultsDirectory="a5ad6ac8-0759-454b-9e3d-92a31c354e0a">
    </UnitTestResult>
    <UnitTestResult executionId="c9aedda1-f717-45a9-8a1f-c639b021dc53" testId="a65bcb6e-9094-121d-4876-44f925bde4b2" testName="BadServiceTest1" computerName="GBLOCK-3-17" duration="00:00:00.1069623" startTime="2011-04-14T01:01:35.8721844-07:00" endTime="2011-04-14T01:01:35.9901962-07:00" testType="13cdc9d9-ddb5-4fa4-a97d-d965ccfc6d4b" outcome="Passed" testListId="8c84fa94-04c1-424b-9868-57a2d4851a1d" relativeResultsDirectory="c9aedda1-f717-45a9-8a1f-c639b021dc53">
    </UnitTestResult>
    <UnitTestResult executionId="0996fad8-e97f-471f-9756-320e28835484" testId="dd35fdff-f919-a619-e9c7-09cd7aeac050" testName="BadServiceTest10" computerName="GBLOCK-3-17" duration="00:00:00.0107410" startTime="2011-04-14T01:01:35.9931965-07:00" endTime="2011-04-14T01:01:36.0051977-07:00" testType="13cdc9d9-ddb5-4fa4-a97d-d965ccfc6d4b" outcome="Passed" testListId="8c84fa94-04c1-424b-9868-57a2d4851a1d" relativeResultsDirectory="0996fad8-e97f-471f-9756-320e28835484">
    </UnitTestResult>
    <UnitTestResult executionId="4c7b7965-9658-4db2-9b0a-a5065bdeef11" testId="1ee922a7-65b9-2fdc-adf3-6d227b904657" testName="BadServiceTest11" computerName="GBLOCK-3-17" duration="00:00:00.0079898" startTime="2011-04-14T01:01:36.0081980-07:00" endTime="2011-04-14T01:01:36.0161988-07:00" testType="13cdc9d9-ddb5-4fa4-a97d-d965ccfc6d4b" outcome="Passed" testListId="8c84fa94-04c1-424b-9868-57a2d4851a1d" relativeResultsDirectory="4c7b7965-9658-4db2-9b0a-a5065bdeef11">
    </UnitTestResult>
    <UnitTestResult executionId="2db9981f-55df-430c-8ec2-7a29c39a0f55" testId="95e7a2c2-c743-82dd-9362-864774a395dd" testName="BadServiceTest12" computerName="GBLOCK-3-17" duration="00:00:00.0084236" startTime="2011-04-14T01:01:36.0191991-07:00" endTime="2011-04-14T01:01:36.0292001-07:00" testType="13cdc9d9-ddb5-4fa4-a97d-d965ccfc6d4b" outcome="Passed" testListId="8c84fa94-04c1-424b-9868-57a2d4851a1d" relativeResultsDirectory="2db9981f-55df-430c-8ec2-7a29c39a0f55">
    </UnitTestResult>
    <UnitTestResult executionId="e97f4a07-9d53-492c-bb1f-eae43637fa4c" testId="23325456-f439-8f34-e798-e7791270d6ba" testName="BadServiceTest13" computerName="GBLOCK-3-17" duration="00:00:00.0275722" startTime="2011-04-14T01:01:36.0312003-07:00" endTime="2011-04-14T01:01:36.0602032-07:00" testType="13cdc9d9-ddb5-4fa4-a97d-d965ccfc6d4b" outcome="Passed" testListId="8c84fa94-04c1-424b-9868-57a2d4851a1d" relativeResultsDirectory="e97f4a07-9d53-492c-bb1f-eae43637fa4c">
    </UnitTestResult>
    <UnitTestResult executionId="e96da4e1-aa20-4cd5-a6dd-7c2e838451b0" testId="d9b13593-d6b0-a191-75dd-51431b951ae2" testName="BadServiceTest14" computerName="GBLOCK-3-17" duration="00:00:00.0183640" startTime="2011-04-14T01:01:36.0622034-07:00" endTime="2011-04-14T01:01:36.0832055-07:00" testType="13cdc9d9-ddb5-4fa4-a97d-d965ccfc6d4b" outcome="Passed" testListId="8c84fa94-04c1-424b-9868-57a2d4851a1d" relativeResultsDirectory="e96da4e1-aa20-4cd5-a6dd-7c2e838451b0">
    </UnitTestResult>
    <UnitTestResult executionId="b5e47436-0df3-4300-a276-f223220e5f61" testId="c7f26818-6ec1-38c9-074d-958b970a4468" testName="BadServiceTest15" computerName="GBLOCK-3-17" duration="00:00:00.0133390" startTime="2011-04-14T01:01:36.0862058-07:00" endTime="2011-04-14T01:01:36.1022074-07:00" testType="13cdc9d9-ddb5-4fa4-a97d-d965ccfc6d4b" outcome="Passed" testListId="8c84fa94-04c1-424b-9868-57a2d4851a1d" relativeResultsDirectory="b5e47436-0df3-4300-a276-f223220e5f61">
    </UnitTestResult>
    <UnitTestResult executionId="056ca9cf-a849-4536-96a8-acd6ff65b580" testId="89d498b9-1f29-0f06-ef8c-50ec106d28db" testName="BadServiceTest16" computerName="GBLOCK-3-17" duration="00:00:00.0125995" startTime="2011-04-14T01:01:36.1132085-07:00" endTime="2011-04-14T01:01:36.1282100-07:00" testType="13cdc9d9-ddb5-4fa4-a97d-d965ccfc6d4b" outcome="Passed" testListId="8c84fa94-04c1-424b-9868-57a2d4851a1d" relativeResultsDirectory="056ca9cf-a849-4536-96a8-acd6ff65b580">
    </UnitTestResult>
    <UnitTestResult executionId="e9816336-4286-4606-9f06-b1ccdb963d8c" testId="e16a7714-c8b4-560a-1dbf-b6a2bb03c6e0" testName="BadServiceTest2" computerName="GBLOCK-3-17" duration="00:00:00.0161606" startTime="2011-04-14T01:01:36.1432115-07:00" endTime="2011-04-14T01:01:36.1602132-07:00" testType="13cdc9d9-ddb5-4fa4-a97d-d965ccfc6d4b" outcome="Passed" testListId="8c84fa94-04c1-424b-9868-57a2d4851a1d" relativeResultsDirectory="e9816336-4286-4606-9f06-b1ccdb963d8c">
    </UnitTestResult>
    <UnitTestResult executionId="5109e6f4-0d92-4eef-90fb-598a6dd5b206" testId="8e786cfe-2b22-d37a-825c-b0a893bc1c09" testName="BadServiceTest3" computerName="GBLOCK-3-17" duration="00:00:00.0070344" startTime="2011-04-14T01:01:36.1622134-07:00" endTime="2011-04-14T01:01:36.1702142-07:00" testType="13cdc9d9-ddb5-4fa4-a97d-d965ccfc6d4b" outcome="Passed" testListId="8c84fa94-04c1-424b-9868-57a2d4851a1d" relativeResultsDirectory="5109e6f4-0d92-4eef-90fb-598a6dd5b206">
    </UnitTestResult>
    <UnitTestResult executionId="8b020488-a8a1-4385-9c39-5daafe1b262e" testId="5069fb9b-b7f9-ec22-1d16-8b01ef12321c" testName="BadServiceTest4" computerName="GBLOCK-3-17" duration="00:00:00.0071953" startTime="2011-04-14T01:01:36.1722144-07:00" endTime="2011-04-14T01:01:36.1812153-07:00" testType="13cdc9d9-ddb5-4fa4-a97d-d965ccfc6d4b" outcome="Passed" testListId="8c84fa94-04c1-424b-9868-57a2d4851a1d" relativeResultsDirectory="8b020488-a8a1-4385-9c39-5daafe1b262e">
    </UnitTestResult>
    <UnitTestResult executionId="587150d8-962d-4b3d-86ef-3be870610f6d" testId="b2428557-711e-4938-fab9-28f9de600e5c" testName="BadServiceTest5" computerName="GBLOCK-3-17" duration="00:00:00.0104546" startTime="2011-04-14T01:01:36.1832155-07:00" endTime="2011-04-14T01:01:36.1952167-07:00" testType="13cdc9d9-ddb5-4fa4-a97d-d965ccfc6d4b" outcome="Passed" testListId="8c84fa94-04c1-424b-9868-57a2d4851a1d" relativeResultsDirectory="587150d8-962d-4b3d-86ef-3be870610f6d">
    </UnitTestResult>
    <UnitTestResult executionId="4a7ca58a-a90d-468a-a353-a09fda2a49a7" testId="54f876a2-f3b7-af17-f273-6222fe96e7b3" testName="BadServiceTest6" computerName="GBLOCK-3-17" duration="00:00:00.0089333" startTime="2011-04-14T01:01:36.1982170-07:00" endTime="2011-04-14T01:01:36.2082180-07:00" testType="13cdc9d9-ddb5-4fa4-a97d-d965ccfc6d4b" outcome="Passed" testListId="8c84fa94-04c1-424b-9868-57a2d4851a1d" relativeResultsDirectory="4a7ca58a-a90d-468a-a353-a09fda2a49a7">
    </UnitTestResult>
    <UnitTestResult executionId="53e3f650-5bc2-4518-a883-b04596616628" testId="13872f40-d205-120c-e3f2-0ffb4de75902" testName="BadServiceTest7" computerName="GBLOCK-3-17" duration="00:00:00.0077642" startTime="2011-04-14T01:01:36.2112183-07:00" endTime="2011-04-14T01:01:36.2202192-07:00" testType="13cdc9d9-ddb5-4fa4-a97d-d965ccfc6d4b" outcome="Passed" testListId="8c84fa94-04c1-424b-9868-57a2d4851a1d" relativeResultsDirectory="53e3f650-5bc2-4518-a883-b04596616628">
    </UnitTestResult>
    <UnitTestResult executionId="10db0e32-1bc7-424d-8817-fa3fe3784756" testId="fc7c1490-991d-be47-233a-82781eb03d45" testName="BadServiceTest8" computerName="GBLOCK-3-17" duration="00:00:00.0090700" startTime="2011-04-14T01:01:36.2232195-07:00" endTime="2011-04-14T01:01:36.2352207-07:00" testType="13cdc9d9-ddb5-4fa4-a97d-d965ccfc6d4b" outcome="Passed" testListId="8c84fa94-04c1-424b-9868-57a2d4851a1d" relativeResultsDirectory="10db0e32-1bc7-424d-8817-fa3fe3784756">
    </UnitTestResult>
    <UnitTestResult executionId="234443c1-60e4-4c03-92e2-a88f86f3df21" testId="80e20a42-50ed-becb-f978-694cbe01575d" testName="BadServiceTest9" computerName="GBLOCK-3-17" duration="00:00:00.0078081" startTime="2011-04-14T01:01:36.2382210-07:00" endTime="2011-04-14T01:01:36.2472219-07:00" testType="13cdc9d9-ddb5-4fa4-a97d-d965ccfc6d4b" outcome="Passed" testListId="8c84fa94-04c1-424b-9868-57a2d4851a1d" relativeResultsDirectory="234443c1-60e4-4c03-92e2-a88f86f3df21">
    </UnitTestResult>
    <UnitTestResult executionId="deeef74d-4911-4aea-a76d-e01a4f71dd7a" testId="d07e7a70-d12d-b415-1757-8eec6510fbde" testName="BasicChannelTest1" computerName="GBLOCK-3-17" duration="00:00:00.5141262" startTime="2011-04-14T01:01:36.2492221-07:00" endTime="2011-04-14T01:01:36.7652737-07:00" testType="13cdc9d9-ddb5-4fa4-a97d-d965ccfc6d4b" outcome="Passed" testListId="8c84fa94-04c1-424b-9868-57a2d4851a1d" relativeResultsDirectory="deeef74d-4911-4aea-a76d-e01a4f71dd7a">
    </UnitTestResult>
    <UnitTestResult executionId="b01c17ce-5316-491c-97a1-e4ad68aee11e" testId="9e0d1c1a-2ef6-3c5e-7046-933f5e56231e" testName="BasicChannelTest2" computerName="GBLOCK-3-17" duration="00:00:00.5053464" startTime="2011-04-14T01:01:36.7682740-07:00" endTime="2011-04-14T01:01:37.2743246-07:00" testType="13cdc9d9-ddb5-4fa4-a97d-d965ccfc6d4b" outcome="Passed" testListId="8c84fa94-04c1-424b-9868-57a2d4851a1d" relativeResultsDirectory="b01c17ce-5316-491c-97a1-e4ad68aee11e">
    </UnitTestResult>
    <UnitTestResult executionId="62704728-4bde-4142-83bb-7ebc3d55b662" testId="5d10f5d5-4ebc-9a58-51dd-f5657b710a11" testName="BasicChannelTest3" computerName="GBLOCK-3-17" duration="00:00:00.5048002" startTime="2011-04-14T01:01:37.2763248-07:00" endTime="2011-04-14T01:01:37.7843756-07:00" testType="13cdc9d9-ddb5-4fa4-a97d-d965ccfc6d4b" outcome="Passed" testListId="8c84fa94-04c1-424b-9868-57a2d4851a1d" relativeResultsDirectory="62704728-4bde-4142-83bb-7ebc3d55b662">
    </UnitTestResult>
    <UnitTestResult executionId="0c9faaa3-30ea-4147-90df-1a80204dc308" testId="1e1c294a-71a3-3646-0a37-cb8736eb4aaa" testName="BasicChannelTest4" computerName="GBLOCK-3-17" duration="00:00:00.5058430" startTime="2011-04-14T01:01:37.7853757-07:00" endTime="2011-04-14T01:01:38.2934265-07:00" testType="13cdc9d9-ddb5-4fa4-a97d-d965ccfc6d4b" outcome="Passed" testListId="8c84fa94-04c1-424b-9868-57a2d4851a1d" relativeResultsDirectory="0c9faaa3-30ea-4147-90df-1a80204dc308">
    </UnitTestResult>
    <UnitTestResult executionId="414d98b5-a79f-491b-a6e3-6d10a2ee5837" testId="a506f3b0-a995-c104-a48f-83489b9a9936" testName="BasicHandlerTest1" computerName="GBLOCK-3-17" duration="00:00:00.0085726" startTime="2011-04-14T01:01:38.3054277-07:00" endTime="2011-04-14T01:01:38.3154287-07:00" testType="13cdc9d9-ddb5-4fa4-a97d-d965ccfc6d4b" outcome="Passed" testListId="8c84fa94-04c1-424b-9868-57a2d4851a1d" relativeResultsDirectory="414d98b5-a79f-491b-a6e3-6d10a2ee5837">
    </UnitTestResult>
    <UnitTestResult executionId="6ab9b8fc-cac5-45a0-b3aa-6f5c90e71776" testId="00974b13-23b1-2bed-9cc8-323ff5051909" testName="BasicHandlerTest2" computerName="GBLOCK-3-17" duration="00:00:00.0065598" startTime="2011-04-14T01:01:38.3174289-07:00" endTime="2011-04-14T01:01:38.3264298-07:00" testType="13cdc9d9-ddb5-4fa4-a97d-d965ccfc6d4b" outcome="Passed" testListId="8c84fa94-04c1-424b-9868-57a2d4851a1d" relativeResultsDirectory="6ab9b8fc-cac5-45a0-b3aa-6f5c90e71776">
    </UnitTestResult>
    <UnitTestResult executionId="b47763b7-49ec-436f-9c4a-321b85110369" testId="76494668-3e2e-cc4d-cfbe-61eb885a3477" testName="BasicHandlerTest3" computerName="GBLOCK-3-17" duration="00:00:00.0061667" startTime="2011-04-14T01:01:38.3284300-07:00" endTime="2011-04-14T01:01:38.3354307-07:00" testType="13cdc9d9-ddb5-4fa4-a97d-d965ccfc6d4b" outcome="Passed" testListId="8c84fa94-04c1-424b-9868-57a2d4851a1d" relativeResultsDirectory="b47763b7-49ec-436f-9c4a-321b85110369">
    </UnitTestResult>
    <UnitTestResult executionId="cfdcc309-1b2b-4608-9042-7d7fee8b15a0" testId="728aa50a-12d3-dd84-1eca-920579aec9cf" testName="BasicHandlerTest4" computerName="GBLOCK-3-17" duration="00:00:00.0073181" startTime="2011-04-14T01:01:38.3384310-07:00" endTime="2011-04-14T01:01:38.3474319-07:00" testType="13cdc9d9-ddb5-4fa4-a97d-d965ccfc6d4b" outcome="Passed" testListId="8c84fa94-04c1-424b-9868-57a2d4851a1d" relativeResultsDirectory="cfdcc309-1b2b-4608-9042-7d7fee8b15a0">
    </UnitTestResult>
    <UnitTestResult executionId="c9ba9ae4-40ed-4b4f-81e7-5ecde7b493e2" testId="6017a30c-7173-e03b-4409-2c509b51f006" testName="CloseChannelTestA1" computerName="GBLOCK-3-17" duration="00:00:00.0117291" startTime="2011-04-14T01:01:38.3494321-07:00" endTime="2011-04-14T01:01:38.3634335-07:00" testType="13cdc9d9-ddb5-4fa4-a97d-d965ccfc6d4b" outcome="Passed" testListId="8c84fa94-04c1-424b-9868-57a2d4851a1d" relativeResultsDirectory="c9ba9ae4-40ed-4b4f-81e7-5ecde7b493e2">
    </UnitTestResult>
    <UnitTestResult executionId="ced38fee-0f82-43c0-98dc-ca443e36d9d9" testId="51427f18-dbbe-6335-d57e-bceedb6cc7f2" testName="CloseChannelTestA2" computerName="GBLOCK-3-17" duration="00:00:00.0062880" startTime="2011-04-14T01:01:38.3654337-07:00" endTime="2011-04-14T01:01:38.3734345-07:00" testType="13cdc9d9-ddb5-4fa4-a97d-d965ccfc6d4b" outcome="Passed" testListId="8c84fa94-04c1-424b-9868-57a2d4851a1d" relativeResultsDirectory="ced38fee-0f82-43c0-98dc-ca443e36d9d9">
    </UnitTestResult>
    <UnitTestResult executionId="a6091747-425a-4ce7-86bf-f40d5d6746bd" testId="40a359c7-cee4-f44d-5939-2e397482725e" testName="CloseChannelTestA3" computerName="GBLOCK-3-17" duration="00:00:00.0069081" startTime="2011-04-14T01:01:38.3754347-07:00" endTime="2011-04-14T01:01:38.3834355-07:00" testType="13cdc9d9-ddb5-4fa4-a97d-d965ccfc6d4b" outcome="Passed" testListId="8c84fa94-04c1-424b-9868-57a2d4851a1d" relativeResultsDirectory="a6091747-425a-4ce7-86bf-f40d5d6746bd">
    </UnitTestResult>
    <UnitTestResult executionId="97b3f6b0-2da6-4322-91d1-907de417c469" testId="e27bd274-38da-fc6b-41ae-e563e815e834" testName="CloseChannelTestA4" computerName="GBLOCK-3-17" duration="00:00:00.0064893" startTime="2011-04-14T01:01:38.3864358-07:00" endTime="2011-04-14T01:01:38.3944366-07:00" testType="13cdc9d9-ddb5-4fa4-a97d-d965ccfc6d4b" outcome="Passed" testListId="8c84fa94-04c1-424b-9868-57a2d4851a1d" relativeResultsDirectory="97b3f6b0-2da6-4322-91d1-907de417c469">
    </UnitTestResult>
    <UnitTestResult executionId="f889f4aa-d23c-4343-8f2f-868e803d555b" testId="968fa18a-1396-3b38-113b-54a9cdfa6d21" testName="CloseChannelTestA5" computerName="GBLOCK-3-17" duration="00:00:00.0058491" startTime="2011-04-14T01:01:38.3964368-07:00" endTime="2011-04-14T01:01:38.4024374-07:00" testType="13cdc9d9-ddb5-4fa4-a97d-d965ccfc6d4b" outcome="Passed" testListId="8c84fa94-04c1-424b-9868-57a2d4851a1d" relativeResultsDirectory="f889f4aa-d23c-4343-8f2f-868e803d555b">
    </UnitTestResult>
    <UnitTestResult executionId="8b9c0269-2a14-497d-aff4-28987def8600" testId="a30cf6f3-36f1-4880-3883-e34824969c70" testName="CloseChannelTestA6" computerName="GBLOCK-3-17" duration="00:00:00.0078466" startTime="2011-04-14T01:01:38.4054377-07:00" endTime="2011-04-14T01:01:38.4144386-07:00" testType="13cdc9d9-ddb5-4fa4-a97d-d965ccfc6d4b" outcome="Passed" testListId="8c84fa94-04c1-424b-9868-57a2d4851a1d" relativeResultsDirectory="8b9c0269-2a14-497d-aff4-28987def8600">
    </UnitTestResult>
    <UnitTestResult executionId="21b7d661-1867-492a-ad1b-fdac31ce001c" testId="b33ec5ba-100f-41ef-fa59-01ad28252c50" testName="CloseChannelTestA7" computerName="GBLOCK-3-17" duration="00:00:00.0065147" startTime="2011-04-14T01:01:38.4164388-07:00" endTime="2011-04-14T01:01:38.4244396-07:00" testType="13cdc9d9-ddb5-4fa4-a97d-d965ccfc6d4b" outcome="Passed" testListId="8c84fa94-04c1-424b-9868-57a2d4851a1d" relativeResultsDirectory="21b7d661-1867-492a-ad1b-fdac31ce001c">
    </UnitTestResult>
    <UnitTestResult executionId="4effce0b-4c39-41b6-a86f-9b3152263b3b" testId="b49b33eb-d370-4ad0-7b64-cc3658d5b07e" testName="CloseChannelTestA8" computerName="GBLOCK-3-17" duration="00:00:00.0065393" startTime="2011-04-14T01:01:38.4264398-07:00" endTime="2011-04-14T01:01:38.4334405-07:00" testType="13cdc9d9-ddb5-4fa4-a97d-d965ccfc6d4b" outcome="Passed" testListId="8c84fa94-04c1-424b-9868-57a2d4851a1d" relativeResultsDirectory="4effce0b-4c39-41b6-a86f-9b3152263b3b">
    </UnitTestResult>
    <UnitTestResult executionId="725fa03c-9865-4f52-94a5-e5f402f61770" testId="d7c1ca46-a924-daf6-2705-4c58c6de0ea7" testName="CloseChannelTestB1" computerName="GBLOCK-3-17" duration="00:00:00.0066737" startTime="2011-04-14T01:01:38.4364408-07:00" endTime="2011-04-14T01:01:38.4434415-07:00" testType="13cdc9d9-ddb5-4fa4-a97d-d965ccfc6d4b" outcome="Passed" testListId="8c84fa94-04c1-424b-9868-57a2d4851a1d" relativeResultsDirectory="725fa03c-9865-4f52-94a5-e5f402f61770">
    </UnitTestResult>
    <UnitTestResult executionId="d9077e9d-0843-4a2d-b835-94b7e277563a" testId="0122dd7c-0391-5e8c-973b-48ccaa14a19f" testName="CloseChannelTestB2" computerName="GBLOCK-3-17" duration="00:00:00.0065952" startTime="2011-04-14T01:01:38.4464418-07:00" endTime="2011-04-14T01:01:38.4534425-07:00" testType="13cdc9d9-ddb5-4fa4-a97d-d965ccfc6d4b" outcome="Passed" testListId="8c84fa94-04c1-424b-9868-57a2d4851a1d" relativeResultsDirectory="d9077e9d-0843-4a2d-b835-94b7e277563a">
    </UnitTestResult>
    <UnitTestResult executionId="ff8d1792-c142-439f-adbf-672982d1fe35" testId="7a909e8f-99fb-fd5c-e4a3-54e1556a0abd" testName="CloseChannelTestB3" computerName="GBLOCK-3-17" duration="00:00:00.0084398" startTime="2011-04-14T01:01:38.4564428-07:00" endTime="2011-04-14T01:01:38.4654437-07:00" testType="13cdc9d9-ddb5-4fa4-a97d-d965ccfc6d4b" outcome="Passed" testListId="8c84fa94-04c1-424b-9868-57a2d4851a1d" relativeResultsDirectory="ff8d1792-c142-439f-adbf-672982d1fe35">
    </UnitTestResult>
    <UnitTestResult executionId="6c6f5ee6-6021-46b6-9a9f-54e7c4d330f7" testId="a50fe969-a2c5-91c2-a490-3b1eb7082e30" testName="CloseChannelTestB4" computerName="GBLOCK-3-17" duration="00:00:00.0067249" startTime="2011-04-14T01:01:38.4684440-07:00" endTime="2011-04-14T01:01:38.4774449-07:00" testType="13cdc9d9-ddb5-4fa4-a97d-d965ccfc6d4b" outcome="Passed" testListId="8c84fa94-04c1-424b-9868-57a2d4851a1d" relativeResultsDirectory="6c6f5ee6-6021-46b6-9a9f-54e7c4d330f7">
    </UnitTestResult>
    <UnitTestResult executionId="184c8295-e32c-4da1-b2af-da04c6303149" testId="e522e006-cf7d-fcdf-6d06-3c2566f71474" testName="CloseChannelTestB5" computerName="GBLOCK-3-17" duration="00:00:00.0185846" startTime="2011-04-14T01:01:38.4794451-07:00" endTime="2011-04-14T01:01:38.5004472-07:00" testType="13cdc9d9-ddb5-4fa4-a97d-d965ccfc6d4b" outcome="Passed" testListId="8c84fa94-04c1-424b-9868-57a2d4851a1d" relativeResultsDirectory="184c8295-e32c-4da1-b2af-da04c6303149">
    </UnitTestResult>
    <UnitTestResult executionId="5d8f04d2-088a-42d6-a868-aa5cb542b6e2" testId="134b69af-db08-c333-6962-d001ab7492a7" testName="CloseChannelTestB6" computerName="GBLOCK-3-17" duration="00:00:00.0082162" startTime="2011-04-14T01:01:38.5124484-07:00" endTime="2011-04-14T01:01:38.5244496-07:00" testType="13cdc9d9-ddb5-4fa4-a97d-d965ccfc6d4b" outcome="Passed" testListId="8c84fa94-04c1-424b-9868-57a2d4851a1d" relativeResultsDirectory="5d8f04d2-088a-42d6-a868-aa5cb542b6e2">
    </UnitTestResult>
    <UnitTestResult executionId="1a67882b-f1b7-432c-b0b0-ab759e419aa0" testId="2361eac4-2161-83e0-d057-d9e8a2cd7b49" testName="CloseChannelTestB7" computerName="GBLOCK-3-17" duration="00:00:00.0124644" startTime="2011-04-14T01:01:38.5374509-07:00" endTime="2011-04-14T01:01:38.5514523-07:00" testType="13cdc9d9-ddb5-4fa4-a97d-d965ccfc6d4b" outcome="Passed" testListId="8c84fa94-04c1-424b-9868-57a2d4851a1d" relativeResultsDirectory="1a67882b-f1b7-432c-b0b0-ab759e419aa0">
    </UnitTestResult>
    <UnitTestResult executionId="0ff71799-f5ca-4a10-9518-0c8814d3df24" testId="47d545f5-b7ca-cd09-9597-ae3302bfea47" testName="CloseChannelTestB8" computerName="GBLOCK-3-17" duration="00:00:00.0093452" startTime="2011-04-14T01:01:38.5654537-07:00" endTime="2011-04-14T01:01:38.5764548-07:00" testType="13cdc9d9-ddb5-4fa4-a97d-d965ccfc6d4b" outcome="Passed" testListId="8c84fa94-04c1-424b-9868-57a2d4851a1d" relativeResultsDirectory="0ff71799-f5ca-4a10-9518-0c8814d3df24">
    </UnitTestResult>
    <UnitTestResult executionId="a0b43ebd-2a8e-4ef8-af04-903d9565a618" testId="8d276502-50cf-4b37-8985-c093fef9c816" testName="CloseRequestContextTestA1" computerName="GBLOCK-3-17" duration="00:00:00.0096451" startTime="2011-04-14T01:01:38.5894561-07:00" endTime="2011-04-14T01:01:38.6004572-07:00" testType="13cdc9d9-ddb5-4fa4-a97d-d965ccfc6d4b" outcome="Passed" testListId="8c84fa94-04c1-424b-9868-57a2d4851a1d" relativeResultsDirectory="a0b43ebd-2a8e-4ef8-af04-903d9565a618">
    </UnitTestResult>
    <UnitTestResult executionId="32e2545f-d1b7-4169-85a5-1411b84f1b4d" testId="be343ec3-9522-070d-7059-0a1dbd7ff0a4" testName="CloseRequestContextTestA2" computerName="GBLOCK-3-17" duration="00:00:00.0068138" startTime="2011-04-14T01:01:38.6024574-07:00" endTime="2011-04-14T01:01:38.6104582-07:00" testType="13cdc9d9-ddb5-4fa4-a97d-d965ccfc6d4b" outcome="Passed" testListId="8c84fa94-04c1-424b-9868-57a2d4851a1d" relativeResultsDirectory="32e2545f-d1b7-4169-85a5-1411b84f1b4d">
    </UnitTestResult>
    <UnitTestResult executionId="ccb2ed8c-1260-4d91-9ba6-5e9ea2292f77" testId="f6cde357-e1d4-53a8-e3fe-b3cc8d27f208" testName="CloseRequestContextTestA3" computerName="GBLOCK-3-17" duration="00:00:00.0061729" startTime="2011-04-14T01:01:38.6134585-07:00" endTime="2011-04-14T01:01:38.6204592-07:00" testType="13cdc9d9-ddb5-4fa4-a97d-d965ccfc6d4b" outcome="Passed" testListId="8c84fa94-04c1-424b-9868-57a2d4851a1d" relativeResultsDirectory="ccb2ed8c-1260-4d91-9ba6-5e9ea2292f77">
    </UnitTestResult>
    <UnitTestResult executionId="1d62ee9c-3917-4c2e-b69e-ab0bc0ed5f03" testId="2d2259de-e308-659d-de99-6be3f1b5a5b1" testName="CloseRequestContextTestA4" computerName="GBLOCK-3-17" duration="00:00:00.0077311" startTime="2011-04-14T01:01:38.6234595-07:00" endTime="2011-04-14T01:01:38.6314603-07:00" testType="13cdc9d9-ddb5-4fa4-a97d-d965ccfc6d4b" outcome="Passed" testListId="8c84fa94-04c1-424b-9868-57a2d4851a1d" relativeResultsDirectory="1d62ee9c-3917-4c2e-b69e-ab0bc0ed5f03">
    </UnitTestResult>
    <UnitTestResult executionId="35564cbe-a895-497b-9f4d-0c6c5ae8f1af" testId="e66ac091-c9fb-b667-81c5-57b92869fcf7" testName="CloseRequestContextTestB1" computerName="GBLOCK-3-17" duration="00:00:00.0078170" startTime="2011-04-14T01:01:38.6344606-07:00" endTime="2011-04-14T01:01:38.6434615-07:00" testType="13cdc9d9-ddb5-4fa4-a97d-d965ccfc6d4b" outcome="Passed" testListId="8c84fa94-04c1-424b-9868-57a2d4851a1d" relativeResultsDirectory="35564cbe-a895-497b-9f4d-0c6c5ae8f1af">
    </UnitTestResult>
    <UnitTestResult executionId="e3183758-d75f-467d-9e73-c542ba609f67" testId="207c0220-6db0-72b3-aa3e-c427e58288b2" testName="CloseRequestContextTestB2" computerName="GBLOCK-3-17" duration="00:00:00.0063403" startTime="2011-04-14T01:01:38.6454617-07:00" endTime="2011-04-14T01:01:38.6534625-07:00" testType="13cdc9d9-ddb5-4fa4-a97d-d965ccfc6d4b" outcome="Passed" testListId="8c84fa94-04c1-424b-9868-57a2d4851a1d" relativeResultsDirectory="e3183758-d75f-467d-9e73-c542ba609f67">
    </UnitTestResult>
    <UnitTestResult executionId="7cd17edb-3394-4689-a3d6-d8c426ad6311" testId="6eb79656-ec26-6daf-ae10-a85d05c13881" testName="CloseRequestContextTestB3" computerName="GBLOCK-3-17" duration="00:00:00.0055951" startTime="2011-04-14T01:01:38.6554627-07:00" endTime="2011-04-14T01:01:38.6624634-07:00" testType="13cdc9d9-ddb5-4fa4-a97d-d965ccfc6d4b" outcome="Passed" testListId="8c84fa94-04c1-424b-9868-57a2d4851a1d" relativeResultsDirectory="7cd17edb-3394-4689-a3d6-d8c426ad6311">
    </UnitTestResult>
    <UnitTestResult executionId="036009b3-f021-4651-b6d0-23d82959ed77" testId="1b8c4fa3-0cd5-af7b-e3bc-0ea95a970937" testName="CloseRequestContextTestB4" computerName="GBLOCK-3-17" duration="00:00:00.0061948" startTime="2011-04-14T01:01:38.6644636-07:00" endTime="2011-04-14T01:01:38.6724644-07:00" testType="13cdc9d9-ddb5-4fa4-a97d-d965ccfc6d4b" outcome="Passed" testListId="8c84fa94-04c1-424b-9868-57a2d4851a1d" relativeResultsDirectory="036009b3-f021-4651-b6d0-23d82959ed77">
    </UnitTestResult>
    <UnitTestResult executionId="95cb4180-3057-4933-8f59-b5845a98cd29" testId="56f4ffe3-a3c9-b025-e78f-6ef339bba29b" testName="DisposeHandlerTest1" computerName="GBLOCK-3-17" duration="00:00:00.0097586" startTime="2011-04-14T01:01:38.6744646-07:00" endTime="2011-04-14T01:01:38.6854657-07:00" testType="13cdc9d9-ddb5-4fa4-a97d-d965ccfc6d4b" outcome="Passed" testListId="8c84fa94-04c1-424b-9868-57a2d4851a1d" relativeResultsDirectory="95cb4180-3057-4933-8f59-b5845a98cd29">
    </UnitTestResult>
    <UnitTestResult executionId="6cda593c-da4f-4ed8-8339-ec5de6ca6456" testId="81392819-ab4a-6d43-f4f9-66d77a325c4c" testName="DisposeHandlerTest2" computerName="GBLOCK-3-17" duration="00:00:00.0067572" startTime="2011-04-14T01:01:38.6884660-07:00" endTime="2011-04-14T01:01:38.6964668-07:00" testType="13cdc9d9-ddb5-4fa4-a97d-d965ccfc6d4b" outcome="Passed" testListId="8c84fa94-04c1-424b-9868-57a2d4851a1d" relativeResultsDirectory="6cda593c-da4f-4ed8-8339-ec5de6ca6456">
    </UnitTestResult>
    <UnitTestResult executionId="68272e41-9e47-4a02-9682-b30b6c174e4a" testId="1ea82097-5e7a-0044-b688-4f5c8b6b137c" testName="DisposeHandlerTest3" computerName="GBLOCK-3-17" duration="00:00:00.0076441" startTime="2011-04-14T01:01:38.6994671-07:00" endTime="2011-04-14T01:01:38.7074679-07:00" testType="13cdc9d9-ddb5-4fa4-a97d-d965ccfc6d4b" outcome="Passed" testListId="8c84fa94-04c1-424b-9868-57a2d4851a1d" relativeResultsDirectory="68272e41-9e47-4a02-9682-b30b6c174e4a">
    </UnitTestResult>
    <UnitTestResult executionId="26809af6-6b4c-4631-862d-9c6a56603ee4" testId="a4f94445-9002-6507-3dbc-f8a455aa8fbb" testName="DisposeHandlerTest4" computerName="GBLOCK-3-17" duration="00:00:00.0070225" startTime="2011-04-14T01:01:38.7094681-07:00" endTime="2011-04-14T01:01:38.7174689-07:00" testType="13cdc9d9-ddb5-4fa4-a97d-d965ccfc6d4b" outcome="Passed" testListId="8c84fa94-04c1-424b-9868-57a2d4851a1d" relativeResultsDirectory="26809af6-6b4c-4631-862d-9c6a56603ee4">
    </UnitTestResult>
    <UnitTestResult executionId="322ac6d1-c270-48d3-9d1b-1c73cdd274dd" testId="a90a1c66-082c-6abf-3889-c5b405b617e6" testName="HeaderHandlerTest1" computerName="GBLOCK-3-17" duration="00:00:00.0136935" startTime="2011-04-14T01:01:38.7204692-07:00" endTime="2011-04-14T01:01:38.7364708-07:00" testType="13cdc9d9-ddb5-4fa4-a97d-d965ccfc6d4b" outcome="Passed" testListId="8c84fa94-04c1-424b-9868-57a2d4851a1d" relativeResultsDirectory="322ac6d1-c270-48d3-9d1b-1c73cdd274dd">
    </UnitTestResult>
    <UnitTestResult executionId="8c0cce82-1548-40c6-b525-9ceba10d4908" testId="f1bb6284-63ad-697b-0d64-f7453f48062c" testName="HeaderHandlerTest2" computerName="GBLOCK-3-17" duration="00:00:00.0092994" startTime="2011-04-14T01:01:38.7484720-07:00" endTime="2011-04-14T01:01:38.7594731-07:00" testType="13cdc9d9-ddb5-4fa4-a97d-d965ccfc6d4b" outcome="Passed" testListId="8c84fa94-04c1-424b-9868-57a2d4851a1d" relativeResultsDirectory="8c0cce82-1548-40c6-b525-9ceba10d4908">
    </UnitTestResult>
    <UnitTestResult executionId="1d9e7c7a-e0ca-4583-9e56-4c491c45f72b" testId="a5d947ab-b8dd-3c43-0381-5cfeb96b4701" testName="HeaderHandlerTest3" computerName="GBLOCK-3-17" duration="00:00:00.0089730" startTime="2011-04-14T01:01:38.7744746-07:00" endTime="2011-04-14T01:01:38.7864758-07:00" testType="13cdc9d9-ddb5-4fa4-a97d-d965ccfc6d4b" outcome="Passed" testListId="8c84fa94-04c1-424b-9868-57a2d4851a1d" relativeResultsDirectory="1d9e7c7a-e0ca-4583-9e56-4c491c45f72b">
    </UnitTestResult>
    <UnitTestResult executionId="062158d4-0526-4cfc-a4ff-b904777cfc1c" testId="ab32c913-4dd3-a3a1-4844-d6c3e8782d51" testName="HeaderHandlerTest4" computerName="GBLOCK-3-17" duration="00:00:00.0100908" startTime="2011-04-14T01:01:38.7904762-07:00" endTime="2011-04-14T01:01:38.8024774-07:00" testType="13cdc9d9-ddb5-4fa4-a97d-d965ccfc6d4b" outcome="Passed" testListId="8c84fa94-04c1-424b-9868-57a2d4851a1d" relativeResultsDirectory="062158d4-0526-4cfc-a4ff-b904777cfc1c">
    </UnitTestResult>
    <UnitTestResult executionId="7a815efe-8bb6-4ed8-8b35-8ac1b7b19740" testId="1de8a50d-9efb-eb11-123e-8ae622de1d71" testName="MethodNotAllowedServiceTest1" computerName="GBLOCK-3-17" duration="00:00:00.0528660" startTime="2011-04-14T01:01:38.8104782-07:00" endTime="2011-04-14T01:01:38.8644836-07:00" testType="13cdc9d9-ddb5-4fa4-a97d-d965ccfc6d4b" outcome="Passed" testListId="8c84fa94-04c1-424b-9868-57a2d4851a1d" relativeResultsDirectory="7a815efe-8bb6-4ed8-8b35-8ac1b7b19740">
    </UnitTestResult>
    <UnitTestResult executionId="ab65cdd1-364b-4aa0-8e2b-b0d9b997b221" testId="8e1d09c1-a51b-6ffe-3454-b1d7838c62d9" testName="MethodNotAllowedServiceTest2" computerName="GBLOCK-3-17" duration="00:00:00.0079937" startTime="2011-04-14T01:01:38.8664838-07:00" endTime="2011-04-14T01:01:38.8754847-07:00" testType="13cdc9d9-ddb5-4fa4-a97d-d965ccfc6d4b" outcome="Passed" testListId="8c84fa94-04c1-424b-9868-57a2d4851a1d" relativeResultsDirectory="ab65cdd1-364b-4aa0-8e2b-b0d9b997b221">
    </UnitTestResult>
    <UnitTestResult executionId="44b6e315-9d51-4e1d-afcf-bc6f85eb10ef" testId="d78a1e97-280f-e1a1-1f17-9710c8acd985" testName="MethodNotAllowedServiceTest3" computerName="GBLOCK-3-17" duration="00:00:00.0105535" startTime="2011-04-14T01:01:38.8774849-07:00" endTime="2011-04-14T01:01:38.8914863-07:00" testType="13cdc9d9-ddb5-4fa4-a97d-d965ccfc6d4b" outcome="Passed" testListId="8c84fa94-04c1-424b-9868-57a2d4851a1d" relativeResultsDirectory="44b6e315-9d51-4e1d-afcf-bc6f85eb10ef">
    </UnitTestResult>
    <UnitTestResult executionId="5ff75d3f-114e-4931-ac3c-f62c306324a6" testId="f093cd32-3512-4011-722f-3e9d9af2aae8" testName="MethodNotAllowedServiceTest4" computerName="GBLOCK-3-17" duration="00:00:00.0105227" startTime="2011-04-14T01:01:38.8954867-07:00" endTime="2011-04-14T01:01:38.9084880-07:00" testType="13cdc9d9-ddb5-4fa4-a97d-d965ccfc6d4b" outcome="Passed" testListId="8c84fa94-04c1-424b-9868-57a2d4851a1d" relativeResultsDirectory="5ff75d3f-114e-4931-ac3c-f62c306324a6">
    </UnitTestResult>
    <UnitTestResult executionId="40460cae-f018-41a4-a3a4-4928114197ab" testId="2b635808-cadb-c40a-e40b-1cbe1e6900ca" testName="MissingPropertyServiceTest1" computerName="GBLOCK-3-17" duration="00:00:00.0082242" startTime="2011-04-14T01:01:38.9114883-07:00" endTime="2011-04-14T01:01:38.9204892-07:00" testType="13cdc9d9-ddb5-4fa4-a97d-d965ccfc6d4b" outcome="Passed" testListId="8c84fa94-04c1-424b-9868-57a2d4851a1d" relativeResultsDirectory="40460cae-f018-41a4-a3a4-4928114197ab">
    </UnitTestResult>
    <UnitTestResult executionId="f522a6f7-8291-4e7d-9336-9e50e5089af8" testId="9d71b70f-a7a2-9159-a5c4-69c891e15b47" testName="MissingPropertyServiceTest2" computerName="GBLOCK-3-17" duration="00:00:00.0082373" startTime="2011-04-14T01:01:38.9234895-07:00" endTime="2011-04-14T01:01:38.9344906-07:00" testType="13cdc9d9-ddb5-4fa4-a97d-d965ccfc6d4b" outcome="Passed" testListId="8c84fa94-04c1-424b-9868-57a2d4851a1d" relativeResultsDirectory="f522a6f7-8291-4e7d-9336-9e50e5089af8">
    </UnitTestResult>
    <UnitTestResult executionId="cc785f0c-bb3c-4360-9649-025db055e195" testId="b4378fcc-0ddf-09bb-d6a2-ec88537db050" testName="MissingPropertyServiceTest3" computerName="GBLOCK-3-17" duration="00:00:00.0101986" startTime="2011-04-14T01:01:38.9514923-07:00" endTime="2011-04-14T01:01:38.9744946-07:00" testType="13cdc9d9-ddb5-4fa4-a97d-d965ccfc6d4b" outcome="Passed" testListId="8c84fa94-04c1-424b-9868-57a2d4851a1d" relativeResultsDirectory="cc785f0c-bb3c-4360-9649-025db055e195">
    </UnitTestResult>
    <UnitTestResult executionId="c98f1025-d7c8-4fa0-b519-037731a86ba4" testId="ef8bb85f-2e58-1d4a-2716-1b27149e651e" testName="MissingPropertyServiceTest4" computerName="GBLOCK-3-17" duration="00:00:00.0113900" startTime="2011-04-14T01:01:38.9774949-07:00" endTime="2011-04-14T01:01:38.9934965-07:00" testType="13cdc9d9-ddb5-4fa4-a97d-d965ccfc6d4b" outcome="Passed" testListId="8c84fa94-04c1-424b-9868-57a2d4851a1d" relativeResultsDirectory="c98f1025-d7c8-4fa0-b519-037731a86ba4">
    </UnitTestResult>
    <UnitTestResult executionId="9e255e08-536b-4da6-be1d-8165a57c9fee" testId="b6bb099c-afaa-a2d7-f2a0-a70147f5a1a5" testName="MissingPropertyServiceTest5" computerName="GBLOCK-3-17" duration="00:00:00.0095500" startTime="2011-04-14T01:01:39.0044976-07:00" endTime="2011-04-14T01:01:39.0174989-07:00" testType="13cdc9d9-ddb5-4fa4-a97d-d965ccfc6d4b" outcome="Passed" testListId="8c84fa94-04c1-424b-9868-57a2d4851a1d" relativeResultsDirectory="9e255e08-536b-4da6-be1d-8165a57c9fee">
    </UnitTestResult>
    <UnitTestResult executionId="23ab0189-a916-4f6f-9eaa-fe98bd84a327" testId="6ea354ff-e041-60f2-135e-b836f30728c8" testName="MissingPropertyServiceTest6" computerName="GBLOCK-3-17" duration="00:00:00.0062071" startTime="2011-04-14T01:01:39.0264998-07:00" endTime="2011-04-14T01:01:39.0345006-07:00" testType="13cdc9d9-ddb5-4fa4-a97d-d965ccfc6d4b" outcome="Passed" testListId="8c84fa94-04c1-424b-9868-57a2d4851a1d" relativeResultsDirectory="23ab0189-a916-4f6f-9eaa-fe98bd84a327">
    </UnitTestResult>
    <UnitTestResult executionId="51c96ebb-7c71-43c7-9918-152bc1db23e0" testId="43a257aa-ff84-c361-fd94-854f1044f0a8" testName="MissingPropertyServiceTest7" computerName="GBLOCK-3-17" duration="00:00:00.0061228" startTime="2011-04-14T01:01:39.0375009-07:00" endTime="2011-04-14T01:01:39.0445016-07:00" testType="13cdc9d9-ddb5-4fa4-a97d-d965ccfc6d4b" outcome="Passed" testListId="8c84fa94-04c1-424b-9868-57a2d4851a1d" relativeResultsDirectory="51c96ebb-7c71-43c7-9918-152bc1db23e0">
    </UnitTestResult>
    <UnitTestResult executionId="4f390a53-04a0-4d26-aac6-347315b15e60" testId="81c4f8ac-f12b-9337-f09b-a49474719b13" testName="MissingPropertyServiceTest8" computerName="GBLOCK-3-17" duration="00:00:00.0085210" startTime="2011-04-14T01:01:39.0465018-07:00" endTime="2011-04-14T01:01:39.0555027-07:00" testType="13cdc9d9-ddb5-4fa4-a97d-d965ccfc6d4b" outcome="Passed" testListId="8c84fa94-04c1-424b-9868-57a2d4851a1d" relativeResultsDirectory="4f390a53-04a0-4d26-aac6-347315b15e60">
    </UnitTestResult>
    <UnitTestResult executionId="69fb4f27-5b7f-4b61-97e6-660ea8b4d9c9" testId="ecad479f-0ceb-b6ed-5214-8eab0dca7661" testName="NestedHandlerTest1" computerName="GBLOCK-3-17" duration="00:00:00.0132112" startTime="2011-04-14T01:01:39.0585030-07:00" endTime="2011-04-14T01:01:39.0725044-07:00" testType="13cdc9d9-ddb5-4fa4-a97d-d965ccfc6d4b" outcome="Passed" testListId="8c84fa94-04c1-424b-9868-57a2d4851a1d" relativeResultsDirectory="69fb4f27-5b7f-4b61-97e6-660ea8b4d9c9">
    </UnitTestResult>
    <UnitTestResult executionId="97ca0eb2-d687-464e-9920-02629fa8b8fe" testId="a628380b-2e10-ec78-7a9c-46cbcd3b839a" testName="NestedHandlerTest2" computerName="GBLOCK-3-17" duration="00:00:00.0073069" startTime="2011-04-14T01:01:39.0765048-07:00" endTime="2011-04-14T01:01:39.0845056-07:00" testType="13cdc9d9-ddb5-4fa4-a97d-d965ccfc6d4b" outcome="Passed" testListId="8c84fa94-04c1-424b-9868-57a2d4851a1d" relativeResultsDirectory="97ca0eb2-d687-464e-9920-02629fa8b8fe">
    </UnitTestResult>
    <UnitTestResult executionId="9082b82e-dfbc-4956-abd9-f427d0728b87" testId="eb0ef4a9-4d9e-77c9-45b5-44a5da5d014e" testName="NestedHandlerTest3" computerName="GBLOCK-3-17" duration="00:00:00.0066371" startTime="2011-04-14T01:01:39.0875059-07:00" endTime="2011-04-14T01:01:39.0955067-07:00" testType="13cdc9d9-ddb5-4fa4-a97d-d965ccfc6d4b" outcome="Passed" testListId="8c84fa94-04c1-424b-9868-57a2d4851a1d" relativeResultsDirectory="9082b82e-dfbc-4956-abd9-f427d0728b87">
    </UnitTestResult>
    <UnitTestResult executionId="1d6d3927-d1ae-4494-b7a5-11f0e3dcc52d" testId="8d60b970-2091-93a3-8f76-fcc917760dd6" testName="NestedHandlerTest4" computerName="GBLOCK-3-17" duration="00:00:00.0083605" startTime="2011-04-14T01:01:39.0975069-07:00" endTime="2011-04-14T01:01:39.1065078-07:00" testType="13cdc9d9-ddb5-4fa4-a97d-d965ccfc6d4b" outcome="Passed" testListId="8c84fa94-04c1-424b-9868-57a2d4851a1d" relativeResultsDirectory="1d6d3927-d1ae-4494-b7a5-11f0e3dcc52d">
    </UnitTestResult>
    <UnitTestResult executionId="0641af86-2231-45aa-82ce-4216a3e9615e" testId="fe6d2a90-0143-ac37-c41a-bac45236b722" testName="NoDataServiceTest1" computerName="GBLOCK-3-17" duration="00:00:00.0086600" startTime="2011-04-14T01:01:39.1095081-07:00" endTime="2011-04-14T01:01:39.1195091-07:00" testType="13cdc9d9-ddb5-4fa4-a97d-d965ccfc6d4b" outcome="Passed" testListId="8c84fa94-04c1-424b-9868-57a2d4851a1d" relativeResultsDirectory="0641af86-2231-45aa-82ce-4216a3e9615e">
    </UnitTestResult>
    <UnitTestResult executionId="70a77e35-e270-445c-b09f-166b4d7aacea" testId="72753d40-b4e3-cad8-27c5-84b76a84b432" testName="NoDataServiceTest2" computerName="GBLOCK-3-17" duration="00:00:00.0066602" startTime="2011-04-14T01:01:39.1215093-07:00" endTime="2011-04-14T01:01:39.1295101-07:00" testType="13cdc9d9-ddb5-4fa4-a97d-d965ccfc6d4b" outcome="Passed" testListId="8c84fa94-04c1-424b-9868-57a2d4851a1d" relativeResultsDirectory="70a77e35-e270-445c-b09f-166b4d7aacea">
    </UnitTestResult>
    <UnitTestResult executionId="5022233c-c01f-421e-b898-dc2756012816" testId="8b8e8d46-15e3-c4f0-5c34-d81523750595" testName="NoDataServiceTest3" computerName="GBLOCK-3-17" duration="00:00:00.0068277" startTime="2011-04-14T01:01:39.1315103-07:00" endTime="2011-04-14T01:01:39.1415113-07:00" testType="13cdc9d9-ddb5-4fa4-a97d-d965ccfc6d4b" outcome="Passed" testListId="8c84fa94-04c1-424b-9868-57a2d4851a1d" relativeResultsDirectory="5022233c-c01f-421e-b898-dc2756012816">
    </UnitTestResult>
    <UnitTestResult executionId="707572a5-d0ca-461b-a4a5-22edc569de01" testId="f6174d6e-0ccd-cf3f-2f1b-774b992a9801" testName="NoDataServiceTest4" computerName="GBLOCK-3-17" duration="00:00:00.0127546" startTime="2011-04-14T01:01:39.1535125-07:00" endTime="2011-04-14T01:01:39.1685140-07:00" testType="13cdc9d9-ddb5-4fa4-a97d-d965ccfc6d4b" outcome="Passed" testListId="8c84fa94-04c1-424b-9868-57a2d4851a1d" relativeResultsDirectory="707572a5-d0ca-461b-a4a5-22edc569de01">
    </UnitTestResult>
    <UnitTestResult executionId="10e44220-a39e-4642-975f-3f46e1b8d157" testId="b45f3899-fc81-1ec6-2824-4ea75862c9b0" testName="NoDataServiceTest5" computerName="GBLOCK-3-17" duration="00:00:00.0130287" startTime="2011-04-14T01:01:39.1715143-07:00" endTime="2011-04-14T01:01:39.1915163-07:00" testType="13cdc9d9-ddb5-4fa4-a97d-d965ccfc6d4b" outcome="Passed" testListId="8c84fa94-04c1-424b-9868-57a2d4851a1d" relativeResultsDirectory="10e44220-a39e-4642-975f-3f46e1b8d157">
    </UnitTestResult>
    <UnitTestResult executionId="0f79c3cc-4b11-4ecb-aa52-a751c645e9d8" testId="8c71d1e6-ec0d-e591-6d31-27909df5512b" testName="NoDataServiceTest6" computerName="GBLOCK-3-17" duration="00:00:00.0110189" startTime="2011-04-14T01:01:39.2045176-07:00" endTime="2011-04-14T01:01:39.2175189-07:00" testType="13cdc9d9-ddb5-4fa4-a97d-d965ccfc6d4b" outcome="Passed" testListId="8c84fa94-04c1-424b-9868-57a2d4851a1d" relativeResultsDirectory="0f79c3cc-4b11-4ecb-aa52-a751c645e9d8">
    </UnitTestResult>
    <UnitTestResult executionId="ed5bd48c-71ab-4464-8621-ee666eb70120" testId="667307ee-3be9-65a6-f003-5abd6e590898" testName="NoDataServiceTest7" computerName="GBLOCK-3-17" duration="00:00:00.0103545" startTime="2011-04-14T01:01:39.2285200-07:00" endTime="2011-04-14T01:01:39.2415213-07:00" testType="13cdc9d9-ddb5-4fa4-a97d-d965ccfc6d4b" outcome="Passed" testListId="8c84fa94-04c1-424b-9868-57a2d4851a1d" relativeResultsDirectory="ed5bd48c-71ab-4464-8621-ee666eb70120">
    </UnitTestResult>
    <UnitTestResult executionId="8be66204-d8c7-4508-a9ff-d767ba189750" testId="8fc35733-decb-569c-28bc-efbbc0634b41" testName="NoDataServiceTest8" computerName="GBLOCK-3-17" duration="00:00:00.0099353" startTime="2011-04-14T01:01:39.2445216-07:00" endTime="2011-04-14T01:01:39.2555227-07:00" testType="13cdc9d9-ddb5-4fa4-a97d-d965ccfc6d4b" outcome="Passed" testListId="8c84fa94-04c1-424b-9868-57a2d4851a1d" relativeResultsDirectory="8be66204-d8c7-4508-a9ff-d767ba189750">
    </UnitTestResult>
    <UnitTestResult executionId="215c8740-4798-4729-b73f-826403f6fce9" testId="02077cb5-9252-70c9-4cec-6312b51fbc66" testName="NoFactoryTest1" computerName="GBLOCK-3-17" duration="00:00:00.0058784" startTime="2011-04-14T01:01:39.2585230-07:00" endTime="2011-04-14T01:01:39.2665238-07:00" testType="13cdc9d9-ddb5-4fa4-a97d-d965ccfc6d4b" outcome="Passed" testListId="8c84fa94-04c1-424b-9868-57a2d4851a1d" relativeResultsDirectory="215c8740-4798-4729-b73f-826403f6fce9">
    </UnitTestResult>
    <UnitTestResult executionId="b58d2105-697b-4e90-8631-5899f5dc41de" testId="916a8ab3-a888-6a8c-f10c-80b333565ce6" testName="NoFactoryTest2" computerName="GBLOCK-3-17" duration="00:00:00.0045954" startTime="2011-04-14T01:01:39.2695241-07:00" endTime="2011-04-14T01:01:39.2755247-07:00" testType="13cdc9d9-ddb5-4fa4-a97d-d965ccfc6d4b" outcome="Passed" testListId="8c84fa94-04c1-424b-9868-57a2d4851a1d" relativeResultsDirectory="b58d2105-697b-4e90-8631-5899f5dc41de">
    </UnitTestResult>
    <UnitTestResult executionId="75b046e4-ca81-403d-b495-7d566ac602f9" testId="1a43a42f-f642-b3cc-d7b8-12ef72ebee50" testName="NoFactoryTest3" computerName="GBLOCK-3-17" duration="00:00:00.0046724" startTime="2011-04-14T01:01:39.2775249-07:00" endTime="2011-04-14T01:01:39.2825254-07:00" testType="13cdc9d9-ddb5-4fa4-a97d-d965ccfc6d4b" outcome="Passed" testListId="8c84fa94-04c1-424b-9868-57a2d4851a1d" relativeResultsDirectory="75b046e4-ca81-403d-b495-7d566ac602f9">
    </UnitTestResult>
    <UnitTestResult executionId="6dc1d1f4-8594-4feb-9af2-8e40f86cbfce" testId="33ec0c4b-8eee-1bee-815b-2bcd49da3b77" testName="NoFactoryTest4" computerName="GBLOCK-3-17" duration="00:00:00.0047043" startTime="2011-04-14T01:01:39.2855257-07:00" endTime="2011-04-14T01:01:39.2915263-07:00" testType="13cdc9d9-ddb5-4fa4-a97d-d965ccfc6d4b" outcome="Passed" testListId="8c84fa94-04c1-424b-9868-57a2d4851a1d" relativeResultsDirectory="6dc1d1f4-8594-4feb-9af2-8e40f86cbfce">
    </UnitTestResult>
    <UnitTestResult executionId="aeddf990-587c-4bf4-ac64-2247870d1bb5" testId="552144bb-d4bf-16aa-8142-3cc30edc5c48" testName="NoHandlerTest1" computerName="GBLOCK-3-17" duration="00:00:00.0082158" startTime="2011-04-14T01:01:39.2935265-07:00" endTime="2011-04-14T01:01:39.3035275-07:00" testType="13cdc9d9-ddb5-4fa4-a97d-d965ccfc6d4b" outcome="Passed" testListId="8c84fa94-04c1-424b-9868-57a2d4851a1d" relativeResultsDirectory="aeddf990-587c-4bf4-ac64-2247870d1bb5">
    </UnitTestResult>
    <UnitTestResult executionId="2610e318-086d-40fa-b942-811fc4b3fe07" testId="afe3f13e-043f-169d-1e0c-84d88c118d08" testName="NoHandlerTest2" computerName="GBLOCK-3-17" duration="00:00:00.0061047" startTime="2011-04-14T01:01:39.3055277-07:00" endTime="2011-04-14T01:01:39.3135285-07:00" testType="13cdc9d9-ddb5-4fa4-a97d-d965ccfc6d4b" outcome="Passed" testListId="8c84fa94-04c1-424b-9868-57a2d4851a1d" relativeResultsDirectory="2610e318-086d-40fa-b942-811fc4b3fe07">
    </UnitTestResult>
    <UnitTestResult executionId="096d4684-3795-4a0b-877f-a8db0af00cb0" testId="9b6a8009-2d60-f782-cb01-4becd1fe6016" testName="NoHandlerTest3" computerName="GBLOCK-3-17" duration="00:00:00.0056151" startTime="2011-04-14T01:01:39.3155287-07:00" endTime="2011-04-14T01:01:39.3225294-07:00" testType="13cdc9d9-ddb5-4fa4-a97d-d965ccfc6d4b" outcome="Passed" testListId="8c84fa94-04c1-424b-9868-57a2d4851a1d" relativeResultsDirectory="096d4684-3795-4a0b-877f-a8db0af00cb0">
    </UnitTestResult>
    <UnitTestResult executionId="659bc3c0-0b60-4d4c-bff9-7be1355317fa" testId="3fe7df62-cd26-7a7d-bbf1-cfbe628f7aac" testName="NoHandlerTest4" computerName="GBLOCK-3-17" duration="00:00:00.0061852" startTime="2011-04-14T01:01:39.3255297-07:00" endTime="2011-04-14T01:01:39.3325304-07:00" testType="13cdc9d9-ddb5-4fa4-a97d-d965ccfc6d4b" outcome="Passed" testListId="8c84fa94-04c1-424b-9868-57a2d4851a1d" relativeResultsDirectory="659bc3c0-0b60-4d4c-bff9-7be1355317fa">
    </UnitTestResult>
    <UnitTestResult executionId="050865cc-1534-4151-a0ef-3b205be05ac4" testId="9efec71f-0ac0-1d8e-a0bb-96b5b21b8a47" testName="NotFoundServiceTest1" computerName="GBLOCK-3-17" duration="00:00:00.0098857" startTime="2011-04-14T01:01:39.3345306-07:00" endTime="2011-04-14T01:01:39.3455317-07:00" testType="13cdc9d9-ddb5-4fa4-a97d-d965ccfc6d4b" outcome="Passed" testListId="8c84fa94-04c1-424b-9868-57a2d4851a1d" relativeResultsDirectory="050865cc-1534-4151-a0ef-3b205be05ac4">
    </UnitTestResult>
    <UnitTestResult executionId="6aca7930-0ca2-4fa5-a2da-c6795b578f82" testId="1911bfa4-8280-1984-c0c5-c90a4c254595" testName="NotFoundServiceTest2" computerName="GBLOCK-3-17" duration="00:00:00.0082058" startTime="2011-04-14T01:01:39.3485320-07:00" endTime="2011-04-14T01:01:39.3595331-07:00" testType="13cdc9d9-ddb5-4fa4-a97d-d965ccfc6d4b" outcome="Passed" testListId="8c84fa94-04c1-424b-9868-57a2d4851a1d" relativeResultsDirectory="6aca7930-0ca2-4fa5-a2da-c6795b578f82">
    </UnitTestResult>
    <UnitTestResult executionId="92472453-a516-4b29-8188-ec948d0d5eb3" testId="bc8eb5c5-5db8-a57c-1591-45d98b155fb5" testName="NotFoundServiceTest3" computerName="GBLOCK-3-17" duration="00:00:00.0100508" startTime="2011-04-14T01:01:39.3715343-07:00" endTime="2011-04-14T01:01:39.3835355-07:00" testType="13cdc9d9-ddb5-4fa4-a97d-d965ccfc6d4b" outcome="Passed" testListId="8c84fa94-04c1-424b-9868-57a2d4851a1d" relativeResultsDirectory="92472453-a516-4b29-8188-ec948d0d5eb3">
    </UnitTestResult>
    <UnitTestResult executionId="f738d331-b2f9-49b3-8109-4ec575800fee" testId="747c1993-1e32-4aa4-febe-7051c9199f1b" testName="NotFoundServiceTest4" computerName="GBLOCK-3-17" duration="00:00:00.0139745" startTime="2011-04-14T01:01:39.3955367-07:00" endTime="2011-04-14T01:01:39.4115383-07:00" testType="13cdc9d9-ddb5-4fa4-a97d-d965ccfc6d4b" outcome="Passed" testListId="8c84fa94-04c1-424b-9868-57a2d4851a1d" relativeResultsDirectory="f738d331-b2f9-49b3-8109-4ec575800fee">
    </UnitTestResult>
    <UnitTestResult executionId="a51b4b9e-2193-44f2-b0fc-be321def45a0" testId="45678971-c8c7-79bc-7b57-c407b572b1ac" testName="GetPocoJson" computerName="GBLOCK-3-17" duration="00:00:00.2869729" startTime="2011-04-14T01:01:39.4235395-07:00" endTime="2011-04-14T01:01:39.7125684-07:00" testType="13cdc9d9-ddb5-4fa4-a97d-d965ccfc6d4b" outcome="Passed" testListId="8c84fa94-04c1-424b-9868-57a2d4851a1d" relativeResultsDirectory="a51b4b9e-2193-44f2-b0fc-be321def45a0">
    </UnitTestResult>
    <UnitTestResult executionId="1f320495-0c69-47fb-a15e-85f5cf0dd57d" testId="6da794c0-3580-2c3b-6559-ddff85744c6d" testName="GetPocoXml" computerName="GBLOCK-3-17" duration="00:00:00.0355755" startTime="2011-04-14T01:01:39.7135685-07:00" endTime="2011-04-14T01:01:39.7515723-07:00" testType="13cdc9d9-ddb5-4fa4-a97d-d965ccfc6d4b" outcome="Passed" testListId="8c84fa94-04c1-424b-9868-57a2d4851a1d" relativeResultsDirectory="1f320495-0c69-47fb-a15e-85f5cf0dd57d">
    </UnitTestResult>
    <UnitTestResult executionId="0ddfd708-17bf-40c9-9e43-139a4b299acd" testId="dabc70db-3c40-dd75-ca9f-176d6a1ca190" testName="GetPocoXmlDataContract" computerName="GBLOCK-3-17" duration="00:00:00.0242582" startTime="2011-04-14T01:01:39.7535725-07:00" endTime="2011-04-14T01:01:39.7795751-07:00" testType="13cdc9d9-ddb5-4fa4-a97d-d965ccfc6d4b" outcome="Passed" testListId="8c84fa94-04c1-424b-9868-57a2d4851a1d" relativeResultsDirectory="0ddfd708-17bf-40c9-9e43-139a4b299acd">
    </UnitTestResult>
    <UnitTestResult executionId="0a5fa946-ad60-4312-b22d-a787f92a166e" testId="7887e148-56a7-378a-2a5f-d1af2424a133" testName="GetReadAsJson" computerName="GBLOCK-3-17" duration="00:00:00.1264635" startTime="2011-04-14T01:01:39.7815753-07:00" endTime="2011-04-14T01:01:39.9095881-07:00" testType="13cdc9d9-ddb5-4fa4-a97d-d965ccfc6d4b" outcome="Failed" testListId="8c84fa94-04c1-424b-9868-57a2d4851a1d" relativeResultsDirectory="0a5fa946-ad60-4312-b22d-a787f92a166e">
      <Output>
        <ErrorInfo>
          <Message> Executing with an instance of type 'System.Int32' and value '-1' failed.: No 'MediaTypeFormatter' is available to read an object of type 'Int32' with the media type 'application/json'..</Message>
          <StackTrace>   at Microsoft.ApplicationServer.Common.Test.TestDataAssert.ExecuteCodeUnderTest(Type type, Object obj, String messageOnFail, Action`2 codeUnderTest) in F:\advisorsrepo\wcfhttp\Http\Test\Microsoft.ApplicationServer.Common.MSTestUtilities\Microsoft\ApplicationServer\Common\Test\TestDataAssert.cs:line 113
   at Microsoft.ApplicationServer.Common.Test.TestDataAssert.Execute(IEnumerable`1 testDataCollection, TestDataVariations flags, String messageOnFail, Action`2 codeUnderTest) in F:\advisorsrepo\wcfhttp\Http\Test\Microsoft.ApplicationServer.Common.MSTestUtilities\Microsoft\ApplicationServer\Common\Test\TestDataAssert.cs:line 50
   at Microsoft.ApplicationServer.Http.CIT.Scenario.ObjectContentScenarioTests.GetReadAsJson() in F:\advisorsrepo\wcfhttp\Http\Test\Microsoft.ApplicationServer.Http\Scenario\TestCases\ObjectContentScenarioTests.cs:line 265
</StackTrace>
        </ErrorInfo>
      </Output>
    </UnitTestResult>
    <UnitTestResult executionId="5af5fc50-9557-485d-9f4a-088b9a839588" testId="0a175cb9-c8f7-f626-0973-243760abdc15" testName="GetReadAsXmlDataContract" computerName="GBLOCK-3-17" duration="00:00:01.2561413" startTime="2011-04-14T01:01:39.9215893-07:00" endTime="2011-04-14T01:01:41.1897161-07:00" testType="13cdc9d9-ddb5-4fa4-a97d-d965ccfc6d4b" outcome="Passed" testListId="8c84fa94-04c1-424b-9868-57a2d4851a1d" relativeResultsDirectory="5af5fc50-9557-485d-9f4a-088b9a839588">
    </UnitTestResult>
    <UnitTestResult executionId="012a9a11-6f50-45a6-8bdb-31cfaddcff4f" testId="4e8f4c7c-8eca-b3e6-b8f0-f7fb21a45d25" testName="GetReadAsXmlNoDerivedTypes" computerName="GBLOCK-3-17" duration="00:00:22.1813736" startTime="2011-04-14T01:01:41.1917163-07:00" endTime="2011-04-14T01:02:03.3769346-07:00" testType="13cdc9d9-ddb5-4fa4-a97d-d965ccfc6d4b" outcome="Passed" testListId="8c84fa94-04c1-424b-9868-57a2d4851a1d" relativeResultsDirectory="012a9a11-6f50-45a6-8bdb-31cfaddcff4f">
    </UnitTestResult>
    <UnitTestResult executionId="1e9619ae-573b-4479-bd7b-5c3be0106ea0" testId="11e2beea-b5d3-301b-92c0-241e8e8995f4" testName="PostAndReadAsJson" computerName="GBLOCK-3-17" duration="00:00:00.0088401" startTime="2011-04-14T01:02:03.3799349-07:00" endTime="2011-04-14T01:02:03.3949364-07:00" testType="13cdc9d9-ddb5-4fa4-a97d-d965ccfc6d4b" outcome="Failed" testListId="8c84fa94-04c1-424b-9868-57a2d4851a1d" relativeResultsDirectory="1e9619ae-573b-4479-bd7b-5c3be0106ea0">
      <Output>
        <ErrorInfo>
          <Message> Executing with an instance of type 'System.Int32' and value '-1' failed.: No 'MediaTypeFormatter' is available to write an object of type 'Int32' with the media type 'application/json'..</Message>
          <StackTrace>   at Microsoft.ApplicationServer.Common.Test.TestDataAssert.ExecuteCodeUnderTest(Type type, Object obj, String messageOnFail, Action`2 codeUnderTest) in F:\advisorsrepo\wcfhttp\Http\Test\Microsoft.ApplicationServer.Common.MSTestUtilities\Microsoft\ApplicationServer\Common\Test\TestDataAssert.cs:line 113
   at Microsoft.ApplicationServer.Common.Test.TestDataAssert.Execute(IEnumerable`1 testDataCollection, TestDataVariations flags, String messageOnFail, Action`2 codeUnderTest) in F:\advisorsrepo\wcfhttp\Http\Test\Microsoft.ApplicationServer.Common.MSTestUtilities\Microsoft\ApplicationServer\Common\Test\TestDataAssert.cs:line 50
   at Microsoft.ApplicationServer.Http.CIT.Scenario.ObjectContentScenarioTests.PostAndReadAsJson() in F:\advisorsrepo\wcfhttp\Http\Test\Microsoft.ApplicationServer.Http\Scenario\TestCases\ObjectContentScenarioTests.cs:line 417
</StackTrace>
        </ErrorInfo>
      </Output>
    </UnitTestResult>
    <UnitTestResult executionId="b82d0101-03d3-4d81-869b-8629c71be20c" testId="c536c183-d850-ceee-657a-8f63a86d533d" testName="PostAndReadAsXmlDataContract" computerName="GBLOCK-3-17" duration="00:00:00.0015359" startTime="2011-04-14T01:02:03.3979367-07:00" endTime="2011-04-14T01:02:03.3999369-07:00" testType="13cdc9d9-ddb5-4fa4-a97d-d965ccfc6d4b" outcome="Failed" testListId="8c84fa94-04c1-424b-9868-57a2d4851a1d" relativeResultsDirectory="b82d0101-03d3-4d81-869b-8629c71be20c">
      <Output>
        <ErrorInfo>
          <Message> Executing with an instance of type 'System.Int32' and value '-1' failed.: Object reference not set to an instance of an object..</Message>
          <StackTrace>   at Microsoft.ApplicationServer.Common.Test.TestDataAssert.ExecuteCodeUnderTest(Type type, Object obj, String messageOnFail, Action`2 codeUnderTest) in F:\advisorsrepo\wcfhttp\Http\Test\Microsoft.ApplicationServer.Common.MSTestUtilities\Microsoft\ApplicationServer\Common\Test\TestDataAssert.cs:line 113
   at Microsoft.ApplicationServer.Common.Test.TestDataAssert.Execute(IEnumerable`1 testDataCollection, TestDataVariations flags, String messageOnFail, Action`2 codeUnderTest) in F:\advisorsrepo\wcfhttp\Http\Test\Microsoft.ApplicationServer.Common.MSTestUtilities\Microsoft\ApplicationServer\Common\Test\TestDataAssert.cs:line 50
   at Microsoft.ApplicationServer.Http.CIT.Scenario.ObjectContentScenarioTests.PostAndReadAsXmlDataContract() in F:\advisorsrepo\wcfhttp\Http\Test\Microsoft.ApplicationServer.Http\Scenario\TestCases\ObjectContentScenarioTests.cs:line 380
</StackTrace>
        </ErrorInfo>
      </Output>
    </UnitTestResult>
    <UnitTestResult executionId="915a442f-5da4-4510-8b0a-9826773b0db5" testId="d8c28c6d-0b58-db24-d9e0-9713bd92b2dc" testName="PostAndReadAsXmlNoDerivedTypes" computerName="GBLOCK-3-17" duration="00:00:00.0019031" startTime="2011-04-14T01:02:03.4019371-07:00" endTime="2011-04-14T01:02:03.4049374-07:00" testType="13cdc9d9-ddb5-4fa4-a97d-d965ccfc6d4b" outcome="Failed" testListId="8c84fa94-04c1-424b-9868-57a2d4851a1d" relativeResultsDirectory="915a442f-5da4-4510-8b0a-9826773b0db5">
      <Output>
        <ErrorInfo>
          <Message> Executing with an instance of type 'System.Int32' and value '-1' failed.: Object reference not set to an instance of an object..</Message>
          <StackTrace>   at Microsoft.ApplicationServer.Common.Test.TestDataAssert.ExecuteCodeUnderTest(Type type, Object obj, String messageOnFail, Action`2 codeUnderTest) in F:\advisorsrepo\wcfhttp\Http\Test\Microsoft.ApplicationServer.Common.MSTestUtilities\Microsoft\ApplicationServer\Common\Test\TestDataAssert.cs:line 113
   at Microsoft.ApplicationServer.Common.Test.TestDataAssert.Execute(IEnumerable`1 testDataCollection, TestDataVariations flags, String messageOnFail, Action`2 codeUnderTest) in F:\advisorsrepo\wcfhttp\Http\Test\Microsoft.ApplicationServer.Common.MSTestUtilities\Microsoft\ApplicationServer\Common\Test\TestDataAssert.cs:line 50
   at Microsoft.ApplicationServer.Http.CIT.Scenario.ObjectContentScenarioTests.PostAndReadAsXmlNoDerivedTypes() in F:\advisorsrepo\wcfhttp\Http\Test\Microsoft.ApplicationServer.Http\Scenario\TestCases\ObjectContentScenarioTests.cs:line 454
</StackTrace>
        </ErrorInfo>
      </Output>
    </UnitTestResult>
    <UnitTestResult executionId="505d9a2b-ca0c-423a-acde-02c57930ba3e" testId="971f92b9-725e-5216-dd65-f9699942353c" testName="PostPocoJson" computerName="GBLOCK-3-17" duration="00:00:00.0161183" startTime="2011-04-14T01:02:03.4069376-07:00" endTime="2011-04-14T01:02:03.4249394-07:00" testType="13cdc9d9-ddb5-4fa4-a97d-d965ccfc6d4b" outcome="Failed" testListId="8c84fa94-04c1-424b-9868-57a2d4851a1d" relativeResultsDirectory="505d9a2b-ca0c-423a-acde-02c57930ba3e">
      <Output>
        <ErrorInfo>
          <Message>Test method Microsoft.ApplicationServer.Http.CIT.Scenario.ObjectContentScenarioTests.PostPocoJson threw exception: 
System.InvalidOperationException: No 'MediaTypeFormatter' is available to write an object of type 'MyPocoType' with the media type 'application/json'.</Message>
          <StackTrace>    at Microsoft.ApplicationServer.Http.ObjectContent.SelectAndValidateWriteFormatter() in F:\advisorsrepo\wcfhttp\Http\Src\Microsoft.ApplicationServer.Http\Microsoft\ApplicationServer\Http\ObjectContent.cs:line 601
   at Microsoft.ApplicationServer.Http.ObjectContent.WriteToStreamInternal(Stream stream, TransportContext context) in F:\advisorsrepo\wcfhttp\Http\Src\Microsoft.ApplicationServer.Http\Microsoft\ApplicationServer\Http\ObjectContent.cs:line 568
   at Microsoft.ApplicationServer.Http.ObjectContent.SerializeToStream(Stream stream, TransportContext context) in F:\advisorsrepo\wcfhttp\Http\Src\Microsoft.ApplicationServer.Http\Microsoft\ApplicationServer\Http\ObjectContent.cs:line 343
   at System.Net.Http.HttpContent.LoadIntoBuffer(Int32 maxBufferSize) in F:\advisorsrepo\wcfhttp\Http\Src\Microsoft.Net.Http\HttpContent.cs:line 345
   at System.Net.Http.HttpClientChannel.PrepareWebRequestForContentUpload(HttpWebRequest webRequest, HttpRequestMessage request) in F:\advisorsrepo\wcfhttp\Http\Src\Microsoft.Net.Http\HttpClientChannel.cs:line 579
   at System.Net.Http.HttpClientChannel.CreateAndPrepareWebRequest(HttpRequestMessage request) in F:\advisorsrepo\wcfhttp\Http\Src\Microsoft.Net.Http\HttpClientChannel.cs:line 255
   at System.Net.Http.HttpClientChannel.Send(HttpRequestMessage request, CancellationToken cancellationToken) in F:\advisorsrepo\wcfhttp\Http\Src\Microsoft.Net.Http\HttpClientChannel.cs:line 606
   at System.Net.Http.HttpClient.Send(HttpRequestMessage request, HttpCompletionOption completionOption, CancellationToken cancellationToken) in F:\advisorsrepo\wcfhttp\Http\Src\Microsoft.Net.Http\HttpClient.cs:line 200
   at System.Net.Http.HttpClient.Send(HttpRequestMessage request) in F:\advisorsrepo\wcfhttp\Http\Src\Microsoft.Net.Http\HttpClient.cs:line 141
   at Microsoft.ApplicationServer.Common.Test.ServiceHostAssert.GetResponse(ServiceHost host, HttpRequestMessage request) in F:\advisorsrepo\wcfhttp\Http\Test\Microsoft.ApplicationServer.Common.MSTestUtilities\Microsoft\ApplicationServer\Common\Test\ServiceHostAssert.cs:line 72
   at Microsoft.ApplicationServer.Common.Test.ServiceHostAssert.Execute(Func`2 onGetServiceHost, HttpRequestMessage request, Action`1 onGetActualResponse) in F:\advisorsrepo\wcfhttp\Http\Test\Microsoft.ApplicationServer.Common.MSTestUtilities\Microsoft\ApplicationServer\Common\Test\ServiceHostAssert.cs:line 53
   at Microsoft.ApplicationServer.Common.Test.HttpServiceHostAssert.Execute(Object serviceSingleton, HttpBehavior behavior, HttpBinding binding, HttpRequestMessage request, Action`1 onGetActualResponse) in F:\advisorsrepo\wcfhttp\Http\Test\Microsoft.ApplicationServer.Common.MSTestUtilities\Microsoft\ApplicationServer\Common\Test\HttpServiceHostAssert.cs:line 78
   at Microsoft.ApplicationServer.Common.Test.HttpServiceHostAssert.Execute(Object serviceSingleton, HttpRequestMessage request, Action`1 onGetActualResponse) in F:\advisorsrepo\wcfhttp\Http\Test\Microsoft.ApplicationServer.Common.MSTestUtilities\Microsoft\ApplicationServer\Common\Test\HttpServiceHostAssert.cs:line 60
   at Microsoft.ApplicationServer.Http.CIT.Scenario.ObjectContentScenarioTests.PostPocoJson() in F:\advisorsrepo\wcfhttp\Http\Test\Microsoft.ApplicationServer.Http\Scenario\TestCases\ObjectContentScenarioTests.cs:line 194
</StackTrace>
        </ErrorInfo>
      </Output>
    </UnitTestResult>
    <UnitTestResult executionId="36001724-ec02-4790-a7de-863e309e8702" testId="992add57-b567-7ac9-23ee-fb62062964d5" testName="PostPocoXml" computerName="GBLOCK-3-17" duration="00:00:00.0055477" startTime="2011-04-14T01:02:03.4269396-07:00" endTime="2011-04-14T01:02:03.4329402-07:00" testType="13cdc9d9-ddb5-4fa4-a97d-d965ccfc6d4b" outcome="Failed" testListId="8c84fa94-04c1-424b-9868-57a2d4851a1d" relativeResultsDirectory="36001724-ec02-4790-a7de-863e309e8702">
      <Output>
        <ErrorInfo>
          <Message>Test method Microsoft.ApplicationServer.Http.CIT.Scenario.ObjectContentScenarioTests.PostPocoXml threw exception: 
System.InvalidOperationException: No 'MediaTypeFormatter' is available to write an object of type 'MyPocoType' with the media type 'application/xml'.</Message>
          <StackTrace>    at Microsoft.ApplicationServer.Http.ObjectContent.SelectAndValidateWriteFormatter() in F:\advisorsrepo\wcfhttp\Http\Src\Microsoft.ApplicationServer.Http\Microsoft\ApplicationServer\Http\ObjectContent.cs:line 601
   at Microsoft.ApplicationServer.Http.ObjectContent.WriteToStreamInternal(Stream stream, TransportContext context) in F:\advisorsrepo\wcfhttp\Http\Src\Microsoft.ApplicationServer.Http\Microsoft\ApplicationServer\Http\ObjectContent.cs:line 568
   at Microsoft.ApplicationServer.Http.ObjectContent.SerializeToStream(Stream stream, TransportContext context) in F:\advisorsrepo\wcfhttp\Http\Src\Microsoft.ApplicationServer.Http\Microsoft\ApplicationServer\Http\ObjectContent.cs:line 343
   at System.Net.Http.HttpContent.LoadIntoBuffer(Int32 maxBufferSize) in F:\advisorsrepo\wcfhttp\Http\Src\Microsoft.Net.Http\HttpContent.cs:line 345
   at System.Net.Http.HttpClientChannel.PrepareWebRequestForContentUpload(HttpWebRequest webRequest, HttpRequestMessage request) in F:\advisorsrepo\wcfhttp\Http\Src\Microsoft.Net.Http\HttpClientChannel.cs:line 579
   at System.Net.Http.HttpClientChannel.CreateAndPrepareWebRequest(HttpRequestMessage request) in F:\advisorsrepo\wcfhttp\Http\Src\Microsoft.Net.Http\HttpClientChannel.cs:line 255
   at System.Net.Http.HttpClientChannel.Send(HttpRequestMessage request, CancellationToken cancellationToken) in F:\advisorsrepo\wcfhttp\Http\Src\Microsoft.Net.Http\HttpClientChannel.cs:line 606
   at System.Net.Http.HttpClient.Send(HttpRequestMessage request, HttpCompletionOption completionOption, CancellationToken cancellationToken) in F:\advisorsrepo\wcfhttp\Http\Src\Microsoft.Net.Http\HttpClient.cs:line 200
   at System.Net.Http.HttpClient.Send(HttpRequestMessage request) in F:\advisorsrepo\wcfhttp\Http\Src\Microsoft.Net.Http\HttpClient.cs:line 141
   at Microsoft.ApplicationServer.Common.Test.ServiceHostAssert.GetResponse(ServiceHost host, HttpRequestMessage request) in F:\advisorsrepo\wcfhttp\Http\Test\Microsoft.ApplicationServer.Common.MSTestUtilities\Microsoft\ApplicationServer\Common\Test\ServiceHostAssert.cs:line 72
   at Microsoft.ApplicationServer.Common.Test.ServiceHostAssert.Execute(Func`2 onGetServiceHost, HttpRequestMessage request, Action`1 onGetActualResponse) in F:\advisorsrepo\wcfhttp\Http\Test\Microsoft.ApplicationServer.Common.MSTestUtilities\Microsoft\ApplicationServer\Common\Test\ServiceHostAssert.cs:line 53
   at Microsoft.ApplicationServer.Common.Test.HttpServiceHostAssert.Execute(Object serviceSingleton, HttpBehavior behavior, HttpBinding binding, HttpRequestMessage request, Action`1 onGetActualResponse) in F:\advisorsrepo\wcfhttp\Http\Test\Microsoft.ApplicationServer.Common.MSTestUtilities\Microsoft\ApplicationServer\Common\Test\HttpServiceHostAssert.cs:line 78
   at Microsoft.ApplicationServer.Common.Test.HttpServiceHostAssert.Execute(Object serviceSingleton, HttpRequestMessage request, Action`1 onGetActualResponse) in F:\advisorsrepo\wcfhttp\Http\Test\Microsoft.ApplicationServer.Common.MSTestUtilities\Microsoft\ApplicationServer\Common\Test\HttpServiceHostAssert.cs:line 60
   at Microsoft.ApplicationServer.Http.CIT.Scenario.ObjectContentScenarioTests.PostPocoXml() in F:\advisorsrepo\wcfhttp\Http\Test\Microsoft.ApplicationServer.Http\Scenario\TestCases\ObjectContentScenarioTests.cs:line 128
</StackTrace>
        </ErrorInfo>
      </Output>
    </UnitTestResult>
    <UnitTestResult executionId="db872204-cfc6-4e11-9e97-afd10a737080" testId="3f8063f6-35e9-784a-8174-2328fa1b9f0a" testName="PostPocoXmlDataContract" computerName="GBLOCK-3-17" duration="00:00:00.0317207" startTime="2011-04-14T01:02:03.4349404-07:00" endTime="2011-04-14T01:02:03.4679437-07:00" testType="13cdc9d9-ddb5-4fa4-a97d-d965ccfc6d4b" outcome="Passed" testListId="8c84fa94-04c1-424b-9868-57a2d4851a1d" relativeResultsDirectory="db872204-cfc6-4e11-9e97-afd10a737080">
    </UnitTestResult>
    <UnitTestResult executionId="c8a8a6d2-da0d-4ad8-a2d7-b2821e556caf" testId="a6a9b3ff-9056-f078-7bed-e1e3afe4ed43" testName="OkAfterRedirectServiceTest1" computerName="GBLOCK-3-17" duration="00:00:00.0186800" startTime="2011-04-14T01:02:03.4719441-07:00" endTime="2011-04-14T01:02:03.4939463-07:00" testType="13cdc9d9-ddb5-4fa4-a97d-d965ccfc6d4b" outcome="Passed" testListId="8c84fa94-04c1-424b-9868-57a2d4851a1d" relativeResultsDirectory="c8a8a6d2-da0d-4ad8-a2d7-b2821e556caf">
    </UnitTestResult>
    <UnitTestResult executionId="35132ef7-85ec-48ed-9719-225532ef1ca2" testId="5388d0dc-ee23-a502-5c12-1d3cf8c5249d" testName="OkAfterRedirectServiceTest2" computerName="GBLOCK-3-17" duration="00:00:00.0097151" startTime="2011-04-14T01:02:03.4969466-07:00" endTime="2011-04-14T01:02:03.5089478-07:00" testType="13cdc9d9-ddb5-4fa4-a97d-d965ccfc6d4b" outcome="Passed" testListId="8c84fa94-04c1-424b-9868-57a2d4851a1d" relativeResultsDirectory="35132ef7-85ec-48ed-9719-225532ef1ca2">
    </UnitTestResult>
    <UnitTestResult executionId="3361fb46-4496-427e-a2ed-4dc2797efd03" testId="973b7633-fe1e-72c9-efce-5776b172b9ce" testName="OkAfterRedirectServiceTest3" computerName="GBLOCK-3-17" duration="00:00:00.0127392" startTime="2011-04-14T01:02:03.5109480-07:00" endTime="2011-04-14T01:02:03.5249494-07:00" testType="13cdc9d9-ddb5-4fa4-a97d-d965ccfc6d4b" outcome="Passed" testListId="8c84fa94-04c1-424b-9868-57a2d4851a1d" relativeResultsDirectory="3361fb46-4496-427e-a2ed-4dc2797efd03">
    </UnitTestResult>
    <UnitTestResult executionId="ca5b62b7-58a6-4aaf-8d45-8ae20353ae9e" testId="806d34dd-1ec1-814e-265b-2fe6da8b31ef" testName="OkAfterRedirectServiceTest4" computerName="GBLOCK-3-17" duration="00:00:00.0115455" startTime="2011-04-14T01:02:03.5269496-07:00" endTime="2011-04-14T01:02:03.5409510-07:00" testType="13cdc9d9-ddb5-4fa4-a97d-d965ccfc6d4b" outcome="Passed" testListId="8c84fa94-04c1-424b-9868-57a2d4851a1d" relativeResultsDirectory="ca5b62b7-58a6-4aaf-8d45-8ae20353ae9e">
    </UnitTestResult>
    <UnitTestResult executionId="2d44aafe-666d-449a-a509-8a3d01364b32" testId="3cfb6f0e-e61b-9afe-7589-b0743c75afc8" testName="OkServiceTest1" computerName="GBLOCK-3-17" duration="00:00:00.0084448" startTime="2011-04-14T01:02:03.5429512-07:00" endTime="2011-04-14T01:02:03.5529522-07:00" testType="13cdc9d9-ddb5-4fa4-a97d-d965ccfc6d4b" outcome="Passed" testListId="8c84fa94-04c1-424b-9868-57a2d4851a1d" relativeResultsDirectory="2d44aafe-666d-449a-a509-8a3d01364b32">
    </UnitTestResult>
    <UnitTestResult executionId="a987404a-f0c6-42c4-8338-1fab8ed745ea" testId="6ecb8c1c-4570-db41-4bce-3984a917c541" testName="OkServiceTest2" computerName="GBLOCK-3-17" duration="00:00:00.0067719" startTime="2011-04-14T01:02:03.5549524-07:00" endTime="2011-04-14T01:02:03.5629532-07:00" testType="13cdc9d9-ddb5-4fa4-a97d-d965ccfc6d4b" outcome="Passed" testListId="8c84fa94-04c1-424b-9868-57a2d4851a1d" relativeResultsDirectory="a987404a-f0c6-42c4-8338-1fab8ed745ea">
    </UnitTestResult>
    <UnitTestResult executionId="b691ba82-ec99-499b-830b-d2d7b683b6c5" testId="ac68ad38-c572-08ee-6372-2cdb47e75bab" testName="OkServiceTest3" computerName="GBLOCK-3-17" duration="00:00:00.0069281" startTime="2011-04-14T01:02:03.5649534-07:00" endTime="2011-04-14T01:02:03.5729542-07:00" testType="13cdc9d9-ddb5-4fa4-a97d-d965ccfc6d4b" outcome="Passed" testListId="8c84fa94-04c1-424b-9868-57a2d4851a1d" relativeResultsDirectory="b691ba82-ec99-499b-830b-d2d7b683b6c5">
    </UnitTestResult>
    <UnitTestResult executionId="245a0dd4-7aba-4eb0-877b-bc62940f379e" testId="6effb0fd-f0ec-57de-2cec-99c4affc5bee" testName="OkServiceTest4" computerName="GBLOCK-3-17" duration="00:00:00.0094276" startTime="2011-04-14T01:02:03.5749544-07:00" endTime="2011-04-14T01:02:03.5869556-07:00" testType="13cdc9d9-ddb5-4fa4-a97d-d965ccfc6d4b" outcome="Passed" testListId="8c84fa94-04c1-424b-9868-57a2d4851a1d" relativeResultsDirectory="245a0dd4-7aba-4eb0-877b-bc62940f379e">
    </UnitTestResult>
    <UnitTestResult executionId="1b29d88a-1653-4576-bf28-a2f107bca2c7" testId="8b2a78aa-1060-fb98-0b73-17bfd3ccc983" testName="OkServiceTest5" computerName="GBLOCK-3-17" duration="00:00:00.0085495" startTime="2011-04-14T01:02:03.5889558-07:00" endTime="2011-04-14T01:02:03.5989568-07:00" testType="13cdc9d9-ddb5-4fa4-a97d-d965ccfc6d4b" outcome="Passed" testListId="8c84fa94-04c1-424b-9868-57a2d4851a1d" relativeResultsDirectory="1b29d88a-1653-4576-bf28-a2f107bca2c7">
    </UnitTestResult>
    <UnitTestResult executionId="b26c30d4-9821-4c62-b498-b3922cd828f4" testId="4c96e581-3c1e-1bd8-7042-aeef7583999d" testName="OkServiceTest6" computerName="GBLOCK-3-17" duration="00:00:00.0106301" startTime="2011-04-14T01:02:03.6019571-07:00" endTime="2011-04-14T01:02:03.6239593-07:00" testType="13cdc9d9-ddb5-4fa4-a97d-d965ccfc6d4b" outcome="Passed" testListId="8c84fa94-04c1-424b-9868-57a2d4851a1d" relativeResultsDirectory="b26c30d4-9821-4c62-b498-b3922cd828f4">
    </UnitTestResult>
    <UnitTestResult executionId="200b8aa2-b345-417c-9b76-9395793bf28f" testId="bf4a2889-2fec-0c91-4d92-4c1a6f78c440" testName="OkServiceTest7" computerName="GBLOCK-3-17" duration="00:00:00.0171792" startTime="2011-04-14T01:02:03.6349604-07:00" endTime="2011-04-14T01:02:03.6779647-07:00" testType="13cdc9d9-ddb5-4fa4-a97d-d965ccfc6d4b" outcome="Passed" testListId="8c84fa94-04c1-424b-9868-57a2d4851a1d" relativeResultsDirectory="200b8aa2-b345-417c-9b76-9395793bf28f">
    </UnitTestResult>
    <UnitTestResult executionId="820665b9-3fb3-408f-9017-287679401598" testId="ac5f41d7-b823-b752-a3d0-1c8e798c701d" testName="OneWayServiceTest1" computerName="GBLOCK-3-17" duration="00:00:00.0101655" startTime="2011-04-14T01:02:03.6899659-07:00" endTime="2011-04-14T01:02:03.7119681-07:00" testType="13cdc9d9-ddb5-4fa4-a97d-d965ccfc6d4b" outcome="Passed" testListId="8c84fa94-04c1-424b-9868-57a2d4851a1d" relativeResultsDirectory="820665b9-3fb3-408f-9017-287679401598">
    </UnitTestResult>
    <UnitTestResult executionId="d6906e17-f633-4216-bad9-c5e798af87c6" testId="5cbe73f6-1128-b64a-49fe-0545e7460772" testName="OneWayServiceTest2" computerName="GBLOCK-3-17" duration="00:00:00.0067153" startTime="2011-04-14T01:02:03.7159685-07:00" endTime="2011-04-14T01:02:03.7239693-07:00" testType="13cdc9d9-ddb5-4fa4-a97d-d965ccfc6d4b" outcome="Passed" testListId="8c84fa94-04c1-424b-9868-57a2d4851a1d" relativeResultsDirectory="d6906e17-f633-4216-bad9-c5e798af87c6">
    </UnitTestResult>
    <UnitTestResult executionId="c2b22b63-ddec-4b2c-a1cb-78bced0d9b71" testId="ba4be374-db37-a4dd-c2e3-d6def5c45822" testName="OneWayServiceTest3" computerName="GBLOCK-3-17" duration="00:00:00.0060890" startTime="2011-04-14T01:02:03.7259695-07:00" endTime="2011-04-14T01:02:03.7339703-07:00" testType="13cdc9d9-ddb5-4fa4-a97d-d965ccfc6d4b" outcome="Passed" testListId="8c84fa94-04c1-424b-9868-57a2d4851a1d" relativeResultsDirectory="c2b22b63-ddec-4b2c-a1cb-78bced0d9b71">
    </UnitTestResult>
    <UnitTestResult executionId="8dceaa07-5fd7-4b39-83df-f299494ffa2c" testId="63058356-bb8a-08e3-3c32-31261efb7ed9" testName="OneWayServiceTest4" computerName="GBLOCK-3-17" duration="00:00:00.0063199" startTime="2011-04-14T01:02:03.7359705-07:00" endTime="2011-04-14T01:02:03.7439713-07:00" testType="13cdc9d9-ddb5-4fa4-a97d-d965ccfc6d4b" outcome="Passed" testListId="8c84fa94-04c1-424b-9868-57a2d4851a1d" relativeResultsDirectory="8dceaa07-5fd7-4b39-83df-f299494ffa2c">
    </UnitTestResult>
    <UnitTestResult executionId="a6227291-7fd6-4c73-97a4-fd7788c7ef07" testId="b6daeaca-e436-feb4-2499-8d9085d03a28" testName="OneWayServiceTest5" computerName="GBLOCK-3-17" duration="00:00:00.0061375" startTime="2011-04-14T01:02:03.7459715-07:00" endTime="2011-04-14T01:02:03.7539723-07:00" testType="13cdc9d9-ddb5-4fa4-a97d-d965ccfc6d4b" outcome="Passed" testListId="8c84fa94-04c1-424b-9868-57a2d4851a1d" relativeResultsDirectory="a6227291-7fd6-4c73-97a4-fd7788c7ef07">
    </UnitTestResult>
    <UnitTestResult executionId="1c0ee88e-5d6f-4412-a0f4-0aee25569f93" testId="e0847afd-150a-4f95-5bb7-4f881764ef2f" testName="OneWayServiceTest6" computerName="GBLOCK-3-17" duration="00:00:00.0072684" startTime="2011-04-14T01:02:03.7579727-07:00" endTime="2011-04-14T01:02:03.7669736-07:00" testType="13cdc9d9-ddb5-4fa4-a97d-d965ccfc6d4b" outcome="Passed" testListId="8c84fa94-04c1-424b-9868-57a2d4851a1d" relativeResultsDirectory="1c0ee88e-5d6f-4412-a0f4-0aee25569f93">
    </UnitTestResult>
    <UnitTestResult executionId="63b7dcf9-144c-41f0-b345-debfe1bc92d2" testId="d2802df6-7a30-dd5c-4c74-faf509449e97" testName="OneWayServiceTest7" computerName="GBLOCK-3-17" duration="00:00:00.0060382" startTime="2011-04-14T01:02:03.7699739-07:00" endTime="2011-04-14T01:02:03.7779747-07:00" testType="13cdc9d9-ddb5-4fa4-a97d-d965ccfc6d4b" outcome="Passed" testListId="8c84fa94-04c1-424b-9868-57a2d4851a1d" relativeResultsDirectory="63b7dcf9-144c-41f0-b345-debfe1bc92d2">
    </UnitTestResult>
    <UnitTestResult executionId="a30ef559-3e95-4d35-aca0-d616eba9600b" testId="fd15e591-2aa8-1d22-3624-503ca84e7584" testName="OneWayServiceTest8" computerName="GBLOCK-3-17" duration="00:00:00.0073624" startTime="2011-04-14T01:02:03.7799749-07:00" endTime="2011-04-14T01:02:03.7889758-07:00" testType="13cdc9d9-ddb5-4fa4-a97d-d965ccfc6d4b" outcome="Passed" testListId="8c84fa94-04c1-424b-9868-57a2d4851a1d" relativeResultsDirectory="a30ef559-3e95-4d35-aca0-d616eba9600b">
    </UnitTestResult>
    <UnitTestResult executionId="ddffa7e9-a580-4001-ba9c-37d6b343fb94" testId="2df06ce5-f3a8-7ad7-e161-1e1234a7dd47" testName="PersistenceTest1" computerName="GBLOCK-3-17" duration="00:00:00.0082635" startTime="2011-04-14T01:02:03.7909760-07:00" endTime="2011-04-14T01:02:03.8009770-07:00" testType="13cdc9d9-ddb5-4fa4-a97d-d965ccfc6d4b" outcome="Passed" testListId="8c84fa94-04c1-424b-9868-57a2d4851a1d" relativeResultsDirectory="ddffa7e9-a580-4001-ba9c-37d6b343fb94">
    </UnitTestResult>
    <UnitTestResult executionId="6647b665-b554-4f78-9995-35dca966d001" testId="d10823c9-82b5-410a-6811-33cd639c176f" testName="PersistenceTest2" computerName="GBLOCK-3-17" duration="00:00:00.0085314" startTime="2011-04-14T01:02:03.8029772-07:00" endTime="2011-04-14T01:02:03.8129782-07:00" testType="13cdc9d9-ddb5-4fa4-a97d-d965ccfc6d4b" outcome="Passed" testListId="8c84fa94-04c1-424b-9868-57a2d4851a1d" relativeResultsDirectory="6647b665-b554-4f78-9995-35dca966d001">
    </UnitTestResult>
    <UnitTestResult executionId="73c52bd8-76ae-49e7-a5ff-b5d6b51754ca" testId="9283fe3c-be3b-dbe7-7504-5d51c6895e05" testName="PersistenceTest3" computerName="GBLOCK-3-17" duration="00:00:00.0081361" startTime="2011-04-14T01:02:03.8159785-07:00" endTime="2011-04-14T01:02:03.8259795-07:00" testType="13cdc9d9-ddb5-4fa4-a97d-d965ccfc6d4b" outcome="Passed" testListId="8c84fa94-04c1-424b-9868-57a2d4851a1d" relativeResultsDirectory="73c52bd8-76ae-49e7-a5ff-b5d6b51754ca">
    </UnitTestResult>
    <UnitTestResult executionId="ef639807-40c0-4ade-b823-a0e05ac5b7ff" testId="58c7152c-4273-2e63-4434-403472e01ce7" testName="PersistenceTest4" computerName="GBLOCK-3-17" duration="00:00:00.0112688" startTime="2011-04-14T01:02:03.8309800-07:00" endTime="2011-04-14T01:02:03.8529822-07:00" testType="13cdc9d9-ddb5-4fa4-a97d-d965ccfc6d4b" outcome="Passed" testListId="8c84fa94-04c1-424b-9868-57a2d4851a1d" relativeResultsDirectory="ef639807-40c0-4ade-b823-a0e05ac5b7ff">
    </UnitTestResult>
    <UnitTestResult executionId="31f5e072-8e24-4f19-a379-22ed99f89da2" testId="1c3b0db4-7158-f1e8-f169-27bb5f3e237b" testName="RedirectServiceTest1" computerName="GBLOCK-3-17" duration="00:00:00.0151428" startTime="2011-04-14T01:02:03.8649834-07:00" endTime="2011-04-14T01:02:03.8909860-07:00" testType="13cdc9d9-ddb5-4fa4-a97d-d965ccfc6d4b" outcome="Passed" testListId="8c84fa94-04c1-424b-9868-57a2d4851a1d" relativeResultsDirectory="31f5e072-8e24-4f19-a379-22ed99f89da2">
    </UnitTestResult>
    <UnitTestResult executionId="26546c62-3491-4564-96cc-c9ecd572d7b0" testId="8fd6c54f-8d75-a3e1-0cae-206dfaee898d" testName="RedirectServiceTest2" computerName="GBLOCK-3-17" duration="00:00:00.0142216" startTime="2011-04-14T01:02:03.8969866-07:00" endTime="2011-04-14T01:02:03.9209890-07:00" testType="13cdc9d9-ddb5-4fa4-a97d-d965ccfc6d4b" outcome="Passed" testListId="8c84fa94-04c1-424b-9868-57a2d4851a1d" relativeResultsDirectory="26546c62-3491-4564-96cc-c9ecd572d7b0">
    </UnitTestResult>
    <UnitTestResult executionId="de799133-c1e7-4672-bc36-dc1396ad59cb" testId="34235b64-6272-024c-bcd7-5b2be741b133" testName="RedirectServiceTest3" computerName="GBLOCK-3-17" duration="00:00:00.0073878" startTime="2011-04-14T01:02:03.9239893-07:00" endTime="2011-04-14T01:02:03.9319901-07:00" testType="13cdc9d9-ddb5-4fa4-a97d-d965ccfc6d4b" outcome="Passed" testListId="8c84fa94-04c1-424b-9868-57a2d4851a1d" relativeResultsDirectory="de799133-c1e7-4672-bc36-dc1396ad59cb">
    </UnitTestResult>
    <UnitTestResult executionId="ef5eae76-fa02-48c9-b2ab-13e0c3f7f62f" testId="ba6331ee-0d35-e41d-20b4-6fedf3bdda9e" testName="RedirectServiceTest4" computerName="GBLOCK-3-17" duration="00:00:00.0078851" startTime="2011-04-14T01:02:03.9369906-07:00" endTime="2011-04-14T01:02:03.9469916-07:00" testType="13cdc9d9-ddb5-4fa4-a97d-d965ccfc6d4b" outcome="Passed" testListId="8c84fa94-04c1-424b-9868-57a2d4851a1d" relativeResultsDirectory="ef5eae76-fa02-48c9-b2ab-13e0c3f7f62f">
    </UnitTestResult>
    <UnitTestResult executionId="72e2d3ca-d9c1-4f70-8eeb-c5682d05a37a" testId="4794a9fa-cca8-ca13-105e-24cf8fe32ab5" testName="RequestFailureHandlerTest1" computerName="GBLOCK-3-17" duration="00:00:00.0081657" startTime="2011-04-14T01:02:03.9489918-07:00" endTime="2011-04-14T01:02:03.9599929-07:00" testType="13cdc9d9-ddb5-4fa4-a97d-d965ccfc6d4b" outcome="Passed" testListId="8c84fa94-04c1-424b-9868-57a2d4851a1d" relativeResultsDirectory="72e2d3ca-d9c1-4f70-8eeb-c5682d05a37a">
    </UnitTestResult>
    <UnitTestResult executionId="f99cbecd-5bcc-4fe4-b775-95bfde2907f0" testId="353393d7-727e-522c-6aff-c241eee65daf" testName="RequestFailureHandlerTest10" computerName="GBLOCK-3-17" duration="00:00:00.0094241" startTime="2011-04-14T01:02:03.9629932-07:00" endTime="2011-04-14T01:02:03.9729942-07:00" testType="13cdc9d9-ddb5-4fa4-a97d-d965ccfc6d4b" outcome="Passed" testListId="8c84fa94-04c1-424b-9868-57a2d4851a1d" relativeResultsDirectory="f99cbecd-5bcc-4fe4-b775-95bfde2907f0">
    </UnitTestResult>
    <UnitTestResult executionId="79b026d6-a1fd-4104-86bd-97c84464b67c" testId="d31e0230-96ca-cecc-9673-d2af89af4ccf" testName="RequestFailureHandlerTest11" computerName="GBLOCK-3-17" duration="00:00:00.0068431" startTime="2011-04-14T01:02:03.9759945-07:00" endTime="2011-04-14T01:02:03.9859955-07:00" testType="13cdc9d9-ddb5-4fa4-a97d-d965ccfc6d4b" outcome="Passed" testListId="8c84fa94-04c1-424b-9868-57a2d4851a1d" relativeResultsDirectory="79b026d6-a1fd-4104-86bd-97c84464b67c">
    </UnitTestResult>
    <UnitTestResult executionId="72a8ae1b-c4d1-46a7-8bec-706bee648d21" testId="a2fb9b5d-26d6-f3a9-84f6-746d421bb859" testName="RequestFailureHandlerTest12" computerName="GBLOCK-3-17" duration="00:00:00.0065012" startTime="2011-04-14T01:02:03.9879957-07:00" endTime="2011-04-14T01:02:03.9969966-07:00" testType="13cdc9d9-ddb5-4fa4-a97d-d965ccfc6d4b" outcome="Passed" testListId="8c84fa94-04c1-424b-9868-57a2d4851a1d" relativeResultsDirectory="72a8ae1b-c4d1-46a7-8bec-706bee648d21">
    </UnitTestResult>
    <UnitTestResult executionId="eb049d1e-2a1e-4dc9-9072-570b2703edd9" testId="de2e4591-79f0-1deb-5ba1-47d29aac8031" testName="RequestFailureHandlerTest13" computerName="GBLOCK-3-17" duration="00:00:00.0068315" startTime="2011-04-14T01:02:03.9989968-07:00" endTime="2011-04-14T01:02:04.0069976-07:00" testType="13cdc9d9-ddb5-4fa4-a97d-d965ccfc6d4b" outcome="Passed" testListId="8c84fa94-04c1-424b-9868-57a2d4851a1d" relativeResultsDirectory="eb049d1e-2a1e-4dc9-9072-570b2703edd9">
    </UnitTestResult>
    <UnitTestResult executionId="42398d47-891f-4d55-8545-d95739610c91" testId="8acf70f4-42a8-5b3a-0ee5-b32ca7afe0c0" testName="RequestFailureHandlerTest14" computerName="GBLOCK-3-17" duration="00:00:00.0078997" startTime="2011-04-14T01:02:04.0089978-07:00" endTime="2011-04-14T01:02:04.0179987-07:00" testType="13cdc9d9-ddb5-4fa4-a97d-d965ccfc6d4b" outcome="Passed" testListId="8c84fa94-04c1-424b-9868-57a2d4851a1d" relativeResultsDirectory="42398d47-891f-4d55-8545-d95739610c91">
    </UnitTestResult>
    <UnitTestResult executionId="e7493670-dbe6-431e-836b-d35ad03dbcbe" testId="75efd511-cd23-a9fe-60ad-edbb68610573" testName="RequestFailureHandlerTest15" computerName="GBLOCK-3-17" duration="00:00:00.0071533" startTime="2011-04-14T01:02:04.0199989-07:00" endTime="2011-04-14T01:02:04.0299999-07:00" testType="13cdc9d9-ddb5-4fa4-a97d-d965ccfc6d4b" outcome="Passed" testListId="8c84fa94-04c1-424b-9868-57a2d4851a1d" relativeResultsDirectory="e7493670-dbe6-431e-836b-d35ad03dbcbe">
    </UnitTestResult>
    <UnitTestResult executionId="7311da3d-a2e7-4243-b914-35489a63073d" testId="eaad52bd-22fc-f126-feae-23ee7db28541" testName="RequestFailureHandlerTest16" computerName="GBLOCK-3-17" duration="00:00:00.0083035" startTime="2011-04-14T01:02:04.0320001-07:00" endTime="2011-04-14T01:02:04.0420011-07:00" testType="13cdc9d9-ddb5-4fa4-a97d-d965ccfc6d4b" outcome="Passed" testListId="8c84fa94-04c1-424b-9868-57a2d4851a1d" relativeResultsDirectory="7311da3d-a2e7-4243-b914-35489a63073d">
    </UnitTestResult>
    <UnitTestResult executionId="7d4131d4-f0ad-4e02-82c6-d07f08a7709b" testId="845b9517-5f19-a4d0-555b-e8ae3759a502" testName="RequestFailureHandlerTest2" computerName="GBLOCK-3-17" duration="00:00:00.0079001" startTime="2011-04-14T01:02:04.0540023-07:00" endTime="2011-04-14T01:02:04.0660035-07:00" testType="13cdc9d9-ddb5-4fa4-a97d-d965ccfc6d4b" outcome="Passed" testListId="8c84fa94-04c1-424b-9868-57a2d4851a1d" relativeResultsDirectory="7d4131d4-f0ad-4e02-82c6-d07f08a7709b">
    </UnitTestResult>
    <UnitTestResult executionId="e7f2556f-2b8d-42f5-8ab6-837df3bcd8ab" testId="253be663-bfd2-0886-a059-1cc4b1f9c118" testName="RequestFailureHandlerTest3" computerName="GBLOCK-3-17" duration="00:00:00.0084425" startTime="2011-04-14T01:02:04.0800049-07:00" endTime="2011-04-14T01:02:04.0940063-07:00" testType="13cdc9d9-ddb5-4fa4-a97d-d965ccfc6d4b" outcome="Passed" testListId="8c84fa94-04c1-424b-9868-57a2d4851a1d" relativeResultsDirectory="e7f2556f-2b8d-42f5-8ab6-837df3bcd8ab">
    </UnitTestResult>
    <UnitTestResult executionId="b83e1647-b7b1-44d5-a276-2e440bdc614a" testId="f92f2431-d9b7-d874-8998-6315c571aff2" testName="RequestFailureHandlerTest4" computerName="GBLOCK-3-17" duration="00:00:00.0129136" startTime="2011-04-14T01:02:04.0960065-07:00" endTime="2011-04-14T01:02:04.1140083-07:00" testType="13cdc9d9-ddb5-4fa4-a97d-d965ccfc6d4b" outcome="Passed" testListId="8c84fa94-04c1-424b-9868-57a2d4851a1d" relativeResultsDirectory="b83e1647-b7b1-44d5-a276-2e440bdc614a">
    </UnitTestResult>
    <UnitTestResult executionId="212ad549-baae-46e7-a314-44157f09697b" testId="07ba8a7e-5146-66aa-d2a6-9f97da79fc4a" testName="RequestFailureHandlerTest5" computerName="GBLOCK-3-17" duration="00:00:00.0164824" startTime="2011-04-14T01:02:04.1170086-07:00" endTime="2011-04-14T01:02:04.1450114-07:00" testType="13cdc9d9-ddb5-4fa4-a97d-d965ccfc6d4b" outcome="Passed" testListId="8c84fa94-04c1-424b-9868-57a2d4851a1d" relativeResultsDirectory="212ad549-baae-46e7-a314-44157f09697b">
    </UnitTestResult>
    <UnitTestResult executionId="12dbe0f4-0b7b-4fab-8620-26f83433f2b9" testId="7cd6f6d1-a843-bd0f-abb5-35876a104d48" testName="RequestFailureHandlerTest6" computerName="GBLOCK-3-17" duration="00:00:00.0075506" startTime="2011-04-14T01:02:04.1580127-07:00" endTime="2011-04-14T01:02:04.1680137-07:00" testType="13cdc9d9-ddb5-4fa4-a97d-d965ccfc6d4b" outcome="Passed" testListId="8c84fa94-04c1-424b-9868-57a2d4851a1d" relativeResultsDirectory="12dbe0f4-0b7b-4fab-8620-26f83433f2b9">
    </UnitTestResult>
    <UnitTestResult executionId="21f1ba83-33bc-4037-97f1-663964cb8b8a" testId="f272c276-709e-c376-c381-0170dcb2316a" testName="RequestFailureHandlerTest7" computerName="GBLOCK-3-17" duration="00:00:00.0072430" startTime="2011-04-14T01:02:04.1720141-07:00" endTime="2011-04-14T01:02:04.1800149-07:00" testType="13cdc9d9-ddb5-4fa4-a97d-d965ccfc6d4b" outcome="Passed" testListId="8c84fa94-04c1-424b-9868-57a2d4851a1d" relativeResultsDirectory="21f1ba83-33bc-4037-97f1-663964cb8b8a">
    </UnitTestResult>
    <UnitTestResult executionId="5ecc74f9-8e50-4e60-96ef-0ac698923782" testId="e72b702d-3c3b-c917-d7af-3386f34457e6" testName="RequestFailureHandlerTest8" computerName="GBLOCK-3-17" duration="00:00:00.0071864" startTime="2011-04-14T01:02:04.1830152-07:00" endTime="2011-04-14T01:02:04.1920161-07:00" testType="13cdc9d9-ddb5-4fa4-a97d-d965ccfc6d4b" outcome="Passed" testListId="8c84fa94-04c1-424b-9868-57a2d4851a1d" relativeResultsDirectory="5ecc74f9-8e50-4e60-96ef-0ac698923782">
    </UnitTestResult>
    <UnitTestResult executionId="4869cafa-0973-4d8c-8b9f-c67aae4f51ed" testId="30a04436-234e-ceee-29ff-935dcff17890" testName="RequestFailureHandlerTest9" computerName="GBLOCK-3-17" duration="00:00:00.0070271" startTime="2011-04-14T01:02:04.1950164-07:00" endTime="2011-04-14T01:02:04.2060175-07:00" testType="13cdc9d9-ddb5-4fa4-a97d-d965ccfc6d4b" outcome="Passed" testListId="8c84fa94-04c1-424b-9868-57a2d4851a1d" relativeResultsDirectory="4869cafa-0973-4d8c-8b9f-c67aae4f51ed">
    </UnitTestResult>
    <UnitTestResult executionId="f9cb0cd4-9bba-4cb0-af15-66f8365e7ba9" testId="1459ec45-198c-fbc8-8bcd-7425f0cb2224" testName="ResponseFailureHandlerTest1" computerName="GBLOCK-3-17" duration="00:00:00.0226103" startTime="2011-04-14T01:02:04.2210190-07:00" endTime="2011-04-14T01:02:04.2520221-07:00" testType="13cdc9d9-ddb5-4fa4-a97d-d965ccfc6d4b" outcome="Passed" testListId="8c84fa94-04c1-424b-9868-57a2d4851a1d" relativeResultsDirectory="f9cb0cd4-9bba-4cb0-af15-66f8365e7ba9">
    </UnitTestResult>
    <UnitTestResult executionId="61ca9e50-5440-4b0e-90f8-7242fac79f06" testId="a6bb3691-d36a-8665-b99c-c448be712b68" testName="ResponseFailureHandlerTest2" computerName="GBLOCK-3-17" duration="00:00:00.0101948" startTime="2011-04-14T01:02:04.3520321-07:00" endTime="2011-04-14T01:02:04.3660335-07:00" testType="13cdc9d9-ddb5-4fa4-a97d-d965ccfc6d4b" outcome="Passed" testListId="8c84fa94-04c1-424b-9868-57a2d4851a1d" relativeResultsDirectory="61ca9e50-5440-4b0e-90f8-7242fac79f06">
    </UnitTestResult>
    <UnitTestResult executionId="235e45e7-d613-4497-a27d-cd168955145a" testId="221b606c-efad-4ac1-d67b-9bf5f2cf7cdc" testName="ResponseFailureHandlerTest3" computerName="GBLOCK-3-17" duration="00:00:00.0122715" startTime="2011-04-14T01:02:04.3770346-07:00" endTime="2011-04-14T01:02:04.4000369-07:00" testType="13cdc9d9-ddb5-4fa4-a97d-d965ccfc6d4b" outcome="Passed" testListId="8c84fa94-04c1-424b-9868-57a2d4851a1d" relativeResultsDirectory="235e45e7-d613-4497-a27d-cd168955145a">
    </UnitTestResult>
    <UnitTestResult executionId="83d413fe-a751-487c-8429-159382b83c70" testId="6e6b4421-0e8c-e3b6-64b6-74b12beb35d8" testName="ResponseFailureHandlerTest4" computerName="GBLOCK-3-17" duration="00:00:00.0129232" startTime="2011-04-14T01:02:04.4030372-07:00" endTime="2011-04-14T01:02:04.4260395-07:00" testType="13cdc9d9-ddb5-4fa4-a97d-d965ccfc6d4b" outcome="Passed" testListId="8c84fa94-04c1-424b-9868-57a2d4851a1d" relativeResultsDirectory="83d413fe-a751-487c-8429-159382b83c70">
    </UnitTestResult>
    <UnitTestResult executionId="c7f1b5a2-8d0a-498a-9573-b50058bf3271" testId="00745456-1145-5e60-461f-30399860a1d7" testName="ResponseFailureHandlerTest5" computerName="GBLOCK-3-17" duration="00:00:00.0131808" startTime="2011-04-14T01:02:04.4280397-07:00" endTime="2011-04-14T01:02:04.4430412-07:00" testType="13cdc9d9-ddb5-4fa4-a97d-d965ccfc6d4b" outcome="Passed" testListId="8c84fa94-04c1-424b-9868-57a2d4851a1d" relativeResultsDirectory="c7f1b5a2-8d0a-498a-9573-b50058bf3271">
    </UnitTestResult>
    <UnitTestResult executionId="893bce52-a643-4e80-ba9d-8dedfb8b25ff" testId="9cadce48-91d2-0589-1538-8017522a5842" testName="ResponseFailureHandlerTest6" computerName="GBLOCK-3-17" duration="00:00:00.0078813" startTime="2011-04-14T01:02:04.4460415-07:00" endTime="2011-04-14T01:02:04.4550424-07:00" testType="13cdc9d9-ddb5-4fa4-a97d-d965ccfc6d4b" outcome="Passed" testListId="8c84fa94-04c1-424b-9868-57a2d4851a1d" relativeResultsDirectory="893bce52-a643-4e80-ba9d-8dedfb8b25ff">
    </UnitTestResult>
    <UnitTestResult executionId="7625ad69-c0fe-4881-b1f3-7b1c4ef7c12d" testId="aa29ef63-4577-7df1-0db1-922aa15e9dc2" testName="ResponseFailureHandlerTest7" computerName="GBLOCK-3-17" duration="00:00:00.0075737" startTime="2011-04-14T01:02:04.4570426-07:00" endTime="2011-04-14T01:02:04.4650434-07:00" testType="13cdc9d9-ddb5-4fa4-a97d-d965ccfc6d4b" outcome="Passed" testListId="8c84fa94-04c1-424b-9868-57a2d4851a1d" relativeResultsDirectory="7625ad69-c0fe-4881-b1f3-7b1c4ef7c12d">
    </UnitTestResult>
    <UnitTestResult executionId="13321963-ba09-4116-8a57-1a239e31e466" testId="0a84608f-9c18-f167-736d-316e2fdbfe12" testName="ResponseFailureHandlerTest8" computerName="GBLOCK-3-17" duration="00:00:00.0099761" startTime="2011-04-14T01:02:04.4670436-07:00" endTime="2011-04-14T01:02:04.4800449-07:00" testType="13cdc9d9-ddb5-4fa4-a97d-d965ccfc6d4b" outcome="Passed" testListId="8c84fa94-04c1-424b-9868-57a2d4851a1d" relativeResultsDirectory="13321963-ba09-4116-8a57-1a239e31e466">
    </UnitTestResult>
    <UnitTestResult executionId="cfba3e97-2433-4efc-95e9-cc924f5bf62e" testId="9a07635f-fae1-d0b6-97b2-e1675a5498b7" testName="Create_Customer_That_Already_Exists" computerName="GBLOCK-3-17" duration="00:00:00.0264617" startTime="2011-04-14T01:02:04.4820451-07:00" endTime="2011-04-14T01:02:04.5110480-07:00" testType="13cdc9d9-ddb5-4fa4-a97d-d965ccfc6d4b" outcome="Passed" testListId="8c84fa94-04c1-424b-9868-57a2d4851a1d" relativeResultsDirectory="cfba3e97-2433-4efc-95e9-cc924f5bf62e">
    </UnitTestResult>
    <UnitTestResult executionId="002d218a-1adb-4beb-867f-8cd2a1d7fa73" testId="9a87ef54-f3c2-edf0-fb49-a94c5b95711c" testName="Create_New_Customer" computerName="GBLOCK-3-17" duration="00:00:00.0117161" startTime="2011-04-14T01:02:04.5140483-07:00" endTime="2011-04-14T01:02:04.5330502-07:00" testType="13cdc9d9-ddb5-4fa4-a97d-d965ccfc6d4b" outcome="Passed" testListId="8c84fa94-04c1-424b-9868-57a2d4851a1d" relativeResultsDirectory="002d218a-1adb-4beb-867f-8cd2a1d7fa73">
    </UnitTestResult>
    <UnitTestResult executionId="677139d3-0381-4b33-893d-d999514d286d" testId="1a290505-d063-c1b2-1688-69a6fe7418ad" testName="Delete_Existing_Customer" computerName="GBLOCK-3-17" duration="00:00:00.0076649" startTime="2011-04-14T01:02:04.5460515-07:00" endTime="2011-04-14T01:02:04.5620531-07:00" testType="13cdc9d9-ddb5-4fa4-a97d-d965ccfc6d4b" outcome="Passed" testListId="8c84fa94-04c1-424b-9868-57a2d4851a1d" relativeResultsDirectory="677139d3-0381-4b33-893d-d999514d286d">
    </UnitTestResult>
    <UnitTestResult executionId="a6dbed6c-fab7-49b5-a695-49dc6c78215c" testId="8bdea291-107b-50cb-f053-eac6565b593f" testName="Delete_Non_Existing_Customer" computerName="GBLOCK-3-17" duration="00:00:00.0074151" startTime="2011-04-14T01:02:04.5740543-07:00" endTime="2011-04-14T01:02:04.5990568-07:00" testType="13cdc9d9-ddb5-4fa4-a97d-d965ccfc6d4b" outcome="Passed" testListId="8c84fa94-04c1-424b-9868-57a2d4851a1d" relativeResultsDirectory="a6dbed6c-fab7-49b5-a695-49dc6c78215c">
    </UnitTestResult>
    <UnitTestResult executionId="1bb6fc25-5056-458c-be8f-485ec53efb99" testId="8f7db601-bb81-584c-a9d8-671dcf4ae868" testName="Get_All_Existing_Customer" computerName="GBLOCK-3-17" duration="00:00:00.0096539" startTime="2011-04-14T01:02:04.6110580-07:00" endTime="2011-04-14T01:02:04.6220591-07:00" testType="13cdc9d9-ddb5-4fa4-a97d-d965ccfc6d4b" outcome="Passed" testListId="8c84fa94-04c1-424b-9868-57a2d4851a1d" relativeResultsDirectory="1bb6fc25-5056-458c-be8f-485ec53efb99">
    </UnitTestResult>
    <UnitTestResult executionId="7e1ce797-a209-4b0f-a05f-602c8ac7dbc9" testId="ae1a9443-8988-bd36-83f9-4a059f861ac4" testName="Get_Existing_Customer" computerName="GBLOCK-3-17" duration="00:00:00.0058769" startTime="2011-04-14T01:02:04.6240593-07:00" endTime="2011-04-14T01:02:04.6310600-07:00" testType="13cdc9d9-ddb5-4fa4-a97d-d965ccfc6d4b" outcome="Passed" testListId="8c84fa94-04c1-424b-9868-57a2d4851a1d" relativeResultsDirectory="7e1ce797-a209-4b0f-a05f-602c8ac7dbc9">
    </UnitTestResult>
    <UnitTestResult executionId="f3f8ba21-3c5f-45bd-90d4-82a4e712238d" testId="4a655999-b148-94c5-e9d2-f5f4dce8e46f" testName="Get_Non_Existing_Customer" computerName="GBLOCK-3-17" duration="00:00:00.0053903" startTime="2011-04-14T01:02:04.6340603-07:00" endTime="2011-04-14T01:02:04.6410610-07:00" testType="13cdc9d9-ddb5-4fa4-a97d-d965ccfc6d4b" outcome="Passed" testListId="8c84fa94-04c1-424b-9868-57a2d4851a1d" relativeResultsDirectory="f3f8ba21-3c5f-45bd-90d4-82a4e712238d">
    </UnitTestResult>
    <UnitTestResult executionId="f87bcc81-e71b-485c-b00a-d19ae68ea105" testId="bb4827b4-80fe-b4d4-6d34-f8e968cebd37" testName="Get_With_Custom_Header_For_Customer_Names_Only" computerName="GBLOCK-3-17" duration="00:00:00.0052798" startTime="2011-04-14T01:02:04.6430612-07:00" endTime="2011-04-14T01:02:04.6490618-07:00" testType="13cdc9d9-ddb5-4fa4-a97d-d965ccfc6d4b" outcome="Passed" testListId="8c84fa94-04c1-424b-9868-57a2d4851a1d" relativeResultsDirectory="f87bcc81-e71b-485c-b00a-d19ae68ea105">
    </UnitTestResult>
    <UnitTestResult executionId="ac41a253-df2a-49b8-88c7-52a325f8a32a" testId="793dfc8a-9b3e-4bf5-47cd-c7a759f2cfb1" testName="Get_With_Non_Integer_Id" computerName="GBLOCK-3-17" duration="00:00:00.0071375" startTime="2011-04-14T01:02:04.6510620-07:00" endTime="2011-04-14T01:02:04.6600629-07:00" testType="13cdc9d9-ddb5-4fa4-a97d-d965ccfc6d4b" outcome="Passed" testListId="8c84fa94-04c1-424b-9868-57a2d4851a1d" relativeResultsDirectory="ac41a253-df2a-49b8-88c7-52a325f8a32a">
    </UnitTestResult>
    <UnitTestResult executionId="5e6605ce-faec-4e2e-82e3-ee4f765b2d70" testId="92d18f0e-f506-5440-57f6-2c7fb0ef32b4" testName="Send_Request_With_Unknown_Method" computerName="GBLOCK-3-17" duration="00:00:00.0051486" startTime="2011-04-14T01:02:04.6630632-07:00" endTime="2011-04-14T01:02:04.6700639-07:00" testType="13cdc9d9-ddb5-4fa4-a97d-d965ccfc6d4b" outcome="Passed" testListId="8c84fa94-04c1-424b-9868-57a2d4851a1d" relativeResultsDirectory="5e6605ce-faec-4e2e-82e3-ee4f765b2d70">
    </UnitTestResult>
    <UnitTestResult executionId="0e90022e-19d2-463a-ad5c-3399f49c2e3b" testId="0001a7c7-0d29-97ea-95df-87978b97237e" testName="Send_Request_With_Unknown_Uri" computerName="GBLOCK-3-17" duration="00:00:00.0048980" startTime="2011-04-14T01:02:04.6720641-07:00" endTime="2011-04-14T01:02:04.6790648-07:00" testType="13cdc9d9-ddb5-4fa4-a97d-d965ccfc6d4b" outcome="Passed" testListId="8c84fa94-04c1-424b-9868-57a2d4851a1d" relativeResultsDirectory="0e90022e-19d2-463a-ad5c-3399f49c2e3b">
    </UnitTestResult>
    <UnitTestResult executionId="b326e19c-a55d-4c77-9aed-35d5ae8fd543" testId="57220689-5fe7-e731-f740-76c47358b9e9" testName="Update_Existing_Customer" computerName="GBLOCK-3-17" duration="00:00:00.0058903" startTime="2011-04-14T01:02:04.6810650-07:00" endTime="2011-04-14T01:02:04.6880657-07:00" testType="13cdc9d9-ddb5-4fa4-a97d-d965ccfc6d4b" outcome="Passed" testListId="8c84fa94-04c1-424b-9868-57a2d4851a1d" relativeResultsDirectory="b326e19c-a55d-4c77-9aed-35d5ae8fd543">
    </UnitTestResult>
    <UnitTestResult executionId="f8172ef1-f75e-4965-9109-7908431c686a" testId="9af72250-d05c-59dd-600a-f78391ca5294" testName="Update_Non_Existing_Customer" computerName="GBLOCK-3-17" duration="00:00:00.0058699" startTime="2011-04-14T01:02:04.6900659-07:00" endTime="2011-04-14T01:02:04.6980667-07:00" testType="13cdc9d9-ddb5-4fa4-a97d-d965ccfc6d4b" outcome="Passed" testListId="8c84fa94-04c1-424b-9868-57a2d4851a1d" relativeResultsDirectory="f8172ef1-f75e-4965-9109-7908431c686a">
    </UnitTestResult>
    <UnitTestResult executionId="d11fa9bc-9c61-4f21-bf43-a2e9e3c8da34" testId="b0be3c3b-fcbf-17c3-4e08-26978cc83c42" testName="ShortCircuitHandlerTest1" computerName="GBLOCK-3-17" duration="00:00:00.0092790" startTime="2011-04-14T01:02:04.7000669-07:00" endTime="2011-04-14T01:02:04.7110680-07:00" testType="13cdc9d9-ddb5-4fa4-a97d-d965ccfc6d4b" outcome="Passed" testListId="8c84fa94-04c1-424b-9868-57a2d4851a1d" relativeResultsDirectory="d11fa9bc-9c61-4f21-bf43-a2e9e3c8da34">
    </UnitTestResult>
    <UnitTestResult executionId="5820bd87-7f14-4f2c-ad0d-80f7cad42fd8" testId="53e2e804-10fd-82ec-60fc-fb32efb60189" testName="ShortCircuitHandlerTest2" computerName="GBLOCK-3-17" duration="00:00:00.0058622" startTime="2011-04-14T01:02:04.7140683-07:00" endTime="2011-04-14T01:02:04.7210690-07:00" testType="13cdc9d9-ddb5-4fa4-a97d-d965ccfc6d4b" outcome="Passed" testListId="8c84fa94-04c1-424b-9868-57a2d4851a1d" relativeResultsDirectory="5820bd87-7f14-4f2c-ad0d-80f7cad42fd8">
    </UnitTestResult>
    <UnitTestResult executionId="5bd007e3-2c5e-40d3-bd17-98086c827a54" testId="5004cfd2-76d9-01a4-0af8-33992e1e608c" testName="ShortCircuitHandlerTest3" computerName="GBLOCK-3-17" duration="00:00:00.0055774" startTime="2011-04-14T01:02:04.7230692-07:00" endTime="2011-04-14T01:02:04.7300699-07:00" testType="13cdc9d9-ddb5-4fa4-a97d-d965ccfc6d4b" outcome="Passed" testListId="8c84fa94-04c1-424b-9868-57a2d4851a1d" relativeResultsDirectory="5bd007e3-2c5e-40d3-bd17-98086c827a54">
    </UnitTestResult>
    <UnitTestResult executionId="c1040d83-b5e8-4b4b-8919-276b35d9a63f" testId="ae52cac1-f095-4d8a-ddd3-3d3312da71cd" testName="ShortCircuitHandlerTest4" computerName="GBLOCK-3-17" duration="00:00:00.0057344" startTime="2011-04-14T01:02:04.7320701-07:00" endTime="2011-04-14T01:02:04.7390708-07:00" testType="13cdc9d9-ddb5-4fa4-a97d-d965ccfc6d4b" outcome="Passed" testListId="8c84fa94-04c1-424b-9868-57a2d4851a1d" relativeResultsDirectory="c1040d83-b5e8-4b4b-8919-276b35d9a63f">
    </UnitTestResult>
    <UnitTestResult executionId="dd0293e3-6e25-4e22-943d-90520c3bd075" testId="c37dfadd-c011-302c-0ace-dc9bd568b689" testName="ShortCircuitHandlerTest5" computerName="GBLOCK-3-17" duration="00:00:00.0127004" startTime="2011-04-14T01:02:04.7530722-07:00" endTime="2011-04-14T01:02:04.7680737-07:00" testType="13cdc9d9-ddb5-4fa4-a97d-d965ccfc6d4b" outcome="Passed" testListId="8c84fa94-04c1-424b-9868-57a2d4851a1d" relativeResultsDirectory="dd0293e3-6e25-4e22-943d-90520c3bd075">
    </UnitTestResult>
    <UnitTestResult executionId="099fd084-437a-4396-87aa-ec47a877b27c" testId="74bdc9c3-7462-4355-2680-3dca2efa6bbd" testName="ShortCircuitHandlerTest6" computerName="GBLOCK-3-17" duration="00:00:00.0074347" startTime="2011-04-14T01:02:04.7790748-07:00" endTime="2011-04-14T01:02:04.7910760-07:00" testType="13cdc9d9-ddb5-4fa4-a97d-d965ccfc6d4b" outcome="Passed" testListId="8c84fa94-04c1-424b-9868-57a2d4851a1d" relativeResultsDirectory="099fd084-437a-4396-87aa-ec47a877b27c">
    </UnitTestResult>
    <UnitTestResult executionId="717ecae1-6cd2-4a17-ba58-3542cbb69468" testId="9f473589-538d-9b07-3323-5155ba9a9575" testName="ShortCircuitHandlerTest7" computerName="GBLOCK-3-17" duration="00:00:00.0101101" startTime="2011-04-14T01:02:04.8020771-07:00" endTime="2011-04-14T01:02:04.8160785-07:00" testType="13cdc9d9-ddb5-4fa4-a97d-d965ccfc6d4b" outcome="Passed" testListId="8c84fa94-04c1-424b-9868-57a2d4851a1d" relativeResultsDirectory="717ecae1-6cd2-4a17-ba58-3542cbb69468">
    </UnitTestResult>
    <UnitTestResult executionId="e63ef29f-fbe8-4cfc-bd2c-9a3b22c139a7" testId="6a7ac1f1-0cb4-c623-f854-c01a527b76f0" testName="ShortCircuitHandlerTest8" computerName="GBLOCK-3-17" duration="00:00:00.0077993" startTime="2011-04-14T01:02:04.8290798-07:00" endTime="2011-04-14T01:02:04.8400809-07:00" testType="13cdc9d9-ddb5-4fa4-a97d-d965ccfc6d4b" outcome="Passed" testListId="8c84fa94-04c1-424b-9868-57a2d4851a1d" relativeResultsDirectory="e63ef29f-fbe8-4cfc-bd2c-9a3b22c139a7">
    </UnitTestResult>
    <UnitTestResult executionId="10ff0c15-315b-4eae-a864-248f0a8f7b06" testId="8a435ead-546e-d2f3-55b8-b44a7f1dbdde" testName="TimedoutServiceTest1" computerName="GBLOCK-3-17" duration="00:00:06.1097897" startTime="2011-04-14T01:02:04.8430812-07:00" endTime="2011-04-14T01:02:10.9556924-07:00" testType="13cdc9d9-ddb5-4fa4-a97d-d965ccfc6d4b" outcome="Passed" testListId="8c84fa94-04c1-424b-9868-57a2d4851a1d" relativeResultsDirectory="10ff0c15-315b-4eae-a864-248f0a8f7b06">
    </UnitTestResult>
    <UnitTestResult executionId="db6a2977-9d72-4ac0-b309-7be140f464f8" testId="57ea77c6-3002-36a7-98dd-0bd4c28d39fe" testName="TimedoutServiceTest2" computerName="GBLOCK-3-17" duration="00:00:06.0471153" startTime="2011-04-14T01:02:10.9576926-07:00" endTime="2011-04-14T01:02:17.0062974-07:00" testType="13cdc9d9-ddb5-4fa4-a97d-d965ccfc6d4b" outcome="Passed" testListId="8c84fa94-04c1-424b-9868-57a2d4851a1d" relativeResultsDirectory="db6a2977-9d72-4ac0-b309-7be140f464f8">
    </UnitTestResult>
    <UnitTestResult executionId="a00b5a74-fedd-4429-97f1-25397adbb6b8" testId="7560958f-2529-1e77-bb85-30dcc22f6748" testName="TimedoutServiceTest3" computerName="GBLOCK-3-17" duration="00:00:06.0539408" startTime="2011-04-14T01:02:17.0192987-07:00" endTime="2011-04-14T01:02:23.0739041-07:00" testType="13cdc9d9-ddb5-4fa4-a97d-d965ccfc6d4b" outcome="Passed" testListId="8c84fa94-04c1-424b-9868-57a2d4851a1d" relativeResultsDirectory="a00b5a74-fedd-4429-97f1-25397adbb6b8">
    </UnitTestResult>
    <UnitTestResult executionId="0b790e7f-505e-473f-88b2-77268d5f0d04" testId="0e593327-a1c9-a001-c528-1be3fbc4411c" testName="TimedoutServiceTest4" computerName="GBLOCK-3-17" duration="00:00:06.0498188" startTime="2011-04-14T01:02:23.0759043-07:00" endTime="2011-04-14T01:02:29.1275094-07:00" testType="13cdc9d9-ddb5-4fa4-a97d-d965ccfc6d4b" outcome="Passed" testListId="8c84fa94-04c1-424b-9868-57a2d4851a1d" relativeResultsDirectory="0b790e7f-505e-473f-88b2-77268d5f0d04">
    </UnitTestResult>
  </Results>
</TestRun>